Processing program.
spec contains 2 APs (['goal', 'setsignal'])
simplified !((inc && dec) | (!inc & dec & ((signal - 1) >= 0) & ((signal - 1) <= 3)) | (inc & !dec & ((signal + 1) >= 0) & ((signal + 1) <= 3))) (len 133) to ((!(dec | (((((signal + 1) <= 3) & (((!(0 <= signal) | ((0 <= signal) & !(signal <= 3))) & !(0 <= (signal + 1))) | (0 <= (signal + 1)))) | (!((signal + 1) <= 3) & (!(0 <= signal) | ((0 <= signal) & !(signal <= 3))))) & !dec)) & inc) | (!(((!(0 <= signal) | ((0 <= signal) & !(signal <= 3))) & !dec) | (((((signal - 1) <= 3) & ((1 <= signal) | ((!(0 <= signal) | ((0 <= signal) & !(signal <= 3))) & !(1 <= signal)))) | ((!(0 <= signal) | ((0 <= signal) & !(signal <= 3))) & !((signal - 1) <= 3))) & dec)) & !inc)) (len 512)
((!(dec | (((((signal + 1) <= 3) & (((!(0 <= signal) | ((0 <= signal) & !(signal <= 3))) & !(0 <= (signal + 1))) | (0 <= (signal + 1)))) | (!((signal + 1) <= 3) & (!(0 <= signal) | ((0 <= signal) & !(signal <= 3))))) & !dec)) & inc) | (!(((!(0 <= signal) | ((0 <= signal) & !(signal <= 3))) & !dec) | (((((signal - 1) <= 3) & ((1 <= signal) | ((!(0 <= signal) | ((0 <= signal) & !(signal <= 3))) & !(1 <= signal)))) | ((!(0 <= signal) | ((0 <= signal) & !(signal <= 3))) & !((signal - 1) <= 3))) & dec)) & !inc))
Starting abstract synthesis loop.
adding  to predicate abstraction
constructing LTL abstraction
ltl abstraction took: 0.0014052391052246094
running LTL synthesis
massaging abstract counterstrategy
checking for compatibility of counterstrategy with program
trying fairness refinement
trying safety refinement
adding (signal <= 0) to predicate abstraction
constructing LTL abstraction
ltl abstraction took: 0.0011267662048339844
running LTL synthesis
massaging abstract counterstrategy
checking for compatibility of counterstrategy with program
trying fairness refinement
trying safety refinement
adding (at_floor <= target), (at_floor >= 1), (signal >= at_floor), (at_floor <= 1), (signal <= at_floor), (at_floor >= target) to predicate abstraction
constructing LTL abstraction
ltl abstraction took: 0.0015716552734375
running LTL synthesis
massaging abstract counterstrategy
checking for compatibility of counterstrategy with program
trying fairness refinement
trying safety refinement
adding (signal >= 2), (signal <= 2), (target <= 2), (target >= 2) to predicate abstraction
constructing LTL abstraction
ltl abstraction took: 0.0013921260833740234
running LTL synthesis
massaging abstract counterstrategy
checking for compatibility of counterstrategy with program
trying fairness refinement
Structural Refinement: 
entry_cond:TRUE
exit_cond:!(!(at_floor <= 1) & !(signal >= at_floor) & !(at_floor <= target))
loop:(at_floor := (at_floor - 1))
adding (signal = signal_prev), (at_floor = (at_floor_prev - 1)), (at_floor = at_floor_prev), (target = target_prev) to predicate abstraction
constructing LTL abstraction
ltl abstraction took: 0.0015730857849121094
running LTL synthesis
Realizable.
REALIZABLE
HOA: v1
tool: "strix" "21.0.0"
States: 1
Start: 0
AP: 23 "pred__target_GTEQ_2_" "pred__signal_EQ_signalprev_" "in_loop0_0" "pred__atfloor_EQ__atfloorprev_MINUS_1__" "pred__atfloor_LTEQ_target_" "setsignal" "pred__signal_GTEQ_atfloor_" "pred__target_LTEQ_2_" "pred__signal_GTEQ_2_" "pred__atfloor_GTEQ_1_" "pred__atfloor_GTEQ_target_" "move" "pred__signal_LTEQ_2_" "pred__signal_LTEQ_0_" "pred__signal_LTEQ_atfloor_" "pred__target_EQ_targetprev_" "pred__atfloor_LTEQ_1_" "pred__atfloor_EQ_atfloorprev_" "goal" "dec" "inc" "cdec" "cinc"
controllable-AP: 21 22
acc-name: all
Acceptance: 0 t
--BODY--
State: 0 "[0]"
[(!(0 | (1 | (2 | (3 | (4 | ((6 | ((8 | (((11 | ((((15 | ((17 | (18 | 20)) | !16)) | !14) | !13) | !12)) | !10) | !9)) | !7)) | !5))))))) & (t)] 0
[(!(0 | (1 | (2 | (3 | (4 | ((6 | ((8 | (((11 | ((((15 | ((17 | (18 | (19 | !20))) | !16)) | !14) | !13) | !12)) | !10) | !9)) | !7)) | !5))))))) & (t)] 0
[(!(0 | (1 | (2 | (3 | (4 | ((6 | ((8 | (((11 | ((((15 | ((17 | (18 | !(19 & 20))) | !16)) | !14) | !13) | !12)) | !10) | !9)) | !7)) | !5))))))) & (t)] 0
[(!(0 | ((2 | (3 | (4 | ((6 | ((8 | (((11 | (((((((18 | 20) | !17) | !16) | !15) | !14) | !13) | !12)) | !10) | !9)) | !7)) | !5)))) | !1))) & (t)] 0
[(!(0 | ((2 | (3 | (4 | ((6 | ((8 | (((11 | (((((((18 | (19 | !20)) | !17) | !16) | !15) | !14) | !13) | !12)) | !10) | !9)) | !7)) | !5)))) | !1))) & (t)] 0
[(!(0 | ((2 | (3 | (4 | ((6 | ((8 | (((11 | (((((((18 | !(19 & 20)) | !17) | !16) | !15) | !14) | !13) | !12)) | !10) | !9)) | !7)) | !5)))) | !1))) & (t)] 0
[(!(0 | (1 | (2 | (3 | (4 | ((((8 | (((11 | ((13 | (((((18 | (19 | 20)) | !17) | !16) | !15) | !14)) | !12)) | !10) | !9)) | !7) | !6) | !5))))))) & (t)] 0
[(!(0 | (1 | (2 | (3 | (4 | ((((8 | (((11 | ((13 | (((((18 | (19 | !20)) | !17) | !16) | !15) | !14)) | !12)) | !10) | !9)) | !7) | !6) | !5))))))) & (t)] 0
[(!(0 | (1 | (2 | (3 | (4 | ((((8 | (((11 | ((13 | (((((18 | (20 | !19)) | !17) | !16) | !15) | !14)) | !12)) | !10) | !9)) | !7) | !6) | !5))))))) & (t)] 0
[(!(0 | (1 | (2 | (3 | (4 | ((((8 | (((11 | ((13 | (((((18 | !(19 & 20)) | !17) | !16) | !15) | !14)) | !12)) | !10) | !9)) | !7) | !6) | !5))))))) & (t)] 0
[(!(0 | ((2 | (3 | (4 | (5 | (6 | ((8 | (((11 | !(12 & (13 & (14 & (15 & (16 & (17 & 18))))))) | !10) | !9)) | !7)))))) | !1))) & (t)] 0
[(!(0 | (1 | (2 | (3 | (4 | ((6 | ((8 | (((11 | ((13 | (((((18 | (19 | 20)) | !17) | !16) | !15) | !14)) | !12)) | !10) | !9)) | !7)) | !5))))))) & (t)] 0
[(!(0 | (1 | (2 | (3 | (4 | ((6 | ((8 | (((11 | ((13 | (((((18 | (19 | !20)) | !17) | !16) | !15) | !14)) | !12)) | !10) | !9)) | !7)) | !5))))))) & (t)] 0
[(!(0 | (1 | (2 | (3 | (4 | ((6 | ((8 | (((11 | ((13 | (((((18 | !(19 & 20)) | !17) | !16) | !15) | !14)) | !12)) | !10) | !9)) | !7)) | !5))))))) & (t)] 0
[(!(0 | ((2 | (3 | (4 | ((((8 | (((11 | ((13 | (((((18 | (19 | 20)) | !17) | !16) | !15) | !14)) | !12)) | !10) | !9)) | !7) | !6) | !5)))) | !1))) & (t)] 0
[(!(0 | ((2 | (3 | (4 | ((((8 | (((11 | ((13 | (((((18 | (19 | !20)) | !17) | !16) | !15) | !14)) | !12)) | !10) | !9)) | !7) | !6) | !5)))) | !1))) & (t)] 0
[(!(0 | ((2 | (3 | (4 | ((((8 | (((11 | ((13 | (((((18 | (20 | !19)) | !17) | !16) | !15) | !14)) | !12)) | !10) | !9)) | !7) | !6) | !5)))) | !1))) & (t)] 0
[(!(0 | ((2 | (3 | (4 | ((((8 | (((11 | ((13 | (((((18 | !(19 & 20)) | !17) | !16) | !15) | !14)) | !12)) | !10) | !9)) | !7) | !6) | !5)))) | !1))) & (t)] 0
[(!(0 | (1 | (2 | (3 | (4 | (((((((11 | ((13 | (14 | ((((18 | (19 | 20)) | !17) | !16) | !15))) | !12)) | !10) | !9) | !8) | !7) | !6) | !5))))))) & (t)] 0
[(!(0 | (1 | (2 | (3 | (4 | (((((((11 | ((13 | (14 | ((((18 | (19 | !20)) | !17) | !16) | !15))) | !12)) | !10) | !9) | !8) | !7) | !6) | !5))))))) & (t)] 0
[(!(0 | (1 | (2 | (3 | (4 | (((((((11 | ((13 | (14 | ((((18 | (20 | !19)) | !17) | !16) | !15))) | !12)) | !10) | !9) | !8) | !7) | !6) | !5))))))) & (t)] 0
[(!(0 | (1 | (2 | (3 | (4 | (((((((11 | ((13 | (14 | ((((18 | !(19 & 20)) | !17) | !16) | !15))) | !12)) | !10) | !9) | !8) | !7) | !6) | !5))))))) & (t)] 0
[(!(0 | (1 | (2 | (3 | (4 | ((6 | ((8 | (((11 | (((((((18 | 20) | !17) | !16) | !15) | !14) | !13) | !12)) | !10) | !9)) | !7)) | !5))))))) & (t)] 0
[(!(0 | (1 | (2 | (3 | (4 | ((6 | ((8 | (((11 | (((((((18 | (19 | !20)) | !17) | !16) | !15) | !14) | !13) | !12)) | !10) | !9)) | !7)) | !5))))))) & (t)] 0
[(!(0 | (1 | (2 | (3 | (4 | ((6 | ((8 | (((11 | (((((((18 | !(19 & 20)) | !17) | !16) | !15) | !14) | !13) | !12)) | !10) | !9)) | !7)) | !5))))))) & (t)] 0
[(!(0 | ((2 | (3 | (4 | (5 | (((8 | (((11 | ((13 | !(14 & (15 & (16 & (17 & 18))))) | !12)) | !10) | !9)) | !7) | !6))))) | !1))) & (t)] 0
[(!(0 | ((2 | (3 | (4 | ((6 | ((8 | (((11 | ((13 | (((((18 | (19 | 20)) | !17) | !16) | !15) | !14)) | !12)) | !10) | !9)) | !7)) | !5)))) | !1))) & (t)] 0
[(!(0 | ((2 | (3 | (4 | ((6 | ((8 | (((11 | ((13 | (((((18 | (19 | !20)) | !17) | !16) | !15) | !14)) | !12)) | !10) | !9)) | !7)) | !5)))) | !1))) & (t)] 0
[(!(0 | ((2 | (3 | (4 | ((6 | ((8 | (((11 | ((13 | (((((18 | (20 | !19)) | !17) | !16) | !15) | !14)) | !12)) | !10) | !9)) | !7)) | !5)))) | !1))) & (t)] 0
[(!(0 | ((2 | (3 | (4 | ((6 | ((8 | (((11 | ((13 | (((((18 | !(19 & 20)) | !17) | !16) | !15) | !14)) | !12)) | !10) | !9)) | !7)) | !5)))) | !1))) & (t)] 0
[(!(0 | (1 | (2 | (3 | (4 | ((6 | (((((11 | ((13 | (((((18 | (19 | 20)) | !17) | !16) | !15) | !14)) | !12)) | !10) | !9) | !8) | !7)) | !5))))))) & (t)] 0
[(!(0 | (1 | (2 | (3 | (4 | ((6 | (((((11 | ((13 | (((((18 | (19 | !20)) | !17) | !16) | !15) | !14)) | !12)) | !10) | !9) | !8) | !7)) | !5))))))) & (t)] 0
[(!(0 | (1 | (2 | (3 | (4 | ((6 | (((((11 | ((13 | (((((18 | !(19 & 20)) | !17) | !16) | !15) | !14)) | !12)) | !10) | !9) | !8) | !7)) | !5))))))) & (t)] 0
[(!(0 | (1 | (2 | (3 | (4 | (((((((11 | ((13 | (((((18 | (19 | 20)) | !17) | !16) | !15) | !14)) | !12)) | !10) | !9) | !8) | !7) | !6) | !5))))))) & (t)] 0
[(!(0 | (1 | (2 | (3 | (4 | (((((((11 | ((13 | (((((18 | (19 | !20)) | !17) | !16) | !15) | !14)) | !12)) | !10) | !9) | !8) | !7) | !6) | !5))))))) & (t)] 0
[(!(0 | (1 | (2 | (3 | (4 | (((((((11 | ((13 | (((((18 | !(19 & 20)) | !17) | !16) | !15) | !14)) | !12)) | !10) | !9) | !8) | !7) | !6) | !5))))))) & (t)] 0
[(!(0 | ((2 | (3 | (4 | (5 | (6 | ((8 | (((11 | ((13 | !(14 & (15 & (16 & (17 & 18))))) | !12)) | !10) | !9)) | !7)))))) | !1))) & (t)] 0
[(!(0 | ((2 | (3 | (4 | (((((((11 | ((13 | (14 | ((((18 | (19 | 20)) | !17) | !16) | !15))) | !12)) | !10) | !9) | !8) | !7) | !6) | !5)))) | !1))) & (t)] 0
[(!(0 | ((2 | (3 | (4 | (((((((11 | ((13 | (14 | ((((18 | (19 | !20)) | !17) | !16) | !15))) | !12)) | !10) | !9) | !8) | !7) | !6) | !5)))) | !1))) & (t)] 0
[(!(0 | ((2 | (3 | (4 | (((((((11 | ((13 | (14 | ((((18 | (20 | !19)) | !17) | !16) | !15))) | !12)) | !10) | !9) | !8) | !7) | !6) | !5)))) | !1))) & (t)] 0
[(!(0 | ((2 | (3 | (4 | (((((((11 | ((13 | (14 | ((((18 | !(19 & 20)) | !17) | !16) | !15))) | !12)) | !10) | !9) | !8) | !7) | !6) | !5)))) | !1))) & (t)] 0
[(!(0 | (1 | (2 | (3 | (4 | (((((((11 | (12 | (13 | (14 | ((((18 | 19) | !17) | !16) | !15))))) | !10) | !9) | !8) | !7) | !6) | !5))))))) & (t)] 0
[(!(0 | (1 | (2 | (3 | (4 | (((((((11 | (12 | (13 | (14 | ((((18 | (20 | !19)) | !17) | !16) | !15))))) | !10) | !9) | !8) | !7) | !6) | !5))))))) & (t)] 0
[(!(0 | (1 | (2 | (3 | (4 | (((((((11 | (12 | (13 | (14 | ((((18 | !(19 & 20)) | !17) | !16) | !15))))) | !10) | !9) | !8) | !7) | !6) | !5))))))) & (t)] 0
[(!(0 | (1 | (2 | (3 | (4 | ((((8 | (((11 | ((13 | (14 | ((((18 | (19 | 20)) | !17) | !16) | !15))) | !12)) | !10) | !9)) | !7) | !6) | !5))))))) & (t)] 0
[(!(0 | (1 | (2 | (3 | (4 | ((((8 | (((11 | ((13 | (14 | ((((18 | (20 | !19)) | !17) | !16) | !15))) | !12)) | !10) | !9)) | !7) | !6) | !5))))))) & (t)] 0
[(!(0 | ((2 | (3 | (4 | (5 | ((((((11 | ((13 | (14 | !(15 & (16 & (17 & 18))))) | !12)) | !10) | !9) | !8) | !7) | !6))))) | !1))) & (t)] 0
[(!(0 | ((2 | (3 | ((5 | (((8 | (((((13 | ((15 | ((18 | !17) | !16)) | !14)) | !12) | !11) | !10) | !9)) | !7) | !6)) | !4))) | !1))) & (t)] 0
[(!(0 | ((2 | (3 | (4 | ((6 | (((((11 | ((13 | (((((18 | (19 | 20)) | !17) | !16) | !15) | !14)) | !12)) | !10) | !9) | !8) | !7)) | !5)))) | !1))) & (t)] 0
[(!(0 | ((2 | (3 | (4 | ((6 | (((((11 | ((13 | (((((18 | (19 | !20)) | !17) | !16) | !15) | !14)) | !12)) | !10) | !9) | !8) | !7)) | !5)))) | !1))) & (t)] 0
[(!(0 | ((2 | (3 | (4 | ((6 | (((((11 | ((13 | (((((18 | (20 | !19)) | !17) | !16) | !15) | !14)) | !12)) | !10) | !9) | !8) | !7)) | !5)))) | !1))) & (t)] 0
[(!(0 | ((2 | (3 | (4 | ((6 | (((((11 | ((13 | (((((18 | !(19 & 20)) | !17) | !16) | !15) | !14)) | !12)) | !10) | !9) | !8) | !7)) | !5)))) | !1))) & (t)] 0
[(!(0 | (1 | (2 | (3 | (4 | (((((((11 | (12 | (13 | (((((18 | 19) | !17) | !16) | !15) | !14)))) | !10) | !9) | !8) | !7) | !6) | !5))))))) & (t)] 0
[(!(0 | (1 | (2 | (3 | (4 | (((((((11 | (12 | (13 | (((((18 | (20 | !19)) | !17) | !16) | !15) | !14)))) | !10) | !9) | !8) | !7) | !6) | !5))))))) & (t)] 0
[(!(0 | (1 | (2 | (3 | (4 | (((((((11 | (12 | (13 | (((((18 | !(19 & 20)) | !17) | !16) | !15) | !14)))) | !10) | !9) | !8) | !7) | !6) | !5))))))) & (t)] 0
[(!(0 | (1 | (2 | (3 | (4 | ((6 | ((8 | (((11 | ((13 | (((((18 | (20 | !19)) | !17) | !16) | !15) | !14)) | !12)) | !10) | !9)) | !7)) | !5))))))) & (t)] 0
[(!(0 | ((2 | (3 | (4 | (((((((11 | ((13 | (((((18 | (19 | 20)) | !17) | !16) | !15) | !14)) | !12)) | !10) | !9) | !8) | !7) | !6) | !5)))) | !1))) & (t)] 0
[(!(0 | ((2 | (3 | (4 | (((((((11 | ((13 | (((((18 | (19 | !20)) | !17) | !16) | !15) | !14)) | !12)) | !10) | !9) | !8) | !7) | !6) | !5)))) | !1))) & (t)] 0
[(!(0 | ((2 | (3 | (4 | (((((((11 | ((13 | (((((18 | (20 | !19)) | !17) | !16) | !15) | !14)) | !12)) | !10) | !9) | !8) | !7) | !6) | !5)))) | !1))) & (t)] 0
[(!(0 | ((2 | (3 | (4 | (((((((11 | ((13 | (((((18 | !(19 & 20)) | !17) | !16) | !15) | !14)) | !12)) | !10) | !9) | !8) | !7) | !6) | !5)))) | !1))) & (t)] 0
[(!(0 | ((2 | (3 | (4 | (5 | (6 | ((8 | (((((13 | (((18 | !17) | !16) | !14)) | !12) | !11) | !10) | !9)) | !7)))))) | !1))) & (!(22 | !21))] 0
[(!(0 | ((2 | (3 | (4 | (((((((11 | (12 | (13 | (14 | ((((18 | 19) | !17) | !16) | !15))))) | !10) | !9) | !8) | !7) | !6) | !5)))) | !1))) & (t)] 0
[(!(0 | ((2 | (3 | (4 | (((((((11 | (12 | (13 | (14 | ((((18 | (20 | !19)) | !17) | !16) | !15))))) | !10) | !9) | !8) | !7) | !6) | !5)))) | !1))) & (t)] 0
[(!(0 | ((2 | (3 | (4 | (((((((11 | (12 | (13 | (14 | ((((18 | !(19 & 20)) | !17) | !16) | !15))))) | !10) | !9) | !8) | !7) | !6) | !5)))) | !1))) & (t)] 0
[(!(0 | (1 | (2 | (3 | (4 | (((((((11 | ((13 | (((((18 | (20 | !19)) | !17) | !16) | !15) | !14)) | !12)) | !10) | !9) | !8) | !7) | !6) | !5))))))) & (t)] 0
[(!(0 | ((2 | (3 | (4 | (5 | ((((((11 | (12 | (13 | (14 | !(15 & (16 & (17 & 18))))))) | !10) | !9) | !8) | !7) | !6))))) | !1))) & (t)] 0
[(!(0 | ((2 | (3 | (4 | ((((8 | (((11 | ((13 | (14 | ((((18 | (19 | 20)) | !17) | !16) | !15))) | !12)) | !10) | !9)) | !7) | !6) | !5)))) | !1))) & (t)] 0
[(!(0 | ((2 | (3 | (4 | ((((8 | (((11 | ((13 | (14 | ((((18 | (19 | !20)) | !17) | !16) | !15))) | !12)) | !10) | !9)) | !7) | !6) | !5)))) | !1))) & (t)] 0
[(!(0 | ((2 | (3 | (4 | ((((8 | (((11 | ((13 | (14 | ((((18 | (20 | !19)) | !17) | !16) | !15))) | !12)) | !10) | !9)) | !7) | !6) | !5)))) | !1))) & (t)] 0
[(!(0 | (1 | (2 | (3 | (4 | ((((8 | (((11 | (((((((18 | 20) | !17) | !16) | !15) | !14) | !13) | !12)) | !10) | !9)) | !7) | !6) | !5))))))) & (t)] 0
[(!(0 | (1 | (2 | (3 | (4 | ((((8 | (((11 | (((((((18 | (19 | !20)) | !17) | !16) | !15) | !14) | !13) | !12)) | !10) | !9)) | !7) | !6) | !5))))))) & (t)] 0
[(!(0 | (1 | (2 | (3 | (4 | ((((8 | (((11 | (((((((18 | !(19 & 20)) | !17) | !16) | !15) | !14) | !13) | !12)) | !10) | !9)) | !7) | !6) | !5))))))) & (t)] 0
[(!(((2 | (3 | ((5 | (((((10 | (((13 | (14 | (15 | ((18 | !17) | !16)))) | !12) | !11)) | !9) | !8) | !7) | !6)) | !4))) | !1) | !0)) & (!(21 | !22))] 0
[(!(0 | ((2 | (3 | (((((8 | (((11 | ((13 | (((((18 | (19 | 20)) | !17) | !16) | !15) | !14)) | !12)) | !10) | !9)) | !7) | !6) | !5) | !4))) | !1))) & (t)] 0
[(!(0 | ((2 | (3 | (((((8 | (((11 | ((13 | (((((18 | (19 | !20)) | !17) | !16) | !15) | !14)) | !12)) | !10) | !9)) | !7) | !6) | !5) | !4))) | !1))) & (t)] 0
[(!(0 | ((2 | (3 | (((((8 | (((11 | ((13 | (((((18 | (20 | !19)) | !17) | !16) | !15) | !14)) | !12)) | !10) | !9)) | !7) | !6) | !5) | !4))) | !1))) & (t)] 0
[(!(0 | ((2 | (3 | (((((8 | (((11 | ((13 | (((((18 | !(19 & 20)) | !17) | !16) | !15) | !14)) | !12)) | !10) | !9)) | !7) | !6) | !5) | !4))) | !1))) & (t)] 0
[(!(0 | ((2 | (3 | (4 | (((((((11 | (12 | (13 | (((((18 | 19) | !17) | !16) | !15) | !14)))) | !10) | !9) | !8) | !7) | !6) | !5)))) | !1))) & (t)] 0
[(!(0 | ((2 | (3 | (4 | (((((((11 | (12 | (13 | (((((18 | (20 | !19)) | !17) | !16) | !15) | !14)))) | !10) | !9) | !8) | !7) | !6) | !5)))) | !1))) & (t)] 0
[(!(0 | ((2 | (3 | (4 | (((((((11 | (12 | (13 | (((((18 | !(19 & 20)) | !17) | !16) | !15) | !14)))) | !10) | !9) | !8) | !7) | !6) | !5)))) | !1))) & (t)] 0
[(!(0 | (1 | (2 | (3 | (4 | ((6 | (((((11 | ((13 | (((((18 | (20 | !19)) | !17) | !16) | !15) | !14)) | !12)) | !10) | !9) | !8) | !7)) | !5))))))) & (t)] 0
[(!(0 | ((2 | (((5 | (((8 | (9 | ((((13 | ((((17 | 18) | !16) | !15) | !14)) | !12) | !11) | !10))) | !7) | !6)) | !4) | !3)) | !1))) & (t)] 0
[(!(((2 | (3 | ((5 | ((7 | (((10 | ((12 | (13 | (14 | (15 | ((18 | !17) | !16))))) | !11)) | !9) | !8)) | !6)) | !4))) | !1) | !0)) & (!(21 | !22))] 0
[(!(0 | ((2 | (3 | (4 | ((((8 | (((11 | (((((((18 | 20) | !17) | !16) | !15) | !14) | !13) | !12)) | !10) | !9)) | !7) | !6) | !5)))) | !1))) & (t)] 0
[(!(0 | ((2 | (3 | (4 | ((((8 | (((11 | (((((((18 | (19 | !20)) | !17) | !16) | !15) | !14) | !13) | !12)) | !10) | !9)) | !7) | !6) | !5)))) | !1))) & (t)] 0
[(!(0 | ((2 | (3 | (4 | ((((8 | (((11 | (((((((18 | !(19 & 20)) | !17) | !16) | !15) | !14) | !13) | !12)) | !10) | !9)) | !7) | !6) | !5)))) | !1))) & (t)] 0
[(!(0 | (1 | (2 | (3 | (4 | ((((8 | (((11 | ((13 | (14 | ((((18 | (19 | !20)) | !17) | !16) | !15))) | !12)) | !10) | !9)) | !7) | !6) | !5))))))) & (t)] 0
[(!(0 | ((2 | (3 | (4 | (5 | (((8 | (((11 | !(12 & (13 & (14 & (15 & (16 & (17 & 18))))))) | !10) | !9)) | !7) | !6))))) | !1))) & (t)] 0
[(!(((2 | (3 | ((5 | ((((((((13 | (14 | ((16 | (17 | 18)) | !15))) | !12) | !11) | !10) | !9) | !8) | !7) | !6)) | !4))) | !1) | !0)) & (t)] 0
[(!(((2 | (3 | ((5 | ((((((((13 | (((16 | (17 | 18)) | !15) | !14)) | !12) | !11) | !10) | !9) | !8) | !7) | !6)) | !4))) | !1) | !0)) & (t)] 0
[(!(0 | (1 | (2 | (3 | ((((((((11 | ((13 | (14 | ((((18 | (19 | 20)) | !17) | !16) | !15))) | !12)) | !10) | !9) | !8) | !7) | !6) | !5) | !4)))))) & (t)] 0
[(!(0 | (1 | (2 | (3 | ((((((((11 | ((13 | (14 | ((((18 | (19 | !20)) | !17) | !16) | !15))) | !12)) | !10) | !9) | !8) | !7) | !6) | !5) | !4)))))) & (t)] 0
[(!(0 | (1 | (2 | (3 | ((((((((11 | ((13 | (14 | ((((18 | (20 | !19)) | !17) | !16) | !15))) | !12)) | !10) | !9) | !8) | !7) | !6) | !5) | !4)))))) & (t)] 0
[(!(0 | (1 | (2 | (3 | ((((((((11 | ((13 | (14 | ((((18 | !(19 & 20)) | !17) | !16) | !15))) | !12)) | !10) | !9) | !8) | !7) | !6) | !5) | !4)))))) & (t)] 0
[(!(0 | (1 | (2 | (3 | (((6 | ((8 | (((11 | (((((((18 | 20) | !17) | !16) | !15) | !14) | !13) | !12)) | !10) | !9)) | !7)) | !5) | !4)))))) & (t)] 0
[(!(0 | (1 | (2 | (3 | (((6 | ((8 | (((11 | (((((((18 | (19 | !20)) | !17) | !16) | !15) | !14) | !13) | !12)) | !10) | !9)) | !7)) | !5) | !4)))))) & (t)] 0
[(!(0 | (1 | (2 | (3 | (((6 | ((8 | (((11 | (((((((18 | !(19 & 20)) | !17) | !16) | !15) | !14) | !13) | !12)) | !10) | !9)) | !7)) | !5) | !4)))))) & (t)] 0
[(!(0 | ((2 | (3 | ((5 | (((8 | (((11 | ((13 | !(14 & (15 & (16 & (17 & 18))))) | !12)) | !10) | !9)) | !7) | !6)) | !4))) | !1))) & (t)] 0
[(!(0 | ((2 | (3 | (((((8 | (9 | ((11 | ((13 | (((((18 | (19 | 20)) | !17) | !16) | !15) | !14)) | !12)) | !10))) | !7) | !6) | !5) | !4))) | !1))) & (t)] 0
[(!(0 | ((2 | (3 | (((((8 | (9 | ((11 | ((13 | (((((18 | (19 | !20)) | !17) | !16) | !15) | !14)) | !12)) | !10))) | !7) | !6) | !5) | !4))) | !1))) & (t)] 0
[(!(0 | ((2 | (3 | (((((8 | (9 | ((11 | ((13 | (((((18 | (20 | !19)) | !17) | !16) | !15) | !14)) | !12)) | !10))) | !7) | !6) | !5) | !4))) | !1))) & (t)] 0
[(!(0 | ((2 | (3 | (((((8 | (9 | ((11 | ((13 | (((((18 | !(19 & 20)) | !17) | !16) | !15) | !14)) | !12)) | !10))) | !7) | !6) | !5) | !4))) | !1))) & (t)] 0
[(!(((2 | (3 | ((5 | ((7 | (((10 | ((12 | (13 | (14 | ((16 | (17 | 18)) | !15)))) | !11)) | !9) | !8)) | !6)) | !4))) | !1) | !0)) & (!(21 | !22))] 0
[(!(((2 | (3 | ((5 | ((7 | (((10 | ((12 | (13 | (((16 | (17 | 18)) | !15) | !14))) | !11)) | !9) | !8)) | !6)) | !4))) | !1) | !0)) & (!(21 | !22))] 0
[(!(((2 | (3 | ((((((((11 | ((13 | (14 | ((16 | ((18 | (19 | 20)) | !17)) | !15))) | !12)) | !10) | !9) | !8) | !7) | !6) | !5) | !4))) | !1) | !0)) & (t)] 0
[(!(((2 | (3 | ((((((((11 | ((13 | (14 | ((16 | ((18 | (19 | !20)) | !17)) | !15))) | !12)) | !10) | !9) | !8) | !7) | !6) | !5) | !4))) | !1) | !0)) & (t)] 0
[(!(((2 | (3 | ((((((((11 | ((13 | (14 | ((16 | ((18 | (20 | !19)) | !17)) | !15))) | !12)) | !10) | !9) | !8) | !7) | !6) | !5) | !4))) | !1) | !0)) & (t)] 0
[(!(((2 | (3 | ((((((((11 | ((13 | (((16 | ((18 | (19 | 20)) | !17)) | !15) | !14)) | !12)) | !10) | !9) | !8) | !7) | !6) | !5) | !4))) | !1) | !0)) & (t)] 0
[(!(((2 | (3 | ((((((((11 | ((13 | (((16 | ((18 | (19 | !20)) | !17)) | !15) | !14)) | !12)) | !10) | !9) | !8) | !7) | !6) | !5) | !4))) | !1) | !0)) & (t)] 0
[(!(((2 | (3 | ((((((((11 | ((13 | (((16 | ((18 | (20 | !19)) | !17)) | !15) | !14)) | !12)) | !10) | !9) | !8) | !7) | !6) | !5) | !4))) | !1) | !0)) & (t)] 0
[(!(((2 | (3 | ((((((((11 | ((13 | (((16 | ((18 | !(19 & 20)) | !17)) | !15) | !14)) | !12)) | !10) | !9) | !8) | !7) | !6) | !5) | !4))) | !1) | !0)) & (t)] 0
[(!(0 | ((2 | (3 | ((((((((11 | ((13 | (14 | ((((18 | (19 | 20)) | !17) | !16) | !15))) | !12)) | !10) | !9) | !8) | !7) | !6) | !5) | !4))) | !1))) & (t)] 0
[(!(0 | ((2 | (3 | ((((((((11 | ((13 | (14 | ((((18 | (19 | !20)) | !17) | !16) | !15))) | !12)) | !10) | !9) | !8) | !7) | !6) | !5) | !4))) | !1))) & (t)] 0
[(!(0 | ((2 | (3 | ((((((((11 | ((13 | (14 | ((((18 | (20 | !19)) | !17) | !16) | !15))) | !12)) | !10) | !9) | !8) | !7) | !6) | !5) | !4))) | !1))) & (t)] 0
[(!(0 | ((2 | (3 | ((((((((11 | ((13 | (14 | ((((18 | !(19 & 20)) | !17) | !16) | !15))) | !12)) | !10) | !9) | !8) | !7) | !6) | !5) | !4))) | !1))) & (t)] 0
[(!(0 | (1 | (2 | (3 | ((((((((11 | (12 | (13 | (14 | ((((18 | 19) | !17) | !16) | !15))))) | !10) | !9) | !8) | !7) | !6) | !5) | !4)))))) & (t)] 0
[(!(0 | (1 | (2 | (3 | ((((((((11 | (12 | (13 | (14 | ((((18 | (20 | !19)) | !17) | !16) | !15))))) | !10) | !9) | !8) | !7) | !6) | !5) | !4)))))) & (t)] 0
[(!(0 | (1 | (2 | (3 | ((((((((11 | (12 | (13 | (14 | ((((18 | !(19 & 20)) | !17) | !16) | !15))))) | !10) | !9) | !8) | !7) | !6) | !5) | !4)))))) & (t)] 0
[(!(0 | (1 | (2 | (3 | (((((8 | (((11 | ((13 | (14 | ((((18 | (19 | 20)) | !17) | !16) | !15))) | !12)) | !10) | !9)) | !7) | !6) | !5) | !4)))))) & (t)] 0
[(!(0 | (1 | (2 | (3 | (((((8 | (((11 | ((13 | (14 | ((((18 | (20 | !19)) | !17) | !16) | !15))) | !12)) | !10) | !9)) | !7) | !6) | !5) | !4)))))) & (t)] 0
[(!(0 | (1 | (2 | (3 | (((((8 | (((11 | ((13 | (14 | ((((18 | !(19 & 20)) | !17) | !16) | !15))) | !12)) | !10) | !9)) | !7) | !6) | !5) | !4)))))) & (t)] 0
[(!(0 | (1 | (2 | (3 | (((((8 | (((11 | ((13 | (((((18 | (19 | 20)) | !17) | !16) | !15) | !14)) | !12)) | !10) | !9)) | !7) | !6) | !5) | !4)))))) & (t)] 0
[(!(0 | (1 | (2 | (3 | (((((8 | (((11 | ((13 | (((((18 | (20 | !19)) | !17) | !16) | !15) | !14)) | !12)) | !10) | !9)) | !7) | !6) | !5) | !4)))))) & (t)] 0
[(!(0 | (1 | (2 | (3 | (((((8 | (((11 | ((13 | (((((18 | !(19 & 20)) | !17) | !16) | !15) | !14)) | !12)) | !10) | !9)) | !7) | !6) | !5) | !4)))))) & (t)] 0
[(!(0 | ((2 | (3 | ((5 | ((((((11 | ((13 | (14 | !(15 & (16 & (17 & 18))))) | !12)) | !10) | !9) | !8) | !7) | !6)) | !4))) | !1))) & (t)] 0
[(!(0 | ((2 | (3 | (((6 | ((8 | (((11 | (((((((18 | 20) | !17) | !16) | !15) | !14) | !13) | !12)) | !10) | !9)) | !7)) | !5) | !4))) | !1))) & (t)] 0
[(!(0 | ((2 | (3 | (((6 | ((8 | (((11 | (((((((18 | (19 | !20)) | !17) | !16) | !15) | !14) | !13) | !12)) | !10) | !9)) | !7)) | !5) | !4))) | !1))) & (t)] 0
[(!(0 | ((2 | (3 | (((6 | ((8 | (((11 | (((((((18 | !(19 & 20)) | !17) | !16) | !15) | !14) | !13) | !12)) | !10) | !9)) | !7)) | !5) | !4))) | !1))) & (t)] 0
[(!(0 | (1 | (2 | (3 | (((6 | ((8 | (((11 | ((13 | (((((18 | (19 | 20)) | !17) | !16) | !15) | !14)) | !12)) | !10) | !9)) | !7)) | !5) | !4)))))) & (t)] 0
[(!(0 | (1 | (2 | (3 | (((6 | ((8 | (((11 | ((13 | (((((18 | (19 | !20)) | !17) | !16) | !15) | !14)) | !12)) | !10) | !9)) | !7)) | !5) | !4)))))) & (t)] 0
[(!(0 | (1 | (2 | (3 | (((((8 | (((11 | ((13 | (((((18 | (19 | !20)) | !17) | !16) | !15) | !14)) | !12)) | !10) | !9)) | !7) | !6) | !5) | !4)))))) & (t)] 0
[(!(0 | ((2 | (3 | ((5 | (6 | ((8 | (((11 | !(12 & (13 & (14 & (15 & (16 & (17 & 18))))))) | !10) | !9)) | !7))) | !4))) | !1))) & (t)] 0
[(!(0 | ((2 | (3 | ((5 | (((8 | (((((13 | ((((18 | !17) | !16) | !15) | !14)) | !12) | !11) | !10) | !9)) | !7) | !6)) | !4))) | !1))) & (t)] 0
[(!(0 | (1 | (2 | (3 | ((((((9 | ((11 | ((13 | (14 | ((((18 | (19 | 20)) | !17) | !16) | !15))) | !12)) | !10)) | !8) | !7) | !6) | !5) | !4)))))) & (t)] 0
[(!(0 | (1 | (2 | (3 | ((((((9 | ((11 | ((13 | (14 | ((((18 | (19 | !20)) | !17) | !16) | !15))) | !12)) | !10)) | !8) | !7) | !6) | !5) | !4)))))) & (t)] 0
[(!(0 | (1 | (2 | (3 | ((((((9 | ((11 | ((13 | (14 | ((((18 | (20 | !19)) | !17) | !16) | !15))) | !12)) | !10)) | !8) | !7) | !6) | !5) | !4)))))) & (t)] 0
[(!(0 | (1 | (2 | (3 | ((((((9 | ((11 | ((13 | (14 | ((((18 | !(19 & 20)) | !17) | !16) | !15))) | !12)) | !10)) | !8) | !7) | !6) | !5) | !4)))))) & (t)] 0
[(!(0 | (1 | (2 | (3 | (((6 | ((8 | (9 | ((11 | (((((((18 | 20) | !17) | !16) | !15) | !14) | !13) | !12)) | !10))) | !7)) | !5) | !4)))))) & (t)] 0
[(!(0 | (1 | (2 | (3 | (((6 | ((8 | (9 | ((11 | (((((((18 | (19 | !20)) | !17) | !16) | !15) | !14) | !13) | !12)) | !10))) | !7)) | !5) | !4)))))) & (t)] 0
[(!(0 | (1 | (2 | (3 | (((6 | ((8 | (9 | ((11 | (((((((18 | !(19 & 20)) | !17) | !16) | !15) | !14) | !13) | !12)) | !10))) | !7)) | !5) | !4)))))) & (t)] 0
[(!(0 | ((2 | (3 | ((5 | (((8 | (9 | ((11 | ((13 | !(14 & (15 & (16 & (17 & 18))))) | !12)) | !10))) | !7) | !6)) | !4))) | !1))) & (t)] 0
[(!(((2 | (3 | ((5 | ((7 | (((((12 | (13 | (((16 | (17 | 18)) | !15) | !14))) | !11) | !10) | !9) | !8)) | !6)) | !4))) | !1) | !0)) & (t)] 0
[(!(((2 | (3 | ((5 | (6 | (7 | (((((12 | (13 | (((16 | (17 | 18)) | !15) | !14))) | !11) | !10) | !9) | !8)))) | !4))) | !1) | !0)) & (t)] 0
[(!((1 | (2 | (3 | ((((((((11 | (12 | (13 | (14 | ((16 | ((18 | 19) | !17)) | !15))))) | !10) | !9) | !8) | !7) | !6) | !5) | !4)))) | !0)) & (t)] 0
[(!((1 | (2 | (3 | ((((((((11 | (12 | (13 | (14 | ((16 | ((18 | (20 | !19)) | !17)) | !15))))) | !10) | !9) | !8) | !7) | !6) | !5) | !4)))) | !0)) & (t)] 0
[(!((1 | (2 | (3 | ((((((((11 | (12 | (13 | (14 | ((16 | ((18 | !(19 & 20)) | !17)) | !15))))) | !10) | !9) | !8) | !7) | !6) | !5) | !4)))) | !0)) & (t)] 0
[(!((1 | (2 | (3 | (((((8 | (((11 | ((13 | (14 | ((16 | ((18 | (19 | 20)) | !17)) | !15))) | !12)) | !10) | !9)) | !7) | !6) | !5) | !4)))) | !0)) & (t)] 0
[(!((1 | (2 | (3 | (((((8 | (((11 | ((13 | (14 | ((16 | ((18 | (20 | !19)) | !17)) | !15))) | !12)) | !10) | !9)) | !7) | !6) | !5) | !4)))) | !0)) & (t)] 0
[(!((1 | (2 | (3 | (((((8 | (((11 | ((13 | (((16 | ((18 | (19 | 20)) | !17)) | !15) | !14)) | !12)) | !10) | !9)) | !7) | !6) | !5) | !4)))) | !0)) & (t)] 0
[(!((1 | (2 | (3 | (((((8 | (((11 | ((13 | (((16 | ((18 | (20 | !19)) | !17)) | !15) | !14)) | !12)) | !10) | !9)) | !7) | !6) | !5) | !4)))) | !0)) & (t)] 0
[(!((1 | (2 | (3 | (((6 | ((8 | (((11 | ((13 | (((16 | ((18 | (19 | 20)) | !17)) | !15) | !14)) | !12)) | !10) | !9)) | !7)) | !5) | !4)))) | !0)) & (t)] 0
[(!((1 | (2 | (3 | (((6 | ((8 | (((11 | ((13 | (((16 | ((18 | (19 | !20)) | !17)) | !15) | !14)) | !12)) | !10) | !9)) | !7)) | !5) | !4)))) | !0)) & (t)] 0
[(!((1 | (2 | (3 | (((6 | ((8 | (((11 | ((13 | (((16 | ((18 | (20 | !19)) | !17)) | !15) | !14)) | !12)) | !10) | !9)) | !7)) | !5) | !4)))) | !0)) & (t)] 0
[(!((1 | (2 | (3 | (((6 | ((8 | (((11 | ((13 | (((16 | ((18 | !(19 & 20)) | !17)) | !15) | !14)) | !12)) | !10) | !9)) | !7)) | !5) | !4)))) | !0)) & (t)] 0
[(!(((2 | (3 | ((5 | ((((((11 | ((13 | (((16 | !(17 & 18)) | !15) | !14)) | !12)) | !10) | !9) | !8) | !7) | !6)) | !4))) | !1) | !0)) & (t)] 0
[(!(0 | ((2 | (3 | ((((((((11 | (12 | (13 | (14 | ((((18 | 19) | !17) | !16) | !15))))) | !10) | !9) | !8) | !7) | !6) | !5) | !4))) | !1))) & (t)] 0
[(!(0 | ((2 | (3 | ((((((((11 | (12 | (13 | (14 | ((((18 | (20 | !19)) | !17) | !16) | !15))))) | !10) | !9) | !8) | !7) | !6) | !5) | !4))) | !1))) & (t)] 0
[(!(0 | ((2 | (3 | ((((((((11 | (12 | (13 | (14 | ((((18 | !(19 & 20)) | !17) | !16) | !15))))) | !10) | !9) | !8) | !7) | !6) | !5) | !4))) | !1))) & (t)] 0
[(!(0 | (1 | (2 | (3 | ((((((((11 | ((13 | (((((18 | (19 | 20)) | !17) | !16) | !15) | !14)) | !12)) | !10) | !9) | !8) | !7) | !6) | !5) | !4)))))) & (t)] 0
[(!(0 | (1 | (2 | (3 | ((((((((11 | ((13 | (((((18 | (20 | !19)) | !17) | !16) | !15) | !14)) | !12)) | !10) | !9) | !8) | !7) | !6) | !5) | !4)))))) & (t)] 0
[(!(0 | ((2 | (3 | ((5 | ((((((11 | (12 | (13 | (14 | !(15 & (16 & (17 & 18))))))) | !10) | !9) | !8) | !7) | !6)) | !4))) | !1))) & (t)] 0
[(!(0 | ((2 | (3 | (((((8 | (((11 | ((13 | (14 | ((((18 | (19 | 20)) | !17) | !16) | !15))) | !12)) | !10) | !9)) | !7) | !6) | !5) | !4))) | !1))) & (t)] 0
[(!(0 | ((2 | (3 | (((((8 | (((11 | ((13 | (14 | ((((18 | (19 | !20)) | !17) | !16) | !15))) | !12)) | !10) | !9)) | !7) | !6) | !5) | !4))) | !1))) & (t)] 0
[(!(0 | ((2 | (3 | (((((8 | (((11 | ((13 | (14 | ((((18 | (20 | !19)) | !17) | !16) | !15))) | !12)) | !10) | !9)) | !7) | !6) | !5) | !4))) | !1))) & (t)] 0
[(!(0 | ((2 | (3 | (((((8 | (((11 | ((13 | (14 | ((((18 | !(19 & 20)) | !17) | !16) | !15))) | !12)) | !10) | !9)) | !7) | !6) | !5) | !4))) | !1))) & (t)] 0
[(!(0 | (1 | (2 | (3 | (((((8 | (((11 | (((((((18 | 20) | !17) | !16) | !15) | !14) | !13) | !12)) | !10) | !9)) | !7) | !6) | !5) | !4)))))) & (t)] 0
[(!(0 | (1 | (2 | (3 | (((((8 | (((11 | (((((((18 | (19 | !20)) | !17) | !16) | !15) | !14) | !13) | !12)) | !10) | !9)) | !7) | !6) | !5) | !4)))))) & (t)] 0
[(!(0 | (1 | (2 | (3 | (((((8 | (((11 | (((((((18 | !(19 & 20)) | !17) | !16) | !15) | !14) | !13) | !12)) | !10) | !9)) | !7) | !6) | !5) | !4)))))) & (t)] 0
[(!(0 | ((2 | (3 | (((6 | ((8 | (((11 | ((13 | (((((18 | (19 | 20)) | !17) | !16) | !15) | !14)) | !12)) | !10) | !9)) | !7)) | !5) | !4))) | !1))) & (t)] 0
[(!(0 | ((2 | (3 | (((6 | ((8 | (((11 | ((13 | (((((18 | (19 | !20)) | !17) | !16) | !15) | !14)) | !12)) | !10) | !9)) | !7)) | !5) | !4))) | !1))) & (t)] 0
[(!(0 | ((2 | (3 | (((6 | ((8 | (((11 | ((13 | (((((18 | (20 | !19)) | !17) | !16) | !15) | !14)) | !12)) | !10) | !9)) | !7)) | !5) | !4))) | !1))) & (t)] 0
[(!(0 | (1 | (2 | (3 | (((6 | (((((11 | ((13 | (((((18 | (19 | 20)) | !17) | !16) | !15) | !14)) | !12)) | !10) | !9) | !8) | !7)) | !5) | !4)))))) & (t)] 0
[(!(0 | (1 | (2 | (3 | (((6 | (((((11 | ((13 | (((((18 | (19 | !20)) | !17) | !16) | !15) | !14)) | !12)) | !10) | !9) | !8) | !7)) | !5) | !4)))))) & (t)] 0
[(!(0 | (1 | (2 | (3 | ((((((((11 | ((13 | (((((18 | (19 | !20)) | !17) | !16) | !15) | !14)) | !12)) | !10) | !9) | !8) | !7) | !6) | !5) | !4)))))) & (t)] 0
[(!(0 | ((2 | (3 | ((((((9 | ((11 | ((13 | (14 | ((((18 | (19 | 20)) | !17) | !16) | !15))) | !12)) | !10)) | !8) | !7) | !6) | !5) | !4))) | !1))) & (t)] 0
[(!(0 | ((2 | (3 | ((((((9 | ((11 | ((13 | (14 | ((((18 | (19 | !20)) | !17) | !16) | !15))) | !12)) | !10)) | !8) | !7) | !6) | !5) | !4))) | !1))) & (t)] 0
[(!(0 | ((2 | (3 | ((((((9 | ((11 | ((13 | (14 | ((((18 | (20 | !19)) | !17) | !16) | !15))) | !12)) | !10)) | !8) | !7) | !6) | !5) | !4))) | !1))) & (t)] 0
[(!(0 | ((2 | (3 | ((((((9 | ((11 | ((13 | (14 | ((((18 | !(19 & 20)) | !17) | !16) | !15))) | !12)) | !10)) | !8) | !7) | !6) | !5) | !4))) | !1))) & (t)] 0
[(!(0 | (1 | (2 | (3 | ((((((9 | ((11 | (12 | (13 | (14 | ((((18 | 19) | !17) | !16) | !15))))) | !10)) | !8) | !7) | !6) | !5) | !4)))))) & (t)] 0
[(!(0 | (1 | (2 | (3 | ((((((9 | ((11 | (12 | (13 | (14 | ((((18 | (20 | !19)) | !17) | !16) | !15))))) | !10)) | !8) | !7) | !6) | !5) | !4)))))) & (t)] 0
[(!(0 | (1 | (2 | (3 | ((((((9 | ((11 | (12 | (13 | (14 | ((((18 | !(19 & 20)) | !17) | !16) | !15))))) | !10)) | !8) | !7) | !6) | !5) | !4)))))) & (t)] 0
[(!(0 | (1 | (2 | (3 | (((((8 | (9 | ((11 | ((13 | (14 | ((((18 | (19 | 20)) | !17) | !16) | !15))) | !12)) | !10))) | !7) | !6) | !5) | !4)))))) & (t)] 0
[(!(0 | (1 | (2 | (3 | (((((8 | (9 | ((11 | ((13 | (14 | ((((18 | (20 | !19)) | !17) | !16) | !15))) | !12)) | !10))) | !7) | !6) | !5) | !4)))))) & (t)] 0
[(!(0 | (1 | (2 | (3 | (((((8 | (9 | ((11 | ((13 | (14 | ((((18 | !(19 & 20)) | !17) | !16) | !15))) | !12)) | !10))) | !7) | !6) | !5) | !4)))))) & (t)] 0
[(!(0 | (1 | (2 | (3 | (((((8 | (9 | ((11 | ((13 | (((((18 | (19 | 20)) | !17) | !16) | !15) | !14)) | !12)) | !10))) | !7) | !6) | !5) | !4)))))) & (t)] 0
[(!(0 | (1 | (2 | (3 | (((((8 | (9 | ((11 | ((13 | (((((18 | (20 | !19)) | !17) | !16) | !15) | !14)) | !12)) | !10))) | !7) | !6) | !5) | !4)))))) & (t)] 0
[(!(0 | (1 | (2 | (3 | (((((8 | (9 | ((11 | ((13 | (((((18 | !(19 & 20)) | !17) | !16) | !15) | !14)) | !12)) | !10))) | !7) | !6) | !5) | !4)))))) & (t)] 0
[(!(0 | ((2 | (3 | ((5 | ((((9 | ((11 | ((13 | (14 | !(15 & (16 & (17 & 18))))) | !12)) | !10)) | !8) | !7) | !6)) | !4))) | !1))) & (t)] 0
[(!(0 | ((2 | (3 | (((6 | ((8 | (9 | ((11 | (((((((18 | 20) | !17) | !16) | !15) | !14) | !13) | !12)) | !10))) | !7)) | !5) | !4))) | !1))) & (t)] 0
[(!(0 | ((2 | (3 | (((6 | ((8 | (9 | ((11 | (((((((18 | (19 | !20)) | !17) | !16) | !15) | !14) | !13) | !12)) | !10))) | !7)) | !5) | !4))) | !1))) & (t)] 0
[(!(0 | ((2 | (3 | (((6 | ((8 | (9 | ((11 | (((((((18 | !(19 & 20)) | !17) | !16) | !15) | !14) | !13) | !12)) | !10))) | !7)) | !5) | !4))) | !1))) & (t)] 0
[(!(0 | (1 | (2 | (3 | (((6 | ((8 | (9 | ((11 | ((13 | (((((18 | (19 | 20)) | !17) | !16) | !15) | !14)) | !12)) | !10))) | !7)) | !5) | !4)))))) & (t)] 0
[(!(0 | (1 | (2 | (3 | (((6 | ((8 | (9 | ((11 | ((13 | (((((18 | (19 | !20)) | !17) | !16) | !15) | !14)) | !12)) | !10))) | !7)) | !5) | !4)))))) & (t)] 0
[(!(0 | (1 | (2 | (3 | (((((8 | (9 | ((11 | ((13 | (((((18 | (19 | !20)) | !17) | !16) | !15) | !14)) | !12)) | !10))) | !7) | !6) | !5) | !4)))))) & (t)] 0
[(!(0 | ((2 | (3 | ((5 | (6 | ((8 | (9 | ((11 | !(12 & (13 & (14 & (15 & (16 & (17 & 18))))))) | !10))) | !7))) | !4))) | !1))) & (t)] 0
[(!(0 | ((2 | (3 | ((5 | (((8 | (9 | ((((13 | ((((18 | !17) | !16) | !15) | !14)) | !12) | !11) | !10))) | !7) | !6)) | !4))) | !1))) & (t)] 0
[(!(((2 | (3 | ((((7 | ((((11 | (12 | (13 | (((16 | ((18 | 19) | !17)) | !15) | !14)))) | !10) | !9) | !8)) | !6) | !5) | !4))) | !1) | !0)) & (t)] 0
[(!(((2 | (3 | ((((7 | ((((11 | (12 | (13 | (((16 | ((18 | (20 | !19)) | !17)) | !15) | !14)))) | !10) | !9) | !8)) | !6) | !5) | !4))) | !1) | !0)) & (t)] 0
[(!(((2 | (3 | ((((7 | ((((11 | (12 | (13 | (((16 | ((18 | !(19 & 20)) | !17)) | !15) | !14)))) | !10) | !9) | !8)) | !6) | !5) | !4))) | !1) | !0)) & (t)] 0
[(!(((2 | (3 | ((((((((11 | (12 | (13 | (14 | ((16 | ((18 | 19) | !17)) | !15))))) | !10) | !9) | !8) | !7) | !6) | !5) | !4))) | !1) | !0)) & (t)] 0
[(!(((2 | (3 | ((((((((11 | (12 | (13 | (14 | ((16 | ((18 | (20 | !19)) | !17)) | !15))))) | !10) | !9) | !8) | !7) | !6) | !5) | !4))) | !1) | !0)) & (t)] 0
[(!(((2 | (3 | ((((((((11 | (12 | (13 | (14 | ((16 | ((18 | !(19 & 20)) | !17)) | !15))))) | !10) | !9) | !8) | !7) | !6) | !5) | !4))) | !1) | !0)) & (t)] 0
[(!((1 | (2 | (3 | ((((((((11 | ((13 | (14 | ((16 | ((18 | (19 | 20)) | !17)) | !15))) | !12)) | !10) | !9) | !8) | !7) | !6) | !5) | !4)))) | !0)) & (t)] 0
[(!((1 | (2 | (3 | ((((((((11 | ((13 | (14 | ((16 | ((18 | (20 | !19)) | !17)) | !15))) | !12)) | !10) | !9) | !8) | !7) | !6) | !5) | !4)))) | !0)) & (t)] 0
[(!((1 | (2 | (3 | ((((((((11 | ((13 | (((16 | ((18 | (19 | 20)) | !17)) | !15) | !14)) | !12)) | !10) | !9) | !8) | !7) | !6) | !5) | !4)))) | !0)) & (t)] 0
[(!((1 | (2 | (3 | ((((((((11 | ((13 | (((16 | ((18 | (20 | !19)) | !17)) | !15) | !14)) | !12)) | !10) | !9) | !8) | !7) | !6) | !5) | !4)))) | !0)) & (t)] 0
[(!((1 | (2 | (3 | ((((((((11 | ((13 | (((16 | ((18 | !(19 & 20)) | !17)) | !15) | !14)) | !12)) | !10) | !9) | !8) | !7) | !6) | !5) | !4)))) | !0)) & (t)] 0
[(!(((2 | (3 | ((5 | ((((((11 | (12 | (13 | (14 | ((16 | !(17 & 18)) | !15))))) | !10) | !9) | !8) | !7) | !6)) | !4))) | !1) | !0)) & (t)] 0
[(!(((2 | (3 | (((((8 | (((11 | ((13 | (14 | ((16 | ((18 | (19 | 20)) | !17)) | !15))) | !12)) | !10) | !9)) | !7) | !6) | !5) | !4))) | !1) | !0)) & (t)] 0
[(!(((2 | (3 | (((((8 | (((11 | ((13 | (14 | ((16 | ((18 | (19 | !20)) | !17)) | !15))) | !12)) | !10) | !9)) | !7) | !6) | !5) | !4))) | !1) | !0)) & (t)] 0
[(!(((2 | (3 | (((((8 | (((11 | ((13 | (14 | ((16 | ((18 | (20 | !19)) | !17)) | !15))) | !12)) | !10) | !9)) | !7) | !6) | !5) | !4))) | !1) | !0)) & (t)] 0
[(!((1 | (2 | (3 | ((((((((11 | ((13 | (14 | ((16 | ((18 | (19 | !20)) | !17)) | !15))) | !12)) | !10) | !9) | !8) | !7) | !6) | !5) | !4)))) | !0)) & (t)] 0
[(!((1 | (2 | (3 | (((((8 | (((11 | (((((16 | ((18 | 20) | !17)) | !15) | !14) | !13) | !12)) | !10) | !9)) | !7) | !6) | !5) | !4)))) | !0)) & (t)] 0
[(!((1 | (2 | (3 | (((((8 | (((11 | (((((16 | ((18 | (19 | !20)) | !17)) | !15) | !14) | !13) | !12)) | !10) | !9)) | !7) | !6) | !5) | !4)))) | !0)) & (t)] 0
[(!((1 | (2 | (3 | (((((8 | (((11 | (((((16 | ((18 | !(19 & 20)) | !17)) | !15) | !14) | !13) | !12)) | !10) | !9)) | !7) | !6) | !5) | !4)))) | !0)) & (t)] 0
[(!(((2 | (3 | (((((8 | (((11 | ((13 | (((16 | ((18 | (19 | 20)) | !17)) | !15) | !14)) | !12)) | !10) | !9)) | !7) | !6) | !5) | !4))) | !1) | !0)) & (t)] 0
[(!(((2 | (3 | (((((8 | (((11 | ((13 | (((16 | ((18 | (19 | !20)) | !17)) | !15) | !14)) | !12)) | !10) | !9)) | !7) | !6) | !5) | !4))) | !1) | !0)) & (t)] 0
[(!(((2 | (3 | (((((8 | (((11 | ((13 | (((16 | ((18 | (20 | !19)) | !17)) | !15) | !14)) | !12)) | !10) | !9)) | !7) | !6) | !5) | !4))) | !1) | !0)) & (t)] 0
[(!((1 | (2 | (3 | (((6 | ((8 | (((11 | (((((16 | ((18 | 20) | !17)) | !15) | !14) | !13) | !12)) | !10) | !9)) | !7)) | !5) | !4)))) | !0)) & (t)] 0
[(!((1 | (2 | (3 | (((6 | ((8 | (((11 | (((((16 | ((18 | (19 | !20)) | !17)) | !15) | !14) | !13) | !12)) | !10) | !9)) | !7)) | !5) | !4)))) | !0)) & (t)] 0
[(!((1 | (2 | (3 | (((6 | ((8 | (((11 | (((((16 | ((18 | !(19 & 20)) | !17)) | !15) | !14) | !13) | !12)) | !10) | !9)) | !7)) | !5) | !4)))) | !0)) & (t)] 0
[(!(((2 | (3 | (((6 | ((8 | (((11 | ((13 | (((16 | ((18 | (19 | 20)) | !17)) | !15) | !14)) | !12)) | !10) | !9)) | !7)) | !5) | !4))) | !1) | !0)) & (t)] 0
[(!(((2 | (3 | (((6 | ((8 | (((11 | ((13 | (((16 | ((18 | (19 | !20)) | !17)) | !15) | !14)) | !12)) | !10) | !9)) | !7)) | !5) | !4))) | !1) | !0)) & (t)] 0
[(!(((2 | (3 | (((6 | ((8 | (((11 | ((13 | (((16 | ((18 | (20 | !19)) | !17)) | !15) | !14)) | !12)) | !10) | !9)) | !7)) | !5) | !4))) | !1) | !0)) & (t)] 0
[(!(((2 | (3 | (((6 | ((8 | (((11 | ((13 | (((16 | ((18 | !(19 & 20)) | !17)) | !15) | !14)) | !12)) | !10) | !9)) | !7)) | !5) | !4))) | !1) | !0)) & (t)] 0
[(!((1 | (2 | (3 | (((6 | (((((11 | ((13 | (((16 | ((18 | (19 | 20)) | !17)) | !15) | !14)) | !12)) | !10) | !9) | !8) | !7)) | !5) | !4)))) | !0)) & (t)] 0
[(!((1 | (2 | (3 | (((6 | (((((11 | ((13 | (((16 | ((18 | (19 | !20)) | !17)) | !15) | !14)) | !12)) | !10) | !9) | !8) | !7)) | !5) | !4)))) | !0)) & (t)] 0
[(!((1 | (2 | (3 | ((((((((11 | ((13 | (((16 | ((18 | (19 | !20)) | !17)) | !15) | !14)) | !12)) | !10) | !9) | !8) | !7) | !6) | !5) | !4)))) | !0)) & (t)] 0
[(!(((2 | (3 | ((5 | (6 | ((8 | (((11 | ((13 | (((16 | !(17 & 18)) | !15) | !14)) | !12)) | !10) | !9)) | !7))) | !4))) | !1) | !0)) & (t)] 0
[(!(((2 | (3 | ((5 | ((((((((13 | (((16 | (18 | !17)) | !15) | !14)) | !12) | !11) | !10) | !9) | !8) | !7) | !6)) | !4))) | !1) | !0)) & (t)] 0
[(!(0 | ((2 | (3 | ((((((((11 | ((13 | (((((18 | (19 | 20)) | !17) | !16) | !15) | !14)) | !12)) | !10) | !9) | !8) | !7) | !6) | !5) | !4))) | !1))) & (t)] 0
[(!(0 | ((2 | (3 | ((((((((11 | ((13 | (((((18 | (19 | !20)) | !17) | !16) | !15) | !14)) | !12)) | !10) | !9) | !8) | !7) | !6) | !5) | !4))) | !1))) & (t)] 0
[(!(0 | ((2 | (3 | ((((((((11 | ((13 | (((((18 | (20 | !19)) | !17) | !16) | !15) | !14)) | !12)) | !10) | !9) | !8) | !7) | !6) | !5) | !4))) | !1))) & (t)] 0
[(!(0 | (1 | (2 | (3 | (((6 | ((8 | (((11 | ((13 | (((((18 | (20 | !19)) | !17) | !16) | !15) | !14)) | !12)) | !10) | !9)) | !7)) | !5) | !4)))))) & (t)] 0
[(!(0 | ((2 | (3 | (((((8 | (((11 | (((((((18 | 20) | !17) | !16) | !15) | !14) | !13) | !12)) | !10) | !9)) | !7) | !6) | !5) | !4))) | !1))) & (t)] 0
[(!(0 | ((2 | (3 | (((((8 | (((11 | (((((((18 | (19 | !20)) | !17) | !16) | !15) | !14) | !13) | !12)) | !10) | !9)) | !7) | !6) | !5) | !4))) | !1))) & (t)] 0
[(!(0 | ((2 | (3 | (((((8 | (((11 | (((((((18 | !(19 & 20)) | !17) | !16) | !15) | !14) | !13) | !12)) | !10) | !9)) | !7) | !6) | !5) | !4))) | !1))) & (t)] 0
[(!(0 | (1 | (2 | (3 | (((((8 | (((11 | ((13 | (14 | ((((18 | (19 | !20)) | !17) | !16) | !15))) | !12)) | !10) | !9)) | !7) | !6) | !5) | !4)))))) & (t)] 0
[(!(0 | ((2 | (3 | ((5 | (((8 | (((11 | !(12 & (13 & (14 & (15 & (16 & (17 & 18))))))) | !10) | !9)) | !7) | !6)) | !4))) | !1))) & (t)] 0
[(!(0 | ((2 | (3 | (((6 | (((((11 | ((13 | (((((18 | (19 | 20)) | !17) | !16) | !15) | !14)) | !12)) | !10) | !9) | !8) | !7)) | !5) | !4))) | !1))) & (t)] 0
[(!(0 | ((2 | (3 | (((6 | (((((11 | ((13 | (((((18 | (19 | !20)) | !17) | !16) | !15) | !14)) | !12)) | !10) | !9) | !8) | !7)) | !5) | !4))) | !1))) & (t)] 0
[(!(0 | ((2 | (3 | (((6 | (((((11 | ((13 | (((((18 | (20 | !19)) | !17) | !16) | !15) | !14)) | !12)) | !10) | !9) | !8) | !7)) | !5) | !4))) | !1))) & (t)] 0
[(!(0 | (1 | (2 | (3 | ((((((((11 | (12 | (13 | (((((18 | 19) | !17) | !16) | !15) | !14)))) | !10) | !9) | !8) | !7) | !6) | !5) | !4)))))) & (t)] 0
[(!(0 | (1 | (2 | (3 | ((((((((11 | (12 | (13 | (((((18 | (20 | !19)) | !17) | !16) | !15) | !14)))) | !10) | !9) | !8) | !7) | !6) | !5) | !4)))))) & (t)] 0
[(!(0 | ((2 | (3 | ((((((9 | ((11 | (12 | (13 | (14 | ((((18 | 19) | !17) | !16) | !15))))) | !10)) | !8) | !7) | !6) | !5) | !4))) | !1))) & (t)] 0
[(!(0 | ((2 | (3 | ((((((9 | ((11 | (12 | (13 | (14 | ((((18 | (20 | !19)) | !17) | !16) | !15))))) | !10)) | !8) | !7) | !6) | !5) | !4))) | !1))) & (t)] 0
[(!(0 | ((2 | (3 | ((((((9 | ((11 | (12 | (13 | (14 | ((((18 | !(19 & 20)) | !17) | !16) | !15))))) | !10)) | !8) | !7) | !6) | !5) | !4))) | !1))) & (t)] 0
[(!(0 | (1 | (2 | (3 | ((((((9 | ((11 | ((13 | (((((18 | (19 | 20)) | !17) | !16) | !15) | !14)) | !12)) | !10)) | !8) | !7) | !6) | !5) | !4)))))) & (t)] 0
[(!(0 | (1 | (2 | (3 | ((((((9 | ((11 | ((13 | (((((18 | (20 | !19)) | !17) | !16) | !15) | !14)) | !12)) | !10)) | !8) | !7) | !6) | !5) | !4)))))) & (t)] 0
[(!(0 | ((2 | (3 | ((5 | ((((9 | ((11 | (12 | (13 | (14 | !(15 & (16 & (17 & 18))))))) | !10)) | !8) | !7) | !6)) | !4))) | !1))) & (t)] 0
[(!(0 | ((2 | (3 | (((((8 | (9 | ((11 | ((13 | (14 | ((((18 | (19 | 20)) | !17) | !16) | !15))) | !12)) | !10))) | !7) | !6) | !5) | !4))) | !1))) & (t)] 0
[(!(0 | ((2 | (3 | (((((8 | (9 | ((11 | ((13 | (14 | ((((18 | (19 | !20)) | !17) | !16) | !15))) | !12)) | !10))) | !7) | !6) | !5) | !4))) | !1))) & (t)] 0
[(!(0 | ((2 | (3 | (((((8 | (9 | ((11 | ((13 | (14 | ((((18 | (20 | !19)) | !17) | !16) | !15))) | !12)) | !10))) | !7) | !6) | !5) | !4))) | !1))) & (t)] 0
[(!(0 | ((2 | (3 | (((((8 | (9 | ((11 | ((13 | (14 | ((((18 | !(19 & 20)) | !17) | !16) | !15))) | !12)) | !10))) | !7) | !6) | !5) | !4))) | !1))) & (t)] 0
[(!(0 | (1 | (2 | (3 | (((((8 | (9 | ((11 | (((((((18 | 20) | !17) | !16) | !15) | !14) | !13) | !12)) | !10))) | !7) | !6) | !5) | !4)))))) & (t)] 0
[(!(0 | (1 | (2 | (3 | (((((8 | (9 | ((11 | (((((((18 | (19 | !20)) | !17) | !16) | !15) | !14) | !13) | !12)) | !10))) | !7) | !6) | !5) | !4)))))) & (t)] 0
[(!(0 | (1 | (2 | (3 | (((((8 | (9 | ((11 | (((((((18 | !(19 & 20)) | !17) | !16) | !15) | !14) | !13) | !12)) | !10))) | !7) | !6) | !5) | !4)))))) & (t)] 0
[(!(0 | ((2 | (3 | ((5 | (((8 | (9 | ((11 | ((13 | (14 | !(15 & (16 & (17 & 18))))) | !12)) | !10))) | !7) | !6)) | !4))) | !1))) & (t)] 0
[(!(((2 | (3 | ((5 | ((((9 | (10 | (((13 | (14 | (15 | ((18 | !17) | !16)))) | !12) | !11))) | !8) | !7) | !6)) | !4))) | !1) | !0)) & (!(21 | !22))] 0
[(!(0 | ((2 | (3 | (((6 | ((8 | (9 | ((11 | ((13 | (((((18 | (19 | 20)) | !17) | !16) | !15) | !14)) | !12)) | !10))) | !7)) | !5) | !4))) | !1))) & (t)] 0
[(!(0 | ((2 | (3 | (((6 | ((8 | (9 | ((11 | ((13 | (((((18 | (19 | !20)) | !17) | !16) | !15) | !14)) | !12)) | !10))) | !7)) | !5) | !4))) | !1))) & (t)] 0
[(!(0 | ((2 | (3 | (((6 | ((8 | (9 | ((11 | ((13 | (((((18 | (20 | !19)) | !17) | !16) | !15) | !14)) | !12)) | !10))) | !7)) | !5) | !4))) | !1))) & (t)] 0
[(!(0 | (1 | (2 | (3 | (((6 | (((9 | ((11 | ((13 | (((((18 | (19 | 20)) | !17) | !16) | !15) | !14)) | !12)) | !10)) | !8) | !7)) | !5) | !4)))))) & (t)] 0
[(!(0 | (1 | (2 | (3 | (((6 | (((9 | ((11 | ((13 | (((((18 | (19 | !20)) | !17) | !16) | !15) | !14)) | !12)) | !10)) | !8) | !7)) | !5) | !4)))))) & (t)] 0
[(!(0 | (1 | (2 | (3 | ((((((9 | ((11 | ((13 | (((((18 | (19 | !20)) | !17) | !16) | !15) | !14)) | !12)) | !10)) | !8) | !7) | !6) | !5) | !4)))))) & (t)] 0
[(!((1 | (2 | (3 | (((6 | (7 | ((((11 | ((13 | (((16 | ((18 | (19 | 20)) | !17)) | !15) | !14)) | !12)) | !10) | !9) | !8))) | !5) | !4)))) | !0)) & (t)] 0
[(!((1 | (2 | (3 | (((6 | (7 | ((((11 | ((13 | (((16 | ((18 | (19 | !20)) | !17)) | !15) | !14)) | !12)) | !10) | !9) | !8))) | !5) | !4)))) | !0)) & (t)] 0
[(!((1 | (2 | (3 | (((6 | (7 | ((((11 | ((13 | (((16 | ((18 | (20 | !19)) | !17)) | !15) | !14)) | !12)) | !10) | !9) | !8))) | !5) | !4)))) | !0)) & (t)] 0
[(!((1 | (2 | (3 | (((6 | (7 | ((((11 | ((13 | (((16 | ((18 | !(19 & 20)) | !17)) | !15) | !14)) | !12)) | !10) | !9) | !8))) | !5) | !4)))) | !0)) & (t)] 0
[(!(((2 | (3 | ((5 | ((7 | ((((11 | (12 | (13 | (((16 | !(17 & 18)) | !15) | !14)))) | !10) | !9) | !8)) | !6)) | !4))) | !1) | !0)) & (t)] 0
[(!(((2 | (3 | ((5 | ((7 | (((10 | ((12 | (13 | (14 | (15 | (16 | (18 | !17)))))) | !11)) | !9) | !8)) | !6)) | !4))) | !1) | !0)) & (!(21 | !22))] 0
[(!(((2 | (3 | (((((8 | (((11 | (((((16 | ((18 | 20) | !17)) | !15) | !14) | !13) | !12)) | !10) | !9)) | !7) | !6) | !5) | !4))) | !1) | !0)) & (t)] 0
[(!(((2 | (3 | (((((8 | (((11 | (((((16 | ((18 | (19 | !20)) | !17)) | !15) | !14) | !13) | !12)) | !10) | !9)) | !7) | !6) | !5) | !4))) | !1) | !0)) & (t)] 0
[(!(((2 | (3 | (((((8 | (((11 | (((((16 | ((18 | !(19 & 20)) | !17)) | !15) | !14) | !13) | !12)) | !10) | !9)) | !7) | !6) | !5) | !4))) | !1) | !0)) & (t)] 0
[(!((1 | (2 | (3 | (((((8 | (((11 | ((13 | (14 | ((16 | ((18 | (19 | !20)) | !17)) | !15))) | !12)) | !10) | !9)) | !7) | !6) | !5) | !4)))) | !0)) & (t)] 0
[(!(((2 | (3 | ((5 | (((8 | (((11 | (((((16 | !(17 & 18)) | !15) | !14) | !13) | !12)) | !10) | !9)) | !7) | !6)) | !4))) | !1) | !0)) & (t)] 0
[(!(((2 | (3 | (((6 | ((8 | (((11 | (((((16 | ((18 | 20) | !17)) | !15) | !14) | !13) | !12)) | !10) | !9)) | !7)) | !5) | !4))) | !1) | !0)) & (t)] 0
[(!(((2 | (3 | (((6 | ((8 | (((11 | (((((16 | ((18 | (19 | !20)) | !17)) | !15) | !14) | !13) | !12)) | !10) | !9)) | !7)) | !5) | !4))) | !1) | !0)) & (t)] 0
[(!(((2 | (3 | (((6 | ((8 | (((11 | (((((16 | ((18 | !(19 & 20)) | !17)) | !15) | !14) | !13) | !12)) | !10) | !9)) | !7)) | !5) | !4))) | !1) | !0)) & (t)] 0
[(!((1 | (2 | (3 | (((((8 | (((11 | ((13 | (((16 | ((18 | (19 | !20)) | !17)) | !15) | !14)) | !12)) | !10) | !9)) | !7) | !6) | !5) | !4)))) | !0)) & (t)] 0
[(!(((2 | (3 | ((5 | (6 | ((8 | (((11 | (((((16 | !(17 & 18)) | !15) | !14) | !13) | !12)) | !10) | !9)) | !7))) | !4))) | !1) | !0)) & (t)] 0
[(!(((2 | (3 | (((6 | (((((11 | ((13 | (((16 | ((18 | (19 | 20)) | !17)) | !15) | !14)) | !12)) | !10) | !9) | !8) | !7)) | !5) | !4))) | !1) | !0)) & (t)] 0
[(!(((2 | (3 | (((6 | (((((11 | ((13 | (((16 | ((18 | (19 | !20)) | !17)) | !15) | !14)) | !12)) | !10) | !9) | !8) | !7)) | !5) | !4))) | !1) | !0)) & (t)] 0
[(!(((2 | (3 | (((6 | (((((11 | ((13 | (((16 | ((18 | (20 | !19)) | !17)) | !15) | !14)) | !12)) | !10) | !9) | !8) | !7)) | !5) | !4))) | !1) | !0)) & (t)] 0
[(!((1 | (2 | (3 | ((((((((11 | (12 | (13 | (((16 | ((18 | 19) | !17)) | !15) | !14)))) | !10) | !9) | !8) | !7) | !6) | !5) | !4)))) | !0)) & (t)] 0
[(!((1 | (2 | (3 | ((((((((11 | (12 | (13 | (((16 | ((18 | (20 | !19)) | !17)) | !15) | !14)))) | !10) | !9) | !8) | !7) | !6) | !5) | !4)))) | !0)) & (t)] 0
[(!(0 | ((2 | (3 | (4 | (5 | (6 | ((8 | (((((13 | ((15 | (16 | (18 | !17))) | !14)) | !12) | !11) | !10) | !9)) | !7)))))) | !1))) & (!(22 | !21))] 0
[(!(0 | ((2 | (3 | ((((((((11 | (12 | (13 | (((((18 | 19) | !17) | !16) | !15) | !14)))) | !10) | !9) | !8) | !7) | !6) | !5) | !4))) | !1))) & (t)] 0
[(!(0 | ((2 | (3 | ((((((((11 | (12 | (13 | (((((18 | (20 | !19)) | !17) | !16) | !15) | !14)))) | !10) | !9) | !8) | !7) | !6) | !5) | !4))) | !1))) & (t)] 0
[(!(0 | (1 | (2 | (3 | (((6 | (((((11 | ((13 | (((((18 | (20 | !19)) | !17) | !16) | !15) | !14)) | !12)) | !10) | !9) | !8) | !7)) | !5) | !4)))))) & (t)] 0
[(!(0 | ((2 | (3 | ((((((9 | ((11 | ((13 | (((((18 | (19 | 20)) | !17) | !16) | !15) | !14)) | !12)) | !10)) | !8) | !7) | !6) | !5) | !4))) | !1))) & (t)] 0
[(!(0 | ((2 | (3 | ((((((9 | ((11 | ((13 | (((((18 | (19 | !20)) | !17) | !16) | !15) | !14)) | !12)) | !10)) | !8) | !7) | !6) | !5) | !4))) | !1))) & (t)] 0
[(!(0 | ((2 | (3 | ((((((9 | ((11 | ((13 | (((((18 | (20 | !19)) | !17) | !16) | !15) | !14)) | !12)) | !10)) | !8) | !7) | !6) | !5) | !4))) | !1))) & (t)] 0
[(!(0 | (1 | (2 | (3 | (((6 | ((8 | (9 | ((11 | ((13 | (((((18 | (20 | !19)) | !17) | !16) | !15) | !14)) | !12)) | !10))) | !7)) | !5) | !4)))))) & (t)] 0
[(!(((2 | (3 | ((5 | ((7 | ((9 | (10 | ((12 | (13 | (14 | (15 | ((18 | !17) | !16))))) | !11))) | !8)) | !6)) | !4))) | !1) | !0)) & (!(21 | !22))] 0
[(!(0 | ((2 | (3 | (((((8 | (9 | ((11 | (((((((18 | 20) | !17) | !16) | !15) | !14) | !13) | !12)) | !10))) | !7) | !6) | !5) | !4))) | !1))) & (t)] 0
[(!(0 | ((2 | (3 | (((((8 | (9 | ((11 | (((((((18 | (19 | !20)) | !17) | !16) | !15) | !14) | !13) | !12)) | !10))) | !7) | !6) | !5) | !4))) | !1))) & (t)] 0
[(!(0 | ((2 | (3 | (((((8 | (9 | ((11 | (((((((18 | !(19 & 20)) | !17) | !16) | !15) | !14) | !13) | !12)) | !10))) | !7) | !6) | !5) | !4))) | !1))) & (t)] 0
[(!(0 | (1 | (2 | (3 | (((((8 | (9 | ((11 | ((13 | (14 | ((((18 | (19 | !20)) | !17) | !16) | !15))) | !12)) | !10))) | !7) | !6) | !5) | !4)))))) & (t)] 0
[(!(0 | ((2 | (3 | ((5 | (((8 | (9 | ((11 | !(12 & (13 & (14 & (15 & (16 & (17 & 18))))))) | !10))) | !7) | !6)) | !4))) | !1))) & (t)] 0
[(!(0 | ((2 | (3 | ((5 | (((8 | (9 | (10 | (((13 | (14 | (15 | ((18 | !17) | !16)))) | !12) | !11)))) | !7) | !6)) | !4))) | !1))) & (!(21 | !22))] 0
[(!(((2 | (3 | ((5 | (((((10 | (((13 | (14 | (((17 | 18) | !16) | !15))) | !12) | !11)) | !9) | !8) | !7) | !6)) | !4))) | !1) | !0)) & (!(21 | !22))] 0
[(!(((2 | (3 | ((5 | (((((10 | (((13 | ((((17 | 18) | !16) | !15) | !14)) | !12) | !11)) | !9) | !8) | !7) | !6)) | !4))) | !1) | !0)) & (!(21 | !22))] 0
[(!(0 | ((2 | (3 | (((6 | (((9 | ((11 | ((13 | (((((18 | (19 | 20)) | !17) | !16) | !15) | !14)) | !12)) | !10)) | !8) | !7)) | !5) | !4))) | !1))) & (t)] 0
[(!(0 | ((2 | (3 | (((6 | (((9 | ((11 | ((13 | (((((18 | (19 | !20)) | !17) | !16) | !15) | !14)) | !12)) | !10)) | !8) | !7)) | !5) | !4))) | !1))) & (t)] 0
[(!(0 | ((2 | (3 | (((6 | (((9 | ((11 | ((13 | (((((18 | (20 | !19)) | !17) | !16) | !15) | !14)) | !12)) | !10)) | !8) | !7)) | !5) | !4))) | !1))) & (t)] 0
[(!(0 | (1 | (2 | (3 | ((((((9 | ((11 | (12 | (13 | (((((18 | 19) | !17) | !16) | !15) | !14)))) | !10)) | !8) | !7) | !6) | !5) | !4)))))) & (t)] 0
[(!(0 | (1 | (2 | (3 | ((((((9 | ((11 | (12 | (13 | (((((18 | (20 | !19)) | !17) | !16) | !15) | !14)))) | !10)) | !8) | !7) | !6) | !5) | !4)))))) & (t)] 0
[(!(((2 | (3 | (((6 | (7 | ((((11 | ((13 | (((16 | ((18 | (19 | 20)) | !17)) | !15) | !14)) | !12)) | !10) | !9) | !8))) | !5) | !4))) | !1) | !0)) & (t)] 0
[(!(((2 | (3 | (((6 | (7 | ((((11 | ((13 | (((16 | ((18 | (19 | !20)) | !17)) | !15) | !14)) | !12)) | !10) | !9) | !8))) | !5) | !4))) | !1) | !0)) & (t)] 0
[(!(((2 | (3 | (((6 | (7 | ((((11 | ((13 | (((16 | ((18 | (20 | !19)) | !17)) | !15) | !14)) | !12)) | !10) | !9) | !8))) | !5) | !4))) | !1) | !0)) & (t)] 0
[(!(((2 | (3 | (((6 | (7 | ((((11 | ((13 | (((16 | ((18 | !(19 & 20)) | !17)) | !15) | !14)) | !12)) | !10) | !9) | !8))) | !5) | !4))) | !1) | !0)) & (t)] 0
[(!((1 | (2 | (3 | ((((7 | ((((11 | (12 | (13 | (((16 | ((18 | 19) | !17)) | !15) | !14)))) | !10) | !9) | !8)) | !6) | !5) | !4)))) | !0)) & (t)] 0
[(!((1 | (2 | (3 | ((((7 | ((((11 | (12 | (13 | (((16 | ((18 | (20 | !19)) | !17)) | !15) | !14)))) | !10) | !9) | !8)) | !6) | !5) | !4)))) | !0)) & (t)] 0
[(!((1 | (2 | (3 | ((((7 | ((((11 | (12 | (13 | (((16 | ((18 | !(19 & 20)) | !17)) | !15) | !14)))) | !10) | !9) | !8)) | !6) | !5) | !4)))) | !0)) & (t)] 0
[(!((1 | (2 | (3 | (((6 | (7 | (8 | (((11 | ((13 | (((16 | ((18 | (19 | 20)) | !17)) | !15) | !14)) | !12)) | !10) | !9)))) | !5) | !4)))) | !0)) & (t)] 0
[(!((1 | (2 | (3 | (((6 | (7 | (8 | (((11 | ((13 | (((16 | ((18 | (19 | !20)) | !17)) | !15) | !14)) | !12)) | !10) | !9)))) | !5) | !4)))) | !0)) & (t)] 0
[(!((1 | (2 | (3 | (((6 | (7 | (8 | (((11 | ((13 | (((16 | ((18 | (20 | !19)) | !17)) | !15) | !14)) | !12)) | !10) | !9)))) | !5) | !4)))) | !0)) & (t)] 0
[(!((1 | (2 | (3 | (((6 | (7 | (8 | (((11 | ((13 | (((16 | ((18 | !(19 & 20)) | !17)) | !15) | !14)) | !12)) | !10) | !9)))) | !5) | !4)))) | !0)) & (t)] 0
[(!(((2 | (3 | ((5 | (6 | (7 | ((((11 | ((13 | (((16 | !(17 & 18)) | !15) | !14)) | !12)) | !10) | !9) | !8)))) | !4))) | !1) | !0)) & (t)] 0
[(!(((2 | (3 | ((5 | ((7 | (((((12 | (13 | (((16 | (18 | !17)) | !15) | !14))) | !11) | !10) | !9) | !8)) | !6)) | !4))) | !1) | !0)) & (t)] 0
[(!(((2 | (3 | ((((((((11 | (12 | (13 | (((16 | ((18 | 19) | !17)) | !15) | !14)))) | !10) | !9) | !8) | !7) | !6) | !5) | !4))) | !1) | !0)) & (t)] 0
[(!(((2 | (3 | ((((((((11 | (12 | (13 | (((16 | ((18 | (20 | !19)) | !17)) | !15) | !14)))) | !10) | !9) | !8) | !7) | !6) | !5) | !4))) | !1) | !0)) & (t)] 0
[(!((1 | (2 | (3 | (((6 | (((((11 | ((13 | (((16 | ((18 | (20 | !19)) | !17)) | !15) | !14)) | !12)) | !10) | !9) | !8) | !7)) | !5) | !4)))) | !0)) & (t)] 0
[(!(0 | ((((4 | (5 | (6 | ((8 | (((((13 | (((16 | (17 | 18)) | !15) | !14)) | !12) | !11) | !10) | !9)) | !7)))) | !3) | !2) | !1))) & (!(22 | !21))] 0
[(!(0 | ((((4 | (5 | (6 | ((8 | (((((13 | ((((17 | 18) | !16) | !15) | !14)) | !12) | !11) | !10) | !9)) | !7)))) | !3) | !2) | !1))) & (!(22 | !21))] 0
[(!(0 | ((((4 | (5 | (((8 | (((((13 | (((16 | (17 | 18)) | !15) | !14)) | !12) | !11) | !10) | !9)) | !7) | !6))) | !3) | !2) | !1))) & (!(22 | !21))] 0
[(!(0 | ((((4 | (5 | (((8 | (((((13 | ((((17 | 18) | !16) | !15) | !14)) | !12) | !11) | !10) | !9)) | !7) | !6))) | !3) | !2) | !1))) & (!(22 | !21))] 0
[(!(0 | (((((5 | (6 | ((8 | (((((13 | ((((17 | 18) | !16) | !15) | !14)) | !12) | !11) | !10) | !9)) | !7))) | !4) | !3) | !2) | !1))) & (t)] 0
[(!(0 | (((((5 | (((8 | (((((13 | ((((17 | 18) | !16) | !15) | !14)) | !12) | !11) | !10) | !9)) | !7) | !6)) | !4) | !3) | !2) | !1))) & (t)] 0
[(!(((2 | (3 | ((5 | ((7 | (((10 | ((12 | (13 | (14 | (((17 | 18) | !16) | !15)))) | !11)) | !9) | !8)) | !6)) | !4))) | !1) | !0)) & (!(21 | !22))] 0
[(!(((2 | (3 | ((5 | ((7 | (((10 | ((12 | (13 | ((((17 | 18) | !16) | !15) | !14))) | !11)) | !9) | !8)) | !6)) | !4))) | !1) | !0)) & (!(21 | !22))] 0
[(!(0 | ((2 | (3 | ((5 | (((8 | (((((13 | (14 | (((17 | 18) | !16) | !15))) | !12) | !11) | !10) | !9)) | !7) | !6)) | !4))) | !1))) & (t)] 0
[(!(0 | ((2 | (3 | ((5 | (((8 | (((((13 | ((((17 | 18) | !16) | !15) | !14)) | !12) | !11) | !10) | !9)) | !7) | !6)) | !4))) | !1))) & (t)] 0
[(!(((2 | (3 | ((5 | (6 | (((((((13 | (((16 | (17 | 18)) | !15) | !14)) | !12) | !11) | !10) | !9) | !8) | !7))) | !4))) | !1) | !0)) & (t)] 0
[(!(0 | ((2 | (3 | ((((((9 | ((11 | (12 | (13 | (((((18 | 19) | !17) | !16) | !15) | !14)))) | !10)) | !8) | !7) | !6) | !5) | !4))) | !1))) & (t)] 0
[(!(0 | ((2 | (3 | ((((((9 | ((11 | (12 | (13 | (((((18 | (20 | !19)) | !17) | !16) | !15) | !14)))) | !10)) | !8) | !7) | !6) | !5) | !4))) | !1))) & (t)] 0
[(!(0 | (1 | (2 | (3 | (((6 | (((9 | ((11 | ((13 | (((((18 | (20 | !19)) | !17) | !16) | !15) | !14)) | !12)) | !10)) | !8) | !7)) | !5) | !4)))))) & (t)] 0
[(!(((2 | (3 | (((6 | (7 | (8 | (((11 | ((13 | (((16 | ((18 | (19 | 20)) | !17)) | !15) | !14)) | !12)) | !10) | !9)))) | !5) | !4))) | !1) | !0)) & (t)] 0
[(!(((2 | (3 | (((6 | (7 | (8 | (((11 | ((13 | (((16 | ((18 | (19 | !20)) | !17)) | !15) | !14)) | !12)) | !10) | !9)))) | !5) | !4))) | !1) | !0)) & (t)] 0
[(!(((2 | (3 | (((6 | (7 | (8 | (((11 | ((13 | (((16 | ((18 | (20 | !19)) | !17)) | !15) | !14)) | !12)) | !10) | !9)))) | !5) | !4))) | !1) | !0)) & (t)] 0
[(!(((2 | (3 | (((6 | (7 | (8 | (((11 | ((13 | (((16 | ((18 | !(19 & 20)) | !17)) | !15) | !14)) | !12)) | !10) | !9)))) | !5) | !4))) | !1) | !0)) & (t)] 0
[(!((1 | (2 | (3 | ((((7 | ((((11 | ((13 | (((16 | ((18 | (19 | 20)) | !17)) | !15) | !14)) | !12)) | !10) | !9) | !8)) | !6) | !5) | !4)))) | !0)) & (t)] 0
[(!((1 | (2 | (3 | ((((7 | ((((11 | ((13 | (((16 | ((18 | (19 | !20)) | !17)) | !15) | !14)) | !12)) | !10) | !9) | !8)) | !6) | !5) | !4)))) | !0)) & (t)] 0
[(!((1 | (2 | (3 | (((6 | (7 | (8 | (((11 | (((((16 | ((18 | 20) | !17)) | !15) | !14) | !13) | !12)) | !10) | !9)))) | !5) | !4)))) | !0)) & (t)] 0
[(!((1 | (2 | (3 | (((6 | (7 | (8 | (((11 | (((((16 | ((18 | (19 | !20)) | !17)) | !15) | !14) | !13) | !12)) | !10) | !9)))) | !5) | !4)))) | !0)) & (t)] 0
[(!((1 | (2 | (3 | (((6 | (7 | (8 | (((11 | (((((16 | ((18 | !(19 & 20)) | !17)) | !15) | !14) | !13) | !12)) | !10) | !9)))) | !5) | !4)))) | !0)) & (t)] 0
[(!(((2 | (3 | ((5 | (6 | (7 | (8 | (((11 | ((13 | (((16 | !(17 & 18)) | !15) | !14)) | !12)) | !10) | !9))))) | !4))) | !1) | !0)) & (t)] 0
[(!(((2 | (3 | (4 | (5 | (6 | (((((((13 | ((15 | (16 | (18 | !17))) | !14)) | !12) | !11) | !10) | !9) | !8) | !7)))))) | !1) | !0)) & (!(22 | !21))] 0
[(!(0 | ((2 | ((4 | (5 | (((8 | (((((13 | (14 | (((17 | 18) | !16) | !15))) | !12) | !11) | !10) | !9)) | !7) | !6))) | !3)) | !1))) & (!(22 | !21))] 0
[(!(0 | ((2 | (((5 | (((8 | (((((13 | (14 | (((17 | 18) | !16) | !15))) | !12) | !11) | !10) | !9)) | !7) | !6)) | !4) | !3)) | !1))) & (t)] 0
[(!(0 | ((2 | (((5 | (((8 | (9 | ((((13 | (14 | (((17 | 18) | !16) | !15))) | !12) | !11) | !10))) | !7) | !6)) | !4) | !3)) | !1))) & (t)] 0
[(!(((2 | (3 | ((5 | (6 | (7 | (((10 | ((12 | (13 | (((16 | (17 | 18)) | !15) | !14))) | !11)) | !9) | !8)))) | !4))) | !1) | !0)) & (!(21 | !22))] 0
[(!(((2 | (3 | ((((7 | ((((11 | ((13 | (((16 | ((18 | (19 | 20)) | !17)) | !15) | !14)) | !12)) | !10) | !9) | !8)) | !6) | !5) | !4))) | !1) | !0)) & (t)] 0
[(!(((2 | (3 | ((((7 | ((((11 | ((13 | (((16 | ((18 | (19 | !20)) | !17)) | !15) | !14)) | !12)) | !10) | !9) | !8)) | !6) | !5) | !4))) | !1) | !0)) & (t)] 0
[(!(((2 | (3 | ((((7 | ((((11 | ((13 | (((16 | ((18 | (20 | !19)) | !17)) | !15) | !14)) | !12)) | !10) | !9) | !8)) | !6) | !5) | !4))) | !1) | !0)) & (t)] 0
[(!((1 | (2 | (3 | ((((7 | ((((11 | (12 | (13 | (14 | ((16 | ((18 | 19) | !17)) | !15))))) | !10) | !9) | !8)) | !6) | !5) | !4)))) | !0)) & (t)] 0
[(!((1 | (2 | (3 | ((((7 | ((((11 | (12 | (13 | (14 | ((16 | ((18 | (20 | !19)) | !17)) | !15))))) | !10) | !9) | !8)) | !6) | !5) | !4)))) | !0)) & (t)] 0
[(!(((2 | (3 | (((6 | (7 | (8 | (((11 | (((((16 | ((18 | 20) | !17)) | !15) | !14) | !13) | !12)) | !10) | !9)))) | !5) | !4))) | !1) | !0)) & (t)] 0
[(!(((2 | (3 | (((6 | (7 | (8 | (((11 | (((((16 | ((18 | (19 | !20)) | !17)) | !15) | !14) | !13) | !12)) | !10) | !9)))) | !5) | !4))) | !1) | !0)) & (t)] 0
[(!(((2 | (3 | (((6 | (7 | (8 | (((11 | (((((16 | ((18 | !(19 & 20)) | !17)) | !15) | !14) | !13) | !12)) | !10) | !9)))) | !5) | !4))) | !1) | !0)) & (t)] 0
[(!((1 | (2 | (3 | ((((7 | (8 | (((11 | ((13 | (((16 | ((18 | (19 | 20)) | !17)) | !15) | !14)) | !12)) | !10) | !9))) | !6) | !5) | !4)))) | !0)) & (t)] 0
[(!((1 | (2 | (3 | ((((7 | (8 | (((11 | ((13 | (((16 | ((18 | (19 | !20)) | !17)) | !15) | !14)) | !12)) | !10) | !9))) | !6) | !5) | !4)))) | !0)) & (t)] 0
[(!(((2 | (3 | ((5 | (6 | (7 | (8 | (((11 | (((((16 | !(17 & 18)) | !15) | !14) | !13) | !12)) | !10) | !9))))) | !4))) | !1) | !0)) & (t)] 0
[(!((((((5 | (6 | (((((((13 | (((16 | (17 | 18)) | !15) | !14)) | !12) | !11) | !10) | !9) | !8) | !7))) | !4) | !3) | !2) | !1) | !0)) & (t)] 0
[(!((((((5 | ((((((((13 | (((16 | (17 | 18)) | !15) | !14)) | !12) | !11) | !10) | !9) | !8) | !7) | !6)) | !4) | !3) | !2) | !1) | !0)) & (t)] 0
[(!(((2 | (3 | ((((7 | ((((11 | (12 | (13 | (14 | ((16 | ((18 | 19) | !17)) | !15))))) | !10) | !9) | !8)) | !6) | !5) | !4))) | !1) | !0)) & (t)] 0
[(!(((2 | (3 | ((((7 | ((((11 | (12 | (13 | (14 | ((16 | ((18 | (20 | !19)) | !17)) | !15))))) | !10) | !9) | !8)) | !6) | !5) | !4))) | !1) | !0)) & (t)] 0
[(!((1 | (2 | (3 | ((((7 | ((((11 | ((13 | (14 | ((16 | ((18 | (19 | 20)) | !17)) | !15))) | !12)) | !10) | !9) | !8)) | !6) | !5) | !4)))) | !0)) & (t)] 0
[(!((1 | (2 | (3 | ((((7 | ((((11 | ((13 | (14 | ((16 | ((18 | (20 | !19)) | !17)) | !15))) | !12)) | !10) | !9) | !8)) | !6) | !5) | !4)))) | !0)) & (t)] 0
[(!((1 | (2 | (3 | ((((7 | ((((11 | ((13 | (((16 | ((18 | (20 | !19)) | !17)) | !15) | !14)) | !12)) | !10) | !9) | !8)) | !6) | !5) | !4)))) | !0)) & (t)] 0
[(!(((2 | (3 | ((((7 | (8 | (((11 | ((13 | (((16 | ((18 | (19 | 20)) | !17)) | !15) | !14)) | !12)) | !10) | !9))) | !6) | !5) | !4))) | !1) | !0)) & (t)] 0
[(!(((2 | (3 | ((((7 | (8 | (((11 | ((13 | (((16 | ((18 | (19 | !20)) | !17)) | !15) | !14)) | !12)) | !10) | !9))) | !6) | !5) | !4))) | !1) | !0)) & (t)] 0
[(!(((2 | (3 | ((((7 | (8 | (((11 | ((13 | (((16 | ((18 | (20 | !19)) | !17)) | !15) | !14)) | !12)) | !10) | !9))) | !6) | !5) | !4))) | !1) | !0)) & (t)] 0
[(!((1 | (2 | (3 | ((((7 | ((((11 | ((13 | (14 | ((16 | ((18 | (19 | !20)) | !17)) | !15))) | !12)) | !10) | !9) | !8)) | !6) | !5) | !4)))) | !0)) & (t)] 0
[(!(((2 | (3 | ((((7 | ((((11 | ((13 | (14 | ((16 | ((18 | (19 | 20)) | !17)) | !15))) | !12)) | !10) | !9) | !8)) | !6) | !5) | !4))) | !1) | !0)) & (t)] 0
[(!(((2 | (3 | ((((7 | ((((11 | ((13 | (14 | ((16 | ((18 | (19 | !20)) | !17)) | !15))) | !12)) | !10) | !9) | !8)) | !6) | !5) | !4))) | !1) | !0)) & (t)] 0
[(!(((2 | (3 | ((((7 | ((((11 | ((13 | (14 | ((16 | ((18 | (20 | !19)) | !17)) | !15))) | !12)) | !10) | !9) | !8)) | !6) | !5) | !4))) | !1) | !0)) & (t)] 0
[(!((1 | (2 | (3 | ((((7 | (8 | (((11 | ((13 | (14 | ((16 | ((18 | (19 | 20)) | !17)) | !15))) | !12)) | !10) | !9))) | !6) | !5) | !4)))) | !0)) & (t)] 0
[(!((1 | (2 | (3 | ((((7 | (8 | (((11 | ((13 | (14 | ((16 | ((18 | (20 | !19)) | !17)) | !15))) | !12)) | !10) | !9))) | !6) | !5) | !4)))) | !0)) & (t)] 0
[(!((1 | (2 | (3 | ((((7 | (8 | (((11 | ((13 | (((16 | ((18 | (20 | !19)) | !17)) | !15) | !14)) | !12)) | !10) | !9))) | !6) | !5) | !4)))) | !0)) & (t)] 0
[(!(((2 | (3 | ((((7 | (8 | (((11 | ((13 | (14 | ((16 | ((18 | (19 | 20)) | !17)) | !15))) | !12)) | !10) | !9))) | !6) | !5) | !4))) | !1) | !0)) & (t)] 0
[(!(((2 | (3 | ((((7 | (8 | (((11 | ((13 | (14 | ((16 | ((18 | (19 | !20)) | !17)) | !15))) | !12)) | !10) | !9))) | !6) | !5) | !4))) | !1) | !0)) & (t)] 0
[(!(((2 | (3 | ((((7 | (8 | (((11 | ((13 | (14 | ((16 | ((18 | (20 | !19)) | !17)) | !15))) | !12)) | !10) | !9))) | !6) | !5) | !4))) | !1) | !0)) & (t)] 0
[(!((1 | (2 | (3 | ((((7 | (8 | (((11 | (((((16 | ((18 | 20) | !17)) | !15) | !14) | !13) | !12)) | !10) | !9))) | !6) | !5) | !4)))) | !0)) & (t)] 0
[(!((1 | (2 | (3 | ((((7 | (8 | (((11 | (((((16 | ((18 | (19 | !20)) | !17)) | !15) | !14) | !13) | !12)) | !10) | !9))) | !6) | !5) | !4)))) | !0)) & (t)] 0
[(!((1 | (2 | (3 | ((((7 | (8 | (((11 | (((((16 | ((18 | !(19 & 20)) | !17)) | !15) | !14) | !13) | !12)) | !10) | !9))) | !6) | !5) | !4)))) | !0)) & (t)] 0
[(!(((2 | (3 | ((((7 | (8 | (((11 | (((((16 | ((18 | 20) | !17)) | !15) | !14) | !13) | !12)) | !10) | !9))) | !6) | !5) | !4))) | !1) | !0)) & (t)] 0
[(!(((2 | (3 | ((((7 | (8 | (((11 | (((((16 | ((18 | (19 | !20)) | !17)) | !15) | !14) | !13) | !12)) | !10) | !9))) | !6) | !5) | !4))) | !1) | !0)) & (t)] 0
[(!(((2 | (3 | ((((7 | (8 | (((11 | (((((16 | ((18 | !(19 & 20)) | !17)) | !15) | !14) | !13) | !12)) | !10) | !9))) | !6) | !5) | !4))) | !1) | !0)) & (t)] 0
[(!((1 | (2 | (3 | ((((7 | (8 | (((11 | ((13 | (14 | ((16 | ((18 | (19 | !20)) | !17)) | !15))) | !12)) | !10) | !9))) | !6) | !5) | !4)))) | !0)) & (t)] 0
[(!(((2 | (3 | ((5 | ((7 | (8 | (((11 | (((((16 | !(17 & 18)) | !15) | !14) | !13) | !12)) | !10) | !9))) | !6)) | !4))) | !1) | !0)) & (t)] 0
[(0 & (1 & (2 & (((5 | (((((((13 | (((16 | (17 | 18)) | !15) | !14)) | !12) | !11) | !10) | !9) | !8) | !7)) | !4) | !3) | !2 & (3 | (4 & (5 & (6 & (7 & (8 & (((11 | (12 & (13 | (14 & ((16 | (18 | !17)) | !15) | !14 & ((16 | ((18 | (19 & 20)) | !17)) | !15))) | !12 & (13 | (14 & ((16 | ((18 | (19 & 20)) | !17)) | !15) | !14 & ((16 | (18 | !17)) | !15))))) | !10) | !9) | !8 & (((11 | ((13 & (((16 | (18 | !17)) | !15) | !14) | !13 & ((16 | ((18 | (19 & 20)) | !17)) | !15)) | !12)) | !10) | !9)) | !7 & (8 & (((11 | (12 & (13 | ((16 | ((18 | (19 & 20)) | !17)) | !15)) | !12 & (13 | (14 & ((16 | (18 | !17)) | !15) | !14 & ((16 | ((18 | (19 & 20)) | !17)) | !15))))) | !10) | !9) | !8 & (((11 | ((13 & (((16 | (18 | !17)) | !15) | !14) | !13 & ((16 | ((18 | (19 & 20)) | !17)) | !15)) | !12)) | !10) | !9))) | !6 & (7 & (8 & (((11 | ((13 | (((16 | ((18 | (19 & 20)) | !17)) | !15) | !14)) | !12)) | !10) | !9) | !8 & (((11 | ((((16 | (18 | !17)) | !15) | !14) | !12)) | !10) | !9)) | !7 & (8 & (((11 | ((13 | (((16 | (18 | !17)) | !15) | !14)) | !12)) | !10) | !9) | !8 & (((11 | ((((16 | (18 | !17)) | !15) | !14) | !12)) | !10) | !9)))) | !5 & (6 & (7 & (8 & (9 & (10 & (11 & ((13 | (14 & ((16 | 18) | !15) | !14 & ((16 | (17 | 18)) | !15))) | !12) | !11 & (12 & (13 | (((16 | !(17 & 18)) | !15) | !14)) | !12 & (13 | (14 | ((16 | !(17 & 18)) | !15))))) | !10 & (((13 | (14 & (((17 | 18) | !16) | !15) | !14 & (15 & ((17 | 18) | !16) | !15 & ((18 | !17) | !16)))) | !12) | !11)) | !9 & (10 | (((13 | (14 | (15 | ((18 | !17) | !16)))) | !12) | !11))) | !8 & (((11 | (((((16 | !(17 & 18)) | !15) | !14) | !13) | !12)) | !10) | !9)) | !7 & (8 & (9 & (10 & (11 & (12 | (13 | (((16 | 18) | !15) | !14))) | !11 & (12 | (13 | (((16 | !(17 & 18)) | !15) | !14)))) | !10 & ((12 | (13 | (14 & ((17 | 18) | !15) | !14 & (15 & (17 | 18) | !15 & (18 | !17))))) | !11)) | !9 & (10 | ((12 | (13 | (14 | (15 | ((18 | !17) | !16))))) | !11))) | !8 & (((11 | (((((16 | !(17 & 18)) | !15) | !14) | !13) | !12)) | !10) | !9))) | !6 & (7 & (8 & (((((13 | (((16 | (17 | 18)) | !15) | !14)) | !12) | !11) | !10) | !9) | !8 & (((11 | ((((16 | !(17 & 18)) | !15) | !14) | !12)) | !10) | !9)) | !7 & (8 & ((10 & (11 & (12 | (13 | (((16 | (17 | 18)) | !15) | !14))) | !11 & ((13 | (((16 | !(17 & 18)) | !15) | !14)) | !12)) | !10 & ((12 | (13 | (((16 | (17 | 18)) | !15) | !14))) | !11)) | !9) | !8 & (((11 | ((((16 | !(17 & 18)) | !15) | !14) | !12)) | !10) | !9))))) | !4 & (5 | (6 | (((((((13 | ((15 | (16 | (18 | !17))) | !14)) | !12) | !11) | !10) | !9) | !8) | !7)))))) | !1 & (2 | (3 | (((6 & (7 & (8 & (((11 | (12 & (13 | (14 & ((16 | (18 | !17)) | !15) | !14 & ((16 | ((18 | (19 & 20)) | !17)) | !15))) | !12 & (13 | (14 & ((16 | ((18 | (19 & 20)) | !17)) | !15) | !14 & ((16 | (18 | !17)) | !15))))) | !10) | !9) | !8 & (((11 | ((13 & (((16 | (18 | !17)) | !15) | !14) | !13 & ((16 | ((18 | (19 & 20)) | !17)) | !15)) | !12)) | !10) | !9)) | !7 & (8 & (((11 | (12 & (13 | ((16 | ((18 | (19 & 20)) | !17)) | !15)) | !12 & (13 | (14 & ((16 | (18 | !17)) | !15) | !14 & ((16 | ((18 | (19 & 20)) | !17)) | !15))))) | !10) | !9) | !8 & (((11 | ((13 & (((16 | (18 | !17)) | !15) | !14) | !13 & ((16 | ((18 | (19 & 20)) | !17)) | !15)) | !12)) | !10) | !9))) | !6 & (7 & (8 & (((11 | ((13 | (((16 | ((18 | (19 & 20)) | !17)) | !15) | !14)) | !12)) | !10) | !9) | !8 & (((11 | ((((16 | (18 | !17)) | !15) | !14) | !12)) | !10) | !9)) | !7 & (8 & (((11 | ((13 | (((16 | (18 | !17)) | !15) | !14)) | !12)) | !10) | !9) | !8 & (((11 | ((((16 | (18 | !17)) | !15) | !14) | !12)) | !10) | !9)))) | !5) | !4)))) | !0 & (1 & (2 & ((4 & (5 | ((8 | (((((13 | ((((17 | 18) | !16) | !15) | !14)) | !12) | !11) | !10) | !9)) | !7)) | !4 & (5 | ((8 | (((((13 | (((17 | 18) | !15) | !14)) | !12) | !11) | !10) | !9)) | !7))) | !3) | !2 & (3 & (4 & (5 | (((8 | (9 & ((((13 | (14 | (((17 | 18) | !16) | !15))) | !12) | !11) | !10) | !9 & ((((13 | (((17 | 18) | !16) | !15)) | !12) | !11) | !10))) | !7) | !6)) | !4 & (5 | (((8 | (((((13 | (14 | (((17 | 18) | !16) | !15))) | !12) | !11) | !10) | !9)) | !7) | !6))) | !3 & (4 & (5 & (6 & ((8 & ((11 | (13 | (14 & ((((18 | (19 & 20)) | !17) | !16) | !15) | !14 & (((18 | !17) | !16) | !15)))) | !10) | !8 & ((11 | ((13 & ((((18 | !17) | !16) | !15) | !14) | !13 & (((18 | !17) | !16) | !15)) | !12)) | !10)) | !7) | !6 & ((8 & ((11 | ((13 | (((((18 | (19 & 20)) | !17) | !16) | !15) | !14)) | !12)) | !10) | !8 & ((11 | ((13 & ((((18 | !17) | !16) | !15) | !14) | !13 & (((((18 | (19 & 20)) | !17) | !16) | !15) | !14)) | !12)) | !10)) | !7)) | !5 & (6 & ((8 & ((11 | (13 | (14 | !(15 & (16 & (17 & 18)))))) | !10) | !8 & (9 & ((11 & ((13 | (14 & (15 & (18 | !16) | !15 & ((18 | !17) | !16)) | !14 & (((17 | 18) | !16) | !15))) | !12) | !11 & !(12 & (14 & (15 & (16 & (17 & 18)))))) | !10) | !9 & (10 & (11 & ((13 | ((((18 | !17) | !16) | !15) | !14)) | !12) | !11 & !(12 & (13 & (14 & (15 & (16 & (17 & 18)))) | !13 & (15 & (16 & (17 & 18)))))) | !10 & (((13 | (14 | (15 | ((18 | !17) | !16)))) | !12) | !11)))) | !7) | !6 & ((8 | ((11 | !(12 & (13 & (14 & (15 & (16 & (17 & 18))))))) | !10)) | !7))) | !4 & (5 & (6 & ((8 & (((11 | (13 | (((18 | !17) | !16) | !15))) | !10) | !9) | !8 & (((11 | ((13 & ((((18 | !17) | !16) | !15) | !14) | !13 & (14 & (((18 | !17) | !16) | !15) | !14 & ((((18 | (19 & 20)) | !17) | !16) | !15))) | !12)) | !10) | !9)) | !7) | !6 & ((8 & (((11 | ((13 | ((((18 | !17) | !16) | !15) | !14)) | !12)) | !10) | !9) | !8 & (((11 | (((((18 | !17) | !16) | !15) | !14) | !12)) | !10) | !9)) | !7)) | !5 & (6 & ((8 & (((11 | (13 | (14 | !(15 & (16 & (17 & 18)))))) | !10) | !9) | !8 & (((11 | !(12 & (14 & (15 & (16 & (17 & 18)))))) | !10) | !9)) | !7) | !6 & ((8 | (((11 & ((13 | ((15 & ((18 | !17) | !16) | !15 & (18 | !17)) | !14)) | !12) | !11 & !(12 & (14 & (15 & (16 & (17 & 18)))))) | !10) | !9)) | !7)))))) | !1 & (2 | (3 | (4 & ((6 & ((8 & ((11 | (13 | (14 & ((((18 | (19 & 20)) | !17) | !16) | !15) | !14 & (((18 | !17) | !16) | !15)))) | !10) | !8 & ((11 | ((13 & ((((18 | !17) | !16) | !15) | !14) | !13 & (((18 | !17) | !16) | !15)) | !12)) | !10)) | !7) | !6 & ((8 & ((11 | ((13 | (((((18 | (19 & 20)) | !17) | !16) | !15) | !14)) | !12)) | !10) | !8 & ((11 | ((13 & ((((18 | !17) | !16) | !15) | !14) | !13 & (((((18 | (19 & 20)) | !17) | !16) | !15) | !14)) | !12)) | !10)) | !7)) | !5) | !4 & ((6 & ((8 & (((11 | (13 | (((18 | !17) | !16) | !15))) | !10) | !9) | !8 & (((11 | ((13 & ((((18 | !17) | !16) | !15) | !14) | !13 & (14 & (((18 | !17) | !16) | !15) | !14 & ((((18 | (19 & 20)) | !17) | !16) | !15))) | !12)) | !10) | !9)) | !7) | !6 & ((8 & (((11 | ((13 | ((((18 | !17) | !16) | !15) | !14)) | !12)) | !10) | !9) | !8 & (((11 | ((13 & ((15 & ((18 | !17) | !16) | !15 & ((17 | 18) | !16)) | !14) | !13 & ((((18 | !17) | !16) | !15) | !14)) | !12)) | !10) | !9)) | !7)) | !5)))))) & (t)] 0
--END--
Synthesis took:  434584.36942100525 ms
