Processing program.
spec contains 2 APs (['move', 'goal'])
simplified !FALSE (len 6) to True (len 4)
True
Starting abstract synthesis loop.
adding  to predicate abstraction
constructing LTL abstraction
ltl abstraction took: 0.0004961490631103516
running LTL synthesis
massaging abstract counterstrategy
checking for compatibility of counterstrategy with program
trying fairness refinement
trying safety refinement
adding (x <= 0), (x >= 0) to predicate abstraction
constructing LTL abstraction
ltl abstraction took: 0.0007853507995605469
running LTL synthesis
massaging abstract counterstrategy
checking for compatibility of counterstrategy with program
trying fairness refinement
Structural Refinement: 
entry_cond:TRUE
exit_cond:(x >= 0)
loop:(x := (x + 1))
adding (x = x_prev), (x = (x_prev + 1)) to predicate abstraction
constructing LTL abstraction
ltl abstraction took: 0.0006434917449951172
running LTL synthesis
massaging abstract counterstrategy
checking for compatibility of counterstrategy with program
trying fairness refinement
Structural Refinement: 
entry_cond:TRUE
exit_cond:(x <= 0)
loop:(x := (x - 1))
adding (x = (x_prev - 1)) to predicate abstraction
constructing LTL abstraction
ltl abstraction took: 0.0014312267303466797
running LTL synthesis
Realizable.
REALIZABLE
HOA: v1
tool: "strix" "21.0.0"
States: 1
Start: 0
AP: 14 "pred__x_LTEQ_0_" "in_loop0_0" "setvars" "pred__x_GTEQ_0_" "pred__x_EQ__xprev_PLUS_1__" "in_loop1_0" "pred__x_EQ_xprev_" "goal" "move" "pred__x_EQ__xprev_MINUS_1__" "estay" "einc" "cstay" "cinc"
controllable-AP: 12 13
acc-name: all
Acceptance: 0 t
--BODY--
State: 0 "[0]"
[(!((1 | (((4 | (5 | (6 | (7 | (8 | (9 | 10)))))) | !3) | !2)) | !0)) & (t)] 0
[(!((1 | (((4 | (5 | (6 | (7 | (8 | (9 | (11 | !10))))))) | !3) | !2)) | !0)) & (t)] 0
[(!((1 | (((4 | (5 | (6 | (7 | (8 | (9 | !(10 & 11))))))) | !3) | !2)) | !0)) & (t)] 0
[(!((1 | ((3 | (4 | (5 | (6 | (7 | (8 | (10 | !9))))))) | !2)) | !0)) & (t)] 0
[(!((1 | ((3 | (4 | (5 | (6 | (7 | (8 | ((11 | !10) | !9))))))) | !2)) | !0)) & (t)] 0
[(!((1 | ((3 | (4 | (5 | (6 | (7 | (8 | !(9 & (10 & 11)))))))) | !2)) | !0)) & (t)] 0
[(!(0 | (1 | ((((5 | (6 | (7 | (8 | (9 | 10))))) | !4) | !3) | !2)))) & (t)] 0
[(!(0 | (1 | ((((5 | (6 | (7 | (8 | (9 | (11 | !10)))))) | !4) | !3) | !2)))) & (t)] 0
[(!(0 | (1 | ((((5 | (6 | (7 | (8 | (9 | !(10 & 11)))))) | !4) | !3) | !2)))) & (t)] 0
[(!((1 | (2 | (3 | (4 | (5 | ((7 | (9 | !8)) | !6)))))) | !0)) & (12 & 13)] 0
[(!((((3 | ((5 | (6 | (7 | (8 | (9 | 10))))) | !4)) | !2) | !1) | !0)) & (t)] 0
[(!(((((5 | (6 | (7 | (8 | (9 | (11 | !10)))))) | !4) | !2) | !1) | !0)) & (t)] 0
[(!((((3 | ((5 | (6 | (7 | (8 | (9 | !(10 & 11)))))) | !4)) | !2) | !1) | !0)) & (t)] 0
[(!((((((5 | (6 | (7 | (8 | (9 | 10))))) | !4) | !3) | !2) | !1) | !0)) & (t)] 0
[(!((((((5 | (6 | (7 | (8 | (9 | !(10 & 11)))))) | !4) | !3) | !2) | !1) | !0)) & (t)] 0
[(!(0 | (1 | (2 | ((4 | (5 | ((7 | (9 | !8)) | !6))) | !3))))) & (!(13 | !12))] 0
[(!(0 | (1 | (((4 | ((6 | (7 | (8 | (10 | !9)))) | !5)) | !3) | !2)))) & (t)] 0
[(!(0 | (1 | (((4 | ((6 | (7 | (8 | ((11 | !10) | !9)))) | !5)) | !3) | !2)))) & (t)] 0
[(!(1 | (((4 | ((6 | (7 | (8 | !(9 & (10 & 11))))) | !5)) | !3) | !2))) & (t)] 0
[(!((1 | (((4 | ((6 | (7 | (8 | (10 | !9)))) | !5)) | !3) | !2)) | !0)) & (t)] 0
[(!((1 | (((4 | ((6 | (7 | (8 | ((11 | !10) | !9)))) | !5)) | !3) | !2)) | !0)) & (t)] 0
[(!(((2 | (3 | ((5 | (6 | (7 | (9 | !8)))) | !4))) | !1) | !0)) & (12 & 13)] 0
[(!(((2 | (3 | (4 | (5 | ((7 | (9 | !8)) | !6))))) | !1) | !0)) & (12 & 13)] 0
[(!(0 | (1 | (2 | ((4 | ((6 | (7 | !(8 & 9))) | !5)) | !3))))) & (!(13 | !12))] 0
[(!(0 | (1 | (2 | ((4 | (((7 | (9 | !8)) | !6) | !5)) | !3))))) & (!(13 | !12))] 0
[(0 & (1 & (2 & ((5 | (6 | (7 | (8 | 9)))) | !4) | !2 & (3 | (4 & (5 | (6 | (7 | (9 | !8)))) | !4 & (5 | ((7 | (9 | !8)) | !6))))) | !1 & (2 & (3 & (4 | (5 & (6 | (7 | (8 | !9))) | !5 & (6 | (7 | (8 | 9))))) | !3 & (4 | (5 | (6 | (7 | (8 | !9)))))) | !2 & (3 | (4 | (5 | ((7 | (9 | !8)) | !6)))))) | !0 & (1 | (2 & ((4 & (5 | (6 | (7 | (8 | 9)))) | !4 & ((6 | (7 | (8 | !9))) | !5)) | !3) | !2 & ((4 | (5 & (6 & (7 | (9 | !8)) | !6 & (7 | !(8 & 9))) | !5 & ((7 | (9 | !8)) | !6))) | !3)))) & (t)] 0
--END--
Synthesis took:  6516.473054885864 ms
