Processing program.
spec contains 11 APs (['entry_r', '(cr == 0)', 'entry_l', 'exit_r', 'l2r', 'exit_l', 'stop_r', '(cr > 0)', '(cl == 0)', '(cl > 0)', 'stop_l'])
Starting abstract synthesis loop.
adding ((cr + 1) <= 10), (10 <= cl), (cl_prev < cl), (cl <= 0), (cr_prev > cr), (0 <= cl), (cr_prev < cr), (0 <= cr), (cr <= 0), (cl_prev > cl) to predicate abstraction
constructing LTL abstraction
ltl abstraction took: 0.0031223297119140625
running LTL synthesis
Realizable.
REALIZABLE
HOA: v1
tool: "strix" "21.0.0"
States: 5
Start: 2
AP: 18 "pred__0_LTEQ_cl_" "q0" "pred__0_LTEQ_cr_" "pred__10_LTEQ_cl_" "pred__cr_LTEQ_0_" "pred__clprev_GT_cl_" "pred__crprev_LT_cr_" "pred__cl_LTEQ_0_" "pred___cr_PLUS_1__LTEQ_10_" "pred__crprev_GT_cr_" "pred__clprev_LT_cl_" "l2r" "exit_r" "exit_l" "entry_r" "entry_l" "stop_r" "stop_l"
controllable-AP: 16 17
acc-name: all
Acceptance: 0 t
--BODY--
State: 0 "[0]"
[(!((3 | ((5 | (6 | (((9 | (10 | ((12 & (14 | 15) | !12 & ((14 | 15) | !13)) | !11))) | !8) | !7))) | !4)) | !1)) & (!(17 | !16))] 0
[(!((3 | ((5 | (6 | (((9 | (10 | (11 | (12 & (14 | 15) | !12 & ((14 | 15) | !13))))) | !8) | !7))) | !4)) | !1)) & (!(17 | !16))] 2
[((3 & ((5 | (6 | (7 | ((9 | 14) | !8)))) | !4) | !3 & (4 & (5 & (6 | ((9 | (10 | 14)) | !8)) | !5 & (6 | (7 & ((9 & (10 | 15) | !9 & (10 | (14 & 15))) | !8) | !7 & ((9 | 14) | !8)))) | !4 & (5 | (6 & ((9 | (10 | 15)) | !7) | !6 & ((8 & (10 | 15) | !8 & (9 | (10 | 15))) | !7))))) | !1) & (t)] 3
[(!((3 | ((5 | (6 | ((((10 | (11 | ((15 | !14) | !13))) | !9) | !8) | !7))) | !4)) | !1)) & (!(16 | !17))] 1
[(!((3 | ((5 | (6 | ((((10 | (((15 | !14) | !13) | !11)) | !9) | !8) | !7))) | !4)) | !1)) & (!(17 | !16))] 0
[(!((((5 | (6 | (7 | ((9 | ((11 | (12 | (14 | !15))) | !10)) | !8)))) | !4) | !3) | !1)) & (!(17 | !16))] 0
[(!((((5 | (6 | (7 | ((9 | (((12 | (14 | !15)) | !11) | !10)) | !8)))) | !4) | !3) | !1)) & (!(17 | !16))] 2
[(!((3 | (((6 | (((9 | (10 | (11 | ((14 | !15) | !12)))) | !8) | !7)) | !5) | !4)) | !1)) & (!(16 | !17))] 1
[(!((3 | (((6 | (((9 | (10 | (((14 | !15) | !12) | !11))) | !8) | !7)) | !5) | !4)) | !1)) & (!(17 | !16))] 0
[(!((3 | (4 | (5 | (6 | ((8 | (9 | (10 | (11 | (13 | (15 | !14)))))) | !7))))) | !1)) & (!(16 | !17))] 0
[(!((3 | (4 | (5 | (6 | ((8 | (9 | (10 | ((13 | (15 | !14)) | !11)))) | !7))))) | !1)) & (!(16 | !17))] 1
[(!((((5 | (6 | (7 | ((9 | (10 | (11 | (12 | (14 | !15))))) | !8)))) | !4) | !3) | !1)) & (!(17 | !16))] 0
[(!((((5 | (6 | (7 | ((9 | (10 | ((12 | (14 | !15)) | !11))) | !8)))) | !4) | !3) | !1)) & (!(17 | !16))] 2
[(!((3 | ((5 | (6 | (((9 | (10 | (11 | ((14 | !15) | !12)))) | !8) | !7))) | !4)) | !1)) & (!(17 | !16))] 2
[(!((3 | ((5 | (6 | (((9 | (10 | (((14 | !15) | !12) | !11))) | !8) | !7))) | !4)) | !1)) & (!(17 | !16))] 0
[(!((3 | ((5 | (6 | (((9 | (10 | (11 | ((15 | !14) | !13)))) | !8) | !7))) | !4)) | !1)) & (t)] 0
[(!((3 | ((5 | (6 | (((9 | (10 | (((15 | !14) | !13) | !11))) | !8) | !7))) | !4)) | !1)) & (t)] 2
[(!((3 | (4 | (5 | (((8 | (9 | (10 | (11 | (13 | (15 | !14)))))) | !7) | !6)))) | !1)) & (t)] 0
[(!((3 | (4 | (5 | (((8 | (9 | (10 | ((13 | (15 | !14)) | !11)))) | !7) | !6)))) | !1)) & (t)] 1
[(!((3 | ((5 | (6 | (((9 | (10 | (11 | (12 | (13 | (14 | 15)))))) | !8) | !7))) | !4)) | !1)) & (!(17 | !16))] 2
[(!((3 | ((5 | (6 | (((9 | (10 | ((12 | (13 | (14 | 15))) | !11))) | !8) | !7))) | !4)) | !1)) & (!(17 | !16))] 0
[(!((3 | ((5 | (6 | (((9 | (10 | (11 | (13 | (15 | !14))))) | !8) | !7))) | !4)) | !1)) & (t)] 1
[(!((3 | ((5 | (6 | (((9 | (10 | ((13 | (15 | !14)) | !11))) | !8) | !7))) | !4)) | !1)) & (t)] 0
[(!((3 | ((5 | (6 | (((9 | (10 | (11 | (12 | (14 | !15))))) | !8) | !7))) | !4)) | !1)) & (!(17 | !16))] 3
[(!((3 | ((5 | (6 | (((9 | (10 | ((12 | (14 | !15)) | !11))) | !8) | !7))) | !4)) | !1)) & (!(17 | !16))] 1
[(!((3 | (4 | (5 | ((((9 | (10 | (11 | (13 | (14 | 15))))) | !8) | !7) | !6)))) | !1)) & (!(16 | !17))] 1
[(!((3 | (4 | (5 | ((((9 | (10 | (11 | (13 | (15 | !14))))) | !8) | !7) | !6)))) | !1)) & (!(16 | !17))] 1
[(!((3 | (4 | (5 | ((((9 | (10 | (11 | ((14 | 15) | !13)))) | !8) | !7) | !6)))) | !1)) & (!(16 | !17))] 2
[(!((3 | (4 | (5 | ((((9 | (10 | (11 | ((15 | !14) | !13)))) | !8) | !7) | !6)))) | !1)) & (!(16 | !17))] 1
[(!((3 | (4 | (5 | ((((9 | (10 | ((13 | (14 | 15)) | !11))) | !8) | !7) | !6)))) | !1)) & (!(16 | !17))] 0
[(!((3 | (4 | (5 | ((((9 | (10 | ((13 | (15 | !14)) | !11))) | !8) | !7) | !6)))) | !1)) & (16 & 17)] 0
[(!((3 | (4 | (5 | ((((9 | (10 | (((14 | 15) | !13) | !11))) | !8) | !7) | !6)))) | !1)) & (16 & 17)] 0
[(!((3 | (4 | (5 | ((((9 | (10 | (((15 | !14) | !13) | !11))) | !8) | !7) | !6)))) | !1)) & (16 & 17)] 3
[(!((3 | ((5 | (6 | (7 | ((9 | ((11 | (12 | (14 | 15))) | !10)) | !8)))) | !4)) | !1)) & (16 & 17)] 2
[(!((3 | ((5 | (6 | (7 | ((9 | ((11 | (12 | (14 | !15))) | !10)) | !8)))) | !4)) | !1)) & (!(17 | !16))] 0
[(!((3 | ((5 | (6 | (7 | ((9 | ((11 | ((14 | 15) | !12)) | !10)) | !8)))) | !4)) | !1)) & (16 & 17)] 0
[(!((3 | ((5 | (6 | (7 | ((9 | ((11 | ((14 | !15) | !12)) | !10)) | !8)))) | !4)) | !1)) & (!(17 | !16))] 1
[(!((3 | ((5 | (6 | (7 | ((9 | (((12 | (14 | 15)) | !11) | !10)) | !8)))) | !4)) | !1)) & (!(17 | !16))] 0
[(!((3 | ((5 | (6 | (7 | ((9 | (((12 | (14 | !15)) | !11) | !10)) | !8)))) | !4)) | !1)) & (!(17 | !16))] 1
[(!((3 | ((5 | (6 | (7 | ((9 | ((((14 | 15) | !12) | !11) | !10)) | !8)))) | !4)) | !1)) & (!(17 | !16))] 4
[(!((3 | ((5 | (6 | (7 | ((9 | ((((14 | !15) | !12) | !11) | !10)) | !8)))) | !4)) | !1)) & (!(17 | !16))] 0
[(!((3 | (4 | (5 | (6 | (((9 | (10 | (11 | (13 | (14 | 15))))) | !8) | !7))))) | !1)) & (!(16 | !17))] 1
[(!((3 | (4 | (5 | (6 | (((9 | (10 | (11 | (13 | (15 | !14))))) | !8) | !7))))) | !1)) & (!(16 | !17))] 1
[(!((3 | (4 | (5 | (6 | (((9 | (10 | (11 | ((14 | 15) | !13)))) | !8) | !7))))) | !1)) & (!(16 | !17))] 1
[(!((3 | (4 | (5 | (6 | (((9 | (10 | (11 | ((15 | !14) | !13)))) | !8) | !7))))) | !1)) & (!(16 | !17))] 1
[(!((3 | (4 | (5 | (6 | (((9 | (10 | ((13 | (14 | 15)) | !11))) | !8) | !7))))) | !1)) & (!(16 | !17))] 0
[(!((3 | (4 | (5 | (6 | (((9 | (10 | ((13 | (15 | !14)) | !11))) | !8) | !7))))) | !1)) & (16 & 17)] 3
[(!((3 | (4 | (5 | (6 | (((9 | (10 | (((14 | 15) | !13) | !11))) | !8) | !7))))) | !1)) & (16 & 17)] 0
[(!((3 | (4 | (5 | (6 | (((9 | (10 | (((15 | !14) | !13) | !11))) | !8) | !7))))) | !1)) & (16 & 17)] 3
[(!((3 | (4 | (5 | (((8 | (9 | (10 | (11 | ((14 | 15) | !13))))) | !7) | !6)))) | !1)) & (!(16 | !17))] 2
[(!((3 | (4 | (5 | (((8 | (9 | (10 | (11 | ((15 | !14) | !13))))) | !7) | !6)))) | !1)) & (t)] 0
[(!((3 | (4 | (5 | (((8 | (9 | (10 | (((14 | 15) | !13) | !11)))) | !7) | !6)))) | !1)) & (16 & 17)] 0
[(!((3 | (4 | (5 | (((8 | (9 | (10 | (((15 | !14) | !13) | !11)))) | !7) | !6)))) | !1)) & (t)] 1
[(!((3 | (4 | (5 | (6 | ((((10 | (11 | (13 | (14 | 15)))) | !9) | !8) | !7))))) | !1)) & (!(16 | !17))] 1
[(!((3 | (4 | (5 | (6 | ((((10 | (11 | (13 | (15 | !14)))) | !9) | !8) | !7))))) | !1)) & (!(16 | !17))] 1
[(!((3 | (4 | (5 | (6 | ((((10 | (11 | ((14 | 15) | !13))) | !9) | !8) | !7))))) | !1)) & (!(16 | !17))] 1
[(!((3 | (4 | (5 | (6 | ((((10 | (11 | ((15 | !14) | !13))) | !9) | !8) | !7))))) | !1)) & (!(16 | !17))] 1
[(!((3 | (4 | (5 | (6 | ((((10 | ((13 | (14 | 15)) | !11)) | !9) | !8) | !7))))) | !1)) & (16 & 17)] 4
[(!((3 | (4 | (5 | (6 | ((((10 | ((13 | (15 | !14)) | !11)) | !9) | !8) | !7))))) | !1)) & (16 & 17)] 0
[(!((3 | (4 | (5 | (6 | ((((10 | (((14 | 15) | !13) | !11)) | !9) | !8) | !7))))) | !1)) & (16 & 17)] 0
[(!((3 | (4 | (5 | (6 | ((((10 | (((15 | !14) | !13) | !11)) | !9) | !8) | !7))))) | !1)) & (16 & 17)] 4
[(!((3 | ((5 | (6 | ((((10 | (11 | (13 | (15 | !14)))) | !9) | !8) | !7))) | !4)) | !1)) & (!(16 | !17))] 1
[(!((3 | ((5 | (6 | ((((10 | ((13 | (15 | !14)) | !11)) | !9) | !8) | !7))) | !4)) | !1)) & (!(16 | !17))] 0
[(!((3 | (4 | (5 | (((8 | (9 | (10 | (11 | (13 | (14 | 15)))))) | !7) | !6)))) | !1)) & (!(16 | !17))] 0
[(!((3 | (4 | (5 | (((8 | (9 | (10 | ((13 | (14 | 15)) | !11)))) | !7) | !6)))) | !1)) & (16 & 17)] 4
[(!((3 | ((5 | (6 | ((((10 | (11 | (14 | 15))) | !9) | !8) | !7))) | !4)) | !1)) & (!(16 | !17))] 1
[(!((3 | ((5 | (6 | ((((10 | ((14 | 15) | !11)) | !9) | !8) | !7))) | !4)) | !1)) & (!(17 | !16))] 0
[(!((3 | ((5 | (6 | (7 | ((9 | (10 | (11 | (12 | (14 | 15))))) | !8)))) | !4)) | !1)) & (!(17 | !16))] 3
[(!((3 | ((5 | (6 | (7 | ((9 | (10 | (11 | (12 | (14 | !15))))) | !8)))) | !4)) | !1)) & (!(17 | !16))] 2
[(!((3 | ((5 | (6 | (7 | ((9 | (10 | (11 | ((14 | 15) | !12)))) | !8)))) | !4)) | !1)) & (!(17 | !16))] 0
[(!((3 | ((5 | (6 | (7 | ((9 | (10 | (11 | ((14 | !15) | !12)))) | !8)))) | !4)) | !1)) & (!(17 | !16))] 2
[(!((3 | ((5 | (6 | (7 | ((9 | (10 | ((12 | (14 | 15)) | !11))) | !8)))) | !4)) | !1)) & (!(17 | !16))] 0
[(!((3 | ((5 | (6 | (7 | ((9 | (10 | ((12 | (14 | !15)) | !11))) | !8)))) | !4)) | !1)) & (!(17 | !16))] 1
[(!((3 | ((5 | (6 | (7 | ((9 | (10 | (((14 | 15) | !12) | !11))) | !8)))) | !4)) | !1)) & (!(17 | !16))] 3
[(!((3 | ((5 | (6 | (7 | ((9 | (10 | (((14 | !15) | !12) | !11))) | !8)))) | !4)) | !1)) & (!(17 | !16))] 0
[(!((((5 | (6 | (7 | ((9 | ((11 | ((14 | 15) | !12)) | !10)) | !8)))) | !4) | !3) | !1)) & (16 & 17)] 0
[(!((((5 | (6 | (7 | ((9 | ((11 | ((14 | !15) | !12)) | !10)) | !8)))) | !4) | !3) | !1)) & (16 & 17)] 1
[(!((((5 | (6 | (7 | ((9 | ((((14 | 15) | !12) | !11) | !10)) | !8)))) | !4) | !3) | !1)) & (!(17 | !16))] 3
[(!((((5 | (6 | (7 | ((9 | ((((14 | !15) | !12) | !11) | !10)) | !8)))) | !4) | !3) | !1)) & (!(17 | !16))] 2
[(!((((5 | (6 | (7 | ((9 | ((11 | (12 | (14 | 15))) | !10)) | !8)))) | !4) | !3) | !1)) & (!(17 | !16))] 0
[(!((((5 | (6 | (7 | ((9 | (((12 | (14 | 15)) | !11) | !10)) | !8)))) | !4) | !3) | !1)) & (!(17 | !16))] 2
[(!((3 | (((6 | (7 | ((9 | (10 | (11 | (12 | (14 | 15))))) | !8))) | !5) | !4)) | !1)) & (16 & 17)] 1
[(!((3 | (((6 | (7 | ((9 | (10 | (11 | ((14 | 15) | !12)))) | !8))) | !5) | !4)) | !1)) & (16 & 17)] 2
[(!((3 | (((6 | (7 | ((9 | (10 | ((12 | (14 | 15)) | !11))) | !8))) | !5) | !4)) | !1)) & (!(17 | !16))] 0
[(!((3 | (((6 | (7 | ((9 | (10 | (((14 | 15) | !12) | !11))) | !8))) | !5) | !4)) | !1)) & (!(17 | !16))] 1
[(!((3 | (((6 | (((9 | (10 | (11 | (14 | 15)))) | !8) | !7)) | !5) | !4)) | !1)) & (!(16 | !17))] 1
[(!((3 | (((6 | (((9 | (10 | ((14 | 15) | !11))) | !8) | !7)) | !5) | !4)) | !1)) & (!(17 | !16))] 0
[(!((3 | (((6 | (7 | ((9 | (10 | (11 | (12 | (14 | !15))))) | !8))) | !5) | !4)) | !1)) & (16 & 17)] 3
[(!((3 | (((6 | (7 | ((9 | (10 | (11 | ((14 | !15) | !12)))) | !8))) | !5) | !4)) | !1)) & (16 & 17)] 1
[(!((3 | (((6 | (7 | ((9 | (10 | ((12 | (14 | !15)) | !11))) | !8))) | !5) | !4)) | !1)) & (!(17 | !16))] 1
[(!((3 | (((6 | (7 | ((9 | (10 | (((14 | !15) | !12) | !11))) | !8))) | !5) | !4)) | !1)) & (!(17 | !16))] 0
[(!((3 | (((6 | (((9 | (10 | (11 | (12 | (14 | !15))))) | !8) | !7)) | !5) | !4)) | !1)) & (!(17 | !16))] 3
[(!((3 | (((6 | (((9 | (10 | ((12 | (14 | !15)) | !11))) | !8) | !7)) | !5) | !4)) | !1)) & (!(17 | !16))] 1
[(!((3 | (4 | (5 | (6 | ((8 | (9 | (10 | (11 | ((14 | 15) | !13))))) | !7))))) | !1)) & (!(16 | !17))] 2
[(!((3 | (4 | (5 | (6 | ((8 | (9 | (10 | (11 | ((15 | !14) | !13))))) | !7))))) | !1)) & (!(16 | !17))] 0
[(!((3 | (4 | (5 | (6 | ((8 | (9 | (10 | (((14 | 15) | !13) | !11)))) | !7))))) | !1)) & (!(16 | !17))] 0
[(!((3 | (4 | (5 | (6 | ((8 | (9 | (10 | (((15 | !14) | !13) | !11)))) | !7))))) | !1)) & (!(16 | !17))] 2
[(!((3 | (4 | (5 | (6 | ((8 | (9 | (10 | (11 | (13 | (14 | 15)))))) | !7))))) | !1)) & (!(16 | !17))] 0
[(!((3 | (4 | (5 | (6 | ((8 | (9 | (10 | ((13 | (14 | 15)) | !11)))) | !7))))) | !1)) & (!(16 | !17))] 1
[(!((((5 | (6 | (7 | ((9 | (10 | (11 | ((14 | 15) | !12)))) | !8)))) | !4) | !3) | !1)) & (16 & 17)] 0
[(!((((5 | (6 | (7 | ((9 | (10 | (11 | ((14 | !15) | !12)))) | !8)))) | !4) | !3) | !1)) & (!(17 | !16))] 1
[(!((((5 | (6 | (7 | ((9 | (10 | (((14 | 15) | !12) | !11))) | !8)))) | !4) | !3) | !1)) & (!(17 | !16))] 4
[(!((((5 | (6 | (7 | ((9 | (10 | (((14 | !15) | !12) | !11))) | !8)))) | !4) | !3) | !1)) & (!(17 | !16))] 2
[(!((((5 | (6 | (7 | ((9 | (10 | (11 | (12 | (14 | 15))))) | !8)))) | !4) | !3) | !1)) & (!(17 | !16))] 0
[(!((((5 | (6 | (7 | ((9 | (10 | ((12 | (14 | 15)) | !11))) | !8)))) | !4) | !3) | !1)) & (!(17 | !16))] 2
State: 1 "[1]"
[(!((3 | ((5 | (6 | (((9 | (10 | ((12 & (14 | 15) | !12 & ((14 | 15) | !13)) | !11))) | !8) | !7))) | !4)) | !1)) & (!(16 | !17))] 2
[(!((3 | ((5 | (6 | (((9 | (10 | (11 | (12 & (14 | 15) | !12 & ((14 | 15) | !13))))) | !8) | !7))) | !4)) | !1)) & (!(16 | !17))] 1
[((3 & ((5 | (6 | (7 | ((9 | 14) | !8)))) | !4) | !3 & (4 & (5 & (6 | ((9 | (10 | 14)) | !8)) | !5 & (6 | (7 & ((9 & (10 | 15) | !9 & (10 | (14 & 15))) | !8) | !7 & ((9 | 14) | !8)))) | !4 & (5 | (6 & ((9 | (10 | 15)) | !7) | !6 & ((8 & (10 | 15) | !8 & (9 | (10 | 15))) | !7))))) | !1) & (t)] 2
[(!((3 | ((5 | (6 | ((((10 | (11 | ((15 | !14) | !13))) | !9) | !8) | !7))) | !4)) | !1)) & (!(16 | !17))] 1
[(!((3 | ((5 | (6 | ((((10 | (((15 | !14) | !13) | !11)) | !9) | !8) | !7))) | !4)) | !1)) & (!(16 | !17))] 3
[(!((((5 | (6 | (7 | ((9 | ((11 | (12 | (14 | !15))) | !10)) | !8)))) | !4) | !3) | !1)) & (!(17 | !16))] 0
[(!((((5 | (6 | (7 | ((9 | (((12 | (14 | !15)) | !11) | !10)) | !8)))) | !4) | !3) | !1)) & (!(17 | !16))] 2
[(!((3 | (((6 | (((9 | (10 | (11 | ((14 | !15) | !12)))) | !8) | !7)) | !5) | !4)) | !1)) & (!(17 | !16))] 2
[(!((3 | (((6 | (((9 | (10 | (((14 | !15) | !12) | !11))) | !8) | !7)) | !5) | !4)) | !1)) & (!(17 | !16))] 0
[(!((3 | (4 | (5 | (6 | ((8 | (9 | (10 | (11 | (13 | (15 | !14)))))) | !7))))) | !1)) & (!(16 | !17))] 0
[(!((3 | (4 | (5 | (6 | ((8 | (9 | (10 | ((13 | (15 | !14)) | !11)))) | !7))))) | !1)) & (!(16 | !17))] 1
[(!((((5 | (6 | (7 | ((9 | (10 | (11 | (12 | (14 | !15))))) | !8)))) | !4) | !3) | !1)) & (16 & 17)] 1
[(!((((5 | (6 | (7 | ((9 | (10 | ((12 | (14 | !15)) | !11))) | !8)))) | !4) | !3) | !1)) & (!(17 | !16))] 2
[(!((3 | ((5 | (6 | (((9 | (10 | (11 | ((14 | !15) | !12)))) | !8) | !7))) | !4)) | !1)) & (t)] 0
[(!((3 | ((5 | (6 | (((9 | (10 | (((14 | !15) | !12) | !11))) | !8) | !7))) | !4)) | !1)) & (t)] 3
[(!((3 | ((5 | (6 | (((9 | (10 | (11 | ((15 | !14) | !13)))) | !8) | !7))) | !4)) | !1)) & (!(16 | !17))] 1
[(!((3 | ((5 | (6 | (((9 | (10 | (((15 | !14) | !13) | !11))) | !8) | !7))) | !4)) | !1)) & (!(16 | !17))] 2
[(!((3 | (4 | (5 | (((8 | (9 | (10 | (11 | (13 | (15 | !14)))))) | !7) | !6)))) | !1)) & (!(16 | !17))] 0
[(!((3 | (4 | (5 | (((8 | (9 | (10 | ((13 | (15 | !14)) | !11)))) | !7) | !6)))) | !1)) & (!(16 | !17))] 1
[(!((3 | ((5 | (6 | (((9 | (10 | (11 | (12 | (13 | (14 | 15)))))) | !8) | !7))) | !4)) | !1)) & (!(16 | !17))] 1
[(!((3 | ((5 | (6 | (((9 | (10 | ((12 | (13 | (14 | 15))) | !11))) | !8) | !7))) | !4)) | !1)) & (!(16 | !17))] 2
[(!((3 | ((5 | (6 | (((9 | (10 | (11 | (13 | (15 | !14))))) | !8) | !7))) | !4)) | !1)) & (!(16 | !17))] 1
[(!((3 | ((5 | (6 | (((9 | (10 | ((13 | (15 | !14)) | !11))) | !8) | !7))) | !4)) | !1)) & (!(16 | !17))] 2
[(!((3 | ((5 | (6 | (((9 | (10 | (11 | (12 | (14 | !15))))) | !8) | !7))) | !4)) | !1)) & (t)] 0
[(!((3 | ((5 | (6 | (((9 | (10 | ((12 | (14 | !15)) | !11))) | !8) | !7))) | !4)) | !1)) & (t)] 3
[(!((3 | (4 | (5 | ((((9 | (10 | (11 | (13 | (14 | 15))))) | !8) | !7) | !6)))) | !1)) & (!(16 | !17))] 1
[(!((3 | (4 | (5 | ((((9 | (10 | (11 | (13 | (15 | !14))))) | !8) | !7) | !6)))) | !1)) & (!(16 | !17))] 1
[(!((3 | (4 | (5 | ((((9 | (10 | (11 | ((14 | 15) | !13)))) | !8) | !7) | !6)))) | !1)) & (!(16 | !17))] 2
[(!((3 | (4 | (5 | ((((9 | (10 | (11 | ((15 | !14) | !13)))) | !8) | !7) | !6)))) | !1)) & (!(16 | !17))] 1
[(!((3 | (4 | (5 | ((((9 | (10 | ((13 | (14 | 15)) | !11))) | !8) | !7) | !6)))) | !1)) & (!(16 | !17))] 2
[(!((3 | (4 | (5 | ((((9 | (10 | ((13 | (15 | !14)) | !11))) | !8) | !7) | !6)))) | !1)) & (!(16 | !17))] 2
[(!((3 | (4 | (5 | ((((9 | (10 | (((14 | 15) | !13) | !11))) | !8) | !7) | !6)))) | !1)) & (!(16 | !17))] 0
[(!((3 | (4 | (5 | ((((9 | (10 | (((15 | !14) | !13) | !11))) | !8) | !7) | !6)))) | !1)) & (!(16 | !17))] 2
[(!((3 | ((5 | (6 | (7 | ((9 | ((11 | (12 | (14 | 15))) | !10)) | !8)))) | !4)) | !1)) & (!(17 | !16))] 3
[(!((3 | ((5 | (6 | (7 | ((9 | ((11 | (12 | (14 | !15))) | !10)) | !8)))) | !4)) | !1)) & (!(17 | !16))] 2
[(!((3 | ((5 | (6 | (7 | ((9 | ((11 | ((14 | 15) | !12)) | !10)) | !8)))) | !4)) | !1)) & (!(17 | !16))] 2
[(!((3 | ((5 | (6 | (7 | ((9 | ((11 | ((14 | !15) | !12)) | !10)) | !8)))) | !4)) | !1)) & (!(17 | !16))] 1
[(!((3 | ((5 | (6 | (7 | ((9 | (((12 | (14 | 15)) | !11) | !10)) | !8)))) | !4)) | !1)) & (!(17 | !16))] 0
[(!((3 | ((5 | (6 | (7 | ((9 | (((12 | (14 | !15)) | !11) | !10)) | !8)))) | !4)) | !1)) & (!(17 | !16))] 1
[(!((3 | ((5 | (6 | (7 | ((9 | ((((14 | 15) | !12) | !11) | !10)) | !8)))) | !4)) | !1)) & (!(17 | !16))] 3
[(!((3 | ((5 | (6 | (7 | ((9 | ((((14 | !15) | !12) | !11) | !10)) | !8)))) | !4)) | !1)) & (!(17 | !16))] 0
[(!((3 | (4 | (5 | (6 | (((9 | (10 | (11 | (13 | (14 | 15))))) | !8) | !7))))) | !1)) & (!(16 | !17))] 1
[(!((3 | (4 | (5 | (6 | (((9 | (10 | (11 | (13 | (15 | !14))))) | !8) | !7))))) | !1)) & (!(16 | !17))] 1
[(!((3 | (4 | (5 | (6 | (((9 | (10 | (11 | ((14 | 15) | !13)))) | !8) | !7))))) | !1)) & (!(16 | !17))] 1
[(!((3 | (4 | (5 | (6 | (((9 | (10 | (11 | ((15 | !14) | !13)))) | !8) | !7))))) | !1)) & (!(16 | !17))] 1
[(!((3 | (4 | (5 | (6 | (((9 | (10 | ((13 | (14 | 15)) | !11))) | !8) | !7))))) | !1)) & (!(16 | !17))] 2
[(!((3 | (4 | (5 | (6 | (((9 | (10 | ((13 | (15 | !14)) | !11))) | !8) | !7))))) | !1)) & (!(16 | !17))] 2
[(!((3 | (4 | (5 | (6 | (((9 | (10 | (((14 | 15) | !13) | !11))) | !8) | !7))))) | !1)) & (!(16 | !17))] 0
[(!((3 | (4 | (5 | (6 | (((9 | (10 | (((15 | !14) | !13) | !11))) | !8) | !7))))) | !1)) & (!(16 | !17))] 3
[(!((3 | (4 | (5 | (((8 | (9 | (10 | (11 | ((14 | 15) | !13))))) | !7) | !6)))) | !1)) & (!(16 | !17))] 2
[(!((3 | (4 | (5 | (((8 | (9 | (10 | (11 | ((15 | !14) | !13))))) | !7) | !6)))) | !1)) & (!(16 | !17))] 0
[(!((3 | (4 | (5 | (((8 | (9 | (10 | (((14 | 15) | !13) | !11)))) | !7) | !6)))) | !1)) & (!(16 | !17))] 0
[(!((3 | (4 | (5 | (((8 | (9 | (10 | (((15 | !14) | !13) | !11)))) | !7) | !6)))) | !1)) & (!(16 | !17))] 1
[(!((3 | (4 | (5 | (6 | ((((10 | (11 | (13 | (14 | 15)))) | !9) | !8) | !7))))) | !1)) & (!(16 | !17))] 1
[(!((3 | (4 | (5 | (6 | ((((10 | (11 | (13 | (15 | !14)))) | !9) | !8) | !7))))) | !1)) & (!(16 | !17))] 1
[(!((3 | (4 | (5 | (6 | ((((10 | (11 | ((14 | 15) | !13))) | !9) | !8) | !7))))) | !1)) & (!(16 | !17))] 1
[(!((3 | (4 | (5 | (6 | ((((10 | (11 | ((15 | !14) | !13))) | !9) | !8) | !7))))) | !1)) & (!(16 | !17))] 1
[(!((3 | (4 | (5 | (6 | ((((10 | ((13 | (14 | 15)) | !11)) | !9) | !8) | !7))))) | !1)) & (!(16 | !17))] 2
[(!((3 | (4 | (5 | (6 | ((((10 | ((13 | (15 | !14)) | !11)) | !9) | !8) | !7))))) | !1)) & (!(16 | !17))] 2
[(!((3 | (4 | (5 | (6 | ((((10 | (((14 | 15) | !13) | !11)) | !9) | !8) | !7))))) | !1)) & (!(16 | !17))] 0
[(!((3 | (4 | (5 | (6 | ((((10 | (((15 | !14) | !13) | !11)) | !9) | !8) | !7))))) | !1)) & (!(16 | !17))] 4
[(!((3 | ((5 | (6 | ((((10 | (11 | (13 | (15 | !14)))) | !9) | !8) | !7))) | !4)) | !1)) & (!(16 | !17))] 1
[(!((3 | ((5 | (6 | ((((10 | ((13 | (15 | !14)) | !11)) | !9) | !8) | !7))) | !4)) | !1)) & (!(16 | !17))] 0
[(!((3 | (4 | (5 | (((8 | (9 | (10 | (11 | (13 | (14 | 15)))))) | !7) | !6)))) | !1)) & (!(16 | !17))] 0
[(!((3 | (4 | (5 | (((8 | (9 | (10 | ((13 | (14 | 15)) | !11)))) | !7) | !6)))) | !1)) & (!(16 | !17))] 1
[(!((3 | ((5 | (6 | ((((10 | (11 | (14 | 15))) | !9) | !8) | !7))) | !4)) | !1)) & (!(16 | !17))] 1
[(!((3 | ((5 | (6 | ((((10 | ((14 | 15) | !11)) | !9) | !8) | !7))) | !4)) | !1)) & (!(16 | !17))] 3
[(!((3 | ((5 | (6 | (7 | ((9 | (10 | (11 | (12 | (14 | 15))))) | !8)))) | !4)) | !1)) & (16 & 17)] 2
[(!((3 | ((5 | (6 | (7 | ((9 | (10 | (11 | (12 | (14 | !15))))) | !8)))) | !4)) | !1)) & (!(17 | !16))] 3
[(!((3 | ((5 | (6 | (7 | ((9 | (10 | (11 | ((14 | 15) | !12)))) | !8)))) | !4)) | !1)) & (16 & 17)] 0
[(!((3 | ((5 | (6 | (7 | ((9 | (10 | (11 | ((14 | !15) | !12)))) | !8)))) | !4)) | !1)) & (16 & 17)] 2
[(!((3 | ((5 | (6 | (7 | ((9 | (10 | ((12 | (14 | 15)) | !11))) | !8)))) | !4)) | !1)) & (!(17 | !16))] 0
[(!((3 | ((5 | (6 | (7 | ((9 | (10 | ((12 | (14 | !15)) | !11))) | !8)))) | !4)) | !1)) & (!(17 | !16))] 1
[(!((3 | ((5 | (6 | (7 | ((9 | (10 | (((14 | 15) | !12) | !11))) | !8)))) | !4)) | !1)) & (!(17 | !16))] 3
[(!((3 | ((5 | (6 | (7 | ((9 | (10 | (((14 | !15) | !12) | !11))) | !8)))) | !4)) | !1)) & (!(17 | !16))] 0
[(!((((5 | (6 | (7 | ((9 | ((11 | ((14 | 15) | !12)) | !10)) | !8)))) | !4) | !3) | !1)) & (!(17 | !16))] 2
[(!((((5 | (6 | (7 | ((9 | ((11 | ((14 | !15) | !12)) | !10)) | !8)))) | !4) | !3) | !1)) & (!(17 | !16))] 1
[(!((((5 | (6 | (7 | ((9 | ((((14 | 15) | !12) | !11) | !10)) | !8)))) | !4) | !3) | !1)) & (!(17 | !16))] 4
[(!((((5 | (6 | (7 | ((9 | ((((14 | !15) | !12) | !11) | !10)) | !8)))) | !4) | !3) | !1)) & (!(17 | !16))] 2
[(!((((5 | (6 | (7 | ((9 | ((11 | (12 | (14 | 15))) | !10)) | !8)))) | !4) | !3) | !1)) & (!(17 | !16))] 0
[(!((((5 | (6 | (7 | ((9 | (((12 | (14 | 15)) | !11) | !10)) | !8)))) | !4) | !3) | !1)) & (!(17 | !16))] 2
[(!((3 | (((6 | (7 | ((9 | (10 | (11 | (12 | (14 | 15))))) | !8))) | !5) | !4)) | !1)) & (!(17 | !16))] 3
[(!((3 | (((6 | (7 | ((9 | (10 | (11 | ((14 | 15) | !12)))) | !8))) | !5) | !4)) | !1)) & (!(17 | !16))] 0
[(!((3 | (((6 | (7 | ((9 | (10 | ((12 | (14 | 15)) | !11))) | !8))) | !5) | !4)) | !1)) & (!(17 | !16))] 0
[(!((3 | (((6 | (7 | ((9 | (10 | (((14 | 15) | !12) | !11))) | !8))) | !5) | !4)) | !1)) & (!(17 | !16))] 4
[(!((3 | (((6 | (((9 | (10 | (11 | (14 | 15)))) | !8) | !7)) | !5) | !4)) | !1)) & (!(17 | !16))] 2
[(!((3 | (((6 | (((9 | (10 | ((14 | 15) | !11))) | !8) | !7)) | !5) | !4)) | !1)) & (!(17 | !16))] 0
[(!((3 | (((6 | (7 | ((9 | (10 | (11 | (12 | (14 | !15))))) | !8))) | !5) | !4)) | !1)) & (!(17 | !16))] 2
[(!((3 | (((6 | (7 | ((9 | (10 | (11 | ((14 | !15) | !12)))) | !8))) | !5) | !4)) | !1)) & (!(17 | !16))] 2
[(!((3 | (((6 | (7 | ((9 | (10 | ((12 | (14 | !15)) | !11))) | !8))) | !5) | !4)) | !1)) & (!(17 | !16))] 1
[(!((3 | (((6 | (7 | ((9 | (10 | (((14 | !15) | !12) | !11))) | !8))) | !5) | !4)) | !1)) & (!(17 | !16))] 0
[(!((3 | (((6 | (((9 | (10 | (11 | (12 | (14 | !15))))) | !8) | !7)) | !5) | !4)) | !1)) & (!(17 | !16))] 3
[(!((3 | (((6 | (((9 | (10 | ((12 | (14 | !15)) | !11))) | !8) | !7)) | !5) | !4)) | !1)) & (!(17 | !16))] 1
[(!((3 | (4 | (5 | (6 | ((8 | (9 | (10 | (11 | ((14 | 15) | !13))))) | !7))))) | !1)) & (!(16 | !17))] 1
[(!((3 | (4 | (5 | (6 | ((8 | (9 | (10 | (11 | ((15 | !14) | !13))))) | !7))))) | !1)) & (!(16 | !17))] 0
[(!((3 | (4 | (5 | (6 | ((8 | (9 | (10 | (((14 | 15) | !13) | !11)))) | !7))))) | !1)) & (16 & 17)] 0
[(!((3 | (4 | (5 | (6 | ((8 | (9 | (10 | (((15 | !14) | !13) | !11)))) | !7))))) | !1)) & (!(16 | !17))] 2
[(!((3 | (4 | (5 | (6 | ((8 | (9 | (10 | (11 | (13 | (14 | 15)))))) | !7))))) | !1)) & (!(16 | !17))] 0
[(!((3 | (4 | (5 | (6 | ((8 | (9 | (10 | ((13 | (14 | 15)) | !11)))) | !7))))) | !1)) & (!(16 | !17))] 1
[(!((((5 | (6 | (7 | ((9 | (10 | (11 | ((14 | 15) | !12)))) | !8)))) | !4) | !3) | !1)) & (16 & 17)] 0
[(!((((5 | (6 | (7 | ((9 | (10 | (11 | ((14 | !15) | !12)))) | !8)))) | !4) | !3) | !1)) & (16 & 17)] 1
[(!((((5 | (6 | (7 | ((9 | (10 | (((14 | 15) | !12) | !11))) | !8)))) | !4) | !3) | !1)) & (!(17 | !16))] 4
[(!((((5 | (6 | (7 | ((9 | (10 | (((14 | !15) | !12) | !11))) | !8)))) | !4) | !3) | !1)) & (!(17 | !16))] 2
[(!((((5 | (6 | (7 | ((9 | (10 | (11 | (12 | (14 | 15))))) | !8)))) | !4) | !3) | !1)) & (16 & 17)] 1
[(!((((5 | (6 | (7 | ((9 | (10 | ((12 | (14 | 15)) | !11))) | !8)))) | !4) | !3) | !1)) & (!(17 | !16))] 2
State: 2 "[2]"
[(!((3 | ((5 | (6 | (((9 | (10 | ((12 & (14 | 15) | !12 & ((14 | 15) | !13)) | !11))) | !8) | !7))) | !4)) | !1)) & (!(17 | !16))] 0
[(!((3 | ((5 | (6 | (((9 | (10 | (11 | (12 & (14 | 15) | !12 & ((14 | 15) | !13))))) | !8) | !7))) | !4)) | !1)) & (!(16 | !17))] 1
[((3 & ((5 | (6 | (7 | ((9 | 14) | !8)))) | !4) | !3 & (4 & (5 & (6 | ((9 | (10 | 14)) | !8)) | !5 & (6 | (7 & ((9 & (10 | 15) | !9 & (10 | (14 & 15))) | !8) | !7 & ((9 | 14) | !8)))) | !4 & (5 | (6 & ((9 | (10 | 15)) | !7) | !6 & ((8 & (10 | 15) | !8 & (9 | (10 | 15))) | !7))))) | !1) & (t)] 4
[(!((3 | ((5 | (6 | ((((10 | (11 | ((15 | !14) | !13))) | !9) | !8) | !7))) | !4)) | !1)) & (!(16 | !17))] 1
[(!((3 | ((5 | (6 | ((((10 | (((15 | !14) | !13) | !11)) | !9) | !8) | !7))) | !4)) | !1)) & (!(16 | !17))] 3
[(!((((5 | (6 | (7 | ((9 | ((11 | (12 | (14 | !15))) | !10)) | !8)))) | !4) | !3) | !1)) & (!(17 | !16))] 0
[(!((((5 | (6 | (7 | ((9 | (((12 | (14 | !15)) | !11) | !10)) | !8)))) | !4) | !3) | !1)) & (!(17 | !16))] 2
[(!((3 | (((6 | (((9 | (10 | (11 | ((14 | !15) | !12)))) | !8) | !7)) | !5) | !4)) | !1)) & (!(16 | !17))] 1
[(!((3 | (((6 | (((9 | (10 | (((14 | !15) | !12) | !11))) | !8) | !7)) | !5) | !4)) | !1)) & (!(17 | !16))] 0
[(!((3 | (4 | (5 | (6 | ((8 | (9 | (10 | (11 | (13 | (15 | !14)))))) | !7))))) | !1)) & (!(16 | !17))] 0
[(!((3 | (4 | (5 | (6 | ((8 | (9 | (10 | ((13 | (15 | !14)) | !11)))) | !7))))) | !1)) & (16 & 17)] 4
[(!((((5 | (6 | (7 | ((9 | (10 | (11 | (12 | (14 | !15))))) | !8)))) | !4) | !3) | !1)) & (!(17 | !16))] 0
[(!((((5 | (6 | (7 | ((9 | (10 | ((12 | (14 | !15)) | !11))) | !8)))) | !4) | !3) | !1)) & (!(17 | !16))] 2
[(!((3 | ((5 | (6 | (((9 | (10 | (11 | ((14 | !15) | !12)))) | !8) | !7))) | !4)) | !1)) & (!(16 | !17))] 1
[(!((3 | ((5 | (6 | (((9 | (10 | (((14 | !15) | !12) | !11))) | !8) | !7))) | !4)) | !1)) & (!(17 | !16))] 0
[(!((3 | ((5 | (6 | (((9 | (10 | (11 | ((15 | !14) | !13)))) | !8) | !7))) | !4)) | !1)) & (!(16 | !17))] 1
[(!((3 | ((5 | (6 | (((9 | (10 | (((15 | !14) | !13) | !11))) | !8) | !7))) | !4)) | !1)) & (!(17 | !16))] 0
[(!((3 | (4 | (5 | (((8 | (9 | (10 | (11 | (13 | (15 | !14)))))) | !7) | !6)))) | !1)) & (!(16 | !17))] 0
[(!((3 | (4 | (5 | (((8 | (9 | (10 | ((13 | (15 | !14)) | !11)))) | !7) | !6)))) | !1)) & (!(16 | !17))] 1
[(!((3 | ((5 | (6 | (((9 | (10 | (11 | (12 | (13 | (14 | 15)))))) | !8) | !7))) | !4)) | !1)) & (!(16 | !17))] 1
[(!((3 | ((5 | (6 | (((9 | (10 | ((12 | (13 | (14 | 15))) | !11))) | !8) | !7))) | !4)) | !1)) & (!(17 | !16))] 0
[(!((3 | ((5 | (6 | (((9 | (10 | (11 | (13 | (15 | !14))))) | !8) | !7))) | !4)) | !1)) & (!(16 | !17))] 1
[(!((3 | ((5 | (6 | (((9 | (10 | ((13 | (15 | !14)) | !11))) | !8) | !7))) | !4)) | !1)) & (!(16 | !17))] 2
[(!((3 | ((5 | (6 | (((9 | (10 | (11 | (12 | (14 | !15))))) | !8) | !7))) | !4)) | !1)) & (!(17 | !16))] 3
[(!((3 | ((5 | (6 | (((9 | (10 | ((12 | (14 | !15)) | !11))) | !8) | !7))) | !4)) | !1)) & (!(17 | !16))] 1
[(!((3 | (4 | (5 | ((((9 | (10 | (11 | (13 | (14 | 15))))) | !8) | !7) | !6)))) | !1)) & (!(16 | !17))] 1
[(!((3 | (4 | (5 | ((((9 | (10 | (11 | (13 | (15 | !14))))) | !8) | !7) | !6)))) | !1)) & (!(16 | !17))] 1
[(!((3 | (4 | (5 | ((((9 | (10 | (11 | ((14 | 15) | !13)))) | !8) | !7) | !6)))) | !1)) & (!(16 | !17))] 1
[(!((3 | (4 | (5 | ((((9 | (10 | (11 | ((15 | !14) | !13)))) | !8) | !7) | !6)))) | !1)) & (!(16 | !17))] 1
[(!((3 | (4 | (5 | ((((9 | (10 | ((13 | (14 | 15)) | !11))) | !8) | !7) | !6)))) | !1)) & (!(16 | !17))] 2
[(!((3 | (4 | (5 | ((((9 | (10 | ((13 | (15 | !14)) | !11))) | !8) | !7) | !6)))) | !1)) & (!(16 | !17))] 2
[(!((3 | (4 | (5 | ((((9 | (10 | (((14 | 15) | !13) | !11))) | !8) | !7) | !6)))) | !1)) & (16 & 17)] 0
[(!((3 | (4 | (5 | ((((9 | (10 | (((15 | !14) | !13) | !11))) | !8) | !7) | !6)))) | !1)) & (!(16 | !17))] 2
[(!((3 | ((5 | (6 | (7 | ((9 | ((11 | (12 | (14 | 15))) | !10)) | !8)))) | !4)) | !1)) & (!(17 | !16))] 3
[(!((3 | ((5 | (6 | (7 | ((9 | ((11 | (12 | (14 | !15))) | !10)) | !8)))) | !4)) | !1)) & (!(17 | !16))] 2
[(!((3 | ((5 | (6 | (7 | ((9 | ((11 | ((14 | 15) | !12)) | !10)) | !8)))) | !4)) | !1)) & (16 & 17)] 0
[(!((3 | ((5 | (6 | (7 | ((9 | ((11 | ((14 | !15) | !12)) | !10)) | !8)))) | !4)) | !1)) & (!(17 | !16))] 1
[(!((3 | ((5 | (6 | (7 | ((9 | (((12 | (14 | 15)) | !11) | !10)) | !8)))) | !4)) | !1)) & (!(17 | !16))] 0
[(!((3 | ((5 | (6 | (7 | ((9 | (((12 | (14 | !15)) | !11) | !10)) | !8)))) | !4)) | !1)) & (!(17 | !16))] 1
[(!((3 | ((5 | (6 | (7 | ((9 | ((((14 | 15) | !12) | !11) | !10)) | !8)))) | !4)) | !1)) & (!(17 | !16))] 4
[(!((3 | ((5 | (6 | (7 | ((9 | ((((14 | !15) | !12) | !11) | !10)) | !8)))) | !4)) | !1)) & (!(17 | !16))] 0
[(!((3 | (4 | (5 | (6 | (((9 | (10 | (11 | (13 | (14 | 15))))) | !8) | !7))))) | !1)) & (!(16 | !17))] 1
[(!((3 | (4 | (5 | (6 | (((9 | (10 | (11 | (13 | (15 | !14))))) | !8) | !7))))) | !1)) & (!(16 | !17))] 1
[(!((3 | (4 | (5 | (6 | (((9 | (10 | (11 | ((14 | 15) | !13)))) | !8) | !7))))) | !1)) & (!(16 | !17))] 1
[(!((3 | (4 | (5 | (6 | (((9 | (10 | (11 | ((15 | !14) | !13)))) | !8) | !7))))) | !1)) & (!(16 | !17))] 1
[(!((3 | (4 | (5 | (6 | (((9 | (10 | ((13 | (14 | 15)) | !11))) | !8) | !7))))) | !1)) & (!(16 | !17))] 2
[(!((3 | (4 | (5 | (6 | (((9 | (10 | ((13 | (15 | !14)) | !11))) | !8) | !7))))) | !1)) & (!(16 | !17))] 2
[(!((3 | (4 | (5 | (6 | (((9 | (10 | (((14 | 15) | !13) | !11))) | !8) | !7))))) | !1)) & (16 & 17)] 0
[(!((3 | (4 | (5 | (6 | (((9 | (10 | (((15 | !14) | !13) | !11))) | !8) | !7))))) | !1)) & (!(16 | !17))] 3
[(!((3 | (4 | (5 | (((8 | (9 | (10 | (11 | ((14 | 15) | !13))))) | !7) | !6)))) | !1)) & (!(16 | !17))] 2
[(!((3 | (4 | (5 | (((8 | (9 | (10 | (11 | ((15 | !14) | !13))))) | !7) | !6)))) | !1)) & (!(16 | !17))] 0
[(!((3 | (4 | (5 | (((8 | (9 | (10 | (((14 | 15) | !13) | !11)))) | !7) | !6)))) | !1)) & (16 & 17)] 0
[(!((3 | (4 | (5 | (((8 | (9 | (10 | (((15 | !14) | !13) | !11)))) | !7) | !6)))) | !1)) & (!(16 | !17))] 1
[(!((3 | (4 | (5 | (6 | ((((10 | (11 | (13 | (14 | 15)))) | !9) | !8) | !7))))) | !1)) & (!(16 | !17))] 1
[(!((3 | (4 | (5 | (6 | ((((10 | (11 | (13 | (15 | !14)))) | !9) | !8) | !7))))) | !1)) & (!(16 | !17))] 1
[(!((3 | (4 | (5 | (6 | ((((10 | (11 | ((14 | 15) | !13))) | !9) | !8) | !7))))) | !1)) & (!(16 | !17))] 2
[(!((3 | (4 | (5 | (6 | ((((10 | (11 | ((15 | !14) | !13))) | !9) | !8) | !7))))) | !1)) & (!(16 | !17))] 1
[(!((3 | (4 | (5 | (6 | ((((10 | ((13 | (14 | 15)) | !11)) | !9) | !8) | !7))))) | !1)) & (!(16 | !17))] 2
[(!((3 | (4 | (5 | (6 | ((((10 | ((13 | (15 | !14)) | !11)) | !9) | !8) | !7))))) | !1)) & (!(16 | !17))] 2
[(!((3 | (4 | (5 | (6 | ((((10 | (((14 | 15) | !13) | !11)) | !9) | !8) | !7))))) | !1)) & (!(16 | !17))] 0
[(!((3 | (4 | (5 | (6 | ((((10 | (((15 | !14) | !13) | !11)) | !9) | !8) | !7))))) | !1)) & (!(16 | !17))] 4
[(!((3 | ((5 | (6 | ((((10 | (11 | (13 | (15 | !14)))) | !9) | !8) | !7))) | !4)) | !1)) & (!(16 | !17))] 1
[(!((3 | ((5 | (6 | ((((10 | ((13 | (15 | !14)) | !11)) | !9) | !8) | !7))) | !4)) | !1)) & (!(16 | !17))] 0
[(!((3 | (4 | (5 | (((8 | (9 | (10 | (11 | (13 | (14 | 15)))))) | !7) | !6)))) | !1)) & (!(16 | !17))] 0
[(!((3 | (4 | (5 | (((8 | (9 | (10 | ((13 | (14 | 15)) | !11)))) | !7) | !6)))) | !1)) & (!(16 | !17))] 1
[(!((3 | ((5 | (6 | ((((10 | (11 | (14 | 15))) | !9) | !8) | !7))) | !4)) | !1)) & (!(16 | !17))] 1
[(!((3 | ((5 | (6 | ((((10 | ((14 | 15) | !11)) | !9) | !8) | !7))) | !4)) | !1)) & (!(16 | !17))] 3
[(!((3 | ((5 | (6 | (7 | ((9 | (10 | (11 | (12 | (14 | 15))))) | !8)))) | !4)) | !1)) & (16 & 17)] 2
[(!((3 | ((5 | (6 | (7 | ((9 | (10 | (11 | (12 | (14 | !15))))) | !8)))) | !4)) | !1)) & (16 & 17)] 3
[(!((3 | ((5 | (6 | (7 | ((9 | (10 | (11 | ((14 | 15) | !12)))) | !8)))) | !4)) | !1)) & (16 & 17)] 2
[(!((3 | ((5 | (6 | (7 | ((9 | (10 | (11 | ((14 | !15) | !12)))) | !8)))) | !4)) | !1)) & (16 & 17)] 2
[(!((3 | ((5 | (6 | (7 | ((9 | (10 | ((12 | (14 | 15)) | !11))) | !8)))) | !4)) | !1)) & (!(17 | !16))] 0
[(!((3 | ((5 | (6 | (7 | ((9 | (10 | ((12 | (14 | !15)) | !11))) | !8)))) | !4)) | !1)) & (!(17 | !16))] 1
[(!((3 | ((5 | (6 | (7 | ((9 | (10 | (((14 | 15) | !12) | !11))) | !8)))) | !4)) | !1)) & (!(17 | !16))] 4
[(!((3 | ((5 | (6 | (7 | ((9 | (10 | (((14 | !15) | !12) | !11))) | !8)))) | !4)) | !1)) & (!(17 | !16))] 0
[(!((((5 | (6 | (7 | ((9 | ((11 | ((14 | 15) | !12)) | !10)) | !8)))) | !4) | !3) | !1)) & (16 & 17)] 0
[(!((((5 | (6 | (7 | ((9 | ((11 | ((14 | !15) | !12)) | !10)) | !8)))) | !4) | !3) | !1)) & (16 & 17)] 1
[(!((((5 | (6 | (7 | ((9 | ((((14 | 15) | !12) | !11) | !10)) | !8)))) | !4) | !3) | !1)) & (!(17 | !16))] 4
[(!((((5 | (6 | (7 | ((9 | ((((14 | !15) | !12) | !11) | !10)) | !8)))) | !4) | !3) | !1)) & (!(17 | !16))] 2
[(!((((5 | (6 | (7 | ((9 | ((11 | (12 | (14 | 15))) | !10)) | !8)))) | !4) | !3) | !1)) & (!(17 | !16))] 0
[(!((((5 | (6 | (7 | ((9 | (((12 | (14 | 15)) | !11) | !10)) | !8)))) | !4) | !3) | !1)) & (!(17 | !16))] 2
[(!((3 | (((6 | (7 | ((9 | (10 | (11 | (12 | (14 | 15))))) | !8))) | !5) | !4)) | !1)) & (16 & 17)] 1
[(!((3 | (((6 | (7 | ((9 | (10 | (11 | ((14 | 15) | !12)))) | !8))) | !5) | !4)) | !1)) & (16 & 17)] 0
[(!((3 | (((6 | (7 | ((9 | (10 | ((12 | (14 | 15)) | !11))) | !8))) | !5) | !4)) | !1)) & (!(17 | !16))] 0
[(!((3 | (((6 | (7 | ((9 | (10 | (((14 | 15) | !12) | !11))) | !8))) | !5) | !4)) | !1)) & (!(17 | !16))] 3
[(!((3 | (((6 | (((9 | (10 | (11 | (14 | 15)))) | !8) | !7)) | !5) | !4)) | !1)) & (!(16 | !17))] 1
[(!((3 | (((6 | (((9 | (10 | ((14 | 15) | !11))) | !8) | !7)) | !5) | !4)) | !1)) & (!(17 | !16))] 0
[(!((3 | (((6 | (7 | ((9 | (10 | (11 | (12 | (14 | !15))))) | !8))) | !5) | !4)) | !1)) & (!(17 | !16))] 0
[(!((3 | (((6 | (7 | ((9 | (10 | (11 | ((14 | !15) | !12)))) | !8))) | !5) | !4)) | !1)) & (16 & 17)] 2
[(!((3 | (((6 | (7 | ((9 | (10 | ((12 | (14 | !15)) | !11))) | !8))) | !5) | !4)) | !1)) & (!(17 | !16))] 1
[(!((3 | (((6 | (7 | ((9 | (10 | (((14 | !15) | !12) | !11))) | !8))) | !5) | !4)) | !1)) & (!(17 | !16))] 0
[(!((3 | (((6 | (((9 | (10 | (11 | (12 | (14 | !15))))) | !8) | !7)) | !5) | !4)) | !1)) & (!(17 | !16))] 3
[(!((3 | (((6 | (((9 | (10 | ((12 | (14 | !15)) | !11))) | !8) | !7)) | !5) | !4)) | !1)) & (!(17 | !16))] 1
[(!((3 | (4 | (5 | (6 | ((8 | (9 | (10 | (11 | ((14 | 15) | !13))))) | !7))))) | !1)) & (!(16 | !17))] 1
[(!((3 | (4 | (5 | (6 | ((8 | (9 | (10 | (11 | ((15 | !14) | !13))))) | !7))))) | !1)) & (!(16 | !17))] 0
[(!((3 | (4 | (5 | (6 | ((8 | (9 | (10 | (((14 | 15) | !13) | !11)))) | !7))))) | !1)) & (16 & 17)] 0
[(!((3 | (4 | (5 | (6 | ((8 | (9 | (10 | (((15 | !14) | !13) | !11)))) | !7))))) | !1)) & (16 & 17)] 4
[(!((3 | (4 | (5 | (6 | ((8 | (9 | (10 | (11 | (13 | (14 | 15)))))) | !7))))) | !1)) & (!(16 | !17))] 0
[(!((3 | (4 | (5 | (6 | ((8 | (9 | (10 | ((13 | (14 | 15)) | !11)))) | !7))))) | !1)) & (16 & 17)] 4
[(!((((5 | (6 | (7 | ((9 | (10 | (11 | ((14 | 15) | !12)))) | !8)))) | !4) | !3) | !1)) & (!(17 | !16))] 0
[(!((((5 | (6 | (7 | ((9 | (10 | (11 | ((14 | !15) | !12)))) | !8)))) | !4) | !3) | !1)) & (!(17 | !16))] 1
[(!((((5 | (6 | (7 | ((9 | (10 | (((14 | 15) | !12) | !11))) | !8)))) | !4) | !3) | !1)) & (!(17 | !16))] 1
[(!((((5 | (6 | (7 | ((9 | (10 | (((14 | !15) | !12) | !11))) | !8)))) | !4) | !3) | !1)) & (!(17 | !16))] 2
[(!((((5 | (6 | (7 | ((9 | (10 | (11 | (12 | (14 | 15))))) | !8)))) | !4) | !3) | !1)) & (!(17 | !16))] 0
[(!((((5 | (6 | (7 | ((9 | (10 | ((12 | (14 | 15)) | !11))) | !8)))) | !4) | !3) | !1)) & (!(17 | !16))] 2
State: 3 "[3]"
[(!((3 | ((5 | (6 | (((9 | (10 | ((12 & (14 | 15) | !12 & ((14 | 15) | !13)) | !11))) | !8) | !7))) | !4)) | !1)) & (!(17 | !16))] 0
[(!((3 | ((5 | (6 | (((9 | (10 | (11 | (12 & (14 | 15) | !12 & ((14 | 15) | !13))))) | !8) | !7))) | !4)) | !1)) & (!(16 | !17))] 1
[((3 & ((5 | (6 | (7 | ((9 | 14) | !8)))) | !4) | !3 & (4 & (5 & (6 | ((9 | (10 | 14)) | !8)) | !5 & (6 | (7 & ((9 & (10 | 15) | !9 & (10 | (14 & 15))) | !8) | !7 & ((9 | 14) | !8)))) | !4 & (5 | (6 & ((9 | (10 | 15)) | !7) | !6 & ((8 & (10 | 15) | !8 & (9 | (10 | 15))) | !7))))) | !1) & (t)] 1
[(!((3 | ((5 | (6 | ((((10 | (11 | ((15 | !14) | !13))) | !9) | !8) | !7))) | !4)) | !1)) & (t)] 3
[(!((3 | ((5 | (6 | ((((10 | (((15 | !14) | !13) | !11)) | !9) | !8) | !7))) | !4)) | !1)) & (t)] 0
[(!((((5 | (6 | (7 | ((9 | ((11 | (12 | (14 | !15))) | !10)) | !8)))) | !4) | !3) | !1)) & (16 & 17)] 1
[(!((((5 | (6 | (7 | ((9 | (((12 | (14 | !15)) | !11) | !10)) | !8)))) | !4) | !3) | !1)) & (!(17 | !16))] 2
[(!((3 | (((6 | (((9 | (10 | (11 | ((14 | !15) | !12)))) | !8) | !7)) | !5) | !4)) | !1)) & (!(17 | !16))] 2
[(!((3 | (((6 | (((9 | (10 | (((14 | !15) | !12) | !11))) | !8) | !7)) | !5) | !4)) | !1)) & (!(17 | !16))] 0
[(!((3 | (4 | (5 | (6 | ((8 | (9 | (10 | (11 | (13 | (15 | !14)))))) | !7))))) | !1)) & (t)] 1
[(!((3 | (4 | (5 | (6 | ((8 | (9 | (10 | ((13 | (15 | !14)) | !11)))) | !7))))) | !1)) & (t)] 3
[(!((((5 | (6 | (7 | ((9 | (10 | (11 | (12 | (14 | !15))))) | !8)))) | !4) | !3) | !1)) & (t)] 2
[(!((((5 | (6 | (7 | ((9 | (10 | ((12 | (14 | !15)) | !11))) | !8)))) | !4) | !3) | !1)) & (t)] 1
[(!((3 | ((5 | (6 | (((9 | (10 | (11 | ((14 | !15) | !12)))) | !8) | !7))) | !4)) | !1)) & (t)] 1
[(!((3 | ((5 | (6 | (((9 | (10 | (((14 | !15) | !12) | !11))) | !8) | !7))) | !4)) | !1)) & (t)] 2
[(!((3 | ((5 | (6 | (((9 | (10 | (11 | ((15 | !14) | !13)))) | !8) | !7))) | !4)) | !1)) & (!(16 | !17))] 1
[(!((3 | ((5 | (6 | (((9 | (10 | (((15 | !14) | !13) | !11))) | !8) | !7))) | !4)) | !1)) & (!(17 | !16))] 0
[(!((3 | (4 | (5 | (((8 | (9 | (10 | (11 | (13 | (15 | !14)))))) | !7) | !6)))) | !1)) & (t)] 1
[(!((3 | (4 | (5 | (((8 | (9 | (10 | ((13 | (15 | !14)) | !11)))) | !7) | !6)))) | !1)) & (t)] 0
[(!((3 | ((5 | (6 | (((9 | (10 | (11 | (12 | (13 | (14 | 15)))))) | !8) | !7))) | !4)) | !1)) & (!(16 | !17))] 1
[(!((3 | ((5 | (6 | (((9 | (10 | ((12 | (13 | (14 | 15))) | !11))) | !8) | !7))) | !4)) | !1)) & (!(17 | !16))] 0
[(!((3 | ((5 | (6 | (((9 | (10 | (11 | (13 | (15 | !14))))) | !8) | !7))) | !4)) | !1)) & (!(16 | !17))] 1
[(!((3 | ((5 | (6 | (((9 | (10 | ((13 | (15 | !14)) | !11))) | !8) | !7))) | !4)) | !1)) & (!(16 | !17))] 0
[(!((3 | ((5 | (6 | (((9 | (10 | (11 | (12 | (14 | !15))))) | !8) | !7))) | !4)) | !1)) & (t)] 0
[(!((3 | ((5 | (6 | (((9 | (10 | ((12 | (14 | !15)) | !11))) | !8) | !7))) | !4)) | !1)) & (t)] 0
[(!((3 | (4 | (5 | ((((9 | (10 | (11 | (13 | (14 | 15))))) | !8) | !7) | !6)))) | !1)) & (!(16 | !17))] 1
[(!((3 | (4 | (5 | ((((9 | (10 | (11 | (13 | (15 | !14))))) | !8) | !7) | !6)))) | !1)) & (t)] 4
[(!((3 | (4 | (5 | ((((9 | (10 | (11 | ((14 | 15) | !13)))) | !8) | !7) | !6)))) | !1)) & (!(16 | !17))] 1
[(!((3 | (4 | (5 | ((((9 | (10 | (11 | ((15 | !14) | !13)))) | !8) | !7) | !6)))) | !1)) & (t)] 0
[(!((3 | (4 | (5 | ((((9 | (10 | ((13 | (14 | 15)) | !11))) | !8) | !7) | !6)))) | !1)) & (!(16 | !17))] 0
[(!((3 | (4 | (5 | ((((9 | (10 | ((13 | (15 | !14)) | !11))) | !8) | !7) | !6)))) | !1)) & (t)] 4
[(!((3 | (4 | (5 | ((((9 | (10 | (((14 | 15) | !13) | !11))) | !8) | !7) | !6)))) | !1)) & (16 & 17)] 0
[(!((3 | (4 | (5 | ((((9 | (10 | (((15 | !14) | !13) | !11))) | !8) | !7) | !6)))) | !1)) & (t)] 3
[(!((3 | ((5 | (6 | (7 | ((9 | ((11 | (12 | (14 | 15))) | !10)) | !8)))) | !4)) | !1)) & (16 & 17)] 2
[(!((3 | ((5 | (6 | (7 | ((9 | ((11 | (12 | (14 | !15))) | !10)) | !8)))) | !4)) | !1)) & (!(17 | !16))] 3
[(!((3 | ((5 | (6 | (7 | ((9 | ((11 | ((14 | 15) | !12)) | !10)) | !8)))) | !4)) | !1)) & (16 & 17)] 2
[(!((3 | ((5 | (6 | (7 | ((9 | ((11 | ((14 | !15) | !12)) | !10)) | !8)))) | !4)) | !1)) & (!(17 | !16))] 1
[(!((3 | ((5 | (6 | (7 | ((9 | (((12 | (14 | 15)) | !11) | !10)) | !8)))) | !4)) | !1)) & (!(17 | !16))] 0
[(!((3 | ((5 | (6 | (7 | ((9 | (((12 | (14 | !15)) | !11) | !10)) | !8)))) | !4)) | !1)) & (!(17 | !16))] 1
[(!((3 | ((5 | (6 | (7 | ((9 | ((((14 | 15) | !12) | !11) | !10)) | !8)))) | !4)) | !1)) & (!(17 | !16))] 1
[(!((3 | ((5 | (6 | (7 | ((9 | ((((14 | !15) | !12) | !11) | !10)) | !8)))) | !4)) | !1)) & (!(17 | !16))] 0
[(!((3 | (4 | (5 | (6 | (((9 | (10 | (11 | (13 | (14 | 15))))) | !8) | !7))))) | !1)) & (!(16 | !17))] 1
[(!((3 | (4 | (5 | (6 | (((9 | (10 | (11 | (13 | (15 | !14))))) | !8) | !7))))) | !1)) & (!(16 | !17))] 1
[(!((3 | (4 | (5 | (6 | (((9 | (10 | (11 | ((14 | 15) | !13)))) | !8) | !7))))) | !1)) & (!(16 | !17))] 1
[(!((3 | (4 | (5 | (6 | (((9 | (10 | (11 | ((15 | !14) | !13)))) | !8) | !7))))) | !1)) & (!(16 | !17))] 1
[(!((3 | (4 | (5 | (6 | (((9 | (10 | ((13 | (14 | 15)) | !11))) | !8) | !7))))) | !1)) & (16 & 17)] 3
[(!((3 | (4 | (5 | (6 | (((9 | (10 | ((13 | (15 | !14)) | !11))) | !8) | !7))))) | !1)) & (!(16 | !17))] 2
[(!((3 | (4 | (5 | (6 | (((9 | (10 | (((14 | 15) | !13) | !11))) | !8) | !7))))) | !1)) & (16 & 17)] 0
[(!((3 | (4 | (5 | (6 | (((9 | (10 | (((15 | !14) | !13) | !11))) | !8) | !7))))) | !1)) & (16 & 17)] 4
[(!((3 | (4 | (5 | (((8 | (9 | (10 | (11 | ((14 | 15) | !13))))) | !7) | !6)))) | !1)) & (!(16 | !17))] 1
[(!((3 | (4 | (5 | (((8 | (9 | (10 | (11 | ((15 | !14) | !13))))) | !7) | !6)))) | !1)) & (t)] 1
[(!((3 | (4 | (5 | (((8 | (9 | (10 | (((14 | 15) | !13) | !11)))) | !7) | !6)))) | !1)) & (16 & 17)] 0
[(!((3 | (4 | (5 | (((8 | (9 | (10 | (((15 | !14) | !13) | !11)))) | !7) | !6)))) | !1)) & (t)] 0
[(!((3 | (4 | (5 | (6 | ((((10 | (11 | (13 | (14 | 15)))) | !9) | !8) | !7))))) | !1)) & (t)] 3
[(!((3 | (4 | (5 | (6 | ((((10 | (11 | (13 | (15 | !14)))) | !9) | !8) | !7))))) | !1)) & (t)] 2
[(!((3 | (4 | (5 | (6 | ((((10 | (11 | ((14 | 15) | !13))) | !9) | !8) | !7))))) | !1)) & (t)] 2
[(!((3 | (4 | (5 | (6 | ((((10 | (11 | ((15 | !14) | !13))) | !9) | !8) | !7))))) | !1)) & (t)] 2
[(!((3 | (4 | (5 | (6 | ((((10 | ((13 | (14 | 15)) | !11)) | !9) | !8) | !7))))) | !1)) & (t)] 0
[(!((3 | (4 | (5 | (6 | ((((10 | ((13 | (15 | !14)) | !11)) | !9) | !8) | !7))))) | !1)) & (t)] 3
[(!((3 | (4 | (5 | (6 | ((((10 | (((14 | 15) | !13) | !11)) | !9) | !8) | !7))))) | !1)) & (t)] 4
[(!((3 | (4 | (5 | (6 | ((((10 | (((15 | !14) | !13) | !11)) | !9) | !8) | !7))))) | !1)) & (t)] 0
[(!((3 | ((5 | (6 | ((((10 | (11 | (13 | (15 | !14)))) | !9) | !8) | !7))) | !4)) | !1)) & (t)] 1
[(!((3 | ((5 | (6 | ((((10 | ((13 | (15 | !14)) | !11)) | !9) | !8) | !7))) | !4)) | !1)) & (t)] 0
[(!((3 | (4 | (5 | (((8 | (9 | (10 | (11 | (13 | (14 | 15)))))) | !7) | !6)))) | !1)) & (!(16 | !17))] 0
[(!((3 | (4 | (5 | (((8 | (9 | (10 | ((13 | (14 | 15)) | !11)))) | !7) | !6)))) | !1)) & (16 & 17)] 4
[(!((3 | ((5 | (6 | ((((10 | (11 | (14 | 15))) | !9) | !8) | !7))) | !4)) | !1)) & (t)] 1
[(!((3 | ((5 | (6 | ((((10 | ((14 | 15) | !11)) | !9) | !8) | !7))) | !4)) | !1)) & (t)] 1
[(!((3 | ((5 | (6 | (7 | ((9 | (10 | (11 | (12 | (14 | 15))))) | !8)))) | !4)) | !1)) & (!(17 | !16))] 3
[(!((3 | ((5 | (6 | (7 | ((9 | (10 | (11 | (12 | (14 | !15))))) | !8)))) | !4)) | !1)) & (!(17 | !16))] 2
[(!((3 | ((5 | (6 | (7 | ((9 | (10 | (11 | ((14 | 15) | !12)))) | !8)))) | !4)) | !1)) & (16 & 17)] 0
[(!((3 | ((5 | (6 | (7 | ((9 | (10 | (11 | ((14 | !15) | !12)))) | !8)))) | !4)) | !1)) & (16 & 17)] 4
[(!((3 | ((5 | (6 | (7 | ((9 | (10 | ((12 | (14 | 15)) | !11))) | !8)))) | !4)) | !1)) & (!(17 | !16))] 0
[(!((3 | ((5 | (6 | (7 | ((9 | (10 | ((12 | (14 | !15)) | !11))) | !8)))) | !4)) | !1)) & (!(17 | !16))] 1
[(!((3 | ((5 | (6 | (7 | ((9 | (10 | (((14 | 15) | !12) | !11))) | !8)))) | !4)) | !1)) & (!(17 | !16))] 1
[(!((3 | ((5 | (6 | (7 | ((9 | (10 | (((14 | !15) | !12) | !11))) | !8)))) | !4)) | !1)) & (!(17 | !16))] 0
[(!((((5 | (6 | (7 | ((9 | ((11 | ((14 | 15) | !12)) | !10)) | !8)))) | !4) | !3) | !1)) & (16 & 17)] 0
[(!((((5 | (6 | (7 | ((9 | ((11 | ((14 | !15) | !12)) | !10)) | !8)))) | !4) | !3) | !1)) & (16 & 17)] 1
[(!((((5 | (6 | (7 | ((9 | ((((14 | 15) | !12) | !11) | !10)) | !8)))) | !4) | !3) | !1)) & (!(17 | !16))] 4
[(!((((5 | (6 | (7 | ((9 | ((((14 | !15) | !12) | !11) | !10)) | !8)))) | !4) | !3) | !1)) & (!(17 | !16))] 2
[(!((((5 | (6 | (7 | ((9 | ((11 | (12 | (14 | 15))) | !10)) | !8)))) | !4) | !3) | !1)) & (16 & 17)] 1
[(!((((5 | (6 | (7 | ((9 | (((12 | (14 | 15)) | !11) | !10)) | !8)))) | !4) | !3) | !1)) & (!(17 | !16))] 2
[(!((3 | (((6 | (7 | ((9 | (10 | (11 | (12 | (14 | 15))))) | !8))) | !5) | !4)) | !1)) & (!(17 | !16))] 3
[(!((3 | (((6 | (7 | ((9 | (10 | (11 | ((14 | 15) | !12)))) | !8))) | !5) | !4)) | !1)) & (!(17 | !16))] 0
[(!((3 | (((6 | (7 | ((9 | (10 | ((12 | (14 | 15)) | !11))) | !8))) | !5) | !4)) | !1)) & (!(17 | !16))] 0
[(!((3 | (((6 | (7 | ((9 | (10 | (((14 | 15) | !12) | !11))) | !8))) | !5) | !4)) | !1)) & (!(17 | !16))] 1
[(!((3 | (((6 | (((9 | (10 | (11 | (14 | 15)))) | !8) | !7)) | !5) | !4)) | !1)) & (!(17 | !16))] 2
[(!((3 | (((6 | (((9 | (10 | ((14 | 15) | !11))) | !8) | !7)) | !5) | !4)) | !1)) & (!(17 | !16))] 0
[(!((3 | (((6 | (7 | ((9 | (10 | (11 | (12 | (14 | !15))))) | !8))) | !5) | !4)) | !1)) & (!(17 | !16))] 2
[(!((3 | (((6 | (7 | ((9 | (10 | (11 | ((14 | !15) | !12)))) | !8))) | !5) | !4)) | !1)) & (!(17 | !16))] 2
[(!((3 | (((6 | (7 | ((9 | (10 | ((12 | (14 | !15)) | !11))) | !8))) | !5) | !4)) | !1)) & (!(17 | !16))] 1
[(!((3 | (((6 | (7 | ((9 | (10 | (((14 | !15) | !12) | !11))) | !8))) | !5) | !4)) | !1)) & (!(17 | !16))] 0
[(!((3 | (((6 | (((9 | (10 | (11 | (12 | (14 | !15))))) | !8) | !7)) | !5) | !4)) | !1)) & (!(17 | !16))] 3
[(!((3 | (((6 | (((9 | (10 | ((12 | (14 | !15)) | !11))) | !8) | !7)) | !5) | !4)) | !1)) & (!(17 | !16))] 1
[(!((3 | (4 | (5 | (6 | ((8 | (9 | (10 | (11 | ((14 | 15) | !13))))) | !7))))) | !1)) & (t)] 3
[(!((3 | (4 | (5 | (6 | ((8 | (9 | (10 | (11 | ((15 | !14) | !13))))) | !7))))) | !1)) & (t)] 2
[(!((3 | (4 | (5 | (6 | ((8 | (9 | (10 | (((14 | 15) | !13) | !11)))) | !7))))) | !1)) & (t)] 3
[(!((3 | (4 | (5 | (6 | ((8 | (9 | (10 | (((15 | !14) | !13) | !11)))) | !7))))) | !1)) & (t)] 2
[(!((3 | (4 | (5 | (6 | ((8 | (9 | (10 | (11 | (13 | (14 | 15)))))) | !7))))) | !1)) & (t)] 2
[(!((3 | (4 | (5 | (6 | ((8 | (9 | (10 | ((13 | (14 | 15)) | !11)))) | !7))))) | !1)) & (t)] 1
[(!((((5 | (6 | (7 | ((9 | (10 | (11 | ((14 | 15) | !12)))) | !8)))) | !4) | !3) | !1)) & (t)] 4
[(!((((5 | (6 | (7 | ((9 | (10 | (11 | ((14 | !15) | !12)))) | !8)))) | !4) | !3) | !1)) & (t)] 3
[(!((((5 | (6 | (7 | ((9 | (10 | (((14 | 15) | !12) | !11))) | !8)))) | !4) | !3) | !1)) & (t)] 4
[(!((((5 | (6 | (7 | ((9 | (10 | (((14 | !15) | !12) | !11))) | !8)))) | !4) | !3) | !1)) & (t)] 3
[(!((((5 | (6 | (7 | ((9 | (10 | (11 | (12 | (14 | 15))))) | !8)))) | !4) | !3) | !1)) & (t)] 2
[(!((((5 | (6 | (7 | ((9 | (10 | ((12 | (14 | 15)) | !11))) | !8)))) | !4) | !3) | !1)) & (t)] 2
State: 4 "[4]"
[(!((3 | ((5 | (6 | (((9 | (10 | ((12 & (14 | 15) | !12 & ((14 | 15) | !13)) | !11))) | !8) | !7))) | !4)) | !1)) & (t)] 0
[(!((3 | ((5 | (6 | (((9 | (10 | (11 | (12 & (14 | 15) | !12 & ((14 | 15) | !13))))) | !8) | !7))) | !4)) | !1)) & (t)] 1
[((3 & ((5 | (6 | (7 | ((9 | 14) | !8)))) | !4) | !3 & (4 & (5 & (6 | ((9 | (10 | 14)) | !8)) | !5 & (6 | (7 & ((9 & (10 | 15) | !9 & (10 | (14 & 15))) | !8) | !7 & ((9 | 14) | !8)))) | !4 & (5 | (6 & ((9 | (10 | 15)) | !7) | !6 & ((8 & (10 | 15) | !8 & (9 | (10 | 15))) | !7))))) | !1) & (t)] 0
[(!((3 | ((5 | (6 | ((((10 | (11 | ((15 | !14) | !13))) | !9) | !8) | !7))) | !4)) | !1)) & (t)] 3
[(!((3 | ((5 | (6 | ((((10 | (((15 | !14) | !13) | !11)) | !9) | !8) | !7))) | !4)) | !1)) & (t)] 4
[(!((((5 | (6 | (7 | ((9 | ((11 | (12 | (14 | !15))) | !10)) | !8)))) | !4) | !3) | !1)) & (t)] 4
[(!((((5 | (6 | (7 | ((9 | (((12 | (14 | !15)) | !11) | !10)) | !8)))) | !4) | !3) | !1)) & (t)] 0
[(!((3 | (((6 | (((9 | (10 | (11 | ((14 | !15) | !12)))) | !8) | !7)) | !5) | !4)) | !1)) & (!(17 | !16))] 2
[(!((3 | (((6 | (((9 | (10 | (((14 | !15) | !12) | !11))) | !8) | !7)) | !5) | !4)) | !1)) & (!(17 | !16))] 0
[(!((3 | (4 | (5 | (6 | ((8 | (9 | (10 | (11 | (13 | (15 | !14)))))) | !7))))) | !1)) & (t)] 0
[(!((3 | (4 | (5 | (6 | ((8 | (9 | (10 | ((13 | (15 | !14)) | !11)))) | !7))))) | !1)) & (t)] 2
[(!((((5 | (6 | (7 | ((9 | (10 | (11 | (12 | (14 | !15))))) | !8)))) | !4) | !3) | !1)) & (t)] 2
[(!((((5 | (6 | (7 | ((9 | (10 | ((12 | (14 | !15)) | !11))) | !8)))) | !4) | !3) | !1)) & (t)] 4
[(!((3 | ((5 | (6 | (((9 | (10 | (11 | ((14 | !15) | !12)))) | !8) | !7))) | !4)) | !1)) & (t)] 1
[(!((3 | ((5 | (6 | (((9 | (10 | (((14 | !15) | !12) | !11))) | !8) | !7))) | !4)) | !1)) & (t)] 0
[(!((3 | ((5 | (6 | (((9 | (10 | (11 | ((15 | !14) | !13)))) | !8) | !7))) | !4)) | !1)) & (t)] 1
[(!((3 | ((5 | (6 | (((9 | (10 | (((15 | !14) | !13) | !11))) | !8) | !7))) | !4)) | !1)) & (t)] 0
[(!((3 | (4 | (5 | (((8 | (9 | (10 | (11 | (13 | (15 | !14)))))) | !7) | !6)))) | !1)) & (t)] 0
[(!((3 | (4 | (5 | (((8 | (9 | (10 | ((13 | (15 | !14)) | !11)))) | !7) | !6)))) | !1)) & (t)] 1
[(!((3 | ((5 | (6 | (((9 | (10 | (11 | (12 | (13 | (14 | 15)))))) | !8) | !7))) | !4)) | !1)) & (t)] 4
[(!((3 | ((5 | (6 | (((9 | (10 | ((12 | (13 | (14 | 15))) | !11))) | !8) | !7))) | !4)) | !1)) & (t)] 3
[(!((3 | ((5 | (6 | (((9 | (10 | (11 | (13 | (15 | !14))))) | !8) | !7))) | !4)) | !1)) & (t)] 0
[(!((3 | ((5 | (6 | (((9 | (10 | ((13 | (15 | !14)) | !11))) | !8) | !7))) | !4)) | !1)) & (t)] 0
[(!((3 | ((5 | (6 | (((9 | (10 | (11 | (12 | (14 | !15))))) | !8) | !7))) | !4)) | !1)) & (t)] 1
[(!((3 | ((5 | (6 | (((9 | (10 | ((12 | (14 | !15)) | !11))) | !8) | !7))) | !4)) | !1)) & (t)] 1
[(!((3 | (4 | (5 | ((((9 | (10 | (11 | (13 | (14 | 15))))) | !8) | !7) | !6)))) | !1)) & (t)] 3
[(!((3 | (4 | (5 | ((((9 | (10 | (11 | (13 | (15 | !14))))) | !8) | !7) | !6)))) | !1)) & (t)] 0
[(!((3 | (4 | (5 | ((((9 | (10 | (11 | ((14 | 15) | !13)))) | !8) | !7) | !6)))) | !1)) & (t)] 0
[(!((3 | (4 | (5 | ((((9 | (10 | (11 | ((15 | !14) | !13)))) | !8) | !7) | !6)))) | !1)) & (t)] 1
[(!((3 | (4 | (5 | ((((9 | (10 | ((13 | (14 | 15)) | !11))) | !8) | !7) | !6)))) | !1)) & (t)] 1
[(!((3 | (4 | (5 | ((((9 | (10 | ((13 | (15 | !14)) | !11))) | !8) | !7) | !6)))) | !1)) & (t)] 2
[(!((3 | (4 | (5 | ((((9 | (10 | (((14 | 15) | !13) | !11))) | !8) | !7) | !6)))) | !1)) & (t)] 2
[(!((3 | (4 | (5 | ((((9 | (10 | (((15 | !14) | !13) | !11))) | !8) | !7) | !6)))) | !1)) & (t)] 2
[(!((3 | ((5 | (6 | (7 | ((9 | ((11 | (12 | (14 | 15))) | !10)) | !8)))) | !4)) | !1)) & (t)] 2
[(!((3 | ((5 | (6 | (7 | ((9 | ((11 | (12 | (14 | !15))) | !10)) | !8)))) | !4)) | !1)) & (t)] 0
[(!((3 | ((5 | (6 | (7 | ((9 | ((11 | ((14 | 15) | !12)) | !10)) | !8)))) | !4)) | !1)) & (t)] 3
[(!((3 | ((5 | (6 | (7 | ((9 | ((11 | ((14 | !15) | !12)) | !10)) | !8)))) | !4)) | !1)) & (t)] 4
[(!((3 | ((5 | (6 | (7 | ((9 | (((12 | (14 | 15)) | !11) | !10)) | !8)))) | !4)) | !1)) & (t)] 0
[(!((3 | ((5 | (6 | (7 | ((9 | (((12 | (14 | !15)) | !11) | !10)) | !8)))) | !4)) | !1)) & (t)] 2
[(!((3 | ((5 | (6 | (7 | ((9 | ((((14 | 15) | !12) | !11) | !10)) | !8)))) | !4)) | !1)) & (t)] 3
[(!((3 | ((5 | (6 | (7 | ((9 | ((((14 | !15) | !12) | !11) | !10)) | !8)))) | !4)) | !1)) & (t)] 4
[(!((3 | (4 | (5 | (6 | (((9 | (10 | (11 | (13 | (14 | 15))))) | !8) | !7))))) | !1)) & (!(16 | !17))] 1
[(!((3 | (4 | (5 | (6 | (((9 | (10 | (11 | (13 | (15 | !14))))) | !8) | !7))))) | !1)) & (!(16 | !17))] 1
[(!((3 | (4 | (5 | (6 | (((9 | (10 | (11 | ((14 | 15) | !13)))) | !8) | !7))))) | !1)) & (!(16 | !17))] 2
[(!((3 | (4 | (5 | (6 | (((9 | (10 | (11 | ((15 | !14) | !13)))) | !8) | !7))))) | !1)) & (!(16 | !17))] 1
[(!((3 | (4 | (5 | (6 | (((9 | (10 | ((13 | (14 | 15)) | !11))) | !8) | !7))))) | !1)) & (16 & 17)] 4
[(!((3 | (4 | (5 | (6 | (((9 | (10 | ((13 | (15 | !14)) | !11))) | !8) | !7))))) | !1)) & (16 & 17)] 3
[(!((3 | (4 | (5 | (6 | (((9 | (10 | (((14 | 15) | !13) | !11))) | !8) | !7))))) | !1)) & (16 & 17)] 0
[(!((3 | (4 | (5 | (6 | (((9 | (10 | (((15 | !14) | !13) | !11))) | !8) | !7))))) | !1)) & (16 & 17)] 3
[(!((3 | (4 | (5 | (((8 | (9 | (10 | (11 | ((14 | 15) | !13))))) | !7) | !6)))) | !1)) & (t)] 2
[(!((3 | (4 | (5 | (((8 | (9 | (10 | (11 | ((15 | !14) | !13))))) | !7) | !6)))) | !1)) & (t)] 3
[(!((3 | (4 | (5 | (((8 | (9 | (10 | (((14 | 15) | !13) | !11)))) | !7) | !6)))) | !1)) & (t)] 2
[(!((3 | (4 | (5 | (((8 | (9 | (10 | (((15 | !14) | !13) | !11)))) | !7) | !6)))) | !1)) & (t)] 2
[(!((3 | (4 | (5 | (6 | ((((10 | (11 | (13 | (14 | 15)))) | !9) | !8) | !7))))) | !1)) & (t)] 2
[(!((3 | (4 | (5 | (6 | ((((10 | (11 | (13 | (15 | !14)))) | !9) | !8) | !7))))) | !1)) & (t)] 0
[(!((3 | (4 | (5 | (6 | ((((10 | (11 | ((14 | 15) | !13))) | !9) | !8) | !7))))) | !1)) & (t)] 2
[(!((3 | (4 | (5 | (6 | ((((10 | (11 | ((15 | !14) | !13))) | !9) | !8) | !7))))) | !1)) & (t)] 3
[(!((3 | (4 | (5 | (6 | ((((10 | ((13 | (14 | 15)) | !11)) | !9) | !8) | !7))))) | !1)) & (t)] 0
[(!((3 | (4 | (5 | (6 | ((((10 | ((13 | (15 | !14)) | !11)) | !9) | !8) | !7))))) | !1)) & (t)] 2
[(!((3 | (4 | (5 | (6 | ((((10 | (((14 | 15) | !13) | !11)) | !9) | !8) | !7))))) | !1)) & (t)] 2
[(!((3 | (4 | (5 | (6 | ((((10 | (((15 | !14) | !13) | !11)) | !9) | !8) | !7))))) | !1)) & (t)] 1
[(!((3 | ((5 | (6 | ((((10 | (11 | (13 | (15 | !14)))) | !9) | !8) | !7))) | !4)) | !1)) & (t)] 0
[(!((3 | ((5 | (6 | ((((10 | ((13 | (15 | !14)) | !11)) | !9) | !8) | !7))) | !4)) | !1)) & (t)] 2
[(!((3 | (4 | (5 | (((8 | (9 | (10 | (11 | (13 | (14 | 15)))))) | !7) | !6)))) | !1)) & (t)] 3
[(!((3 | (4 | (5 | (((8 | (9 | (10 | ((13 | (14 | 15)) | !11)))) | !7) | !6)))) | !1)) & (t)] 0
[(!((3 | ((5 | (6 | ((((10 | (11 | (14 | 15))) | !9) | !8) | !7))) | !4)) | !1)) & (t)] 1
[(!((3 | ((5 | (6 | ((((10 | ((14 | 15) | !11)) | !9) | !8) | !7))) | !4)) | !1)) & (t)] 0
[(!((3 | ((5 | (6 | (7 | ((9 | (10 | (11 | (12 | (14 | 15))))) | !8)))) | !4)) | !1)) & (16 & 17)] 4
[(!((3 | ((5 | (6 | (7 | ((9 | (10 | (11 | (12 | (14 | !15))))) | !8)))) | !4)) | !1)) & (t)] 4
[(!((3 | ((5 | (6 | (7 | ((9 | (10 | (11 | ((14 | 15) | !12)))) | !8)))) | !4)) | !1)) & (16 & 17)] 2
[(!((3 | ((5 | (6 | (7 | ((9 | (10 | (11 | ((14 | !15) | !12)))) | !8)))) | !4)) | !1)) & (t)] 2
[(!((3 | ((5 | (6 | (7 | ((9 | (10 | ((12 | (14 | 15)) | !11))) | !8)))) | !4)) | !1)) & (!(17 | !16))] 0
[(!((3 | ((5 | (6 | (7 | ((9 | (10 | ((12 | (14 | !15)) | !11))) | !8)))) | !4)) | !1)) & (t)] 3
[(!((3 | ((5 | (6 | (7 | ((9 | (10 | (((14 | 15) | !12) | !11))) | !8)))) | !4)) | !1)) & (!(17 | !16))] 1
[(!((3 | ((5 | (6 | (7 | ((9 | (10 | (((14 | !15) | !12) | !11))) | !8)))) | !4)) | !1)) & (t)] 3
[(!((((5 | (6 | (7 | ((9 | ((11 | ((14 | 15) | !12)) | !10)) | !8)))) | !4) | !3) | !1)) & (t)] 3
[(!((((5 | (6 | (7 | ((9 | ((11 | ((14 | !15) | !12)) | !10)) | !8)))) | !4) | !3) | !1)) & (t)] 4
[(!((((5 | (6 | (7 | ((9 | ((((14 | 15) | !12) | !11) | !10)) | !8)))) | !4) | !3) | !1)) & (t)] 4
[(!((((5 | (6 | (7 | ((9 | ((((14 | !15) | !12) | !11) | !10)) | !8)))) | !4) | !3) | !1)) & (t)] 1
[(!((((5 | (6 | (7 | ((9 | ((11 | (12 | (14 | 15))) | !10)) | !8)))) | !4) | !3) | !1)) & (t)] 1
[(!((((5 | (6 | (7 | ((9 | (((12 | (14 | 15)) | !11) | !10)) | !8)))) | !4) | !3) | !1)) & (t)] 0
[(!((3 | (((6 | (7 | ((9 | (10 | (11 | (12 | (14 | 15))))) | !8))) | !5) | !4)) | !1)) & (!(17 | !16))] 3
[(!((3 | (((6 | (7 | ((9 | (10 | (11 | ((14 | 15) | !12)))) | !8))) | !5) | !4)) | !1)) & (!(17 | !16))] 0
[(!((3 | (((6 | (7 | ((9 | (10 | ((12 | (14 | 15)) | !11))) | !8))) | !5) | !4)) | !1)) & (!(17 | !16))] 0
[(!((3 | (((6 | (7 | ((9 | (10 | (((14 | 15) | !12) | !11))) | !8))) | !5) | !4)) | !1)) & (!(17 | !16))] 4
[(!((3 | (((6 | (((9 | (10 | (11 | (14 | 15)))) | !8) | !7)) | !5) | !4)) | !1)) & (!(17 | !16))] 2
[(!((3 | (((6 | (((9 | (10 | ((14 | 15) | !11))) | !8) | !7)) | !5) | !4)) | !1)) & (!(17 | !16))] 0
[(!((3 | (((6 | (7 | ((9 | (10 | (11 | (12 | (14 | !15))))) | !8))) | !5) | !4)) | !1)) & (!(17 | !16))] 2
[(!((3 | (((6 | (7 | ((9 | (10 | (11 | ((14 | !15) | !12)))) | !8))) | !5) | !4)) | !1)) & (!(17 | !16))] 2
[(!((3 | (((6 | (7 | ((9 | (10 | ((12 | (14 | !15)) | !11))) | !8))) | !5) | !4)) | !1)) & (!(17 | !16))] 1
[(!((3 | (((6 | (7 | ((9 | (10 | (((14 | !15) | !12) | !11))) | !8))) | !5) | !4)) | !1)) & (!(17 | !16))] 0
[(!((3 | (((6 | (((9 | (10 | (11 | (12 | (14 | !15))))) | !8) | !7)) | !5) | !4)) | !1)) & (!(17 | !16))] 3
[(!((3 | (((6 | (((9 | (10 | ((12 | (14 | !15)) | !11))) | !8) | !7)) | !5) | !4)) | !1)) & (!(17 | !16))] 1
[(!((3 | (4 | (5 | (6 | ((8 | (9 | (10 | (11 | ((14 | 15) | !13))))) | !7))))) | !1)) & (!(16 | !17))] 2
[(!((3 | (4 | (5 | (6 | ((8 | (9 | (10 | (11 | ((15 | !14) | !13))))) | !7))))) | !1)) & (t)] 2
[(!((3 | (4 | (5 | (6 | ((8 | (9 | (10 | (((14 | 15) | !13) | !11)))) | !7))))) | !1)) & (16 & 17)] 0
[(!((3 | (4 | (5 | (6 | ((8 | (9 | (10 | (((15 | !14) | !13) | !11)))) | !7))))) | !1)) & (t)] 0
[(!((3 | (4 | (5 | (6 | ((8 | (9 | (10 | (11 | (13 | (14 | 15)))))) | !7))))) | !1)) & (!(16 | !17))] 0
[(!((3 | (4 | (5 | (6 | ((8 | (9 | (10 | ((13 | (14 | 15)) | !11)))) | !7))))) | !1)) & (16 & 17)] 4
[(!((((5 | (6 | (7 | ((9 | (10 | (11 | ((14 | 15) | !12)))) | !8)))) | !4) | !3) | !1)) & (t)] 0
[(!((((5 | (6 | (7 | ((9 | (10 | (11 | ((14 | !15) | !12)))) | !8)))) | !4) | !3) | !1)) & (t)] 3
[(!((((5 | (6 | (7 | ((9 | (10 | (((14 | 15) | !12) | !11))) | !8)))) | !4) | !3) | !1)) & (t)] 4
[(!((((5 | (6 | (7 | ((9 | (10 | (((14 | !15) | !12) | !11))) | !8)))) | !4) | !3) | !1)) & (t)] 0
[(!((((5 | (6 | (7 | ((9 | (10 | (11 | (12 | (14 | 15))))) | !8)))) | !4) | !3) | !1)) & (t)] 2
[(!((((5 | (6 | (7 | ((9 | (10 | ((12 | (14 | 15)) | !11))) | !8)))) | !4) | !3) | !1)) & (t)] 2
--END--
Synthesis took:  18165.404319763184 ms
