Processing program.
spec contains 2 APs (['(x > 2)', '(x < 0)'])
Starting abstract synthesis loop.
adding (x <= 2), (x <= 0), (2 <= x), (0 <= x) to predicate abstraction
constructing LTL abstraction
ltl abstraction took: 0.0010983943939208984
running LTL synthesis
Realizable.
REALIZABLE
HOA: v1
tool: "strix" "21.0.0"
States: 1
Start: 0
AP: 9 "pred__x_LTEQ_2_" "pred__x_LTEQ_0_" "pred__0_LTEQ_x_" "pred__2_LTEQ_x_" "q" "decy" "incy" "decx" "incx"
controllable-AP: 5 6 7 8
acc-name: all
Acceptance: 0 t
--BODY--
State: 0 "[0]"
[((1 | ((3 | !4) | !2)) | !0) & (t)] 0
[(!((1 | ((3 | !4) | !2)) | !0)) & (7 & 8)] 0
--END--
Synthesis took:  1758.97216796875 ms
