Processing program.
spec contains 2 APs (['(x < 0)', '(x > 2)'])
Starting abstract synthesis loop.
adding (y_prev < y), (y >= 0), (x <= 0), (0 <= x), (x <= 2), (y <= 0), (2 <= x), (x >= 0), (x_prev < x), (x_prev > x), (y_prev > y) to predicate abstraction
constructing LTL abstraction
ltl abstraction took: 0.0026657581329345703
running LTL synthesis
Realizable.
REALIZABLE
HOA: v1
tool: "strix" "21.0.0"
States: 1
Start: 0
AP: 21 "pred__xprev_LT_x_" "pred__x_LTEQ_2_" "pred__xprev_GT_x_" "pred__yprev_LT_y_" "pred__0_LTEQ_x_" "pred__yprev_GT_y_" "move0" "pred__x_GTEQ_0_" "move1" "pred__x_LTEQ_0_" "pred__y_LTEQ_0_" "pred__2_LTEQ_x_" "pred__y_GTEQ_0_" "incy" "incx" "stay" "stax" "decyc" "incyc" "decxc" "incxc"
controllable-AP: 17 18 19 20
acc-name: all
Acceptance: 0 t
--BODY--
State: 0 "[0]"
[(0 & ((2 | (3 & ((5 | (6 & ((8 | (9 | (10 | !(11 & 12)))) | !7) | !6 & (((9 | (10 | (11 | !12))) | !8) | !7))) | !4) | !3 & ((5 & (((8 | (9 | !(11 & 12))) | !7) | !6) | !5 & (((8 | (9 | (10 | !(11 & 12)))) | !7) | !6)) | !4))) | !1) | !0 & ((2 & (3 & ((5 | (6 & ((8 | ((10 | (11 | !12)) | !9)) | !7) | !6 & (((9 | (10 | (11 | !12))) | !8) | !7))) | !4) | !3 & ((5 & (((8 | ((11 | !12) | !9)) | !7) | !6) | !5 & (((8 | ((10 | (11 | !12)) | !9)) | !7) | !6)) | !4)) | !2 & (3 & ((5 | (6 & ((8 | (9 | (10 | (11 | !12)))) | !7) | !6 & (((9 | (10 | (11 | !12))) | !8) | !7))) | !4) | !3 & ((5 & (((8 | (9 | (11 | !12))) | !7) | !6) | !5 & (((8 | (9 | (10 | (11 | !12)))) | !7) | !6)) | !4))) | !1)) & (t)] 0
[(!(0 | ((2 | (3 | ((5 | (((8 | (9 | (10 | (11 | !12)))) | !7) | !6)) | !4))) | !1))) & (!(17 | !(18 & (19 & 20))))] 0
[(!(0 | ((2 | (((5 | (6 | (((9 | (10 | (11 | ((13 | (14 | (15 | 16))) | !12)))) | !8) | !7))) | !4) | !3)) | !1))) & (t)] 0
[(!(0 | ((2 | (((5 | (6 | (((9 | (10 | (11 | ((13 | (15 | !16)) | !12)))) | !8) | !7))) | !4) | !3)) | !1))) & (t)] 0
[(!(0 | ((2 | (((5 | (6 | (((9 | (10 | (11 | ((14 | (16 | !15)) | !12)))) | !8) | !7))) | !4) | !3)) | !1))) & (t)] 0
[(!(0 | ((2 | (((5 | (6 | (((9 | (10 | (11 | !(12 & (15 & 16))))) | !8) | !7))) | !4) | !3)) | !1))) & (t)] 0
[(!(0 | ((2 | (((5 | (6 | (((9 | (10 | (11 | ((13 | ((15 | 16) | !14)) | !12)))) | !8) | !7))) | !4) | !3)) | !1))) & (t)] 0
[(!(0 | ((2 | (((5 | (6 | (((9 | (10 | (11 | (((16 | !15) | !14) | !12)))) | !8) | !7))) | !4) | !3)) | !1))) & (t)] 0
[(!(0 | ((2 | (((5 | (6 | (((9 | (10 | (11 | (((14 | (15 | 16)) | !13) | !12)))) | !8) | !7))) | !4) | !3)) | !1))) & (t)] 0
[(!(0 | ((2 | (((5 | (6 | (((9 | (10 | (11 | (((15 | !16) | !13) | !12)))) | !8) | !7))) | !4) | !3)) | !1))) & (t)] 0
[(!(0 | ((2 | (((5 | (6 | (((9 | (10 | (11 | ((((15 | 16) | !14) | !13) | !12)))) | !8) | !7))) | !4) | !3)) | !1))) & (t)] 0
[(!(0 | (((3 | (((((8 | ((10 | (11 | !12)) | !9)) | !7) | !6) | !5) | !4)) | !2) | !1))) & (!(17 | ((19 | !20) | !18)))] 0
[(!(0 | (((3 | (((((8 | (((11 | !12) | !10) | !9)) | !7) | !6) | !5) | !4)) | !2) | !1))) & (!(17 | ((19 | !20) | !18)))] 0
[(!(0 | ((2 | (3 | (((((8 | (9 | (10 | (11 | !12)))) | !7) | !6) | !5) | !4))) | !1))) & (!(17 | !(18 & (19 & 20))))] 0
[(!(0 | ((2 | (3 | (((((8 | (9 | ((11 | !12) | !10))) | !7) | !6) | !5) | !4))) | !1))) & (!(17 | !(18 & (19 & 20))))] 0
[(!(0 | (((3 | ((5 | (((8 | ((10 | (11 | !12)) | !9)) | !7) | !6)) | !4)) | !2) | !1))) & (!(17 | ((19 | !20) | !18)))] 0
[(!(((2 | (3 | (((((8 | (9 | (10 | !(11 & 12)))) | !7) | !6) | !5) | !4))) | !1) | !0)) & (!(17 | ((20 | !19) | !18)))] 0
[(!(((2 | (3 | (((((8 | (9 | !(10 & (11 & 12)))) | !7) | !6) | !5) | !4))) | !1) | !0)) & (!(17 | ((20 | !19) | !18)))] 0
[(!(((2 | (3 | ((5 | (((8 | (9 | (10 | !(11 & 12)))) | !7) | !6)) | !4))) | !1) | !0)) & (!(17 | ((20 | !19) | !18)))] 0
[(!(0 | (((((5 | (((8 | ((10 | (11 | !12)) | !9)) | !7) | !6)) | !4) | !3) | !2) | !1))) & (!(17 | ((19 | !20) | !18)))] 0
[(!(0 | ((2 | (((5 | (((8 | (9 | (10 | (11 | !12)))) | !7) | !6)) | !4) | !3)) | !1))) & (!(17 | !(18 & (19 & 20))))] 0
[(!(((2 | (((5 | (((8 | (9 | (10 | !(11 & 12)))) | !7) | !6)) | !4) | !3)) | !1) | !0)) & (!(17 | ((20 | !19) | !18)))] 0
[(!(((2 | (((5 | (6 | (((9 | (10 | (11 | ((13 | (14 | (15 | 16))) | !12)))) | !8) | !7))) | !4) | !3)) | !1) | !0)) & (t)] 0
[(!(((2 | (((5 | (6 | (((9 | (10 | (11 | ((13 | (15 | !16)) | !12)))) | !8) | !7))) | !4) | !3)) | !1) | !0)) & (t)] 0
[(!(((2 | (((5 | (6 | (((9 | (10 | (11 | ((14 | (16 | !15)) | !12)))) | !8) | !7))) | !4) | !3)) | !1) | !0)) & (t)] 0
[(!(((2 | (((5 | (6 | (((9 | (10 | (11 | !(12 & (15 & 16))))) | !8) | !7))) | !4) | !3)) | !1) | !0)) & (t)] 0
[(!(((2 | (((5 | (6 | (((9 | (10 | (11 | ((13 | ((15 | 16) | !14)) | !12)))) | !8) | !7))) | !4) | !3)) | !1) | !0)) & (t)] 0
[(!(((2 | (((5 | (6 | (((9 | (10 | (11 | (((16 | !15) | !14) | !12)))) | !8) | !7))) | !4) | !3)) | !1) | !0)) & (t)] 0
[(!(((2 | (((5 | (6 | (((9 | (10 | (11 | (((14 | (15 | 16)) | !13) | !12)))) | !8) | !7))) | !4) | !3)) | !1) | !0)) & (t)] 0
[(!(((2 | (((5 | (6 | (((9 | (10 | (11 | (((15 | !16) | !13) | !12)))) | !8) | !7))) | !4) | !3)) | !1) | !0)) & (t)] 0
[(!(((2 | (((5 | (6 | (((9 | (10 | (11 | ((((15 | 16) | !14) | !13) | !12)))) | !8) | !7))) | !4) | !3)) | !1) | !0)) & (t)] 0
[(!(0 | (((((5 | (6 | (((9 | (10 | (11 | ((13 | (14 | (15 | 16))) | !12)))) | !8) | !7))) | !4) | !3) | !2) | !1))) & (t)] 0
[(!(0 | (((((5 | (6 | (((9 | (10 | (11 | ((13 | (15 | !16)) | !12)))) | !8) | !7))) | !4) | !3) | !2) | !1))) & (t)] 0
[(!(0 | (((((5 | (6 | (((9 | (10 | (11 | ((14 | (16 | !15)) | !12)))) | !8) | !7))) | !4) | !3) | !2) | !1))) & (t)] 0
[(!(0 | (((((5 | (6 | (((9 | (10 | (11 | !(12 & (15 & 16))))) | !8) | !7))) | !4) | !3) | !2) | !1))) & (t)] 0
[(!(0 | (((((5 | (6 | (((9 | (10 | (11 | ((13 | ((15 | 16) | !14)) | !12)))) | !8) | !7))) | !4) | !3) | !2) | !1))) & (t)] 0
[(!(0 | (((((5 | (6 | (((9 | (10 | (11 | (((16 | !15) | !14) | !12)))) | !8) | !7))) | !4) | !3) | !2) | !1))) & (t)] 0
[(!(0 | (((((5 | (6 | (((9 | (10 | (11 | (((14 | (15 | 16)) | !13) | !12)))) | !8) | !7))) | !4) | !3) | !2) | !1))) & (t)] 0
[(!(0 | (((((5 | (6 | (((9 | (10 | (11 | (((15 | !16) | !13) | !12)))) | !8) | !7))) | !4) | !3) | !2) | !1))) & (t)] 0
[(!(0 | (((((5 | (6 | (((9 | (10 | (11 | ((((15 | 16) | !14) | !13) | !12)))) | !8) | !7))) | !4) | !3) | !2) | !1))) & (t)] 0
--END--
Synthesis took:  19712.931156158447 ms
