Processing program.
spec contains 2 APs (['((x - y) > 2)', '((y - x) > 2)'])
Starting abstract synthesis loop.
adding ((y - x) <= 2), (2 <= (x - y)), ((x - y) <= 2), (2 <= (y - x)) to predicate abstraction
constructing LTL abstraction
ltl abstraction took: 0.0015146732330322266
running LTL synthesis
Realizable.
REALIZABLE
HOA: v1
tool: "strix" "21.0.0"
States: 2
Start: 0
AP: 9 "pred___y_MINUS_x__LTEQ_2_" "pred__2_LTEQ__x_MINUS_y__" "pred___x_MINUS_y__LTEQ_2_" "pred__2_LTEQ__y_MINUS_x__" "move0" "stax" "eincx" "decy" "incy"
controllable-AP: 7 8
acc-name: all
Acceptance: 0 t
--BODY--
State: 0 "[0]"
[((1 | ((3 | !4) | !2)) | !0) & (t)] 1
[(!((1 | ((3 | ((5 | 6) | !4)) | !2)) | !0)) & (!(7 | 8))] 1
[(!((1 | ((3 | ((5 | !6) | !4)) | !2)) | !0)) & (7 & 8)] 1
[(!((1 | ((3 | !(4 & 5)) | !2)) | !0)) & (t)] 1
State: 1 "[1]"
[((1 | ((3 | !4) | !2)) | !0) & (t)] 1
[(!((1 | ((3 | ((5 | 6) | !4)) | !2)) | !0)) & (!(8 | !7))] 1
[(!((1 | ((3 | ((5 | !6) | !4)) | !2)) | !0)) & (!(7 | !8))] 1
[(!((1 | ((3 | !(4 & 5)) | !2)) | !0)) & (7 & 8)] 1
--END--
Synthesis took:  1880.554437637329 ms
