Processing program.
spec contains 2 APs (['goal', 'setsignal'])
simplified !((inc && dec) | (!inc & dec & ((signal - 1) >= 0) & ((signal - 1) <= 3)) | (inc & !dec & ((signal + 1) >= 0) & ((signal + 1) <= 3))) (len 133) to ((!(dec | (((((signal + 1) <= 3) & (((!(0 <= signal) | ((0 <= signal) & !(signal <= 3))) & !(0 <= (signal + 1))) | (0 <= (signal + 1)))) | (!((signal + 1) <= 3) & (!(0 <= signal) | ((0 <= signal) & !(signal <= 3))))) & !dec)) & inc) | (!(((!(0 <= signal) | ((0 <= signal) & !(signal <= 3))) & !dec) | (((((signal - 1) <= 3) & ((1 <= signal) | ((!(0 <= signal) | ((0 <= signal) & !(signal <= 3))) & !(1 <= signal)))) | ((!(0 <= signal) | ((0 <= signal) & !(signal <= 3))) & !((signal - 1) <= 3))) & dec)) & !inc)) (len 512)
((!(dec | (((((signal + 1) <= 3) & (((!(0 <= signal) | ((0 <= signal) & !(signal <= 3))) & !(0 <= (signal + 1))) | (0 <= (signal + 1)))) | (!((signal + 1) <= 3) & (!(0 <= signal) | ((0 <= signal) & !(signal <= 3))))) & !dec)) & inc) | (!(((!(0 <= signal) | ((0 <= signal) & !(signal <= 3))) & !dec) | (((((signal - 1) <= 3) & ((1 <= signal) | ((!(0 <= signal) | ((0 <= signal) & !(signal <= 3))) & !(1 <= signal)))) | ((!(0 <= signal) | ((0 <= signal) & !(signal <= 3))) & !((signal - 1) <= 3))) & dec)) & !inc))
Starting abstract synthesis loop.
adding (target_prev > target), ((target_prev - at_floor_prev) < (target - at_floor)), (0 <= (at_floor - 1)), ((signal + 1) <= 3), ((at_floor_prev - target_prev) < (at_floor - target)), (at_floor <= target), (at_floor_prev > at_floor), (signal <= 1), (signal_prev < signal), ((target_prev - at_floor_prev) > (target - at_floor)), (1 <= signal), (target_prev < target), (at_floor_prev < at_floor), (target <= at_floor), (signal_prev > signal), ((at_floor_prev - target_prev) > (at_floor - target)), ((at_floor + 1) <= 3) to predicate abstraction
constructing LTL abstraction
ltl abstraction took: 0.0049746036529541016
running LTL synthesis
Realizable.
REALIZABLE
HOA: v1
tool: "strix" "21.0.0"
States: 1
Start: 0
AP: 24 "pred___atfloorprev_MINUS_targetprev__GT__atfloor_MINUS_target__" "pred__signalprev_GT_signal_" "pred__targetprev_GT_target_" "pred__atfloorprev_GT_atfloor_" "pred__atfloor_LTEQ_target_" "pred__signal_LTEQ_1_" "pred___atfloorprev_MINUS_targetprev__LT__atfloor_MINUS_target__" "pred___signal_PLUS_1__LTEQ_3_" "pred__0_LTEQ__atfloor_MINUS_1__" "pred__atfloorprev_LT_atfloor_" "pred___targetprev_MINUS_atfloorprev__GT__target_MINUS_atfloor__" "setsignal" "pred__signalprev_LT_signal_" "move" "pred__1_LTEQ_signal_" "goal" "pred__targetprev_LT_target_" "pred___atfloor_PLUS_1__LTEQ_3_" "pred__target_LTEQ_atfloor_" "pred___targetprev_MINUS_atfloorprev__LT__target_MINUS_atfloor__" "dec" "inc" "cdec" "cinc"
controllable-AP: 22 23
acc-name: all
Acceptance: 0 t
--BODY--
State: 0 "[0]"
[(!(0 | (1 | (2 | (3 | (4 | ((6 | (((9 | (10 | ((12 | (13 | (14 | (15 | (16 | (((19 | 21) | !18) | !17)))))) | !11))) | !8) | !7)) | !5))))))) & (t)] 0
[(!(0 | (1 | (2 | (3 | (4 | ((6 | (((9 | (10 | ((12 | (13 | (14 | (15 | (16 | (((19 | (20 | !21)) | !18) | !17)))))) | !11))) | !8) | !7)) | !5))))))) & (t)] 0
[(!(0 | (1 | (2 | (3 | (4 | ((6 | (((9 | (10 | ((12 | (13 | (14 | (15 | (16 | (((19 | !(20 & 21)) | !18) | !17)))))) | !11))) | !8) | !7)) | !5))))))) & (t)] 0
[(!(0 | (1 | (2 | (3 | (4 | ((6 | (((9 | (10 | (((13 | ((15 | (16 | (((19 | (20 | 21)) | !18) | !17))) | !14)) | !12) | !11))) | !8) | !7)) | !5))))))) & (t)] 0
[(!(0 | (1 | (2 | (3 | (4 | ((6 | (((9 | (10 | (((13 | ((15 | (16 | (((19 | (20 | !21)) | !18) | !17))) | !14)) | !12) | !11))) | !8) | !7)) | !5))))))) & (t)] 0
[(!(0 | (1 | (2 | (3 | (4 | ((6 | (((9 | (10 | (((13 | ((15 | (16 | (((19 | (21 | !20)) | !18) | !17))) | !14)) | !12) | !11))) | !8) | !7)) | !5))))))) & (t)] 0
[(!(0 | (1 | (2 | (3 | (4 | ((6 | (((9 | (10 | (((13 | ((15 | (16 | (((19 | !(20 & 21)) | !18) | !17))) | !14)) | !12) | !11))) | !8) | !7)) | !5))))))) & (t)] 0
[(!(0 | (1 | (2 | (3 | (4 | ((6 | (((9 | (10 | (11 | (12 | (13 | (14 | ((16 | ((19 | !18) | !17)) | !15))))))) | !8) | !7)) | !5))))))) & (t)] 0
[(!(0 | (1 | (2 | (3 | (4 | ((6 | (((9 | (10 | ((12 | (13 | ((15 | (16 | (((19 | (20 | 21)) | !18) | !17))) | !14))) | !11))) | !8) | !7)) | !5))))))) & (t)] 0
[(!(0 | (1 | (2 | (3 | (4 | ((6 | (((9 | (10 | ((12 | (13 | ((15 | (16 | (((19 | (20 | !21)) | !18) | !17))) | !14))) | !11))) | !8) | !7)) | !5))))))) & (t)] 0
[(!(0 | (1 | (2 | (3 | (4 | ((6 | (((9 | (10 | ((12 | (13 | ((15 | (16 | (((19 | (21 | !20)) | !18) | !17))) | !14))) | !11))) | !8) | !7)) | !5))))))) & (t)] 0
[(!(0 | (1 | (2 | (3 | (4 | ((6 | (((9 | (10 | ((12 | (13 | ((15 | (16 | (((19 | !(20 & 21)) | !18) | !17))) | !14))) | !11))) | !8) | !7)) | !5))))))) & (t)] 0
[(!(0 | (1 | (2 | (3 | (4 | (5 | (6 | (((9 | (10 | (((13 | ((15 | (16 | (((19 | (20 | 21)) | !18) | !17))) | !14)) | !12) | !11))) | !8) | !7))))))))) & (t)] 0
[(!(0 | (1 | (2 | (3 | (4 | (5 | (6 | (((9 | (10 | (((13 | ((15 | (16 | (((19 | (20 | !21)) | !18) | !17))) | !14)) | !12) | !11))) | !8) | !7))))))))) & (t)] 0
[(!(0 | (1 | (2 | (3 | (4 | (5 | (6 | (((9 | (10 | (((13 | ((15 | (16 | (((19 | (21 | !20)) | !18) | !17))) | !14)) | !12) | !11))) | !8) | !7))))))))) & (t)] 0
[(!(0 | (1 | (2 | (3 | (4 | (5 | (6 | (((9 | (10 | (((13 | ((15 | (16 | (((19 | !(20 & 21)) | !18) | !17))) | !14)) | !12) | !11))) | !8) | !7))))))))) & (t)] 0
[(!(0 | ((2 | (3 | (4 | ((6 | (((9 | (10 | ((12 | (13 | (14 | (15 | (16 | (((19 | 21) | !18) | !17)))))) | !11))) | !8) | !7)) | !5)))) | !1))) & (t)] 0
[(!(0 | ((2 | (3 | (4 | ((6 | (((9 | (10 | ((12 | (13 | (14 | (15 | (16 | (((19 | (20 | !21)) | !18) | !17)))))) | !11))) | !8) | !7)) | !5)))) | !1))) & (t)] 0
[(!(0 | ((2 | (3 | (4 | ((6 | (((9 | (10 | ((12 | (13 | (14 | (15 | (16 | (((19 | !(20 & 21)) | !18) | !17)))))) | !11))) | !8) | !7)) | !5)))) | !1))) & (t)] 0
[(!(0 | (1 | (2 | (3 | (4 | ((6 | (((9 | (10 | (11 | (12 | (13 | (((16 | ((19 | !18) | !17)) | !15) | !14)))))) | !8) | !7)) | !5))))))) & (t)] 0
[(!(0 | (1 | (2 | (3 | (4 | (5 | (6 | (((9 | (10 | ((12 | (13 | ((15 | (16 | (((19 | (20 | 21)) | !18) | !17))) | !14))) | !11))) | !8) | !7))))))))) & (t)] 0
[(!(0 | (1 | (2 | (3 | (4 | (5 | (6 | (((9 | (10 | ((12 | (13 | ((15 | (16 | (((19 | (20 | !21)) | !18) | !17))) | !14))) | !11))) | !8) | !7))))))))) & (t)] 0
[(!(0 | (1 | (2 | (3 | (4 | (5 | (6 | (((9 | (10 | ((12 | (13 | ((15 | (16 | (((19 | (21 | !20)) | !18) | !17))) | !14))) | !11))) | !8) | !7))))))))) & (t)] 0
[(!(0 | (1 | (2 | (3 | (4 | (5 | (6 | (((9 | (10 | ((12 | (13 | ((15 | (16 | (((19 | !(20 & 21)) | !18) | !17))) | !14))) | !11))) | !8) | !7))))))))) & (t)] 0
[(!(0 | (1 | (2 | (3 | (4 | (5 | (6 | (7 | ((9 | (10 | (((13 | ((15 | (16 | (((19 | 20) | !18) | !17))) | !14)) | !12) | !11))) | !8)))))))))) & (t)] 0
[(!(0 | (1 | (2 | (3 | (4 | (5 | (6 | (7 | ((9 | (10 | (((13 | ((15 | (16 | (((19 | (21 | !20)) | !18) | !17))) | !14)) | !12) | !11))) | !8)))))))))) & (t)] 0
[(!(0 | (1 | (2 | (3 | (4 | (5 | (6 | (7 | ((9 | (10 | (((13 | ((15 | (16 | (((19 | !(20 & 21)) | !18) | !17))) | !14)) | !12) | !11))) | !8)))))))))) & (t)] 0
[(!(0 | ((2 | (3 | (4 | ((6 | (((9 | (10 | ((12 | (13 | ((15 | (16 | (((19 | (20 | 21)) | !18) | !17))) | !14))) | !11))) | !8) | !7)) | !5)))) | !1))) & (t)] 0
[(!(0 | ((2 | (3 | (4 | ((6 | (((9 | (10 | ((12 | (13 | ((15 | (16 | (((19 | (20 | !21)) | !18) | !17))) | !14))) | !11))) | !8) | !7)) | !5)))) | !1))) & (t)] 0
[(!(0 | ((2 | (3 | (4 | ((6 | (((9 | (10 | ((12 | (13 | ((15 | (16 | (((19 | (21 | !20)) | !18) | !17))) | !14))) | !11))) | !8) | !7)) | !5)))) | !1))) & (t)] 0
[(!(0 | ((2 | (3 | (4 | ((6 | (((9 | (10 | ((12 | (13 | ((15 | (16 | (((19 | !(20 & 21)) | !18) | !17))) | !14))) | !11))) | !8) | !7)) | !5)))) | !1))) & (t)] 0
[(!(0 | (1 | (2 | (3 | (4 | (5 | (6 | (((9 | (10 | (11 | (12 | (13 | (((16 | ((19 | !18) | !17)) | !15) | !14)))))) | !8) | !7))))))))) & (t)] 0
[(!(0 | (1 | (2 | (3 | (4 | ((6 | (((9 | (10 | (11 | (12 | (((15 | (16 | ((19 | !18) | !17))) | !14) | !13))))) | !8) | !7)) | !5))))))) & (!(23 | !22))] 0
[(!(0 | (1 | ((3 | (4 | (((((9 | ((11 | (12 | (((15 | (16 | ((19 | !18) | !17))) | !14) | !13))) | !10)) | !8) | !7) | !6) | !5))) | !2)))) & (!(23 | !22))] 0
[(!((1 | (2 | (3 | (4 | ((6 | (((9 | (10 | (11 | (12 | (((15 | !(16 & (17 & (18 & 19)))) | !14) | !13))))) | !8) | !7)) | !5))))) | !0)) & (!(23 | !22))] 0
[(!((1 | (2 | (3 | (((6 | (((9 | (10 | (11 | (12 | (((15 | !(16 & (17 & (18 & 19)))) | !14) | !13))))) | !8) | !7)) | !5) | !4)))) | !0)) & (t)] 0
[(!(0 | (1 | (2 | (3 | (4 | (5 | (6 | (7 | ((9 | (10 | ((12 | (13 | ((15 | (16 | (((19 | 20) | !18) | !17))) | !14))) | !11))) | !8)))))))))) & (t)] 0
[(!(0 | (1 | (2 | (3 | (4 | (5 | (6 | (7 | ((9 | (10 | ((12 | (13 | ((15 | (16 | (((19 | (21 | !20)) | !18) | !17))) | !14))) | !11))) | !8)))))))))) & (t)] 0
[(!(0 | (1 | (2 | (3 | (4 | (5 | (6 | (7 | ((9 | (10 | ((12 | (13 | ((15 | (16 | (((19 | !(20 & 21)) | !18) | !17))) | !14))) | !11))) | !8)))))))))) & (t)] 0
[(!(0 | ((2 | (3 | (4 | (5 | (6 | (((9 | (10 | ((12 | (13 | ((15 | (16 | (((19 | (20 | 21)) | !18) | !17))) | !14))) | !11))) | !8) | !7)))))) | !1))) & (t)] 0
[(!(0 | ((2 | (3 | (4 | (5 | (6 | (((9 | (10 | ((12 | (13 | ((15 | (16 | (((19 | (20 | !21)) | !18) | !17))) | !14))) | !11))) | !8) | !7)))))) | !1))) & (t)] 0
[(!(0 | ((2 | (3 | (4 | (5 | (6 | (((9 | (10 | ((12 | (13 | ((15 | (16 | (((19 | (21 | !20)) | !18) | !17))) | !14))) | !11))) | !8) | !7)))))) | !1))) & (t)] 0
[(!(0 | ((2 | (3 | (4 | (5 | (6 | (((9 | (10 | ((12 | (13 | ((15 | (16 | (((19 | !(20 & 21)) | !18) | !17))) | !14))) | !11))) | !8) | !7)))))) | !1))) & (t)] 0
[(!(0 | (1 | (2 | (3 | (4 | (5 | (6 | (7 | ((9 | (10 | (11 | (12 | (13 | (((16 | ((19 | !18) | !17)) | !15) | !14)))))) | !8)))))))))) & (t)] 0
[(!(0 | (1 | (2 | (3 | (4 | (5 | (6 | (((9 | (10 | (11 | (12 | (((15 | (16 | ((19 | !18) | !17))) | !14) | !13))))) | !8) | !7))))))))) & (!(23 | !22))] 0
[(!((1 | (2 | (3 | (4 | (5 | (6 | (((9 | (10 | (11 | (12 | (((15 | !(16 & (17 & (18 & 19)))) | !14) | !13))))) | !8) | !7))))))) | !0)) & (!(23 | !22))] 0
[(!((1 | (2 | (3 | ((5 | (6 | (((9 | (10 | (11 | (12 | (((15 | (((18 | !19) | !17) | !16)) | !14) | !13))))) | !8) | !7))) | !4)))) | !0)) & (!(22 | !23))] 0
[(!((1 | (2 | (3 | ((5 | (6 | (((9 | (10 | (11 | (12 | (((15 | !(16 & (17 & (18 & 19)))) | !14) | !13))))) | !8) | !7))) | !4)))) | !0)) & (t)] 0
[(!((1 | (2 | ((4 | ((6 | (((9 | (10 | (11 | (12 | (((15 | (16 | !(17 & (18 & 19)))) | !14) | !13))))) | !8) | !7)) | !5)) | !3))) | !0)) & (!(23 | !22))] 0
[(!((1 | (2 | ((((6 | ((8 | (9 | (10 | (11 | (12 | (((15 | (16 | !(17 & (18 & 19)))) | !14) | !13)))))) | !7)) | !5) | !4) | !3))) | !0)) & (t)] 0
[(!((1 | (2 | ((((6 | (((9 | (10 | (11 | (12 | (((15 | (16 | !(17 & (18 & 19)))) | !14) | !13))))) | !8) | !7)) | !5) | !4) | !3))) | !0)) & (t)] 0
[(!(0 | (1 | (2 | (3 | (((6 | (((9 | (10 | ((12 | (13 | ((15 | (16 | (((19 | (20 | 21)) | !18) | !17))) | !14))) | !11))) | !8) | !7)) | !5) | !4)))))) & (t)] 0
[(!(0 | (1 | (2 | (3 | (((6 | (((9 | (10 | ((12 | (13 | ((15 | (16 | (((19 | (20 | !21)) | !18) | !17))) | !14))) | !11))) | !8) | !7)) | !5) | !4)))))) & (t)] 0
[(!(0 | (1 | (2 | (3 | (((6 | (((9 | (10 | ((12 | (13 | ((15 | (16 | (((19 | (21 | !20)) | !18) | !17))) | !14))) | !11))) | !8) | !7)) | !5) | !4)))))) & (t)] 0
[(!(0 | (1 | (2 | (3 | (((6 | (((9 | (10 | ((12 | (13 | ((15 | (16 | (((19 | !(20 & 21)) | !18) | !17))) | !14))) | !11))) | !8) | !7)) | !5) | !4)))))) & (t)] 0
[(!((1 | (2 | (3 | ((5 | (6 | (7 | ((9 | (10 | (11 | (12 | (((15 | (((18 | !19) | !17) | !16)) | !14) | !13))))) | !8)))) | !4)))) | !0)) & (!(22 | !23))] 0
[(!((1 | (2 | (3 | ((5 | (6 | (7 | ((9 | (10 | (11 | (12 | (((15 | !(16 & (17 & (18 & 19)))) | !14) | !13))))) | !8)))) | !4)))) | !0)) & (t)] 0
[(!((1 | (2 | ((4 | (5 | (6 | (((9 | (10 | (11 | (12 | (((15 | (16 | !(17 & (18 & 19)))) | !14) | !13))))) | !8) | !7)))) | !3))) | !0)) & (!(23 | !22))] 0
[(!((1 | (2 | (((5 | (6 | ((8 | (9 | (10 | (11 | (12 | (((15 | (16 | !(17 & (18 & 19)))) | !14) | !13)))))) | !7))) | !4) | !3))) | !0)) & (t)] 0
[(!((1 | (2 | (((5 | (6 | (((9 | (10 | (11 | (12 | (((15 | (16 | !(17 & (18 & 19)))) | !14) | !13))))) | !8) | !7))) | !4) | !3))) | !0)) & (t)] 0
[(!(0 | (1 | (2 | (3 | ((5 | ((((((11 | (12 | (((15 | (16 | (17 | (19 | !18)))) | !14) | !13))) | !10) | !9) | !8) | !7) | !6)) | !4)))))) & (t)] 0
[(!(0 | (1 | (2 | (3 | ((5 | ((((((11 | (12 | (((15 | (16 | ((18 | 19) | !17))) | !14) | !13))) | !10) | !9) | !8) | !7) | !6)) | !4)))))) & (!(22 | !23))] 0
[(!(0 | (1 | (2 | (3 | ((5 | ((((((11 | (12 | (((15 | (16 | ((19 | !18) | !17))) | !14) | !13))) | !10) | !9) | !8) | !7) | !6)) | !4)))))) & (t)] 0
[(!(0 | (1 | (2 | (3 | ((5 | (6 | (((9 | (10 | ((12 | (13 | ((15 | (16 | (((19 | (20 | 21)) | !18) | !17))) | !14))) | !11))) | !8) | !7))) | !4)))))) & (t)] 0
[(!(0 | (1 | (2 | (3 | ((5 | (6 | (((9 | (10 | ((12 | (13 | ((15 | (16 | (((19 | (20 | !21)) | !18) | !17))) | !14))) | !11))) | !8) | !7))) | !4)))))) & (t)] 0
[(!(0 | (1 | (2 | (3 | ((5 | (6 | (((9 | (10 | ((12 | (13 | ((15 | (16 | (((19 | (21 | !20)) | !18) | !17))) | !14))) | !11))) | !8) | !7))) | !4)))))) & (t)] 0
[(!(0 | (1 | (2 | (3 | ((5 | (6 | (((9 | (10 | ((12 | (13 | ((15 | (16 | (((19 | !(20 & 21)) | !18) | !17))) | !14))) | !11))) | !8) | !7))) | !4)))))) & (t)] 0
[(!(0 | (1 | (2 | (3 | (((6 | ((8 | (9 | (10 | ((12 | (13 | ((15 | (16 | (((19 | (20 | 21)) | !18) | !17))) | !14))) | !11)))) | !7)) | !5) | !4)))))) & (t)] 0
[(!(0 | (1 | (2 | (3 | (((6 | ((8 | (9 | (10 | ((12 | (13 | ((15 | (16 | (((19 | (20 | !21)) | !18) | !17))) | !14))) | !11)))) | !7)) | !5) | !4)))))) & (t)] 0
[(!(0 | (1 | (2 | (3 | (((6 | ((8 | (9 | (10 | ((12 | (13 | ((15 | (16 | (((19 | (21 | !20)) | !18) | !17))) | !14))) | !11)))) | !7)) | !5) | !4)))))) & (t)] 0
[(!(0 | (1 | (2 | (3 | (((6 | ((8 | (9 | (10 | ((12 | (13 | ((15 | (16 | (((19 | !(20 & 21)) | !18) | !17))) | !14))) | !11)))) | !7)) | !5) | !4)))))) & (t)] 0
[(!(0 | (1 | (2 | (3 | ((5 | (6 | (((9 | (10 | (((13 | ((15 | (16 | (((19 | (20 | 21)) | !18) | !17))) | !14)) | !12) | !11))) | !8) | !7))) | !4)))))) & (t)] 0
[(!(0 | (1 | (2 | (3 | ((5 | (6 | (((9 | (10 | (((13 | ((15 | (16 | (((19 | (20 | !21)) | !18) | !17))) | !14)) | !12) | !11))) | !8) | !7))) | !4)))))) & (t)] 0
[(!(0 | (1 | (2 | (3 | ((5 | (6 | (((9 | (10 | (((13 | ((15 | (16 | (((19 | (21 | !20)) | !18) | !17))) | !14)) | !12) | !11))) | !8) | !7))) | !4)))))) & (t)] 0
[(!(0 | (1 | (2 | (3 | ((5 | (6 | (((9 | (10 | (((13 | ((15 | (16 | (((19 | !(20 & 21)) | !18) | !17))) | !14)) | !12) | !11))) | !8) | !7))) | !4)))))) & (t)] 0
[(!(0 | ((2 | (3 | (((6 | (((9 | (10 | ((12 | (13 | (14 | (15 | (16 | (((19 | 21) | !18) | !17)))))) | !11))) | !8) | !7)) | !5) | !4))) | !1))) & (t)] 0
[(!(0 | ((2 | (3 | (((6 | (((9 | (10 | ((12 | (13 | (14 | (15 | (16 | (((19 | (20 | !21)) | !18) | !17)))))) | !11))) | !8) | !7)) | !5) | !4))) | !1))) & (t)] 0
[(!(0 | ((2 | (3 | (((6 | (((9 | (10 | ((12 | (13 | (14 | (15 | (16 | (((19 | !(20 & 21)) | !18) | !17)))))) | !11))) | !8) | !7)) | !5) | !4))) | !1))) & (t)] 0
[(!(0 | (1 | (2 | (3 | (((6 | (((9 | (10 | (11 | (12 | (13 | (((16 | ((19 | !18) | !17)) | !15) | !14)))))) | !8) | !7)) | !5) | !4)))))) & (t)] 0
[(!(0 | (1 | (2 | (3 | ((5 | ((7 | ((((11 | (12 | (((15 | (16 | (17 | (19 | !18)))) | !14) | !13))) | !10) | !9) | !8)) | !6)) | !4)))))) & (t)] 0
[(!(0 | (1 | (2 | (3 | ((5 | ((7 | ((((11 | (12 | (((15 | (16 | ((18 | 19) | !17))) | !14) | !13))) | !10) | !9) | !8)) | !6)) | !4)))))) & (!(22 | !23))] 0
[(!(0 | (1 | (2 | (3 | ((5 | ((7 | ((((11 | (12 | (((15 | (16 | ((19 | !18) | !17))) | !14) | !13))) | !10) | !9) | !8)) | !6)) | !4)))))) & (t)] 0
[(!(0 | (1 | (2 | (3 | ((5 | (6 | (7 | ((9 | (10 | ((12 | (13 | ((15 | (16 | (((19 | 20) | !18) | !17))) | !14))) | !11))) | !8)))) | !4)))))) & (t)] 0
[(!(0 | (1 | (2 | (3 | ((5 | (6 | (7 | ((9 | (10 | ((12 | (13 | ((15 | (16 | (((19 | (21 | !20)) | !18) | !17))) | !14))) | !11))) | !8)))) | !4)))))) & (t)] 0
[(!(0 | (1 | (2 | (3 | ((5 | (6 | (7 | ((9 | (10 | ((12 | (13 | ((15 | (16 | (((19 | !(20 & 21)) | !18) | !17))) | !14))) | !11))) | !8)))) | !4)))))) & (t)] 0
[(!(0 | (1 | (2 | (3 | ((5 | (6 | ((8 | (9 | (10 | ((12 | (13 | ((15 | (16 | (((19 | (20 | 21)) | !18) | !17))) | !14))) | !11)))) | !7))) | !4)))))) & (t)] 0
[(!(0 | (1 | (2 | (3 | ((5 | (6 | ((8 | (9 | (10 | ((12 | (13 | ((15 | (16 | (((19 | (20 | !21)) | !18) | !17))) | !14))) | !11)))) | !7))) | !4)))))) & (t)] 0
[(!(0 | (1 | (2 | (3 | ((5 | (6 | ((8 | (9 | (10 | ((12 | (13 | ((15 | (16 | (((19 | (21 | !20)) | !18) | !17))) | !14))) | !11)))) | !7))) | !4)))))) & (t)] 0
[(!(0 | (1 | (2 | (3 | ((5 | (6 | ((8 | (9 | (10 | ((12 | (13 | ((15 | (16 | (((19 | !(20 & 21)) | !18) | !17))) | !14))) | !11)))) | !7))) | !4)))))) & (t)] 0
[(!(0 | (1 | (2 | (3 | ((5 | (6 | (((9 | (10 | ((12 | (13 | ((15 | (16 | (17 | ((19 | (20 | 21)) | !18)))) | !14))) | !11))) | !8) | !7))) | !4)))))) & (t)] 0
[(!(0 | (1 | (2 | (3 | ((5 | (6 | (((9 | (10 | ((12 | (13 | ((15 | (16 | (17 | ((19 | (20 | !21)) | !18)))) | !14))) | !11))) | !8) | !7))) | !4)))))) & (t)] 0
[(!(0 | (1 | (2 | (3 | ((5 | (6 | (((9 | (10 | ((12 | (13 | ((15 | (16 | (17 | ((19 | (21 | !20)) | !18)))) | !14))) | !11))) | !8) | !7))) | !4)))))) & (t)] 0
[(!(0 | (1 | (2 | (3 | ((5 | (6 | (((9 | (10 | ((12 | (13 | ((15 | (16 | (17 | ((19 | !(20 & 21)) | !18)))) | !14))) | !11))) | !8) | !7))) | !4)))))) & (t)] 0
[(!(0 | (1 | (2 | (3 | ((5 | (6 | (7 | ((9 | (10 | (((13 | ((15 | (16 | (((19 | 20) | !18) | !17))) | !14)) | !12) | !11))) | !8)))) | !4)))))) & (t)] 0
[(!(0 | (1 | (2 | (3 | ((5 | (6 | (7 | ((9 | (10 | (((13 | ((15 | (16 | (((19 | (21 | !20)) | !18) | !17))) | !14)) | !12) | !11))) | !8)))) | !4)))))) & (t)] 0
[(!(0 | (1 | (2 | (3 | ((5 | (6 | (7 | ((9 | (10 | (((13 | ((15 | (16 | (((19 | !(20 & 21)) | !18) | !17))) | !14)) | !12) | !11))) | !8)))) | !4)))))) & (t)] 0
[(!(0 | ((2 | (3 | (((6 | (((9 | (10 | ((12 | (13 | ((15 | (16 | (((19 | (20 | 21)) | !18) | !17))) | !14))) | !11))) | !8) | !7)) | !5) | !4))) | !1))) & (t)] 0
[(!(0 | ((2 | (3 | (((6 | (((9 | (10 | ((12 | (13 | ((15 | (16 | (((19 | (20 | !21)) | !18) | !17))) | !14))) | !11))) | !8) | !7)) | !5) | !4))) | !1))) & (t)] 0
[(!(0 | ((2 | (3 | (((6 | (((9 | (10 | ((12 | (13 | ((15 | (16 | (((19 | (21 | !20)) | !18) | !17))) | !14))) | !11))) | !8) | !7)) | !5) | !4))) | !1))) & (t)] 0
[(!(0 | ((2 | (3 | (((6 | (((9 | (10 | ((12 | (13 | ((15 | (16 | (((19 | !(20 & 21)) | !18) | !17))) | !14))) | !11))) | !8) | !7)) | !5) | !4))) | !1))) & (t)] 0
[(!(0 | (1 | (2 | (3 | ((5 | (6 | (((9 | (10 | (11 | (12 | (13 | (((16 | ((19 | !18) | !17)) | !15) | !14)))))) | !8) | !7))) | !4)))))) & (t)] 0
[(!(0 | (1 | (2 | (3 | ((5 | (6 | ((8 | (9 | (10 | (((13 | ((15 | (16 | (((19 | (20 | 21)) | !18) | !17))) | !14)) | !12) | !11)))) | !7))) | !4)))))) & (t)] 0
[(!(0 | (1 | (2 | (3 | ((5 | (6 | ((8 | (9 | (10 | (((13 | ((15 | (16 | (((19 | (20 | !21)) | !18) | !17))) | !14)) | !12) | !11)))) | !7))) | !4)))))) & (t)] 0
[(!(0 | (1 | (2 | (3 | ((5 | (6 | ((8 | (9 | (10 | (((13 | ((15 | (16 | (((19 | (21 | !20)) | !18) | !17))) | !14)) | !12) | !11)))) | !7))) | !4)))))) & (t)] 0
[(!(0 | (1 | (2 | (3 | ((5 | (6 | ((8 | (9 | (10 | (((13 | ((15 | (16 | (((19 | !(20 & 21)) | !18) | !17))) | !14)) | !12) | !11)))) | !7))) | !4)))))) & (t)] 0
[(!(0 | ((2 | (3 | (((6 | ((8 | (9 | (10 | ((12 | (13 | (14 | (15 | (16 | (((19 | 21) | !18) | !17)))))) | !11)))) | !7)) | !5) | !4))) | !1))) & (t)] 0
[(!(0 | ((2 | (3 | (((6 | ((8 | (9 | (10 | ((12 | (13 | (14 | (15 | (16 | (((19 | (20 | !21)) | !18) | !17)))))) | !11)))) | !7)) | !5) | !4))) | !1))) & (t)] 0
[(!(0 | ((2 | (3 | (((6 | ((8 | (9 | (10 | ((12 | (13 | (14 | (15 | (16 | (((19 | !(20 & 21)) | !18) | !17)))))) | !11)))) | !7)) | !5) | !4))) | !1))) & (t)] 0
[(!(0 | (1 | (2 | (3 | (((6 | ((8 | (9 | (10 | (11 | (12 | (13 | (((16 | ((19 | !18) | !17)) | !15) | !14))))))) | !7)) | !5) | !4)))))) & (t)] 0
[(!(0 | (1 | (2 | (3 | (((6 | (((9 | (10 | ((12 | (13 | (14 | (15 | (16 | (((19 | 21) | !18) | !17)))))) | !11))) | !8) | !7)) | !5) | !4)))))) & (t)] 0
[(!(0 | (1 | (2 | (3 | (((6 | (((9 | (10 | ((12 | (13 | (14 | (15 | (16 | (((19 | (20 | !21)) | !18) | !17)))))) | !11))) | !8) | !7)) | !5) | !4)))))) & (t)] 0
[(!(0 | (1 | (2 | (3 | (((6 | (((9 | (10 | ((12 | (13 | (14 | (15 | (16 | (((19 | !(20 & 21)) | !18) | !17)))))) | !11))) | !8) | !7)) | !5) | !4)))))) & (t)] 0
[(!(0 | (1 | (2 | (3 | (((6 | (((9 | (10 | (((13 | ((15 | (16 | (((19 | (20 | 21)) | !18) | !17))) | !14)) | !12) | !11))) | !8) | !7)) | !5) | !4)))))) & (t)] 0
[(!(0 | (1 | (2 | (3 | (((6 | (((9 | (10 | (((13 | ((15 | (16 | (((19 | (20 | !21)) | !18) | !17))) | !14)) | !12) | !11))) | !8) | !7)) | !5) | !4)))))) & (t)] 0
[(!(0 | (1 | (2 | (3 | (((6 | (((9 | (10 | (((13 | ((15 | (16 | (((19 | (21 | !20)) | !18) | !17))) | !14)) | !12) | !11))) | !8) | !7)) | !5) | !4)))))) & (t)] 0
[(!(0 | (1 | (2 | (3 | (((6 | (((9 | (10 | (((13 | ((15 | (16 | (((19 | !(20 & 21)) | !18) | !17))) | !14)) | !12) | !11))) | !8) | !7)) | !5) | !4)))))) & (t)] 0
[(!(0 | (1 | (2 | (3 | (((6 | (((9 | (10 | (11 | (12 | (13 | (14 | ((16 | ((19 | !18) | !17)) | !15))))))) | !8) | !7)) | !5) | !4)))))) & (t)] 0
[(!(0 | (1 | (2 | (3 | (((6 | (((9 | (10 | (11 | (12 | (((15 | (16 | ((19 | !18) | !17))) | !14) | !13))))) | !8) | !7)) | !5) | !4)))))) & (t)] 0
[(!((1 | (2 | (3 | (((6 | (((9 | (10 | (11 | (12 | (((15 | (((18 | !19) | !17) | !16)) | !14) | !13))))) | !8) | !7)) | !5) | !4)))) | !0)) & (!(22 | !23))] 0
[(!(0 | (1 | (2 | (3 | ((5 | (6 | (7 | ((9 | (10 | ((12 | (13 | ((15 | (16 | (17 | ((19 | 20) | !18)))) | !14))) | !11))) | !8)))) | !4)))))) & (t)] 0
[(!(0 | (1 | (2 | (3 | ((5 | (6 | (7 | ((9 | (10 | ((12 | (13 | ((15 | (16 | (17 | ((19 | (21 | !20)) | !18)))) | !14))) | !11))) | !8)))) | !4)))))) & (t)] 0
[(!(0 | (1 | (2 | (3 | ((5 | (6 | (7 | ((9 | (10 | ((12 | (13 | ((15 | (16 | (17 | ((19 | !(20 & 21)) | !18)))) | !14))) | !11))) | !8)))) | !4)))))) & (t)] 0
[(!(0 | ((2 | (3 | ((5 | (6 | (((9 | (10 | ((12 | (13 | ((15 | (16 | (((19 | (20 | 21)) | !18) | !17))) | !14))) | !11))) | !8) | !7))) | !4))) | !1))) & (t)] 0
[(!(0 | ((2 | (3 | ((5 | (6 | (((9 | (10 | ((12 | (13 | ((15 | (16 | (((19 | (20 | !21)) | !18) | !17))) | !14))) | !11))) | !8) | !7))) | !4))) | !1))) & (t)] 0
[(!(0 | ((2 | (3 | ((5 | (6 | (((9 | (10 | ((12 | (13 | ((15 | (16 | (((19 | (21 | !20)) | !18) | !17))) | !14))) | !11))) | !8) | !7))) | !4))) | !1))) & (t)] 0
[(!(0 | ((2 | (3 | ((5 | (6 | (((9 | (10 | ((12 | (13 | ((15 | (16 | (((19 | !(20 & 21)) | !18) | !17))) | !14))) | !11))) | !8) | !7))) | !4))) | !1))) & (t)] 0
[(!(0 | (1 | (2 | (3 | ((5 | (6 | (7 | ((9 | (10 | (11 | (12 | (13 | (((16 | ((19 | !18) | !17)) | !15) | !14)))))) | !8)))) | !4)))))) & (t)] 0
[(!(0 | (1 | (2 | (3 | ((5 | (6 | (7 | (8 | (9 | (10 | (((13 | ((15 | (16 | (((19 | 20) | !18) | !17))) | !14)) | !12) | !11))))))) | !4)))))) & (t)] 0
[(!(0 | (1 | (2 | (3 | ((5 | (6 | (7 | (8 | (9 | (10 | (((13 | ((15 | (16 | (((19 | (21 | !20)) | !18) | !17))) | !14)) | !12) | !11))))))) | !4)))))) & (t)] 0
[(!(0 | (1 | (2 | (3 | ((5 | (6 | (7 | (8 | (9 | (10 | (((13 | ((15 | (16 | (((19 | !(20 & 21)) | !18) | !17))) | !14)) | !12) | !11))))))) | !4)))))) & (t)] 0
[(!(0 | ((2 | (3 | (((6 | ((8 | (9 | (10 | ((12 | (13 | ((15 | (16 | (((19 | (20 | 21)) | !18) | !17))) | !14))) | !11)))) | !7)) | !5) | !4))) | !1))) & (t)] 0
[(!(0 | ((2 | (3 | (((6 | ((8 | (9 | (10 | ((12 | (13 | ((15 | (16 | (((19 | (20 | !21)) | !18) | !17))) | !14))) | !11)))) | !7)) | !5) | !4))) | !1))) & (t)] 0
[(!(0 | ((2 | (3 | (((6 | ((8 | (9 | (10 | ((12 | (13 | ((15 | (16 | (((19 | (21 | !20)) | !18) | !17))) | !14))) | !11)))) | !7)) | !5) | !4))) | !1))) & (t)] 0
[(!(0 | ((2 | (3 | (((6 | ((8 | (9 | (10 | ((12 | (13 | ((15 | (16 | (((19 | !(20 & 21)) | !18) | !17))) | !14))) | !11)))) | !7)) | !5) | !4))) | !1))) & (t)] 0
[(!(0 | (1 | (2 | (3 | ((5 | (6 | ((8 | (9 | (10 | (11 | (12 | (13 | (((16 | ((19 | !18) | !17)) | !15) | !14))))))) | !7))) | !4)))))) & (t)] 0
[(!(0 | (1 | (2 | (3 | ((5 | (6 | (7 | ((9 | (10 | (((13 | ((15 | (16 | (17 | ((19 | 20) | !18)))) | !14)) | !12) | !11))) | !8)))) | !4)))))) & (t)] 0
[(!(0 | (1 | (2 | (3 | ((5 | (6 | (7 | ((9 | (10 | (((13 | ((15 | (16 | (17 | ((19 | (21 | !20)) | !18)))) | !14)) | !12) | !11))) | !8)))) | !4)))))) & (t)] 0
[(!(0 | (1 | (2 | (3 | ((5 | (6 | (7 | ((9 | (10 | (((13 | ((15 | (16 | (17 | ((19 | !(20 & 21)) | !18)))) | !14)) | !12) | !11))) | !8)))) | !4)))))) & (t)] 0
[(!(0 | ((2 | (3 | (((6 | (((9 | (10 | ((12 | (13 | ((15 | (16 | (17 | ((19 | (20 | 21)) | !18)))) | !14))) | !11))) | !8) | !7)) | !5) | !4))) | !1))) & (t)] 0
[(!(0 | ((2 | (3 | (((6 | (((9 | (10 | ((12 | (13 | ((15 | (16 | (17 | ((19 | (20 | !21)) | !18)))) | !14))) | !11))) | !8) | !7)) | !5) | !4))) | !1))) & (t)] 0
[(!(0 | ((2 | (3 | (((6 | (((9 | (10 | ((12 | (13 | ((15 | (16 | (17 | ((19 | (21 | !20)) | !18)))) | !14))) | !11))) | !8) | !7)) | !5) | !4))) | !1))) & (t)] 0
[(!(0 | ((2 | (3 | (((6 | (((9 | (10 | ((12 | (13 | ((15 | (16 | (17 | ((19 | !(20 & 21)) | !18)))) | !14))) | !11))) | !8) | !7)) | !5) | !4))) | !1))) & (t)] 0
[(!(0 | (1 | (2 | (3 | ((5 | (6 | (((9 | (10 | (11 | (12 | (13 | (((16 | (17 | (19 | !18))) | !15) | !14)))))) | !8) | !7))) | !4)))))) & (t)] 0
[(!(0 | (1 | (2 | (3 | ((5 | (6 | (((9 | (10 | (11 | (12 | (((15 | (16 | ((19 | !18) | !17))) | !14) | !13))))) | !8) | !7))) | !4)))))) & (t)] 0
[(!(0 | (1 | ((3 | (4 | (5 | ((((9 | ((11 | (12 | (((15 | (16 | ((19 | !18) | !17))) | !14) | !13))) | !10)) | !8) | !7) | !6)))) | !2)))) & (!(23 | !22))] 0
[(!(0 | (1 | (2 | (3 | (((6 | ((8 | (9 | (10 | ((12 | (13 | (14 | (15 | (16 | (((19 | 21) | !18) | !17)))))) | !11)))) | !7)) | !5) | !4)))))) & (t)] 0
[(!(0 | (1 | (2 | (3 | (((6 | ((8 | (9 | (10 | ((12 | (13 | (14 | (15 | (16 | (((19 | (20 | !21)) | !18) | !17)))))) | !11)))) | !7)) | !5) | !4)))))) & (t)] 0
[(!(0 | (1 | (2 | (3 | (((6 | ((8 | (9 | (10 | ((12 | (13 | (14 | (15 | (16 | (((19 | !(20 & 21)) | !18) | !17)))))) | !11)))) | !7)) | !5) | !4)))))) & (t)] 0
[(!(0 | (1 | (2 | (3 | (((6 | ((8 | (9 | (10 | (((13 | ((15 | (16 | (((19 | (20 | 21)) | !18) | !17))) | !14)) | !12) | !11)))) | !7)) | !5) | !4)))))) & (t)] 0
[(!(0 | (1 | (2 | (3 | (((6 | ((8 | (9 | (10 | (((13 | ((15 | (16 | (((19 | (20 | !21)) | !18) | !17))) | !14)) | !12) | !11)))) | !7)) | !5) | !4)))))) & (t)] 0
[(!(0 | (1 | (2 | (3 | (((6 | ((8 | (9 | (10 | (((13 | ((15 | (16 | (((19 | (21 | !20)) | !18) | !17))) | !14)) | !12) | !11)))) | !7)) | !5) | !4)))))) & (t)] 0
[(!(0 | (1 | (2 | (3 | (((6 | ((8 | (9 | (10 | (((13 | ((15 | (16 | (((19 | !(20 & 21)) | !18) | !17))) | !14)) | !12) | !11)))) | !7)) | !5) | !4)))))) & (t)] 0
[(!(0 | (1 | (2 | (3 | (((6 | ((8 | (9 | (10 | (11 | (12 | (13 | (14 | ((16 | ((19 | !18) | !17)) | !15)))))))) | !7)) | !5) | !4)))))) & (t)] 0
[(!(0 | (1 | (2 | (3 | (((6 | ((8 | (9 | (10 | (11 | (12 | (((15 | (16 | ((19 | !18) | !17))) | !14) | !13)))))) | !7)) | !5) | !4)))))) & (t)] 0
[(!((1 | (2 | (3 | (((6 | ((8 | (9 | (10 | (11 | (12 | (((15 | (((18 | !19) | !17) | !16)) | !14) | !13)))))) | !7)) | !5) | !4)))) | !0)) & (!(22 | !23))] 0
[(!(0 | (1 | (2 | (3 | ((((((((11 | (12 | (((15 | (16 | (17 | (19 | !18)))) | !14) | !13))) | !10) | !9) | !8) | !7) | !6) | !5) | !4)))))) & (t)] 0
[(!(0 | (1 | (2 | (3 | ((((((((11 | (12 | (((15 | (16 | ((18 | 19) | !17))) | !14) | !13))) | !10) | !9) | !8) | !7) | !6) | !5) | !4)))))) & (!(22 | !23))] 0
[(!(0 | (1 | (2 | (3 | ((((((((11 | (12 | (((15 | (16 | ((19 | !18) | !17))) | !14) | !13))) | !10) | !9) | !8) | !7) | !6) | !5) | !4)))))) & (t)] 0
[(!(0 | ((2 | (3 | ((5 | (6 | (((9 | (10 | ((12 | (13 | ((15 | (16 | (17 | ((19 | (20 | 21)) | !18)))) | !14))) | !11))) | !8) | !7))) | !4))) | !1))) & (t)] 0
[(!(0 | ((2 | (3 | ((5 | (6 | (((9 | (10 | ((12 | (13 | ((15 | (16 | (17 | ((19 | (20 | !21)) | !18)))) | !14))) | !11))) | !8) | !7))) | !4))) | !1))) & (t)] 0
[(!(0 | ((2 | (3 | ((5 | (6 | (((9 | (10 | ((12 | (13 | ((15 | (16 | (17 | ((19 | (21 | !20)) | !18)))) | !14))) | !11))) | !8) | !7))) | !4))) | !1))) & (t)] 0
[(!(0 | ((2 | (3 | ((5 | (6 | (((9 | (10 | ((12 | (13 | ((15 | (16 | (17 | ((19 | !(20 & 21)) | !18)))) | !14))) | !11))) | !8) | !7))) | !4))) | !1))) & (t)] 0
[(!(0 | (1 | (2 | (3 | ((5 | (6 | (7 | ((9 | (10 | (11 | (12 | (13 | (((16 | (17 | (19 | !18))) | !15) | !14)))))) | !8)))) | !4)))))) & (t)] 0
[(!(0 | (1 | (2 | (3 | ((5 | (6 | (7 | ((9 | (10 | (11 | (12 | (((15 | (16 | ((19 | !18) | !17))) | !14) | !13))))) | !8)))) | !4)))))) & (t)] 0
[(!(0 | (1 | (2 | (3 | ((5 | (6 | (7 | (8 | (9 | (10 | ((12 | (13 | ((15 | (16 | (((19 | 20) | !18) | !17))) | !14))) | !11))))))) | !4)))))) & (t)] 0
[(!(0 | (1 | (2 | (3 | ((5 | (6 | (7 | (8 | (9 | (10 | ((12 | (13 | ((15 | (16 | (((19 | (21 | !20)) | !18) | !17))) | !14))) | !11))))))) | !4)))))) & (t)] 0
[(!(0 | (1 | (2 | (3 | ((5 | (6 | (7 | (8 | (9 | (10 | ((12 | (13 | ((15 | (16 | (((19 | !(20 & 21)) | !18) | !17))) | !14))) | !11))))))) | !4)))))) & (t)] 0
[(!(0 | ((2 | (3 | ((5 | (6 | ((8 | (9 | (10 | ((12 | (13 | ((15 | (16 | (((19 | (20 | 21)) | !18) | !17))) | !14))) | !11)))) | !7))) | !4))) | !1))) & (t)] 0
[(!(0 | ((2 | (3 | ((5 | (6 | ((8 | (9 | (10 | ((12 | (13 | ((15 | (16 | (((19 | (20 | !21)) | !18) | !17))) | !14))) | !11)))) | !7))) | !4))) | !1))) & (t)] 0
[(!(0 | ((2 | (3 | ((5 | (6 | ((8 | (9 | (10 | ((12 | (13 | ((15 | (16 | (((19 | (21 | !20)) | !18) | !17))) | !14))) | !11)))) | !7))) | !4))) | !1))) & (t)] 0
[(!(0 | ((2 | (3 | ((5 | (6 | ((8 | (9 | (10 | ((12 | (13 | ((15 | (16 | (((19 | !(20 & 21)) | !18) | !17))) | !14))) | !11)))) | !7))) | !4))) | !1))) & (t)] 0
[(!(0 | (1 | (2 | (3 | ((5 | (6 | (7 | (8 | (9 | (10 | (11 | (12 | (13 | (((16 | ((19 | !18) | !17)) | !15) | !14)))))))))) | !4)))))) & (t)] 0
[(!(0 | (1 | (2 | (3 | ((5 | (6 | ((8 | (9 | (10 | (11 | (12 | (((15 | (16 | ((19 | !18) | !17))) | !14) | !13)))))) | !7))) | !4)))))) & (t)] 0
[(!((1 | (2 | (3 | ((5 | (6 | ((8 | (9 | (10 | (11 | (12 | (((15 | (((18 | !19) | !17) | !16)) | !14) | !13)))))) | !7))) | !4)))) | !0)) & (!(22 | !23))] 0
[(!(0 | (1 | (2 | (3 | (((6 | (((9 | (10 | ((12 | (13 | ((15 | (16 | (17 | ((19 | (20 | 21)) | !18)))) | !14))) | !11))) | !8) | !7)) | !5) | !4)))))) & (t)] 0
[(!(0 | (1 | (2 | (3 | (((6 | (((9 | (10 | ((12 | (13 | ((15 | (16 | (17 | ((19 | (20 | !21)) | !18)))) | !14))) | !11))) | !8) | !7)) | !5) | !4)))))) & (t)] 0
[(!(0 | (1 | (2 | (3 | (((6 | (((9 | (10 | ((12 | (13 | ((15 | (16 | (17 | ((19 | (21 | !20)) | !18)))) | !14))) | !11))) | !8) | !7)) | !5) | !4)))))) & (t)] 0
[(!(0 | (1 | (2 | (3 | (((6 | (((9 | (10 | ((12 | (13 | ((15 | (16 | (17 | ((19 | !(20 & 21)) | !18)))) | !14))) | !11))) | !8) | !7)) | !5) | !4)))))) & (t)] 0
[(!(0 | (1 | (2 | (3 | ((5 | (6 | (((9 | (10 | (((13 | ((15 | (16 | (17 | ((19 | (20 | 21)) | !18)))) | !14)) | !12) | !11))) | !8) | !7))) | !4)))))) & (t)] 0
[(!(0 | (1 | (2 | (3 | ((5 | (6 | (((9 | (10 | (((13 | ((15 | (16 | (17 | ((19 | (20 | !21)) | !18)))) | !14)) | !12) | !11))) | !8) | !7))) | !4)))))) & (t)] 0
[(!(0 | (1 | (2 | (3 | ((5 | (6 | (((9 | (10 | (((13 | ((15 | (16 | (17 | ((19 | (21 | !20)) | !18)))) | !14)) | !12) | !11))) | !8) | !7))) | !4)))))) & (t)] 0
[(!(0 | (1 | (2 | (3 | ((5 | (6 | (((9 | (10 | (((13 | ((15 | (16 | (17 | ((19 | !(20 & 21)) | !18)))) | !14)) | !12) | !11))) | !8) | !7))) | !4)))))) & (t)] 0
[(!(0 | ((2 | (3 | (((6 | (((9 | (10 | ((12 | (13 | (14 | (15 | (16 | (17 | ((19 | 21) | !18))))))) | !11))) | !8) | !7)) | !5) | !4))) | !1))) & (t)] 0
[(!(0 | ((2 | (3 | (((6 | (((9 | (10 | ((12 | (13 | (14 | (15 | (16 | (17 | ((19 | (20 | !21)) | !18))))))) | !11))) | !8) | !7)) | !5) | !4))) | !1))) & (t)] 0
[(!(0 | ((2 | (3 | (((6 | (((9 | (10 | ((12 | (13 | (14 | (15 | (16 | (17 | ((19 | !(20 & 21)) | !18))))))) | !11))) | !8) | !7)) | !5) | !4))) | !1))) & (t)] 0
[(!(0 | (1 | (2 | (3 | (((6 | (((9 | (10 | (11 | (12 | (13 | (((16 | (17 | (19 | !18))) | !15) | !14)))))) | !8) | !7)) | !5) | !4)))))) & (t)] 0
[(!(0 | (1 | (2 | (3 | ((5 | (6 | (((9 | (10 | (11 | (12 | (((15 | (16 | (17 | (19 | !18)))) | !14) | !13))))) | !8) | !7))) | !4)))))) & (t)] 0
[(!(0 | (1 | ((3 | (4 | (5 | ((((9 | ((11 | (12 | (((15 | (16 | (17 | (19 | !18)))) | !14) | !13))) | !10)) | !8) | !7) | !6)))) | !2)))) & (!(23 | !22))] 0
[(!(0 | (1 | (2 | (3 | ((5 | (6 | (7 | ((9 | (10 | (11 | (12 | (((15 | (16 | (17 | (19 | !18)))) | !14) | !13))))) | !8)))) | !4)))))) & (t)] 0
[(!(0 | (1 | (2 | (3 | ((5 | (6 | (7 | (8 | (9 | (10 | (11 | (12 | (((15 | (16 | ((19 | !18) | !17))) | !14) | !13))))))))) | !4)))))) & (t)] 0
[(!((1 | (2 | (3 | ((5 | (6 | (7 | (8 | (9 | (10 | (11 | (12 | (((15 | (((18 | !19) | !17) | !16)) | !14) | !13))))))))) | !4)))) | !0)) & (!(22 | !23))] 0
[(!(0 | (1 | (2 | (3 | (((6 | (((9 | (10 | ((12 | (13 | (14 | (15 | (16 | (17 | ((19 | 21) | !18))))))) | !11))) | !8) | !7)) | !5) | !4)))))) & (t)] 0
[(!(0 | (1 | (2 | (3 | (((6 | (((9 | (10 | ((12 | (13 | (14 | (15 | (16 | (17 | ((19 | (20 | !21)) | !18))))))) | !11))) | !8) | !7)) | !5) | !4)))))) & (t)] 0
[(!(0 | (1 | (2 | (3 | (((6 | (((9 | (10 | ((12 | (13 | (14 | (15 | (16 | (17 | ((19 | !(20 & 21)) | !18))))))) | !11))) | !8) | !7)) | !5) | !4)))))) & (t)] 0
[(!(0 | (1 | (2 | (3 | (((6 | (((9 | (10 | (((13 | ((15 | (16 | (17 | ((19 | (20 | 21)) | !18)))) | !14)) | !12) | !11))) | !8) | !7)) | !5) | !4)))))) & (t)] 0
[(!(0 | (1 | (2 | (3 | (((6 | (((9 | (10 | (((13 | ((15 | (16 | (17 | ((19 | (20 | !21)) | !18)))) | !14)) | !12) | !11))) | !8) | !7)) | !5) | !4)))))) & (t)] 0
[(!(0 | (1 | (2 | (3 | (((6 | (((9 | (10 | (((13 | ((15 | (16 | (17 | ((19 | (21 | !20)) | !18)))) | !14)) | !12) | !11))) | !8) | !7)) | !5) | !4)))))) & (t)] 0
[(!(0 | (1 | (2 | (3 | (((6 | (((9 | (10 | (((13 | ((15 | (16 | (17 | ((19 | !(20 & 21)) | !18)))) | !14)) | !12) | !11))) | !8) | !7)) | !5) | !4)))))) & (t)] 0
[(!(0 | (1 | (2 | (3 | (((6 | (((9 | (10 | (11 | (12 | (13 | (14 | ((16 | (17 | (19 | !18))) | !15))))))) | !8) | !7)) | !5) | !4)))))) & (t)] 0
[(!(0 | (1 | (2 | (3 | (((6 | (((9 | (10 | (11 | (12 | (((15 | (16 | (17 | (19 | !18)))) | !14) | !13))))) | !8) | !7)) | !5) | !4)))))) & (t)] 0
[(!(0 | (1 | ((3 | (4 | (((((9 | ((11 | (12 | (((15 | (16 | (17 | (19 | !18)))) | !14) | !13))) | !10)) | !8) | !7) | !6) | !5))) | !2)))) & (!(23 | !22))] 0
[(0 & (1 | (2 | (3 & (4 & (6 | ((9 | (10 | (11 | (12 | (((15 | (16 | !(17 & (18 & 19)))) | !14) | !13))))) | !7)) | !4 & (6 | (((9 | (10 | (11 | (12 | (((15 | (16 | !(17 & (18 & 19)))) | !14) | !13))))) | !8) | !7))) | !3 & (4 & (5 & (6 | ((8 & (9 | (10 | (11 | (12 | (((15 | !(16 & (17 & 19))) | !14) | !13))))) | !8 & (9 | (10 | (11 | (12 | (((15 | (((18 | !19) | !17) | !16)) | !14) | !13)))))) | !7)) | !5 & (6 | (8 & (9 | (10 | (11 | (12 | (((15 | !(16 & (17 & 19))) | !14) | !13))))) | !8 & (9 | (10 | (11 | (12 | (((15 | (((18 | !19) | !17) | !16)) | !14) | !13)))))))) | !4 & (6 | (((9 | (10 | (11 | (12 | (((15 | !(16 & (17 & (18 & 19)))) | !14) | !13))))) | !8) | !7)))))) | !0 & (1 & (2 | (3 | (4 & (5 & (6 | ((8 & (9 | (10 | ((12 | (13 | (15 | (16 | (19 | !18))))) | !11))) | !8 & (9 | (10 | ((12 | (13 | (15 | (16 | ((19 | !18) | !17))))) | !11)))) | !7)) | !5 & (6 | ((8 & (9 | (10 | ((12 | (13 | ((15 | (16 | (19 | !18))) | !14))) | !11))) | !8 & (9 | (10 | ((12 | (13 | ((15 | (16 | ((19 | !18) | !17))) | !14))) | !11)))) | !7))) | !4 & (5 & (6 | (((9 | (10 | ((12 | (13 | (15 | (16 | ((19 | !18) | !17))))) | !11))) | !8) | !7)) | !5 & (6 | (((9 | (10 | ((12 | (13 | ((15 | (16 | ((19 | !18) | !17))) | !14))) | !11))) | !8) | !7)))))) | !1 & (2 & (3 | (4 | ((((9 | ((11 | (12 | (((15 | (16 | (19 | !18))) | !14) | !13))) | !10)) | !8) | !7) | !6))) | !2 & (3 | (4 & (5 & (6 & (((((11 | (12 | (((15 | (16 | (17 & 19 | !17 & (19 | !18)))) | !14) | !13))) | !10) | !9) | !8) | !7) | !6 & ((8 & (9 | (10 | (11 & (12 & (13 | ((15 | (16 | (19 | !18))) | !14)) | !12 & (13 | (15 | (16 | (19 | !18))))) | !11 & (12 | (13 & ((15 | (16 | (19 | !18))) | !14) | !13 & ((16 | (19 | !18)) | !15)))))) | !8 & (9 | (10 | (11 & (12 & (13 | ((15 | (16 | ((19 | !18) | !17))) | !14)) | !12 & (13 | (15 | (16 | ((19 | !18) | !17))))) | !11 & (12 | (13 & ((15 | (16 | ((19 | !18) | !17))) | !14) | !13 & ((16 | ((19 | !18) | !17)) | !15))))))) | !7)) | !5 & (6 & ((((11 | (12 | (((15 | (16 | (17 & 19 | !17 & (19 | !18)))) | !14) | !13))) | !10) | !9) | !8) | !6 & (8 & (9 | (10 | (11 & (13 | ((15 | (16 | (19 | !18))) | !14)) | !11 & (12 | (13 & ((15 | (16 | (19 | !18))) | !14) | !13 & (((16 | (19 | !18)) | !15) | !14)))))) | !8 & (9 | (10 | (11 & (13 | ((15 | (16 | ((19 | !18) | !17))) | !14)) | !11 & (12 | (13 & ((15 | (16 | ((19 | !18) | !17))) | !14) | !13 & (((16 | ((19 | !18) | !17)) | !15) | !14))))))))) | !4 & (5 & (6 | (((9 | (10 | (11 & (12 & (13 | ((15 | (16 | ((19 | !18) | !17))) | !14)) | !12 & (13 | (15 | (16 | ((19 | !18) | !17))))) | !11 & (12 | (13 & ((15 | (16 | ((19 | !18) | !17))) | !14) | !13 & ((16 | ((19 | !18) | !17)) | !15)))))) | !8) | !7)) | !5 & (6 | (7 & ((9 | (10 | (11 & (13 | ((15 | (16 | ((19 | !18) | !17))) | !14)) | !11 & (12 | (13 & ((15 | (16 | ((19 | !18) | !17))) | !14) | !13 & (((16 | ((19 | !18) | !17)) | !15) | !14)))))) | !8) | !7 & ((9 | (10 | (11 & (13 | ((15 | (16 | ((19 | !18) | !17))) | !14)) | !11 & (12 | (13 | (((16 | ((19 | !18) | !17)) | !15) | !14)))))) | !8))))))))) & (t)] 0
--END--
Synthesis took:  8475.30460357666 ms
