Processing program.
spec contains 2 APs (['q1', 'q0'])
simplified !(((cnt = 0) & finished) | (!roomA & grantB & !grantA & (cnt > 0)) | (roomA & grantA & !grantB & (cnt > 0))) (len 108) to ((!finished & !((!(!grantB | ((!(0 < cnt) | (roomA & (0 < cnt))) & grantB)) & !grantA) | (!(grantB | (!grantB & (!(0 < cnt) | (!roomA & (0 < cnt))))) & grantA))) | (finished & !((grantA & ((((!(0 < cnt) & (cnt = 0)) | ((((cnt = 0) & !roomA) | roomA) & (0 < cnt))) & !grantB) | ((cnt = 0) & grantB))) | (!grantA & (((cnt = 0) & !grantB) | (((!(0 < cnt) & (cnt = 0)) | (((roomA & (cnt = 0)) | !roomA) & (0 < cnt))) & grantB)))))) (len 427)
((!finished & !((!(!grantB | ((!(0 < cnt) | (roomA & (0 < cnt))) & grantB)) & !grantA) | (!(grantB | (!grantB & (!(0 < cnt) | (!roomA & (0 < cnt))))) & grantA))) | (finished & !((grantA & ((((!(0 < cnt) & (cnt = 0)) | ((((cnt = 0) & !roomA) | roomA) & (0 < cnt))) & !grantB) | ((cnt = 0) & grantB))) | (!grantA & (((cnt = 0) & !grantB) | (((!(0 < cnt) & (cnt = 0)) | (((roomA & (cnt = 0)) | !roomA) & (0 < cnt))) & grantB))))))
simplified !((!request & !changeRoom) | (!request & changeRoom) | (redrequest & request & !changeRoom) | (request & !redrequest & !changeRoom)) (len 132) to (request & changeRoom) (len 22)
(request & changeRoom)
Starting abstract synthesis loop.
adding (0 <= cnt), (cnt >= 0), roomA, (cnt_prev > cnt), (cnt_prev < cnt), (cnt <= 0) to predicate abstraction
constructing LTL abstraction
ltl abstraction took: 0.001497030258178711
running LTL synthesis
massaging abstract counterstrategy
checking for compatibility of counterstrategy with program
Unrealizable.
digraph MooreMachine {
	graph [nodesep=0.5 overlap=scalexy ranksep=0.8 splines=true]
	node [shape=circle]
	edge [fontname=mono]
	init [label="" shape=point]
	st_0 [label="(!pred__cntprev_LT_cnt_ & !pred__cntprev_GT_cnt_ & !q1 & !changeRoom & redrequest & request & pred_roomA & pred__cnt_LTEQ_0_ & pred__cnt_GTEQ_0_ & q0 & pred__0_LTEQ_cnt_)"]
	st_1 [label="(!pred__0_LTEQ_cnt_ & !pred__cntprev_LT_cnt_ & !pred__cnt_GTEQ_0_ & !q1 & !changeRoom & !request & pred_roomA & pred__cnt_LTEQ_0_ & pred__cntprev_GT_cnt_ & q0)"]
	st_2 [label="(!pred__0_LTEQ_cnt_ & !pred__cntprev_LT_cnt_ & !q0 & !pred__cntprev_GT_cnt_ & !pred__cnt_GTEQ_0_ & pred__cnt_LTEQ_0_ & pred_roomA & q1)"]
	init -> st_0 [style=solid]
	st_0 -> st_1 [label=TRUE]
	st_1 -> st_2 [label=TRUE]
	st_2 -> st_2 [label=TRUE]
}
Synthesis took:  1765.0542259216309 ms
