Processing program.
spec contains 5 APs (['(at_floor < target)', '(at_floor > target)', 'up', 'down', 'dooropen'])
simplified !((!up & down & ((at_floor - 1) >= 0) & ((at_floor - 1) <= 50)) | (up & !down & ((at_floor + 1) >= 0) & ((at_floor + 1) <= 50)) | ((up <-> down) && !(dooropen && !(at_floor < target) && !(at_floor > target))) | (dooropen && !(at_floor < target) && !(at_floor > target) && !(up & !down) && !(!up & down))) (len 304) to ((!(down | (!down & (((0 <= (at_floor + 1)) & ((!((at_floor + 1) <= 50) & (((0 <= at_floor) & !((at_floor <= 50) & (target <= 50) & (0 <= target))) | !(0 <= at_floor))) | ((at_floor + 1) <= 50))) | ((((0 <= at_floor) & !((at_floor <= 50) & (target <= 50) & (0 <= target))) | !(0 <= at_floor)) & !(0 <= (at_floor + 1)))))) & up) | (!(!down | (down & ((((!((at_floor - 1) <= 50) & (((0 <= at_floor) & !((at_floor <= 50) & (target <= 50) & (0 <= target))) | !(0 <= at_floor))) | ((at_floor - 1) <= 50)) & (1 <= at_floor)) | (!(1 <= at_floor) & (((0 <= at_floor) & !((at_floor <= 50) & (target <= 50) & (0 <= target))) | !(0 <= at_floor)))))) & !up)) (len 646)
((!(down | (!down & (((0 <= (at_floor + 1)) & ((!((at_floor + 1) <= 50) & (((0 <= at_floor) & !((at_floor <= 50) & (target <= 50) & (0 <= target))) | !(0 <= at_floor))) | ((at_floor + 1) <= 50))) | ((((0 <= at_floor) & !((at_floor <= 50) & (target <= 50) & (0 <= target))) | !(0 <= at_floor)) & !(0 <= (at_floor + 1)))))) & up) | (!(!down | (down & ((((!((at_floor - 1) <= 50) & (((0 <= at_floor) & !((at_floor <= 50) & (target <= 50) & (0 <= target))) | !(0 <= at_floor))) | ((at_floor - 1) <= 50)) & (1 <= at_floor)) | (!(1 <= at_floor) & (((0 <= at_floor) & !((at_floor <= 50) & (target <= 50) & (0 <= target))) | !(0 <= at_floor)))))) & !up))
simplified !(!dooropen | (!inc & dooropen & ((target - 1) >= 0) & ((target - 1) <= 50)) | (inc & dooropen & ((target + 1) >= 0) & ((target + 1) <= 50))) (len 141) to ((inc & !(!dooropen | ((((0 <= target) & ((((target + 1) <= 50) & (0 <= (target + 1)) & (target <= 50)) | !(target <= 50))) | !(0 <= target)) & dooropen))) | (!(!dooropen | ((((((1 <= target) & (target <= 50) & ((target - 1) <= 50)) | !(target <= 50)) & (0 <= target)) | !(0 <= target)) & dooropen)) & !inc)) (len 308)
((inc & !(!dooropen | ((((0 <= target) & ((((target + 1) <= 50) & (0 <= (target + 1)) & (target <= 50)) | !(target <= 50))) | !(0 <= target)) & dooropen))) | (!(!dooropen | ((((((1 <= target) & (target <= 50) & ((target - 1) <= 50)) | !(target <= 50)) & (0 <= target)) | !(0 <= target)) & dooropen)) & !inc))
Starting abstract synthesis loop.
adding (at_floor_prev > at_floor), (0 <= (at_floor - 1)), (0 <= (target - 1)), (at_floor_prev < at_floor), ((target_prev - at_floor_prev) < (target - at_floor)), ((at_floor_prev - target_prev) > (at_floor - target)), ((target + 1) <= 50), (at_floor <= target), (target_prev > target), ((target_prev - at_floor_prev) > (target - at_floor)), ((at_floor_prev - target_prev) < (at_floor - target)), (target_prev < target), (target <= at_floor), ((at_floor + 1) <= 50) to predicate abstraction
constructing LTL abstraction
ltl abstraction took: 0.0021021366119384766
running LTL synthesis
Realizable.
REALIZABLE
HOA: v1
tool: "strix" "21.0.0"
States: 3
Start: 1
AP: 21 "pred__atfloorprev_GT_atfloor_" "pred__atfloorprev_LT_atfloor_" "q1" "pred___atfloor_PLUS_1__LTEQ_50_" "pred___target_PLUS_1__LTEQ_50_" "pred__atfloor_LTEQ_target_" "pred___atfloorprev_MINUS_targetprev__GT__atfloor_MINUS_target__" "pred__0_LTEQ__target_MINUS_1__" "pred___targetprev_MINUS_atfloorprev__LT__target_MINUS_atfloor__" "pred__target_LTEQ_atfloor_" "pred__0_LTEQ__atfloor_MINUS_1__" "pred___targetprev_MINUS_atfloorprev__GT__target_MINUS_atfloor__" "pred___atfloorprev_MINUS_targetprev__LT__atfloor_MINUS_target__" "q0" "pred__targetprev_LT_target_" "pred__targetprev_GT_target_" "dooropen" "inc" "notify" "down" "up"
controllable-AP: 18 19 20
acc-name: all
Acceptance: 0 t
--BODY--
State: 0 "[0]"
[(!(0 | (1 | (2 | ((((6 | (7 | (8 | ((10 | (11 | (12 | ((14 | (15 | 16)) | !13)))) | !9)))) | !5) | !4) | !3))))) & (t)] 0
[(!(0 | (1 | (2 | ((((6 | (7 | (8 | ((10 | (11 | (12 | ((14 | (15 | (17 | !16))) | !13)))) | !9)))) | !5) | !4) | !3))))) & (19 & 20)] 1
[(!(0 | (1 | (2 | ((((6 | (7 | (8 | ((10 | (11 | (12 | ((14 | (15 | !(16 & 17))) | !13)))) | !9)))) | !5) | !4) | !3))))) & (19 & 20)] 1
[(!(0 | (1 | (((((6 | (7 | (8 | ((10 | (11 | (12 | (13 | (14 | (15 | 16)))))) | !9)))) | !5) | !4) | !3) | !2)))) & (!(19 | 20))] 2
[(!(0 | (1 | (((((6 | (7 | (8 | ((10 | (11 | (12 | (13 | (14 | (15 | !16)))))) | !9)))) | !5) | !4) | !3) | !2)))) & (19 & 20)] 0
[(!(0 | (1 | (2 | (((((((9 | (10 | (11 | (12 | (((15 | 16) | !14) | !13))))) | !8) | !7) | !6) | !5) | !4) | !3))))) & (t)] 0
[(!(0 | (1 | (2 | (((((((9 | (10 | (11 | (12 | (((15 | (17 | !16)) | !14) | !13))))) | !8) | !7) | !6) | !5) | !4) | !3))))) & (19 & 20)] 0
[(!(0 | (1 | (2 | (((((((9 | (10 | (11 | (12 | (((15 | !(16 & 17)) | !14) | !13))))) | !8) | !7) | !6) | !5) | !4) | !3))))) & (19 & 20)] 2
[(!(0 | (1 | (((((6 | ((8 | (9 | (10 | (11 | (12 | (13 | (14 | (15 | 16)))))))) | !7)) | !5) | !4) | !3) | !2)))) & (!(19 | !20))] 0
[(!(0 | (1 | (((((6 | ((8 | (9 | (10 | (11 | (12 | (13 | (14 | (15 | !16)))))))) | !7)) | !5) | !4) | !3) | !2)))) & (19 & 20)] 0
[(!(0 | (1 | (2 | ((((6 | (7 | (8 | ((10 | ((((14 | (16 | !15)) | !13) | !12) | !11)) | !9)))) | !5) | !4) | !3))))) & (t)] 1
[(!(0 | (1 | (2 | ((((6 | (7 | (8 | ((10 | ((((14 | ((17 | !16) | !15)) | !13) | !12) | !11)) | !9)))) | !5) | !4) | !3))))) & (19 & 20)] 2
[(!(0 | (1 | (2 | ((((6 | (7 | (8 | ((10 | ((((14 | !(15 & (16 & 17))) | !13) | !12) | !11)) | !9)))) | !5) | !4) | !3))))) & (19 & 20)] 1
[(!(0 | (1 | (2 | ((((6 | ((8 | (9 | (10 | ((((14 | (16 | !15)) | !13) | !12) | !11)))) | !7)) | !5) | !4) | !3))))) & (t)] 1
[(!(0 | (1 | (2 | ((((6 | ((8 | (9 | (10 | ((((14 | ((17 | !16) | !15)) | !13) | !12) | !11)))) | !7)) | !5) | !4) | !3))))) & (19 & 20)] 0
[(!(0 | (1 | (2 | ((((6 | ((8 | (9 | (10 | ((((14 | !(15 & (16 & 17))) | !13) | !12) | !11)))) | !7)) | !5) | !4) | !3))))) & (19 & 20)] 0
[(!(0 | (1 | (2 | ((((6 | ((8 | ((10 | ((((14 | (16 | !15)) | !13) | !12) | !11)) | !9)) | !7)) | !5) | !4) | !3))))) & (t)] 1
[(!(0 | (1 | (2 | ((((6 | ((8 | ((10 | ((((14 | ((17 | !16) | !15)) | !13) | !12) | !11)) | !9)) | !7)) | !5) | !4) | !3))))) & (19 & 20)] 0
[(!(0 | (1 | (2 | ((((6 | ((8 | ((10 | ((((14 | !(15 & (16 & 17))) | !13) | !12) | !11)) | !9)) | !7)) | !5) | !4) | !3))))) & (19 & 20)] 1
[(!(0 | (1 | (2 | ((4 | (((((9 | (10 | (11 | (12 | (((15 | 16) | !14) | !13))))) | !8) | !7) | !6) | !5)) | !3))))) & (t)] 0
[(!(0 | (1 | (2 | ((4 | (((((9 | (10 | (11 | (12 | (((15 | (17 | !16)) | !14) | !13))))) | !8) | !7) | !6) | !5)) | !3))))) & (19 & 20)] 1
[(!(0 | (1 | (2 | ((4 | (((((9 | (10 | (11 | (12 | (((15 | !(16 & 17)) | !14) | !13))))) | !8) | !7) | !6) | !5)) | !3))))) & (19 & 20)] 1
[(!(0 | (1 | ((((5 | (6 | (7 | (8 | (((11 | (12 | (13 | (14 | (15 | 16))))) | !10) | !9))))) | !4) | !3) | !2)))) & (!(20 | !19))] 0
[(!(0 | (1 | ((((5 | (6 | (7 | (8 | (((11 | (12 | (13 | (14 | (15 | !16))))) | !10) | !9))))) | !4) | !3) | !2)))) & (19 & 20)] 0
[(!((1 | ((((5 | ((7 | ((((11 | (12 | (13 | (14 | (15 | 16))))) | !10) | !9) | !8)) | !6)) | !4) | !3) | !2)) | !0)) & (19 & 20)] 0
[(!((1 | ((((5 | ((7 | ((((11 | (12 | (13 | (14 | (15 | !16))))) | !10) | !9) | !8)) | !6)) | !4) | !3) | !2)) | !0)) & (19 & 20)] 2
[(!((1 | ((((((7 | (((10 | (11 | (12 | (13 | (14 | (15 | 16)))))) | !9) | !8)) | !6) | !5) | !4) | !3) | !2)) | !0)) & (!(19 | 20))] 1
[(!((1 | ((((((7 | (((10 | (11 | (12 | (13 | (14 | (15 | !16)))))) | !9) | !8)) | !6) | !5) | !4) | !3) | !2)) | !0)) & (19 & 20)] 1
[(!((1 | ((((((7 | ((((11 | (12 | (13 | (14 | (15 | 16))))) | !10) | !9) | !8)) | !6) | !5) | !4) | !3) | !2)) | !0)) & (19 & 20)] 1
[(!((1 | ((((((7 | ((((11 | (12 | (13 | (14 | (15 | !16))))) | !10) | !9) | !8)) | !6) | !5) | !4) | !3) | !2)) | !0)) & (19 & 20)] 0
[(!(0 | ((((((6 | ((8 | (9 | ((((13 | (14 | (15 | 16))) | !12) | !11) | !10))) | !7)) | !5) | !4) | !3) | !2) | !1))) & (!(19 | !20))] 0
[(!(0 | ((((((6 | ((8 | (9 | ((((13 | (14 | (15 | !16))) | !12) | !11) | !10))) | !7)) | !5) | !4) | !3) | !2) | !1))) & (19 & 20)] 0
[(!(0 | ((((((6 | ((8 | (((((13 | (14 | (15 | 16))) | !12) | !11) | !10) | !9)) | !7)) | !5) | !4) | !3) | !2) | !1))) & (19 & 20)] 2
[(!(0 | ((((((6 | ((8 | (((((13 | (14 | (15 | !16))) | !12) | !11) | !10) | !9)) | !7)) | !5) | !4) | !3) | !2) | !1))) & (19 & 20)] 0
[(!(0 | (1 | (((((6 | ((8 | ((10 | (11 | (12 | (13 | (14 | (15 | 16)))))) | !9)) | !7)) | !5) | !4) | !3) | !2)))) & (!(19 | 20))] 0
[(!(0 | (1 | (((((6 | ((8 | ((10 | (11 | (12 | (13 | (14 | (15 | !16)))))) | !9)) | !7)) | !5) | !4) | !3) | !2)))) & (!(19 | 20))] 0
[(!(0 | (1 | (2 | (((5 | (6 | (7 | (8 | ((10 | ((((14 | ((17 | !16) | !15)) | !13) | !12) | !11)) | !9))))) | !4) | !3))))) & (19 & 20)] 2
[(!(0 | (1 | (2 | (((5 | (6 | (7 | (8 | ((10 | ((((14 | !(15 & (16 & 17))) | !13) | !12) | !11)) | !9))))) | !4) | !3))))) & (19 & 20)] 1
[(!(0 | (1 | (2 | (((5 | (6 | ((8 | ((10 | ((((14 | ((17 | !16) | !15)) | !13) | !12) | !11)) | !9)) | !7))) | !4) | !3))))) & (19 & 20)] 0
[(!(0 | (1 | (2 | (((5 | (6 | ((8 | ((10 | ((((14 | !(15 & (16 & 17))) | !13) | !12) | !11)) | !9)) | !7))) | !4) | !3))))) & (19 & 20)] 0
[(!(0 | (1 | (((4 | ((6 | ((8 | (9 | (10 | (11 | (12 | (13 | (14 | (15 | 16)))))))) | !7)) | !5)) | !3) | !2)))) & (!(19 | !20))] 2
[(!(0 | (1 | (((4 | ((6 | ((8 | (9 | (10 | (11 | (12 | (13 | (14 | (15 | !16)))))))) | !7)) | !5)) | !3) | !2)))) & (19 & 20)] 0
[(!(0 | (1 | (2 | ((4 | ((6 | ((8 | (9 | (10 | (11 | (12 | ((14 | (15 | 16)) | !13)))))) | !7)) | !5)) | !3))))) & (t)] 1
[(!(0 | (1 | (2 | ((4 | ((6 | ((8 | (9 | (10 | (11 | (12 | ((14 | (15 | (17 | !16))) | !13)))))) | !7)) | !5)) | !3))))) & (19 & 20)] 0
[(!(0 | (1 | (2 | ((4 | ((6 | ((8 | (9 | (10 | (11 | (12 | ((14 | (15 | !(16 & 17))) | !13)))))) | !7)) | !5)) | !3))))) & (19 & 20)] 0
[(!(0 | (1 | ((3 | ((5 | (6 | (7 | (8 | (((11 | (12 | (13 | (14 | (15 | 16))))) | !10) | !9))))) | !4)) | !2)))) & (!(20 | !19))] 0
[(!(0 | (1 | ((3 | ((5 | (6 | (7 | (8 | (((11 | (12 | (13 | (14 | (15 | !16))))) | !10) | !9))))) | !4)) | !2)))) & (19 & 20)] 0
[(!(0 | (1 | (((((6 | ((8 | (9 | ((11 | (12 | (13 | (14 | (15 | 16))))) | !10))) | !7)) | !5) | !4) | !3) | !2)))) & (!(19 | !20))] 1
[(!(0 | (1 | (((((6 | ((8 | (9 | ((11 | (12 | (13 | (14 | (15 | !16))))) | !10))) | !7)) | !5) | !4) | !3) | !2)))) & (19 & 20)] 2
[(!(0 | (((3 | (((6 | ((8 | (((((13 | (14 | (15 | 16))) | !12) | !11) | !10) | !9)) | !7)) | !5) | !4)) | !2) | !1))) & (19 & 20)] 1
[(!(0 | (((3 | (((6 | ((8 | (((((13 | (14 | (15 | !16))) | !12) | !11) | !10) | !9)) | !7)) | !5) | !4)) | !2) | !1))) & (19 & 20)] 2
[(!(0 | (1 | (((((6 | ((8 | (((11 | (12 | (13 | (14 | (15 | 16))))) | !10) | !9)) | !7)) | !5) | !4) | !3) | !2)))) & (19 & 20)] 2
[(!(0 | (1 | (((((6 | ((8 | (((11 | (12 | (13 | (14 | (15 | !16))))) | !10) | !9)) | !7)) | !5) | !4) | !3) | !2)))) & (19 & 20)] 0
[(!(0 | (1 | (2 | ((((6 | ((8 | (((11 | (12 | ((14 | (15 | 16)) | !13))) | !10) | !9)) | !7)) | !5) | !4) | !3))))) & (t)] 0
[(!(0 | (1 | (2 | ((((6 | ((8 | (((11 | (12 | ((14 | (15 | (17 | !16))) | !13))) | !10) | !9)) | !7)) | !5) | !4) | !3))))) & (19 & 20)] 1
[(!(0 | (1 | (2 | ((((6 | ((8 | (((11 | (12 | ((14 | (15 | !(16 & 17))) | !13))) | !10) | !9)) | !7)) | !5) | !4) | !3))))) & (19 & 20)] 1
[(!(0 | (1 | (2 | (((5 | (6 | (7 | (8 | ((10 | (11 | (12 | ((14 | (15 | (17 | !16))) | !13)))) | !9))))) | !4) | !3))))) & (t)] 0
[(!(0 | (1 | (2 | (((5 | (6 | (7 | (8 | ((10 | (11 | (12 | ((14 | (15 | !(16 & 17))) | !13)))) | !9))))) | !4) | !3))))) & (t)] 1
[(!(0 | (1 | (2 | (((5 | (((((10 | (11 | (12 | (((15 | (17 | !16)) | !14) | !13)))) | !9) | !8) | !7) | !6)) | !4) | !3))))) & (19 & 20)] 0
[(!(0 | (1 | (2 | (((5 | (((((10 | (11 | (12 | (((15 | !(16 & 17)) | !14) | !13)))) | !9) | !8) | !7) | !6)) | !4) | !3))))) & (19 & 20)] 1
[(!(0 | (1 | (2 | ((((((((10 | (11 | (12 | (((15 | 16) | !14) | !13)))) | !9) | !8) | !7) | !6) | !5) | !4) | !3))))) & (t)] 0
[(!(0 | (1 | (2 | ((((((((10 | (11 | (12 | (((15 | (17 | !16)) | !14) | !13)))) | !9) | !8) | !7) | !6) | !5) | !4) | !3))))) & (19 & 20)] 0
[(!(0 | (1 | (2 | ((((((((10 | (11 | (12 | (((15 | !(16 & 17)) | !14) | !13)))) | !9) | !8) | !7) | !6) | !5) | !4) | !3))))) & (19 & 20)] 1
[(!(0 | (1 | (2 | ((4 | ((((((10 | (11 | (12 | (((15 | 16) | !14) | !13)))) | !9) | !8) | !7) | !6) | !5)) | !3))))) & (t)] 0
[(!(0 | (1 | (2 | ((4 | ((((((10 | (11 | (12 | (((15 | (17 | !16)) | !14) | !13)))) | !9) | !8) | !7) | !6) | !5)) | !3))))) & (19 & 20)] 2
[(0 & (1 | ((((5 & ((((11 | (12 | (13 | (14 | 15)))) | !9) | !8) | !6) | !5 & (((((11 | (12 | (13 | (14 | 15)))) | !10) | !9) | !8) | !6)) | !4) | !3) | !2)) | !0 & (1 & ((3 & ((6 | ((8 | ((((13 | (14 | 15)) | !12) | !11) | !10)) | !7)) | !5) | !3 & ((6 | ((8 | (((((13 | (14 | 15)) | !12) | !11) | !10) | !9)) | !7)) | !5)) | !2) | !1 & (2 & (3 & (4 & (5 & (6 | (7 & (8 | (11 | (12 | (13 | (14 | 15))))) | !7 & (8 | ((11 | (12 | (13 | (14 | 15)))) | !9)))) | !5 & (6 | (8 | (((11 | (12 | (13 | (14 | 15)))) | !10) | !9)))) | !4 & ((6 | ((8 | (11 | (12 | (13 | (14 | 15))))) | !7)) | !5)) | !3 & (4 & (6 | (8 | (((11 | (12 | (13 | (14 | 15)))) | !10) | !9))) | !4 & ((6 | ((8 | (((11 | (12 | (13 | (14 | 15)))) | !10) | !9)) | !7)) | !5))) | !2 & (3 & (4 & (5 & (6 & (((11 | (12 | ((15 | !14) | !13))) | !8) | !7) | !6 & (7 & (8 | (9 & (10 & (11 & (((14 | !15) | !13) | !12) | !11 & (12 | ((14 | 15) | !13))) | !10 & ((((14 | !15) | !13) | !12) | !11)) | !9 & ((((14 | !15) | !13) | !12) | !11))) | !7 & (8 | ((11 & (((14 | !15) | !13) | !12) | !11 & (12 | ((14 | 15) | !13))) | !9)))) | !5 & (6 & ((((10 & (11 | (12 | ((15 | !14) | !13))) | !10 & (11 | (12 | (((15 | !16) | !14) | !13)))) | !9) | !8) | !7) | !6 & (7 & (8 | ((10 & ((((14 | !15) | !13) | !12) | !11) | !10 & ((((14 | !(15 & 16)) | !13) | !12) | !11)) | !9)) | !7 & (8 | ((10 & (11 & (((14 | !15) | !13) | !12) | !11 & (12 | ((14 | 15) | !13))) | !10 & (11 & (((14 | !(15 & 16)) | !13) | !12) | !11 & (12 | ((14 | (15 | !16)) | !13)))) | !9))))) | !4 & ((6 & (((11 | (12 | ((15 | !14) | !13))) | !8) | !7) | !6 & ((8 | (11 | (12 | ((14 | 15) | !13)))) | !7)) | !5)) | !3 & (4 & (5 & (6 & (((9 & ((11 | (12 | ((15 | !14) | !13))) | !10) | !9 & ((11 | (12 | (((15 | !16) | !14) | !13))) | !10)) | !8) | !7) | !6 & (7 & (8 | (9 & (((((14 | !15) | !13) | !12) | !11) | !10) | !9 & (((((14 | !(15 & 16)) | !13) | !12) | !11) | !10))) | !7 & (8 | (((11 & (((14 | !15) | !13) | !12) | !11 & (12 | ((14 | 15) | !13))) | !10) | !9)))) | !5 & (6 & (((((11 | (12 | ((15 | !14) | !13))) | !10) | !9) | !8) | !7) | !6 & (7 & (8 | ((((((14 | !15) | !13) | !12) | !11) | !10) | !9)) | !7 & (8 | (((11 & (((14 | !15) | !13) | !12) | !11 & (12 | ((14 | 15) | !13))) | !10) | !9))))) | !4 & ((6 & (((9 & ((11 | (12 | ((15 | !14) | !13))) | !10) | !9 & ((11 | (12 | (((15 | !16) | !14) | !13))) | !10)) | !8) | !7) | !6 & ((8 | (9 & ((11 | (12 | ((14 | 15) | !13))) | !10) | !9 & ((11 | (12 | ((14 | (15 | !16)) | !13))) | !10))) | !7)) | !5)))))) & (t)] 0
[(!(0 | (1 | (2 | ((4 | ((((((10 | (11 | (12 | (((15 | !(16 & 17)) | !14) | !13)))) | !9) | !8) | !7) | !6) | !5)) | !3))))) & (19 & 20)] 0
[(!(0 | ((((4 | ((6 | ((8 | (9 | ((((13 | (14 | (15 | 16))) | !12) | !11) | !10))) | !7)) | !5)) | !3) | !2) | !1))) & (19 & 20)] 1
[(!(0 | ((((4 | ((6 | ((8 | (9 | ((((13 | (14 | (15 | !16))) | !12) | !11) | !10))) | !7)) | !5)) | !3) | !2) | !1))) & (19 & 20)] 0
[(!(0 | ((((4 | ((6 | ((8 | (((((13 | (14 | (15 | 16))) | !12) | !11) | !10) | !9)) | !7)) | !5)) | !3) | !2) | !1))) & (19 & 20)] 1
[(!(0 | ((((4 | ((6 | ((8 | (((((13 | (14 | (15 | !16))) | !12) | !11) | !10) | !9)) | !7)) | !5)) | !3) | !2) | !1))) & (19 & 20)] 0
[(!(0 | (1 | ((3 | ((5 | (6 | ((8 | (((11 | (12 | (13 | (14 | (15 | 16))))) | !10) | !9)) | !7))) | !4)) | !2)))) & (!(20 | !19))] 0
[(!(0 | (1 | ((3 | ((5 | (6 | ((8 | (((11 | (12 | (13 | (14 | (15 | !16))))) | !10) | !9)) | !7))) | !4)) | !2)))) & (19 & 20)] 2
[(!((1 | ((((5 | ((((((11 | (12 | (13 | (14 | (15 | 16))))) | !10) | !9) | !8) | !7) | !6)) | !4) | !3) | !2)) | !0)) & (19 & 20)] 0
[(!((1 | ((((5 | ((((((11 | (12 | (13 | (14 | (15 | !16))))) | !10) | !9) | !8) | !7) | !6)) | !4) | !3) | !2)) | !0)) & (19 & 20)] 2
[(!((1 | ((((((((((11 | (12 | (13 | (14 | (15 | 16))))) | !10) | !9) | !8) | !7) | !6) | !5) | !4) | !3) | !2)) | !0)) & (19 & 20)] 0
[(!((1 | ((((((((((11 | (12 | (13 | (14 | (15 | !16))))) | !10) | !9) | !8) | !7) | !6) | !5) | !4) | !3) | !2)) | !0)) & (19 & 20)] 0
[(!(0 | (1 | ((((5 | (6 | ((8 | (((11 | (12 | (13 | (14 | (15 | 16))))) | !10) | !9)) | !7))) | !4) | !3) | !2)))) & (!(20 | !19))] 0
[(!(0 | (1 | ((((5 | (6 | ((8 | (((11 | (12 | (13 | (14 | (15 | !16))))) | !10) | !9)) | !7))) | !4) | !3) | !2)))) & (19 & 20)] 2
[(!((1 | (((((((((10 | (11 | (12 | (13 | (14 | (15 | 16)))))) | !9) | !8) | !7) | !6) | !5) | !4) | !3) | !2)) | !0)) & (!(19 | 20))] 0
[(!((1 | (((((((((10 | (11 | (12 | (13 | (14 | (15 | !16)))))) | !9) | !8) | !7) | !6) | !5) | !4) | !3) | !2)) | !0)) & (!(19 | 20))] 0
[(!(0 | (1 | (2 | (((5 | (6 | (7 | (8 | ((((((14 | (16 | !15)) | !13) | !12) | !11) | !10) | !9))))) | !4) | !3))))) & (t)] 1
[(!(0 | (1 | (2 | (((5 | (6 | (7 | (8 | ((((((14 | ((17 | !16) | !15)) | !13) | !12) | !11) | !10) | !9))))) | !4) | !3))))) & (19 & 20)] 1
[(!(0 | (1 | (2 | (((5 | (6 | (7 | (8 | ((((((14 | !(15 & (16 & 17))) | !13) | !12) | !11) | !10) | !9))))) | !4) | !3))))) & (19 & 20)] 0
[(!(0 | (1 | (2 | (((5 | (6 | ((8 | ((((((14 | (16 | !15)) | !13) | !12) | !11) | !10) | !9)) | !7))) | !4) | !3))))) & (t)] 0
[(!(0 | (1 | (2 | (((5 | (6 | ((8 | ((((((14 | ((17 | !16) | !15)) | !13) | !12) | !11) | !10) | !9)) | !7))) | !4) | !3))))) & (19 & 20)] 0
[(!(0 | (1 | (2 | (((5 | (6 | ((8 | ((((((14 | !(15 & (16 & 17))) | !13) | !12) | !11) | !10) | !9)) | !7))) | !4) | !3))))) & (19 & 20)] 0
[(!(0 | (1 | (2 | ((4 | (((((9 | ((11 | (12 | (((15 | 16) | !14) | !13))) | !10)) | !8) | !7) | !6) | !5)) | !3))))) & (t)] 2
[(!(0 | (1 | (2 | ((4 | (((((9 | ((11 | (12 | (((15 | (17 | !16)) | !14) | !13))) | !10)) | !8) | !7) | !6) | !5)) | !3))))) & (19 & 20)] 0
[(!(0 | (1 | (2 | ((4 | (((((9 | ((11 | (12 | (((15 | !(16 & 17)) | !14) | !13))) | !10)) | !8) | !7) | !6) | !5)) | !3))))) & (19 & 20)] 0
[(!(0 | (1 | (2 | (((((((9 | ((11 | (12 | (((15 | 16) | !14) | !13))) | !10)) | !8) | !7) | !6) | !5) | !4) | !3))))) & (t)] 2
[(!(0 | (1 | (2 | (((((((9 | ((11 | (12 | (((15 | (17 | !16)) | !14) | !13))) | !10)) | !8) | !7) | !6) | !5) | !4) | !3))))) & (19 & 20)] 0
[(!(0 | (1 | (2 | (((((((9 | ((11 | (12 | (((15 | !(16 & 17)) | !14) | !13))) | !10)) | !8) | !7) | !6) | !5) | !4) | !3))))) & (19 & 20)] 0
[(!(0 | (1 | (((4 | ((6 | ((8 | ((10 | (11 | (12 | (13 | (14 | (15 | 16)))))) | !9)) | !7)) | !5)) | !3) | !2)))) & (!(19 | 20))] 1
[(!(0 | (1 | (((4 | ((6 | ((8 | ((10 | (11 | (12 | (13 | (14 | (15 | !16)))))) | !9)) | !7)) | !5)) | !3) | !2)))) & (!(19 | 20))] 2
[(!(0 | (1 | (2 | ((4 | ((6 | ((8 | ((10 | (11 | (12 | ((14 | (15 | 16)) | !13)))) | !9)) | !7)) | !5)) | !3))))) & (t)] 0
[(!(0 | (1 | (2 | ((4 | ((6 | ((8 | ((10 | (11 | (12 | ((14 | (15 | (17 | !16))) | !13)))) | !9)) | !7)) | !5)) | !3))))) & (19 & 20)] 0
[(!(0 | (1 | (2 | ((4 | ((6 | ((8 | ((10 | (11 | (12 | ((14 | (15 | !(16 & 17))) | !13)))) | !9)) | !7)) | !5)) | !3))))) & (19 & 20)] 0
[(!(0 | (1 | (((4 | ((6 | ((8 | (9 | ((11 | (12 | (13 | (14 | (15 | 16))))) | !10))) | !7)) | !5)) | !3) | !2)))) & (19 & 20)] 1
[(!(0 | (1 | (((4 | ((6 | ((8 | (9 | ((11 | (12 | (13 | (14 | (15 | !16))))) | !10))) | !7)) | !5)) | !3) | !2)))) & (19 & 20)] 1
[(!(0 | (((3 | (4 | ((6 | ((8 | (((((13 | (14 | (15 | 16))) | !12) | !11) | !10) | !9)) | !7)) | !5))) | !2) | !1))) & (19 & 20)] 1
[(!(0 | (((3 | (4 | ((6 | ((8 | (((((13 | (14 | (15 | !16))) | !12) | !11) | !10) | !9)) | !7)) | !5))) | !2) | !1))) & (19 & 20)] 0
[(!(0 | (1 | (2 | (((5 | (6 | (7 | (8 | (((11 | (12 | ((14 | (15 | 16)) | !13))) | !10) | !9))))) | !4) | !3))))) & (t)] 0
[(!(0 | (1 | (2 | (((5 | (6 | (7 | (8 | (((11 | (12 | ((14 | (15 | (17 | !16))) | !13))) | !10) | !9))))) | !4) | !3))))) & (19 & 20)] 0
[(!(0 | (1 | (2 | (((5 | (6 | (7 | (8 | (((11 | (12 | ((14 | (15 | !(16 & 17))) | !13))) | !10) | !9))))) | !4) | !3))))) & (19 & 20)] 1
[(!(0 | (1 | (2 | (((5 | ((((((11 | (12 | (((15 | 16) | !14) | !13))) | !10) | !9) | !8) | !7) | !6)) | !4) | !3))))) & (t)] 2
[(!(0 | (1 | (2 | (((5 | ((((((11 | (12 | (((15 | (17 | !16)) | !14) | !13))) | !10) | !9) | !8) | !7) | !6)) | !4) | !3))))) & (19 & 20)] 0
[(!(0 | (1 | (2 | (((5 | ((((((11 | (12 | (((15 | !(16 & 17)) | !14) | !13))) | !10) | !9) | !8) | !7) | !6)) | !4) | !3))))) & (19 & 20)] 0
[(!(0 | (1 | (2 | (((((((((11 | (12 | (((15 | 16) | !14) | !13))) | !10) | !9) | !8) | !7) | !6) | !5) | !4) | !3))))) & (t)] 0
[(!(0 | (1 | (2 | (((((((((11 | (12 | (((15 | (17 | !16)) | !14) | !13))) | !10) | !9) | !8) | !7) | !6) | !5) | !4) | !3))))) & (19 & 20)] 1
[(!(0 | (1 | (2 | (((((((((11 | (12 | (((15 | !(16 & 17)) | !14) | !13))) | !10) | !9) | !8) | !7) | !6) | !5) | !4) | !3))))) & (19 & 20)] 1
[(!(0 | (1 | (2 | ((4 | (((((((11 | (12 | (((15 | 16) | !14) | !13))) | !10) | !9) | !8) | !7) | !6) | !5)) | !3))))) & (t)] 1
[(!(0 | (1 | (2 | ((4 | (((((((11 | (12 | (((15 | (17 | !16)) | !14) | !13))) | !10) | !9) | !8) | !7) | !6) | !5)) | !3))))) & (19 & 20)] 1
[(!(0 | (1 | (2 | ((4 | (((((((11 | (12 | (((15 | !(16 & 17)) | !14) | !13))) | !10) | !9) | !8) | !7) | !6) | !5)) | !3))))) & (19 & 20)] 0
[(!(0 | (1 | (2 | ((((6 | ((8 | (9 | (((((14 | (16 | !15)) | !13) | !12) | !11) | !10))) | !7)) | !5) | !4) | !3))))) & (t)] 1
[(!(0 | (1 | (2 | ((((6 | ((8 | (9 | (((((14 | ((17 | !16) | !15)) | !13) | !12) | !11) | !10))) | !7)) | !5) | !4) | !3))))) & (19 & 20)] 0
[(!(0 | (1 | (2 | ((((6 | ((8 | (9 | (((((14 | !(15 & (16 & 17))) | !13) | !12) | !11) | !10))) | !7)) | !5) | !4) | !3))))) & (19 & 20)] 0
[(!(0 | (1 | (2 | ((((6 | ((8 | ((((((14 | (16 | !15)) | !13) | !12) | !11) | !10) | !9)) | !7)) | !5) | !4) | !3))))) & (t)] 0
[(!(0 | (1 | (2 | ((((6 | ((8 | ((((((14 | ((17 | !16) | !15)) | !13) | !12) | !11) | !10) | !9)) | !7)) | !5) | !4) | !3))))) & (19 & 20)] 1
[(!(0 | (1 | (2 | ((((6 | ((8 | ((((((14 | !(15 & (16 & 17))) | !13) | !12) | !11) | !10) | !9)) | !7)) | !5) | !4) | !3))))) & (19 & 20)] 1
[(!(0 | (1 | (2 | ((4 | ((6 | ((8 | (9 | ((11 | (12 | ((14 | (15 | 16)) | !13))) | !10))) | !7)) | !5)) | !3))))) & (t)] 2
[(!(0 | (1 | (2 | ((4 | ((6 | ((8 | (9 | ((11 | (12 | ((14 | (15 | (17 | !16))) | !13))) | !10))) | !7)) | !5)) | !3))))) & (19 & 20)] 0
[(!(0 | (1 | (2 | ((4 | ((6 | ((8 | (9 | ((11 | (12 | ((14 | (15 | !(16 & 17))) | !13))) | !10))) | !7)) | !5)) | !3))))) & (19 & 20)] 0
[(!(0 | (1 | (2 | ((((6 | (7 | (8 | ((((((14 | (16 | !15)) | !13) | !12) | !11) | !10) | !9)))) | !5) | !4) | !3))))) & (t)] 2
[(!(0 | (1 | (2 | ((((6 | (7 | (8 | ((((((14 | ((17 | !16) | !15)) | !13) | !12) | !11) | !10) | !9)))) | !5) | !4) | !3))))) & (19 & 20)] 0
[(!(0 | (1 | (2 | ((((6 | (7 | (8 | ((((((14 | !(15 & (16 & 17))) | !13) | !12) | !11) | !10) | !9)))) | !5) | !4) | !3))))) & (19 & 20)] 1
[(!(0 | (1 | ((3 | (4 | ((6 | ((8 | (((11 | (12 | (13 | (14 | (15 | 16))))) | !10) | !9)) | !7)) | !5))) | !2)))) & (19 & 20)] 0
[(!(0 | (1 | ((3 | (4 | ((6 | ((8 | (((11 | (12 | (13 | (14 | (15 | !16))))) | !10) | !9)) | !7)) | !5))) | !2)))) & (19 & 20)] 0
[(!(0 | (1 | (2 | (3 | (4 | ((6 | ((8 | (((11 | (12 | ((14 | (15 | 16)) | !13))) | !10) | !9)) | !7)) | !5))))))) & (t)] 0
[(!(0 | (1 | (2 | (3 | (4 | ((6 | ((8 | (((11 | (12 | ((14 | (15 | (17 | !16))) | !13))) | !10) | !9)) | !7)) | !5))))))) & (19 & 20)] 1
[(!(0 | (1 | (2 | (3 | (4 | ((6 | ((8 | (((11 | (12 | ((14 | (15 | !(16 & 17))) | !13))) | !10) | !9)) | !7)) | !5))))))) & (19 & 20)] 0
[(!(0 | (1 | (((4 | ((6 | ((8 | (((11 | (12 | (13 | (14 | (15 | 16))))) | !10) | !9)) | !7)) | !5)) | !3) | !2)))) & (t)] 2
[(!(0 | (1 | (((4 | ((6 | ((8 | (((11 | (12 | (13 | (14 | (15 | !16))))) | !10) | !9)) | !7)) | !5)) | !3) | !2)))) & (t)] 0
[(!(0 | (1 | (2 | ((4 | ((6 | ((8 | (((11 | (12 | ((14 | (15 | 16)) | !13))) | !10) | !9)) | !7)) | !5)) | !3))))) & (t)] 1
[(!(0 | (1 | (2 | ((4 | ((6 | ((8 | (((11 | (12 | ((14 | (15 | (17 | !16))) | !13))) | !10) | !9)) | !7)) | !5)) | !3))))) & (19 & 20)] 1
[(!(0 | (1 | (2 | ((4 | ((6 | ((8 | (((11 | (12 | ((14 | (15 | !(16 & 17))) | !13))) | !10) | !9)) | !7)) | !5)) | !3))))) & (19 & 20)] 0
[(!(0 | (1 | (((((6 | (7 | (8 | (((11 | (12 | (13 | (14 | (15 | 16))))) | !10) | !9)))) | !5) | !4) | !3) | !2)))) & (t)] 0
[(!(0 | (1 | (((((6 | (7 | (8 | (((11 | (12 | (13 | (14 | (15 | !16))))) | !10) | !9)))) | !5) | !4) | !3) | !2)))) & (t)] 1
[(!(0 | (1 | (2 | ((((6 | (7 | (8 | (((11 | (12 | ((14 | (15 | 16)) | !13))) | !10) | !9)))) | !5) | !4) | !3))))) & (t)] 1
[(!(0 | (1 | (2 | ((((6 | (7 | (8 | (((11 | (12 | ((14 | (15 | (17 | !16))) | !13))) | !10) | !9)))) | !5) | !4) | !3))))) & (19 & 20)] 0
[(!(0 | (1 | (2 | ((((6 | (7 | (8 | (((11 | (12 | ((14 | (15 | !(16 & 17))) | !13))) | !10) | !9)))) | !5) | !4) | !3))))) & (19 & 20)] 1
[(!(0 | (1 | (2 | (3 | ((5 | (6 | ((8 | ((((((14 | (16 | !15)) | !13) | !12) | !11) | !10) | !9)) | !7))) | !4)))))) & (t)] 0
[(!(0 | (1 | (2 | (3 | ((5 | (6 | ((8 | ((((((14 | ((17 | !16) | !15)) | !13) | !12) | !11) | !10) | !9)) | !7))) | !4)))))) & (19 & 20)] 2
[(!(0 | (1 | (2 | (3 | ((5 | (6 | ((8 | ((((((14 | !(15 & (16 & 17))) | !13) | !12) | !11) | !10) | !9)) | !7))) | !4)))))) & (19 & 20)] 1
[(!(0 | (1 | (2 | (3 | ((5 | (6 | (7 | (8 | ((((((14 | (16 | !15)) | !13) | !12) | !11) | !10) | !9))))) | !4)))))) & (t)] 1
[(!(0 | (1 | (2 | (3 | ((5 | (6 | (7 | (8 | ((((((14 | ((17 | !16) | !15)) | !13) | !12) | !11) | !10) | !9))))) | !4)))))) & (19 & 20)] 2
[(!(0 | (1 | (2 | (3 | ((5 | (6 | (7 | (8 | ((((((14 | !(15 & (16 & 17))) | !13) | !12) | !11) | !10) | !9))))) | !4)))))) & (19 & 20)] 1
[(!(0 | (1 | (2 | (3 | (4 | (((((((11 | (12 | (((15 | 16) | !14) | !13))) | !10) | !9) | !8) | !7) | !6) | !5))))))) & (t)] 0
[(!(0 | (1 | (2 | (3 | (4 | (((((((11 | (12 | (((15 | (17 | !16)) | !14) | !13))) | !10) | !9) | !8) | !7) | !6) | !5))))))) & (19 & 20)] 1
[(!(0 | (1 | (2 | (3 | (4 | (((((((11 | (12 | (((15 | !(16 & 17)) | !14) | !13))) | !10) | !9) | !8) | !7) | !6) | !5))))))) & (19 & 20)] 0
[(!(0 | (1 | (2 | (3 | ((5 | ((((((11 | (12 | (((15 | 16) | !14) | !13))) | !10) | !9) | !8) | !7) | !6)) | !4)))))) & (t)] 0
[(!(0 | (1 | (2 | (3 | ((5 | ((((((11 | (12 | (((15 | (17 | !16)) | !14) | !13))) | !10) | !9) | !8) | !7) | !6)) | !4)))))) & (19 & 20)] 0
[(!(0 | (1 | (2 | (3 | ((5 | ((((((11 | (12 | (((15 | !(16 & 17)) | !14) | !13))) | !10) | !9) | !8) | !7) | !6)) | !4)))))) & (19 & 20)] 1
[(!(0 | (1 | (2 | (3 | ((((((((11 | (12 | (((15 | 16) | !14) | !13))) | !10) | !9) | !8) | !7) | !6) | !5) | !4)))))) & (t)] 2
[(!(0 | (1 | (2 | (3 | ((((((((11 | (12 | (((15 | (17 | !16)) | !14) | !13))) | !10) | !9) | !8) | !7) | !6) | !5) | !4)))))) & (19 & 20)] 1
[(!(0 | (1 | (2 | (3 | ((((((((11 | (12 | (((15 | !(16 & 17)) | !14) | !13))) | !10) | !9) | !8) | !7) | !6) | !5) | !4)))))) & (19 & 20)] 1
[(!(0 | (1 | (2 | (3 | ((5 | (6 | (7 | (8 | (((11 | (12 | ((14 | (15 | 16)) | !13))) | !10) | !9))))) | !4)))))) & (t)] 2
[(!(0 | (1 | (2 | (3 | ((5 | (6 | (7 | (8 | (((11 | (12 | ((14 | (15 | (17 | !16))) | !13))) | !10) | !9))))) | !4)))))) & (19 & 20)] 0
[(!(0 | (1 | (2 | (3 | ((5 | (6 | (7 | (8 | (((11 | (12 | ((14 | (15 | !(16 & 17))) | !13))) | !10) | !9))))) | !4)))))) & (19 & 20)] 0
[(!(0 | (1 | ((3 | (((6 | ((8 | (((11 | (12 | (13 | (14 | (15 | 16))))) | !10) | !9)) | !7)) | !5) | !4)) | !2)))) & (19 & 20)] 2
[(!(0 | (1 | ((3 | (((6 | ((8 | (((11 | (12 | (13 | (14 | (15 | !16))))) | !10) | !9)) | !7)) | !5) | !4)) | !2)))) & (19 & 20)] 1
[(!(0 | (1 | (2 | (3 | (4 | (((((9 | ((11 | (12 | (((15 | (17 | !16)) | !14) | !13))) | !10)) | !8) | !7) | !6) | !5))))))) & (19 & 20)] 0
[(!(0 | (1 | (2 | (3 | (4 | (((((9 | ((11 | (12 | (((15 | !(16 & 17)) | !14) | !13))) | !10)) | !8) | !7) | !6) | !5))))))) & (19 & 20)] 0
[(!(0 | (1 | (2 | (3 | ((((((9 | ((11 | (12 | (((15 | (17 | !16)) | !14) | !13))) | !10)) | !8) | !7) | !6) | !5) | !4)))))) & (19 & 20)] 0
[(!(0 | (1 | (2 | (3 | ((((((9 | ((11 | (12 | (((15 | !(16 & 17)) | !14) | !13))) | !10)) | !8) | !7) | !6) | !5) | !4)))))) & (19 & 20)] 0
[(!(0 | (1 | (2 | (3 | (((6 | ((8 | (9 | (((((14 | ((17 | !16) | !15)) | !13) | !12) | !11) | !10))) | !7)) | !5) | !4)))))) & (19 & 20)] 2
[(!(0 | (1 | (2 | (3 | (((6 | ((8 | (9 | (((((14 | !(15 & (16 & 17))) | !13) | !12) | !11) | !10))) | !7)) | !5) | !4)))))) & (19 & 20)] 0
[(!(0 | (1 | (2 | (3 | (((6 | ((8 | ((((((14 | (16 | !15)) | !13) | !12) | !11) | !10) | !9)) | !7)) | !5) | !4)))))) & (t)] 0
[(!(0 | (1 | (2 | (3 | (((6 | ((8 | ((((((14 | ((17 | !16) | !15)) | !13) | !12) | !11) | !10) | !9)) | !7)) | !5) | !4)))))) & (19 & 20)] 1
[(!(0 | (1 | (2 | (3 | (((6 | ((8 | ((((((14 | !(15 & (16 & 17))) | !13) | !12) | !11) | !10) | !9)) | !7)) | !5) | !4)))))) & (19 & 20)] 0
[(!(0 | (1 | (2 | (3 | (4 | ((6 | ((8 | (9 | ((11 | (12 | ((14 | (15 | (17 | !16))) | !13))) | !10))) | !7)) | !5))))))) & (19 & 20)] 0
[(!(0 | (1 | (2 | (3 | (4 | ((6 | ((8 | (9 | ((11 | (12 | ((14 | (15 | !(16 & 17))) | !13))) | !10))) | !7)) | !5))))))) & (19 & 20)] 0
[(!(0 | (1 | (2 | (3 | (((6 | (7 | (8 | ((((((14 | (16 | !15)) | !13) | !12) | !11) | !10) | !9)))) | !5) | !4)))))) & (t)] 2
[(!(0 | (1 | (2 | (3 | (((6 | (7 | (8 | ((((((14 | ((17 | !16) | !15)) | !13) | !12) | !11) | !10) | !9)))) | !5) | !4)))))) & (19 & 20)] 2
[(!(0 | (1 | (2 | (3 | (((6 | (7 | (8 | ((((((14 | !(15 & (16 & 17))) | !13) | !12) | !11) | !10) | !9)))) | !5) | !4)))))) & (19 & 20)] 0
[(!(0 | (1 | ((3 | (((6 | (7 | (8 | (((11 | (12 | (13 | (14 | (15 | 16))))) | !10) | !9)))) | !5) | !4)) | !2)))) & (t)] 1
[(!(0 | (1 | ((3 | (((6 | (7 | (8 | (((11 | (12 | (13 | (14 | (15 | !16))))) | !10) | !9)))) | !5) | !4)) | !2)))) & (t)] 2
[(!(0 | (1 | (2 | (3 | (((6 | (7 | (8 | (((11 | (12 | ((14 | (15 | 16)) | !13))) | !10) | !9)))) | !5) | !4)))))) & (t)] 0
[(!(0 | (1 | (2 | (3 | (((6 | (7 | (8 | (((11 | (12 | ((14 | (15 | (17 | !16))) | !13))) | !10) | !9)))) | !5) | !4)))))) & (t)] 1
[(!(0 | (1 | (2 | (3 | (((6 | (7 | (8 | (((11 | (12 | ((14 | (15 | !(16 & 17))) | !13))) | !10) | !9)))) | !5) | !4)))))) & (t)] 2
State: 1 "[1]"
[(!(0 | (1 | (2 | ((((6 | (7 | (8 | ((10 | (11 | (12 | ((14 | (15 | 16)) | !13)))) | !9)))) | !5) | !4) | !3))))) & (t)] 2
[(!(0 | (1 | (2 | ((((6 | (7 | (8 | ((10 | (11 | (12 | ((14 | (15 | (17 | !16))) | !13)))) | !9)))) | !5) | !4) | !3))))) & (19 & 20)] 1
[(!(0 | (1 | (2 | ((((6 | (7 | (8 | ((10 | (11 | (12 | ((14 | (15 | !(16 & 17))) | !13)))) | !9)))) | !5) | !4) | !3))))) & (19 & 20)] 1
[(!(0 | (1 | (((((6 | (7 | (8 | ((10 | (11 | (12 | (13 | (14 | (15 | 16)))))) | !9)))) | !5) | !4) | !3) | !2)))) & (!(19 | 20))] 0
[(!(0 | (1 | (((((6 | (7 | (8 | ((10 | (11 | (12 | (13 | (14 | (15 | !16)))))) | !9)))) | !5) | !4) | !3) | !2)))) & (19 & 20)] 1
[(!(0 | (1 | (2 | (((((((9 | (10 | (11 | (12 | (((15 | 16) | !14) | !13))))) | !8) | !7) | !6) | !5) | !4) | !3))))) & (t)] 1
[(!(0 | (1 | (2 | (((((((9 | (10 | (11 | (12 | (((15 | (17 | !16)) | !14) | !13))))) | !8) | !7) | !6) | !5) | !4) | !3))))) & (19 & 20)] 0
[(!(0 | (1 | (2 | (((((((9 | (10 | (11 | (12 | (((15 | !(16 & 17)) | !14) | !13))))) | !8) | !7) | !6) | !5) | !4) | !3))))) & (19 & 20)] 1
[(!(0 | (1 | (((((6 | ((8 | (9 | (10 | (11 | (12 | (13 | (14 | (15 | 16)))))))) | !7)) | !5) | !4) | !3) | !2)))) & (!(19 | !20))] 1
[(!(0 | (1 | (((((6 | ((8 | (9 | (10 | (11 | (12 | (13 | (14 | (15 | !16)))))))) | !7)) | !5) | !4) | !3) | !2)))) & (19 & 20)] 0
[(!(0 | (1 | (2 | ((((6 | (7 | (8 | ((10 | ((((14 | (16 | !15)) | !13) | !12) | !11)) | !9)))) | !5) | !4) | !3))))) & (t)] 0
[(!(0 | (1 | (2 | ((((6 | (7 | (8 | ((10 | ((((14 | ((17 | !16) | !15)) | !13) | !12) | !11)) | !9)))) | !5) | !4) | !3))))) & (t)] 0
[(!(0 | (1 | (2 | ((((6 | (7 | (8 | ((10 | ((((14 | !(15 & (16 & 17))) | !13) | !12) | !11)) | !9)))) | !5) | !4) | !3))))) & (t)] 0
[(!(0 | (1 | (2 | ((((6 | ((8 | (9 | (10 | ((((14 | (16 | !15)) | !13) | !12) | !11)))) | !7)) | !5) | !4) | !3))))) & (t)] 1
[(!(0 | (1 | (2 | ((((6 | ((8 | (9 | (10 | ((((14 | ((17 | !16) | !15)) | !13) | !12) | !11)))) | !7)) | !5) | !4) | !3))))) & (19 & 20)] 0
[(!(0 | (1 | (2 | ((((6 | ((8 | (9 | (10 | ((((14 | !(15 & (16 & 17))) | !13) | !12) | !11)))) | !7)) | !5) | !4) | !3))))) & (19 & 20)] 0
[(!(0 | (1 | (2 | ((((6 | ((8 | ((10 | ((((14 | (16 | !15)) | !13) | !12) | !11)) | !9)) | !7)) | !5) | !4) | !3))))) & (t)] 0
[(!(0 | (1 | (2 | ((((6 | ((8 | ((10 | ((((14 | ((17 | !16) | !15)) | !13) | !12) | !11)) | !9)) | !7)) | !5) | !4) | !3))))) & (19 & 20)] 0
[(!(0 | (1 | (2 | ((((6 | ((8 | ((10 | ((((14 | !(15 & (16 & 17))) | !13) | !12) | !11)) | !9)) | !7)) | !5) | !4) | !3))))) & (19 & 20)] 1
[(!(0 | (1 | (2 | ((4 | (((((9 | (10 | (11 | (12 | (((15 | 16) | !14) | !13))))) | !8) | !7) | !6) | !5)) | !3))))) & (t)] 1
[(!(0 | (1 | (2 | ((4 | (((((9 | (10 | (11 | (12 | (((15 | (17 | !16)) | !14) | !13))))) | !8) | !7) | !6) | !5)) | !3))))) & (19 & 20)] 1
[(!(0 | (1 | (2 | ((4 | (((((9 | (10 | (11 | (12 | (((15 | !(16 & 17)) | !14) | !13))))) | !8) | !7) | !6) | !5)) | !3))))) & (19 & 20)] 0
[(!(0 | (1 | ((((5 | (6 | (7 | (8 | (((11 | (12 | (13 | (14 | (15 | 16))))) | !10) | !9))))) | !4) | !3) | !2)))) & (!(20 | !19))] 1
[(!(0 | (1 | ((((5 | (6 | (7 | (8 | (((11 | (12 | (13 | (14 | (15 | !16))))) | !10) | !9))))) | !4) | !3) | !2)))) & (19 & 20)] 1
[(!((1 | ((((5 | ((7 | ((((11 | (12 | (13 | (14 | (15 | 16))))) | !10) | !9) | !8)) | !6)) | !4) | !3) | !2)) | !0)) & (!(20 | !19))] 1
[(!((1 | ((((5 | ((7 | ((((11 | (12 | (13 | (14 | (15 | !16))))) | !10) | !9) | !8)) | !6)) | !4) | !3) | !2)) | !0)) & (19 & 20)] 1
[(!((1 | ((((((7 | (((10 | (11 | (12 | (13 | (14 | (15 | 16)))))) | !9) | !8)) | !6) | !5) | !4) | !3) | !2)) | !0)) & (!(19 | 20))] 1
[(!((1 | ((((((7 | (((10 | (11 | (12 | (13 | (14 | (15 | !16)))))) | !9) | !8)) | !6) | !5) | !4) | !3) | !2)) | !0)) & (19 & 20)] 1
[(!((1 | ((((((7 | ((((11 | (12 | (13 | (14 | (15 | 16))))) | !10) | !9) | !8)) | !6) | !5) | !4) | !3) | !2)) | !0)) & (19 & 20)] 0
[(!((1 | ((((((7 | ((((11 | (12 | (13 | (14 | (15 | !16))))) | !10) | !9) | !8)) | !6) | !5) | !4) | !3) | !2)) | !0)) & (19 & 20)] 1
[(!(0 | ((((((6 | ((8 | (9 | ((((13 | (14 | (15 | 16))) | !12) | !11) | !10))) | !7)) | !5) | !4) | !3) | !2) | !1))) & (!(19 | !20))] 1
[(!(0 | ((((((6 | ((8 | (9 | ((((13 | (14 | (15 | !16))) | !12) | !11) | !10))) | !7)) | !5) | !4) | !3) | !2) | !1))) & (19 & 20)] 0
[(!(0 | ((((((6 | ((8 | (((((13 | (14 | (15 | 16))) | !12) | !11) | !10) | !9)) | !7)) | !5) | !4) | !3) | !2) | !1))) & (19 & 20)] 0
[(!(0 | ((((((6 | ((8 | (((((13 | (14 | (15 | !16))) | !12) | !11) | !10) | !9)) | !7)) | !5) | !4) | !3) | !2) | !1))) & (19 & 20)] 0
[(!(0 | (1 | (((((6 | ((8 | ((10 | (11 | (12 | (13 | (14 | (15 | 16)))))) | !9)) | !7)) | !5) | !4) | !3) | !2)))) & (!(19 | 20))] 1
[(!(0 | (1 | (((((6 | ((8 | ((10 | (11 | (12 | (13 | (14 | (15 | !16)))))) | !9)) | !7)) | !5) | !4) | !3) | !2)))) & (!(19 | 20))] 2
[(!(0 | (1 | (2 | (((5 | (6 | (7 | (8 | ((10 | ((((14 | ((17 | !16) | !15)) | !13) | !12) | !11)) | !9))))) | !4) | !3))))) & (19 & 20)] 2
[(!(0 | (1 | (2 | (((5 | (6 | (7 | (8 | ((10 | ((((14 | !(15 & (16 & 17))) | !13) | !12) | !11)) | !9))))) | !4) | !3))))) & (19 & 20)] 0
[(!(0 | (1 | (2 | (((5 | (6 | ((8 | ((10 | ((((14 | ((17 | !16) | !15)) | !13) | !12) | !11)) | !9)) | !7))) | !4) | !3))))) & (19 & 20)] 2
[(!(0 | (1 | (2 | (((5 | (6 | ((8 | ((10 | ((((14 | !(15 & (16 & 17))) | !13) | !12) | !11)) | !9)) | !7))) | !4) | !3))))) & (19 & 20)] 0
[(!(0 | (1 | (((4 | ((6 | ((8 | (9 | (10 | (11 | (12 | (13 | (14 | (15 | 16)))))))) | !7)) | !5)) | !3) | !2)))) & (!(19 | !20))] 0
[(!(0 | (1 | (((4 | ((6 | ((8 | (9 | (10 | (11 | (12 | (13 | (14 | (15 | !16)))))))) | !7)) | !5)) | !3) | !2)))) & (19 & 20)] 1
[(!(0 | (1 | (2 | ((4 | ((6 | ((8 | (9 | (10 | (11 | (12 | ((14 | (15 | 16)) | !13)))))) | !7)) | !5)) | !3))))) & (t)] 0
[(!(0 | (1 | (2 | ((4 | ((6 | ((8 | (9 | (10 | (11 | (12 | ((14 | (15 | (17 | !16))) | !13)))))) | !7)) | !5)) | !3))))) & (19 & 20)] 0
[(!(0 | (1 | (2 | ((4 | ((6 | ((8 | (9 | (10 | (11 | (12 | ((14 | (15 | !(16 & 17))) | !13)))))) | !7)) | !5)) | !3))))) & (19 & 20)] 1
[(!(0 | (1 | ((3 | ((5 | (6 | (7 | (8 | (((11 | (12 | (13 | (14 | (15 | 16))))) | !10) | !9))))) | !4)) | !2)))) & (!(20 | !19))] 1
[(!(0 | (1 | ((3 | ((5 | (6 | (7 | (8 | (((11 | (12 | (13 | (14 | (15 | !16))))) | !10) | !9))))) | !4)) | !2)))) & (19 & 20)] 1
[(!(0 | (1 | (((((6 | ((8 | (9 | ((11 | (12 | (13 | (14 | (15 | 16))))) | !10))) | !7)) | !5) | !4) | !3) | !2)))) & (!(19 | !20))] 0
[(!(0 | (1 | (((((6 | ((8 | (9 | ((11 | (12 | (13 | (14 | (15 | !16))))) | !10))) | !7)) | !5) | !4) | !3) | !2)))) & (19 & 20)] 0
[(!(0 | (((3 | (((6 | ((8 | (((((13 | (14 | (15 | 16))) | !12) | !11) | !10) | !9)) | !7)) | !5) | !4)) | !2) | !1))) & (19 & 20)] 1
[(!(0 | (((3 | (((6 | ((8 | (((((13 | (14 | (15 | !16))) | !12) | !11) | !10) | !9)) | !7)) | !5) | !4)) | !2) | !1))) & (19 & 20)] 0
[(!(0 | (1 | (((((6 | ((8 | (((11 | (12 | (13 | (14 | (15 | 16))))) | !10) | !9)) | !7)) | !5) | !4) | !3) | !2)))) & (19 & 20)] 0
[(!(0 | (1 | (((((6 | ((8 | (((11 | (12 | (13 | (14 | (15 | !16))))) | !10) | !9)) | !7)) | !5) | !4) | !3) | !2)))) & (19 & 20)] 0
[(!(0 | (1 | (2 | ((((6 | ((8 | (((11 | (12 | ((14 | (15 | 16)) | !13))) | !10) | !9)) | !7)) | !5) | !4) | !3))))) & (t)] 1
[(!(0 | (1 | (2 | ((((6 | ((8 | (((11 | (12 | ((14 | (15 | (17 | !16))) | !13))) | !10) | !9)) | !7)) | !5) | !4) | !3))))) & (19 & 20)] 1
[(!(0 | (1 | (2 | ((((6 | ((8 | (((11 | (12 | ((14 | (15 | !(16 & 17))) | !13))) | !10) | !9)) | !7)) | !5) | !4) | !3))))) & (19 & 20)] 1
[(!(0 | (1 | (2 | (((5 | (6 | (7 | (8 | ((10 | (11 | (12 | ((14 | (15 | (17 | !16))) | !13)))) | !9))))) | !4) | !3))))) & (t)] 0
[(!(0 | (1 | (2 | (((5 | (6 | (7 | (8 | ((10 | (11 | (12 | ((14 | (15 | !(16 & 17))) | !13)))) | !9))))) | !4) | !3))))) & (t)] 2
[(!(0 | (1 | (2 | (((5 | (((((10 | (11 | (12 | (((15 | (17 | !16)) | !14) | !13)))) | !9) | !8) | !7) | !6)) | !4) | !3))))) & (19 & 20)] 0
[(!(0 | (1 | (2 | (((5 | (((((10 | (11 | (12 | (((15 | !(16 & 17)) | !14) | !13)))) | !9) | !8) | !7) | !6)) | !4) | !3))))) & (19 & 20)] 0
[(!(0 | (1 | (2 | ((((((((10 | (11 | (12 | (((15 | 16) | !14) | !13)))) | !9) | !8) | !7) | !6) | !5) | !4) | !3))))) & (t)] 0
[(!(0 | (1 | (2 | ((((((((10 | (11 | (12 | (((15 | (17 | !16)) | !14) | !13)))) | !9) | !8) | !7) | !6) | !5) | !4) | !3))))) & (19 & 20)] 1
[(!(0 | (1 | (2 | ((((((((10 | (11 | (12 | (((15 | !(16 & 17)) | !14) | !13)))) | !9) | !8) | !7) | !6) | !5) | !4) | !3))))) & (19 & 20)] 1
[(!(0 | (1 | (2 | ((4 | ((((((10 | (11 | (12 | (((15 | 16) | !14) | !13)))) | !9) | !8) | !7) | !6) | !5)) | !3))))) & (t)] 2
[(!(0 | (1 | (2 | ((4 | ((((((10 | (11 | (12 | (((15 | (17 | !16)) | !14) | !13)))) | !9) | !8) | !7) | !6) | !5)) | !3))))) & (19 & 20)] 2
[(0 & (1 | ((((5 & ((((11 | (12 | (13 | (14 | 15)))) | !9) | !8) | !6) | !5 & (((((11 | (12 | (13 | (14 | 15)))) | !10) | !9) | !8) | !6)) | !4) | !3) | !2)) | !0 & (1 & ((3 & ((6 | ((8 | ((((13 | (14 | 15)) | !12) | !11) | !10)) | !7)) | !5) | !3 & ((6 | ((8 | (((((13 | (14 | 15)) | !12) | !11) | !10) | !9)) | !7)) | !5)) | !2) | !1 & (2 & (3 & (4 & (5 & (6 | (7 & (8 | (11 | (12 | (13 | (14 | 15))))) | !7 & (8 | ((11 | (12 | (13 | (14 | 15)))) | !9)))) | !5 & (6 | (8 | (((11 | (12 | (13 | (14 | 15)))) | !10) | !9)))) | !4 & ((6 | ((8 | (11 | (12 | (13 | (14 | 15))))) | !7)) | !5)) | !3 & (4 & (6 | (8 | (((11 | (12 | (13 | (14 | 15)))) | !10) | !9))) | !4 & ((6 | ((8 | (((11 | (12 | (13 | (14 | 15)))) | !10) | !9)) | !7)) | !5))) | !2 & (3 & (4 & (5 & (6 & (((11 | (12 | ((15 | !14) | !13))) | !8) | !7) | !6 & (7 & (8 | (9 & (10 & (11 & (((14 | !15) | !13) | !12) | !11 & (12 | ((14 | 15) | !13))) | !10 & ((((14 | !15) | !13) | !12) | !11)) | !9 & ((((14 | !15) | !13) | !12) | !11))) | !7 & (8 | ((11 & (((14 | !15) | !13) | !12) | !11 & (12 | ((14 | 15) | !13))) | !9)))) | !5 & (6 & ((((10 & (11 | (12 | ((15 | !14) | !13))) | !10 & (11 | (12 | (((15 | !16) | !14) | !13)))) | !9) | !8) | !7) | !6 & (7 & (8 | ((10 & ((((14 | !15) | !13) | !12) | !11) | !10 & ((((14 | !(15 & 16)) | !13) | !12) | !11)) | !9)) | !7 & (8 | ((10 & (11 & (((14 | !15) | !13) | !12) | !11 & (12 | ((14 | 15) | !13))) | !10 & (11 & (((14 | !(15 & 16)) | !13) | !12) | !11 & (12 | ((14 | (15 | !16)) | !13)))) | !9))))) | !4 & ((6 & (((11 | (12 | ((15 | !14) | !13))) | !8) | !7) | !6 & ((8 | (11 | (12 | ((14 | 15) | !13)))) | !7)) | !5)) | !3 & (4 & (5 & (6 & (((9 & ((11 | (12 | ((15 | !14) | !13))) | !10) | !9 & ((11 | (12 | (((15 | !16) | !14) | !13))) | !10)) | !8) | !7) | !6 & (7 & (8 | (9 & (((((14 | !15) | !13) | !12) | !11) | !10) | !9 & (((((14 | !(15 & 16)) | !13) | !12) | !11) | !10))) | !7 & (8 | (((11 & (((14 | !15) | !13) | !12) | !11 & (12 | ((14 | 15) | !13))) | !10) | !9)))) | !5 & (6 & (((((11 | (12 | ((15 | !14) | !13))) | !10) | !9) | !8) | !7) | !6 & (7 & (8 | ((((((14 | !15) | !13) | !12) | !11) | !10) | !9)) | !7 & (8 | (((11 & (((14 | !15) | !13) | !12) | !11 & (12 | ((14 | 15) | !13))) | !10) | !9))))) | !4 & ((6 & (((9 & ((11 | (12 | ((15 | !14) | !13))) | !10) | !9 & ((11 | (12 | (((15 | !16) | !14) | !13))) | !10)) | !8) | !7) | !6 & ((8 | (9 & ((11 | (12 | ((14 | 15) | !13))) | !10) | !9 & ((11 | (12 | ((14 | (15 | !16)) | !13))) | !10))) | !7)) | !5)))))) & (t)] 2
[(!(0 | (1 | (2 | ((4 | ((((((10 | (11 | (12 | (((15 | !(16 & 17)) | !14) | !13)))) | !9) | !8) | !7) | !6) | !5)) | !3))))) & (19 & 20)] 1
[(!(0 | ((((4 | ((6 | ((8 | (9 | ((((13 | (14 | (15 | 16))) | !12) | !11) | !10))) | !7)) | !5)) | !3) | !2) | !1))) & (19 & 20)] 1
[(!(0 | ((((4 | ((6 | ((8 | (9 | ((((13 | (14 | (15 | !16))) | !12) | !11) | !10))) | !7)) | !5)) | !3) | !2) | !1))) & (19 & 20)] 0
[(!(0 | ((((4 | ((6 | ((8 | (((((13 | (14 | (15 | 16))) | !12) | !11) | !10) | !9)) | !7)) | !5)) | !3) | !2) | !1))) & (19 & 20)] 0
[(!(0 | ((((4 | ((6 | ((8 | (((((13 | (14 | (15 | !16))) | !12) | !11) | !10) | !9)) | !7)) | !5)) | !3) | !2) | !1))) & (19 & 20)] 2
[(!(0 | (1 | ((3 | ((5 | (6 | ((8 | (((11 | (12 | (13 | (14 | (15 | 16))))) | !10) | !9)) | !7))) | !4)) | !2)))) & (!(20 | !19))] 1
[(!(0 | (1 | ((3 | ((5 | (6 | ((8 | (((11 | (12 | (13 | (14 | (15 | !16))))) | !10) | !9)) | !7))) | !4)) | !2)))) & (19 & 20)] 0
[(!((1 | ((((5 | ((((((11 | (12 | (13 | (14 | (15 | 16))))) | !10) | !9) | !8) | !7) | !6)) | !4) | !3) | !2)) | !0)) & (19 & 20)] 0
[(!((1 | ((((5 | ((((((11 | (12 | (13 | (14 | (15 | !16))))) | !10) | !9) | !8) | !7) | !6)) | !4) | !3) | !2)) | !0)) & (19 & 20)] 1
[(!((1 | ((((((((((11 | (12 | (13 | (14 | (15 | 16))))) | !10) | !9) | !8) | !7) | !6) | !5) | !4) | !3) | !2)) | !0)) & (19 & 20)] 2
[(!((1 | ((((((((((11 | (12 | (13 | (14 | (15 | !16))))) | !10) | !9) | !8) | !7) | !6) | !5) | !4) | !3) | !2)) | !0)) & (19 & 20)] 1
[(!(0 | (1 | ((((5 | (6 | ((8 | (((11 | (12 | (13 | (14 | (15 | 16))))) | !10) | !9)) | !7))) | !4) | !3) | !2)))) & (!(20 | !19))] 1
[(!(0 | (1 | ((((5 | (6 | ((8 | (((11 | (12 | (13 | (14 | (15 | !16))))) | !10) | !9)) | !7))) | !4) | !3) | !2)))) & (19 & 20)] 2
[(!((1 | (((((((((10 | (11 | (12 | (13 | (14 | (15 | 16)))))) | !9) | !8) | !7) | !6) | !5) | !4) | !3) | !2)) | !0)) & (!(19 | 20))] 2
[(!((1 | (((((((((10 | (11 | (12 | (13 | (14 | (15 | !16)))))) | !9) | !8) | !7) | !6) | !5) | !4) | !3) | !2)) | !0)) & (!(19 | 20))] 2
[(!(0 | (1 | (2 | (((5 | (6 | (7 | (8 | ((((((14 | (16 | !15)) | !13) | !12) | !11) | !10) | !9))))) | !4) | !3))))) & (t)] 0
[(!(0 | (1 | (2 | (((5 | (6 | (7 | (8 | ((((((14 | ((17 | !16) | !15)) | !13) | !12) | !11) | !10) | !9))))) | !4) | !3))))) & (19 & 20)] 0
[(!(0 | (1 | (2 | (((5 | (6 | (7 | (8 | ((((((14 | !(15 & (16 & 17))) | !13) | !12) | !11) | !10) | !9))))) | !4) | !3))))) & (19 & 20)] 0
[(!(0 | (1 | (2 | (((5 | (6 | ((8 | ((((((14 | (16 | !15)) | !13) | !12) | !11) | !10) | !9)) | !7))) | !4) | !3))))) & (t)] 2
[(!(0 | (1 | (2 | (((5 | (6 | ((8 | ((((((14 | ((17 | !16) | !15)) | !13) | !12) | !11) | !10) | !9)) | !7))) | !4) | !3))))) & (19 & 20)] 1
[(!(0 | (1 | (2 | (((5 | (6 | ((8 | ((((((14 | !(15 & (16 & 17))) | !13) | !12) | !11) | !10) | !9)) | !7))) | !4) | !3))))) & (19 & 20)] 0
[(!(0 | (1 | (2 | ((4 | (((((9 | ((11 | (12 | (((15 | 16) | !14) | !13))) | !10)) | !8) | !7) | !6) | !5)) | !3))))) & (t)] 1
[(!(0 | (1 | (2 | ((4 | (((((9 | ((11 | (12 | (((15 | (17 | !16)) | !14) | !13))) | !10)) | !8) | !7) | !6) | !5)) | !3))))) & (19 & 20)] 0
[(!(0 | (1 | (2 | ((4 | (((((9 | ((11 | (12 | (((15 | !(16 & 17)) | !14) | !13))) | !10)) | !8) | !7) | !6) | !5)) | !3))))) & (19 & 20)] 1
[(!(0 | (1 | (2 | (((((((9 | ((11 | (12 | (((15 | 16) | !14) | !13))) | !10)) | !8) | !7) | !6) | !5) | !4) | !3))))) & (t)] 1
[(!(0 | (1 | (2 | (((((((9 | ((11 | (12 | (((15 | (17 | !16)) | !14) | !13))) | !10)) | !8) | !7) | !6) | !5) | !4) | !3))))) & (19 & 20)] 0
[(!(0 | (1 | (2 | (((((((9 | ((11 | (12 | (((15 | !(16 & 17)) | !14) | !13))) | !10)) | !8) | !7) | !6) | !5) | !4) | !3))))) & (19 & 20)] 1
[(!(0 | (1 | (((4 | ((6 | ((8 | ((10 | (11 | (12 | (13 | (14 | (15 | 16)))))) | !9)) | !7)) | !5)) | !3) | !2)))) & (t)] 0
[(!(0 | (1 | (((4 | ((6 | ((8 | ((10 | (11 | (12 | (13 | (14 | (15 | !16)))))) | !9)) | !7)) | !5)) | !3) | !2)))) & (t)] 0
[(!(0 | (1 | (2 | ((4 | ((6 | ((8 | ((10 | (11 | (12 | ((14 | (15 | 16)) | !13)))) | !9)) | !7)) | !5)) | !3))))) & (t)] 0
[(!(0 | (1 | (2 | ((4 | ((6 | ((8 | ((10 | (11 | (12 | ((14 | (15 | (17 | !16))) | !13)))) | !9)) | !7)) | !5)) | !3))))) & (19 & 20)] 2
[(!(0 | (1 | (2 | ((4 | ((6 | ((8 | ((10 | (11 | (12 | ((14 | (15 | !(16 & 17))) | !13)))) | !9)) | !7)) | !5)) | !3))))) & (19 & 20)] 1
[(!(0 | (1 | (((4 | ((6 | ((8 | (9 | ((11 | (12 | (13 | (14 | (15 | 16))))) | !10))) | !7)) | !5)) | !3) | !2)))) & (!(19 | !20))] 0
[(!(0 | (1 | (((4 | ((6 | ((8 | (9 | ((11 | (12 | (13 | (14 | (15 | !16))))) | !10))) | !7)) | !5)) | !3) | !2)))) & (19 & 20)] 1
[(!(0 | (((3 | (4 | ((6 | ((8 | (((((13 | (14 | (15 | 16))) | !12) | !11) | !10) | !9)) | !7)) | !5))) | !2) | !1))) & (t)] 0
[(!(0 | (((3 | (4 | ((6 | ((8 | (((((13 | (14 | (15 | !16))) | !12) | !11) | !10) | !9)) | !7)) | !5))) | !2) | !1))) & (t)] 1
[(!(0 | (1 | (2 | (((5 | (6 | (7 | (8 | (((11 | (12 | ((14 | (15 | 16)) | !13))) | !10) | !9))))) | !4) | !3))))) & (t)] 1
[(!(0 | (1 | (2 | (((5 | (6 | (7 | (8 | (((11 | (12 | ((14 | (15 | (17 | !16))) | !13))) | !10) | !9))))) | !4) | !3))))) & (19 & 20)] 1
[(!(0 | (1 | (2 | (((5 | (6 | (7 | (8 | (((11 | (12 | ((14 | (15 | !(16 & 17))) | !13))) | !10) | !9))))) | !4) | !3))))) & (19 & 20)] 0
[(!(0 | (1 | (2 | (((5 | ((((((11 | (12 | (((15 | 16) | !14) | !13))) | !10) | !9) | !8) | !7) | !6)) | !4) | !3))))) & (t)] 0
[(!(0 | (1 | (2 | (((5 | ((((((11 | (12 | (((15 | (17 | !16)) | !14) | !13))) | !10) | !9) | !8) | !7) | !6)) | !4) | !3))))) & (19 & 20)] 0
[(!(0 | (1 | (2 | (((5 | ((((((11 | (12 | (((15 | !(16 & 17)) | !14) | !13))) | !10) | !9) | !8) | !7) | !6)) | !4) | !3))))) & (19 & 20)] 0
[(!(0 | (1 | (2 | (((((((((11 | (12 | (((15 | 16) | !14) | !13))) | !10) | !9) | !8) | !7) | !6) | !5) | !4) | !3))))) & (t)] 0
[(!(0 | (1 | (2 | (((((((((11 | (12 | (((15 | (17 | !16)) | !14) | !13))) | !10) | !9) | !8) | !7) | !6) | !5) | !4) | !3))))) & (19 & 20)] 1
[(!(0 | (1 | (2 | (((((((((11 | (12 | (((15 | !(16 & 17)) | !14) | !13))) | !10) | !9) | !8) | !7) | !6) | !5) | !4) | !3))))) & (19 & 20)] 1
[(!(0 | (1 | (2 | ((4 | (((((((11 | (12 | (((15 | 16) | !14) | !13))) | !10) | !9) | !8) | !7) | !6) | !5)) | !3))))) & (t)] 0
[(!(0 | (1 | (2 | ((4 | (((((((11 | (12 | (((15 | (17 | !16)) | !14) | !13))) | !10) | !9) | !8) | !7) | !6) | !5)) | !3))))) & (t)] 2
[(!(0 | (1 | (2 | ((4 | (((((((11 | (12 | (((15 | !(16 & 17)) | !14) | !13))) | !10) | !9) | !8) | !7) | !6) | !5)) | !3))))) & (t)] 2
[(!(0 | (1 | (2 | ((((6 | ((8 | (9 | (((((14 | (16 | !15)) | !13) | !12) | !11) | !10))) | !7)) | !5) | !4) | !3))))) & (t)] 1
[(!(0 | (1 | (2 | ((((6 | ((8 | (9 | (((((14 | ((17 | !16) | !15)) | !13) | !12) | !11) | !10))) | !7)) | !5) | !4) | !3))))) & (t)] 2
[(!(0 | (1 | (2 | ((((6 | ((8 | (9 | (((((14 | !(15 & (16 & 17))) | !13) | !12) | !11) | !10))) | !7)) | !5) | !4) | !3))))) & (t)] 2
[(!(0 | (1 | (2 | ((((6 | ((8 | ((((((14 | (16 | !15)) | !13) | !12) | !11) | !10) | !9)) | !7)) | !5) | !4) | !3))))) & (t)] 2
[(!(0 | (1 | (2 | ((((6 | ((8 | ((((((14 | ((17 | !16) | !15)) | !13) | !12) | !11) | !10) | !9)) | !7)) | !5) | !4) | !3))))) & (t)] 2
[(!(0 | (1 | (2 | ((((6 | ((8 | ((((((14 | !(15 & (16 & 17))) | !13) | !12) | !11) | !10) | !9)) | !7)) | !5) | !4) | !3))))) & (t)] 0
[(!(0 | (1 | (2 | ((4 | ((6 | ((8 | (9 | ((11 | (12 | ((14 | (15 | 16)) | !13))) | !10))) | !7)) | !5)) | !3))))) & (t)] 1
[(!(0 | (1 | (2 | ((4 | ((6 | ((8 | (9 | ((11 | (12 | ((14 | (15 | (17 | !16))) | !13))) | !10))) | !7)) | !5)) | !3))))) & (19 & 20)] 0
[(!(0 | (1 | (2 | ((4 | ((6 | ((8 | (9 | ((11 | (12 | ((14 | (15 | !(16 & 17))) | !13))) | !10))) | !7)) | !5)) | !3))))) & (19 & 20)] 1
[(!(0 | (1 | (2 | ((((6 | (7 | (8 | ((((((14 | (16 | !15)) | !13) | !12) | !11) | !10) | !9)))) | !5) | !4) | !3))))) & (t)] 1
[(!(0 | (1 | (2 | ((((6 | (7 | (8 | ((((((14 | ((17 | !16) | !15)) | !13) | !12) | !11) | !10) | !9)))) | !5) | !4) | !3))))) & (t)] 0
[(!(0 | (1 | (2 | ((((6 | (7 | (8 | ((((((14 | !(15 & (16 & 17))) | !13) | !12) | !11) | !10) | !9)))) | !5) | !4) | !3))))) & (t)] 0
[(!(0 | (1 | ((3 | (4 | ((6 | ((8 | (((11 | (12 | (13 | (14 | (15 | 16))))) | !10) | !9)) | !7)) | !5))) | !2)))) & (19 & 20)] 0
[(!(0 | (1 | ((3 | (4 | ((6 | ((8 | (((11 | (12 | (13 | (14 | (15 | !16))))) | !10) | !9)) | !7)) | !5))) | !2)))) & (19 & 20)] 0
[(!(0 | (1 | (2 | (3 | (4 | ((6 | ((8 | (((11 | (12 | ((14 | (15 | 16)) | !13))) | !10) | !9)) | !7)) | !5))))))) & (t)] 2
[(!(0 | (1 | (2 | (3 | (4 | ((6 | ((8 | (((11 | (12 | ((14 | (15 | (17 | !16))) | !13))) | !10) | !9)) | !7)) | !5))))))) & (t)] 0
[(!(0 | (1 | (2 | (3 | (4 | ((6 | ((8 | (((11 | (12 | ((14 | (15 | !(16 & 17))) | !13))) | !10) | !9)) | !7)) | !5))))))) & (t)] 2
[(!(0 | (1 | (((4 | ((6 | ((8 | (((11 | (12 | (13 | (14 | (15 | 16))))) | !10) | !9)) | !7)) | !5)) | !3) | !2)))) & (19 & 20)] 1
[(!(0 | (1 | (((4 | ((6 | ((8 | (((11 | (12 | (13 | (14 | (15 | !16))))) | !10) | !9)) | !7)) | !5)) | !3) | !2)))) & (19 & 20)] 2
[(!(0 | (1 | (2 | ((4 | ((6 | ((8 | (((11 | (12 | ((14 | (15 | 16)) | !13))) | !10) | !9)) | !7)) | !5)) | !3))))) & (t)] 2
[(!(0 | (1 | (2 | ((4 | ((6 | ((8 | (((11 | (12 | ((14 | (15 | (17 | !16))) | !13))) | !10) | !9)) | !7)) | !5)) | !3))))) & (t)] 1
[(!(0 | (1 | (2 | ((4 | ((6 | ((8 | (((11 | (12 | ((14 | (15 | !(16 & 17))) | !13))) | !10) | !9)) | !7)) | !5)) | !3))))) & (t)] 2
[(!(0 | (1 | (((((6 | (7 | (8 | (((11 | (12 | (13 | (14 | (15 | 16))))) | !10) | !9)))) | !5) | !4) | !3) | !2)))) & (19 & 20)] 0
[(!(0 | (1 | (((((6 | (7 | (8 | (((11 | (12 | (13 | (14 | (15 | !16))))) | !10) | !9)))) | !5) | !4) | !3) | !2)))) & (19 & 20)] 2
[(!(0 | (1 | (2 | ((((6 | (7 | (8 | (((11 | (12 | ((14 | (15 | 16)) | !13))) | !10) | !9)))) | !5) | !4) | !3))))) & (t)] 0
[(!(0 | (1 | (2 | ((((6 | (7 | (8 | (((11 | (12 | ((14 | (15 | (17 | !16))) | !13))) | !10) | !9)))) | !5) | !4) | !3))))) & (t)] 2
[(!(0 | (1 | (2 | ((((6 | (7 | (8 | (((11 | (12 | ((14 | (15 | !(16 & 17))) | !13))) | !10) | !9)))) | !5) | !4) | !3))))) & (t)] 1
[(!(0 | (1 | (2 | (3 | ((5 | (6 | ((8 | ((((((14 | (16 | !15)) | !13) | !12) | !11) | !10) | !9)) | !7))) | !4)))))) & (t)] 0
[(!(0 | (1 | (2 | (3 | ((5 | (6 | ((8 | ((((((14 | ((17 | !16) | !15)) | !13) | !12) | !11) | !10) | !9)) | !7))) | !4)))))) & (19 & 20)] 1
[(!(0 | (1 | (2 | (3 | ((5 | (6 | ((8 | ((((((14 | !(15 & (16 & 17))) | !13) | !12) | !11) | !10) | !9)) | !7))) | !4)))))) & (19 & 20)] 0
[(!(0 | (1 | (2 | (3 | ((5 | (6 | (7 | (8 | ((((((14 | (16 | !15)) | !13) | !12) | !11) | !10) | !9))))) | !4)))))) & (t)] 0
[(!(0 | (1 | (2 | (3 | ((5 | (6 | (7 | (8 | ((((((14 | ((17 | !16) | !15)) | !13) | !12) | !11) | !10) | !9))))) | !4)))))) & (19 & 20)] 0
[(!(0 | (1 | (2 | (3 | ((5 | (6 | (7 | (8 | ((((((14 | !(15 & (16 & 17))) | !13) | !12) | !11) | !10) | !9))))) | !4)))))) & (19 & 20)] 1
[(!(0 | (1 | (2 | (3 | (4 | (((((((11 | (12 | (((15 | 16) | !14) | !13))) | !10) | !9) | !8) | !7) | !6) | !5))))))) & (t)] 1
[(!(0 | (1 | (2 | (3 | (4 | (((((((11 | (12 | (((15 | (17 | !16)) | !14) | !13))) | !10) | !9) | !8) | !7) | !6) | !5))))))) & (19 & 20)] 1
[(!(0 | (1 | (2 | (3 | (4 | (((((((11 | (12 | (((15 | !(16 & 17)) | !14) | !13))) | !10) | !9) | !8) | !7) | !6) | !5))))))) & (19 & 20)] 0
[(!(0 | (1 | (2 | (3 | ((5 | ((((((11 | (12 | (((15 | 16) | !14) | !13))) | !10) | !9) | !8) | !7) | !6)) | !4)))))) & (t)] 1
[(!(0 | (1 | (2 | (3 | ((5 | ((((((11 | (12 | (((15 | (17 | !16)) | !14) | !13))) | !10) | !9) | !8) | !7) | !6)) | !4)))))) & (19 & 20)] 0
[(!(0 | (1 | (2 | (3 | ((5 | ((((((11 | (12 | (((15 | !(16 & 17)) | !14) | !13))) | !10) | !9) | !8) | !7) | !6)) | !4)))))) & (19 & 20)] 0
[(!(0 | (1 | (2 | (3 | ((((((((11 | (12 | (((15 | 16) | !14) | !13))) | !10) | !9) | !8) | !7) | !6) | !5) | !4)))))) & (t)] 2
[(!(0 | (1 | (2 | (3 | ((((((((11 | (12 | (((15 | (17 | !16)) | !14) | !13))) | !10) | !9) | !8) | !7) | !6) | !5) | !4)))))) & (19 & 20)] 1
[(!(0 | (1 | (2 | (3 | ((((((((11 | (12 | (((15 | !(16 & 17)) | !14) | !13))) | !10) | !9) | !8) | !7) | !6) | !5) | !4)))))) & (19 & 20)] 1
[(!(0 | (1 | (2 | (3 | ((5 | (6 | (7 | (8 | (((11 | (12 | ((14 | (15 | 16)) | !13))) | !10) | !9))))) | !4)))))) & (t)] 1
[(!(0 | (1 | (2 | (3 | ((5 | (6 | (7 | (8 | (((11 | (12 | ((14 | (15 | (17 | !16))) | !13))) | !10) | !9))))) | !4)))))) & (19 & 20)] 1
[(!(0 | (1 | (2 | (3 | ((5 | (6 | (7 | (8 | (((11 | (12 | ((14 | (15 | !(16 & 17))) | !13))) | !10) | !9))))) | !4)))))) & (19 & 20)] 0
[(!(0 | (1 | ((3 | (((6 | ((8 | (((11 | (12 | (13 | (14 | (15 | 16))))) | !10) | !9)) | !7)) | !5) | !4)) | !2)))) & (t)] 0
[(!(0 | (1 | ((3 | (((6 | ((8 | (((11 | (12 | (13 | (14 | (15 | !16))))) | !10) | !9)) | !7)) | !5) | !4)) | !2)))) & (t)] 0
[(!(0 | (1 | (2 | (3 | (4 | (((((9 | ((11 | (12 | (((15 | (17 | !16)) | !14) | !13))) | !10)) | !8) | !7) | !6) | !5))))))) & (19 & 20)] 2
[(!(0 | (1 | (2 | (3 | (4 | (((((9 | ((11 | (12 | (((15 | !(16 & 17)) | !14) | !13))) | !10)) | !8) | !7) | !6) | !5))))))) & (19 & 20)] 0
[(!(0 | (1 | (2 | (3 | ((((((9 | ((11 | (12 | (((15 | (17 | !16)) | !14) | !13))) | !10)) | !8) | !7) | !6) | !5) | !4)))))) & (19 & 20)] 0
[(!(0 | (1 | (2 | (3 | ((((((9 | ((11 | (12 | (((15 | !(16 & 17)) | !14) | !13))) | !10)) | !8) | !7) | !6) | !5) | !4)))))) & (19 & 20)] 0
[(!(0 | (1 | (2 | (3 | (((6 | ((8 | (9 | (((((14 | ((17 | !16) | !15)) | !13) | !12) | !11) | !10))) | !7)) | !5) | !4)))))) & (t)] 0
[(!(0 | (1 | (2 | (3 | (((6 | ((8 | (9 | (((((14 | !(15 & (16 & 17))) | !13) | !12) | !11) | !10))) | !7)) | !5) | !4)))))) & (t)] 2
[(!(0 | (1 | (2 | (3 | (((6 | ((8 | ((((((14 | (16 | !15)) | !13) | !12) | !11) | !10) | !9)) | !7)) | !5) | !4)))))) & (t)] 2
[(!(0 | (1 | (2 | (3 | (((6 | ((8 | ((((((14 | ((17 | !16) | !15)) | !13) | !12) | !11) | !10) | !9)) | !7)) | !5) | !4)))))) & (t)] 0
[(!(0 | (1 | (2 | (3 | (((6 | ((8 | ((((((14 | !(15 & (16 & 17))) | !13) | !12) | !11) | !10) | !9)) | !7)) | !5) | !4)))))) & (t)] 2
[(!(0 | (1 | (2 | (3 | (4 | ((6 | ((8 | (9 | ((11 | (12 | ((14 | (15 | (17 | !16))) | !13))) | !10))) | !7)) | !5))))))) & (t)] 1
[(!(0 | (1 | (2 | (3 | (4 | ((6 | ((8 | (9 | ((11 | (12 | ((14 | (15 | !(16 & 17))) | !13))) | !10))) | !7)) | !5))))))) & (t)] 2
[(!(0 | (1 | (2 | (3 | (((6 | (7 | (8 | ((((((14 | (16 | !15)) | !13) | !12) | !11) | !10) | !9)))) | !5) | !4)))))) & (t)] 0
[(!(0 | (1 | (2 | (3 | (((6 | (7 | (8 | ((((((14 | ((17 | !16) | !15)) | !13) | !12) | !11) | !10) | !9)))) | !5) | !4)))))) & (t)] 1
[(!(0 | (1 | (2 | (3 | (((6 | (7 | (8 | ((((((14 | !(15 & (16 & 17))) | !13) | !12) | !11) | !10) | !9)))) | !5) | !4)))))) & (t)] 0
[(!(0 | (1 | ((3 | (((6 | (7 | (8 | (((11 | (12 | (13 | (14 | (15 | 16))))) | !10) | !9)))) | !5) | !4)) | !2)))) & (t)] 1
[(!(0 | (1 | ((3 | (((6 | (7 | (8 | (((11 | (12 | (13 | (14 | (15 | !16))))) | !10) | !9)))) | !5) | !4)) | !2)))) & (t)] 2
[(!(0 | (1 | (2 | (3 | (((6 | (7 | (8 | (((11 | (12 | ((14 | (15 | 16)) | !13))) | !10) | !9)))) | !5) | !4)))))) & (t)] 2
[(!(0 | (1 | (2 | (3 | (((6 | (7 | (8 | (((11 | (12 | ((14 | (15 | (17 | !16))) | !13))) | !10) | !9)))) | !5) | !4)))))) & (t)] 0
[(!(0 | (1 | (2 | (3 | (((6 | (7 | (8 | (((11 | (12 | ((14 | (15 | !(16 & 17))) | !13))) | !10) | !9)))) | !5) | !4)))))) & (t)] 0
State: 2 "[2]"
[(!(0 | (1 | (2 | ((((6 | (7 | (8 | ((10 | (11 | (12 | ((14 | (15 | 16)) | !13)))) | !9)))) | !5) | !4) | !3))))) & (t)] 2
[(!(0 | (1 | (2 | ((((6 | (7 | (8 | ((10 | (11 | (12 | ((14 | (15 | (17 | !16))) | !13)))) | !9)))) | !5) | !4) | !3))))) & (19 & 20)] 0
[(!(0 | (1 | (2 | ((((6 | (7 | (8 | ((10 | (11 | (12 | ((14 | (15 | !(16 & 17))) | !13)))) | !9)))) | !5) | !4) | !3))))) & (19 & 20)] 1
[(!(0 | (1 | (((((6 | (7 | (8 | ((10 | (11 | (12 | (13 | (14 | (15 | 16)))))) | !9)))) | !5) | !4) | !3) | !2)))) & (!(19 | 20))] 0
[(!(0 | (1 | (((((6 | (7 | (8 | ((10 | (11 | (12 | (13 | (14 | (15 | !16)))))) | !9)))) | !5) | !4) | !3) | !2)))) & (19 & 20)] 2
[(!(0 | (1 | (2 | (((((((9 | (10 | (11 | (12 | (((15 | 16) | !14) | !13))))) | !8) | !7) | !6) | !5) | !4) | !3))))) & (t)] 1
[(!(0 | (1 | (2 | (((((((9 | (10 | (11 | (12 | (((15 | (17 | !16)) | !14) | !13))))) | !8) | !7) | !6) | !5) | !4) | !3))))) & (19 & 20)] 0
[(!(0 | (1 | (2 | (((((((9 | (10 | (11 | (12 | (((15 | !(16 & 17)) | !14) | !13))))) | !8) | !7) | !6) | !5) | !4) | !3))))) & (19 & 20)] 2
[(!(0 | (1 | (((((6 | ((8 | (9 | (10 | (11 | (12 | (13 | (14 | (15 | 16)))))))) | !7)) | !5) | !4) | !3) | !2)))) & (t)] 0
[(!(0 | (1 | (((((6 | ((8 | (9 | (10 | (11 | (12 | (13 | (14 | (15 | !16)))))))) | !7)) | !5) | !4) | !3) | !2)))) & (t)] 1
[(!(0 | (1 | (2 | ((((6 | (7 | (8 | ((10 | ((((14 | (16 | !15)) | !13) | !12) | !11)) | !9)))) | !5) | !4) | !3))))) & (t)] 2
[(!(0 | (1 | (2 | ((((6 | (7 | (8 | ((10 | ((((14 | ((17 | !16) | !15)) | !13) | !12) | !11)) | !9)))) | !5) | !4) | !3))))) & (t)] 2
[(!(0 | (1 | (2 | ((((6 | (7 | (8 | ((10 | ((((14 | !(15 & (16 & 17))) | !13) | !12) | !11)) | !9)))) | !5) | !4) | !3))))) & (t)] 1
[(!(0 | (1 | (2 | ((((6 | ((8 | (9 | (10 | ((((14 | (16 | !15)) | !13) | !12) | !11)))) | !7)) | !5) | !4) | !3))))) & (t)] 0
[(!(0 | (1 | (2 | ((((6 | ((8 | (9 | (10 | ((((14 | ((17 | !16) | !15)) | !13) | !12) | !11)))) | !7)) | !5) | !4) | !3))))) & (t)] 0
[(!(0 | (1 | (2 | ((((6 | ((8 | (9 | (10 | ((((14 | !(15 & (16 & 17))) | !13) | !12) | !11)))) | !7)) | !5) | !4) | !3))))) & (t)] 2
[(!(0 | (1 | (2 | ((((6 | ((8 | ((10 | ((((14 | (16 | !15)) | !13) | !12) | !11)) | !9)) | !7)) | !5) | !4) | !3))))) & (t)] 0
[(!(0 | (1 | (2 | ((((6 | ((8 | ((10 | ((((14 | ((17 | !16) | !15)) | !13) | !12) | !11)) | !9)) | !7)) | !5) | !4) | !3))))) & (t)] 1
[(!(0 | (1 | (2 | ((((6 | ((8 | ((10 | ((((14 | !(15 & (16 & 17))) | !13) | !12) | !11)) | !9)) | !7)) | !5) | !4) | !3))))) & (t)] 0
[(!(0 | (1 | (2 | ((4 | (((((9 | (10 | (11 | (12 | (((15 | 16) | !14) | !13))))) | !8) | !7) | !6) | !5)) | !3))))) & (t)] 0
[(!(0 | (1 | (2 | ((4 | (((((9 | (10 | (11 | (12 | (((15 | (17 | !16)) | !14) | !13))))) | !8) | !7) | !6) | !5)) | !3))))) & (19 & 20)] 0
[(!(0 | (1 | (2 | ((4 | (((((9 | (10 | (11 | (12 | (((15 | !(16 & 17)) | !14) | !13))))) | !8) | !7) | !6) | !5)) | !3))))) & (19 & 20)] 1
[(!(0 | (1 | ((((5 | (6 | (7 | (8 | (((11 | (12 | (13 | (14 | (15 | 16))))) | !10) | !9))))) | !4) | !3) | !2)))) & (19 & 20)] 0
[(!(0 | (1 | ((((5 | (6 | (7 | (8 | (((11 | (12 | (13 | (14 | (15 | !16))))) | !10) | !9))))) | !4) | !3) | !2)))) & (19 & 20)] 0
[(!((1 | ((((5 | ((7 | ((((11 | (12 | (13 | (14 | (15 | 16))))) | !10) | !9) | !8)) | !6)) | !4) | !3) | !2)) | !0)) & (t)] 1
[(!((1 | ((((5 | ((7 | ((((11 | (12 | (13 | (14 | (15 | !16))))) | !10) | !9) | !8)) | !6)) | !4) | !3) | !2)) | !0)) & (t)] 0
[(!((1 | ((((((7 | (((10 | (11 | (12 | (13 | (14 | (15 | 16)))))) | !9) | !8)) | !6) | !5) | !4) | !3) | !2)) | !0)) & (t)] 0
[(!((1 | ((((((7 | (((10 | (11 | (12 | (13 | (14 | (15 | !16)))))) | !9) | !8)) | !6) | !5) | !4) | !3) | !2)) | !0)) & (t)] 1
[(!((1 | ((((((7 | ((((11 | (12 | (13 | (14 | (15 | 16))))) | !10) | !9) | !8)) | !6) | !5) | !4) | !3) | !2)) | !0)) & (t)] 0
[(!((1 | ((((((7 | ((((11 | (12 | (13 | (14 | (15 | !16))))) | !10) | !9) | !8)) | !6) | !5) | !4) | !3) | !2)) | !0)) & (t)] 0
[(!(0 | ((((((6 | ((8 | (9 | ((((13 | (14 | (15 | 16))) | !12) | !11) | !10))) | !7)) | !5) | !4) | !3) | !2) | !1))) & (t)] 2
[(!(0 | ((((((6 | ((8 | (9 | ((((13 | (14 | (15 | !16))) | !12) | !11) | !10))) | !7)) | !5) | !4) | !3) | !2) | !1))) & (t)] 0
[(!(0 | ((((((6 | ((8 | (((((13 | (14 | (15 | 16))) | !12) | !11) | !10) | !9)) | !7)) | !5) | !4) | !3) | !2) | !1))) & (t)] 0
[(!(0 | ((((((6 | ((8 | (((((13 | (14 | (15 | !16))) | !12) | !11) | !10) | !9)) | !7)) | !5) | !4) | !3) | !2) | !1))) & (t)] 2
[(!(0 | (1 | (((((6 | ((8 | ((10 | (11 | (12 | (13 | (14 | (15 | 16)))))) | !9)) | !7)) | !5) | !4) | !3) | !2)))) & (t)] 2
[(!(0 | (1 | (((((6 | ((8 | ((10 | (11 | (12 | (13 | (14 | (15 | !16)))))) | !9)) | !7)) | !5) | !4) | !3) | !2)))) & (t)] 0
[(!(0 | (1 | (2 | (((5 | (6 | (7 | (8 | ((10 | ((((14 | ((17 | !16) | !15)) | !13) | !12) | !11)) | !9))))) | !4) | !3))))) & (19 & 20)] 2
[(!(0 | (1 | (2 | (((5 | (6 | (7 | (8 | ((10 | ((((14 | !(15 & (16 & 17))) | !13) | !12) | !11)) | !9))))) | !4) | !3))))) & (19 & 20)] 1
[(!(0 | (1 | (2 | (((5 | (6 | ((8 | ((10 | ((((14 | ((17 | !16) | !15)) | !13) | !12) | !11)) | !9)) | !7))) | !4) | !3))))) & (19 & 20)] 1
[(!(0 | (1 | (2 | (((5 | (6 | ((8 | ((10 | ((((14 | !(15 & (16 & 17))) | !13) | !12) | !11)) | !9)) | !7))) | !4) | !3))))) & (19 & 20)] 1
[(!(0 | (1 | (((4 | ((6 | ((8 | (9 | (10 | (11 | (12 | (13 | (14 | (15 | 16)))))))) | !7)) | !5)) | !3) | !2)))) & (t)] 2
[(!(0 | (1 | (((4 | ((6 | ((8 | (9 | (10 | (11 | (12 | (13 | (14 | (15 | !16)))))))) | !7)) | !5)) | !3) | !2)))) & (t)] 1
[(!(0 | (1 | (2 | ((4 | ((6 | ((8 | (9 | (10 | (11 | (12 | ((14 | (15 | 16)) | !13)))))) | !7)) | !5)) | !3))))) & (t)] 1
[(!(0 | (1 | (2 | ((4 | ((6 | ((8 | (9 | (10 | (11 | (12 | ((14 | (15 | (17 | !16))) | !13)))))) | !7)) | !5)) | !3))))) & (t)] 0
[(!(0 | (1 | (2 | ((4 | ((6 | ((8 | (9 | (10 | (11 | (12 | ((14 | (15 | !(16 & 17))) | !13)))))) | !7)) | !5)) | !3))))) & (t)] 1
[(!(0 | (1 | ((3 | ((5 | (6 | (7 | (8 | (((11 | (12 | (13 | (14 | (15 | 16))))) | !10) | !9))))) | !4)) | !2)))) & (!(20 | !19))] 0
[(!(0 | (1 | ((3 | ((5 | (6 | (7 | (8 | (((11 | (12 | (13 | (14 | (15 | !16))))) | !10) | !9))))) | !4)) | !2)))) & (19 & 20)] 0
[(!(0 | (1 | (((((6 | ((8 | (9 | ((11 | (12 | (13 | (14 | (15 | 16))))) | !10))) | !7)) | !5) | !4) | !3) | !2)))) & (!(19 | !20))] 1
[(!(0 | (1 | (((((6 | ((8 | (9 | ((11 | (12 | (13 | (14 | (15 | !16))))) | !10))) | !7)) | !5) | !4) | !3) | !2)))) & (19 & 20)] 2
[(!(0 | (((3 | (((6 | ((8 | (((((13 | (14 | (15 | 16))) | !12) | !11) | !10) | !9)) | !7)) | !5) | !4)) | !2) | !1))) & (t)] 1
[(!(0 | (((3 | (((6 | ((8 | (((((13 | (14 | (15 | !16))) | !12) | !11) | !10) | !9)) | !7)) | !5) | !4)) | !2) | !1))) & (t)] 1
[(!(0 | (1 | (((((6 | ((8 | (((11 | (12 | (13 | (14 | (15 | 16))))) | !10) | !9)) | !7)) | !5) | !4) | !3) | !2)))) & (19 & 20)] 0
[(!(0 | (1 | (((((6 | ((8 | (((11 | (12 | (13 | (14 | (15 | !16))))) | !10) | !9)) | !7)) | !5) | !4) | !3) | !2)))) & (19 & 20)] 0
[(!(0 | (1 | (2 | ((((6 | ((8 | (((11 | (12 | ((14 | (15 | 16)) | !13))) | !10) | !9)) | !7)) | !5) | !4) | !3))))) & (t)] 2
[(!(0 | (1 | (2 | ((((6 | ((8 | (((11 | (12 | ((14 | (15 | (17 | !16))) | !13))) | !10) | !9)) | !7)) | !5) | !4) | !3))))) & (t)] 0
[(!(0 | (1 | (2 | ((((6 | ((8 | (((11 | (12 | ((14 | (15 | !(16 & 17))) | !13))) | !10) | !9)) | !7)) | !5) | !4) | !3))))) & (t)] 1
[(!(0 | (1 | (2 | (((5 | (6 | (7 | (8 | ((10 | (11 | (12 | ((14 | (15 | (17 | !16))) | !13)))) | !9))))) | !4) | !3))))) & (19 & 20)] 2
[(!(0 | (1 | (2 | (((5 | (6 | (7 | (8 | ((10 | (11 | (12 | ((14 | (15 | !(16 & 17))) | !13)))) | !9))))) | !4) | !3))))) & (19 & 20)] 1
[(!(0 | (1 | (2 | (((5 | (((((10 | (11 | (12 | (((15 | (17 | !16)) | !14) | !13)))) | !9) | !8) | !7) | !6)) | !4) | !3))))) & (t)] 1
[(!(0 | (1 | (2 | (((5 | (((((10 | (11 | (12 | (((15 | !(16 & 17)) | !14) | !13)))) | !9) | !8) | !7) | !6)) | !4) | !3))))) & (t)] 1
[(!(0 | (1 | (2 | ((((((((10 | (11 | (12 | (((15 | 16) | !14) | !13)))) | !9) | !8) | !7) | !6) | !5) | !4) | !3))))) & (t)] 0
[(!(0 | (1 | (2 | ((((((((10 | (11 | (12 | (((15 | (17 | !16)) | !14) | !13)))) | !9) | !8) | !7) | !6) | !5) | !4) | !3))))) & (t)] 2
[(!(0 | (1 | (2 | ((((((((10 | (11 | (12 | (((15 | !(16 & 17)) | !14) | !13)))) | !9) | !8) | !7) | !6) | !5) | !4) | !3))))) & (t)] 2
[(!(0 | (1 | (2 | ((4 | ((((((10 | (11 | (12 | (((15 | 16) | !14) | !13)))) | !9) | !8) | !7) | !6) | !5)) | !3))))) & (t)] 1
[(!(0 | (1 | (2 | ((4 | ((((((10 | (11 | (12 | (((15 | (17 | !16)) | !14) | !13)))) | !9) | !8) | !7) | !6) | !5)) | !3))))) & (t)] 0
[(0 & (1 | ((((5 & ((((11 | (12 | (13 | (14 | 15)))) | !9) | !8) | !6) | !5 & (((((11 | (12 | (13 | (14 | 15)))) | !10) | !9) | !8) | !6)) | !4) | !3) | !2)) | !0 & (1 & ((3 & ((6 | ((8 | ((((13 | (14 | 15)) | !12) | !11) | !10)) | !7)) | !5) | !3 & ((6 | ((8 | (((((13 | (14 | 15)) | !12) | !11) | !10) | !9)) | !7)) | !5)) | !2) | !1 & (2 & (3 & (4 & (5 & (6 | (7 & (8 | (11 | (12 | (13 | (14 | 15))))) | !7 & (8 | ((11 | (12 | (13 | (14 | 15)))) | !9)))) | !5 & (6 | (8 | (((11 | (12 | (13 | (14 | 15)))) | !10) | !9)))) | !4 & ((6 | ((8 | (11 | (12 | (13 | (14 | 15))))) | !7)) | !5)) | !3 & (4 & (6 | (8 | (((11 | (12 | (13 | (14 | 15)))) | !10) | !9))) | !4 & ((6 | ((8 | (((11 | (12 | (13 | (14 | 15)))) | !10) | !9)) | !7)) | !5))) | !2 & (3 & (4 & (5 & (6 & (((11 | (12 | ((15 | !14) | !13))) | !8) | !7) | !6 & (7 & (8 | (9 & (10 & (11 & (((14 | !15) | !13) | !12) | !11 & (12 | ((14 | 15) | !13))) | !10 & ((((14 | !15) | !13) | !12) | !11)) | !9 & ((((14 | !15) | !13) | !12) | !11))) | !7 & (8 | ((11 & (((14 | !15) | !13) | !12) | !11 & (12 | ((14 | 15) | !13))) | !9)))) | !5 & (6 & ((((10 & (11 | (12 | ((15 | !14) | !13))) | !10 & (11 | (12 | (((15 | !16) | !14) | !13)))) | !9) | !8) | !7) | !6 & (7 & (8 | ((10 & ((((14 | !15) | !13) | !12) | !11) | !10 & ((((14 | !(15 & 16)) | !13) | !12) | !11)) | !9)) | !7 & (8 | ((10 & (11 & (((14 | !15) | !13) | !12) | !11 & (12 | ((14 | 15) | !13))) | !10 & (11 & (((14 | !(15 & 16)) | !13) | !12) | !11 & (12 | ((14 | (15 | !16)) | !13)))) | !9))))) | !4 & ((6 & (((11 | (12 | ((15 | !14) | !13))) | !8) | !7) | !6 & ((8 | (11 | (12 | ((14 | 15) | !13)))) | !7)) | !5)) | !3 & (4 & (5 & (6 & (((9 & ((11 | (12 | ((15 | !14) | !13))) | !10) | !9 & ((11 | (12 | (((15 | !16) | !14) | !13))) | !10)) | !8) | !7) | !6 & (7 & (8 | (9 & (((((14 | !15) | !13) | !12) | !11) | !10) | !9 & (((((14 | !(15 & 16)) | !13) | !12) | !11) | !10))) | !7 & (8 | (((11 & (((14 | !15) | !13) | !12) | !11 & (12 | ((14 | 15) | !13))) | !10) | !9)))) | !5 & (6 & (((((11 | (12 | ((15 | !14) | !13))) | !10) | !9) | !8) | !7) | !6 & (7 & (8 | ((((((14 | !15) | !13) | !12) | !11) | !10) | !9)) | !7 & (8 | (((11 & (((14 | !15) | !13) | !12) | !11 & (12 | ((14 | 15) | !13))) | !10) | !9))))) | !4 & ((6 & (((9 & ((11 | (12 | ((15 | !14) | !13))) | !10) | !9 & ((11 | (12 | (((15 | !16) | !14) | !13))) | !10)) | !8) | !7) | !6 & ((8 | (9 & ((11 | (12 | ((14 | 15) | !13))) | !10) | !9 & ((11 | (12 | ((14 | (15 | !16)) | !13))) | !10))) | !7)) | !5)))))) & (t)] 1
[(!(0 | (1 | (2 | ((4 | ((((((10 | (11 | (12 | (((15 | !(16 & 17)) | !14) | !13)))) | !9) | !8) | !7) | !6) | !5)) | !3))))) & (t)] 0
[(!(0 | ((((4 | ((6 | ((8 | (9 | ((((13 | (14 | (15 | 16))) | !12) | !11) | !10))) | !7)) | !5)) | !3) | !2) | !1))) & (!(19 | !20))] 2
[(!(0 | ((((4 | ((6 | ((8 | (9 | ((((13 | (14 | (15 | !16))) | !12) | !11) | !10))) | !7)) | !5)) | !3) | !2) | !1))) & (19 & 20)] 2
[(!(0 | ((((4 | ((6 | ((8 | (((((13 | (14 | (15 | 16))) | !12) | !11) | !10) | !9)) | !7)) | !5)) | !3) | !2) | !1))) & (19 & 20)] 1
[(!(0 | ((((4 | ((6 | ((8 | (((((13 | (14 | (15 | !16))) | !12) | !11) | !10) | !9)) | !7)) | !5)) | !3) | !2) | !1))) & (19 & 20)] 1
[(!(0 | (1 | ((3 | ((5 | (6 | ((8 | (((11 | (12 | (13 | (14 | (15 | 16))))) | !10) | !9)) | !7))) | !4)) | !2)))) & (!(20 | !19))] 0
[(!(0 | (1 | ((3 | ((5 | (6 | ((8 | (((11 | (12 | (13 | (14 | (15 | !16))))) | !10) | !9)) | !7))) | !4)) | !2)))) & (19 & 20)] 0
[(!((1 | ((((5 | ((((((11 | (12 | (13 | (14 | (15 | 16))))) | !10) | !9) | !8) | !7) | !6)) | !4) | !3) | !2)) | !0)) & (t)] 2
[(!((1 | ((((5 | ((((((11 | (12 | (13 | (14 | (15 | !16))))) | !10) | !9) | !8) | !7) | !6)) | !4) | !3) | !2)) | !0)) & (t)] 1
[(!((1 | ((((((((((11 | (12 | (13 | (14 | (15 | 16))))) | !10) | !9) | !8) | !7) | !6) | !5) | !4) | !3) | !2)) | !0)) & (t)] 0
[(!((1 | ((((((((((11 | (12 | (13 | (14 | (15 | !16))))) | !10) | !9) | !8) | !7) | !6) | !5) | !4) | !3) | !2)) | !0)) & (t)] 1
[(!(0 | (1 | ((((5 | (6 | ((8 | (((11 | (12 | (13 | (14 | (15 | 16))))) | !10) | !9)) | !7))) | !4) | !3) | !2)))) & (!(20 | !19))] 1
[(!(0 | (1 | ((((5 | (6 | ((8 | (((11 | (12 | (13 | (14 | (15 | !16))))) | !10) | !9)) | !7))) | !4) | !3) | !2)))) & (19 & 20)] 2
[(!((1 | (((((((((10 | (11 | (12 | (13 | (14 | (15 | 16)))))) | !9) | !8) | !7) | !6) | !5) | !4) | !3) | !2)) | !0)) & (t)] 0
[(!((1 | (((((((((10 | (11 | (12 | (13 | (14 | (15 | !16)))))) | !9) | !8) | !7) | !6) | !5) | !4) | !3) | !2)) | !0)) & (t)] 1
[(!(0 | (1 | (2 | (((5 | (6 | (7 | (8 | ((((((14 | (16 | !15)) | !13) | !12) | !11) | !10) | !9))))) | !4) | !3))))) & (t)] 2
[(!(0 | (1 | (2 | (((5 | (6 | (7 | (8 | ((((((14 | ((17 | !16) | !15)) | !13) | !12) | !11) | !10) | !9))))) | !4) | !3))))) & (t)] 0
[(!(0 | (1 | (2 | (((5 | (6 | (7 | (8 | ((((((14 | !(15 & (16 & 17))) | !13) | !12) | !11) | !10) | !9))))) | !4) | !3))))) & (t)] 0
[(!(0 | (1 | (2 | (((5 | (6 | ((8 | ((((((14 | (16 | !15)) | !13) | !12) | !11) | !10) | !9)) | !7))) | !4) | !3))))) & (t)] 0
[(!(0 | (1 | (2 | (((5 | (6 | ((8 | ((((((14 | ((17 | !16) | !15)) | !13) | !12) | !11) | !10) | !9)) | !7))) | !4) | !3))))) & (t)] 2
[(!(0 | (1 | (2 | (((5 | (6 | ((8 | ((((((14 | !(15 & (16 & 17))) | !13) | !12) | !11) | !10) | !9)) | !7))) | !4) | !3))))) & (t)] 2
[(!(0 | (1 | (2 | ((4 | (((((9 | ((11 | (12 | (((15 | 16) | !14) | !13))) | !10)) | !8) | !7) | !6) | !5)) | !3))))) & (t)] 2
[(!(0 | (1 | (2 | ((4 | (((((9 | ((11 | (12 | (((15 | (17 | !16)) | !14) | !13))) | !10)) | !8) | !7) | !6) | !5)) | !3))))) & (t)] 2
[(!(0 | (1 | (2 | ((4 | (((((9 | ((11 | (12 | (((15 | !(16 & 17)) | !14) | !13))) | !10)) | !8) | !7) | !6) | !5)) | !3))))) & (t)] 1
[(!(0 | (1 | (2 | (((((((9 | ((11 | (12 | (((15 | 16) | !14) | !13))) | !10)) | !8) | !7) | !6) | !5) | !4) | !3))))) & (t)] 1
[(!(0 | (1 | (2 | (((((((9 | ((11 | (12 | (((15 | (17 | !16)) | !14) | !13))) | !10)) | !8) | !7) | !6) | !5) | !4) | !3))))) & (t)] 1
[(!(0 | (1 | (2 | (((((((9 | ((11 | (12 | (((15 | !(16 & 17)) | !14) | !13))) | !10)) | !8) | !7) | !6) | !5) | !4) | !3))))) & (t)] 0
[(!(0 | (1 | (((4 | ((6 | ((8 | ((10 | (11 | (12 | (13 | (14 | (15 | 16)))))) | !9)) | !7)) | !5)) | !3) | !2)))) & (!(19 | 20))] 2
[(!(0 | (1 | (((4 | ((6 | ((8 | ((10 | (11 | (12 | (13 | (14 | (15 | !16)))))) | !9)) | !7)) | !5)) | !3) | !2)))) & (!(19 | 20))] 2
[(!(0 | (1 | (2 | ((4 | ((6 | ((8 | ((10 | (11 | (12 | ((14 | (15 | 16)) | !13)))) | !9)) | !7)) | !5)) | !3))))) & (t)] 2
[(!(0 | (1 | (2 | ((4 | ((6 | ((8 | ((10 | (11 | (12 | ((14 | (15 | (17 | !16))) | !13)))) | !9)) | !7)) | !5)) | !3))))) & (t)] 2
[(!(0 | (1 | (2 | ((4 | ((6 | ((8 | ((10 | (11 | (12 | ((14 | (15 | !(16 & 17))) | !13)))) | !9)) | !7)) | !5)) | !3))))) & (t)] 0
[(!(0 | (1 | (((4 | ((6 | ((8 | (9 | ((11 | (12 | (13 | (14 | (15 | 16))))) | !10))) | !7)) | !5)) | !3) | !2)))) & (!(19 | !20))] 2
[(!(0 | (1 | (((4 | ((6 | ((8 | (9 | ((11 | (12 | (13 | (14 | (15 | !16))))) | !10))) | !7)) | !5)) | !3) | !2)))) & (19 & 20)] 2
[(!(0 | (((3 | (4 | ((6 | ((8 | (((((13 | (14 | (15 | 16))) | !12) | !11) | !10) | !9)) | !7)) | !5))) | !2) | !1))) & (19 & 20)] 1
[(!(0 | (((3 | (4 | ((6 | ((8 | (((((13 | (14 | (15 | !16))) | !12) | !11) | !10) | !9)) | !7)) | !5))) | !2) | !1))) & (19 & 20)] 0
[(!(0 | (1 | (2 | (((5 | (6 | (7 | (8 | (((11 | (12 | ((14 | (15 | 16)) | !13))) | !10) | !9))))) | !4) | !3))))) & (t)] 1
[(!(0 | (1 | (2 | (((5 | (6 | (7 | (8 | (((11 | (12 | ((14 | (15 | (17 | !16))) | !13))) | !10) | !9))))) | !4) | !3))))) & (t)] 0
[(!(0 | (1 | (2 | (((5 | (6 | (7 | (8 | (((11 | (12 | ((14 | (15 | !(16 & 17))) | !13))) | !10) | !9))))) | !4) | !3))))) & (t)] 0
[(!(0 | (1 | (2 | (((5 | ((((((11 | (12 | (((15 | 16) | !14) | !13))) | !10) | !9) | !8) | !7) | !6)) | !4) | !3))))) & (t)] 0
[(!(0 | (1 | (2 | (((5 | ((((((11 | (12 | (((15 | (17 | !16)) | !14) | !13))) | !10) | !9) | !8) | !7) | !6)) | !4) | !3))))) & (t)] 1
[(!(0 | (1 | (2 | (((5 | ((((((11 | (12 | (((15 | !(16 & 17)) | !14) | !13))) | !10) | !9) | !8) | !7) | !6)) | !4) | !3))))) & (t)] 2
[(!(0 | (1 | (2 | (((((((((11 | (12 | (((15 | 16) | !14) | !13))) | !10) | !9) | !8) | !7) | !6) | !5) | !4) | !3))))) & (t)] 1
[(!(0 | (1 | (2 | (((((((((11 | (12 | (((15 | (17 | !16)) | !14) | !13))) | !10) | !9) | !8) | !7) | !6) | !5) | !4) | !3))))) & (t)] 2
[(!(0 | (1 | (2 | (((((((((11 | (12 | (((15 | !(16 & 17)) | !14) | !13))) | !10) | !9) | !8) | !7) | !6) | !5) | !4) | !3))))) & (t)] 2
[(!(0 | (1 | (2 | ((4 | (((((((11 | (12 | (((15 | 16) | !14) | !13))) | !10) | !9) | !8) | !7) | !6) | !5)) | !3))))) & (t)] 1
[(!(0 | (1 | (2 | ((4 | (((((((11 | (12 | (((15 | (17 | !16)) | !14) | !13))) | !10) | !9) | !8) | !7) | !6) | !5)) | !3))))) & (t)] 1
[(!(0 | (1 | (2 | ((4 | (((((((11 | (12 | (((15 | !(16 & 17)) | !14) | !13))) | !10) | !9) | !8) | !7) | !6) | !5)) | !3))))) & (t)] 1
[(!(0 | (1 | (2 | ((((6 | ((8 | (9 | (((((14 | (16 | !15)) | !13) | !12) | !11) | !10))) | !7)) | !5) | !4) | !3))))) & (t)] 0
[(!(0 | (1 | (2 | ((((6 | ((8 | (9 | (((((14 | ((17 | !16) | !15)) | !13) | !12) | !11) | !10))) | !7)) | !5) | !4) | !3))))) & (t)] 2
[(!(0 | (1 | (2 | ((((6 | ((8 | (9 | (((((14 | !(15 & (16 & 17))) | !13) | !12) | !11) | !10))) | !7)) | !5) | !4) | !3))))) & (t)] 2
[(!(0 | (1 | (2 | ((((6 | ((8 | ((((((14 | (16 | !15)) | !13) | !12) | !11) | !10) | !9)) | !7)) | !5) | !4) | !3))))) & (t)] 0
[(!(0 | (1 | (2 | ((((6 | ((8 | ((((((14 | ((17 | !16) | !15)) | !13) | !12) | !11) | !10) | !9)) | !7)) | !5) | !4) | !3))))) & (t)] 2
[(!(0 | (1 | (2 | ((((6 | ((8 | ((((((14 | !(15 & (16 & 17))) | !13) | !12) | !11) | !10) | !9)) | !7)) | !5) | !4) | !3))))) & (t)] 0
[(!(0 | (1 | (2 | ((4 | ((6 | ((8 | (9 | ((11 | (12 | ((14 | (15 | 16)) | !13))) | !10))) | !7)) | !5)) | !3))))) & (t)] 0
[(!(0 | (1 | (2 | ((4 | ((6 | ((8 | (9 | ((11 | (12 | ((14 | (15 | (17 | !16))) | !13))) | !10))) | !7)) | !5)) | !3))))) & (t)] 2
[(!(0 | (1 | (2 | ((4 | ((6 | ((8 | (9 | ((11 | (12 | ((14 | (15 | !(16 & 17))) | !13))) | !10))) | !7)) | !5)) | !3))))) & (t)] 0
[(!(0 | (1 | (2 | ((((6 | (7 | (8 | ((((((14 | (16 | !15)) | !13) | !12) | !11) | !10) | !9)))) | !5) | !4) | !3))))) & (t)] 1
[(!(0 | (1 | (2 | ((((6 | (7 | (8 | ((((((14 | ((17 | !16) | !15)) | !13) | !12) | !11) | !10) | !9)))) | !5) | !4) | !3))))) & (t)] 1
[(!(0 | (1 | (2 | ((((6 | (7 | (8 | ((((((14 | !(15 & (16 & 17))) | !13) | !12) | !11) | !10) | !9)))) | !5) | !4) | !3))))) & (t)] 1
[(!(0 | (1 | ((3 | (4 | ((6 | ((8 | (((11 | (12 | (13 | (14 | (15 | 16))))) | !10) | !9)) | !7)) | !5))) | !2)))) & (t)] 1
[(!(0 | (1 | ((3 | (4 | ((6 | ((8 | (((11 | (12 | (13 | (14 | (15 | !16))))) | !10) | !9)) | !7)) | !5))) | !2)))) & (t)] 2
[(!(0 | (1 | (2 | (3 | (4 | ((6 | ((8 | (((11 | (12 | ((14 | (15 | 16)) | !13))) | !10) | !9)) | !7)) | !5))))))) & (t)] 2
[(!(0 | (1 | (2 | (3 | (4 | ((6 | ((8 | (((11 | (12 | ((14 | (15 | (17 | !16))) | !13))) | !10) | !9)) | !7)) | !5))))))) & (t)] 2
[(!(0 | (1 | (2 | (3 | (4 | ((6 | ((8 | (((11 | (12 | ((14 | (15 | !(16 & 17))) | !13))) | !10) | !9)) | !7)) | !5))))))) & (t)] 1
[(!(0 | (1 | (((4 | ((6 | ((8 | (((11 | (12 | (13 | (14 | (15 | 16))))) | !10) | !9)) | !7)) | !5)) | !3) | !2)))) & (t)] 2
[(!(0 | (1 | (((4 | ((6 | ((8 | (((11 | (12 | (13 | (14 | (15 | !16))))) | !10) | !9)) | !7)) | !5)) | !3) | !2)))) & (t)] 2
[(!(0 | (1 | (2 | ((4 | ((6 | ((8 | (((11 | (12 | ((14 | (15 | 16)) | !13))) | !10) | !9)) | !7)) | !5)) | !3))))) & (t)] 2
[(!(0 | (1 | (2 | ((4 | ((6 | ((8 | (((11 | (12 | ((14 | (15 | (17 | !16))) | !13))) | !10) | !9)) | !7)) | !5)) | !3))))) & (t)] 0
[(!(0 | (1 | (2 | ((4 | ((6 | ((8 | (((11 | (12 | ((14 | (15 | !(16 & 17))) | !13))) | !10) | !9)) | !7)) | !5)) | !3))))) & (t)] 1
[(!(0 | (1 | (((((6 | (7 | (8 | (((11 | (12 | (13 | (14 | (15 | 16))))) | !10) | !9)))) | !5) | !4) | !3) | !2)))) & (19 & 20)] 2
[(!(0 | (1 | (((((6 | (7 | (8 | (((11 | (12 | (13 | (14 | (15 | !16))))) | !10) | !9)))) | !5) | !4) | !3) | !2)))) & (19 & 20)] 2
[(!(0 | (1 | (2 | ((((6 | (7 | (8 | (((11 | (12 | ((14 | (15 | 16)) | !13))) | !10) | !9)))) | !5) | !4) | !3))))) & (t)] 0
[(!(0 | (1 | (2 | ((((6 | (7 | (8 | (((11 | (12 | ((14 | (15 | (17 | !16))) | !13))) | !10) | !9)))) | !5) | !4) | !3))))) & (t)] 0
[(!(0 | (1 | (2 | ((((6 | (7 | (8 | (((11 | (12 | ((14 | (15 | !(16 & 17))) | !13))) | !10) | !9)))) | !5) | !4) | !3))))) & (t)] 0
[(!(0 | (1 | (2 | (3 | ((5 | (6 | ((8 | ((((((14 | (16 | !15)) | !13) | !12) | !11) | !10) | !9)) | !7))) | !4)))))) & (t)] 1
[(!(0 | (1 | (2 | (3 | ((5 | (6 | ((8 | ((((((14 | ((17 | !16) | !15)) | !13) | !12) | !11) | !10) | !9)) | !7))) | !4)))))) & (19 & 20)] 0
[(!(0 | (1 | (2 | (3 | ((5 | (6 | ((8 | ((((((14 | !(15 & (16 & 17))) | !13) | !12) | !11) | !10) | !9)) | !7))) | !4)))))) & (19 & 20)] 0
[(!(0 | (1 | (2 | (3 | ((5 | (6 | (7 | (8 | ((((((14 | (16 | !15)) | !13) | !12) | !11) | !10) | !9))))) | !4)))))) & (t)] 1
[(!(0 | (1 | (2 | (3 | ((5 | (6 | (7 | (8 | ((((((14 | ((17 | !16) | !15)) | !13) | !12) | !11) | !10) | !9))))) | !4)))))) & (19 & 20)] 1
[(!(0 | (1 | (2 | (3 | ((5 | (6 | (7 | (8 | ((((((14 | !(15 & (16 & 17))) | !13) | !12) | !11) | !10) | !9))))) | !4)))))) & (19 & 20)] 2
[(!(0 | (1 | (2 | (3 | (4 | (((((((11 | (12 | (((15 | 16) | !14) | !13))) | !10) | !9) | !8) | !7) | !6) | !5))))))) & (t)] 0
[(!(0 | (1 | (2 | (3 | (4 | (((((((11 | (12 | (((15 | (17 | !16)) | !14) | !13))) | !10) | !9) | !8) | !7) | !6) | !5))))))) & (t)] 2
[(!(0 | (1 | (2 | (3 | (4 | (((((((11 | (12 | (((15 | !(16 & 17)) | !14) | !13))) | !10) | !9) | !8) | !7) | !6) | !5))))))) & (t)] 0
[(!(0 | (1 | (2 | (3 | ((5 | ((((((11 | (12 | (((15 | 16) | !14) | !13))) | !10) | !9) | !8) | !7) | !6)) | !4)))))) & (t)] 0
[(!(0 | (1 | (2 | (3 | ((5 | ((((((11 | (12 | (((15 | (17 | !16)) | !14) | !13))) | !10) | !9) | !8) | !7) | !6)) | !4)))))) & (19 & 20)] 2
[(!(0 | (1 | (2 | (3 | ((5 | ((((((11 | (12 | (((15 | !(16 & 17)) | !14) | !13))) | !10) | !9) | !8) | !7) | !6)) | !4)))))) & (19 & 20)] 1
[(!(0 | (1 | (2 | (3 | ((((((((11 | (12 | (((15 | 16) | !14) | !13))) | !10) | !9) | !8) | !7) | !6) | !5) | !4)))))) & (t)] 0
[(!(0 | (1 | (2 | (3 | ((((((((11 | (12 | (((15 | (17 | !16)) | !14) | !13))) | !10) | !9) | !8) | !7) | !6) | !5) | !4)))))) & (19 & 20)] 1
[(!(0 | (1 | (2 | (3 | ((((((((11 | (12 | (((15 | !(16 & 17)) | !14) | !13))) | !10) | !9) | !8) | !7) | !6) | !5) | !4)))))) & (19 & 20)] 1
[(!(0 | (1 | (2 | (3 | ((5 | (6 | (7 | (8 | (((11 | (12 | ((14 | (15 | 16)) | !13))) | !10) | !9))))) | !4)))))) & (t)] 1
[(!(0 | (1 | (2 | (3 | ((5 | (6 | (7 | (8 | (((11 | (12 | ((14 | (15 | (17 | !16))) | !13))) | !10) | !9))))) | !4)))))) & (19 & 20)] 1
[(!(0 | (1 | (2 | (3 | ((5 | (6 | (7 | (8 | (((11 | (12 | ((14 | (15 | !(16 & 17))) | !13))) | !10) | !9))))) | !4)))))) & (19 & 20)] 2
[(!(0 | (1 | ((3 | (((6 | ((8 | (((11 | (12 | (13 | (14 | (15 | 16))))) | !10) | !9)) | !7)) | !5) | !4)) | !2)))) & (19 & 20)] 0
[(!(0 | (1 | ((3 | (((6 | ((8 | (((11 | (12 | (13 | (14 | (15 | !16))))) | !10) | !9)) | !7)) | !5) | !4)) | !2)))) & (19 & 20)] 2
[(!(0 | (1 | (2 | (3 | (4 | (((((9 | ((11 | (12 | (((15 | (17 | !16)) | !14) | !13))) | !10)) | !8) | !7) | !6) | !5))))))) & (t)] 2
[(!(0 | (1 | (2 | (3 | (4 | (((((9 | ((11 | (12 | (((15 | !(16 & 17)) | !14) | !13))) | !10)) | !8) | !7) | !6) | !5))))))) & (t)] 0
[(!(0 | (1 | (2 | (3 | ((((((9 | ((11 | (12 | (((15 | (17 | !16)) | !14) | !13))) | !10)) | !8) | !7) | !6) | !5) | !4)))))) & (t)] 1
[(!(0 | (1 | (2 | (3 | ((((((9 | ((11 | (12 | (((15 | !(16 & 17)) | !14) | !13))) | !10)) | !8) | !7) | !6) | !5) | !4)))))) & (t)] 0
[(!(0 | (1 | (2 | (3 | (((6 | ((8 | (9 | (((((14 | ((17 | !16) | !15)) | !13) | !12) | !11) | !10))) | !7)) | !5) | !4)))))) & (19 & 20)] 0
[(!(0 | (1 | (2 | (3 | (((6 | ((8 | (9 | (((((14 | !(15 & (16 & 17))) | !13) | !12) | !11) | !10))) | !7)) | !5) | !4)))))) & (19 & 20)] 0
[(!(0 | (1 | (2 | (3 | (((6 | ((8 | ((((((14 | (16 | !15)) | !13) | !12) | !11) | !10) | !9)) | !7)) | !5) | !4)))))) & (t)] 0
[(!(0 | (1 | (2 | (3 | (((6 | ((8 | ((((((14 | ((17 | !16) | !15)) | !13) | !12) | !11) | !10) | !9)) | !7)) | !5) | !4)))))) & (19 & 20)] 1
[(!(0 | (1 | (2 | (3 | (((6 | ((8 | ((((((14 | !(15 & (16 & 17))) | !13) | !12) | !11) | !10) | !9)) | !7)) | !5) | !4)))))) & (19 & 20)] 0
[(!(0 | (1 | (2 | (3 | (4 | ((6 | ((8 | (9 | ((11 | (12 | ((14 | (15 | (17 | !16))) | !13))) | !10))) | !7)) | !5))))))) & (t)] 2
[(!(0 | (1 | (2 | (3 | (4 | ((6 | ((8 | (9 | ((11 | (12 | ((14 | (15 | !(16 & 17))) | !13))) | !10))) | !7)) | !5))))))) & (t)] 2
[(!(0 | (1 | (2 | (3 | (((6 | (7 | (8 | ((((((14 | (16 | !15)) | !13) | !12) | !11) | !10) | !9)))) | !5) | !4)))))) & (t)] 2
[(!(0 | (1 | (2 | (3 | (((6 | (7 | (8 | ((((((14 | ((17 | !16) | !15)) | !13) | !12) | !11) | !10) | !9)))) | !5) | !4)))))) & (19 & 20)] 2
[(!(0 | (1 | (2 | (3 | (((6 | (7 | (8 | ((((((14 | !(15 & (16 & 17))) | !13) | !12) | !11) | !10) | !9)))) | !5) | !4)))))) & (19 & 20)] 0
[(!(0 | (1 | ((3 | (((6 | (7 | (8 | (((11 | (12 | (13 | (14 | (15 | 16))))) | !10) | !9)))) | !5) | !4)) | !2)))) & (19 & 20)] 0
[(!(0 | (1 | ((3 | (((6 | (7 | (8 | (((11 | (12 | (13 | (14 | (15 | !16))))) | !10) | !9)))) | !5) | !4)) | !2)))) & (19 & 20)] 1
[(!(0 | (1 | (2 | (3 | (((6 | (7 | (8 | (((11 | (12 | ((14 | (15 | 16)) | !13))) | !10) | !9)))) | !5) | !4)))))) & (t)] 2
[(!(0 | (1 | (2 | (3 | (((6 | (7 | (8 | (((11 | (12 | ((14 | (15 | (17 | !16))) | !13))) | !10) | !9)))) | !5) | !4)))))) & (19 & 20)] 2
[(!(0 | (1 | (2 | (3 | (((6 | (7 | (8 | (((11 | (12 | ((14 | (15 | !(16 & 17))) | !13))) | !10) | !9)))) | !5) | !4)))))) & (19 & 20)] 0
--END--
Synthesis took:  5688.838005065918 ms
