Processing program.
spec contains 4 APs (['(cnt == 0)', 'success', 'q1', 'finished'])
simplified !(finished | (grant & !finished & success & ((cnt - 1) >= 0))) (len 62) to ((grant & !(finished | (((!success & !(0 <= cnt)) | ((((1 <= cnt) & (0 <= cnt)) | !(0 <= cnt)) & success)) & !finished))) | (!grant & !(finished | (!finished & !(0 <= cnt))))) (len 175)
((grant & !(finished | (((!success & !(0 <= cnt)) | ((((1 <= cnt) & (0 <= cnt)) | !(0 <= cnt)) & success)) & !finished))) | (!grant & !(finished | (!finished & !(0 <= cnt)))))
Starting abstract synthesis loop.
adding (0 <= cnt), roomA, (cnt <= 0) to predicate abstraction
constructing LTL abstraction
ltl abstraction took: 0.0006549358367919922
running LTL synthesis
Realizable.
REALIZABLE
HOA: v1
tool: "strix" "21.0.0"
States: 1
Start: 0
AP: 9 "q1" "pred__cnt_LTEQ_0_" "pred__0_LTEQ_cnt_" "q0" "pred_roomA" "success" "request" "finished" "grant"
controllable-AP: 7 8
acc-name: all
Acceptance: 0 t
--BODY--
State: 0 "[0]"
[(!(0 | ((((6 | !4) | !3) | !2) | !1))) & (t)] 0
[(!(0 | !(1 & (2 & (3 & (4 & 6)))))) & (t)] 0
[(!((((3 | !4) | !2) | !1) | !0)) & (!7)] 0
[(!(0 | (1 | (((6 | !4) | !3) | !2)))) & (t)] 0
[(!(0 | (1 | !(2 & (3 & (4 & 6)))))) & (t)] 0
[(!((1 | ((3 | (5 | !4)) | !2)) | !0)) & (!7)] 0
[(!((1 | ((3 | !(4 & 5)) | !2)) | !0)) & (!(7 | 8))] 0
[(0 & ((3 | !4) | !2) | !0 & !(2 & (3 & 4))) & (t)] 0
--END--
Synthesis took:  492.8779602050781 ms
