Processing program.
spec contains 2 APs (['move', 'goal'])
simplified !(!estay | (estay & !einc & (x >= 0) & (x <= 5) & (!einc | (x < 0) | (x > 5)) & ((x - 1) >= 0) & ((x - 1) <= 5)) | (estay & einc & (x >= 0) & (x <= 5) & (einc | (x < 0) | (x > 5)) & ((x + 1) >= 0) & ((x + 1) <= 5))) (len 215) to (!(((!(0 <= x) | (((((x - 1) <= 5) & (1 <= x) & (x <= 5)) | !(x <= 5)) & (0 <= x))) & !einc) | ((((0 <= x) & ((((x + 1) <= 5) & (0 <= (x + 1)) & (x <= 5)) | !(x <= 5))) | !(0 <= x)) & einc)) & estay) (len 199)
(!(((!(0 <= x) | (((((x - 1) <= 5) & (1 <= x) & (x <= 5)) | !(x <= 5)) & (0 <= x))) & !einc) | ((((0 <= x) & ((((x + 1) <= 5) & (0 <= (x + 1)) & (x <= 5)) | !(x <= 5))) | !(0 <= x)) & einc)) & estay)
simplified !(((x != 0) & cstay & cinc & (x >= 0) & (x <= 5) & (cinc | (x < 0) | (x > 5)) & ((x + 1) >= 0) & ((x + 1) <= 5)) | ((x != 0) & cstay & !cinc & (x >= 0) & (x <= 5) & (!cinc | (x < 0) | (x > 5))) | ((x != 0) && !cstay) | (x = 0)) (len 227) to (cstay & !(!cinc | (cinc & (!(0 <= x) | ((((((x = 0) & !(0 <= (x + 1))) | ((((x = 0) & !((x + 1) <= 5)) | ((x + 1) <= 5)) & (0 <= (x + 1)))) & (x <= 5)) | !(x <= 5)) & (0 <= x)))))) (len 181)
(cstay & !(!cinc | (cinc & (!(0 <= x) | ((((((x = 0) & !(0 <= (x + 1))) | ((((x = 0) & !((x + 1) <= 5)) | ((x + 1) <= 5)) & (0 <= (x + 1)))) & (x <= 5)) | !(x <= 5)) & (0 <= x))))))
simplified !FALSE (len 6) to True (len 4)
True
Starting abstract synthesis loop.
adding (x_prev > x), (x <= 0), (x_prev < x), ((x + 1) <= 5) to predicate abstraction
constructing LTL abstraction
ltl abstraction took: 0.0010166168212890625
running LTL synthesis
Realizable.
REALIZABLE
HOA: v1
tool: "strix" "21.0.0"
States: 1
Start: 0
AP: 11 "move" "pred__xprev_LT_x_" "pred___x_PLUS_1__LTEQ_5_" "goal" "pred__xprev_GT_x_" "setvars" "pred__x_LTEQ_0_" "estay" "einc" "cstay" "cinc"
controllable-AP: 9 10
acc-name: all
Acceptance: 0 t
--BODY--
State: 0 "[0]"
[(!(0 | (1 | ((3 | (4 | ((7 | !6) | !5))) | !2)))) & (t)] 0
[(!(0 | (1 | ((3 | (4 | (((8 | !7) | !6) | !5))) | !2)))) & (t)] 0
[(!(0 | (1 | ((3 | (4 | !(5 & (6 & (7 & 8))))) | !2)))) & (t)] 0
[(!(0 | (((3 | (4 | ((6 | 7) | !5))) | !2) | !1))) & (t)] 0
[(!(0 | (((3 | (4 | ((6 | (8 | !7)) | !5))) | !2) | !1))) & (t)] 0
[(!(0 | (((3 | (4 | ((6 | !(7 & 8)) | !5))) | !2) | !1))) & (t)] 0
[(!((1 | ((3 | (4 | (5 | 6))) | !2)) | !0)) & (!(10 | !9))] 0
[(!(0 | (1 | ((3 | (((6 | 7) | !5) | !4)) | !2)))) & (t)] 0
[(!(0 | (1 | ((3 | (((6 | (8 | !7)) | !5) | !4)) | !2)))) & (t)] 0
[(!(0 | (1 | ((3 | (((6 | !(7 & 8)) | !5) | !4)) | !2)))) & (t)] 0
[(!(0 | (1 | ((3 | (((7 | !6) | !5) | !4)) | !2)))) & (t)] 0
[(!(0 | (1 | ((3 | ((((8 | !7) | !6) | !5) | !4)) | !2)))) & (t)] 0
[(!(0 | (1 | ((3 | !(4 & (5 & (6 & (7 & 8))))) | !2)))) & (t)] 0
[(!(0 | ((2 | (3 | (4 | ((6 | 7) | !5)))) | !1))) & (t)] 0
[(!(0 | ((2 | (3 | (4 | ((6 | (8 | !7)) | !5)))) | !1))) & (t)] 0
[(!(0 | ((2 | (3 | (4 | ((6 | !(7 & 8)) | !5)))) | !1))) & (t)] 0
[(!((1 | ((3 | ((5 | 6) | !4)) | !2)) | !0)) & (!(10 | !9))] 0
[(!((1 | (2 | (3 | (4 | (5 | 6))))) | !0)) & (!(10 | !9))] 0
[(!(0 | (1 | (2 | (3 | (4 | ((6 | 7) | !5))))))) & (t)] 0
[(!(0 | (1 | (2 | (3 | (4 | ((6 | (8 | !7)) | !5))))))) & (t)] 0
[(!(0 | (1 | (2 | (3 | (4 | ((6 | !(7 & 8)) | !5))))))) & (t)] 0
[(0 & (1 | (2 & (3 | (5 | 6)) | !2 & (3 | (4 | (5 | 6))))) | !0 & (1 & (3 | (4 | (6 | !5))) | !1 & (2 & (3 | !(4 & 5 | !4 & (5 & 6))) | !2 & (3 | (4 | (6 | !5)))))) & (t)] 0
--END--
Synthesis took:  1235.1341247558594 ms
