Processing program.
spec contains 2 APs (['move', 'goal'])
simplified !FALSE (len 6) to True (len 4)
True
Starting abstract synthesis loop.
adding  to predicate abstraction
constructing LTL abstraction
ltl abstraction took: 0.0019214153289794922
running LTL synthesis
massaging abstract counterstrategy
checking for compatibility of counterstrategy with program
trying fairness refinement
trying safety refinement
adding (y <= 0), (x <= 0) to predicate abstraction
constructing LTL abstraction
ltl abstraction took: 0.0016262531280517578
running LTL synthesis
massaging abstract counterstrategy
checking for compatibility of counterstrategy with program
trying fairness refinement
Structural Refinement: 
entry_cond:TRUE
exit_cond:(y <= 0)
loop:(y := (y - 1))
adding (y = y_prev), (y = (y_prev - 1)) to predicate abstraction
constructing LTL abstraction
ltl abstraction took: 0.0018994808197021484
running LTL synthesis
massaging abstract counterstrategy
checking for compatibility of counterstrategy with program
trying fairness refinement
Structural Refinement: 
entry_cond:TRUE
exit_cond:(x <= 0)
loop:(x := (x - 1))
adding (x = x_prev), (x = (x_prev - 1)) to predicate abstraction
constructing LTL abstraction
ltl abstraction took: 0.0017421245574951172
running LTL synthesis
Realizable.
REALIZABLE
HOA: v1
tool: "strix" "21.0.0"
States: 1
Start: 0
AP: 17 "pred__y_EQ__yprev_MINUS_1__" "pred__y_EQ_yprev_" "pred__y_LTEQ_0_" "pred__x_EQ_xprev_" "goal" "move" "in_loop1_0" "in_loop0_0" "pred__x_EQ__xprev_MINUS_1__" "pred__x_LTEQ_0_" "setvars" "estay" "exory" "einc" "cstay" "xory" "cinc"
controllable-AP: 14 15 16
acc-name: all
Acceptance: 0 t
--BODY--
State: 0 "[0]"
[(!(0 | ((2 | ((4 | (5 | (6 | (7 | (8 | (9 | (11 | !10))))))) | !3)) | !1))) & (t)] 0
[(!(0 | ((2 | ((4 | (5 | (6 | (7 | (8 | (9 | (((12 | 13) | !11) | !10))))))) | !3)) | !1))) & (t)] 0
[(!(0 | ((2 | ((4 | (5 | (6 | (7 | (8 | (9 | (((12 | !13) | !11) | !10))))))) | !3)) | !1))) & (t)] 0
[(!(0 | ((2 | ((4 | (5 | (6 | (7 | (8 | (9 | (((13 | !12) | !11) | !10))))))) | !3)) | !1))) & (t)] 0
[(!(0 | ((2 | ((4 | (5 | (6 | (7 | (8 | (9 | !(10 & (11 & (12 & 13))))))))) | !3)) | !1))) & (t)] 0
[(0 & (1 | (2 & ((4 | (5 & ((8 | (9 | 10)) | !7) | !5 & (6 & ((8 | (9 | !10)) | !7) | !6 & ((8 | !10) | !7)))) | !3) | !2 & ((4 | (5 & (6 & ((8 | (9 | 10)) | !7) | !6 & ((8 | 10) | !7)) | !5 & (6 & ((8 | (9 | !10)) | !7) | !6 & ((8 | !10) | !7)))) | !3))) | !0 & (1 & (2 & (3 & (4 | (5 & (7 | (8 | (9 | 10))) | !5 & (6 & (7 | (8 | (9 | !10))) | !6 & (7 | (8 | !10))))) | !3 & (4 | (5 & ((7 | ((9 | 10) | !8)) | !6) | !5 & (6 & (7 | !(8 & 10)) | !6 & (7 | (8 | (9 | !10))))))) | !2 & (3 & (4 | (5 & (6 & (8 | (9 | 10)) | !6 & (8 | 10)) | !5 & (6 & (8 | (9 | !10)) | !6 & (8 | !10)))) | !3 & (4 | (5 & (((10 | !8) | !7) | !6) | !5 & !(6 & (8 & 10) | !6 & !(8 | (9 | !10))))))) | !1 & (2 & (3 | (4 | (5 | (6 | (7 | (8 | !(9 & 10))))))) | !2 & ((4 | (5 | (6 & (7 | (8 | (9 | !10))) | !6 & (7 | (8 | !10))))) | !3)))) & (t)] 0
[(!(0 | ((2 | ((4 | (5 | (6 | ((8 | (9 | (((12 | 13) | !11) | !10))) | !7)))) | !3)) | !1))) & (t)] 0
[(!(0 | ((2 | ((4 | (5 | ((7 | (8 | (9 | (((13 | !12) | !11) | !10)))) | !6))) | !3)) | !1))) & (t)] 0
[(!(0 | (1 | ((3 | (4 | (5 | (6 | (7 | (8 | ((11 | !10) | !9))))))) | !2)))) & (t)] 0
[(!(0 | (1 | ((3 | (4 | (5 | (6 | (7 | (8 | (((13 | !11) | !10) | !9))))))) | !2)))) & (t)] 0
[(!(0 | (1 | ((3 | (4 | (5 | (6 | (7 | (8 | ((((12 | !13) | !11) | !10) | !9))))))) | !2)))) & (t)] 0
[(!(0 | (1 | ((3 | (4 | (5 | (6 | (7 | (8 | !(9 & (10 & (11 & (12 & 13)))))))))) | !2)))) & (t)] 0
[(!(0 | ((((4 | (5 | (6 | (7 | (8 | ((11 | !10) | !9)))))) | !3) | !2) | !1))) & (t)] 0
[(!(0 | ((((4 | (5 | (6 | (7 | (8 | (((13 | !11) | !10) | !9)))))) | !3) | !2) | !1))) & (t)] 0
[(!(0 | ((((4 | (5 | (6 | (7 | (8 | ((((12 | !13) | !11) | !10) | !9)))))) | !3) | !2) | !1))) & (t)] 0
[(!(0 | ((((4 | (5 | (6 | (7 | (8 | !(9 & (10 & (11 & (12 & 13))))))))) | !3) | !2) | !1))) & (t)] 0
[(!(0 | (1 | (2 | ((4 | (5 | (6 | (7 | (8 | ((11 | !10) | !9)))))) | !3))))) & (t)] 0
[(!(0 | (1 | (2 | ((4 | (5 | (6 | (7 | (8 | ((((12 | 13) | !11) | !10) | !9)))))) | !3))))) & (t)] 0
[(!(0 | (1 | (2 | ((4 | (5 | (6 | (7 | (8 | ((((12 | !13) | !11) | !10) | !9)))))) | !3))))) & (t)] 0
[(!(0 | (1 | (2 | ((4 | (5 | (6 | (7 | (8 | ((((13 | !12) | !11) | !10) | !9)))))) | !3))))) & (t)] 0
[(!(0 | (1 | (2 | ((4 | (5 | (6 | (7 | (8 | !(9 & (10 & (11 & (12 & 13))))))))) | !3))))) & (t)] 0
[(!(0 | (((3 | (4 | (5 | (6 | (7 | (8 | (9 | (11 | !10)))))))) | !2) | !1))) & (t)] 0
[(!(0 | (((3 | (4 | (5 | (6 | (7 | (8 | (9 | (((12 | 13) | !11) | !10)))))))) | !2) | !1))) & (t)] 0
[(!(0 | (((3 | (4 | (5 | (6 | (7 | (8 | (9 | (((12 | !13) | !11) | !10)))))))) | !2) | !1))) & (t)] 0
[(!(0 | (((3 | (4 | (5 | (6 | (7 | (8 | (9 | (((13 | !12) | !11) | !10)))))))) | !2) | !1))) & (t)] 0
[(!(0 | (((3 | (4 | (5 | (6 | (7 | (8 | (9 | !(10 & (11 & (12 & 13)))))))))) | !2) | !1))) & (t)] 0
[(!(0 | ((2 | ((4 | ((6 | (7 | (8 | (10 | !9)))) | !5)) | !3)) | !1))) & (!((15 | 16) | !14))] 0
[(!((1 | (2 | ((4 | (5 | (6 | ((8 | ((11 | !10) | !9)) | !7)))) | !3))) | !0)) & (t)] 0
[(!((1 | (2 | ((4 | (5 | (6 | ((8 | ((((12 | 13) | !11) | !10) | !9)) | !7)))) | !3))) | !0)) & (t)] 0
[(!((1 | ((4 | (5 | (6 | ((8 | ((((12 | !13) | !11) | !10) | !9)) | !7)))) | !3)) | !0)) & (t)] 0
[(!((1 | (2 | ((4 | (5 | (6 | ((8 | ((((13 | !12) | !11) | !10) | !9)) | !7)))) | !3))) | !0)) & (t)] 0
[(!((1 | (2 | ((4 | (5 | (6 | ((8 | !(9 & (10 & (11 & (12 & 13))))) | !7)))) | !3))) | !0)) & (t)] 0
[(!((1 | (((4 | (5 | (6 | ((8 | ((11 | !10) | !9)) | !7)))) | !3) | !2)) | !0)) & (t)] 0
[(!((1 | (((4 | (5 | (6 | ((8 | (((13 | !11) | !10) | !9)) | !7)))) | !3) | !2)) | !0)) & (t)] 0
[(!((1 | (((4 | (5 | (6 | ((8 | !(9 & (10 & (11 & (12 & 13))))) | !7)))) | !3) | !2)) | !0)) & (t)] 0
[(!(0 | ((2 | ((4 | (5 | (6 | (7 | (8 | ((11 | !10) | !9)))))) | !3)) | !1))) & (t)] 0
[(!(0 | ((2 | ((4 | (5 | (6 | (7 | (8 | ((((12 | 13) | !11) | !10) | !9)))))) | !3)) | !1))) & (t)] 0
[(!(0 | ((2 | ((4 | (5 | (6 | (7 | (8 | ((((12 | !13) | !11) | !10) | !9)))))) | !3)) | !1))) & (t)] 0
[(!(0 | ((2 | ((4 | (5 | (6 | (7 | (8 | ((((13 | !12) | !11) | !10) | !9)))))) | !3)) | !1))) & (t)] 0
[(!(0 | ((2 | ((4 | (5 | (6 | (7 | (8 | !(9 & (10 & (11 & (12 & 13))))))))) | !3)) | !1))) & (t)] 0
[(!(0 | ((2 | (3 | (4 | (5 | (6 | (7 | (8 | (9 | (11 | !10))))))))) | !1))) & (t)] 0
[(!(0 | ((2 | (3 | (4 | (5 | (6 | (7 | (8 | (9 | (((12 | 13) | !11) | !10))))))))) | !1))) & (t)] 0
[(!(0 | ((2 | (3 | (4 | (5 | (6 | (7 | (8 | (9 | (((12 | !13) | !11) | !10))))))))) | !1))) & (t)] 0
[(!(0 | ((2 | (3 | (4 | (5 | (6 | (7 | (8 | (9 | (((13 | !12) | !11) | !10))))))))) | !1))) & (t)] 0
[(!(0 | ((2 | (3 | (4 | (5 | (6 | (7 | (8 | (9 | !(10 & (11 & (12 & 13))))))))))) | !1))) & (t)] 0
[(!(0 | ((((4 | ((6 | (7 | (8 | (9 | 10)))) | !5)) | !3) | !2) | !1))) & (!((16 | !15) | !14))] 0
[(!(0 | ((((4 | (5 | (6 | (7 | (8 | (9 | (11 | !10))))))) | !3) | !2) | !1))) & (t)] 0
[(!(0 | ((((4 | (5 | (6 | (7 | (8 | (9 | (((12 | 13) | !11) | !10))))))) | !3) | !2) | !1))) & (t)] 0
[(!(0 | ((((4 | (5 | (6 | (7 | (8 | (9 | (((12 | !13) | !11) | !10))))))) | !3) | !2) | !1))) & (t)] 0
[(!(0 | ((((4 | (5 | (6 | (7 | (8 | (9 | (((13 | !12) | !11) | !10))))))) | !3) | !2) | !1))) & (t)] 0
[(!(0 | ((((4 | (5 | (6 | (7 | (8 | (9 | !(10 & (11 & (12 & 13))))))))) | !3) | !2) | !1))) & (t)] 0
[(!(0 | (1 | (2 | ((4 | (5 | (6 | (7 | (8 | (9 | (11 | !10))))))) | !3))))) & (t)] 0
[(!(0 | (1 | (2 | ((4 | (5 | (6 | (7 | (8 | (9 | (((12 | 13) | !11) | !10))))))) | !3))))) & (t)] 0
[(!(0 | (1 | (2 | ((4 | (5 | (6 | (7 | (8 | (9 | (((12 | !13) | !11) | !10))))))) | !3))))) & (t)] 0
[(!(0 | (1 | (2 | ((4 | (5 | (6 | (7 | (8 | (9 | (((13 | !12) | !11) | !10))))))) | !3))))) & (t)] 0
[(!(0 | (1 | (2 | ((4 | (5 | (6 | (7 | (8 | (9 | !(10 & (11 & (12 & 13))))))))) | !3))))) & (t)] 0
[(!(0 | (((3 | (4 | (5 | ((7 | ((9 | (11 | !10)) | !8)) | !6)))) | !2) | !1))) & (t)] 0
[(!(0 | (((3 | (4 | (5 | ((7 | ((9 | (((12 | 13) | !11) | !10)) | !8)) | !6)))) | !2) | !1))) & (t)] 0
[(!(0 | (((3 | (4 | (5 | ((7 | ((9 | (((12 | !13) | !11) | !10)) | !8)) | !6)))) | !2) | !1))) & (t)] 0
[(!(0 | (((3 | (4 | (5 | ((7 | ((9 | (((13 | !12) | !11) | !10)) | !8)) | !6)))) | !2) | !1))) & (t)] 0
[(!(0 | (((3 | (4 | (5 | ((7 | !(8 & (10 & (11 & (12 & 13))))) | !6)))) | !2) | !1))) & (t)] 0
[(!(0 | (((3 | (4 | (5 | ((7 | (((11 | !10) | !9) | !8)) | !6)))) | !2) | !1))) & (t)] 0
[(!(0 | (((3 | (4 | (5 | ((7 | ((((13 | !11) | !10) | !9) | !8)) | !6)))) | !2) | !1))) & (t)] 0
[(!(0 | (((3 | (4 | (5 | ((7 | (((((12 | !13) | !11) | !10) | !9) | !8)) | !6)))) | !2) | !1))) & (t)] 0
[(!((1 | (2 | ((4 | ((6 | ((8 | (10 | !9)) | !7)) | !5)) | !3))) | !0)) & (!((16 | !15) | !14))] 0
[(!(0 | ((2 | ((4 | ((6 | ((8 | (10 | !9)) | !7)) | !5)) | !3)) | !1))) & (!((15 | 16) | !14))] 0
[(!(0 | ((2 | ((4 | (5 | (6 | ((8 | ((11 | !10) | !9)) | !7)))) | !3)) | !1))) & (t)] 0
[(!(0 | ((2 | ((4 | (5 | (6 | ((8 | ((((12 | 13) | !11) | !10) | !9)) | !7)))) | !3)) | !1))) & (t)] 0
[(!(0 | ((2 | ((4 | (5 | (6 | ((8 | ((((12 | !13) | !11) | !10) | !9)) | !7)))) | !3)) | !1))) & (t)] 0
[(!(0 | ((2 | ((4 | (5 | (6 | ((8 | ((((13 | !12) | !11) | !10) | !9)) | !7)))) | !3)) | !1))) & (t)] 0
[(!(0 | ((2 | ((4 | (5 | (6 | ((8 | !(9 & (10 & (11 & (12 & 13))))) | !7)))) | !3)) | !1))) & (t)] 0
[(!(0 | ((2 | (3 | (4 | (5 | (6 | ((8 | (9 | (11 | !10))) | !7)))))) | !1))) & (t)] 0
[(!(0 | ((2 | (3 | (4 | (5 | (6 | ((8 | (9 | (((12 | 13) | !11) | !10))) | !7)))))) | !1))) & (t)] 0
[(!(0 | ((2 | (3 | (4 | (5 | (6 | ((8 | (9 | (((12 | !13) | !11) | !10))) | !7)))))) | !1))) & (t)] 0
[(!(0 | ((2 | (3 | (4 | (5 | (6 | ((8 | (9 | (((13 | !12) | !11) | !10))) | !7)))))) | !1))) & (t)] 0
[(!(0 | ((2 | (3 | (4 | (5 | (6 | ((8 | (9 | !(10 & (11 & (12 & 13))))) | !7)))))) | !1))) & (t)] 0
[(!(0 | ((2 | ((4 | ((6 | (7 | (8 | (9 | 10)))) | !5)) | !3)) | !1))) & (!((15 | 16) | !14))] 0
[(!((1 | (2 | ((4 | (5 | (6 | ((8 | (9 | (11 | !10))) | !7)))) | !3))) | !0)) & (t)] 0
[(!((1 | (2 | ((4 | (5 | (6 | ((8 | (9 | (((12 | 13) | !11) | !10))) | !7)))) | !3))) | !0)) & (t)] 0
[(!((1 | ((4 | (5 | (6 | ((8 | (9 | (((12 | !13) | !11) | !10))) | !7)))) | !3)) | !0)) & (t)] 0
[(!((1 | (2 | ((4 | (5 | (6 | ((8 | (9 | (((13 | !12) | !11) | !10))) | !7)))) | !3))) | !0)) & (t)] 0
[(!((1 | (2 | ((4 | (5 | (6 | ((8 | (9 | !(10 & (11 & (12 & 13))))) | !7)))) | !3))) | !0)) & (t)] 0
[(!((1 | (((4 | (5 | (6 | ((8 | (9 | (11 | !10))) | !7)))) | !3) | !2)) | !0)) & (t)] 0
[(!((1 | (((4 | (5 | (6 | ((8 | (9 | (((12 | 13) | !11) | !10))) | !7)))) | !3) | !2)) | !0)) & (t)] 0
[(!((1 | (((4 | (5 | (6 | ((8 | (9 | (((13 | !12) | !11) | !10))) | !7)))) | !3) | !2)) | !0)) & (t)] 0
[(!((1 | (((4 | (5 | (6 | ((8 | (9 | !(10 & (11 & (12 & 13))))) | !7)))) | !3) | !2)) | !0)) & (t)] 0
[(!(0 | ((2 | (3 | (4 | (5 | ((7 | ((9 | (11 | !10)) | !8)) | !6))))) | !1))) & (t)] 0
[(!(0 | ((2 | (3 | (4 | (5 | ((7 | ((9 | (((12 | 13) | !11) | !10)) | !8)) | !6))))) | !1))) & (t)] 0
[(!(0 | ((2 | (3 | (4 | (5 | ((7 | ((9 | (((12 | !13) | !11) | !10)) | !8)) | !6))))) | !1))) & (t)] 0
[(!(0 | ((2 | (3 | (4 | (5 | ((7 | ((9 | (((13 | !12) | !11) | !10)) | !8)) | !6))))) | !1))) & (t)] 0
[(!(0 | ((2 | (3 | (4 | (5 | ((7 | !(8 & (10 & (11 & (12 & 13))))) | !6))))) | !1))) & (t)] 0
[(!(0 | ((2 | (3 | (4 | (5 | ((7 | (((11 | !10) | !9) | !8)) | !6))))) | !1))) & (t)] 0
[(!(0 | ((2 | (3 | (4 | (5 | ((7 | (((((12 | 13) | !11) | !10) | !9) | !8)) | !6))))) | !1))) & (t)] 0
[(!(0 | ((2 | (3 | (4 | (5 | ((7 | (((((12 | !13) | !11) | !10) | !9) | !8)) | !6))))) | !1))) & (t)] 0
[(!(0 | ((2 | (3 | (4 | (5 | ((7 | (((((13 | !12) | !11) | !10) | !9) | !8)) | !6))))) | !1))) & (t)] 0
[(!(0 | (((3 | (4 | (((7 | ((9 | 10) | !8)) | !6) | !5))) | !2) | !1))) & (!((16 | !15) | !14))] 0
[(!(0 | ((((4 | (((7 | (8 | (9 | 10))) | !6) | !5)) | !3) | !2) | !1))) & (!((16 | !15) | !14))] 0
[(!(0 | ((((4 | (5 | ((7 | (8 | (9 | (11 | !10)))) | !6))) | !3) | !2) | !1))) & (t)] 0
[(!(0 | ((((4 | (5 | ((7 | (8 | (9 | (((12 | 13) | !11) | !10)))) | !6))) | !3) | !2) | !1))) & (t)] 0
[(!(0 | ((((4 | (5 | ((7 | (8 | (9 | (((12 | !13) | !11) | !10)))) | !6))) | !3) | !2) | !1))) & (t)] 0
[(!(0 | ((((4 | (5 | ((7 | (8 | (9 | (((13 | !12) | !11) | !10)))) | !6))) | !3) | !2) | !1))) & (t)] 0
[(!(0 | ((((4 | (5 | ((7 | (8 | (9 | !(10 & (11 & (12 & 13)))))) | !6))) | !3) | !2) | !1))) & (t)] 0
[(!(0 | (1 | (2 | ((4 | (5 | ((7 | (8 | (9 | (11 | !10)))) | !6))) | !3))))) & (t)] 0
[(!(0 | (1 | (2 | ((4 | (5 | ((7 | (8 | (9 | (((12 | 13) | !11) | !10)))) | !6))) | !3))))) & (t)] 0
[(!(0 | (1 | (2 | ((4 | (5 | ((7 | (8 | (9 | (((12 | !13) | !11) | !10)))) | !6))) | !3))))) & (t)] 0
[(!(0 | (1 | (2 | ((4 | (5 | ((7 | (8 | (9 | (((13 | !12) | !11) | !10)))) | !6))) | !3))))) & (t)] 0
[(!(0 | (1 | (2 | ((4 | (5 | ((7 | (8 | (9 | !(10 & (11 & (12 & 13)))))) | !6))) | !3))))) & (t)] 0
[(!(0 | ((2 | ((4 | ((6 | ((8 | (9 | 10)) | !7)) | !5)) | !3)) | !1))) & (!((16 | !15) | !14))] 0
[(!(0 | ((2 | ((4 | (5 | (6 | ((8 | (9 | (11 | !10))) | !7)))) | !3)) | !1))) & (t)] 0
[(!(0 | ((2 | ((4 | (5 | (6 | ((8 | (9 | (((12 | !13) | !11) | !10))) | !7)))) | !3)) | !1))) & (t)] 0
[(!(0 | ((2 | ((4 | (5 | (6 | ((8 | (9 | (((13 | !12) | !11) | !10))) | !7)))) | !3)) | !1))) & (t)] 0
[(!(0 | ((2 | ((4 | (5 | (6 | ((8 | (9 | !(10 & (11 & (12 & 13))))) | !7)))) | !3)) | !1))) & (t)] 0
[(!(0 | ((2 | (3 | (4 | (5 | ((((9 | (11 | !10)) | !8) | !7) | !6))))) | !1))) & (t)] 0
[(!(0 | ((2 | (3 | (4 | (5 | ((((9 | (((12 | 13) | !11) | !10)) | !8) | !7) | !6))))) | !1))) & (t)] 0
[(!(0 | ((2 | (3 | (4 | (5 | ((((9 | (((12 | !13) | !11) | !10)) | !8) | !7) | !6))))) | !1))) & (t)] 0
[(!(0 | ((2 | (3 | (4 | (5 | ((((9 | (((13 | !12) | !11) | !10)) | !8) | !7) | !6))))) | !1))) & (t)] 0
[(!(0 | ((2 | (3 | (4 | (5 | !(6 & (7 & (8 & (10 & (11 & (12 & 13)))))))))) | !1))) & (t)] 0
[(!(0 | ((2 | (3 | (4 | (5 | (((((11 | !10) | !9) | !8) | !7) | !6))))) | !1))) & (t)] 0
[(!(0 | ((2 | (3 | (4 | (5 | (((((((12 | 13) | !11) | !10) | !9) | !8) | !7) | !6))))) | !1))) & (t)] 0
[(!(0 | ((2 | (3 | (4 | (5 | (((((((12 | !13) | !11) | !10) | !9) | !8) | !7) | !6))))) | !1))) & (t)] 0
[(!(0 | ((2 | (3 | (4 | (5 | (((((((13 | !12) | !11) | !10) | !9) | !8) | !7) | !6))))) | !1))) & (t)] 0
[(!((1 | (2 | ((4 | ((6 | ((8 | (9 | 10)) | !7)) | !5)) | !3))) | !0)) & (!14)] 0
[(!((1 | (((4 | ((6 | ((8 | (9 | 10)) | !7)) | !5)) | !3) | !2)) | !0)) & (!((16 | !15) | !14))] 0
[(!(0 | ((2 | ((4 | (((7 | (8 | (9 | 10))) | !6) | !5)) | !3)) | !1))) & (!((15 | 16) | !14))] 0
[(!((1 | (2 | ((4 | (5 | (((8 | (9 | (11 | !10))) | !7) | !6))) | !3))) | !0)) & (t)] 0
[(!((1 | (2 | ((4 | (5 | (((8 | (9 | (((12 | 13) | !11) | !10))) | !7) | !6))) | !3))) | !0)) & (t)] 0
[(!((1 | ((4 | (5 | (((8 | (9 | (((12 | !13) | !11) | !10))) | !7) | !6))) | !3)) | !0)) & (t)] 0
[(!((1 | (2 | ((4 | (5 | (((8 | (9 | (((13 | !12) | !11) | !10))) | !7) | !6))) | !3))) | !0)) & (t)] 0
[(!((1 | (2 | ((4 | (5 | (((8 | (9 | !(10 & (11 & (12 & 13))))) | !7) | !6))) | !3))) | !0)) & (t)] 0
[(!((1 | (((4 | (5 | (((8 | (9 | (11 | !10))) | !7) | !6))) | !3) | !2)) | !0)) & (t)] 0
[(!((1 | (((4 | (5 | (((8 | (9 | (((12 | 13) | !11) | !10))) | !7) | !6))) | !3) | !2)) | !0)) & (t)] 0
[(!((1 | (((4 | (5 | (((8 | (9 | (((13 | !12) | !11) | !10))) | !7) | !6))) | !3) | !2)) | !0)) & (t)] 0
[(!((1 | (((4 | (5 | (((8 | (9 | !(10 & (11 & (12 & 13))))) | !7) | !6))) | !3) | !2)) | !0)) & (t)] 0
[(!(0 | ((2 | ((4 | (5 | ((7 | (8 | (9 | (11 | !10)))) | !6))) | !3)) | !1))) & (t)] 0
[(!(0 | ((2 | ((4 | (5 | ((7 | (8 | (9 | (((12 | 13) | !11) | !10)))) | !6))) | !3)) | !1))) & (t)] 0
[(!(0 | ((2 | ((4 | (5 | ((7 | (8 | (9 | (((12 | !13) | !11) | !10)))) | !6))) | !3)) | !1))) & (t)] 0
[(!(0 | ((2 | ((4 | (5 | ((7 | (8 | (9 | !(10 & (11 & (12 & 13)))))) | !6))) | !3)) | !1))) & (t)] 0
[(!(0 | ((2 | (3 | (4 | (((((9 | 10) | !8) | !7) | !6) | !5)))) | !1))) & (!14)] 0
[(!(0 | ((2 | (3 | (4 | (((((10 | !9) | !8) | !7) | !6) | !5)))) | !1))) & (!((15 | 16) | !14))] 0
[(!(0 | ((2 | ((4 | ((((8 | (9 | 10)) | !7) | !6) | !5)) | !3)) | !1))) & (!((16 | !15) | !14))] 0
[(!(0 | ((2 | ((4 | (5 | (((8 | (9 | (11 | !10))) | !7) | !6))) | !3)) | !1))) & (t)] 0
[(!(0 | ((2 | ((4 | (5 | (((8 | (9 | (((12 | !13) | !11) | !10))) | !7) | !6))) | !3)) | !1))) & (t)] 0
[(!(0 | ((2 | ((4 | (5 | (((8 | (9 | (((13 | !12) | !11) | !10))) | !7) | !6))) | !3)) | !1))) & (t)] 0
[(!(0 | ((2 | ((4 | (5 | (((8 | (9 | !(10 & (11 & (12 & 13))))) | !7) | !6))) | !3)) | !1))) & (t)] 0
[(!((1 | (2 | ((4 | ((((8 | (9 | 10)) | !7) | !6) | !5)) | !3))) | !0)) & (!((15 | 16) | !14))] 0
[(!((1 | (((4 | ((((8 | (9 | 10)) | !7) | !6) | !5)) | !3) | !2)) | !0)) & (!((16 | !15) | !14))] 0
[(!(0 | ((2 | ((4 | (5 | (((8 | (9 | (((12 | 13) | !11) | !10))) | !7) | !6))) | !3)) | !1))) & (t)] 0
--END--
Synthesis took:  12583.967924118042 ms
