Processing program.
spec contains 3 APs (['(at_floor == 0)', '(at_floor == 1)', '(at_floor == 2)'])
simplified !((!cinc & (at_floor >= 0) & (at_floor <= 2) & (!cinc | (at_floor < 0) | (at_floor > 2)) & ((at_floor - 1) >= 0) & ((at_floor - 1) <= 2)) | (cinc & (at_floor >= 0) & (at_floor <= 2) & (cinc | (at_floor < 0) | (at_floor > 2)) & ((at_floor + 1) >= 0) & ((at_floor + 1) <= 2))) (len 274) to ((!(!(0 <= at_floor) | ((0 <= at_floor) & (((at_floor <= 2) & ((at_floor - 1) <= 2) & (1 <= at_floor)) | !(at_floor <= 2)))) & !cinc) | (!(!(0 <= at_floor) | ((0 <= at_floor) & (((at_floor <= 2) & ((at_floor + 1) <= 2) & (0 <= (at_floor + 1))) | !(at_floor <= 2)))) & cinc)) (len 274)
((!(!(0 <= at_floor) | ((0 <= at_floor) & (((at_floor <= 2) & ((at_floor - 1) <= 2) & (1 <= at_floor)) | !(at_floor <= 2)))) & !cinc) | (!(!(0 <= at_floor) | ((0 <= at_floor) & (((at_floor <= 2) & ((at_floor + 1) <= 2) & (0 <= (at_floor + 1))) | !(at_floor <= 2)))) & cinc))
Starting abstract synthesis loop.
adding (0 <= at_floor), (1 <= at_floor), (at_floor <= 1), (2 <= at_floor), (at_floor <= 2), (at_floor <= 0) to predicate abstraction
constructing LTL abstraction
ltl abstraction took: 0.0005047321319580078
running LTL synthesis
Realizable.
REALIZABLE
HOA: v1
tool: "strix" "21.0.0"
States: 2
Start: 1
AP: 8 "pred__1_LTEQ_atfloor_" "pred__atfloor_LTEQ_0_" "pred__atfloor_LTEQ_1_" "pred__2_LTEQ_atfloor_" "move" "pred__atfloor_LTEQ_2_" "pred__0_LTEQ_atfloor_" "cinc"
controllable-AP: 7
acc-name: all
Acceptance: 0 t
--BODY--
State: 0 "[0]"
[(!((1 | ((3 | !(4 & (5 & 6))) | !2)) | !0)) & (7)] 1
[(!(0 | (((3 | !(4 & (5 & 6))) | !2) | !1))) & (7)] 0
[(!((1 | (2 | !(3 & (4 & (5 & 6))))) | !0)) & (t)] 0
[(0 & (1 | (2 & (3 | !(4 & (5 & 6))) | !2 & !(3 & (4 & (5 & 6))))) | !0 & (((3 | !(4 & (5 & 6))) | !2) | !1)) & (t)] 0
State: 1 "[1]"
[(!((1 | ((3 | !(4 & (5 & 6))) | !2)) | !0)) & (!7)] 0
[(!(0 | (((3 | !(4 & (5 & 6))) | !2) | !1))) & (t)] 1
[(!((1 | (2 | !(3 & (4 & (5 & 6))))) | !0)) & (!7)] 1
[(0 & (1 | (2 & (3 | !(4 & (5 & 6))) | !2 & !(3 & (4 & (5 & 6))))) | !0 & (((3 | !(4 & (5 & 6))) | !2) | !1)) & (t)] 0
--END--
Synthesis took:  899.0957736968994 ms
