Processing program.
spec contains 5 APs (['(at_floor == 4)', '(at_floor == 3)', '(at_floor == 2)', '(at_floor == 0)', '(at_floor == 1)'])
simplified !((cinc & (at_floor >= 0) & (at_floor <= 9) & (cinc | (at_floor < 0) | (at_floor > 9)) & ((at_floor + 1) >= 0) & ((at_floor + 1) <= 9)) | (!cinc & (at_floor >= 0) & (at_floor <= 9) & (!cinc | (at_floor < 0) | (at_floor > 9)) & ((at_floor - 1) >= 0) & ((at_floor - 1) <= 9))) (len 274) to ((!(!(0 <= at_floor) | ((0 <= at_floor) & (((1 <= at_floor) & (at_floor <= 9) & ((at_floor - 1) <= 9)) | !(at_floor <= 9)))) & !cinc) | (!(!(0 <= at_floor) | ((0 <= at_floor) & (((at_floor <= 9) & ((at_floor + 1) <= 9) & (0 <= (at_floor + 1))) | !(at_floor <= 9)))) & cinc)) (len 274)
((!(!(0 <= at_floor) | ((0 <= at_floor) & (((1 <= at_floor) & (at_floor <= 9) & ((at_floor - 1) <= 9)) | !(at_floor <= 9)))) & !cinc) | (!(!(0 <= at_floor) | ((0 <= at_floor) & (((at_floor <= 9) & ((at_floor + 1) <= 9) & (0 <= (at_floor + 1))) | !(at_floor <= 9)))) & cinc))
Starting abstract synthesis loop.
adding (at_floor <= 2), (2 <= at_floor), (at_floor <= 0), (9 <= at_floor), (3 <= at_floor), (1 <= at_floor), (at_floor <= 4), (at_floor <= 1), (at_floor_prev < at_floor), (4 <= at_floor), (at_floor_prev > at_floor), (0 <= at_floor), (at_floor <= 3) to predicate abstraction
constructing LTL abstraction
ltl abstraction took: 0.0010480880737304688
running LTL synthesis
Realizable.
REALIZABLE
HOA: v1
tool: "strix" "21.0.0"
States: 2
Start: 1
AP: 15 "pred__atfloorprev_LT_atfloor_" "pred__atfloor_LTEQ_1_" "pred__atfloorprev_GT_atfloor_" "pred__atfloor_LTEQ_4_" "pred__9_LTEQ_atfloor_" "move" "pred__2_LTEQ_atfloor_" "pred__atfloor_LTEQ_0_" "pred__1_LTEQ_atfloor_" "pred__atfloor_LTEQ_2_" "pred__atfloor_LTEQ_3_" "pred__0_LTEQ_atfloor_" "pred__3_LTEQ_atfloor_" "pred__4_LTEQ_atfloor_" "cinc"
controllable-AP: 14
acc-name: all
Acceptance: 0 t
--BODY--
State: 0 "[0]"
[(!(0 | ((2 | ((4 | ((6 | (7 | (((((12 | 13) | !11) | !10) | !9) | !8))) | !5)) | !3)) | !1))) & (t)] 1
[(!(0 | ((((4 | ((6 | ((8 | ((((12 | 13) | !11) | !10) | !9)) | !7)) | !5)) | !3) | !2) | !1))) & (14)] 0
[(!((1 | (2 | ((4 | (((7 | (((((12 | 13) | !11) | !10) | !9) | !8)) | !6) | !5)) | !3))) | !0)) & (14)] 0
[(!(((2 | ((4 | ((6 | (7 | (((((12 | 13) | !11) | !10) | !9) | !8))) | !5)) | !3)) | !1) | !0)) & (14)] 1
[(!((1 | (2 | ((4 | (((7 | ((9 | (((13 | !12) | !11) | !10)) | !8)) | !6) | !5)) | !3))) | !0)) & (14)] 1
[(!((1 | (2 | ((4 | (((7 | ((9 | (10 | !(11 & (12 & 13)))) | !8)) | !6) | !5)) | !3))) | !0)) & (t)] 1
[(!(0 | (1 | (((4 | (((7 | ((9 | (((13 | !12) | !11) | !10)) | !8)) | !6) | !5)) | !3) | !2)))) & (t)] 0
[(!(0 | (1 | (((4 | (((7 | (((((12 | 13) | !11) | !10) | !9) | !8)) | !6) | !5)) | !3) | !2)))) & (!14)] 0
[(!(0 | ((((4 | ((6 | (7 | (((((12 | 13) | !11) | !10) | !9) | !8))) | !5)) | !3) | !2) | !1))) & (!14)] 0
[(0 & (1 & (2 | ((4 | ((6 | (7 | (((((12 | 13) | !11) | !10) | !9) | !8))) | !5)) | !3)) | !1 & (2 | ((4 | (((7 | ((9 & (((12 | 13) | !11) | !10) | !9 & (10 & ((13 | !12) | !11) | !10 & !(11 & (12 & 13)))) | !8)) | !6) | !5)) | !3))) | !0 & (1 & (2 & ((4 | ((6 | (7 & (8 | ((((12 | 13) | !11) | !10) | !9)) | !7 & (((((12 | 13) | !11) | !10) | !9) | !8))) | !5)) | !3) | !2 & ((4 | ((6 | (7 | (((((12 | 13) | !11) | !10) | !9) | !8))) | !5)) | !3)) | !1 & (((4 | (((7 | ((9 & (((12 | 13) | !11) | !10) | !9 & (((13 | !12) | !11) | !10)) | !8)) | !6) | !5)) | !3) | !2))) & (t)] 1
State: 1 "[1]"
[(!(0 | ((2 | ((4 | ((6 | (7 | (((((12 | 13) | !11) | !10) | !9) | !8))) | !5)) | !3)) | !1))) & (14)] 0
[(!(0 | ((((4 | ((6 | ((8 | ((((12 | 13) | !11) | !10) | !9)) | !7)) | !5)) | !3) | !2) | !1))) & (t)] 0
[(!((1 | (2 | ((4 | (((7 | (((((12 | 13) | !11) | !10) | !9) | !8)) | !6) | !5)) | !3))) | !0)) & (14)] 1
[(!(((2 | ((4 | ((6 | (7 | (((((12 | 13) | !11) | !10) | !9) | !8))) | !5)) | !3)) | !1) | !0)) & (t)] 0
[(!((1 | (2 | ((4 | (((7 | ((9 | (((13 | !12) | !11) | !10)) | !8)) | !6) | !5)) | !3))) | !0)) & (!14)] 1
[(!((1 | (2 | ((4 | (((7 | ((9 | (10 | !(11 & (12 & 13)))) | !8)) | !6) | !5)) | !3))) | !0)) & (!14)] 1
[(!(0 | (1 | (((4 | (((7 | ((9 | (((13 | !12) | !11) | !10)) | !8)) | !6) | !5)) | !3) | !2)))) & (!14)] 0
[(!(0 | (1 | (((4 | (((7 | (((((12 | 13) | !11) | !10) | !9) | !8)) | !6) | !5)) | !3) | !2)))) & (!14)] 1
[(!(0 | ((((4 | ((6 | (7 | (((((12 | 13) | !11) | !10) | !9) | !8))) | !5)) | !3) | !2) | !1))) & (14)] 0
[(0 & (1 & (2 | ((4 | ((6 | (7 | (((((12 | 13) | !11) | !10) | !9) | !8))) | !5)) | !3)) | !1 & (2 | ((4 | (((7 | ((9 & (((12 | 13) | !11) | !10) | !9 & (10 & ((13 | !12) | !11) | !10 & !(11 & (12 & 13)))) | !8)) | !6) | !5)) | !3))) | !0 & (1 & (2 & ((4 | ((6 | (7 & (8 | ((((12 | 13) | !11) | !10) | !9)) | !7 & (((((12 | 13) | !11) | !10) | !9) | !8))) | !5)) | !3) | !2 & ((4 | ((6 | (7 | (((((12 | 13) | !11) | !10) | !9) | !8))) | !5)) | !3)) | !1 & (((4 | (((7 | ((9 & (((12 | 13) | !11) | !10) | !9 & (((13 | !12) | !11) | !10)) | !8)) | !6) | !5)) | !3) | !2))) & (t)] 0
--END--
Synthesis took:  3290.0850772857666 ms
