Processing program.
spec contains 4 APs (['l3', 'l00', 'l2', 'l'])
simplified !FALSE (len 6) to True (len 4)
True
simplified !(!dec | (dec & ((y - 1) >= 0))) (len 32) to (dec & !((1 <= y) | (!(0 <= y) & !(1 <= y)))) (len 45)
(dec & !((1 <= y) | (!(0 <= y) & !(1 <= y))))
simplified !((ipos <-> ineg) | (!ipos & ineg & ((y - 1) >= 0)) | (ipos && !ineg)) (len 70) to (!ipos & !((ineg & ((1 <= y) | (!(1 <= y) & !(0 <= y)))) | !ineg)) (len 66)
(!ipos & !((ineg & ((1 <= y) | (!(1 <= y) & !(0 <= y)))) | !ineg))
Starting abstract synthesis loop.
adding (y_prev < y), (x_prev > x), (y_prev > y), (y <= 32), (0 <= (y - 1)), (x >= 0), (x <= 0), (x_prev < x), (32 <= y), (y <= 16), (x <= 42), ((32 - y_prev) < (32 - y)), (16 <= y), (42 <= x), ((32 - y_prev) > (32 - y)) to predicate abstraction
constructing LTL abstraction
ltl abstraction took: 0.0027747154235839844
running LTL synthesis
Realizable.
REALIZABLE
HOA: v1
tool: "strix" "21.0.0"
States: 1
Start: 0
AP: 25 "pred__x_GTEQ_0_" "pred__16_LTEQ_y_" "pred__y_LTEQ_16_" "l4" "pred__0_LTEQ__y_MINUS_1__" "pred__x_LTEQ_0_" "l3" "l00" "pred___32_MINUS_yprev__GT__32_MINUS_y__" "pred__x_LTEQ_42_" "l2" "pred__y_LTEQ_32_" "pred__xprev_LT_x_" "l" "l0" "pred__xprev_GT_x_" "pred__yprev_GT_y_" "pred__32_LTEQ_y_" "pred__yprev_LT_y_" "l1" "pred__42_LTEQ_x_" "pred___32_MINUS_yprev__LT__32_MINUS_y__" "ineg" "ipos" "dec"
controllable-AP: 24
acc-name: all
Acceptance: 0 t
--BODY--
State: 0 "[0]"
[(!((1 | ((3 | (4 | ((6 | (7 | (8 | ((10 | ((12 | ((14 | (15 | (16 | (17 | (18 | (19 | (20 | (21 | !(22 & 23 | !22 & !23))))))))) | !13)) | !11)) | !9)))) | !5))) | !2)) | !0)) & (t)] 0
[(!((1 | ((3 | (4 | ((6 | (7 | (8 | ((10 | ((12 | ((14 | (15 | (16 | (17 | (18 | (19 | (20 | (21 | (22 | !23))))))))) | !13)) | !11)) | !9)))) | !5))) | !2)) | !0)) & (t)] 0
[(!((1 | ((3 | (4 | ((6 | (7 | (8 | ((10 | ((12 | ((14 | (15 | (16 | (17 | (18 | (19 | (20 | (21 | (23 | !22))))))))) | !13)) | !11)) | !9)))) | !5))) | !2)) | !0)) & (t)] 0
[(!((1 | ((3 | (4 | ((6 | (7 | (8 | ((10 | ((12 | (13 | ((15 | (16 | (17 | (18 | (19 | (20 | 21)))))) | !14))) | !11)) | !9)))) | !5))) | !2)) | !0)) & (!24)] 0
[(!((1 | ((3 | (((6 | (7 | (((10 | ((12 | ((14 | (15 | (16 | (17 | ((19 | (20 | (21 | !(22 & 23 | !22 & !23)))) | !18))))) | !13)) | !11)) | !9) | !8))) | !5) | !4)) | !2)) | !0)) & (t)] 0
[(!((1 | ((3 | (((6 | (7 | (((10 | ((12 | ((14 | (15 | (16 | (17 | ((19 | (20 | (21 | (22 | !23)))) | !18))))) | !13)) | !11)) | !9) | !8))) | !5) | !4)) | !2)) | !0)) & (t)] 0
[(!((1 | ((3 | (((6 | (7 | (((10 | ((12 | ((14 | (15 | (16 | (17 | ((19 | (20 | (21 | (23 | !22)))) | !18))))) | !13)) | !11)) | !9) | !8))) | !5) | !4)) | !2)) | !0)) & (t)] 0
[(!((1 | ((3 | (4 | ((6 | ((8 | ((10 | ((12 | (13 | (14 | (15 | (16 | (17 | (18 | (19 | (20 | (21 | !(22 & 23 | !22 & !23))))))))))) | !11)) | !9)) | !7)) | !5))) | !2)) | !0)) & (t)] 0
[(!((1 | ((3 | (4 | ((6 | ((8 | ((10 | ((12 | (13 | (14 | (15 | (16 | (17 | (18 | (19 | (20 | (21 | (22 | !23))))))))))) | !11)) | !9)) | !7)) | !5))) | !2)) | !0)) & (t)] 0
[(!((1 | ((3 | (4 | ((6 | ((8 | ((10 | ((12 | (13 | (14 | (15 | (16 | (17 | (18 | (19 | (20 | (21 | (23 | !22))))))))))) | !11)) | !9)) | !7)) | !5))) | !2)) | !0)) & (t)] 0
[(!((1 | ((3 | (((6 | (7 | (8 | ((10 | ((12 | (13 | ((15 | (16 | (17 | (18 | (19 | (20 | 21)))))) | !14))) | !11)) | !9)))) | !5) | !4)) | !2)) | !0)) & (!24)] 0
[(!((((3 | (((6 | (7 | (((10 | ((12 | ((14 | (15 | (16 | (17 | ((19 | (20 | (21 | !(22 & 23 | !22 & !23)))) | !18))))) | !13)) | !11)) | !9) | !8))) | !5) | !4)) | !2) | !1) | !0)) & (t)] 0
[(!((((3 | (((6 | (7 | (((10 | ((12 | ((14 | (15 | (16 | (17 | ((19 | (20 | (21 | (22 | !23)))) | !18))))) | !13)) | !11)) | !9) | !8))) | !5) | !4)) | !2) | !1) | !0)) & (t)] 0
[(!((((3 | (((6 | (7 | (((10 | ((12 | ((14 | (15 | (16 | (17 | ((19 | (20 | (21 | (23 | !22)))) | !18))))) | !13)) | !11)) | !9) | !8))) | !5) | !4)) | !2) | !1) | !0)) & (t)] 0
[(!((1 | ((3 | (4 | ((6 | (7 | (8 | ((10 | ((12 | ((14 | (15 | ((17 | (18 | (19 | (20 | !(21 & (22 & 23 | !22 & !23)))))) | !16))) | !13)) | !11)) | !9)))) | !5))) | !2)) | !0)) & (t)] 0
[(!((1 | ((3 | (4 | ((6 | (7 | (8 | ((10 | ((12 | ((14 | (15 | ((17 | (18 | (19 | (20 | ((22 | !23) | !21))))) | !16))) | !13)) | !11)) | !9)))) | !5))) | !2)) | !0)) & (t)] 0
[(!((1 | ((3 | (4 | ((6 | (7 | (8 | ((10 | ((12 | ((14 | (15 | ((17 | (18 | (19 | (20 | ((23 | !22) | !21))))) | !16))) | !13)) | !11)) | !9)))) | !5))) | !2)) | !0)) & (t)] 0
[(!((1 | ((3 | (((6 | (7 | (8 | ((10 | ((12 | ((14 | (15 | ((17 | (18 | (19 | (20 | !(21 & (22 & 23 | !22 & !23)))))) | !16))) | !13)) | !11)) | !9)))) | !5) | !4)) | !2)) | !0)) & (t)] 0
[(!((1 | ((3 | (((6 | (7 | (8 | ((10 | ((12 | ((14 | (15 | ((17 | (18 | (19 | (20 | ((22 | !23) | !21))))) | !16))) | !13)) | !11)) | !9)))) | !5) | !4)) | !2)) | !0)) & (t)] 0
[(!((1 | ((3 | (((6 | (7 | (8 | ((10 | ((12 | ((14 | (15 | ((17 | (18 | (19 | (20 | ((23 | !22) | !21))))) | !16))) | !13)) | !11)) | !9)))) | !5) | !4)) | !2)) | !0)) & (t)] 0
[(!((1 | ((3 | (4 | ((6 | (7 | (8 | ((10 | ((12 | (13 | (14 | (15 | (16 | (17 | (18 | ((20 | 21) | !19)))))))) | !11)) | !9)))) | !5))) | !2)) | !0)) & (t)] 0
[(!((1 | ((3 | (4 | (5 | (6 | ((8 | ((10 | (((13 | (14 | (15 | (16 | (17 | (18 | (19 | (20 | (21 | !(22 & 23 | !22 & !23)))))))))) | !12) | !11)) | !9)) | !7))))) | !2)) | !0)) & (t)] 0
[(!((1 | ((3 | (4 | (5 | (6 | ((8 | ((10 | (((13 | (14 | (15 | (16 | (17 | (18 | (19 | (20 | (21 | (22 | !23)))))))))) | !12) | !11)) | !9)) | !7))))) | !2)) | !0)) & (t)] 0
[(!((1 | ((3 | (4 | (5 | (6 | ((8 | ((10 | (((13 | (14 | (15 | (16 | (17 | (18 | (19 | (20 | (21 | (23 | !22)))))))))) | !12) | !11)) | !9)) | !7))))) | !2)) | !0)) & (t)] 0
[(!(0 | (1 | ((3 | (4 | ((6 | ((8 | ((10 | ((12 | (13 | (14 | ((16 | (17 | (18 | (19 | (20 | (21 | !(22 & 23 | !22 & !23))))))) | !15)))) | !11)) | !9)) | !7)) | !5))) | !2)))) & (t)] 0
[(!(0 | (1 | ((3 | (4 | ((6 | ((8 | ((10 | ((12 | (13 | (14 | ((16 | (17 | (18 | (19 | (20 | (21 | (22 | !23))))))) | !15)))) | !11)) | !9)) | !7)) | !5))) | !2)))) & (t)] 0
[(!(0 | (1 | ((3 | (4 | ((6 | ((8 | ((10 | ((12 | (13 | (14 | ((16 | (17 | (18 | (19 | (20 | (21 | (23 | !22))))))) | !15)))) | !11)) | !9)) | !7)) | !5))) | !2)))) & (t)] 0
[(!((1 | ((3 | (((6 | ((8 | ((10 | ((12 | (13 | (14 | (15 | (16 | (17 | (18 | (19 | (20 | (21 | !(22 & 23 | !22 & !23))))))))))) | !11)) | !9)) | !7)) | !5) | !4)) | !2)) | !0)) & (t)] 0
[(!((1 | ((3 | (((6 | ((8 | ((10 | ((12 | (13 | (14 | (15 | (16 | (17 | (18 | (19 | (20 | (21 | (22 | !23))))))))))) | !11)) | !9)) | !7)) | !5) | !4)) | !2)) | !0)) & (t)] 0
[(!((1 | ((3 | (((6 | ((8 | ((10 | ((12 | (13 | (14 | (15 | (16 | (17 | (18 | (19 | (20 | (21 | (23 | !22))))))))))) | !11)) | !9)) | !7)) | !5) | !4)) | !2)) | !0)) & (t)] 0
[(!((((3 | (((6 | (7 | (8 | ((10 | ((12 | (13 | ((15 | (16 | (17 | (18 | (19 | (20 | 21)))))) | !14))) | !11)) | !9)))) | !5) | !4)) | !2) | !1) | !0)) & (!24)] 0
[(!(((2 | (3 | (((6 | (7 | (((10 | ((12 | ((14 | (15 | (16 | (17 | ((19 | (20 | (21 | !(22 & 23 | !22 & !23)))) | !18))))) | !13)) | !11)) | !9) | !8))) | !5) | !4))) | !1) | !0)) & (t)] 0
[(!(((2 | (3 | (((6 | (7 | (((10 | ((12 | ((14 | (15 | (16 | (17 | ((19 | (20 | (21 | (22 | !23)))) | !18))))) | !13)) | !11)) | !9) | !8))) | !5) | !4))) | !1) | !0)) & (t)] 0
[(!(((2 | (3 | (((6 | (7 | (((10 | ((12 | ((14 | (15 | (16 | (17 | ((19 | (20 | (21 | (23 | !22)))) | !18))))) | !13)) | !11)) | !9) | !8))) | !5) | !4))) | !1) | !0)) & (t)] 0
[(!((1 | ((3 | (4 | ((6 | (7 | (8 | ((((12 | (13 | (14 | (15 | (16 | (17 | (18 | (19 | (20 | 21))))))))) | !11) | !10) | !9)))) | !5))) | !2)) | !0)) & (t)] 0
[(!((1 | ((3 | (4 | (5 | (6 | (7 | (8 | ((10 | ((12 | (13 | (14 | (15 | (16 | (17 | (18 | ((20 | 21) | !19)))))))) | !11)) | !9))))))) | !2)) | !0)) & (t)] 0
[(!((1 | ((3 | (4 | (5 | (6 | ((8 | ((10 | (((13 | (14 | (15 | (16 | (17 | (18 | (19 | ((21 | !(22 & 23 | !22 & !23)) | !20)))))))) | !12) | !11)) | !9)) | !7))))) | !2)) | !0)) & (t)] 0
[(!((1 | ((3 | (4 | (5 | (6 | ((8 | ((10 | (((13 | (14 | (15 | (16 | (17 | (18 | (19 | ((21 | (22 | !23)) | !20)))))))) | !12) | !11)) | !9)) | !7))))) | !2)) | !0)) & (t)] 0
[(!((1 | ((3 | (4 | (5 | (6 | ((8 | ((10 | (((13 | (14 | (15 | (16 | (17 | (18 | (19 | ((21 | (23 | !22)) | !20)))))))) | !12) | !11)) | !9)) | !7))))) | !2)) | !0)) & (t)] 0
[(!((1 | ((3 | (4 | (5 | (6 | ((8 | ((10 | ((12 | (13 | (14 | ((16 | (17 | (18 | (19 | (20 | (21 | !(22 & 23 | !22 & !23))))))) | !15)))) | !11)) | !9)) | !7))))) | !2)) | !0)) & (t)] 0
[(!((1 | ((3 | (4 | (5 | (6 | ((8 | ((10 | ((12 | (13 | (14 | ((16 | (17 | (18 | (19 | (20 | (21 | (22 | !23))))))) | !15)))) | !11)) | !9)) | !7))))) | !2)) | !0)) & (t)] 0
[(!((1 | ((3 | (4 | (5 | (6 | ((8 | ((10 | ((12 | (13 | (14 | ((16 | (17 | (18 | (19 | (20 | (21 | (23 | !22))))))) | !15)))) | !11)) | !9)) | !7))))) | !2)) | !0)) & (t)] 0
[(!((1 | ((3 | (4 | ((6 | ((8 | ((10 | ((12 | (13 | (14 | ((16 | (17 | (18 | (19 | (20 | (21 | !(22 & 23 | !22 & !23))))))) | !15)))) | !11)) | !9)) | !7)) | !5))) | !2)) | !0)) & (t)] 0
[(!((1 | ((3 | (4 | ((6 | ((8 | ((10 | ((12 | (13 | (14 | ((16 | (17 | (18 | (19 | (20 | (21 | (22 | !23))))))) | !15)))) | !11)) | !9)) | !7)) | !5))) | !2)) | !0)) & (t)] 0
[(!((1 | ((3 | (4 | ((6 | ((8 | ((10 | ((12 | (13 | (14 | ((16 | (17 | (18 | (19 | (20 | (21 | (23 | !22))))))) | !15)))) | !11)) | !9)) | !7)) | !5))) | !2)) | !0)) & (t)] 0
[(!(0 | (1 | ((3 | (4 | ((6 | (7 | (8 | ((10 | ((12 | (13 | (14 | (15 | (16 | (17 | (18 | ((20 | 21) | !19)))))))) | !11)) | !9)))) | !5))) | !2)))) & (t)] 0
[(!(0 | (1 | ((3 | (4 | ((6 | ((8 | ((10 | (((13 | (14 | (15 | (16 | (17 | (18 | (19 | (20 | (21 | !(22 & 23 | !22 & !23)))))))))) | !12) | !11)) | !9)) | !7)) | !5))) | !2)))) & (t)] 0
[(!(0 | (1 | ((3 | (4 | ((6 | ((8 | ((10 | (((13 | (14 | (15 | (16 | (17 | (18 | (19 | (20 | (21 | (22 | !23)))))))))) | !12) | !11)) | !9)) | !7)) | !5))) | !2)))) & (t)] 0
[(!(1 | ((3 | (4 | ((6 | ((8 | ((10 | (((13 | (14 | (15 | (16 | (17 | (18 | (19 | (20 | (21 | (23 | !22)))))))))) | !12) | !11)) | !9)) | !7)) | !5))) | !2))) & (t)] 0
[(!((1 | ((3 | (4 | ((6 | ((8 | ((10 | (((13 | (14 | (15 | (16 | (17 | (18 | (19 | (20 | (21 | !(22 & 23 | !22 & !23)))))))))) | !12) | !11)) | !9)) | !7)) | !5))) | !2)) | !0)) & (t)] 0
[(!((1 | ((3 | (4 | ((6 | ((8 | ((10 | (((13 | (14 | (15 | (16 | (17 | (18 | (19 | (20 | (21 | (22 | !23)))))))))) | !12) | !11)) | !9)) | !7)) | !5))) | !2)) | !0)) & (t)] 0
[(!((1 | ((3 | (((6 | (7 | (8 | ((10 | ((12 | (13 | (14 | (15 | (16 | (17 | (18 | ((20 | 21) | !19)))))))) | !11)) | !9)))) | !5) | !4)) | !2)) | !0)) & (t)] 0
[(!((1 | ((3 | ((5 | (6 | ((8 | ((10 | (((13 | (14 | (15 | (16 | (17 | (18 | (19 | (20 | (21 | !(22 & 23 | !22 & !23)))))))))) | !12) | !11)) | !9)) | !7))) | !4)) | !2)) | !0)) & (t)] 0
[(!((1 | ((3 | ((5 | (6 | ((8 | ((10 | (((13 | (14 | (15 | (16 | (17 | (18 | (19 | (20 | (21 | (22 | !23)))))))))) | !12) | !11)) | !9)) | !7))) | !4)) | !2)) | !0)) & (t)] 0
[(!((1 | ((3 | ((5 | (6 | ((8 | ((10 | (((13 | (14 | (15 | (16 | (17 | (18 | (19 | (20 | (21 | (23 | !22)))))))))) | !12) | !11)) | !9)) | !7))) | !4)) | !2)) | !0)) & (t)] 0
[(!(0 | (1 | ((3 | (((6 | ((8 | ((10 | ((12 | (13 | (14 | ((16 | (17 | (18 | (19 | (20 | (21 | !(22 & 23 | !22 & !23))))))) | !15)))) | !11)) | !9)) | !7)) | !5) | !4)) | !2)))) & (t)] 0
[(!(0 | (1 | ((3 | (((6 | ((8 | ((10 | ((12 | (13 | (14 | ((16 | (17 | (18 | (19 | (20 | (21 | (22 | !23))))))) | !15)))) | !11)) | !9)) | !7)) | !5) | !4)) | !2)))) & (t)] 0
[(!(0 | (1 | ((3 | (((6 | ((8 | ((10 | ((12 | (13 | (14 | ((16 | (17 | (18 | (19 | (20 | (21 | (23 | !22))))))) | !15)))) | !11)) | !9)) | !7)) | !5) | !4)) | !2)))) & (t)] 0
[(!((((3 | (((6 | ((8 | ((10 | ((12 | (13 | (14 | (15 | (16 | (17 | (18 | (19 | (20 | (21 | !(22 & 23 | !22 & !23))))))))))) | !11)) | !9)) | !7)) | !5) | !4)) | !2) | !1) | !0)) & (t)] 0
[(!((((3 | (((6 | ((8 | ((10 | ((12 | (13 | (14 | (15 | (16 | (17 | (18 | (19 | (20 | (21 | (22 | !23))))))))))) | !11)) | !9)) | !7)) | !5) | !4)) | !2) | !1) | !0)) & (t)] 0
[(!((((3 | (((6 | ((8 | ((10 | ((12 | (13 | (14 | (15 | (16 | (17 | (18 | (19 | (20 | (21 | (23 | !22))))))))))) | !11)) | !9)) | !7)) | !5) | !4)) | !2) | !1) | !0)) & (t)] 0
[(!(((2 | (3 | (((6 | (7 | (8 | ((10 | ((12 | (13 | ((15 | (16 | (17 | (18 | (19 | (20 | 21)))))) | !14))) | !11)) | !9)))) | !5) | !4))) | !1) | !0)) & (24)] 0
[(!(((2 | (3 | (((6 | (7 | (((10 | ((12 | ((14 | (15 | (16 | (((19 | (20 | (21 | !(22 & 23 | !22 & !23)))) | !18) | !17)))) | !13)) | !11)) | !9) | !8))) | !5) | !4))) | !1) | !0)) & (t)] 0
[(!(((2 | (3 | (((6 | (7 | (((10 | ((12 | ((14 | (15 | (16 | (((19 | (20 | (21 | (22 | !23)))) | !18) | !17)))) | !13)) | !11)) | !9) | !8))) | !5) | !4))) | !1) | !0)) & (t)] 0
[(!(((2 | (3 | (((6 | (7 | (((10 | ((12 | ((14 | (15 | (16 | (((19 | (20 | (21 | (23 | !22)))) | !18) | !17)))) | !13)) | !11)) | !9) | !8))) | !5) | !4))) | !1) | !0)) & (t)] 0
[(!(((2 | (3 | (((6 | (7 | (8 | ((10 | ((12 | ((14 | (15 | ((17 | (18 | (19 | (20 | !(21 & (22 & 23 | !22 & !23)))))) | !16))) | !13)) | !11)) | !9)))) | !5) | !4))) | !1) | !0)) & (t)] 0
[(!(((2 | (3 | (((6 | (7 | (8 | ((10 | ((12 | ((14 | (15 | ((17 | (18 | (19 | (20 | ((22 | !23) | !21))))) | !16))) | !13)) | !11)) | !9)))) | !5) | !4))) | !1) | !0)) & (t)] 0
[(!(((2 | (3 | (((6 | (7 | (8 | ((10 | ((12 | ((14 | (15 | ((17 | (18 | (19 | (20 | ((23 | !22) | !21))))) | !16))) | !13)) | !11)) | !9)))) | !5) | !4))) | !1) | !0)) & (t)] 0
[(!((((3 | (((6 | (7 | (8 | ((10 | ((12 | ((14 | (15 | ((17 | (18 | (19 | (20 | !(21 & (22 & 23 | !22 & !23)))))) | !16))) | !13)) | !11)) | !9)))) | !5) | !4)) | !2) | !1) | !0)) & (t)] 0
[(!((((3 | (((6 | (7 | (8 | ((10 | ((12 | ((14 | (15 | ((17 | (18 | (19 | (20 | ((22 | !23) | !21))))) | !16))) | !13)) | !11)) | !9)))) | !5) | !4)) | !2) | !1) | !0)) & (t)] 0
[(!((((3 | (((6 | (7 | (8 | ((10 | ((12 | ((14 | (15 | ((17 | (18 | (19 | (20 | ((23 | !22) | !21))))) | !16))) | !13)) | !11)) | !9)))) | !5) | !4)) | !2) | !1) | !0)) & (t)] 0
[(!(((2 | (3 | (((6 | (7 | (((10 | (11 | (12 | (13 | ((15 | (16 | (((19 | (20 | 21)) | !18) | !17))) | !14))))) | !9) | !8))) | !5) | !4))) | !1) | !0)) & (24)] 0
[(!((1 | ((3 | (4 | (5 | (6 | (7 | (8 | ((((12 | (13 | (14 | (15 | (16 | (17 | (18 | (19 | (20 | 21))))))))) | !11) | !10) | !9))))))) | !2)) | !0)) & (t)] 0
[(!((1 | ((3 | (4 | (5 | (6 | (7 | (8 | ((10 | ((12 | (13 | (14 | (15 | (16 | (17 | (18 | ((21 | !20) | !19)))))))) | !11)) | !9))))))) | !2)) | !0)) & (t)] 0
[(!((1 | ((3 | (4 | (5 | (6 | ((8 | (9 | (10 | (((13 | (14 | (15 | (16 | (17 | (18 | (19 | ((21 | !(22 & 23 | !22 & !23)) | !20)))))))) | !12) | !11)))) | !7))))) | !2)) | !0)) & (t)] 0
[(!((1 | ((3 | (4 | (5 | (6 | ((8 | (9 | (10 | (((13 | (14 | (15 | (16 | (17 | (18 | (19 | ((21 | (22 | !23)) | !20)))))))) | !12) | !11)))) | !7))))) | !2)) | !0)) & (t)] 0
[(!((1 | ((3 | (4 | (5 | (6 | ((8 | (9 | (10 | (((13 | (14 | (15 | (16 | (17 | (18 | (19 | ((21 | (23 | !22)) | !20)))))))) | !12) | !11)))) | !7))))) | !2)) | !0)) & (t)] 0
[(!(0 | (1 | ((3 | (4 | ((6 | (7 | (8 | ((((12 | (13 | (14 | (15 | (16 | (17 | (18 | (19 | (20 | 21))))))))) | !11) | !10) | !9)))) | !5))) | !2)))) & (t)] 0
[(!((1 | ((3 | (((6 | (7 | (8 | ((((12 | (13 | (14 | (15 | (16 | (17 | (18 | (19 | (20 | 21))))))))) | !11) | !10) | !9)))) | !5) | !4)) | !2)) | !0)) & (t)] 0
[(!((1 | ((3 | ((5 | (6 | (7 | (8 | ((10 | ((12 | (13 | (14 | (15 | (16 | (17 | (18 | ((20 | 21) | !19)))))))) | !11)) | !9))))) | !4)) | !2)) | !0)) & (t)] 0
[(!((1 | ((3 | ((5 | (6 | ((8 | ((10 | (((13 | (14 | (15 | (16 | (17 | (18 | (19 | ((21 | !(22 & 23 | !22 & !23)) | !20)))))))) | !12) | !11)) | !9)) | !7))) | !4)) | !2)) | !0)) & (t)] 0
[(!((1 | ((3 | ((5 | (6 | ((8 | ((10 | (((13 | (14 | (15 | (16 | (17 | (18 | (19 | ((21 | (22 | !23)) | !20)))))))) | !12) | !11)) | !9)) | !7))) | !4)) | !2)) | !0)) & (t)] 0
[(!((1 | ((3 | ((5 | (6 | ((8 | ((10 | (((13 | (14 | (15 | (16 | (17 | (18 | (19 | ((21 | (23 | !22)) | !20)))))))) | !12) | !11)) | !9)) | !7))) | !4)) | !2)) | !0)) & (t)] 0
[(!((1 | ((3 | ((5 | (6 | ((8 | ((10 | ((12 | (13 | (14 | ((16 | (17 | (18 | (19 | (20 | (21 | !(22 & 23 | !22 & !23))))))) | !15)))) | !11)) | !9)) | !7))) | !4)) | !2)) | !0)) & (t)] 0
[(!((1 | ((3 | ((5 | (6 | ((8 | ((10 | ((12 | (13 | (14 | ((16 | (17 | (18 | (19 | (20 | (21 | (22 | !23))))))) | !15)))) | !11)) | !9)) | !7))) | !4)) | !2)) | !0)) & (t)] 0
[(!((1 | ((3 | ((5 | (6 | ((8 | ((10 | ((12 | (13 | (14 | ((16 | (17 | (18 | (19 | (20 | (21 | (23 | !22))))))) | !15)))) | !11)) | !9)) | !7))) | !4)) | !2)) | !0)) & (t)] 0
[(!((1 | ((3 | (((6 | ((8 | ((10 | ((12 | (13 | (14 | ((16 | (17 | (18 | (19 | (20 | (21 | !(22 & 23 | !22 & !23))))))) | !15)))) | !11)) | !9)) | !7)) | !5) | !4)) | !2)) | !0)) & (t)] 0
[(!((1 | ((3 | (((6 | ((8 | ((10 | ((12 | (13 | (14 | ((16 | (17 | (18 | (19 | (20 | (21 | (22 | !23))))))) | !15)))) | !11)) | !9)) | !7)) | !5) | !4)) | !2)) | !0)) & (t)] 0
[(!((1 | ((3 | (((6 | ((8 | ((10 | ((12 | (13 | (14 | ((16 | (17 | (18 | (19 | (20 | (21 | (23 | !22))))))) | !15)))) | !11)) | !9)) | !7)) | !5) | !4)) | !2)) | !0)) & (t)] 0
[(!(0 | (1 | ((3 | (((6 | (7 | (8 | ((10 | ((12 | (13 | (14 | (15 | (16 | (17 | (18 | ((20 | 21) | !19)))))))) | !11)) | !9)))) | !5) | !4)) | !2)))) & (t)] 0
[(!(0 | (1 | ((3 | (((6 | ((8 | ((10 | (((13 | (14 | (15 | (16 | (17 | (18 | (19 | (20 | (21 | !(22 & 23 | !22 & !23)))))))))) | !12) | !11)) | !9)) | !7)) | !5) | !4)) | !2)))) & (t)] 0
[(!(0 | (1 | ((3 | (((6 | ((8 | ((10 | (((13 | (14 | (15 | (16 | (17 | (18 | (19 | (20 | (21 | (22 | !23)))))))))) | !12) | !11)) | !9)) | !7)) | !5) | !4)) | !2)))) & (t)] 0
[(!(1 | ((3 | (((6 | ((8 | ((10 | (((13 | (14 | (15 | (16 | (17 | (18 | (19 | (20 | (21 | (23 | !22)))))))))) | !12) | !11)) | !9)) | !7)) | !5) | !4)) | !2))) & (t)] 0
[(!((1 | ((3 | (((6 | ((8 | ((10 | (((13 | (14 | (15 | (16 | (17 | (18 | (19 | (20 | (21 | !(22 & 23 | !22 & !23)))))))))) | !12) | !11)) | !9)) | !7)) | !5) | !4)) | !2)) | !0)) & (t)] 0
[(!((1 | ((3 | (((6 | ((8 | ((10 | (((13 | (14 | (15 | (16 | (17 | (18 | (19 | (20 | (21 | (22 | !23)))))))))) | !12) | !11)) | !9)) | !7)) | !5) | !4)) | !2)) | !0)) & (t)] 0
[(!((((3 | (((6 | (7 | (8 | ((10 | ((12 | (13 | (14 | (15 | (16 | (17 | (18 | ((20 | 21) | !19)))))))) | !11)) | !9)))) | !5) | !4)) | !2) | !1) | !0)) & (t)] 0
[(!((((3 | ((5 | (6 | ((8 | ((10 | (((13 | (14 | (15 | (16 | (17 | (18 | (19 | (20 | (21 | !(22 & 23 | !22 & !23)))))))))) | !12) | !11)) | !9)) | !7))) | !4)) | !2) | !1) | !0)) & (t)] 0
[(!((((3 | ((5 | (6 | ((8 | ((10 | (((13 | (14 | (15 | (16 | (17 | (18 | (19 | (20 | (21 | (22 | !23)))))))))) | !12) | !11)) | !9)) | !7))) | !4)) | !2) | !1) | !0)) & (t)] 0
[(!((((3 | ((5 | (6 | ((8 | ((10 | (((13 | (14 | (15 | (16 | (17 | (18 | (19 | (20 | (21 | (23 | !22)))))))))) | !12) | !11)) | !9)) | !7))) | !4)) | !2) | !1) | !0)) & (t)] 0
[(!(0 | (((3 | (((6 | ((8 | ((10 | ((12 | (13 | (14 | ((16 | (17 | (18 | (19 | (20 | (21 | !(22 & 23 | !22 & !23))))))) | !15)))) | !11)) | !9)) | !7)) | !5) | !4)) | !2) | !1))) & (t)] 0
[(!(0 | (((3 | (((6 | ((8 | ((10 | ((12 | (13 | (14 | ((16 | (17 | (18 | (19 | (20 | (21 | (22 | !23))))))) | !15)))) | !11)) | !9)) | !7)) | !5) | !4)) | !2) | !1))) & (t)] 0
[(!(0 | (((3 | (((6 | ((8 | ((10 | ((12 | (13 | (14 | ((16 | (17 | (18 | (19 | (20 | (21 | (23 | !22))))))) | !15)))) | !11)) | !9)) | !7)) | !5) | !4)) | !2) | !1))) & (t)] 0
[(!(((2 | (3 | ((((7 | (8 | ((10 | ((12 | (13 | (14 | (15 | ((17 | (18 | (19 | (20 | !21)))) | !16))))) | !11)) | !9))) | !6) | !5) | !4))) | !1) | !0)) & (t)] 0
[(!((((3 | ((((7 | (8 | ((10 | ((12 | (13 | (14 | (15 | ((17 | (18 | (19 | (20 | !21)))) | !16))))) | !11)) | !9))) | !6) | !5) | !4)) | !2) | !1) | !0)) & (t)] 0
[(!(((2 | (3 | (((6 | (7 | (8 | ((10 | ((12 | (13 | ((15 | (16 | ((18 | (19 | (20 | 21))) | !17))) | !14))) | !11)) | !9)))) | !5) | !4))) | !1) | !0)) & (24)] 0
[(!(((2 | (3 | (((6 | (7 | (((10 | (11 | (12 | ((14 | (15 | (16 | (((19 | (20 | (21 | !(22 & 23 | !22 & !23)))) | !18) | !17)))) | !13)))) | !9) | !8))) | !5) | !4))) | !1) | !0)) & (t)] 0
[(!(((2 | (3 | (((6 | (7 | (((10 | (11 | (12 | ((14 | (15 | (16 | (((19 | (20 | (21 | (22 | !23)))) | !18) | !17)))) | !13)))) | !9) | !8))) | !5) | !4))) | !1) | !0)) & (t)] 0
[(!(((2 | (3 | (((6 | (7 | (((10 | (11 | (12 | ((14 | (15 | (16 | (((19 | (20 | (21 | (23 | !22)))) | !18) | !17)))) | !13)))) | !9) | !8))) | !5) | !4))) | !1) | !0)) & (t)] 0
[(!(((2 | (3 | ((((7 | (8 | ((10 | (11 | (12 | (13 | (14 | (15 | (((18 | (19 | (20 | !21))) | !17) | !16))))))) | !9))) | !6) | !5) | !4))) | !1) | !0)) & (t)] 0
[(!(((2 | (3 | ((((7 | (8 | ((10 | ((12 | (13 | (14 | (15 | (((18 | (19 | (20 | !21))) | !17) | !16))))) | !11)) | !9))) | !6) | !5) | !4))) | !1) | !0)) & (t)] 0
[(!(((2 | (3 | ((5 | (6 | (7 | (((10 | (11 | (12 | (13 | ((15 | (16 | (((19 | (20 | 21)) | !18) | !17))) | !14))))) | !9) | !8)))) | !4))) | !1) | !0)) & (24)] 0
[(!((1 | ((3 | (4 | (5 | (6 | (7 | (8 | ((((12 | (13 | (14 | (15 | (16 | (17 | (18 | (19 | (21 | !20))))))))) | !11) | !10) | !9))))))) | !2)) | !0)) & (t)] 0
[(!((1 | ((3 | (4 | (5 | (6 | (7 | (8 | (9 | (10 | ((12 | (13 | (14 | (15 | (16 | (17 | (18 | (((21 | (22 | 23)) | !20) | !19)))))))) | !11))))))))) | !2)) | !0)) & (t)] 0
[(!((1 | ((3 | (4 | (5 | (6 | (7 | (8 | (9 | (10 | ((12 | (13 | (14 | (15 | (16 | (17 | (18 | (((21 | !(22 | 23)) | !20) | !19)))))))) | !11))))))))) | !2)) | !0)) & (!24)] 0
[(!((1 | ((3 | (4 | (5 | (6 | ((8 | (9 | (10 | ((12 | (13 | (14 | ((16 | (17 | (18 | (19 | ((21 | !(22 & 23 | !22 & !23)) | !20))))) | !15)))) | !11)))) | !7))))) | !2)) | !0)) & (t)] 0
[(!((1 | ((3 | (4 | (5 | (6 | ((8 | (10 | ((12 | (13 | (14 | ((16 | (17 | (18 | (19 | ((21 | (22 | !23)) | !20))))) | !15)))) | !11))) | !7))))) | !2)) | !0)) & (t)] 0
[(!((1 | ((3 | (4 | (5 | (6 | ((8 | (9 | (10 | ((12 | (13 | (14 | ((16 | (17 | (18 | (19 | ((21 | (23 | !22)) | !20))))) | !15)))) | !11)))) | !7))))) | !2)) | !0)) & (t)] 0
[(!((1 | ((3 | (4 | (5 | (6 | ((8 | ((10 | ((12 | (13 | (14 | ((16 | (17 | (18 | (19 | ((21 | !(22 & 23 | !22 & !23)) | !20))))) | !15)))) | !11)) | !9)) | !7))))) | !2)) | !0)) & (t)] 0
[(!((1 | ((3 | (4 | (5 | (6 | ((8 | ((10 | ((12 | (13 | (14 | ((16 | (17 | (18 | (19 | ((21 | (23 | !22)) | !20))))) | !15)))) | !11)) | !9)) | !7))))) | !2)) | !0)) & (t)] 0
[(!(0 | ((2 | (3 | (((6 | (7 | (((10 | (11 | (12 | (13 | ((15 | (16 | (((19 | (20 | 21)) | !18) | !17))) | !14))))) | !9) | !8))) | !5) | !4))) | !1))) & (24)] 0
[(!((1 | ((3 | ((5 | (6 | (7 | (8 | ((((12 | (13 | (14 | (15 | (16 | (17 | (18 | (19 | (20 | 21))))))))) | !11) | !10) | !9))))) | !4)) | !2)) | !0)) & (t)] 0
[(!((1 | ((3 | ((5 | (6 | (7 | (8 | ((10 | ((12 | (13 | (14 | (15 | (16 | (17 | (18 | ((21 | !20) | !19)))))))) | !11)) | !9))))) | !4)) | !2)) | !0)) & (t)] 0
[(!((1 | ((3 | ((5 | (6 | ((8 | (9 | (10 | (((13 | (14 | (15 | (16 | (17 | (18 | (19 | ((21 | !(22 & 23 | !22 & !23)) | !20)))))))) | !12) | !11)))) | !7))) | !4)) | !2)) | !0)) & (t)] 0
[(!((1 | ((3 | ((5 | (6 | ((8 | (9 | (10 | (((13 | (14 | (15 | (16 | (17 | (18 | (19 | ((21 | (22 | !23)) | !20)))))))) | !12) | !11)))) | !7))) | !4)) | !2)) | !0)) & (t)] 0
[(!((1 | ((3 | ((5 | (6 | ((8 | (9 | (10 | (((13 | (14 | (15 | (16 | (17 | (18 | (19 | ((21 | (23 | !22)) | !20)))))))) | !12) | !11)))) | !7))) | !4)) | !2)) | !0)) & (t)] 0
[(!(0 | (1 | ((3 | (((6 | (7 | (8 | ((((12 | (13 | (14 | (15 | (16 | (17 | (18 | (19 | (20 | 21))))))))) | !11) | !10) | !9)))) | !5) | !4)) | !2)))) & (t)] 0
[(!((((3 | (((6 | (7 | (8 | ((((12 | (13 | (14 | (15 | (16 | (17 | (18 | (19 | (20 | 21))))))))) | !11) | !10) | !9)))) | !5) | !4)) | !2) | !1) | !0)) & (t)] 0
[(!((((3 | ((5 | (6 | (7 | (8 | ((10 | ((12 | (13 | (14 | (15 | (16 | (17 | (18 | ((20 | 21) | !19)))))))) | !11)) | !9))))) | !4)) | !2) | !1) | !0)) & (t)] 0
[(!((((3 | ((5 | (6 | ((8 | ((10 | (((13 | (14 | (15 | (16 | (17 | (18 | (19 | ((21 | !(22 & 23 | !22 & !23)) | !20)))))))) | !12) | !11)) | !9)) | !7))) | !4)) | !2) | !1) | !0)) & (t)] 0
[(!((((3 | ((5 | (6 | ((8 | ((10 | (((13 | (14 | (15 | (16 | (17 | (18 | (19 | ((21 | (22 | !23)) | !20)))))))) | !12) | !11)) | !9)) | !7))) | !4)) | !2) | !1) | !0)) & (t)] 0
[(!((((3 | ((5 | (6 | ((8 | ((10 | (((13 | (14 | (15 | (16 | (17 | (18 | (19 | ((21 | (23 | !22)) | !20)))))))) | !12) | !11)) | !9)) | !7))) | !4)) | !2) | !1) | !0)) & (t)] 0
[(!((((3 | ((5 | (6 | ((8 | ((10 | ((12 | (13 | (14 | ((16 | (17 | (18 | (19 | (20 | (21 | !(22 & 23 | !22 & !23))))))) | !15)))) | !11)) | !9)) | !7))) | !4)) | !2) | !1) | !0)) & (t)] 0
[(!((((3 | ((5 | (6 | ((8 | ((10 | ((12 | (13 | (14 | ((16 | (17 | (18 | (19 | (20 | (21 | (22 | !23))))))) | !15)))) | !11)) | !9)) | !7))) | !4)) | !2) | !1) | !0)) & (t)] 0
[(!((((3 | ((5 | (6 | ((8 | ((10 | ((12 | (13 | (14 | ((16 | (17 | (18 | (19 | (20 | (21 | (23 | !22))))))) | !15)))) | !11)) | !9)) | !7))) | !4)) | !2) | !1) | !0)) & (t)] 0
[(!((((3 | (((6 | ((8 | ((10 | ((12 | (13 | (14 | ((16 | (17 | (18 | (19 | (20 | (21 | !(22 & 23 | !22 & !23))))))) | !15)))) | !11)) | !9)) | !7)) | !5) | !4)) | !2) | !1) | !0)) & (t)] 0
[(!((((3 | (((6 | ((8 | ((10 | ((12 | (13 | (14 | ((16 | (17 | (18 | (19 | (20 | (21 | (22 | !23))))))) | !15)))) | !11)) | !9)) | !7)) | !5) | !4)) | !2) | !1) | !0)) & (t)] 0
[(!((((3 | (((6 | ((8 | ((10 | ((12 | (13 | (14 | ((16 | (17 | (18 | (19 | (20 | (21 | (23 | !22))))))) | !15)))) | !11)) | !9)) | !7)) | !5) | !4)) | !2) | !1) | !0)) & (t)] 0
[(!(0 | (((3 | (((6 | (7 | (8 | ((10 | ((12 | (13 | (14 | (15 | (16 | (17 | (18 | ((20 | 21) | !19)))))))) | !11)) | !9)))) | !5) | !4)) | !2) | !1))) & (t)] 0
[(!(0 | (((3 | (((6 | ((8 | ((10 | (((13 | (14 | (15 | (16 | (17 | (18 | (19 | (20 | (21 | !(22 & 23 | !22 & !23)))))))))) | !12) | !11)) | !9)) | !7)) | !5) | !4)) | !2) | !1))) & (t)] 0
[(!(0 | (((3 | (((6 | ((8 | ((10 | (((13 | (14 | (15 | (16 | (17 | (18 | (19 | (20 | (21 | (22 | !23)))))))))) | !12) | !11)) | !9)) | !7)) | !5) | !4)) | !2) | !1))) & (t)] 0
[(!(((3 | (((6 | ((8 | ((10 | (((13 | (14 | (15 | (16 | (17 | (18 | (19 | (20 | (21 | (23 | !22)))))))))) | !12) | !11)) | !9)) | !7)) | !5) | !4)) | !2) | !1)) & (t)] 0
[(!((((3 | (((6 | ((8 | ((10 | (((13 | (14 | (15 | (16 | (17 | (18 | (19 | (20 | (21 | !(22 & 23 | !22 & !23)))))))))) | !12) | !11)) | !9)) | !7)) | !5) | !4)) | !2) | !1) | !0)) & (t)] 0
[(!((((3 | (((6 | ((8 | ((10 | (((13 | (14 | (15 | (16 | (17 | (18 | (19 | (20 | (21 | (22 | !23)))))))))) | !12) | !11)) | !9)) | !7)) | !5) | !4)) | !2) | !1) | !0)) & (t)] 0
[(!(((2 | (3 | (((6 | (7 | (8 | ((10 | (11 | (12 | (13 | ((15 | (16 | ((18 | (19 | (20 | 21))) | !17))) | !14))))) | !9)))) | !5) | !4))) | !1) | !0)) & (24)] 0
[(!(((2 | (3 | (((6 | (7 | (8 | ((10 | (11 | (12 | ((14 | (15 | (((18 | (19 | (20 | !(21 & (22 & 23 | !22 & !23))))) | !17) | !16))) | !13)))) | !9)))) | !5) | !4))) | !1) | !0)) & (t)] 0
[(!(((2 | (3 | (((6 | (7 | (8 | ((10 | (12 | ((14 | (15 | (((18 | (19 | (20 | ((22 | !23) | !21)))) | !17) | !16))) | !13))) | !9)))) | !5) | !4))) | !1) | !0)) & (t)] 0
[(!(((2 | (3 | (((6 | (7 | (8 | ((10 | (11 | (12 | ((14 | (15 | (((18 | (19 | (20 | ((23 | !22) | !21)))) | !17) | !16))) | !13)))) | !9)))) | !5) | !4))) | !1) | !0)) & (t)] 0
[(!(((2 | (3 | (((6 | (7 | (8 | ((10 | ((12 | ((14 | (15 | (((18 | (19 | (20 | !(21 & (22 & 23 | !22 & !23))))) | !17) | !16))) | !13)) | !11)) | !9)))) | !5) | !4))) | !1) | !0)) & (t)] 0
[(!(((2 | (3 | (((6 | (7 | (8 | ((10 | ((12 | ((14 | (15 | (((18 | (19 | (20 | ((23 | !22) | !21)))) | !17) | !16))) | !13)) | !11)) | !9)))) | !5) | !4))) | !1) | !0)) & (t)] 0
[(!(((2 | (3 | ((5 | ((7 | (8 | ((10 | (11 | (12 | (13 | (14 | (15 | (((18 | (19 | (20 | !21))) | !17) | !16))))))) | !9))) | !6)) | !4))) | !1) | !0)) & (t)] 0
[(!(((2 | (3 | ((5 | ((7 | (8 | ((10 | ((12 | (13 | (14 | (15 | (((18 | (19 | (20 | !21))) | !17) | !16))))) | !11)) | !9))) | !6)) | !4))) | !1) | !0)) & (t)] 0
[(!(((2 | (3 | ((5 | (6 | (7 | (((10 | (11 | (12 | (13 | ((15 | (16 | (((19 | (21 | !20)) | !18) | !17))) | !14))))) | !9) | !8)))) | !4))) | !1) | !0)) & (24)] 0
[(!((1 | ((3 | (4 | (5 | (6 | (7 | (8 | (9 | (((12 | (13 | (14 | (15 | (16 | (17 | (18 | (19 | (21 | !20))))))))) | !11) | !10)))))))) | !2)) | !0)) & (t)] 0
[(!((1 | ((3 | (4 | (5 | (6 | (7 | (8 | (9 | (10 | ((12 | (13 | (14 | ((16 | (17 | (18 | (((21 | (22 | 23)) | !20) | !19)))) | !15)))) | !11))))))))) | !2)) | !0)) & (t)] 0
[(!((1 | ((3 | (4 | (5 | (6 | (7 | (8 | (9 | (10 | ((12 | (13 | (14 | ((16 | (17 | (18 | (((21 | !(22 | 23)) | !20) | !19)))) | !15)))) | !11))))))))) | !2)) | !0)) & (!24)] 0
[(!((1 | ((3 | (4 | (5 | (6 | (7 | (8 | ((10 | ((12 | (13 | (14 | ((16 | (17 | (18 | ((21 | !20) | !19)))) | !15)))) | !11)) | !9))))))) | !2)) | !0)) & (t)] 0
[(!(0 | ((2 | (3 | ((((7 | (8 | ((10 | (11 | (12 | (13 | (14 | (15 | (((18 | (19 | (20 | !21))) | !17) | !16))))))) | !9))) | !6) | !5) | !4))) | !1))) & (t)] 0
[(!(0 | ((2 | (3 | ((((7 | (8 | ((10 | ((12 | (13 | (14 | (15 | (((18 | (19 | (20 | !21))) | !17) | !16))))) | !11)) | !9))) | !6) | !5) | !4))) | !1))) & (t)] 0
[(!((1 | ((3 | ((5 | (6 | (7 | (8 | ((((12 | (13 | (14 | (15 | (16 | (17 | (18 | (19 | (21 | !20))))))))) | !11) | !10) | !9))))) | !4)) | !2)) | !0)) & (t)] 0
[(!((1 | ((3 | ((5 | (6 | (7 | (8 | (9 | (10 | ((12 | (13 | (14 | (15 | (16 | (17 | (18 | (((21 | (22 | 23)) | !20) | !19)))))))) | !11))))))) | !4)) | !2)) | !0)) & (t)] 0
[(!((1 | ((3 | ((5 | (6 | (7 | (8 | (9 | (10 | ((12 | (13 | (14 | (15 | (16 | (17 | (18 | (((21 | !(22 | 23)) | !20) | !19)))))))) | !11))))))) | !4)) | !2)) | !0)) & (!24)] 0
[(!((1 | ((3 | ((5 | (6 | ((8 | (9 | (10 | ((12 | (13 | (14 | ((16 | (17 | (18 | (19 | ((21 | !(22 & 23 | !22 & !23)) | !20))))) | !15)))) | !11)))) | !7))) | !4)) | !2)) | !0)) & (t)] 0
[(!((1 | ((3 | ((5 | (6 | ((8 | (10 | ((12 | (13 | (14 | ((16 | (17 | (18 | (19 | ((21 | (22 | !23)) | !20))))) | !15)))) | !11))) | !7))) | !4)) | !2)) | !0)) & (t)] 0
[(!((1 | ((3 | ((5 | (6 | ((8 | (9 | (10 | ((12 | (13 | (14 | ((16 | (17 | (18 | (19 | ((21 | (23 | !22)) | !20))))) | !15)))) | !11)))) | !7))) | !4)) | !2)) | !0)) & (t)] 0
[(!((1 | ((3 | ((5 | (6 | ((8 | ((10 | ((12 | (13 | (14 | ((16 | (17 | (18 | (19 | ((21 | !(22 & 23 | !22 & !23)) | !20))))) | !15)))) | !11)) | !9)) | !7))) | !4)) | !2)) | !0)) & (t)] 0
[(!((1 | ((3 | ((5 | (6 | ((8 | ((10 | ((12 | (13 | (14 | ((16 | (17 | (18 | (19 | ((21 | (23 | !22)) | !20))))) | !15)))) | !11)) | !9)) | !7))) | !4)) | !2)) | !0)) & (t)] 0
[(!((((3 | ((5 | (6 | (7 | (8 | ((((12 | (13 | (14 | (15 | (16 | (17 | (18 | (19 | (20 | 21))))))))) | !11) | !10) | !9))))) | !4)) | !2) | !1) | !0)) & (t)] 0
[(!((((3 | ((5 | (6 | (7 | (8 | ((10 | ((12 | (13 | (14 | (15 | (16 | (17 | (18 | ((21 | !20) | !19)))))))) | !11)) | !9))))) | !4)) | !2) | !1) | !0)) & (t)] 0
[(!((((3 | ((5 | (6 | ((8 | (9 | (10 | (((13 | (14 | (15 | (16 | (17 | (18 | (19 | ((21 | !(22 & 23 | !22 & !23)) | !20)))))))) | !12) | !11)))) | !7))) | !4)) | !2) | !1) | !0)) & (t)] 0
[(!((((3 | ((5 | (6 | ((8 | (9 | (10 | (((13 | (14 | (15 | (16 | (17 | (18 | (19 | ((21 | (22 | !23)) | !20)))))))) | !12) | !11)))) | !7))) | !4)) | !2) | !1) | !0)) & (t)] 0
[(!((((3 | ((5 | (6 | ((8 | (9 | (10 | (((13 | (14 | (15 | (16 | (17 | (18 | (19 | ((21 | (23 | !22)) | !20)))))))) | !12) | !11)))) | !7))) | !4)) | !2) | !1) | !0)) & (t)] 0
[(!(0 | (((3 | (((6 | (7 | (8 | ((((12 | (13 | (14 | (15 | (16 | (17 | (18 | (19 | (20 | 21))))))))) | !11) | !10) | !9)))) | !5) | !4)) | !2) | !1))) & (t)] 0
[(!(((2 | (3 | ((5 | (6 | (7 | (8 | ((10 | (11 | (12 | (13 | ((15 | (16 | ((18 | (19 | (20 | 21))) | !17))) | !14))))) | !9))))) | !4))) | !1) | !0)) & (24)] 0
[(!(((2 | (3 | ((5 | (6 | (7 | (8 | ((10 | ((12 | (13 | ((15 | (16 | ((18 | (19 | (20 | 21))) | !17))) | !14))) | !11)) | !9))))) | !4))) | !1) | !0)) & (24)] 0
[(!(((2 | (3 | ((5 | ((7 | (8 | ((10 | (11 | (12 | (13 | (14 | (15 | (((18 | (19 | !(20 & 21))) | !17) | !16))))))) | !9))) | !6)) | !4))) | !1) | !0)) & (t)] 0
[(!(((2 | (3 | ((5 | ((7 | (8 | ((10 | ((12 | (13 | (14 | (15 | (((18 | (19 | !(20 & 21))) | !17) | !16))))) | !11)) | !9))) | !6)) | !4))) | !1) | !0)) & (t)] 0
[(!(((2 | (3 | ((5 | (6 | (7 | ((9 | (10 | (11 | (12 | (13 | ((15 | (16 | (((19 | (21 | !20)) | !18) | !17))) | !14)))))) | !8)))) | !4))) | !1) | !0)) & (24)] 0
[(!(0 | ((2 | (3 | (((6 | (7 | (8 | ((10 | (11 | (12 | (13 | ((15 | (16 | ((18 | (19 | (20 | 21))) | !17))) | !14))))) | !9)))) | !5) | !4))) | !1))) & (24)] 0
[(!(0 | ((2 | (3 | (((6 | (7 | (8 | ((10 | ((12 | (13 | ((15 | (16 | ((18 | (19 | (20 | 21))) | !17))) | !14))) | !11)) | !9)))) | !5) | !4))) | !1))) & (24)] 0
[(!((1 | ((3 | ((5 | (6 | (7 | (8 | (9 | (((12 | (13 | (14 | (15 | (16 | (17 | (18 | (19 | (21 | !20))))))))) | !11) | !10)))))) | !4)) | !2)) | !0)) & (t)] 0
[(!((1 | ((3 | ((5 | (6 | (7 | (8 | (9 | (10 | ((12 | (13 | (14 | ((16 | (17 | (18 | (((21 | (22 | 23)) | !20) | !19)))) | !15)))) | !11))))))) | !4)) | !2)) | !0)) & (t)] 0
[(!((1 | ((3 | ((5 | (6 | (7 | (8 | (9 | (10 | ((12 | (13 | (14 | ((16 | (17 | (18 | (((21 | !(22 | 23)) | !20) | !19)))) | !15)))) | !11))))))) | !4)) | !2)) | !0)) & (!24)] 0
[(!((1 | ((3 | ((5 | (6 | (7 | (8 | ((10 | ((12 | (13 | (14 | ((16 | (17 | (18 | ((21 | !20) | !19)))) | !15)))) | !11)) | !9))))) | !4)) | !2)) | !0)) & (t)] 0
[(!((((3 | ((5 | (6 | (7 | (8 | ((((12 | (13 | (14 | (15 | (16 | (17 | (18 | (19 | (21 | !20))))))))) | !11) | !10) | !9))))) | !4)) | !2) | !1) | !0)) & (t)] 0
[(!((((3 | ((5 | (6 | (7 | (8 | (9 | (10 | ((12 | (13 | (14 | (15 | (16 | (17 | (18 | (((21 | (22 | 23)) | !20) | !19)))))))) | !11))))))) | !4)) | !2) | !1) | !0)) & (t)] 0
[(!((((3 | ((5 | (6 | (7 | (8 | (9 | (10 | ((12 | (13 | (14 | (15 | (16 | (17 | (18 | (((21 | !(22 | 23)) | !20) | !19)))))))) | !11))))))) | !4)) | !2) | !1) | !0)) & (!24)] 0
[(!((((3 | ((5 | (6 | ((8 | (9 | (10 | ((12 | (13 | (14 | ((16 | (17 | (18 | (19 | ((21 | !(22 & 23 | !22 & !23)) | !20))))) | !15)))) | !11)))) | !7))) | !4)) | !2) | !1) | !0)) & (t)] 0
[(!((((3 | ((5 | (6 | ((8 | (10 | ((12 | (13 | (14 | ((16 | (17 | (18 | (19 | ((21 | (22 | !23)) | !20))))) | !15)))) | !11))) | !7))) | !4)) | !2) | !1) | !0)) & (t)] 0
[(!((((3 | ((5 | (6 | ((8 | (9 | (10 | ((12 | (13 | (14 | ((16 | (17 | (18 | (19 | ((21 | (23 | !22)) | !20))))) | !15)))) | !11)))) | !7))) | !4)) | !2) | !1) | !0)) & (t)] 0
[(!((((3 | ((5 | (6 | ((8 | ((10 | ((12 | (13 | (14 | ((16 | (17 | (18 | (19 | ((21 | !(22 & 23 | !22 & !23)) | !20))))) | !15)))) | !11)) | !9)) | !7))) | !4)) | !2) | !1) | !0)) & (t)] 0
[(!((((3 | ((5 | (6 | ((8 | ((10 | ((12 | (13 | (14 | ((16 | (17 | (18 | (19 | ((21 | (23 | !22)) | !20))))) | !15)))) | !11)) | !9)) | !7))) | !4)) | !2) | !1) | !0)) & (t)] 0
[(!(((2 | (3 | ((5 | ((7 | (8 | ((10 | ((12 | (13 | (14 | (15 | ((17 | (18 | (19 | (20 | !21)))) | !16))))) | !11)) | !9))) | !6)) | !4))) | !1) | !0)) & (t)] 0
[(!(((2 | (3 | ((5 | (6 | (7 | (8 | ((10 | (11 | (12 | (13 | ((15 | (16 | ((18 | (19 | (21 | !20))) | !17))) | !14))))) | !9))))) | !4))) | !1) | !0)) & (24)] 0
[(!(((2 | (3 | ((5 | (6 | (7 | (8 | ((10 | ((12 | (13 | ((15 | (16 | ((18 | (19 | (21 | !20))) | !17))) | !14))) | !11)) | !9))))) | !4))) | !1) | !0)) & (24)] 0
[(!(((2 | (3 | ((5 | ((7 | (8 | (9 | (10 | (11 | (12 | (13 | (14 | (15 | (((18 | (19 | !(20 & 21))) | !17) | !16)))))))))) | !6)) | !4))) | !1) | !0)) & (t)] 0
[(!(((2 | (3 | ((5 | ((7 | (8 | (9 | (10 | ((12 | (13 | (14 | (15 | (((18 | (19 | !(20 & 21))) | !17) | !16))))) | !11))))) | !6)) | !4))) | !1) | !0)) & (t)] 0
[(!(0 | ((2 | (3 | ((((7 | (8 | ((10 | ((12 | (13 | (14 | (15 | ((17 | (18 | (19 | (20 | !21)))) | !16))))) | !11)) | !9))) | !6) | !5) | !4))) | !1))) & (t)] 0
[(!((((3 | ((5 | (6 | (7 | (8 | (9 | (((12 | (13 | (14 | (15 | (16 | (17 | (18 | (19 | (21 | !20))))))))) | !11) | !10)))))) | !4)) | !2) | !1) | !0)) & (t)] 0
[(!((((3 | ((5 | (6 | (7 | (8 | (9 | (10 | ((12 | (13 | (14 | ((16 | (17 | (18 | (((21 | (22 | 23)) | !20) | !19)))) | !15)))) | !11))))))) | !4)) | !2) | !1) | !0)) & (t)] 0
[(!((((3 | ((5 | (6 | (7 | (8 | (9 | (10 | ((12 | (13 | (14 | ((16 | (17 | (18 | (((21 | !(22 | 23)) | !20) | !19)))) | !15)))) | !11))))))) | !4)) | !2) | !1) | !0)) & (!24)] 0
[(!((((3 | ((5 | (6 | (7 | (8 | ((10 | ((12 | (13 | (14 | ((16 | (17 | (18 | ((21 | !20) | !19)))) | !15)))) | !11)) | !9))))) | !4)) | !2) | !1) | !0)) & (t)] 0
[(!(((2 | (3 | ((5 | (6 | (7 | (8 | ((10 | ((12 | (13 | ((15 | (16 | (17 | (18 | (19 | (20 | 21)))))) | !14))) | !11)) | !9))))) | !4))) | !1) | !0)) & (24)] 0
[(!(((2 | (3 | ((5 | ((7 | (8 | ((10 | ((12 | (13 | (14 | (15 | ((17 | (18 | (19 | !(20 & 21)))) | !16))))) | !11)) | !9))) | !6)) | !4))) | !1) | !0)) & (t)] 0
[(!(((2 | (3 | ((5 | (6 | (7 | (8 | (9 | (10 | (11 | (12 | (13 | ((15 | (16 | ((18 | (19 | (21 | !20))) | !17))) | !14)))))))))) | !4))) | !1) | !0)) & (24)] 0
[(!(((2 | (3 | ((5 | (6 | (7 | (8 | (9 | (10 | ((12 | (13 | ((15 | (16 | ((18 | (19 | (21 | !20))) | !17))) | !14))) | !11))))))) | !4))) | !1) | !0)) & (24)] 0
[(!(0 | ((2 | (3 | (((6 | (7 | (8 | ((10 | ((12 | (13 | ((15 | (16 | (17 | (18 | (19 | (20 | 21)))))) | !14))) | !11)) | !9)))) | !5) | !4))) | !1))) & (24)] 0
[(!((((3 | ((5 | ((7 | (8 | ((10 | ((12 | (13 | (14 | (15 | ((17 | (18 | (19 | (20 | !21)))) | !16))))) | !11)) | !9))) | !6)) | !4)) | !2) | !1) | !0)) & (t)] 0
[(!(((2 | (3 | ((5 | (6 | (7 | (8 | ((10 | ((12 | (13 | ((15 | (16 | (17 | (18 | (19 | (21 | !20)))))) | !14))) | !11)) | !9))))) | !4))) | !1) | !0)) & (24)] 0
[(!(((2 | (3 | ((5 | ((7 | (8 | (9 | (10 | ((12 | (13 | (14 | (15 | ((17 | (18 | (19 | !(20 & 21)))) | !16))))) | !11))))) | !6)) | !4))) | !1) | !0)) & (t)] 0
[(!(0 | (((3 | ((((7 | (8 | ((10 | ((12 | (13 | (14 | (15 | ((17 | (18 | (19 | (20 | !21)))) | !16))))) | !11)) | !9))) | !6) | !5) | !4)) | !2) | !1))) & (t)] 0
[(!((((3 | ((5 | (6 | (7 | (8 | ((10 | ((12 | (13 | ((15 | (16 | (17 | (18 | (19 | (20 | 21)))))) | !14))) | !11)) | !9))))) | !4)) | !2) | !1) | !0)) & (!24)] 0
[(!((((3 | ((5 | ((7 | (8 | ((10 | ((12 | (13 | (14 | (15 | ((17 | (18 | (19 | !(20 & 21)))) | !16))))) | !11)) | !9))) | !6)) | !4)) | !2) | !1) | !0)) & (t)] 0
[(!(((2 | (3 | ((5 | (6 | (7 | (8 | (9 | (10 | ((12 | (13 | ((15 | (16 | (17 | (18 | (19 | (21 | !20)))))) | !14))) | !11))))))) | !4))) | !1) | !0)) & (24)] 0
[(!(0 | (((3 | (((6 | (7 | (8 | ((10 | ((12 | (13 | ((15 | (16 | (17 | (18 | (19 | (20 | 21)))))) | !14))) | !11)) | !9)))) | !5) | !4)) | !2) | !1))) & (!24)] 0
[(!((((3 | ((5 | (6 | ((8 | ((10 | ((12 | (13 | (14 | (15 | (16 | (17 | (18 | (19 | (20 | (21 | !(22 & 23 | !22 & !23))))))))))) | !11)) | !9)) | !7))) | !4)) | !2) | !1) | !0)) & (t)] 0
[(!((((3 | ((5 | (6 | ((8 | ((10 | ((12 | (13 | (14 | (15 | (16 | (17 | (18 | (19 | (20 | (21 | (22 | !23))))))))))) | !11)) | !9)) | !7))) | !4)) | !2) | !1) | !0)) & (t)] 0
[(!((((3 | ((5 | (6 | ((8 | ((10 | ((12 | (13 | (14 | (15 | (16 | (17 | (18 | (19 | (20 | (21 | (23 | !22))))))))))) | !11)) | !9)) | !7))) | !4)) | !2) | !1) | !0)) & (t)] 0
[(!((((3 | ((5 | (6 | (7 | (8 | ((10 | ((12 | (13 | ((15 | (16 | (17 | (18 | (19 | (21 | !20)))))) | !14))) | !11)) | !9))))) | !4)) | !2) | !1) | !0)) & (!24)] 0
[(!((((3 | ((5 | ((7 | (8 | (9 | (10 | ((12 | (13 | (14 | (15 | ((17 | (18 | (19 | !(20 & 21)))) | !16))))) | !11))))) | !6)) | !4)) | !2) | !1) | !0)) & (t)] 0
[(!(0 | (((3 | (((6 | ((8 | ((10 | ((12 | (13 | (14 | (15 | (16 | (17 | (18 | (19 | (20 | (21 | !(22 & 23 | !22 & !23))))))))))) | !11)) | !9)) | !7)) | !5) | !4)) | !2) | !1))) & (t)] 0
[(!(0 | (((3 | (((6 | ((8 | ((10 | ((12 | (13 | (14 | (15 | (16 | (17 | (18 | (19 | (20 | (21 | (22 | !23))))))))))) | !11)) | !9)) | !7)) | !5) | !4)) | !2) | !1))) & (t)] 0
[(!(0 | (((3 | (((6 | ((8 | ((10 | ((12 | (13 | (14 | (15 | (16 | (17 | (18 | (19 | (20 | (21 | (23 | !22))))))))))) | !11)) | !9)) | !7)) | !5) | !4)) | !2) | !1))) & (t)] 0
[(!((((3 | ((5 | (6 | ((8 | ((10 | ((12 | (13 | (14 | (15 | (16 | (17 | (18 | (19 | ((21 | !(22 & 23 | !22 & !23)) | !20))))))))) | !11)) | !9)) | !7))) | !4)) | !2) | !1) | !0)) & (t)] 0
[(!((((3 | ((5 | (6 | ((8 | ((10 | ((12 | (13 | (14 | (15 | (16 | (17 | (18 | (19 | ((21 | (22 | !23)) | !20))))))))) | !11)) | !9)) | !7))) | !4)) | !2) | !1) | !0)) & (t)] 0
[(!((((3 | ((5 | (6 | ((8 | ((10 | ((12 | (13 | (14 | (15 | (16 | (17 | (18 | (19 | ((21 | (23 | !22)) | !20))))))))) | !11)) | !9)) | !7))) | !4)) | !2) | !1) | !0)) & (t)] 0
[(!((((3 | ((5 | (6 | (7 | (8 | (9 | (10 | ((12 | (13 | ((15 | (16 | (17 | (18 | (19 | (21 | !20)))))) | !14))) | !11))))))) | !4)) | !2) | !1) | !0)) & (!24)] 0
[(!((((3 | ((5 | (6 | ((8 | (9 | (10 | ((12 | (13 | (14 | (15 | (16 | (17 | (18 | (19 | ((21 | !(22 & 23 | !22 & !23)) | !20))))))))) | !11)))) | !7))) | !4)) | !2) | !1) | !0)) & (t)] 0
[(!((((3 | ((5 | (6 | ((8 | (9 | (10 | ((12 | (13 | (14 | (15 | (16 | (17 | (18 | (19 | ((21 | (22 | !23)) | !20))))))))) | !11)))) | !7))) | !4)) | !2) | !1) | !0)) & (t)] 0
[(!((((3 | ((5 | (6 | ((8 | (9 | (10 | ((12 | (13 | (14 | (15 | (16 | (17 | (18 | (19 | ((21 | (23 | !22)) | !20))))))))) | !11)))) | !7))) | !4)) | !2) | !1) | !0)) & (t)] 0
[(0 & (1 & (2 & (3 | ((5 & (6 & (7 | (8 | ((10 | ((12 | (13 | (14 | (15 | ((17 | (18 | (19 | (20 | !21)))) | !16))))) | !11)) | !9))) | !6 & (7 & (8 | ((10 | ((12 & (13 | (14 | (15 | (16 | (17 | (18 | (19 | (20 | 21)))))))) | !12 & (13 | (14 | (16 | (17 | (18 | (19 | (20 | 21)))))))) | !11)) | !9)) | !7 & (8 & ((10 | ((12 | ((14 | (15 | (16 | (17 | ((19 | (20 | 21)) | !18))))) | !13)) | !11)) | !9) | !8 & ((10 & ((12 | (13 | (14 | (15 | (16 | (17 | (18 | (19 | (20 | 21))))))))) | !11) | !10 & ((12 | (13 & (14 | (15 | ((17 | (18 | (19 | (20 | !21)))) | !16))) | !13 & (14 & (15 | (16 | (17 | (18 | (19 | (20 | 21)))))) | !14 & (15 | (16 | (17 | (18 | ((20 | 21) | !19)))))))) | !11)) | !9)))) | !5 & (6 & (7 | (8 | (9 & (10 | ((12 | (13 | (14 | (15 | ((17 | (18 | (19 | !21))) | !16))))) | !11)) | !9 & (10 | ((12 | (13 | (14 | (15 | ((17 | (18 | (19 | !(20 & 21)))) | !16))))) | !11))))) | !6 & (7 & (8 | (9 & (10 | ((12 & (13 | (14 | (15 | (16 | (17 | (18 | (19 | 21))))))) | !12 & (13 | (14 | (16 | (17 | (18 | (19 | 21))))))) | !11)) | !9 & (10 | ((12 & (13 | (14 | (15 | (16 | (17 | (18 | (19 | (21 | !20)))))))) | !12 & (13 | (14 | (16 | (17 | (18 | (19 | (21 | !20)))))))) | !11)))) | !7 & (8 | (9 & (10 & ((12 | (13 | (14 | (15 | (16 | (17 | (18 | (19 | 21)))))))) | !11) | !10 & ((12 | (13 | (14 & (15 | (16 | (17 | (18 | (19 | 21))))) | !14 & (15 & (16 | (17 | (18 | ((21 | !20) | !19)))) | !15 & (16 | (17 | (18 | (21 | !19)))))))) | !11)) | !9 & (10 & ((12 | (13 | (14 | (15 | (16 | (17 | (18 | (19 | (21 | !20))))))))) | !11) | !10 & ((12 | (13 | (14 & (15 | (16 | (17 | (18 | (19 | (21 | !20)))))) | !14 & (16 | (17 | (18 | ((21 | !20) | !19))))))) | !11))))))) | !4)) | !2 & (3 | ((5 & (6 & (7 | (8 | ((10 | (11 & (12 | (13 | (14 | (15 | ((18 | (19 | (20 | !21))) | !16))))) | !11 & (12 | (13 | (14 | (15 | (((18 | (19 | (20 | !21))) | !17) | !16))))))) | !9))) | !6 & (7 | (8 & ((10 | (11 & (12 | ((14 | (15 | (16 | ((19 | (20 | 21)) | !18)))) | !13)) | !11 & (12 | (13 & (14 | (15 | (16 | (((19 | (20 | 21)) | !18) | !17)))) | !13 & ((15 | (16 | (((19 | (20 | 21)) | !18) | !17))) | !14))))) | !9) | !8 & ((10 | (11 & (12 | (13 & (14 | (15 | ((18 | (19 | (20 | !21))) | !16))) | !13 & ((15 | (16 | (18 | (19 | (20 | 21))))) | !14))) | !11 & (12 | (13 & (14 | (15 | (((18 | (19 | (20 | !21))) | !17) | !16))) | !13 & ((15 | (16 | ((18 | (19 | (20 | 21))) | !17))) | !14))))) | !9)))) | !5 & (6 & (7 | (8 | (9 & (10 | (11 & (12 | (13 | (14 | (15 | ((18 | (19 | !21)) | !16))))) | !11 & (12 | (13 | (14 | (15 | (((18 | (19 | !21)) | !17) | !16))))))) | !9 & (10 | (11 & (12 | (13 | (14 | (15 | ((18 | (19 | !(20 & 21))) | !16))))) | !11 & (12 | (13 | (14 | (15 | (((18 | (19 | !(20 & 21))) | !17) | !16)))))))))) | !6 & (7 | (8 & (9 & (10 | (11 | (12 | (13 | ((15 | (16 | (((19 | 21) | !18) | !17))) | !14))))) | !9 & (10 | (11 | (12 | (13 | ((15 | (16 | (((19 | (21 | !20)) | !18) | !17))) | !14)))))) | !8 & (9 & (10 | (11 & (12 | (13 | ((15 | (16 | (18 | (19 | 21)))) | !14))) | !11 & (12 | (13 | ((15 | (16 | ((18 | (19 | 21)) | !17))) | !14))))) | !9 & (10 | (11 & (12 | (13 | ((15 | (16 | (18 | (19 | (21 | !20))))) | !14))) | !11 & (12 | (13 | ((15 | (16 | ((18 | (19 | (21 | !20))) | !17))) | !14)))))))))) | !4))) | !1 & ((3 | (4 & (5 & (6 | (7 & (8 | ((10 | ((12 & (13 | (14 | (15 | (16 | (17 | (18 | (19 | (20 | 21)))))))) | !12 & (13 | (14 | (16 | (17 | (18 | (19 | (20 | 21)))))))) | !11)) | !9)) | !7 & (8 & ((10 | ((12 | ((14 | (15 | (16 | (17 | ((19 | (20 | 21)) | !18))))) | !13)) | !11)) | !9) | !8 & ((10 & ((12 | (13 | (14 | (15 | (16 | (17 | (18 | (19 | (20 | 21))))))))) | !11) | !10 & ((12 | (13 & (14 | (15 | ((17 | (18 | (19 | (20 | !21)))) | !16))) | !13 & (14 & (15 | (16 | (17 | (18 | (19 | (20 | 21)))))) | !14 & (15 | (16 | (17 | (18 | ((20 | 21) | !19)))))))) | !11)) | !9)))) | !5 & (6 | (7 & (8 | (9 & (10 | ((12 & (13 | (14 | (15 | (16 | (17 | (18 | (19 | 21))))))) | !12 & (13 | (14 | ((16 | (17 | (18 | (19 | 21)))) | !15)))) | !11)) | !9 & (10 | ((12 & (13 | (14 | (15 | (16 | (17 | (18 | (19 | (21 | !20)))))))) | !12 & (13 | (14 | ((16 | (17 | (18 | (19 | (21 | !20))))) | !15)))) | !11)))) | !7 & (8 | (9 & (10 & ((12 | (13 | (14 | (15 | (16 | (17 | (18 | (19 | 21)))))))) | !11) | !10 & ((12 | (13 | (14 | (15 & (16 | (17 | (18 | ((21 | !20) | !19)))) | !15 & (16 | (17 | (18 | (21 | !19)))))))) | !11)) | !9 & (10 & ((12 | (13 | (14 | (15 | (16 | (17 | (18 | (19 | (21 | !20))))))))) | !11) | !10 & ((12 | (13 | (14 | (16 | (17 | (18 | ((21 | !20) | !19))))))) | !11))))))) | !4 & (5 & (6 | (7 & (8 | ((10 | ((12 & (13 | (14 | (15 | (16 | (17 | (18 | (19 | (20 | 21)))))))) | !12 & (13 | (14 | (16 | (17 | (18 | (19 | (20 | 21)))))))) | !11)) | !9)) | !7 & (8 | ((10 & ((12 | (13 | (14 | (15 | (16 | (17 | (18 | (19 | (20 | 21))))))))) | !11) | !10 & ((12 | (13 & (14 | (15 | (16 & (17 | (18 | (19 | (20 | !21)))) | !16 & (17 | (18 | (19 | (20 | 21))))))) | !13 & (14 & (15 | (16 | (17 | (18 | (19 | (20 | 21)))))) | !14 & (15 | (16 | (17 | (18 | ((20 | 21) | !19)))))))) | !11)) | !9)))) | !5 & (6 | (7 & (8 | (9 & (10 | ((12 & (13 | (14 | (15 | (16 | (17 | (18 | (19 | 21))))))) | !12 & (13 | (14 | ((16 | (17 | (18 | (19 | 21)))) | !15)))) | !11)) | !9 & (10 | ((12 & (13 | (14 | (15 | (16 | (17 | (18 | (19 | (21 | !20)))))))) | !12 & (13 | (14 | ((16 | (17 | (18 | (19 | (21 | !20))))) | !15)))) | !11)))) | !7 & (8 | (9 & (10 & ((12 | (13 | (14 | (15 | (16 | (17 | (18 | (19 | 21)))))))) | !11) | !10 & ((12 | (13 | (14 | (15 & (16 | (17 | (18 | ((21 | !20) | !19)))) | !15 & (16 | (17 | (18 | (21 | !19)))))))) | !11)) | !9 & (10 & ((12 | (13 | (14 | (15 | (16 | (17 | (18 | (19 | (21 | !20))))))))) | !11) | !10 & ((12 | (13 | (14 | (16 | (17 | (18 | ((21 | !20) | !19))))))) | !11))))))))) | !2)) | !0 & (1 & (2 & (3 | (((6 & (7 | (8 | ((10 | ((12 | (13 | (14 | (15 | ((17 | (18 | (19 | (20 | !21)))) | !16))))) | !11)) | !9))) | !6 & (7 & (8 | ((10 | ((12 & (13 | (14 | (15 | (16 | (17 | (18 | (19 | (20 | 21)))))))) | !12 & (13 | (14 | (16 | (17 | (18 | (19 | (20 | 21)))))))) | !11)) | !9)) | !7 & (8 | ((10 & ((12 | (13 | (14 | (15 | (16 | (17 | (18 | (19 | (20 | 21))))))))) | !11) | !10 & ((12 | (13 | (14 & (15 | (16 | (17 | (18 | (19 | (20 | 21)))))) | !14 & (15 | (16 | (17 | (18 | ((20 | 21) | !19)))))))) | !11)) | !9)))) | !5) | !4)) | !2 & (3 | (((6 & (7 | (8 | ((10 | (11 & (12 | (13 | (14 | (15 | ((18 | (19 | (20 | !21))) | !16))))) | !11 & (12 | (13 | (14 | (15 | (((18 | (19 | (20 | !21))) | !17) | !16))))))) | !9))) | !6 & (7 | (8 & ((10 | (11 | (12 | (13 | ((15 | (16 | (((19 | (20 | 21)) | !18) | !17))) | !14))))) | !9) | !8 & ((10 | (11 & (12 | (13 | ((15 | (16 | (18 | (19 | (20 | 21))))) | !14))) | !11 & (12 | (13 | ((15 | (16 | ((18 | (19 | (20 | 21))) | !17))) | !14))))) | !9)))) | !5) | !4))) | !1 & ((3 | ((6 | (7 & (8 | ((10 | ((12 & (13 | (14 | (15 | (16 | (17 | (18 | (19 | (20 | 21)))))))) | !12 & (13 | (14 | ((16 | (17 | (18 | (19 | (20 | 21))))) | !15)))) | !11)) | !9)) | !7 & (8 | ((10 & ((12 | (13 | (14 | (15 | (16 | (17 | (18 | (19 | (20 | 21))))))))) | !11) | !10 & ((12 | (13 | (14 | (15 | (16 | (17 | (18 | ((20 | 21) | !19)))))))) | !11)) | !9)))) | !5)) | !2))) & (t)] 0
--END--
Synthesis took:  435597.67031669617 ms
