Processing program.
spec contains 11 APs (['l2r', 'exit_l', '(cr == 0)', '(cl == 0)', 'stop_r', 'entry_r', '(cr > 0)', '(cl > 0)', 'stop_l', 'entry_l', 'exit_r'])
Starting abstract synthesis loop.
adding (cr_prev < cr), (cl_prev > cl), (cl_prev < cl), (0 <= cr), ((0 - cr_prev) < (0 - cr)), (cr_prev > cr), (cl <= 0), (cr <= 0), ((0 - cl_prev) > (0 - cl)), ((0 - cl_prev) < (0 - cl)), ((0 - cr_prev) > (0 - cr)), (0 <= cl) to predicate abstraction
constructing LTL abstraction
ltl abstraction took: 0.005150794982910156
running LTL synthesis
Realizable.
REALIZABLE
HOA: v1
tool: "strix" "21.0.0"
States: 4
Start: 2
AP: 20 "pred__0_LTEQ_cr_" "pred__crprev_GT_cr_" "pred__cl_LTEQ_0_" "pred___0_MINUS_clprev__GT__0_MINUS_cl__" "pred__crprev_LT_cr_" "pred___0_MINUS_crprev__GT__0_MINUS_cr__" "pred__clprev_GT_cl_" "pred__0_LTEQ_cl_" "pred___0_MINUS_crprev__LT__0_MINUS_cr__" "q0" "pred___0_MINUS_clprev__LT__0_MINUS_cl__" "pred__clprev_LT_cl_" "pred__cr_LTEQ_0_" "l2r" "exit_r" "exit_l" "entry_r" "entry_l" "stop_r" "stop_l"
controllable-AP: 18 19
acc-name: all
Acceptance: 0 t
--BODY--
State: 0 "[0]"
[(!(1 | ((3 | (4 | (5 | (6 | (8 | ((10 | (11 | ((13 | (14 & (16 | 17) | !14 & ((16 | 17) | !15))) | !12))) | !9)))))) | !2))) & (!(18 | !19))] 3
[(!(1 | ((3 | (4 | (5 | (6 | (8 | ((10 | (11 | (((14 & (16 | 17) | !14 & ((16 | 17) | !15)) | !13) | !12))) | !9)))))) | !2))) & (!(19 | !18))] 1
[(1 & ((3 | (4 | (5 | (6 | (((10 | (11 | 17)) | !9) | !8))))) | !2) | !1 & (2 & (3 | (4 & ((6 | (8 | ((10 | (11 | (12 | 17))) | !9))) | !5) | !4 & (5 | (6 & (8 | (((11 | (16 | !12)) | !10) | !9)) | !6 & (8 | ((10 | (11 | (12 & (16 & 17) | !12 & 17))) | !9)))))) | !2 & (3 & (4 | (5 | (6 | (8 | ((10 | ((16 | !12) | !11)) | !9))))) | !3 & (4 | (5 | (6 & (8 | (((11 | (16 | !12)) | !10) | !9)) | !6 & (8 | ((10 | (11 | (16 | !12))) | !9)))))))) & (t)] 0
[(!(1 | ((3 | (4 | (5 | (6 | (8 | ((10 | (11 | ((13 | ((16 | !17) | !14)) | !12))) | !9)))))) | !2))) & (t)] 1
[(!(1 | ((3 | (4 | (5 | (6 | (8 | ((10 | (11 | ((((16 | !17) | !14) | !13) | !12))) | !9)))))) | !2))) & (t)] 2
[(!(1 | ((3 | (4 | (5 | (6 | (8 | ((10 | (11 | ((13 | ((17 | !16) | !15)) | !12))) | !9)))))) | !2))) & (!(18 | !19))] 3
[(!(1 | ((3 | (4 | (5 | (6 | (8 | ((10 | (11 | ((((17 | !16) | !15) | !13) | !12))) | !9)))))) | !2))) & (!(19 | !18))] 1
[(!(((3 | (4 | (5 | (6 | (((10 | (11 | ((13 | ((17 | !16) | !15)) | !12))) | !9) | !8))))) | !2) | !1)) & (!(18 | !19))] 3
[(!(((3 | (4 | (5 | (6 | (((10 | (11 | ((((17 | !16) | !15) | !13) | !12))) | !9) | !8))))) | !2) | !1)) & (!(19 | !18))] 1
[(!(1 | ((3 | (4 | (5 | ((8 | (((11 | ((13 | ((16 | !17) | !14)) | !12)) | !10) | !9)) | !6)))) | !2))) & (!(18 | !19))] 3
[(!(1 | ((3 | (4 | (5 | ((8 | (((11 | ((((16 | !17) | !14) | !13) | !12)) | !10) | !9)) | !6)))) | !2))) & (!(19 | !18))] 1
[(!(1 | ((3 | (4 | (5 | (6 | (8 | ((10 | (11 | ((13 | (14 | (15 | (16 | 17)))) | !12))) | !9)))))) | !2))) & (!(18 | !19))] 3
[(!(1 | ((3 | (4 | (5 | (6 | (8 | ((10 | (11 | (((14 | (15 | (16 | 17))) | !13) | !12))) | !9)))))) | !2))) & (!(19 | !18))] 1
[(!(1 | ((3 | (4 | (5 | (6 | (8 | ((10 | (11 | ((13 | (15 | (17 | !16))) | !12))) | !9)))))) | !2))) & (!(18 | !19))] 1
[(!(1 | ((3 | (4 | (5 | (6 | (8 | ((10 | (11 | (((15 | (17 | !16)) | !13) | !12))) | !9)))))) | !2))) & (18 & 19)] 2
[(!(1 | ((3 | (4 | (5 | (6 | (8 | ((10 | (11 | ((13 | (14 | (16 | !17))) | !12))) | !9)))))) | !2))) & (t)] 0
[(!(1 | ((3 | (4 | (5 | (6 | (8 | ((10 | (11 | (((14 | (16 | !17)) | !13) | !12))) | !9)))))) | !2))) & (t)] 2
[(!(1 | ((3 | (((6 | (8 | ((10 | (11 | (12 | (13 | (15 | (16 | 17)))))) | !9))) | !5) | !4)) | !2))) & (!(18 | !19))] 2
[(!(1 | ((3 | (((6 | (8 | ((10 | (11 | (12 | (13 | (15 | (17 | !16)))))) | !9))) | !5) | !4)) | !2))) & (!(18 | !19))] 1
[(!(1 | ((3 | (((6 | (8 | ((10 | (11 | (12 | (13 | ((16 | 17) | !15))))) | !9))) | !5) | !4)) | !2))) & (!(18 | !19))] 2
[(!(1 | ((3 | (((6 | (8 | ((10 | (11 | (12 | (13 | ((17 | !16) | !15))))) | !9))) | !5) | !4)) | !2))) & (!(18 | !19))] 2
[(!(1 | ((3 | (((6 | (8 | ((10 | (11 | (12 | ((15 | (16 | 17)) | !13)))) | !9))) | !5) | !4)) | !2))) & (!(18 | !19))] 1
[(!(1 | ((3 | (((6 | (8 | ((10 | (11 | (12 | ((15 | (17 | !16)) | !13)))) | !9))) | !5) | !4)) | !2))) & (!(18 | !19))] 0
[(!(1 | ((3 | (((6 | (8 | ((10 | (11 | (12 | (((16 | 17) | !15) | !13)))) | !9))) | !5) | !4)) | !2))) & (18 & 19)] 1
[(!(1 | ((3 | (((6 | (8 | ((10 | (11 | (12 | (((17 | !16) | !15) | !13)))) | !9))) | !5) | !4)) | !2))) & (18 & 19)] 0
[(!(1 | (2 | ((4 | (5 | (6 | (8 | ((10 | (((13 | (14 | (16 | 17))) | !12) | !11)) | !9))))) | !3)))) & (!(19 | !18))] 0
[(!(1 | (2 | ((4 | (5 | (6 | (8 | ((10 | (((13 | (14 | (16 | !17))) | !12) | !11)) | !9))))) | !3)))) & (!(19 | !18))] 1
[(!(1 | (2 | ((4 | (5 | (6 | (8 | ((10 | (((13 | ((16 | 17) | !14)) | !12) | !11)) | !9))))) | !3)))) & (!(19 | !18))] 1
[(!(1 | (2 | ((4 | (5 | (6 | (8 | ((10 | (((13 | ((16 | !17) | !14)) | !12) | !11)) | !9))))) | !3)))) & (!(19 | !18))] 2
[(!(1 | (2 | ((4 | (5 | (6 | (8 | ((10 | ((((14 | (16 | 17)) | !13) | !12) | !11)) | !9))))) | !3)))) & (!(19 | !18))] 1
[(!(1 | (2 | ((4 | (5 | (6 | (8 | ((10 | ((((14 | (16 | !17)) | !13) | !12) | !11)) | !9))))) | !3)))) & (!(19 | !18))] 0
[(!(1 | (2 | ((4 | (5 | (6 | (8 | ((10 | (((((16 | 17) | !14) | !13) | !12) | !11)) | !9))))) | !3)))) & (!(19 | !18))] 2
[(!(1 | (2 | ((4 | (5 | (6 | (8 | ((10 | (((((16 | !17) | !14) | !13) | !12) | !11)) | !9))))) | !3)))) & (!(19 | !18))] 1
[(!(1 | ((3 | (4 | (5 | (6 | (8 | ((10 | (11 | (12 | (13 | (15 | (16 | 17)))))) | !9)))))) | !2))) & (!(18 | !19))] 2
[(!(1 | ((3 | (4 | (5 | (6 | (8 | ((10 | (11 | (12 | (13 | (15 | (17 | !16)))))) | !9)))))) | !2))) & (!(18 | !19))] 1
[(!(1 | ((3 | (4 | (5 | (6 | (8 | ((10 | (11 | (12 | (13 | ((16 | 17) | !15))))) | !9)))))) | !2))) & (!(18 | !19))] 2
[(!(1 | ((3 | (4 | (5 | (6 | (8 | ((10 | (11 | (12 | (13 | ((17 | !16) | !15))))) | !9)))))) | !2))) & (!(18 | !19))] 2
[(!(1 | ((3 | (4 | (5 | (6 | (8 | ((10 | (11 | (12 | ((15 | (16 | 17)) | !13)))) | !9)))))) | !2))) & (18 & 19)] 0
[(!(1 | ((3 | (4 | (5 | (6 | (8 | ((10 | (11 | (12 | ((15 | (17 | !16)) | !13)))) | !9)))))) | !2))) & (18 & 19)] 2
[(!(1 | ((3 | (4 | (5 | (6 | (8 | ((10 | (11 | (12 | (((16 | 17) | !15) | !13)))) | !9)))))) | !2))) & (18 & 19)] 0
[(!(1 | ((3 | (4 | (5 | (6 | (8 | ((10 | (11 | (12 | (((17 | !16) | !15) | !13)))) | !9)))))) | !2))) & (18 & 19)] 3
[(!(((3 | (4 | (5 | (6 | (((10 | (11 | (12 | (13 | (15 | (16 | 17)))))) | !9) | !8))))) | !2) | !1)) & (!(18 | !19))] 2
[(!(((3 | (4 | (5 | (6 | (((10 | (11 | (12 | (13 | (15 | (17 | !16)))))) | !9) | !8))))) | !2) | !1)) & (!(18 | !19))] 1
[(!(((3 | (4 | (5 | (6 | (((10 | (11 | (12 | (13 | ((16 | 17) | !15))))) | !9) | !8))))) | !2) | !1)) & (!(18 | !19))] 2
[(!(((3 | (4 | (5 | (6 | (((10 | (11 | (12 | (13 | ((17 | !16) | !15))))) | !9) | !8))))) | !2) | !1)) & (!(18 | !19))] 2
[(!(((3 | (4 | (5 | (6 | (((10 | (11 | (12 | ((15 | (16 | 17)) | !13)))) | !9) | !8))))) | !2) | !1)) & (18 & 19)] 3
[(!(((3 | (4 | (5 | (6 | (((10 | (11 | (12 | ((15 | (17 | !16)) | !13)))) | !9) | !8))))) | !2) | !1)) & (!(18 | !19))] 2
[(!(((3 | (4 | (5 | (6 | (((10 | (11 | (12 | (((16 | 17) | !15) | !13)))) | !9) | !8))))) | !2) | !1)) & (18 & 19)] 0
[(!(((3 | (4 | (5 | (6 | (((10 | (11 | (12 | (((17 | !16) | !15) | !13)))) | !9) | !8))))) | !2) | !1)) & (18 & 19)] 0
[(!(((3 | (4 | (5 | (6 | (((10 | (11 | ((13 | (15 | (17 | !16))) | !12))) | !9) | !8))))) | !2) | !1)) & (!(18 | !19))] 1
[(!(((3 | (4 | (5 | (6 | (((10 | (11 | (((15 | (17 | !16)) | !13) | !12))) | !9) | !8))))) | !2) | !1)) & (18 & 19)] 2
[(!(((3 | (4 | (5 | (6 | (((10 | (11 | ((13 | (16 | 17)) | !12))) | !9) | !8))))) | !2) | !1)) & (!(18 | !19))] 3
[(!(((3 | (4 | (5 | (6 | (((10 | (11 | (((16 | 17) | !13) | !12))) | !9) | !8))))) | !2) | !1)) & (!(19 | !18))] 1
[(!(1 | (2 | (3 | (4 | (5 | (6 | (8 | ((10 | (11 | ((13 | (14 | (16 | 17))) | !12))) | !9))))))))) & (!(19 | !18))] 0
[(!(1 | (2 | (3 | (4 | (5 | (6 | (8 | ((10 | (11 | ((13 | (14 | (16 | !17))) | !12))) | !9))))))))) & (!(19 | !18))] 1
[(!(1 | (2 | (3 | (4 | (5 | (6 | (8 | ((10 | (11 | ((13 | ((16 | 17) | !14)) | !12))) | !9))))))))) & (18 & 19)] 3
[(!(1 | (2 | (3 | (4 | (5 | (6 | (8 | ((10 | (11 | ((13 | ((16 | !17) | !14)) | !12))) | !9))))))))) & (18 & 19)] 2
[(!(1 | (2 | (3 | (4 | (5 | (6 | (8 | ((10 | (11 | (((14 | (16 | 17)) | !13) | !12))) | !9))))))))) & (!(19 | !18))] 1
[(!(1 | (2 | (3 | (4 | (5 | (6 | (8 | ((10 | (11 | (((14 | (16 | !17)) | !13) | !12))) | !9))))))))) & (!(19 | !18))] 0
[(!(1 | (2 | (3 | (4 | (5 | (6 | (8 | ((10 | (11 | ((((16 | 17) | !14) | !13) | !12))) | !9))))))))) & (!(19 | !18))] 2
[(!(1 | (2 | (3 | (4 | (5 | (6 | (8 | ((10 | (11 | ((((16 | !17) | !14) | !13) | !12))) | !9))))))))) & (!(19 | !18))] 1
[(!(1 | (2 | (3 | (4 | (5 | ((8 | (((11 | ((13 | (14 | (16 | 17))) | !12)) | !10) | !9)) | !6))))))) & (18 & 19)] 3
[(!(1 | (2 | (3 | (4 | (5 | ((8 | (((11 | ((13 | (14 | (16 | !17))) | !12)) | !10) | !9)) | !6))))))) & (!(19 | !18))] 2
[(!(1 | (2 | (3 | (4 | (5 | ((8 | (((11 | ((13 | ((16 | 17) | !14)) | !12)) | !10) | !9)) | !6))))))) & (18 & 19)] 0
[(!(1 | (2 | (3 | (4 | (5 | ((8 | (((11 | ((13 | ((16 | !17) | !14)) | !12)) | !10) | !9)) | !6))))))) & (18 & 19)] 3
[(!(1 | (2 | (3 | (4 | (5 | ((8 | (((11 | (((14 | (16 | 17)) | !13) | !12)) | !10) | !9)) | !6))))))) & (!(19 | !18))] 1
[(!(1 | (2 | (3 | (4 | (5 | ((8 | (((11 | (((14 | (16 | !17)) | !13) | !12)) | !10) | !9)) | !6))))))) & (!(19 | !18))] 0
[(!(1 | (2 | (3 | (4 | (5 | ((8 | (((11 | ((((16 | 17) | !14) | !13) | !12)) | !10) | !9)) | !6))))))) & (!(19 | !18))] 2
[(!(1 | (2 | (3 | (4 | (5 | ((8 | (((11 | ((((16 | !17) | !14) | !13) | !12)) | !10) | !9)) | !6))))))) & (!(19 | !18))] 1
[(!(1 | ((3 | (4 | (5 | ((8 | (((11 | ((13 | (14 | (16 | !17))) | !12)) | !10) | !9)) | !6)))) | !2))) & (!(19 | !18))] 2
[(!(1 | ((3 | (4 | (5 | ((8 | (((11 | (((14 | (16 | !17)) | !13) | !12)) | !10) | !9)) | !6)))) | !2))) & (!(19 | !18))] 0
[(!(1 | ((3 | (4 | (5 | ((8 | (((11 | ((13 | (16 | 17)) | !12)) | !10) | !9)) | !6)))) | !2))) & (!(18 | !19))] 3
[(!(1 | ((3 | (4 | (5 | ((8 | (((11 | (((16 | 17) | !13) | !12)) | !10) | !9)) | !6)))) | !2))) & (!(19 | !18))] 1
State: 1 "[1]"
[(!(1 | ((3 | (4 | (5 | (6 | (8 | ((10 | (11 | ((13 | (14 & (16 | 17) | !14 & ((16 | 17) | !15))) | !12))) | !9)))))) | !2))) & (!(19 | !18))] 2
[(!(1 | ((3 | (4 | (5 | (6 | (8 | ((10 | (11 | (((14 & (16 | 17) | !14 & ((16 | 17) | !15)) | !13) | !12))) | !9)))))) | !2))) & (!(19 | !18))] 1
[(1 & ((3 | (4 | (5 | (6 | (((10 | (11 | 17)) | !9) | !8))))) | !2) | !1 & (2 & (3 | (4 & ((6 | (8 | ((10 | (11 | (12 | 17))) | !9))) | !5) | !4 & (5 | (6 & (8 | (((11 | (16 | !12)) | !10) | !9)) | !6 & (8 | ((10 | (11 | (12 & (16 & 17) | !12 & 17))) | !9)))))) | !2 & (3 & (4 | (5 | (6 | (8 | ((10 | ((16 | !12) | !11)) | !9))))) | !3 & (4 | (5 | (6 & (8 | (((11 | (16 | !12)) | !10) | !9)) | !6 & (8 | ((10 | (11 | (16 | !12))) | !9)))))))) & (t)] 3
[(!(1 | ((3 | (4 | (5 | (6 | (8 | ((10 | (11 | ((13 | ((16 | !17) | !14)) | !12))) | !9)))))) | !2))) & (!(19 | !18))] 2
[(!(1 | ((3 | (4 | (5 | (6 | (8 | ((10 | (11 | ((((16 | !17) | !14) | !13) | !12))) | !9)))))) | !2))) & (!(19 | !18))] 1
[(!(1 | ((3 | (4 | (5 | (6 | (8 | ((10 | (11 | ((13 | ((17 | !16) | !15)) | !12))) | !9)))))) | !2))) & (t)] 1
[(!(1 | ((3 | (4 | (5 | (6 | (8 | ((10 | (11 | ((((17 | !16) | !15) | !13) | !12))) | !9)))))) | !2))) & (t)] 2
[(!(((3 | (4 | (5 | (6 | (((10 | (11 | ((13 | ((17 | !16) | !15)) | !12))) | !9) | !8))))) | !2) | !1)) & (!(18 | !19))] 3
[(!(((3 | (4 | (5 | (6 | (((10 | (11 | ((((17 | !16) | !15) | !13) | !12))) | !9) | !8))))) | !2) | !1)) & (!(19 | !18))] 1
[(!(1 | ((3 | (4 | (5 | ((8 | (((11 | ((13 | ((16 | !17) | !14)) | !12)) | !10) | !9)) | !6)))) | !2))) & (!(18 | !19))] 3
[(!(1 | ((3 | (4 | (5 | ((8 | (((11 | ((((16 | !17) | !14) | !13) | !12)) | !10) | !9)) | !6)))) | !2))) & (!(19 | !18))] 1
[(!(1 | ((3 | (4 | (5 | (6 | (8 | ((10 | (11 | ((13 | (14 | (15 | (16 | 17)))) | !12))) | !9)))))) | !2))) & (!(19 | !18))] 2
[(!(1 | ((3 | (4 | (5 | (6 | (8 | ((10 | (11 | (((14 | (15 | (16 | 17))) | !13) | !12))) | !9)))))) | !2))) & (!(19 | !18))] 1
[(!(1 | ((3 | (4 | (5 | (6 | (8 | ((10 | (11 | ((13 | (15 | (17 | !16))) | !12))) | !9)))))) | !2))) & (t)] 2
[(!(1 | ((3 | (4 | (5 | (6 | (8 | ((10 | (11 | (((15 | (17 | !16)) | !13) | !12))) | !9)))))) | !2))) & (t)] 1
[(!(1 | ((3 | (4 | (5 | (6 | (8 | ((10 | (11 | ((13 | (14 | (16 | !17))) | !12))) | !9)))))) | !2))) & (!(19 | !18))] 2
[(!(1 | ((3 | (4 | (5 | (6 | (8 | ((10 | (11 | (((14 | (16 | !17)) | !13) | !12))) | !9)))))) | !2))) & (!(19 | !18))] 0
[(!(1 | ((3 | (((6 | (8 | ((10 | (11 | (12 | (13 | (15 | (16 | 17)))))) | !9))) | !5) | !4)) | !2))) & (!(18 | !19))] 2
[(!(1 | ((3 | (((6 | (8 | ((10 | (11 | (12 | (13 | (15 | (17 | !16)))))) | !9))) | !5) | !4)) | !2))) & (!(18 | !19))] 1
[(!(1 | ((3 | (((6 | (8 | ((10 | (11 | (12 | (13 | ((16 | 17) | !15))))) | !9))) | !5) | !4)) | !2))) & (!(18 | !19))] 2
[(!(1 | ((3 | (((6 | (8 | ((10 | (11 | (12 | (13 | ((17 | !16) | !15))))) | !9))) | !5) | !4)) | !2))) & (!(18 | !19))] 2
[(!(1 | ((3 | (((6 | (8 | ((10 | (11 | (12 | ((15 | (16 | 17)) | !13)))) | !9))) | !5) | !4)) | !2))) & (!(18 | !19))] 1
[(!(1 | ((3 | (((6 | (8 | ((10 | (11 | (12 | ((15 | (17 | !16)) | !13)))) | !9))) | !5) | !4)) | !2))) & (!(18 | !19))] 0
[(!(1 | ((3 | (((6 | (8 | ((10 | (11 | (12 | (((16 | 17) | !15) | !13)))) | !9))) | !5) | !4)) | !2))) & (!(18 | !19))] 0
[(!(1 | ((3 | (((6 | (8 | ((10 | (11 | (12 | (((17 | !16) | !15) | !13)))) | !9))) | !5) | !4)) | !2))) & (!(18 | !19))] 3
[(!(1 | (2 | ((4 | (5 | (6 | (8 | ((10 | (((13 | (14 | (16 | 17))) | !12) | !11)) | !9))))) | !3)))) & (!(19 | !18))] 0
[(!(1 | (2 | ((4 | (5 | (6 | (8 | ((10 | (((13 | (14 | (16 | !17))) | !12) | !11)) | !9))))) | !3)))) & (!(19 | !18))] 1
[(!(1 | (2 | ((4 | (5 | (6 | (8 | ((10 | (((13 | ((16 | 17) | !14)) | !12) | !11)) | !9))))) | !3)))) & (18 & 19)] 0
[(!(1 | (2 | ((4 | (5 | (6 | (8 | ((10 | (((13 | ((16 | !17) | !14)) | !12) | !11)) | !9))))) | !3)))) & (!(19 | !18))] 2
[(!(1 | (2 | ((4 | (5 | (6 | (8 | ((10 | ((((14 | (16 | 17)) | !13) | !12) | !11)) | !9))))) | !3)))) & (!(19 | !18))] 1
[(!(1 | (2 | ((4 | (5 | (6 | (8 | ((10 | ((((14 | (16 | !17)) | !13) | !12) | !11)) | !9))))) | !3)))) & (!(19 | !18))] 0
[(!(1 | (2 | ((4 | (5 | (6 | (8 | ((10 | (((((16 | 17) | !14) | !13) | !12) | !11)) | !9))))) | !3)))) & (!(19 | !18))] 2
[(!(1 | (2 | ((4 | (5 | (6 | (8 | ((10 | (((((16 | !17) | !14) | !13) | !12) | !11)) | !9))))) | !3)))) & (!(19 | !18))] 1
[(!(1 | ((3 | (4 | (5 | (6 | (8 | ((10 | (11 | (12 | (13 | (15 | (16 | 17)))))) | !9)))))) | !2))) & (!(18 | !19))] 2
[(!(1 | ((3 | (4 | (5 | (6 | (8 | ((10 | (11 | (12 | (13 | (15 | (17 | !16)))))) | !9)))))) | !2))) & (!(18 | !19))] 1
[(!(1 | ((3 | (4 | (5 | (6 | (8 | ((10 | (11 | (12 | (13 | ((16 | 17) | !15))))) | !9)))))) | !2))) & (!(18 | !19))] 2
[(!(1 | ((3 | (4 | (5 | (6 | (8 | ((10 | (11 | (12 | (13 | ((17 | !16) | !15))))) | !9)))))) | !2))) & (!(18 | !19))] 2
[(!(1 | ((3 | (4 | (5 | (6 | (8 | ((10 | (11 | (12 | ((15 | (16 | 17)) | !13)))) | !9)))))) | !2))) & (!(18 | !19))] 1
[(!(1 | ((3 | (4 | (5 | (6 | (8 | ((10 | (11 | (12 | ((15 | (17 | !16)) | !13)))) | !9)))))) | !2))) & (!(18 | !19))] 0
[(!(1 | ((3 | (4 | (5 | (6 | (8 | ((10 | (11 | (12 | (((16 | 17) | !15) | !13)))) | !9)))))) | !2))) & (18 & 19)] 0
[(!(1 | ((3 | (4 | (5 | (6 | (8 | ((10 | (11 | (12 | (((17 | !16) | !15) | !13)))) | !9)))))) | !2))) & (18 & 19)] 0
[(!(((3 | (4 | (5 | (6 | (((10 | (11 | (12 | (13 | (15 | (16 | 17)))))) | !9) | !8))))) | !2) | !1)) & (!(18 | !19))] 2
[(!(((3 | (4 | (5 | (6 | (((10 | (11 | (12 | (13 | (15 | (17 | !16)))))) | !9) | !8))))) | !2) | !1)) & (!(18 | !19))] 1
[(!(((3 | (4 | (5 | (6 | (((10 | (11 | (12 | (13 | ((16 | 17) | !15))))) | !9) | !8))))) | !2) | !1)) & (!(18 | !19))] 2
[(!(((3 | (4 | (5 | (6 | (((10 | (11 | (12 | (13 | ((17 | !16) | !15))))) | !9) | !8))))) | !2) | !1)) & (!(18 | !19))] 2
[(!(((3 | (4 | (5 | (6 | (((10 | (11 | (12 | ((15 | (16 | 17)) | !13)))) | !9) | !8))))) | !2) | !1)) & (18 & 19)] 3
[(!(((3 | (4 | (5 | (6 | (((10 | (11 | (12 | ((15 | (17 | !16)) | !13)))) | !9) | !8))))) | !2) | !1)) & (18 & 19)] 2
[(!(((3 | (4 | (5 | (6 | (((10 | (11 | (12 | (((16 | 17) | !15) | !13)))) | !9) | !8))))) | !2) | !1)) & (18 & 19)] 1
[(!(((3 | (4 | (5 | (6 | (((10 | (11 | (12 | (((17 | !16) | !15) | !13)))) | !9) | !8))))) | !2) | !1)) & (18 & 19)] 0
[(!(((3 | (4 | (5 | (6 | (((10 | (11 | ((13 | (15 | (17 | !16))) | !12))) | !9) | !8))))) | !2) | !1)) & (!(18 | !19))] 1
[(!(((3 | (4 | (5 | (6 | (((10 | (11 | (((15 | (17 | !16)) | !13) | !12))) | !9) | !8))))) | !2) | !1)) & (18 & 19)] 2
[(!(((3 | (4 | (5 | (6 | (((10 | (11 | ((13 | (16 | 17)) | !12))) | !9) | !8))))) | !2) | !1)) & (!(18 | !19))] 3
[(!(((3 | (4 | (5 | (6 | (((10 | (11 | (((16 | 17) | !13) | !12))) | !9) | !8))))) | !2) | !1)) & (!(19 | !18))] 1
[(!(1 | (2 | (3 | (4 | (5 | (6 | (8 | ((10 | (11 | ((13 | (14 | (16 | 17))) | !12))) | !9))))))))) & (!(19 | !18))] 0
[(!(1 | (2 | (3 | (4 | (5 | (6 | (8 | ((10 | (11 | ((13 | (14 | (16 | !17))) | !12))) | !9))))))))) & (!(19 | !18))] 1
[(!(1 | (2 | (3 | (4 | (5 | (6 | (8 | ((10 | (11 | ((13 | ((16 | 17) | !14)) | !12))) | !9))))))))) & (!(19 | !18))] 0
[(!(1 | (2 | (3 | (4 | (5 | (6 | (8 | ((10 | (11 | ((13 | ((16 | !17) | !14)) | !12))) | !9))))))))) & (!(19 | !18))] 3
[(!(1 | (2 | (3 | (4 | (5 | (6 | (8 | ((10 | (11 | (((14 | (16 | 17)) | !13) | !12))) | !9))))))))) & (!(19 | !18))] 1
[(!(1 | (2 | (3 | (4 | (5 | (6 | (8 | ((10 | (11 | (((14 | (16 | !17)) | !13) | !12))) | !9))))))))) & (!(19 | !18))] 0
[(!(1 | (2 | (3 | (4 | (5 | (6 | (8 | ((10 | (11 | ((((16 | 17) | !14) | !13) | !12))) | !9))))))))) & (!(19 | !18))] 2
[(!(1 | (2 | (3 | (4 | (5 | (6 | (8 | ((10 | (11 | ((((16 | !17) | !14) | !13) | !12))) | !9))))))))) & (!(19 | !18))] 1
[(!(1 | (2 | (3 | (4 | (5 | ((8 | (((11 | ((13 | (14 | (16 | 17))) | !12)) | !10) | !9)) | !6))))))) & (18 & 19)] 3
[(!(1 | (2 | (3 | (4 | (5 | ((8 | (((11 | ((13 | (14 | (16 | !17))) | !12)) | !10) | !9)) | !6))))))) & (18 & 19)] 2
[(!(1 | (2 | (3 | (4 | (5 | ((8 | (((11 | ((13 | ((16 | 17) | !14)) | !12)) | !10) | !9)) | !6))))))) & (18 & 19)] 3
[(!(1 | (2 | (3 | (4 | (5 | ((8 | (((11 | ((13 | ((16 | !17) | !14)) | !12)) | !10) | !9)) | !6))))))) & (18 & 19)] 3
[(!(1 | (2 | (3 | (4 | (5 | ((8 | (((11 | (((14 | (16 | 17)) | !13) | !12)) | !10) | !9)) | !6))))))) & (!(19 | !18))] 1
[(!(1 | (2 | (3 | (4 | (5 | ((8 | (((11 | (((14 | (16 | !17)) | !13) | !12)) | !10) | !9)) | !6))))))) & (!(19 | !18))] 0
[(!(1 | (2 | (3 | (4 | (5 | ((8 | (((11 | ((((16 | 17) | !14) | !13) | !12)) | !10) | !9)) | !6))))))) & (!(19 | !18))] 2
[(!(1 | (2 | (3 | (4 | (5 | ((8 | (((11 | ((((16 | !17) | !14) | !13) | !12)) | !10) | !9)) | !6))))))) & (!(19 | !18))] 1
[(!(1 | ((3 | (4 | (5 | ((8 | (((11 | ((13 | (14 | (16 | !17))) | !12)) | !10) | !9)) | !6)))) | !2))) & (18 & 19)] 2
[(!(1 | ((3 | (4 | (5 | ((8 | (((11 | (((14 | (16 | !17)) | !13) | !12)) | !10) | !9)) | !6)))) | !2))) & (!(19 | !18))] 0
[(!(1 | ((3 | (4 | (5 | ((8 | (((11 | ((13 | (16 | 17)) | !12)) | !10) | !9)) | !6)))) | !2))) & (!(18 | !19))] 3
[(!(1 | ((3 | (4 | (5 | ((8 | (((11 | (((16 | 17) | !13) | !12)) | !10) | !9)) | !6)))) | !2))) & (!(19 | !18))] 1
State: 2 "[2]"
[(!(1 | ((3 | (4 | (5 | (6 | (8 | ((10 | (11 | ((13 | (14 & (16 | 17) | !14 & ((16 | 17) | !15))) | !12))) | !9)))))) | !2))) & (!(18 | !19))] 3
[(!(1 | ((3 | (4 | (5 | (6 | (8 | ((10 | (11 | (((14 & (16 | 17) | !14 & ((16 | 17) | !15)) | !13) | !12))) | !9)))))) | !2))) & (!(19 | !18))] 1
[(1 & ((3 | (4 | (5 | (6 | (((10 | (11 | 17)) | !9) | !8))))) | !2) | !1 & (2 & (3 | (4 & ((6 | (8 | ((10 | (11 | (12 | 17))) | !9))) | !5) | !4 & (5 | (6 & (8 | (((11 | (16 | !12)) | !10) | !9)) | !6 & (8 | ((10 | (11 | (12 & (16 & 17) | !12 & 17))) | !9)))))) | !2 & (3 & (4 | (5 | (6 | (8 | ((10 | ((16 | !12) | !11)) | !9))))) | !3 & (4 | (5 | (6 & (8 | (((11 | (16 | !12)) | !10) | !9)) | !6 & (8 | ((10 | (11 | (16 | !12))) | !9)))))))) & (t)] 1
[(!(1 | ((3 | (4 | (5 | (6 | (8 | ((10 | (11 | ((13 | ((16 | !17) | !14)) | !12))) | !9)))))) | !2))) & (!(18 | !19))] 3
[(!(1 | ((3 | (4 | (5 | (6 | (8 | ((10 | (11 | ((((16 | !17) | !14) | !13) | !12))) | !9)))))) | !2))) & (!(19 | !18))] 1
[(!(1 | ((3 | (4 | (5 | (6 | (8 | ((10 | (11 | ((13 | ((17 | !16) | !15)) | !12))) | !9)))))) | !2))) & (!(18 | !19))] 3
[(!(1 | ((3 | (4 | (5 | (6 | (8 | ((10 | (11 | ((((17 | !16) | !15) | !13) | !12))) | !9)))))) | !2))) & (!(19 | !18))] 1
[(!(((3 | (4 | (5 | (6 | (((10 | (11 | ((13 | ((17 | !16) | !15)) | !12))) | !9) | !8))))) | !2) | !1)) & (!(18 | !19))] 3
[(!(((3 | (4 | (5 | (6 | (((10 | (11 | ((((17 | !16) | !15) | !13) | !12))) | !9) | !8))))) | !2) | !1)) & (!(18 | !19))] 0
[(!(1 | ((3 | (4 | (5 | ((8 | (((11 | ((13 | ((16 | !17) | !14)) | !12)) | !10) | !9)) | !6)))) | !2))) & (!(19 | !18))] 2
[(!(1 | ((3 | (4 | (5 | ((8 | (((11 | ((((16 | !17) | !14) | !13) | !12)) | !10) | !9)) | !6)))) | !2))) & (!(19 | !18))] 1
[(!(1 | ((3 | (4 | (5 | (6 | (8 | ((10 | (11 | ((13 | (14 | (15 | (16 | 17)))) | !12))) | !9)))))) | !2))) & (!(18 | !19))] 3
[(!(1 | ((3 | (4 | (5 | (6 | (8 | ((10 | (11 | (((14 | (15 | (16 | 17))) | !13) | !12))) | !9)))))) | !2))) & (!(19 | !18))] 1
[(!(1 | ((3 | (4 | (5 | (6 | (8 | ((10 | (11 | ((13 | (15 | (17 | !16))) | !12))) | !9)))))) | !2))) & (!(18 | !19))] 1
[(!(1 | ((3 | (4 | (5 | (6 | (8 | ((10 | (11 | (((15 | (17 | !16)) | !13) | !12))) | !9)))))) | !2))) & (!(18 | !19))] 0
[(!(1 | ((3 | (4 | (5 | (6 | (8 | ((10 | (11 | ((13 | (14 | (16 | !17))) | !12))) | !9)))))) | !2))) & (!(19 | !18))] 2
[(!(1 | ((3 | (4 | (5 | (6 | (8 | ((10 | (11 | (((14 | (16 | !17)) | !13) | !12))) | !9)))))) | !2))) & (!(19 | !18))] 0
[(!(1 | ((3 | (((6 | (8 | ((10 | (11 | (12 | (13 | (15 | (16 | 17)))))) | !9))) | !5) | !4)) | !2))) & (!(18 | !19))] 2
[(!(1 | ((3 | (((6 | (8 | ((10 | (11 | (12 | (13 | (15 | (17 | !16)))))) | !9))) | !5) | !4)) | !2))) & (!(18 | !19))] 1
[(!(1 | ((3 | (((6 | (8 | ((10 | (11 | (12 | (13 | ((16 | 17) | !15))))) | !9))) | !5) | !4)) | !2))) & (!(18 | !19))] 2
[(!(1 | ((3 | (((6 | (8 | ((10 | (11 | (12 | (13 | ((17 | !16) | !15))))) | !9))) | !5) | !4)) | !2))) & (!(18 | !19))] 2
[(!(1 | ((3 | (((6 | (8 | ((10 | (11 | (12 | ((15 | (16 | 17)) | !13)))) | !9))) | !5) | !4)) | !2))) & (18 & 19)] 0
[(!(1 | ((3 | (((6 | (8 | ((10 | (11 | (12 | ((15 | (17 | !16)) | !13)))) | !9))) | !5) | !4)) | !2))) & (!(18 | !19))] 2
[(!(1 | ((3 | (((6 | (8 | ((10 | (11 | (12 | (((16 | 17) | !15) | !13)))) | !9))) | !5) | !4)) | !2))) & (18 & 19)] 1
[(!(1 | ((3 | (((6 | (8 | ((10 | (11 | (12 | (((17 | !16) | !15) | !13)))) | !9))) | !5) | !4)) | !2))) & (18 & 19)] 0
[(!(1 | (2 | ((4 | (5 | (6 | (8 | ((10 | (((13 | (14 | (16 | 17))) | !12) | !11)) | !9))))) | !3)))) & (18 & 19)] 3
[(!(1 | (2 | ((4 | (5 | (6 | (8 | ((10 | (((13 | (14 | (16 | !17))) | !12) | !11)) | !9))))) | !3)))) & (18 & 19)] 2
[(!(1 | (2 | ((4 | (5 | (6 | (8 | ((10 | (((13 | ((16 | 17) | !14)) | !12) | !11)) | !9))))) | !3)))) & (18 & 19)] 1
[(!(1 | (2 | ((4 | (5 | (6 | (8 | ((10 | (((13 | ((16 | !17) | !14)) | !12) | !11)) | !9))))) | !3)))) & (!(19 | !18))] 2
[(!(1 | (2 | ((4 | (5 | (6 | (8 | ((10 | ((((14 | (16 | 17)) | !13) | !12) | !11)) | !9))))) | !3)))) & (!(19 | !18))] 1
[(!(1 | (2 | ((4 | (5 | (6 | (8 | ((10 | ((((14 | (16 | !17)) | !13) | !12) | !11)) | !9))))) | !3)))) & (!(19 | !18))] 0
[(!(1 | (2 | ((4 | (5 | (6 | (8 | ((10 | (((((16 | 17) | !14) | !13) | !12) | !11)) | !9))))) | !3)))) & (!(19 | !18))] 2
[(!(1 | (2 | ((4 | (5 | (6 | (8 | ((10 | (((((16 | !17) | !14) | !13) | !12) | !11)) | !9))))) | !3)))) & (!(19 | !18))] 1
[(!(1 | ((3 | (4 | (5 | (6 | (8 | ((10 | (11 | (12 | (13 | (15 | (16 | 17)))))) | !9)))))) | !2))) & (!(18 | !19))] 2
[(!(1 | ((3 | (4 | (5 | (6 | (8 | ((10 | (11 | (12 | (13 | (15 | (17 | !16)))))) | !9)))))) | !2))) & (!(18 | !19))] 1
[(!(1 | ((3 | (4 | (5 | (6 | (8 | ((10 | (11 | (12 | (13 | ((16 | 17) | !15))))) | !9)))))) | !2))) & (!(18 | !19))] 2
[(!(1 | ((3 | (4 | (5 | (6 | (8 | ((10 | (11 | (12 | (13 | ((17 | !16) | !15))))) | !9)))))) | !2))) & (!(18 | !19))] 2
[(!(1 | ((3 | (4 | (5 | (6 | (8 | ((10 | (11 | (12 | ((15 | (16 | 17)) | !13)))) | !9)))))) | !2))) & (!(18 | !19))] 1
[(!(1 | ((3 | (4 | (5 | (6 | (8 | ((10 | (11 | (12 | ((15 | (17 | !16)) | !13)))) | !9)))))) | !2))) & (!(18 | !19))] 0
[(!(1 | ((3 | (4 | (5 | (6 | (8 | ((10 | (11 | (12 | (((16 | 17) | !15) | !13)))) | !9)))))) | !2))) & (!(18 | !19))] 1
[(!(1 | ((3 | (4 | (5 | (6 | (8 | ((10 | (11 | (12 | (((17 | !16) | !15) | !13)))) | !9)))))) | !2))) & (!(18 | !19))] 0
[(!(((3 | (4 | (5 | (6 | (((10 | (11 | (12 | (13 | (15 | (16 | 17)))))) | !9) | !8))))) | !2) | !1)) & (!(18 | !19))] 2
[(!(((3 | (4 | (5 | (6 | (((10 | (11 | (12 | (13 | (15 | (17 | !16)))))) | !9) | !8))))) | !2) | !1)) & (!(18 | !19))] 1
[(!(((3 | (4 | (5 | (6 | (((10 | (11 | (12 | (13 | ((16 | 17) | !15))))) | !9) | !8))))) | !2) | !1)) & (!(18 | !19))] 2
[(!(((3 | (4 | (5 | (6 | (((10 | (11 | (12 | (13 | ((17 | !16) | !15))))) | !9) | !8))))) | !2) | !1)) & (!(18 | !19))] 2
[(!(((3 | (4 | (5 | (6 | (((10 | (11 | (12 | ((15 | (16 | 17)) | !13)))) | !9) | !8))))) | !2) | !1)) & (!(18 | !19))] 1
[(!(((3 | (4 | (5 | (6 | (((10 | (11 | (12 | ((15 | (17 | !16)) | !13)))) | !9) | !8))))) | !2) | !1)) & (!(18 | !19))] 0
[(!(((3 | (4 | (5 | (6 | (((10 | (11 | (12 | (((16 | 17) | !15) | !13)))) | !9) | !8))))) | !2) | !1)) & (!(18 | !19))] 1
[(!(((3 | (4 | (5 | (6 | (((10 | (11 | (12 | (((17 | !16) | !15) | !13)))) | !9) | !8))))) | !2) | !1)) & (!(18 | !19))] 0
[(!(((3 | (4 | (5 | (6 | (((10 | (11 | ((13 | (15 | (17 | !16))) | !12))) | !9) | !8))))) | !2) | !1)) & (!(18 | !19))] 1
[(!(((3 | (4 | (5 | (6 | (((10 | (11 | (((15 | (17 | !16)) | !13) | !12))) | !9) | !8))))) | !2) | !1)) & (!(18 | !19))] 2
[(!(((3 | (4 | (5 | (6 | (((10 | (11 | ((13 | (16 | 17)) | !12))) | !9) | !8))))) | !2) | !1)) & (!(18 | !19))] 3
[(!(((3 | (4 | (5 | (6 | (((10 | (11 | (((16 | 17) | !13) | !12))) | !9) | !8))))) | !2) | !1)) & (!(18 | !19))] 0
[(!(1 | (2 | (3 | (4 | (5 | (6 | (8 | ((10 | (11 | ((13 | (14 | (16 | 17))) | !12))) | !9))))))))) & (18 & 19)] 3
[(!(1 | (2 | (3 | (4 | (5 | (6 | (8 | ((10 | (11 | ((13 | (14 | (16 | !17))) | !12))) | !9))))))))) & (18 & 19)] 2
[(!(1 | (2 | (3 | (4 | (5 | (6 | (8 | ((10 | (11 | ((13 | ((16 | 17) | !14)) | !12))) | !9))))))))) & (18 & 19)] 0
[(!(1 | (2 | (3 | (4 | (5 | (6 | (8 | ((10 | (11 | ((13 | ((16 | !17) | !14)) | !12))) | !9))))))))) & (18 & 19)] 3
[(!(1 | (2 | (3 | (4 | (5 | (6 | (8 | ((10 | (11 | (((14 | (16 | 17)) | !13) | !12))) | !9))))))))) & (!(19 | !18))] 1
[(!(1 | (2 | (3 | (4 | (5 | (6 | (8 | ((10 | (11 | (((14 | (16 | !17)) | !13) | !12))) | !9))))))))) & (!(19 | !18))] 0
[(!(1 | (2 | (3 | (4 | (5 | (6 | (8 | ((10 | (11 | ((((16 | 17) | !14) | !13) | !12))) | !9))))))))) & (!(19 | !18))] 2
[(!(1 | (2 | (3 | (4 | (5 | (6 | (8 | ((10 | (11 | ((((16 | !17) | !14) | !13) | !12))) | !9))))))))) & (!(19 | !18))] 1
[(!(1 | (2 | (3 | (4 | (5 | ((8 | (((11 | ((13 | (14 | (16 | 17))) | !12)) | !10) | !9)) | !6))))))) & (!(19 | !18))] 0
[(!(1 | (2 | (3 | (4 | (5 | ((8 | (((11 | ((13 | (14 | (16 | !17))) | !12)) | !10) | !9)) | !6))))))) & (!(19 | !18))] 1
[(!(1 | (2 | (3 | (4 | (5 | ((8 | (((11 | ((13 | ((16 | 17) | !14)) | !12)) | !10) | !9)) | !6))))))) & (!(19 | !18))] 0
[(!(1 | (2 | (3 | (4 | (5 | ((8 | (((11 | ((13 | ((16 | !17) | !14)) | !12)) | !10) | !9)) | !6))))))) & (!(19 | !18))] 3
[(!(1 | (2 | (3 | (4 | (5 | ((8 | (((11 | (((14 | (16 | 17)) | !13) | !12)) | !10) | !9)) | !6))))))) & (!(19 | !18))] 1
[(!(1 | (2 | (3 | (4 | (5 | ((8 | (((11 | (((14 | (16 | !17)) | !13) | !12)) | !10) | !9)) | !6))))))) & (!(19 | !18))] 0
[(!(1 | (2 | (3 | (4 | (5 | ((8 | (((11 | ((((16 | 17) | !14) | !13) | !12)) | !10) | !9)) | !6))))))) & (!(19 | !18))] 2
[(!(1 | (2 | (3 | (4 | (5 | ((8 | (((11 | ((((16 | !17) | !14) | !13) | !12)) | !10) | !9)) | !6))))))) & (!(19 | !18))] 1
[(!(1 | ((3 | (4 | (5 | ((8 | (((11 | ((13 | (14 | (16 | !17))) | !12)) | !10) | !9)) | !6)))) | !2))) & (!(19 | !18))] 2
[(!(1 | ((3 | (4 | (5 | ((8 | (((11 | (((14 | (16 | !17)) | !13) | !12)) | !10) | !9)) | !6)))) | !2))) & (!(19 | !18))] 0
[(!(1 | ((3 | (4 | (5 | ((8 | (((11 | ((13 | (16 | 17)) | !12)) | !10) | !9)) | !6)))) | !2))) & (!(19 | !18))] 2
[(!(1 | ((3 | (4 | (5 | ((8 | (((11 | (((16 | 17) | !13) | !12)) | !10) | !9)) | !6)))) | !2))) & (!(19 | !18))] 1
State: 3 "[3]"
[(!(1 | ((3 | (4 | (5 | (6 | (8 | ((10 | (11 | ((13 | (14 & (16 | 17) | !14 & ((16 | 17) | !15))) | !12))) | !9)))))) | !2))) & (!(18 | !19))] 3
[(!(1 | ((3 | (4 | (5 | (6 | (8 | ((10 | (11 | (((14 & (16 | 17) | !14 & ((16 | 17) | !15)) | !13) | !12))) | !9)))))) | !2))) & (!(18 | !19))] 2
[(1 & ((3 | (4 | (5 | (6 | (((10 | (11 | 17)) | !9) | !8))))) | !2) | !1 & (2 & (3 | (4 & ((6 | (8 | ((10 | (11 | (12 | 17))) | !9))) | !5) | !4 & (5 | (6 & (8 | (((11 | (16 | !12)) | !10) | !9)) | !6 & (8 | ((10 | (11 | (12 & (16 & 17) | !12 & 17))) | !9)))))) | !2 & (3 & (4 | (5 | (6 | (8 | ((10 | ((16 | !12) | !11)) | !9))))) | !3 & (4 | (5 | (6 & (8 | (((11 | (16 | !12)) | !10) | !9)) | !6 & (8 | ((10 | (11 | (16 | !12))) | !9)))))))) & (t)] 1
[(!(1 | ((3 | (4 | (5 | (6 | (8 | ((10 | (11 | ((13 | ((16 | !17) | !14)) | !12))) | !9)))))) | !2))) & (t)] 0
[(!(1 | ((3 | (4 | (5 | (6 | (8 | ((10 | (11 | ((((16 | !17) | !14) | !13) | !12))) | !9)))))) | !2))) & (t)] 3
[(!(1 | ((3 | (4 | (5 | (6 | (8 | ((10 | (11 | ((13 | ((17 | !16) | !15)) | !12))) | !9)))))) | !2))) & (!(18 | !19))] 3
[(!(1 | ((3 | (4 | (5 | (6 | (8 | ((10 | (11 | ((((17 | !16) | !15) | !13) | !12))) | !9)))))) | !2))) & (!(18 | !19))] 2
[(!(((3 | (4 | (5 | (6 | (((10 | (11 | ((13 | ((17 | !16) | !15)) | !12))) | !9) | !8))))) | !2) | !1)) & (t)] 3
[(!(((3 | (4 | (5 | (6 | (((10 | (11 | ((((17 | !16) | !15) | !13) | !12))) | !9) | !8))))) | !2) | !1)) & (t)] 3
[(!(1 | ((3 | (4 | (5 | ((8 | (((11 | ((13 | ((16 | !17) | !14)) | !12)) | !10) | !9)) | !6)))) | !2))) & (t)] 0
[(!(1 | ((3 | (4 | (5 | ((8 | (((11 | ((((16 | !17) | !14) | !13) | !12)) | !10) | !9)) | !6)))) | !2))) & (t)] 3
[(!(1 | ((3 | (4 | (5 | (6 | (8 | ((10 | (11 | ((13 | (14 | (15 | (16 | 17)))) | !12))) | !9)))))) | !2))) & (!(18 | !19))] 3
[(!(1 | ((3 | (4 | (5 | (6 | (8 | ((10 | (11 | (((14 | (15 | (16 | 17))) | !13) | !12))) | !9)))))) | !2))) & (!(18 | !19))] 2
[(!(1 | ((3 | (4 | (5 | (6 | (8 | ((10 | (11 | ((13 | (15 | (17 | !16))) | !12))) | !9)))))) | !2))) & (!(18 | !19))] 1
[(!(1 | ((3 | (4 | (5 | (6 | (8 | ((10 | (11 | (((15 | (17 | !16)) | !13) | !12))) | !9)))))) | !2))) & (!(18 | !19))] 0
[(!(1 | ((3 | (4 | (5 | (6 | (8 | ((10 | (11 | ((13 | (14 | (16 | !17))) | !12))) | !9)))))) | !2))) & (t)] 2
[(!(1 | ((3 | (4 | (5 | (6 | (8 | ((10 | (11 | (((14 | (16 | !17)) | !13) | !12))) | !9)))))) | !2))) & (t)] 2
[(!(1 | ((3 | (((6 | (8 | ((10 | (11 | (12 | (13 | (15 | (16 | 17)))))) | !9))) | !5) | !4)) | !2))) & (t)] 0
[(!(1 | ((3 | (((6 | (8 | ((10 | (11 | (12 | (13 | (15 | (17 | !16)))))) | !9))) | !5) | !4)) | !2))) & (t)] 0
[(!(1 | ((3 | (((6 | (8 | ((10 | (11 | (12 | (13 | ((16 | 17) | !15))))) | !9))) | !5) | !4)) | !2))) & (t)] 2
[(!(1 | ((3 | (((6 | (8 | ((10 | (11 | (12 | (13 | ((17 | !16) | !15))))) | !9))) | !5) | !4)) | !2))) & (t)] 2
[(!(1 | ((3 | (((6 | (8 | ((10 | (11 | (12 | ((15 | (16 | 17)) | !13)))) | !9))) | !5) | !4)) | !2))) & (t)] 2
[(!(1 | ((3 | (((6 | (8 | ((10 | (11 | (12 | ((15 | (17 | !16)) | !13)))) | !9))) | !5) | !4)) | !2))) & (t)] 0
[(!(1 | ((3 | (((6 | (8 | ((10 | (11 | (12 | (((16 | 17) | !15) | !13)))) | !9))) | !5) | !4)) | !2))) & (t)] 0
[(!(1 | ((3 | (((6 | (8 | ((10 | (11 | (12 | (((17 | !16) | !15) | !13)))) | !9))) | !5) | !4)) | !2))) & (t)] 3
[(!(1 | (2 | ((4 | (5 | (6 | (8 | ((10 | (((13 | (14 | (16 | 17))) | !12) | !11)) | !9))))) | !3)))) & (t)] 1
[(!(1 | (2 | ((4 | (5 | (6 | (8 | ((10 | (((13 | (14 | (16 | !17))) | !12) | !11)) | !9))))) | !3)))) & (t)] 2
[(!(1 | (2 | ((4 | (5 | (6 | (8 | ((10 | (((13 | ((16 | 17) | !14)) | !12) | !11)) | !9))))) | !3)))) & (t)] 2
[(!(1 | (2 | ((4 | (5 | (6 | (8 | ((10 | (((13 | ((16 | !17) | !14)) | !12) | !11)) | !9))))) | !3)))) & (t)] 2
[(!(1 | (2 | ((4 | (5 | (6 | (8 | ((10 | ((((14 | (16 | 17)) | !13) | !12) | !11)) | !9))))) | !3)))) & (t)] 2
[(!(1 | (2 | ((4 | (5 | (6 | (8 | ((10 | ((((14 | (16 | !17)) | !13) | !12) | !11)) | !9))))) | !3)))) & (t)] 2
[(!(1 | (2 | ((4 | (5 | (6 | (8 | ((10 | (((((16 | 17) | !14) | !13) | !12) | !11)) | !9))))) | !3)))) & (t)] 1
[(!(1 | (2 | ((4 | (5 | (6 | (8 | ((10 | (((((16 | !17) | !14) | !13) | !12) | !11)) | !9))))) | !3)))) & (t)] 2
[(!(1 | ((3 | (4 | (5 | (6 | (8 | ((10 | (11 | (12 | (13 | (15 | (16 | 17)))))) | !9)))))) | !2))) & (!(18 | !19))] 2
[(!(1 | ((3 | (4 | (5 | (6 | (8 | ((10 | (11 | (12 | (13 | (15 | (17 | !16)))))) | !9)))))) | !2))) & (!(18 | !19))] 1
[(!(1 | ((3 | (4 | (5 | (6 | (8 | ((10 | (11 | (12 | (13 | ((16 | 17) | !15))))) | !9)))))) | !2))) & (!(18 | !19))] 2
[(!(1 | ((3 | (4 | (5 | (6 | (8 | ((10 | (11 | (12 | (13 | ((17 | !16) | !15))))) | !9)))))) | !2))) & (!(18 | !19))] 2
[(!(1 | ((3 | (4 | (5 | (6 | (8 | ((10 | (11 | (12 | ((15 | (16 | 17)) | !13)))) | !9)))))) | !2))) & (18 & 19)] 3
[(!(1 | ((3 | (4 | (5 | (6 | (8 | ((10 | (11 | (12 | ((15 | (17 | !16)) | !13)))) | !9)))))) | !2))) & (!(18 | !19))] 2
[(!(1 | ((3 | (4 | (5 | (6 | (8 | ((10 | (11 | (12 | (((16 | 17) | !15) | !13)))) | !9)))))) | !2))) & (18 & 19)] 0
[(!(1 | ((3 | (4 | (5 | (6 | (8 | ((10 | (11 | (12 | (((17 | !16) | !15) | !13)))) | !9)))))) | !2))) & (18 & 19)] 3
[(!(((3 | (4 | (5 | (6 | (((10 | (11 | (12 | (13 | (15 | (16 | 17)))))) | !9) | !8))))) | !2) | !1)) & (t)] 3
[(!(((3 | (4 | (5 | (6 | (((10 | (11 | (12 | (13 | (15 | (17 | !16)))))) | !9) | !8))))) | !2) | !1)) & (t)] 0
[(!(((3 | (4 | (5 | (6 | (((10 | (11 | (12 | (13 | ((16 | 17) | !15))))) | !9) | !8))))) | !2) | !1)) & (t)] 0
[(!(((3 | (4 | (5 | (6 | (((10 | (11 | (12 | (13 | ((17 | !16) | !15))))) | !9) | !8))))) | !2) | !1)) & (t)] 3
[(!(((3 | (4 | (5 | (6 | (((10 | (11 | (12 | ((15 | (16 | 17)) | !13)))) | !9) | !8))))) | !2) | !1)) & (t)] 0
[(!(((3 | (4 | (5 | (6 | (((10 | (11 | (12 | ((15 | (17 | !16)) | !13)))) | !9) | !8))))) | !2) | !1)) & (t)] 3
[(!(((3 | (4 | (5 | (6 | (((10 | (11 | (12 | (((16 | 17) | !15) | !13)))) | !9) | !8))))) | !2) | !1)) & (t)] 1
[(!(((3 | (4 | (5 | (6 | (((10 | (11 | (12 | (((17 | !16) | !15) | !13)))) | !9) | !8))))) | !2) | !1)) & (t)] 1
[(!(((3 | (4 | (5 | (6 | (((10 | (11 | ((13 | (15 | (17 | !16))) | !12))) | !9) | !8))))) | !2) | !1)) & (t)] 3
[(!(((3 | (4 | (5 | (6 | (((10 | (11 | (((15 | (17 | !16)) | !13) | !12))) | !9) | !8))))) | !2) | !1)) & (t)] 0
[(!(((3 | (4 | (5 | (6 | (((10 | (11 | ((13 | (16 | 17)) | !12))) | !9) | !8))))) | !2) | !1)) & (t)] 1
[(!(((3 | (4 | (5 | (6 | (((10 | (11 | (((16 | 17) | !13) | !12))) | !9) | !8))))) | !2) | !1)) & (t)] 2
[(!(1 | (2 | (3 | (4 | (5 | (6 | (8 | ((10 | (11 | ((13 | (14 | (16 | 17))) | !12))) | !9))))))))) & (18 & 19)] 2
[(!(1 | (2 | (3 | (4 | (5 | (6 | (8 | ((10 | (11 | ((13 | (14 | (16 | !17))) | !12))) | !9))))))))) & (!(19 | !18))] 2
[(!(1 | (2 | (3 | (4 | (5 | (6 | (8 | ((10 | (11 | ((13 | ((16 | 17) | !14)) | !12))) | !9))))))))) & (18 & 19)] 3
[(!(1 | (2 | (3 | (4 | (5 | (6 | (8 | ((10 | (11 | ((13 | ((16 | !17) | !14)) | !12))) | !9))))))))) & (18 & 19)] 2
[(!(1 | (2 | (3 | (4 | (5 | (6 | (8 | ((10 | (11 | (((14 | (16 | 17)) | !13) | !12))) | !9))))))))) & (!(19 | !18))] 1
[(!(1 | (2 | (3 | (4 | (5 | (6 | (8 | ((10 | (11 | (((14 | (16 | !17)) | !13) | !12))) | !9))))))))) & (!(19 | !18))] 0
[(!(1 | (2 | (3 | (4 | (5 | (6 | (8 | ((10 | (11 | ((((16 | 17) | !14) | !13) | !12))) | !9))))))))) & (!(19 | !18))] 2
[(!(1 | (2 | (3 | (4 | (5 | (6 | (8 | ((10 | (11 | ((((16 | !17) | !14) | !13) | !12))) | !9))))))))) & (!(19 | !18))] 1
[(!(1 | (2 | (3 | (4 | (5 | ((8 | (((11 | ((13 | (14 | (16 | 17))) | !12)) | !10) | !9)) | !6))))))) & (18 & 19)] 2
[(!(1 | (2 | (3 | (4 | (5 | ((8 | (((11 | ((13 | (14 | (16 | !17))) | !12)) | !10) | !9)) | !6))))))) & (t)] 3
[(!(1 | (2 | (3 | (4 | (5 | ((8 | (((11 | ((13 | ((16 | 17) | !14)) | !12)) | !10) | !9)) | !6))))))) & (18 & 19)] 1
[(!(1 | (2 | (3 | (4 | (5 | ((8 | (((11 | ((13 | ((16 | !17) | !14)) | !12)) | !10) | !9)) | !6))))))) & (t)] 3
[(!(1 | (2 | (3 | (4 | (5 | ((8 | (((11 | (((14 | (16 | 17)) | !13) | !12)) | !10) | !9)) | !6))))))) & (!(19 | !18))] 1
[(!(1 | (2 | (3 | (4 | (5 | ((8 | (((11 | (((14 | (16 | !17)) | !13) | !12)) | !10) | !9)) | !6))))))) & (t)] 1
[(!(1 | (2 | (3 | (4 | (5 | ((8 | (((11 | ((((16 | 17) | !14) | !13) | !12)) | !10) | !9)) | !6))))))) & (!(19 | !18))] 2
[(!(1 | (2 | (3 | (4 | (5 | ((8 | (((11 | ((((16 | !17) | !14) | !13) | !12)) | !10) | !9)) | !6))))))) & (t)] 0
[(!(1 | ((3 | (4 | (5 | ((8 | (((11 | ((13 | (14 | (16 | !17))) | !12)) | !10) | !9)) | !6)))) | !2))) & (t)] 3
[(!(1 | ((3 | (4 | (5 | ((8 | (((11 | (((14 | (16 | !17)) | !13) | !12)) | !10) | !9)) | !6)))) | !2))) & (t)] 2
[(!(1 | ((3 | (4 | (5 | ((8 | (((11 | ((13 | (16 | 17)) | !12)) | !10) | !9)) | !6)))) | !2))) & (!(18 | !19))] 3
[(!(1 | ((3 | (4 | (5 | ((8 | (((11 | (((16 | 17) | !13) | !12)) | !10) | !9)) | !6)))) | !2))) & (!(19 | !18))] 1
--END--
Synthesis took:  7166.052341461182 ms
