Processing program.
spec contains 2 APs (['(x > 2)', '(x < 0)'])
Starting abstract synthesis loop.
adding (x <= 2), (x <= 0), (0 <= x), (2 <= x) to predicate abstraction
constructing LTL abstraction
ltl abstraction took: 0.0016553401947021484
running LTL synthesis
Realizable.
REALIZABLE
HOA: v1
tool: "strix" "21.0.0"
States: 1
Start: 0
AP: 14 "pred__x_LTEQ_0_" "move1" "pred__x_LTEQ_2_" "pred__2_LTEQ_x_" "move0" "pred__0_LTEQ_x_" "incy" "incx" "stay" "stax" "decyc" "incyc" "decxc" "incxc"
controllable-AP: 10 11 12 13
acc-name: all
Acceptance: 0 t
--BODY--
State: 0 "[0]"
[(!(0 | (1 | ((3 | !(4 & 5)) | !2)))) & (12 & 13)] 0
[(!(0 | (((3 | (4 | ((7 | 9) | !5))) | !2) | !1))) & (t)] 0
[(!(0 | (((3 | (4 | !(5 & 9))) | !2) | !1))) & (t)] 0
[(!(0 | (((3 | (4 | ((9 | !7) | !5))) | !2) | !1))) & (t)] 0
[(!((1 | ((3 | !(4 & 5)) | !2)) | !0)) & (!(12 | !13))] 0
[(!(0 | (1 | !(2 & (3 & (4 & 5)))))) & (!(13 | !12))] 0
[(0 & (1 | ((3 | !(4 & 5)) | !2)) | !0 & (1 & ((3 | (4 | !5)) | !2) | !1 & !(2 & (4 & 5)))) & (t)] 0
--END--
Synthesis took:  2507.4567794799805 ms
