Processing program.
spec contains 5 APs (['(at_floor == 1)', '(at_floor == 4)', '(at_floor == 0)', '(at_floor == 3)', '(at_floor == 2)'])
simplified !((!cinc & (at_floor >= 0) & (at_floor <= 4) & (!cinc | (at_floor < 0) | (at_floor > 4)) & ((at_floor - 1) >= 0) & ((at_floor - 1) <= 4)) | (cinc & (at_floor >= 0) & (at_floor <= 4) & (cinc | (at_floor < 0) | (at_floor > 4)) & ((at_floor + 1) >= 0) & ((at_floor + 1) <= 4))) (len 274) to ((!(!(0 <= at_floor) | ((0 <= at_floor) & (((at_floor <= 4) & ((at_floor - 1) <= 4) & (1 <= at_floor)) | !(at_floor <= 4)))) & !cinc) | (!(!(0 <= at_floor) | ((0 <= at_floor) & (((at_floor <= 4) & ((at_floor + 1) <= 4) & (0 <= (at_floor + 1))) | !(at_floor <= 4)))) & cinc)) (len 274)
((!(!(0 <= at_floor) | ((0 <= at_floor) & (((at_floor <= 4) & ((at_floor - 1) <= 4) & (1 <= at_floor)) | !(at_floor <= 4)))) & !cinc) | (!(!(0 <= at_floor) | ((0 <= at_floor) & (((at_floor <= 4) & ((at_floor + 1) <= 4) & (0 <= (at_floor + 1))) | !(at_floor <= 4)))) & cinc))
Starting abstract synthesis loop.
adding (0 <= at_floor), (3 <= at_floor), (4 <= at_floor), (at_floor <= 3), (2 <= at_floor), (at_floor_prev > at_floor), (at_floor <= 4), (at_floor <= 1), (at_floor_prev < at_floor), (at_floor <= 0), (1 <= at_floor), (at_floor <= 2) to predicate abstraction
constructing LTL abstraction
ltl abstraction took: 0.0008640289306640625
running LTL synthesis
Realizable.
REALIZABLE
HOA: v1
tool: "strix" "21.0.0"
States: 1
Start: 0
AP: 14 "pred__atfloorprev_GT_atfloor_" "pred__atfloor_LTEQ_0_" "pred__atfloor_LTEQ_4_" "pred__3_LTEQ_atfloor_" "pred__2_LTEQ_atfloor_" "pred__1_LTEQ_atfloor_" "pred__0_LTEQ_atfloor_" "move" "pred__atfloorprev_LT_atfloor_" "pred__atfloor_LTEQ_3_" "pred__atfloor_LTEQ_2_" "pred__4_LTEQ_atfloor_" "pred__atfloor_LTEQ_1_" "cinc"
controllable-AP: 13
acc-name: all
Acceptance: 0 t
--BODY--
State: 0 "[0]"
[(!(0 | (1 | ((3 | (4 | ((((8 | (((11 | !12) | !10) | !9)) | !7) | !6) | !5))) | !2)))) & (!13)] 0
[(!((((3 | (4 | (5 | (((8 | (((11 | !12) | !10) | !9)) | !7) | !6)))) | !2) | !1) | !0)) & (13)] 0
[(!(0 | (1 | ((3 | (4 | (((((((11 | !12) | !10) | !9) | !8) | !7) | !6) | !5))) | !2)))) & (13)] 0
[(!(0 | (1 | ((3 | ((((((((11 | 12) | !10) | !9) | !8) | !7) | !6) | !5) | !4)) | !2)))) & (13)] 0
[(!(0 | (1 | (((((((((10 | (11 | 12)) | !9) | !8) | !7) | !6) | !5) | !4) | !3) | !2)))) & (13)] 0
[(!(0 | (1 | ((((((((9 | (10 | (12 | !11))) | !8) | !7) | !6) | !5) | !4) | !3) | !2)))) & (!13)] 0
[(!((1 | (((((((8 | ((10 | (11 | 12)) | !9)) | !7) | !6) | !5) | !4) | !3) | !2)) | !0)) & (!13)] 0
[(!((1 | ((3 | (((((8 | (((11 | 12) | !10) | !9)) | !7) | !6) | !5) | !4)) | !2)) | !0)) & (!13)] 0
[(!((1 | ((3 | (4 | ((((8 | (((11 | !12) | !10) | !9)) | !7) | !6) | !5))) | !2)) | !0)) & (!13)] 0
[(0 & (1 & ((3 | (4 | (5 | (((8 | (((11 | !12) | !10) | !9)) | !7) | !6)))) | !2) | !1 & ((3 & (((((8 | ((10 | (11 | 12)) | !9)) | !7) | !6) | !5) | !4) | !3 & (4 & ((((8 | (((11 | 12) | !10) | !9)) | !7) | !6) | !5) | !4 & ((((8 | (((11 | !12) | !10) | !9)) | !7) | !6) | !5))) | !2)) | !0 & (1 | ((3 & ((((((9 & (10 | (11 | 12)) | !9 & (10 | (12 | !11))) | !8) | !7) | !6) | !5) | !4) | !3 & (4 & (((((((11 | 12) | !10) | !9) | !8) | !7) | !6) | !5) | !4 & ((((((11 | !12) | !10) | !9) | !7) | !6) | !5))) | !2))) & (t)] 0
--END--
Synthesis took:  2018.8243389129639 ms
