Processing program.
spec contains 4 APs (['l2', 'l00', 'l', 'l3'])
simplified !FALSE (len 6) to True (len 4)
True
simplified !(!dec | (dec & ((y - 1) >= 0))) (len 32) to (dec & !(((1 <= y) & (0 <= y)) | !(0 <= y))) (len 44)
(dec & !(((1 <= y) & (0 <= y)) | !(0 <= y)))
simplified !((ipos <-> ineg) | (!ipos & ineg & ((y - 1) >= 0)) | (ipos && !ineg)) (len 70) to (!ipos & !((ineg & ((!(1 <= y) & !(0 <= y)) | (1 <= y))) | !ineg)) (len 66)
(!ipos & !((ineg & ((!(1 <= y) & !(0 <= y)) | (1 <= y))) | !ineg))
Starting abstract synthesis loop.
adding  to predicate abstraction
constructing LTL abstraction
ltl abstraction took: 0.001371145248413086
running LTL synthesis
massaging abstract counterstrategy
checking for compatibility of counterstrategy with program
trying fairness refinement
trying safety refinement
adding (x <= 0), (x >= 0) to predicate abstraction
constructing LTL abstraction
ltl abstraction took: 0.0014674663543701172
running LTL synthesis
massaging abstract counterstrategy
checking for compatibility of counterstrategy with program
trying fairness refinement
trying safety refinement
adding (x <= 1) to predicate abstraction
constructing LTL abstraction
ltl abstraction took: 0.0020973682403564453
running LTL synthesis
massaging abstract counterstrategy
checking for compatibility of counterstrategy with program
trying fairness refinement
trying safety refinement
adding (x <= 2) to predicate abstraction
constructing LTL abstraction
ltl abstraction took: 0.0016469955444335938
running LTL synthesis
massaging abstract counterstrategy
checking for compatibility of counterstrategy with program
trying fairness refinement
trying safety refinement
adding (x <= 3) to predicate abstraction
constructing LTL abstraction
ltl abstraction took: 0.0015690326690673828
running LTL synthesis
massaging abstract counterstrategy
checking for compatibility of counterstrategy with program
trying fairness refinement
trying safety refinement
adding (x <= 4) to predicate abstraction
constructing LTL abstraction
ltl abstraction took: 0.0016314983367919922
running LTL synthesis
massaging abstract counterstrategy
checking for compatibility of counterstrategy with program
trying fairness refinement
trying safety refinement
adding (x <= 5) to predicate abstraction
constructing LTL abstraction
ltl abstraction took: 0.0017337799072265625
running LTL synthesis
massaging abstract counterstrategy
checking for compatibility of counterstrategy with program
trying fairness refinement
trying safety refinement
adding (x <= 6) to predicate abstraction
constructing LTL abstraction
ltl abstraction took: 0.001543283462524414
running LTL synthesis
massaging abstract counterstrategy
checking for compatibility of counterstrategy with program
trying fairness refinement
trying safety refinement
adding (x <= 7) to predicate abstraction
constructing LTL abstraction
ltl abstraction took: 0.0015728473663330078
running LTL synthesis
massaging abstract counterstrategy
checking for compatibility of counterstrategy with program
trying fairness refinement
trying safety refinement
adding (x <= 8) to predicate abstraction
