Processing program.
spec contains 2 APs (['(xc != x)', '(yc != y)'])
Starting abstract synthesis loop.
adding (x <= xc), (yc <= y), (y <= yc), (xc <= x) to predicate abstraction
constructing LTL abstraction
ltl abstraction took: 0.001967906951904297
running LTL synthesis
massaging abstract counterstrategy
checking for compatibility of counterstrategy with program
trying fairness refinement
trying safety refinement
adding (-1 <= (x + (-1 * xc))) to predicate abstraction
constructing LTL abstraction
ltl abstraction took: 0.002018451690673828
running LTL synthesis
Realizable.
REALIZABLE
HOA: v1
tool: "strix" "21.0.0"
States: 1
Start: 0
AP: 15 "pred__xc_LTEQ_x_" "pred__yc_LTEQ_y_" "env" "pred__y_LTEQ_yc_" "pred__x_LTEQ_xc_" "pred___MINUS_1_LTEQ__x_PLUS___MINUS_1_MULT_xc___" "con" "decy" "incy" "decx" "incx" "decyc" "incyc" "decxc" "incxc"
controllable-AP: 11 12 13 14
acc-name: all
Acceptance: 0 t
--BODY--
State: 0 "[0]"
[(!(0 | (((((5 | (6 | !(7 & (8 & (9 | !10)) | !7 & !(8 | !(9 | !10))))) | !4) | !3) | !2) | !1))) & (t)] 0
[(!(0 | (((((5 | (6 | (7 & ((9 | !10) | !8) | !7 & (8 | (9 | !10))))) | !4) | !3) | !2) | !1))) & (t)] 0
[(!(0 | (((((5 | (6 | (7 | !(8 & (9 | !10))))) | !4) | !3) | !2) | !1))) & (t)] 0
[(!(0 | (((((5 | (6 | (7 | ((9 | !10) | !8)))) | !4) | !3) | !2) | !1))) & (t)] 0
[(!(0 | (((((5 | (6 | ((8 | !(9 | !10)) | !7))) | !4) | !3) | !2) | !1))) & (t)] 0
[(!(0 | (((((5 | (6 | ((8 | (9 | !10)) | !7))) | !4) | !3) | !2) | !1))) & (t)] 0
[(!(0 | ((2 | (((5 | !6) | !4) | !3)) | !1))) & (!((12 | !(13 & 14)) | !11))] 0
[(!(0 | ((2 | !(3 & (4 & (5 & 6)))) | !1))) & (!((12 | (13 | !14)) | !11))] 0
[(!(0 | ((2 | (3 | ((5 | !6) | !4))) | !1))) & (11 & (13 & 14))] 0
[(!(0 | ((2 | (3 | !(4 & (5 & 6)))) | !1))) & (!((13 | !14) | !11))] 0
[(!(0 | (1 | (2 | (((5 | !6) | !4) | !3))))) & (11 & (12 & (13 & 14)))] 0
[(!(0 | (1 | (2 | !(3 & (4 & (5 & 6))))))) & (!(((13 | !14) | !12) | !11))] 0
[(!(0 | (1 | ((((5 | (6 | !(7 & (9 | !10) | !7 & !(8 | !(9 | !10))))) | !4) | !3) | !2)))) & (t)] 0
[(!(0 | (1 | ((((5 | (6 | (7 & (9 | !10) | !7 & (8 | (9 | !10))))) | !4) | !3) | !2)))) & (t)] 0
[(!(0 | (1 | ((((5 | (6 | (7 | !(8 & (9 | !10))))) | !4) | !3) | !2)))) & (t)] 0
[(!(0 | (1 | ((((5 | (6 | (7 | ((9 | !10) | !8)))) | !4) | !3) | !2)))) & (t)] 0
[(!(0 | (((3 | ((5 | (6 | !(7 & (8 & (9 | !10)) | !7 & (9 | !10)))) | !4)) | !2) | !1))) & (t)] 0
[(!(0 | (((3 | ((5 | (6 | (7 & ((9 | !10) | !8) | !7 & (9 | !10)))) | !4)) | !2) | !1))) & (t)] 0
[(!(0 | (((3 | ((5 | (6 | ((8 | !(9 | !10)) | !7))) | !4)) | !2) | !1))) & (t)] 0
[(!(0 | (((3 | ((5 | (6 | ((8 | (9 | !10)) | !7))) | !4)) | !2) | !1))) & (t)] 0
[(0 | (1 & (2 & ((5 | 6) | !4) | !2 & !(4 & 6)) | !1 & (2 & (((5 | 6) | !4) | !3) | !2 & !(3 & (4 & 6))))) & (t)] 0
--END--
Synthesis took:  12679.871559143066 ms
