Processing program.
spec contains 3 APs (['q1', '(c > e)', 'q'])
Starting abstract synthesis loop.
adding ((c_prev - e_prev) < (c - e)), (e_prev < e), ((e_prev - c_prev) < (e - c)), (e_prev > e), (c_prev < c), (c_prev > c), ((c_prev - e_prev) > (c - e)), (c <= e), ((e_prev - c_prev) > (e - c)), (e <= c) to predicate abstraction
constructing LTL abstraction
ltl abstraction took: 0.0009753704071044922
running LTL synthesis
Realizable.
REALIZABLE
HOA: v1
tool: "strix" "21.0.0"
States: 1
Start: 0
AP: 14 "pred___eprev_MINUS_cprev__GT__e_MINUS_c__" "q" "pred__e_LTEQ_c_" "pred__eprev_GT_e_" "pred___eprev_MINUS_cprev__LT__e_MINUS_c__" "pred___cprev_MINUS_eprev__LT__c_MINUS_e__" "pred__c_LTEQ_e_" "pred__cprev_GT_c_" "pred__eprev_LT_e_" "pred___cprev_MINUS_eprev__GT__c_MINUS_e__" "q1" "pred__cprev_LT_c_" "ince" "incc"
controllable-AP: 13
acc-name: all
Acceptance: 0 t
--BODY--
State: 0 "[0]"
[(!(0 | (((4 | (5 | ((8 | (9 | (10 | (11 | 12)))) | !6))) | !2) | !1))) & (t)] 0
[(!(0 | (((4 | (5 | ((8 | (9 | (10 | (11 | !12)))) | !6))) | !2) | !1))) & (t)] 0
[(!(0 | (1 | ((4 | (5 | ((8 | (9 | (11 | !10))) | !6))) | !2)))) & (13)] 0
[(!(0 | ((2 | ((5 | ((((10 | (11 | 12)) | !9) | !8) | !6)) | !4)) | !1))) & (t)] 0
[(!(0 | ((2 | ((5 | ((((10 | (11 | !12)) | !9) | !8) | !6)) | !4)) | !1))) & (t)] 0
[(!((1 | ((4 | ((6 | (8 | (9 | !(10 & 11)))) | !5)) | !2)) | !0)) & (!13)] 0
[(!(0 | (1 | (2 | (4 | (5 | ((8 | (9 | (11 | !10))) | !6))))))) & (13)] 0
[(!(0 | (((4 | (5 | (6 | (8 | (9 | (10 | (11 | 12))))))) | !2) | !1))) & (t)] 0
[(!(0 | (((4 | (5 | (6 | (8 | (9 | (10 | (11 | !12))))))) | !2) | !1))) & (t)] 0
[(!((1 | (2 | (4 | (((8 | (9 | !(10 & 11))) | !6) | !5)))) | !0)) & (13)] 0
[(!((1 | ((4 | (((8 | (9 | !(10 & 11))) | !6) | !5)) | !2)) | !0)) & (13)] 0
[(!(0 | (1 | ((4 | (5 | (6 | (8 | (9 | (11 | !10)))))) | !2)))) & (!13)] 0
[(!(0 | ((((5 | (6 | (((10 | (11 | 12)) | !9) | !8))) | !4) | !2) | !1))) & (t)] 0
[(!(0 | ((((5 | (6 | (((10 | (11 | !12)) | !9) | !8))) | !4) | !2) | !1))) & (t)] 0
[(!(0 | ((((5 | ((((10 | (11 | 12)) | !9) | !8) | !6)) | !4) | !2) | !1))) & (t)] 0
[(!(0 | ((((5 | ((((10 | (11 | !12)) | !9) | !8) | !6)) | !4) | !2) | !1))) & (t)] 0
[(0 & (1 | (2 & (4 | ((8 | (9 | !(10 & 11))) | !5)) | !2 & (4 | (((8 | (9 | !(10 & 11))) | !6) | !5)))) | !0 & (1 & (2 & (4 & (5 | (((10 | 11) | !9) | !8)) | !4 & (5 | (8 | (9 | (10 | 11))))) | !2 & ((5 | ((((10 | 11) | !9) | !8) | !6)) | !4)) | !1 & (2 & (4 | (5 | (8 | (9 | (11 | !10))))) | !2 & (4 | (5 | ((8 | (9 | (11 | !10))) | !6)))))) & (t)] 0
--END--
Synthesis took:  567.3718452453613 ms
