Processing program.
spec contains 2 APs (['goal', 'move'])
simplified !FALSE (len 6) to True (len 4)
True
Starting abstract synthesis loop.
adding (x <= 0), (0 <= x), (x_prev > x), (x_prev < x), (x >= 0) to predicate abstraction
constructing LTL abstraction
ltl abstraction took: 0.0009133815765380859
running LTL synthesis
Realizable.
REALIZABLE
HOA: v1
tool: "strix" "21.0.0"
States: 1
Start: 0
AP: 12 "goal" "pred__0_LTEQ_x_" "pred__x_GTEQ_0_" "pred__xprev_GT_x_" "pred__x_LTEQ_0_" "pred__xprev_LT_x_" "move" "setvars" "estay" "einc" "cstay" "cinc"
controllable-AP: 10 11
acc-name: all
Acceptance: 0 t
--BODY--
State: 0 "[0]"
[(!(0 | (((3 | ((5 | (6 | (8 | !7))) | !4)) | !2) | !1))) & (t)] 0
[(!(0 | (((3 | ((5 | (6 | ((9 | !8) | !7))) | !4)) | !2) | !1))) & (t)] 0
[(!(0 | (((3 | ((5 | (6 | !(7 & (8 & 9)))) | !4)) | !2) | !1))) & (t)] 0
[(!(0 | (1 | (2 | (((5 | (6 | (8 | !7))) | !4) | !3))))) & (t)] 0
[(!(0 | (1 | (2 | (((5 | (6 | ((9 | !8) | !7))) | !4) | !3))))) & (t)] 0
[(!(0 | (1 | (2 | (((5 | (6 | !(7 & (8 & 9)))) | !4) | !3))))) & (t)] 0
[(!(0 | (((3 | (4 | ((6 | (8 | !7)) | !5))) | !2) | !1))) & (t)] 0
[(!(0 | (((3 | (4 | ((6 | ((9 | !8) | !7)) | !5))) | !2) | !1))) & (t)] 0
[(!(0 | (((3 | (4 | ((6 | !(7 & (8 & 9))) | !5))) | !2) | !1))) & (t)] 0
[(!(0 | (1 | (2 | (3 | ((5 | (7 | !6)) | !4)))))) & (10 & 11)] 0
[(!(0 | (1 | (2 | (3 | (((6 | (8 | !7)) | !5) | !4)))))) & (t)] 0
[(!(0 | (1 & ((3 | (((6 | ((9 | !8) | !7)) | !5) | !4)) | !2) | !1 & (2 | (3 | (((6 | ((9 | !8) | !7)) | !5) | !4)))))) & (t)] 0
[(!(0 | (1 | (2 | (3 | (((6 | !(7 & (8 & 9))) | !5) | !4)))))) & (t)] 0
[(!(0 | (((3 | (((6 | (8 | !7)) | !5) | !4)) | !2) | !1))) & (t)] 0
[(!(0 | (((3 | (((6 | !(7 & (8 & 9))) | !5) | !4)) | !2) | !1))) & (t)] 0
[(!(0 | (((3 | (4 | (5 | (7 | !6)))) | !2) | !1))) & (!(11 | !10))] 0
[(!(0 | ((((4 | (5 | (6 | (8 | !7)))) | !3) | !2) | !1))) & (t)] 0
[(!(0 | ((((4 | (5 | (6 | ((9 | !8) | !7)))) | !3) | !2) | !1))) & (t)] 0
[(!(0 | ((((5 | (6 | !(7 & (8 & 9)))) | !3) | !2) | !1))) & (t)] 0
[(!(0 | (((((5 | (6 | (8 | !7))) | !4) | !3) | !2) | !1))) & (t)] 0
[(!(0 | (((((5 | (6 | ((9 | !8) | !7))) | !4) | !3) | !2) | !1))) & (t)] 0
[(!(0 | (1 | (2 | (3 | (((7 | !6) | !5) | !4)))))) & (!10)] 0
[(!(0 | ((((4 | (5 | (7 | !6))) | !3) | !2) | !1))) & (!(11 | !10))] 0
[(0 | (1 & ((3 & (4 & (5 | (6 | !7)) | !4 & (5 | (6 & 7 | !6 & !7))) | !3 & (4 & (6 | !7) | !4 & (5 & (6 | !7) | !5 & (7 | !6)))) | !2) | !1 & (2 | (3 & ((5 | (6 | !7)) | !4) | !3 & ((5 & (6 & 7 | !6 & !7) | !5 & (7 | !6)) | !4))))) & (t)] 0
--END--
Synthesis took:  903.090238571167 ms
