Processing program.
spec contains 11 APs (['exit_r', 'l2r', '(cl == 0)', 'entry_r', '(cr > 0)', 'stop_l', 'exit_l', 'stop_r', 'entry_l', '(cr == 0)', '(cl > 0)'])
Starting abstract synthesis loop.
adding (0 <= cl), (0 <= cr), (cr <= 0), (cl <= 0) to predicate abstraction
constructing LTL abstraction
ltl abstraction took: 0.002368450164794922
running LTL synthesis
massaging abstract counterstrategy
checking for compatibility of counterstrategy with program
trying fairness refinement
Structural Refinement: 
entry_cond:TRUE
exit_cond:(cl <= 0)
loop:(cl := (cl - 1))
adding (cl = cl_prev), (cl = (cl_prev - 1)) to predicate abstraction
constructing LTL abstraction
ltl abstraction took: 0.0024290084838867188
running LTL synthesis
massaging abstract counterstrategy
checking for compatibility of counterstrategy with program
trying fairness refinement
trying safety refinement
adding (cr <= 1) to predicate abstraction
constructing LTL abstraction
ltl abstraction took: 0.002498626708984375
running LTL synthesis
massaging abstract counterstrategy
checking for compatibility of counterstrategy with program
trying fairness refinement
Structural Refinement: 
entry_cond:TRUE
exit_cond:(cr <= 1)
loop:(cr := (cr - 1))
adding (cr = cr_prev), (cr = (cr_prev - 1)) to predicate abstraction
constructing LTL abstraction
ltl abstraction took: 0.0026302337646484375
running LTL synthesis
Realizable.
REALIZABLE
HOA: v1
tool: "strix" "21.0.0"
States: 3
Start: 1
AP: 19 "pred__cl_EQ__clprev_MINUS_1__" "pred__0_LTEQ_cr_" "pred__cr_LTEQ_0_" "pred__cr_EQ__crprev_MINUS_1__" "pred__cl_EQ_clprev_" "q0" "in_loop1_0" "pred__0_LTEQ_cl_" "pred__cl_LTEQ_0_" "pred__cr_EQ_crprev_" "pred__cr_LTEQ_1_" "in_loop0_0" "l2r" "exit_r" "exit_l" "entry_r" "entry_l" "stop_r" "stop_l"
controllable-AP: 17 18
acc-name: all
Acceptance: 0 t
--BODY--
State: 0 "[0]"
[(!(0 | ((3 | (((6 | ((((11 | (12 | ((15 | !16) | !13))) | !10) | !9) | !8)) | !5) | !4)) | !2))) & (t)] 2
[(!(0 | ((3 | (((6 | ((((11 | (((15 | !16) | !13) | !12)) | !10) | !9) | !8)) | !5) | !4)) | !2))) & (t)] 0
[(!(0 | ((3 | (((6 | ((((11 | (12 | ((16 | !15) | !14))) | !10) | !9) | !8)) | !5) | !4)) | !2))) & (!(17 | !18))] 0
[(!(0 | ((3 | (((6 | ((((11 | (((16 | !15) | !14) | !12)) | !10) | !9) | !8)) | !5) | !4)) | !2))) & (!(17 | !18))] 2
[(!(0 | ((3 | (4 | ((6 | ((9 | ((11 | (12 | (13 | (14 | (15 | 16))))) | !10)) | !8)) | !5))) | !2))) & (t)] 0
[(!(0 | ((3 | (4 | ((6 | ((9 | ((11 | ((13 | (14 | (15 | 16))) | !12)) | !10)) | !8)) | !5))) | !2))) & (t)] 2
[(!(0 | ((3 | (((6 | ((((11 | (12 | (14 | (16 | !15)))) | !10) | !9) | !8)) | !5) | !4)) | !2))) & (!(17 | !18))] 0
[(!(0 | ((3 | (((6 | ((((11 | ((14 | (16 | !15)) | !12)) | !10) | !9) | !8)) | !5) | !4)) | !2))) & (!(17 | !18))] 1
[(!(0 | ((3 | (((6 | ((((11 | (12 | (13 | (15 | !16)))) | !10) | !9) | !8)) | !5) | !4)) | !2))) & (t)] 1
[(!(0 | ((3 | (((6 | ((((11 | ((13 | (15 | !16)) | !12)) | !10) | !9) | !8)) | !5) | !4)) | !2))) & (t)] 0
[(!(0 | ((3 | (((6 | ((((11 | (12 | (15 | 16))) | !10) | !9) | !8)) | !5) | !4)) | !2))) & (!(17 | !18))] 0
[(!(0 | ((3 | (((6 | ((((11 | ((15 | 16) | !12)) | !10) | !9) | !8)) | !5) | !4)) | !2))) & (!(17 | !18))] 2
[(!(0 | (2 | (3 | (((6 | ((9 | ((11 | (12 | (14 | (15 | 16)))) | !10)) | !8)) | !5) | !4))))) & (!(17 | !18))] 1
[(!(0 | (2 | (3 | (((6 | ((9 | ((11 | (12 | (14 | (16 | !15)))) | !10)) | !8)) | !5) | !4))))) & (!(17 | !18))] 0
[(!(0 | (2 | (3 | (((6 | ((9 | ((11 | (12 | ((15 | 16) | !14))) | !10)) | !8)) | !5) | !4))))) & (!(17 | !18))] 0
[(!(0 | (2 | (3 | (((6 | ((9 | ((11 | (12 | ((16 | !15) | !14))) | !10)) | !8)) | !5) | !4))))) & (!(17 | !18))] 1
[(!(0 | (2 | (3 | (((6 | ((9 | ((11 | ((14 | (15 | 16)) | !12)) | !10)) | !8)) | !5) | !4))))) & (!(17 | !18))] 0
[(!(0 | (2 | (3 | (((6 | ((9 | ((11 | ((14 | (16 | !15)) | !12)) | !10)) | !8)) | !5) | !4))))) & (!(17 | !18))] 1
[(!(0 | (2 | (3 | (((6 | ((9 | ((11 | (((15 | 16) | !14) | !12)) | !10)) | !8)) | !5) | !4))))) & (!(17 | !18))] 2
[(!(0 | (2 | (3 | (((6 | ((9 | ((11 | (((16 | !15) | !14) | !12)) | !10)) | !8)) | !5) | !4))))) & (!(17 | !18))] 0
[(!(0 | ((3 | (4 | ((6 | (8 | (((11 | (12 | (13 | (15 | 16)))) | !10) | !9))) | !5))) | !2))) & (!(18 | !17))] 1
[(!(0 | ((3 | (4 | ((6 | (8 | (((11 | (12 | ((15 | 16) | !13))) | !10) | !9))) | !5))) | !2))) & (!(18 | !17))] 2
[(!(0 | ((3 | (4 | ((6 | (8 | (((11 | ((13 | (15 | 16)) | !12)) | !10) | !9))) | !5))) | !2))) & (!(18 | !17))] 0
[(!(0 | ((3 | (4 | ((6 | (8 | (((11 | (((15 | 16) | !13) | !12)) | !10) | !9))) | !5))) | !2))) & (!(18 | !17))] 1
[(!(0 | ((3 | (4 | ((6 | (8 | (((11 | (12 | (13 | (15 | !16)))) | !10) | !9))) | !5))) | !2))) & (!(18 | !17))] 1
[(!(0 | ((3 | (4 | ((6 | (8 | (((11 | (12 | ((15 | !16) | !13))) | !10) | !9))) | !5))) | !2))) & (!(18 | !17))] 1
[(!(0 | ((3 | (4 | ((6 | (8 | (((11 | ((13 | (15 | !16)) | !12)) | !10) | !9))) | !5))) | !2))) & (!(18 | !17))] 0
[(!(0 | ((3 | (4 | ((6 | (8 | (((11 | (((15 | !16) | !13) | !12)) | !10) | !9))) | !5))) | !2))) & (!(18 | !17))] 0
[(!(0 | (2 | (3 | (((6 | ((((11 | (12 | (14 | (15 | 16)))) | !10) | !9) | !8)) | !5) | !4))))) & (!(17 | !18))] 1
[(!(0 | (2 | (3 | (((6 | ((((11 | (12 | (14 | (16 | !15)))) | !10) | !9) | !8)) | !5) | !4))))) & (!(17 | !18))] 0
[(!(0 | (2 | (3 | (((6 | ((((11 | (12 | ((15 | 16) | !14))) | !10) | !9) | !8)) | !5) | !4))))) & (!(17 | !18))] 0
[(!(0 | (2 | (3 | (((6 | ((((11 | (12 | ((16 | !15) | !14))) | !10) | !9) | !8)) | !5) | !4))))) & (!(17 | !18))] 1
[(!(0 | (2 | (3 | (((6 | ((((11 | ((14 | (15 | 16)) | !12)) | !10) | !9) | !8)) | !5) | !4))))) & (17 & 18)] 0
[(!(0 | (2 | (3 | (((6 | ((((11 | ((14 | (16 | !15)) | !12)) | !10) | !9) | !8)) | !5) | !4))))) & (17 & 18)] 1
[(!(0 | (2 | (3 | (((6 | ((((11 | (((15 | 16) | !14) | !12)) | !10) | !9) | !8)) | !5) | !4))))) & (!(18 | !17))] 1
[(!(0 | (2 | (3 | (((6 | ((((11 | (((16 | !15) | !14) | !12)) | !10) | !9) | !8)) | !5) | !4))))) & (17 & 18)] 0
[(!(0 | (2 | (3 | (((6 | ((9 | (10 | (11 | (12 | (14 | (15 | 16)))))) | !8)) | !5) | !4))))) & (!(17 | !18))] 0
[(!(0 | (2 | (3 | (((6 | ((9 | (10 | (11 | (12 | (14 | (16 | !15)))))) | !8)) | !5) | !4))))) & (!(17 | !18))] 0
[(!(0 | (2 | (3 | (((6 | ((9 | (10 | (11 | (12 | ((15 | 16) | !14))))) | !8)) | !5) | !4))))) & (!(17 | !18))] 2
[(!(0 | (2 | (3 | (((6 | ((9 | (10 | (11 | (12 | ((16 | !15) | !14))))) | !8)) | !5) | !4))))) & (!(17 | !18))] 0
[(!(0 | (2 | (3 | (((6 | ((9 | (10 | (11 | ((14 | (15 | 16)) | !12)))) | !8)) | !5) | !4))))) & (!(17 | !18))] 1
[(!(0 | (2 | (3 | (((6 | ((9 | (10 | (11 | ((14 | (16 | !15)) | !12)))) | !8)) | !5) | !4))))) & (!(17 | !18))] 1
[(!(0 | (2 | (3 | (((6 | ((9 | (10 | (11 | (((15 | 16) | !14) | !12)))) | !8)) | !5) | !4))))) & (!(17 | !18))] 0
[(!(0 | (2 | (3 | (((6 | ((9 | (10 | (11 | (((16 | !15) | !14) | !12)))) | !8)) | !5) | !4))))) & (!(17 | !18))] 1
[(!(0 | (((((6 | ((9 | ((11 | (12 | (14 | (16 | !15)))) | !10)) | !8)) | !5) | !4) | !3) | !2))) & (!(17 | !18))] 0
[(!(0 | (((((6 | ((9 | ((11 | ((14 | (16 | !15)) | !12)) | !10)) | !8)) | !5) | !4) | !3) | !2))) & (!(17 | !18))] 1
[(!(0 | (((((6 | ((9 | ((11 | (12 | (13 | (15 | !16)))) | !10)) | !8)) | !5) | !4) | !3) | !2))) & (t)] 0
[(!(0 | (((((6 | ((9 | ((11 | ((13 | (15 | !16)) | !12)) | !10)) | !8)) | !5) | !4) | !3) | !2))) & (t)] 2
[(!(0 | (((((6 | ((9 | ((11 | (12 | (15 | 16))) | !10)) | !8)) | !5) | !4) | !3) | !2))) & (!(17 | !18))] 0
[(!(0 | (((((6 | ((9 | ((11 | ((15 | 16) | !12)) | !10)) | !8)) | !5) | !4) | !3) | !2))) & (!(17 | !18))] 2
[(!(0 | ((3 | (((6 | (8 | (((11 | (12 | (13 | (15 | 16)))) | !10) | !9))) | !5) | !4)) | !2))) & (!(18 | !17))] 1
[(!(0 | ((3 | (((6 | (8 | (((11 | (12 | ((15 | 16) | !13))) | !10) | !9))) | !5) | !4)) | !2))) & (!(18 | !17))] 2
[(!(0 | ((3 | (((6 | (8 | (((11 | ((13 | (15 | 16)) | !12)) | !10) | !9))) | !5) | !4)) | !2))) & (!(18 | !17))] 0
[(!(0 | ((3 | (((6 | (8 | (((11 | (((15 | 16) | !13) | !12)) | !10) | !9))) | !5) | !4)) | !2))) & (!(18 | !17))] 1
[(!(((3 | (4 | ((6 | (8 | ((((12 | (13 | (15 | 16))) | !11) | !10) | !9))) | !5))) | !2) | !0)) & (17 & 18)] 1
[(!(((3 | (4 | ((6 | (8 | ((((12 | ((15 | 16) | !13)) | !11) | !10) | !9))) | !5))) | !2) | !0)) & (17 & 18)] 2
[(!(((3 | (4 | ((6 | (8 | (((((13 | (15 | 16)) | !12) | !11) | !10) | !9))) | !5))) | !2) | !0)) & (!(18 | !17))] 0
[(!(((3 | (4 | ((6 | (8 | ((((((15 | 16) | !13) | !12) | !11) | !10) | !9))) | !5))) | !2) | !0)) & (!(18 | !17))] 1
[(!(((3 | (4 | ((6 | (((((12 | (15 | 16)) | !11) | !10) | !9) | !8)) | !5))) | !2) | !0)) & (!(17 | !18))] 0
[(!(((3 | (4 | ((6 | ((((((15 | 16) | !12) | !11) | !10) | !9) | !8)) | !5))) | !2) | !0)) & (!(18 | !17))] 1
[(!(0 | ((3 | (((6 | (8 | (((11 | (12 | (13 | (15 | !16)))) | !10) | !9))) | !5) | !4)) | !2))) & (!(18 | !17))] 1
[(!(0 | ((3 | (((6 | (8 | (((11 | (12 | ((15 | !16) | !13))) | !10) | !9))) | !5) | !4)) | !2))) & (!(18 | !17))] 1
[(!(0 | ((3 | (((6 | (8 | (((11 | ((13 | (15 | !16)) | !12)) | !10) | !9))) | !5) | !4)) | !2))) & (!(18 | !17))] 0
[(!(0 | ((3 | (((6 | (8 | (((11 | (((15 | !16) | !13) | !12)) | !10) | !9))) | !5) | !4)) | !2))) & (!(18 | !17))] 0
[(!(((3 | (4 | ((6 | (8 | ((((12 | (13 | (15 | !16))) | !11) | !10) | !9))) | !5))) | !2) | !0)) & (!(18 | !17))] 2
[(!(((3 | (4 | ((6 | (8 | ((((12 | ((15 | !16) | !13)) | !11) | !10) | !9))) | !5))) | !2) | !0)) & (17 & 18)] 2
[(!(((3 | (4 | ((6 | (8 | (((((13 | (15 | !16)) | !12) | !11) | !10) | !9))) | !5))) | !2) | !0)) & (!(18 | !17))] 0
[(!(((3 | (4 | ((6 | (8 | ((((((15 | !16) | !13) | !12) | !11) | !10) | !9))) | !5))) | !2) | !0)) & (!(18 | !17))] 0
[(!(((3 | (4 | ((6 | (((((12 | (13 | (15 | !16))) | !11) | !10) | !9) | !8)) | !5))) | !2) | !0)) & (!(18 | !17))] 1
[(!(((3 | (4 | ((6 | ((((((13 | (15 | !16)) | !12) | !11) | !10) | !9) | !8)) | !5))) | !2) | !0)) & (!(18 | !17))] 0
[(!(0 | (2 | (3 | (((6 | (((10 | (11 | (12 | (14 | (15 | 16))))) | !9) | !8)) | !5) | !4))))) & (!(17 | !18))] 0
[(!(0 | (2 | (3 | (((6 | (((10 | (11 | (12 | (14 | (16 | !15))))) | !9) | !8)) | !5) | !4))))) & (!(17 | !18))] 0
[(!(0 | (2 | (3 | (((6 | (((10 | (11 | (12 | ((15 | 16) | !14)))) | !9) | !8)) | !5) | !4))))) & (!(17 | !18))] 2
[(!(0 | (2 | (3 | (((6 | (((10 | (11 | (12 | ((16 | !15) | !14)))) | !9) | !8)) | !5) | !4))))) & (!(17 | !18))] 0
[(!(0 | (2 | (3 | (((6 | (((10 | (11 | ((14 | (15 | 16)) | !12))) | !9) | !8)) | !5) | !4))))) & (!(17 | !18))] 1
[(!(0 | (2 | (3 | (((6 | (((10 | (11 | ((14 | (16 | !15)) | !12))) | !9) | !8)) | !5) | !4))))) & (!(17 | !18))] 1
[(!(0 | (2 | (3 | (((6 | (((10 | (11 | (((15 | 16) | !14) | !12))) | !9) | !8)) | !5) | !4))))) & (!(17 | !18))] 0
[(!(0 | (2 | (3 | (((6 | (((10 | (11 | (((16 | !15) | !14) | !12))) | !9) | !8)) | !5) | !4))))) & (!(17 | !18))] 1
[(!(0 | (2 | ((((((9 | (10 | (11 | (12 | (14 | (15 | 16)))))) | !8) | !6) | !5) | !4) | !3)))) & (!(17 | !18))] 0
[(!(0 | (2 | ((((((9 | (11 | (12 | (14 | (16 | !15))))) | !8) | !6) | !5) | !4) | !3)))) & (!(17 | !18))] 0
[(!(0 | (2 | ((((((9 | (10 | (11 | (12 | ((15 | 16) | !14))))) | !8) | !6) | !5) | !4) | !3)))) & (!(17 | !18))] 2
[(!(0 | (2 | ((((((9 | (10 | (11 | (12 | ((16 | !15) | !14))))) | !8) | !6) | !5) | !4) | !3)))) & (!(17 | !18))] 0
[(!(((3 | (4 | ((6 | (((((12 | ((15 | !16) | !13)) | !11) | !10) | !9) | !8)) | !5))) | !2) | !0)) & (!(17 | !18))] 0
[(!(((3 | (4 | ((6 | (((((((15 | !16) | !13) | !12) | !11) | !10) | !9) | !8)) | !5))) | !2) | !0)) & (!(18 | !17))] 1
[(!(0 | (((((6 | ((9 | ((11 | (12 | ((15 | !16) | !13))) | !10)) | !8)) | !5) | !4) | !3) | !2))) & (t)] 2
[(!(0 | (((((6 | ((9 | ((11 | (12 | ((16 | !15) | !14))) | !10)) | !8)) | !5) | !4) | !3) | !2))) & (!(17 | !18))] 0
[(!(0 | (((((6 | ((9 | ((11 | (((15 | !16) | !13) | !12)) | !10)) | !8)) | !5) | !4) | !3) | !2))) & (t)] 0
[(!(0 | (((((6 | ((9 | ((11 | (((16 | !15) | !14) | !12)) | !10)) | !8)) | !5) | !4) | !3) | !2))) & (!(17 | !18))] 2
[(!(0 | (2 | ((((((9 | (10 | (11 | ((14 | (15 | 16)) | !12)))) | !8) | !6) | !5) | !4) | !3)))) & (17 & 18)] 2
[(!(0 | (2 | ((((((9 | (11 | ((14 | (16 | !15)) | !12))) | !8) | !6) | !5) | !4) | !3)))) & (17 & 18)] 1
[(!(0 | (2 | ((((((9 | (10 | (11 | (((15 | 16) | !14) | !12)))) | !8) | !6) | !5) | !4) | !3)))) & (17 & 18)] 0
[(!(0 | (2 | ((((((9 | (10 | (11 | (((16 | !15) | !14) | !12)))) | !8) | !6) | !5) | !4) | !3)))) & (17 & 18)] 2
[(!(0 | (2 | ((((((9 | ((11 | (12 | (14 | (15 | 16)))) | !10)) | !8) | !6) | !5) | !4) | !3)))) & (!(17 | !18))] 1
[(!(0 | (2 | ((((((9 | ((11 | (12 | ((15 | 16) | !14))) | !10)) | !8) | !6) | !5) | !4) | !3)))) & (!(17 | !18))] 0
[(!(0 | (2 | ((((((9 | ((11 | (12 | ((16 | !15) | !14))) | !10)) | !8) | !6) | !5) | !4) | !3)))) & (!(17 | !18))] 1
[(!(0 | (2 | ((((((9 | ((11 | ((14 | (15 | 16)) | !12)) | !10)) | !8) | !6) | !5) | !4) | !3)))) & (17 & 18)] 0
[(!(0 | (2 | ((((((9 | ((11 | (((15 | 16) | !14) | !12)) | !10)) | !8) | !6) | !5) | !4) | !3)))) & (!(18 | !17))] 1
[(!(0 | (2 | ((((((9 | ((11 | (((16 | !15) | !14) | !12)) | !10)) | !8) | !6) | !5) | !4) | !3)))) & (17 & 18)] 0
[(!(0 | ((3 | (((6 | (8 | ((((12 | (13 | (15 | 16))) | !11) | !10) | !9))) | !5) | !4)) | !2))) & (!(18 | !17))] 1
[(!(0 | ((3 | (((6 | (8 | ((((12 | ((15 | 16) | !13)) | !11) | !10) | !9))) | !5) | !4)) | !2))) & (!(18 | !17))] 0
[(!(0 | ((3 | (((6 | (8 | (((((13 | (15 | 16)) | !12) | !11) | !10) | !9))) | !5) | !4)) | !2))) & (!(18 | !17))] 0
[(!(0 | ((3 | (((6 | (8 | ((((((15 | 16) | !13) | !12) | !11) | !10) | !9))) | !5) | !4)) | !2))) & (!(18 | !17))] 1
[(!(0 | ((3 | (((6 | (8 | ((((12 | (13 | (15 | !16))) | !11) | !10) | !9))) | !5) | !4)) | !2))) & (!(18 | !17))] 1
[(!(0 | ((3 | (((6 | (8 | ((((12 | ((15 | !16) | !13)) | !11) | !10) | !9))) | !5) | !4)) | !2))) & (!(18 | !17))] 2
[(!(0 | ((3 | (((6 | (8 | (((((13 | (15 | !16)) | !12) | !11) | !10) | !9))) | !5) | !4)) | !2))) & (!(18 | !17))] 0
[(!(0 | ((3 | (((6 | (8 | ((((((15 | !16) | !13) | !12) | !11) | !10) | !9))) | !5) | !4)) | !2))) & (!(18 | !17))] 0
[(!(0 | (2 | (3 | ((((((10 | (11 | (12 | (14 | (15 | 16))))) | !9) | !8) | !6) | !5) | !4))))) & (!(17 | !18))] 0
[(!(0 | (2 | (3 | ((((((10 | (11 | (12 | (14 | (16 | !15))))) | !9) | !8) | !6) | !5) | !4))))) & (!(17 | !18))] 0
[(!(0 | (2 | (3 | ((((((10 | (11 | (12 | ((15 | 16) | !14)))) | !9) | !8) | !6) | !5) | !4))))) & (!(17 | !18))] 2
[(!(0 | (2 | (3 | ((((((10 | (11 | (12 | ((16 | !15) | !14)))) | !9) | !8) | !6) | !5) | !4))))) & (!(17 | !18))] 0
[(!(0 | (2 | (3 | ((((((10 | (11 | ((14 | (15 | 16)) | !12))) | !9) | !8) | !6) | !5) | !4))))) & (!(17 | !18))] 2
[(!(0 | (2 | (3 | ((((((10 | (11 | ((14 | (16 | !15)) | !12))) | !9) | !8) | !6) | !5) | !4))))) & (!(17 | !18))] 2
[(!(0 | (2 | (3 | ((((((10 | (11 | (((15 | 16) | !14) | !12))) | !9) | !8) | !6) | !5) | !4))))) & (!(17 | !18))] 0
[(!(0 | (2 | (3 | ((((((10 | (11 | (((16 | !15) | !14) | !12))) | !9) | !8) | !6) | !5) | !4))))) & (!(17 | !18))] 2
[(0 & ((3 | (4 | ((6 | (((15 | !11) | !10) | !9)) | !5))) | !2) | !0 & (2 & (3 & (((6 | ((9 | ((11 | (15 & 16)) | !10)) | !8)) | !5) | !4) | !3 & (4 & ((6 | (8 & (((11 | (15 & 16)) | !10) | !9) | !8 & ((15 | !10) | !9))) | !5) | !4 & ((6 | (8 & (9 | ((11 | (13 | (14 | (15 | 16)))) | !10)) | !8 & (((11 | 15) | !10) | !9))) | !5))) | !2 & (3 & (((((9 | (11 | 16)) | !8) | !6) | !5) | !4) | !3 & (((6 & (((10 | (11 | 16)) | !9) | !8) | !6 & ((11 | 16) | !8)) | !5) | !4)))) & (t)] 0
State: 1 "[1]"
[(!(0 | ((3 | (((6 | ((((11 | (12 | ((15 | !16) | !13))) | !10) | !9) | !8)) | !5) | !4)) | !2))) & (!(18 | !17))] 2
[(!(0 | ((3 | (((6 | ((((11 | (((15 | !16) | !13) | !12)) | !10) | !9) | !8)) | !5) | !4)) | !2))) & (!(18 | !17))] 1
[(!(0 | ((3 | (((6 | ((((11 | (12 | ((16 | !15) | !14))) | !10) | !9) | !8)) | !5) | !4)) | !2))) & (t)] 0
[(!(0 | ((3 | (((6 | ((((11 | (((16 | !15) | !14) | !12)) | !10) | !9) | !8)) | !5) | !4)) | !2))) & (t)] 2
[(!(0 | ((3 | (4 | ((6 | ((9 | ((11 | (12 | (13 | (14 | (15 | 16))))) | !10)) | !8)) | !5))) | !2))) & (!(17 | !18))] 0
[(!(0 | ((3 | (4 | ((6 | ((9 | ((11 | ((13 | (14 | (15 | 16))) | !12)) | !10)) | !8)) | !5))) | !2))) & (!(18 | !17))] 1
[(!(0 | ((3 | (((6 | ((((11 | (12 | (14 | (16 | !15)))) | !10) | !9) | !8)) | !5) | !4)) | !2))) & (t)] 2
[(!(0 | ((3 | (((6 | ((((11 | ((14 | (16 | !15)) | !12)) | !10) | !9) | !8)) | !5) | !4)) | !2))) & (t)] 2
[(!(0 | ((3 | (((6 | ((((11 | (12 | (13 | (15 | !16)))) | !10) | !9) | !8)) | !5) | !4)) | !2))) & (!(18 | !17))] 2
[(!(0 | ((3 | (((6 | ((((11 | ((13 | (15 | !16)) | !12)) | !10) | !9) | !8)) | !5) | !4)) | !2))) & (!(18 | !17))] 0
[(!(0 | ((3 | (((6 | ((((11 | (12 | (15 | 16))) | !10) | !9) | !8)) | !5) | !4)) | !2))) & (!(18 | !17))] 2
[(!(0 | ((3 | (((6 | ((((11 | ((15 | 16) | !12)) | !10) | !9) | !8)) | !5) | !4)) | !2))) & (!(18 | !17))] 1
[(!(0 | (2 | (3 | (((6 | ((9 | ((11 | (12 | (14 | (15 | 16)))) | !10)) | !8)) | !5) | !4))))) & (!(17 | !18))] 1
[(!(0 | (2 | (3 | (((6 | ((9 | ((11 | (12 | (14 | (16 | !15)))) | !10)) | !8)) | !5) | !4))))) & (!(17 | !18))] 0
[(!(0 | (2 | (3 | (((6 | ((9 | ((11 | (12 | ((15 | 16) | !14))) | !10)) | !8)) | !5) | !4))))) & (!(17 | !18))] 0
[(!(0 | (2 | (3 | (((6 | ((9 | ((11 | (12 | ((16 | !15) | !14))) | !10)) | !8)) | !5) | !4))))) & (!(17 | !18))] 1
[(!(0 | (2 | (3 | (((6 | ((9 | ((11 | ((14 | (15 | 16)) | !12)) | !10)) | !8)) | !5) | !4))))) & (17 & 18)] 0
[(!(0 | (2 | (3 | (((6 | ((9 | ((11 | ((14 | (16 | !15)) | !12)) | !10)) | !8)) | !5) | !4))))) & (17 & 18)] 1
[(!(0 | (2 | (3 | (((6 | ((9 | ((11 | (((15 | 16) | !14) | !12)) | !10)) | !8)) | !5) | !4))))) & (!(18 | !17))] 1
[(!(0 | (2 | (3 | (((6 | ((9 | ((11 | (((16 | !15) | !14) | !12)) | !10)) | !8)) | !5) | !4))))) & (17 & 18)] 0
[(!(0 | ((3 | (4 | ((6 | (8 | (((11 | (12 | (13 | (15 | 16)))) | !10) | !9))) | !5))) | !2))) & (17 & 18)] 1
[(!(0 | ((3 | (4 | ((6 | (8 | (((11 | (12 | ((15 | 16) | !13))) | !10) | !9))) | !5))) | !2))) & (17 & 18)] 0
[(!(0 | ((3 | (4 | ((6 | (8 | (((11 | ((13 | (15 | 16)) | !12)) | !10) | !9))) | !5))) | !2))) & (!(18 | !17))] 0
[(!(0 | ((3 | (4 | ((6 | (8 | (((11 | (((15 | 16) | !13) | !12)) | !10) | !9))) | !5))) | !2))) & (!(18 | !17))] 1
[(!(0 | ((3 | (4 | ((6 | (8 | (((11 | (12 | (13 | (15 | !16)))) | !10) | !9))) | !5))) | !2))) & (17 & 18)] 1
[(!(0 | ((3 | (4 | ((6 | (8 | (((11 | (12 | ((15 | !16) | !13))) | !10) | !9))) | !5))) | !2))) & (17 & 18)] 1
[(!(0 | ((3 | (4 | ((6 | (8 | (((11 | ((13 | (15 | !16)) | !12)) | !10) | !9))) | !5))) | !2))) & (!(18 | !17))] 0
[(!(0 | ((3 | (4 | ((6 | (8 | (((11 | (((15 | !16) | !13) | !12)) | !10) | !9))) | !5))) | !2))) & (!(18 | !17))] 0
[(!(0 | (2 | (3 | (((6 | ((((11 | (12 | (14 | (15 | 16)))) | !10) | !9) | !8)) | !5) | !4))))) & (!(17 | !18))] 1
[(!(0 | (2 | (3 | (((6 | ((((11 | (12 | (14 | (16 | !15)))) | !10) | !9) | !8)) | !5) | !4))))) & (!(17 | !18))] 0
[(!(0 | (2 | (3 | (((6 | ((((11 | (12 | ((15 | 16) | !14))) | !10) | !9) | !8)) | !5) | !4))))) & (!(17 | !18))] 0
[(!(0 | (2 | (3 | (((6 | ((((11 | (12 | ((16 | !15) | !14))) | !10) | !9) | !8)) | !5) | !4))))) & (!(17 | !18))] 1
[(!(0 | (2 | (3 | (((6 | ((((11 | ((14 | (15 | 16)) | !12)) | !10) | !9) | !8)) | !5) | !4))))) & (!(17 | !18))] 0
[(!(0 | (2 | (3 | (((6 | ((((11 | ((14 | (16 | !15)) | !12)) | !10) | !9) | !8)) | !5) | !4))))) & (!(17 | !18))] 1
[(!(0 | (2 | (3 | (((6 | ((((11 | (((15 | 16) | !14) | !12)) | !10) | !9) | !8)) | !5) | !4))))) & (!(17 | !18))] 2
[(!(0 | (2 | (3 | (((6 | ((((11 | (((16 | !15) | !14) | !12)) | !10) | !9) | !8)) | !5) | !4))))) & (!(17 | !18))] 0
[(!(0 | (2 | (3 | (((6 | ((9 | (10 | (11 | (12 | (14 | (15 | 16)))))) | !8)) | !5) | !4))))) & (!(17 | !18))] 0
[(!(0 | (2 | (3 | (((6 | ((9 | (10 | (11 | (12 | (14 | (16 | !15)))))) | !8)) | !5) | !4))))) & (!(17 | !18))] 0
[(!(0 | (2 | (3 | (((6 | ((9 | (10 | (11 | (12 | ((15 | 16) | !14))))) | !8)) | !5) | !4))))) & (!(17 | !18))] 2
[(!(0 | (2 | (3 | (((6 | ((9 | (10 | (11 | (12 | ((16 | !15) | !14))))) | !8)) | !5) | !4))))) & (!(17 | !18))] 0
[(!(0 | (2 | (3 | (((6 | ((9 | (10 | (11 | ((14 | (15 | 16)) | !12)))) | !8)) | !5) | !4))))) & (17 & 18)] 1
[(!(0 | (2 | (3 | (((6 | ((9 | (10 | (11 | ((14 | (16 | !15)) | !12)))) | !8)) | !5) | !4))))) & (17 & 18)] 1
[(!(0 | (2 | (3 | (((6 | ((9 | (10 | (11 | (((15 | 16) | !14) | !12)))) | !8)) | !5) | !4))))) & (17 & 18)] 0
[(!(0 | (2 | (3 | (((6 | ((9 | (10 | (11 | (((16 | !15) | !14) | !12)))) | !8)) | !5) | !4))))) & (17 & 18)] 1
[(!(0 | (((((6 | ((9 | ((11 | (12 | (14 | (16 | !15)))) | !10)) | !8)) | !5) | !4) | !3) | !2))) & (t)] 1
[(!(0 | (((((6 | ((9 | ((11 | ((14 | (16 | !15)) | !12)) | !10)) | !8)) | !5) | !4) | !3) | !2))) & (t)] 1
[(!(0 | (((((6 | ((9 | ((11 | (12 | (13 | (15 | !16)))) | !10)) | !8)) | !5) | !4) | !3) | !2))) & (!(18 | !17))] 2
[(!(0 | (((((6 | ((9 | ((11 | ((13 | (15 | !16)) | !12)) | !10)) | !8)) | !5) | !4) | !3) | !2))) & (!(18 | !17))] 0
[(!(0 | (((((6 | ((9 | ((11 | (12 | (15 | 16))) | !10)) | !8)) | !5) | !4) | !3) | !2))) & (!(18 | !17))] 2
[(!(0 | (((((6 | ((9 | ((11 | ((15 | 16) | !12)) | !10)) | !8)) | !5) | !4) | !3) | !2))) & (!(18 | !17))] 1
[(!(0 | ((3 | (((6 | (8 | (((11 | (12 | (13 | (15 | 16)))) | !10) | !9))) | !5) | !4)) | !2))) & (17 & 18)] 1
[(!(0 | ((3 | (((6 | (8 | (((11 | (12 | ((15 | 16) | !13))) | !10) | !9))) | !5) | !4)) | !2))) & (17 & 18)] 2
[(!(0 | ((3 | (((6 | (8 | (((11 | ((13 | (15 | 16)) | !12)) | !10) | !9))) | !5) | !4)) | !2))) & (!(18 | !17))] 0
[(!(0 | ((3 | (((6 | (8 | (((11 | (((15 | 16) | !13) | !12)) | !10) | !9))) | !5) | !4)) | !2))) & (!(18 | !17))] 1
[(!(((3 | (4 | ((6 | (8 | ((((12 | (13 | (15 | 16))) | !11) | !10) | !9))) | !5))) | !2) | !0)) & (!(18 | !17))] 1
[(!(((3 | (4 | ((6 | (8 | ((((12 | ((15 | 16) | !13)) | !11) | !10) | !9))) | !5))) | !2) | !0)) & (!(18 | !17))] 0
[(!(((3 | (4 | ((6 | (8 | (((((13 | (15 | 16)) | !12) | !11) | !10) | !9))) | !5))) | !2) | !0)) & (!(18 | !17))] 0
[(!(((3 | (4 | ((6 | (8 | ((((((15 | 16) | !13) | !12) | !11) | !10) | !9))) | !5))) | !2) | !0)) & (!(18 | !17))] 1
[(!(((3 | (4 | ((6 | (((((12 | (15 | 16)) | !11) | !10) | !9) | !8)) | !5))) | !2) | !0)) & (!(18 | !17))] 2
[(!(((3 | (4 | ((6 | ((((((15 | 16) | !12) | !11) | !10) | !9) | !8)) | !5))) | !2) | !0)) & (!(18 | !17))] 1
[(!(0 | ((3 | (((6 | (8 | (((11 | (12 | (13 | (15 | !16)))) | !10) | !9))) | !5) | !4)) | !2))) & (17 & 18)] 1
[(!(0 | ((3 | (((6 | (8 | (((11 | (12 | ((15 | !16) | !13))) | !10) | !9))) | !5) | !4)) | !2))) & (17 & 18)] 1
[(!(0 | ((3 | (((6 | (8 | (((11 | ((13 | (15 | !16)) | !12)) | !10) | !9))) | !5) | !4)) | !2))) & (!(18 | !17))] 0
[(!(0 | ((3 | (((6 | (8 | (((11 | (((15 | !16) | !13) | !12)) | !10) | !9))) | !5) | !4)) | !2))) & (!(18 | !17))] 0
[(!(((3 | (4 | ((6 | (8 | ((((12 | (13 | (15 | !16))) | !11) | !10) | !9))) | !5))) | !2) | !0)) & (!(18 | !17))] 2
[(!(((3 | (4 | ((6 | (8 | ((((12 | ((15 | !16) | !13)) | !11) | !10) | !9))) | !5))) | !2) | !0)) & (!(18 | !17))] 2
[(!(((3 | (4 | ((6 | (8 | (((((13 | (15 | !16)) | !12) | !11) | !10) | !9))) | !5))) | !2) | !0)) & (!(18 | !17))] 0
[(!(((3 | (4 | ((6 | (8 | ((((((15 | !16) | !13) | !12) | !11) | !10) | !9))) | !5))) | !2) | !0)) & (!(18 | !17))] 0
[(!(((3 | (4 | ((6 | (((((12 | (13 | (15 | !16))) | !11) | !10) | !9) | !8)) | !5))) | !2) | !0)) & (!(18 | !17))] 1
[(!(((3 | (4 | ((6 | ((((((13 | (15 | !16)) | !12) | !11) | !10) | !9) | !8)) | !5))) | !2) | !0)) & (!(18 | !17))] 0
[(!(0 | (2 | (3 | (((6 | (((10 | (11 | (12 | (14 | (15 | 16))))) | !9) | !8)) | !5) | !4))))) & (!(17 | !18))] 0
[(!(0 | (2 | (3 | (((6 | (((10 | (11 | (12 | (14 | (16 | !15))))) | !9) | !8)) | !5) | !4))))) & (!(17 | !18))] 0
[(!(0 | (2 | (3 | (((6 | (((10 | (11 | (12 | ((15 | 16) | !14)))) | !9) | !8)) | !5) | !4))))) & (!(17 | !18))] 2
[(!(0 | (2 | (3 | (((6 | (((10 | (11 | (12 | ((16 | !15) | !14)))) | !9) | !8)) | !5) | !4))))) & (!(17 | !18))] 0
[(!(0 | (2 | (3 | (((6 | (((10 | (11 | ((14 | (15 | 16)) | !12))) | !9) | !8)) | !5) | !4))))) & (17 & 18)] 1
[(!(0 | (2 | (3 | (((6 | (((10 | (11 | ((14 | (16 | !15)) | !12))) | !9) | !8)) | !5) | !4))))) & (17 & 18)] 1
[(!(0 | (2 | (3 | (((6 | (((10 | (11 | (((15 | 16) | !14) | !12))) | !9) | !8)) | !5) | !4))))) & (17 & 18)] 0
[(!(0 | (2 | (3 | (((6 | (((10 | (11 | (((16 | !15) | !14) | !12))) | !9) | !8)) | !5) | !4))))) & (17 & 18)] 1
[(!(0 | (2 | ((((((9 | (10 | (11 | (12 | (14 | (15 | 16)))))) | !8) | !6) | !5) | !4) | !3)))) & (t)] 2
[(!(0 | (2 | ((((((9 | (11 | (12 | (14 | (16 | !15))))) | !8) | !6) | !5) | !4) | !3)))) & (t)] 0
[(!(0 | (2 | ((((((9 | (10 | (11 | (12 | ((15 | 16) | !14))))) | !8) | !6) | !5) | !4) | !3)))) & (t)] 1
[(!(0 | (2 | ((((((9 | (10 | (11 | (12 | ((16 | !15) | !14))))) | !8) | !6) | !5) | !4) | !3)))) & (t)] 1
[(!(((3 | (4 | ((6 | (((((12 | ((15 | !16) | !13)) | !11) | !10) | !9) | !8)) | !5))) | !2) | !0)) & (!(18 | !17))] 2
[(!(((3 | (4 | ((6 | (((((((15 | !16) | !13) | !12) | !11) | !10) | !9) | !8)) | !5))) | !2) | !0)) & (!(18 | !17))] 1
[(!(0 | (((((6 | ((9 | ((11 | (12 | ((15 | !16) | !13))) | !10)) | !8)) | !5) | !4) | !3) | !2))) & (!(18 | !17))] 2
[(!(0 | (((((6 | ((9 | ((11 | (12 | ((16 | !15) | !14))) | !10)) | !8)) | !5) | !4) | !3) | !2))) & (t)] 0
[(!(0 | (((((6 | ((9 | ((11 | (((15 | !16) | !13) | !12)) | !10)) | !8)) | !5) | !4) | !3) | !2))) & (!(18 | !17))] 1
[(!(0 | (((((6 | ((9 | ((11 | (((16 | !15) | !14) | !12)) | !10)) | !8)) | !5) | !4) | !3) | !2))) & (t)] 1
[(!(0 | (2 | ((((((9 | (10 | (11 | ((14 | (15 | 16)) | !12)))) | !8) | !6) | !5) | !4) | !3)))) & (t)] 2
[(!(0 | (2 | ((((((9 | (11 | ((14 | (16 | !15)) | !12))) | !8) | !6) | !5) | !4) | !3)))) & (t)] 0
[(!(0 | (2 | ((((((9 | (10 | (11 | (((15 | 16) | !14) | !12)))) | !8) | !6) | !5) | !4) | !3)))) & (t)] 2
[(!(0 | (2 | ((((((9 | (10 | (11 | (((16 | !15) | !14) | !12)))) | !8) | !6) | !5) | !4) | !3)))) & (t)] 0
[(!(0 | (2 | ((((((9 | ((11 | (12 | (14 | (15 | 16)))) | !10)) | !8) | !6) | !5) | !4) | !3)))) & (t)] 2
[(!(0 | (2 | ((((((9 | ((11 | (12 | ((15 | 16) | !14))) | !10)) | !8) | !6) | !5) | !4) | !3)))) & (t)] 1
[(!(0 | (2 | ((((((9 | ((11 | (12 | ((16 | !15) | !14))) | !10)) | !8) | !6) | !5) | !4) | !3)))) & (t)] 1
[(!(0 | (2 | ((((((9 | ((11 | ((14 | (15 | 16)) | !12)) | !10)) | !8) | !6) | !5) | !4) | !3)))) & (t)] 0
[(!(0 | (2 | ((((((9 | ((11 | (((15 | 16) | !14) | !12)) | !10)) | !8) | !6) | !5) | !4) | !3)))) & (t)] 2
[(!(0 | (2 | ((((((9 | ((11 | (((16 | !15) | !14) | !12)) | !10)) | !8) | !6) | !5) | !4) | !3)))) & (t)] 1
[(!(0 | ((3 | (((6 | (8 | ((((12 | (13 | (15 | 16))) | !11) | !10) | !9))) | !5) | !4)) | !2))) & (17 & 18)] 1
[(!(0 | ((3 | (((6 | (8 | ((((12 | ((15 | 16) | !13)) | !11) | !10) | !9))) | !5) | !4)) | !2))) & (17 & 18)] 2
[(!(0 | ((3 | (((6 | (8 | (((((13 | (15 | 16)) | !12) | !11) | !10) | !9))) | !5) | !4)) | !2))) & (!(18 | !17))] 0
[(!(0 | ((3 | (((6 | (8 | ((((((15 | 16) | !13) | !12) | !11) | !10) | !9))) | !5) | !4)) | !2))) & (!(18 | !17))] 1
[(!(0 | ((3 | (((6 | (8 | ((((12 | (13 | (15 | !16))) | !11) | !10) | !9))) | !5) | !4)) | !2))) & (17 & 18)] 2
[(!(0 | ((3 | (((6 | (8 | ((((12 | ((15 | !16) | !13)) | !11) | !10) | !9))) | !5) | !4)) | !2))) & (17 & 18)] 1
[(!(0 | ((3 | (((6 | (8 | (((((13 | (15 | !16)) | !12) | !11) | !10) | !9))) | !5) | !4)) | !2))) & (!(18 | !17))] 0
[(!(0 | ((3 | (((6 | (8 | ((((((15 | !16) | !13) | !12) | !11) | !10) | !9))) | !5) | !4)) | !2))) & (!(18 | !17))] 0
[(!(0 | (2 | (3 | ((((((10 | (11 | (12 | (14 | (15 | 16))))) | !9) | !8) | !6) | !5) | !4))))) & (t)] 1
[(!(0 | (2 | (3 | ((((((10 | (11 | (12 | (14 | (16 | !15))))) | !9) | !8) | !6) | !5) | !4))))) & (t)] 0
[(!(0 | (2 | (3 | ((((((10 | (11 | (12 | ((15 | 16) | !14)))) | !9) | !8) | !6) | !5) | !4))))) & (t)] 2
[(!(0 | (2 | (3 | ((((((10 | (11 | (12 | ((16 | !15) | !14)))) | !9) | !8) | !6) | !5) | !4))))) & (t)] 2
[(!(0 | (2 | (3 | ((((((10 | (11 | ((14 | (15 | 16)) | !12))) | !9) | !8) | !6) | !5) | !4))))) & (t)] 1
[(!(0 | (2 | (3 | ((((((10 | (11 | ((14 | (16 | !15)) | !12))) | !9) | !8) | !6) | !5) | !4))))) & (t)] 0
[(!(0 | (2 | (3 | ((((((10 | (11 | (((15 | 16) | !14) | !12))) | !9) | !8) | !6) | !5) | !4))))) & (t)] 0
[(!(0 | (2 | (3 | ((((((10 | (11 | (((16 | !15) | !14) | !12))) | !9) | !8) | !6) | !5) | !4))))) & (t)] 0
[(0 & ((3 | (4 | ((6 | (((15 | !11) | !10) | !9)) | !5))) | !2) | !0 & (2 & (3 & (((6 | ((9 | ((11 | (15 & 16)) | !10)) | !8)) | !5) | !4) | !3 & (4 & ((6 | (8 & (((11 | (15 & 16)) | !10) | !9) | !8 & ((15 | !10) | !9))) | !5) | !4 & ((6 | (8 & (9 | ((11 | (13 | (14 | (15 | 16)))) | !10)) | !8 & (((11 | 15) | !10) | !9))) | !5))) | !2 & (3 & (((((9 | (11 | 16)) | !8) | !6) | !5) | !4) | !3 & (((6 & (((10 | (11 | 16)) | !9) | !8) | !6 & ((11 | 16) | !8)) | !5) | !4)))) & (t)] 2
State: 2 "[2]"
[(!(0 | ((3 | (((6 | ((((11 | (12 | ((15 | !16) | !13))) | !10) | !9) | !8)) | !5) | !4)) | !2))) & (!(17 | !18))] 0
[(!(0 | ((3 | (((6 | ((((11 | (((15 | !16) | !13) | !12)) | !10) | !9) | !8)) | !5) | !4)) | !2))) & (!(18 | !17))] 1
[(!(0 | ((3 | (((6 | ((((11 | (12 | ((16 | !15) | !14))) | !10) | !9) | !8)) | !5) | !4)) | !2))) & (!(17 | !18))] 0
[(!(0 | ((3 | (((6 | ((((11 | (((16 | !15) | !14) | !12)) | !10) | !9) | !8)) | !5) | !4)) | !2))) & (!(18 | !17))] 1
[(!(0 | ((3 | (4 | ((6 | ((9 | ((11 | (12 | (13 | (14 | (15 | 16))))) | !10)) | !8)) | !5))) | !2))) & (t)] 1
[(!(0 | ((3 | (4 | ((6 | ((9 | ((11 | ((13 | (14 | (15 | 16))) | !12)) | !10)) | !8)) | !5))) | !2))) & (t)] 0
[(!(0 | ((3 | (((6 | ((((11 | (12 | (14 | (16 | !15)))) | !10) | !9) | !8)) | !5) | !4)) | !2))) & (!(17 | !18))] 0
[(!(0 | ((3 | (((6 | ((((11 | ((14 | (16 | !15)) | !12)) | !10) | !9) | !8)) | !5) | !4)) | !2))) & (17 & 18)] 1
[(!(0 | ((3 | (((6 | ((((11 | (12 | (13 | (15 | !16)))) | !10) | !9) | !8)) | !5) | !4)) | !2))) & (17 & 18)] 1
[(!(0 | ((3 | (((6 | ((((11 | ((13 | (15 | !16)) | !12)) | !10) | !9) | !8)) | !5) | !4)) | !2))) & (!(18 | !17))] 0
[(!(0 | ((3 | (((6 | ((((11 | (12 | (15 | 16))) | !10) | !9) | !8)) | !5) | !4)) | !2))) & (!(17 | !18))] 0
[(!(0 | ((3 | (((6 | ((((11 | ((15 | 16) | !12)) | !10) | !9) | !8)) | !5) | !4)) | !2))) & (!(18 | !17))] 1
[(!(0 | (2 | (3 | (((6 | ((9 | ((11 | (12 | (14 | (15 | 16)))) | !10)) | !8)) | !5) | !4))))) & (t)] 0
[(!(0 | (2 | (3 | (((6 | ((9 | ((11 | (12 | (14 | (16 | !15)))) | !10)) | !8)) | !5) | !4))))) & (t)] 0
[(!(0 | (2 | (3 | (((6 | ((9 | ((11 | (12 | ((15 | 16) | !14))) | !10)) | !8)) | !5) | !4))))) & (t)] 0
[(!(0 | (2 | (3 | (((6 | ((9 | ((11 | (12 | ((16 | !15) | !14))) | !10)) | !8)) | !5) | !4))))) & (t)] 2
[(!(0 | (2 | (3 | (((6 | ((9 | ((11 | ((14 | (15 | 16)) | !12)) | !10)) | !8)) | !5) | !4))))) & (t)] 0
[(!(0 | (2 | (3 | (((6 | ((9 | ((11 | ((14 | (16 | !15)) | !12)) | !10)) | !8)) | !5) | !4))))) & (t)] 0
[(!(0 | (2 | (3 | (((6 | ((9 | ((11 | (((15 | 16) | !14) | !12)) | !10)) | !8)) | !5) | !4))))) & (t)] 0
[(!(0 | (2 | (3 | (((6 | ((9 | ((11 | (((16 | !15) | !14) | !12)) | !10)) | !8)) | !5) | !4))))) & (t)] 1
[(!(0 | ((3 | (4 | ((6 | (8 | (((11 | (12 | (13 | (15 | 16)))) | !10) | !9))) | !5))) | !2))) & (17 & 18)] 1
[(!(0 | ((3 | (4 | ((6 | (8 | (((11 | (12 | ((15 | 16) | !13))) | !10) | !9))) | !5))) | !2))) & (17 & 18)] 2
[(!(0 | ((3 | (4 | ((6 | (8 | (((11 | ((13 | (15 | 16)) | !12)) | !10) | !9))) | !5))) | !2))) & (!(18 | !17))] 0
[(!(0 | ((3 | (4 | ((6 | (8 | (((11 | (((15 | 16) | !13) | !12)) | !10) | !9))) | !5))) | !2))) & (!(18 | !17))] 1
[(!(0 | ((3 | (4 | ((6 | (8 | (((11 | (12 | (13 | (15 | !16)))) | !10) | !9))) | !5))) | !2))) & (17 & 18)] 1
[(!(0 | ((3 | (4 | ((6 | (8 | (((11 | (12 | ((15 | !16) | !13))) | !10) | !9))) | !5))) | !2))) & (17 & 18)] 1
[(!(0 | ((3 | (4 | ((6 | (8 | (((11 | ((13 | (15 | !16)) | !12)) | !10) | !9))) | !5))) | !2))) & (!(18 | !17))] 0
[(!(0 | ((3 | (4 | ((6 | (8 | (((11 | (((15 | !16) | !13) | !12)) | !10) | !9))) | !5))) | !2))) & (!(18 | !17))] 0
[(!(0 | (2 | (3 | (((6 | ((((11 | (12 | (14 | (15 | 16)))) | !10) | !9) | !8)) | !5) | !4))))) & (t)] 2
[(!(0 | (2 | (3 | (((6 | ((((11 | (12 | (14 | (16 | !15)))) | !10) | !9) | !8)) | !5) | !4))))) & (t)] 0
[(!(0 | (2 | (3 | (((6 | ((((11 | (12 | ((15 | 16) | !14))) | !10) | !9) | !8)) | !5) | !4))))) & (t)] 1
[(!(0 | (2 | (3 | (((6 | ((((11 | (12 | ((16 | !15) | !14))) | !10) | !9) | !8)) | !5) | !4))))) & (t)] 1
[(!(0 | (2 | (3 | (((6 | ((((11 | ((14 | (15 | 16)) | !12)) | !10) | !9) | !8)) | !5) | !4))))) & (t)] 1
[(!(0 | (2 | (3 | (((6 | ((((11 | ((14 | (16 | !15)) | !12)) | !10) | !9) | !8)) | !5) | !4))))) & (t)] 0
[(!(0 | (2 | (3 | (((6 | ((((11 | (((15 | 16) | !14) | !12)) | !10) | !9) | !8)) | !5) | !4))))) & (t)] 1
[(!(0 | (2 | (3 | (((6 | ((((11 | (((16 | !15) | !14) | !12)) | !10) | !9) | !8)) | !5) | !4))))) & (t)] 2
[(!(0 | (2 | (3 | (((6 | ((9 | (10 | (11 | (12 | (14 | (15 | 16)))))) | !8)) | !5) | !4))))) & (!(17 | !18))] 0
[(!(0 | (2 | (3 | (((6 | ((9 | (10 | (11 | (12 | (14 | (16 | !15)))))) | !8)) | !5) | !4))))) & (!(17 | !18))] 0
[(!(0 | (2 | (3 | (((6 | ((9 | (10 | (11 | (12 | ((15 | 16) | !14))))) | !8)) | !5) | !4))))) & (!(17 | !18))] 2
[(!(0 | (2 | (3 | (((6 | ((9 | (10 | (11 | (12 | ((16 | !15) | !14))))) | !8)) | !5) | !4))))) & (!(17 | !18))] 0
[(!(0 | (2 | (3 | (((6 | ((9 | (10 | (11 | ((14 | (15 | 16)) | !12)))) | !8)) | !5) | !4))))) & (17 & 18)] 1
[(!(0 | (2 | (3 | (((6 | ((9 | (10 | (11 | ((14 | (16 | !15)) | !12)))) | !8)) | !5) | !4))))) & (17 & 18)] 1
[(!(0 | (2 | (3 | (((6 | ((9 | (10 | (11 | (((15 | 16) | !14) | !12)))) | !8)) | !5) | !4))))) & (17 & 18)] 0
[(!(0 | (2 | (3 | (((6 | ((9 | (10 | (11 | (((16 | !15) | !14) | !12)))) | !8)) | !5) | !4))))) & (17 & 18)] 1
[(!(0 | (((((6 | ((9 | ((11 | (12 | (14 | (16 | !15)))) | !10)) | !8)) | !5) | !4) | !3) | !2))) & (!(17 | !18))] 0
[(!(0 | (((((6 | ((9 | ((11 | ((14 | (16 | !15)) | !12)) | !10)) | !8)) | !5) | !4) | !3) | !2))) & (17 & 18)] 1
[(!(0 | (((((6 | ((9 | ((11 | (12 | (13 | (15 | !16)))) | !10)) | !8)) | !5) | !4) | !3) | !2))) & (t)] 2
[(!(0 | (((((6 | ((9 | ((11 | ((13 | (15 | !16)) | !12)) | !10)) | !8)) | !5) | !4) | !3) | !2))) & (t)] 1
[(!(0 | (((((6 | ((9 | ((11 | (12 | (15 | 16))) | !10)) | !8)) | !5) | !4) | !3) | !2))) & (!(17 | !18))] 0
[(!(0 | (((((6 | ((9 | ((11 | ((15 | 16) | !12)) | !10)) | !8)) | !5) | !4) | !3) | !2))) & (!(18 | !17))] 1
[(!(0 | ((3 | (((6 | (8 | (((11 | (12 | (13 | (15 | 16)))) | !10) | !9))) | !5) | !4)) | !2))) & (t)] 1
[(!(0 | ((3 | (((6 | (8 | (((11 | (12 | ((15 | 16) | !13))) | !10) | !9))) | !5) | !4)) | !2))) & (t)] 2
[(!(0 | ((3 | (((6 | (8 | (((11 | ((13 | (15 | 16)) | !12)) | !10) | !9))) | !5) | !4)) | !2))) & (t)] 1
[(!(0 | ((3 | (((6 | (8 | (((11 | (((15 | 16) | !13) | !12)) | !10) | !9))) | !5) | !4)) | !2))) & (t)] 0
[(!(((3 | (4 | ((6 | (8 | ((((12 | (13 | (15 | 16))) | !11) | !10) | !9))) | !5))) | !2) | !0)) & (17 & 18)] 2
[(!(((3 | (4 | ((6 | (8 | ((((12 | ((15 | 16) | !13)) | !11) | !10) | !9))) | !5))) | !2) | !0)) & (17 & 18)] 0
[(!(((3 | (4 | ((6 | (8 | (((((13 | (15 | 16)) | !12) | !11) | !10) | !9))) | !5))) | !2) | !0)) & (!(18 | !17))] 0
[(!(((3 | (4 | ((6 | (8 | ((((((15 | 16) | !13) | !12) | !11) | !10) | !9))) | !5))) | !2) | !0)) & (!(18 | !17))] 1
[(!(((3 | (4 | ((6 | (((((12 | (15 | 16)) | !11) | !10) | !9) | !8)) | !5))) | !2) | !0)) & (!(17 | !18))] 0
[(!(((3 | (4 | ((6 | ((((((15 | 16) | !12) | !11) | !10) | !9) | !8)) | !5))) | !2) | !0)) & (!(18 | !17))] 1
[(!(0 | ((3 | (((6 | (8 | (((11 | (12 | (13 | (15 | !16)))) | !10) | !9))) | !5) | !4)) | !2))) & (t)] 2
[(!(0 | ((3 | (((6 | (8 | (((11 | (12 | ((15 | !16) | !13))) | !10) | !9))) | !5) | !4)) | !2))) & (t)] 0
[(!(0 | ((3 | (((6 | (8 | (((11 | ((13 | (15 | !16)) | !12)) | !10) | !9))) | !5) | !4)) | !2))) & (t)] 1
[(!(0 | ((3 | (((6 | (8 | (((11 | (((15 | !16) | !13) | !12)) | !10) | !9))) | !5) | !4)) | !2))) & (t)] 2
[(!(((3 | (4 | ((6 | (8 | ((((12 | (13 | (15 | !16))) | !11) | !10) | !9))) | !5))) | !2) | !0)) & (17 & 18)] 2
[(!(((3 | (4 | ((6 | (8 | ((((12 | ((15 | !16) | !13)) | !11) | !10) | !9))) | !5))) | !2) | !0)) & (17 & 18)] 2
[(!(((3 | (4 | ((6 | (8 | (((((13 | (15 | !16)) | !12) | !11) | !10) | !9))) | !5))) | !2) | !0)) & (!(18 | !17))] 0
[(!(((3 | (4 | ((6 | (8 | ((((((15 | !16) | !13) | !12) | !11) | !10) | !9))) | !5))) | !2) | !0)) & (!(18 | !17))] 0
[(!(((3 | (4 | ((6 | (((((12 | (13 | (15 | !16))) | !11) | !10) | !9) | !8)) | !5))) | !2) | !0)) & (!(18 | !17))] 2
[(!(((3 | (4 | ((6 | ((((((13 | (15 | !16)) | !12) | !11) | !10) | !9) | !8)) | !5))) | !2) | !0)) & (!(18 | !17))] 0
[(!(0 | (2 | (3 | (((6 | (((10 | (11 | (12 | (14 | (15 | 16))))) | !9) | !8)) | !5) | !4))))) & (t)] 0
[(!(0 | (2 | (3 | (((6 | (((10 | (11 | (12 | (14 | (16 | !15))))) | !9) | !8)) | !5) | !4))))) & (t)] 0
[(!(0 | (2 | (3 | (((6 | (((10 | (11 | (12 | ((15 | 16) | !14)))) | !9) | !8)) | !5) | !4))))) & (t)] 1
[(!(0 | (2 | (3 | (((6 | (((10 | (11 | (12 | ((16 | !15) | !14)))) | !9) | !8)) | !5) | !4))))) & (t)] 2
[(!(0 | (2 | (3 | (((6 | (((10 | (11 | ((14 | (15 | 16)) | !12))) | !9) | !8)) | !5) | !4))))) & (t)] 0
[(!(0 | (2 | (3 | (((6 | (((10 | (11 | ((14 | (16 | !15)) | !12))) | !9) | !8)) | !5) | !4))))) & (t)] 0
[(!(0 | (2 | (3 | (((6 | (((10 | (11 | (((15 | 16) | !14) | !12))) | !9) | !8)) | !5) | !4))))) & (t)] 2
[(!(0 | (2 | (3 | (((6 | (((10 | (11 | (((16 | !15) | !14) | !12))) | !9) | !8)) | !5) | !4))))) & (t)] 1
[(!(0 | (2 | ((((((9 | (10 | (11 | (12 | (14 | (15 | 16)))))) | !8) | !6) | !5) | !4) | !3)))) & (!(17 | !18))] 0
[(!(0 | (2 | ((((((9 | (11 | (12 | (14 | (16 | !15))))) | !8) | !6) | !5) | !4) | !3)))) & (!(17 | !18))] 0
[(!(0 | (2 | ((((((9 | (10 | (11 | (12 | ((15 | 16) | !14))))) | !8) | !6) | !5) | !4) | !3)))) & (!(17 | !18))] 2
[(!(0 | (2 | ((((((9 | (10 | (11 | (12 | ((16 | !15) | !14))))) | !8) | !6) | !5) | !4) | !3)))) & (!(17 | !18))] 0
[(!(((3 | (4 | ((6 | (((((12 | ((15 | !16) | !13)) | !11) | !10) | !9) | !8)) | !5))) | !2) | !0)) & (!(17 | !18))] 0
[(!(((3 | (4 | ((6 | (((((((15 | !16) | !13) | !12) | !11) | !10) | !9) | !8)) | !5))) | !2) | !0)) & (!(18 | !17))] 1
[(!(0 | (((((6 | ((9 | ((11 | (12 | ((15 | !16) | !13))) | !10)) | !8)) | !5) | !4) | !3) | !2))) & (t)] 0
[(!(0 | (((((6 | ((9 | ((11 | (12 | ((16 | !15) | !14))) | !10)) | !8)) | !5) | !4) | !3) | !2))) & (!(17 | !18))] 0
[(!(0 | (((((6 | ((9 | ((11 | (((15 | !16) | !13) | !12)) | !10)) | !8)) | !5) | !4) | !3) | !2))) & (t)] 2
[(!(0 | (((((6 | ((9 | ((11 | (((16 | !15) | !14) | !12)) | !10)) | !8)) | !5) | !4) | !3) | !2))) & (!(18 | !17))] 1
[(!(0 | (2 | ((((((9 | (10 | (11 | ((14 | (15 | 16)) | !12)))) | !8) | !6) | !5) | !4) | !3)))) & (!(17 | !18))] 2
[(!(0 | (2 | ((((((9 | (11 | ((14 | (16 | !15)) | !12))) | !8) | !6) | !5) | !4) | !3)))) & (!(17 | !18))] 2
[(!(0 | (2 | ((((((9 | (10 | (11 | (((15 | 16) | !14) | !12)))) | !8) | !6) | !5) | !4) | !3)))) & (!(17 | !18))] 0
[(!(0 | (2 | ((((((9 | (10 | (11 | (((16 | !15) | !14) | !12)))) | !8) | !6) | !5) | !4) | !3)))) & (!(17 | !18))] 2
[(!(0 | (2 | ((((((9 | ((11 | (12 | (14 | (15 | 16)))) | !10)) | !8) | !6) | !5) | !4) | !3)))) & (!(17 | !18))] 1
[(!(0 | (2 | ((((((9 | ((11 | (12 | ((15 | 16) | !14))) | !10)) | !8) | !6) | !5) | !4) | !3)))) & (!(17 | !18))] 0
[(!(0 | (2 | ((((((9 | ((11 | (12 | ((16 | !15) | !14))) | !10)) | !8) | !6) | !5) | !4) | !3)))) & (!(17 | !18))] 1
[(!(0 | (2 | ((((((9 | ((11 | ((14 | (15 | 16)) | !12)) | !10)) | !8) | !6) | !5) | !4) | !3)))) & (!(17 | !18))] 0
[(!(0 | (2 | ((((((9 | ((11 | (((15 | 16) | !14) | !12)) | !10)) | !8) | !6) | !5) | !4) | !3)))) & (!(17 | !18))] 2
[(!(0 | (2 | ((((((9 | ((11 | (((16 | !15) | !14) | !12)) | !10)) | !8) | !6) | !5) | !4) | !3)))) & (!(17 | !18))] 0
[(!(0 | ((3 | (((6 | (8 | ((((12 | (13 | (15 | 16))) | !11) | !10) | !9))) | !5) | !4)) | !2))) & (17 & 18)] 2
[(!(0 | ((3 | (((6 | (8 | ((((12 | ((15 | 16) | !13)) | !11) | !10) | !9))) | !5) | !4)) | !2))) & (17 & 18)] 2
[(!(0 | ((3 | (((6 | (8 | (((((13 | (15 | 16)) | !12) | !11) | !10) | !9))) | !5) | !4)) | !2))) & (!(18 | !17))] 0
[(!(0 | ((3 | (((6 | (8 | ((((((15 | 16) | !13) | !12) | !11) | !10) | !9))) | !5) | !4)) | !2))) & (!(18 | !17))] 1
[(!(0 | ((3 | (((6 | (8 | ((((12 | (13 | (15 | !16))) | !11) | !10) | !9))) | !5) | !4)) | !2))) & (!(18 | !17))] 2
[(!(0 | ((3 | (((6 | (8 | ((((12 | ((15 | !16) | !13)) | !11) | !10) | !9))) | !5) | !4)) | !2))) & (17 & 18)] 1
[(!(0 | ((3 | (((6 | (8 | (((((13 | (15 | !16)) | !12) | !11) | !10) | !9))) | !5) | !4)) | !2))) & (!(18 | !17))] 0
[(!(0 | ((3 | (((6 | (8 | ((((((15 | !16) | !13) | !12) | !11) | !10) | !9))) | !5) | !4)) | !2))) & (!(18 | !17))] 0
[(!(0 | (2 | (3 | ((((((10 | (11 | (12 | (14 | (15 | 16))))) | !9) | !8) | !6) | !5) | !4))))) & (!(17 | !18))] 0
[(!(0 | (2 | (3 | ((((((10 | (11 | (12 | (14 | (16 | !15))))) | !9) | !8) | !6) | !5) | !4))))) & (!(17 | !18))] 0
[(!(0 | (2 | (3 | ((((((10 | (11 | (12 | ((15 | 16) | !14)))) | !9) | !8) | !6) | !5) | !4))))) & (!(17 | !18))] 2
[(!(0 | (2 | (3 | ((((((10 | (11 | (12 | ((16 | !15) | !14)))) | !9) | !8) | !6) | !5) | !4))))) & (!(17 | !18))] 0
[(!(0 | (2 | (3 | ((((((10 | (11 | ((14 | (15 | 16)) | !12))) | !9) | !8) | !6) | !5) | !4))))) & (17 & 18)] 2
[(!(0 | (2 | (3 | ((((((10 | (11 | ((14 | (16 | !15)) | !12))) | !9) | !8) | !6) | !5) | !4))))) & (17 & 18)] 2
[(!(0 | (2 | (3 | ((((((10 | (11 | (((15 | 16) | !14) | !12))) | !9) | !8) | !6) | !5) | !4))))) & (17 & 18)] 0
[(!(0 | (2 | (3 | ((((((10 | (11 | (((16 | !15) | !14) | !12))) | !9) | !8) | !6) | !5) | !4))))) & (17 & 18)] 2
[(0 & ((3 | (4 | ((6 | (((15 | !11) | !10) | !9)) | !5))) | !2) | !0 & (2 & (3 & (((6 | ((9 | ((11 | (15 & 16)) | !10)) | !8)) | !5) | !4) | !3 & (4 & ((6 | (8 & (((11 | (15 & 16)) | !10) | !9) | !8 & ((15 | !10) | !9))) | !5) | !4 & ((6 | (8 & (9 | ((11 | (13 | (14 | (15 | 16)))) | !10)) | !8 & (((11 | 15) | !10) | !9))) | !5))) | !2 & (3 & (((((9 | (11 | 16)) | !8) | !6) | !5) | !4) | !3 & (((6 & (((10 | (11 | 16)) | !9) | !8) | !6 & ((11 | 16) | !8)) | !5) | !4)))) & (t)] 1
--END--
Synthesis took:  56762.0415687561 ms
