Processing program.
spec contains 2 APs (['move', 'goal'])
simplified !FALSE (len 6) to True (len 4)
True
Starting abstract synthesis loop.
adding (x <= 0), ((x + 1) <= 10), (y_prev > y), (y_prev < y), (x_prev < x), (x_prev > x), (10 <= y), (y <= 0) to predicate abstraction
constructing LTL abstraction
ltl abstraction took: 0.002418994903564453
running LTL synthesis
Realizable.
REALIZABLE
HOA: v1
tool: "strix" "21.0.0"
States: 1
Start: 0
AP: 17 "pred__y_LTEQ_0_" "setvars" "goal" "pred__xprev_GT_x_" "pred__yprev_LT_y_" "pred__x_LTEQ_0_" "pred__10_LTEQ_y_" "pred__xprev_LT_x_" "move" "pred___x_PLUS_1__LTEQ_10_" "pred__yprev_GT_y_" "estay" "exory" "einc" "cstay" "xory" "cinc"
controllable-AP: 14 15 16
acc-name: all
Acceptance: 0 t
--BODY--
State: 0 "[0]"
[(0 & (1 & (2 | (3 & (4 | (6 | (7 | (8 | (10 | !9))))) | !3 & (4 | (5 & (6 | (7 | (8 | !9))) | !5 & (6 | (7 & (8 | 10) | !7 & 8)))))) | !1 & (2 | (3 & (4 | (5 | (6 | (7 | ((10 | !9) | !8))))) | !3 & (4 | (5 | (6 | (7 | (10 | !8)))))))) | !0 & (1 & (2 | (3 & (4 | (7 | (8 | (10 | !9)))) | !3 & (4 & (5 & (7 | (8 | (10 | !9))) | !5 & (7 | (8 | 10))) | !4 & (5 & (6 & (7 | (8 | (10 | !9))) | !6 & (7 | (8 | !9))) | !5 & (6 & (8 | 10) | !6 & (7 & (8 | 10) | !7 & (8 | !(10 | !9)))))))) | !1 & (2 | (3 & (4 | ((7 | ((10 | !9) | !8)) | !6)) | !3 & (4 & (5 | (7 | (10 | !8))) | !4 & (5 & (6 & (7 | ((10 | !9) | !8)) | !6 & (7 | !(8 & 9))) | !5 & (7 | (10 | !8)))))))) & (t)] 0
[(!(((2 | (3 | (4 | ((6 | (7 | (8 | ((10 | 11) | !9)))) | !5)))) | !1) | !0)) & (t)] 0
[(!(((2 | (3 | (4 | ((6 | (7 | (8 | ((10 | (13 | !11)) | !9)))) | !5)))) | !1) | !0)) & (t)] 0
[(!(((2 | (3 | (4 | ((6 | (7 | (8 | ((10 | ((12 | !13) | !11)) | !9)))) | !5)))) | !1) | !0)) & (t)] 0
[(!(((2 | (3 | (4 | ((6 | (7 | (8 | ((10 | !(11 & (12 & 13))) | !9)))) | !5)))) | !1) | !0)) & (t)] 0
[(!(0 | ((2 | (3 | (((6 | (7 | (8 | ((10 | 11) | !9)))) | !5) | !4))) | !1))) & (t)] 0
[(!(0 | ((2 | (3 | (((6 | (7 | (8 | ((10 | ((12 | 13) | !11)) | !9)))) | !5) | !4))) | !1))) & (t)] 0
[(!(0 | ((2 | (3 | (((6 | (7 | (8 | ((10 | ((12 | !13) | !11)) | !9)))) | !5) | !4))) | !1))) & (t)] 0
[(!(0 | ((2 | (3 | (((6 | (7 | (8 | ((10 | ((13 | !12) | !11)) | !9)))) | !5) | !4))) | !1))) & (t)] 0
[(!(0 | ((2 | (3 | (((6 | (7 | (8 | ((10 | !(11 & (12 & 13))) | !9)))) | !5) | !4))) | !1))) & (t)] 0
[(!(((2 | (3 | (4 | (5 | (6 | ((8 | ((10 | 11) | !9)) | !7)))))) | !1) | !0)) & (t)] 0
[(!(((2 | (3 | (4 | (5 | (6 | ((8 | ((10 | ((12 | 13) | !11)) | !9)) | !7)))))) | !1) | !0)) & (t)] 0
[(!(((2 | (3 | (4 | (5 | (6 | ((8 | ((10 | ((12 | !13) | !11)) | !9)) | !7)))))) | !1) | !0)) & (t)] 0
[(!(((2 | (3 | (4 | (5 | (6 | ((8 | ((10 | ((13 | !12) | !11)) | !9)) | !7)))))) | !1) | !0)) & (t)] 0
[(!(((2 | (3 | (4 | (5 | (6 | ((8 | ((10 | !(11 & (12 & 13))) | !9)) | !7)))))) | !1) | !0)) & (t)] 0
[(!(0 | (1 | (2 | (3 | (4 | ((6 | (7 | ((10 | !9) | !8))) | !5))))))) & (!((15 | 16) | !14))] 0
[(!(0 | ((2 | (3 | (4 | ((6 | (7 | (8 | ((11 | !10) | !9)))) | !5)))) | !1))) & (t)] 0
[(!(0 | ((2 | (3 | (4 | ((6 | (7 | (8 | ((((12 | 13) | !11) | !10) | !9)))) | !5)))) | !1))) & (t)] 0
[(!(0 | ((2 | (3 | (4 | ((6 | (7 | (8 | ((((12 | !13) | !11) | !10) | !9)))) | !5)))) | !1))) & (t)] 0
[(!(0 | ((2 | (3 | (4 | ((6 | (7 | (8 | ((((13 | !12) | !11) | !10) | !9)))) | !5)))) | !1))) & (t)] 0
[(!(0 | ((2 | (3 | (4 | ((6 | (7 | (8 | !(9 & (10 & (11 & (12 & 13))))))) | !5)))) | !1))) & (t)] 0
[(!(((2 | (3 | (4 | ((6 | (7 | (8 | ((11 | !10) | !9)))) | !5)))) | !1) | !0)) & (t)] 0
[(!(((2 | (3 | (4 | ((6 | (7 | (8 | (((13 | !11) | !10) | !9)))) | !5)))) | !1) | !0)) & (t)] 0
[(!(((2 | (3 | (4 | ((6 | (7 | (8 | ((((12 | !13) | !11) | !10) | !9)))) | !5)))) | !1) | !0)) & (t)] 0
[(!(((2 | (3 | (4 | ((6 | (7 | (8 | !(9 & (10 & (11 & (12 & 13))))))) | !5)))) | !1) | !0)) & (t)] 0
[(!(0 | ((2 | (3 | ((((7 | (8 | ((10 | 11) | !9))) | !6) | !5) | !4))) | !1))) & (t)] 0
[(!(0 | ((2 | (3 | ((((7 | (8 | ((10 | ((12 | 13) | !11)) | !9))) | !6) | !5) | !4))) | !1))) & (t)] 0
[(!(0 | ((2 | (3 | ((((7 | (8 | ((10 | ((12 & 13 | !12 & !13) | !11)) | !9))) | !6) | !5) | !4))) | !1))) & (t)] 0
[(!(0 | ((2 | (3 | ((((7 | (8 | ((10 | !(11 & (12 & 13))) | !9))) | !6) | !5) | !4))) | !1))) & (t)] 0
[(!(0 | ((2 | (3 | (4 | ((6 | (7 | (8 | ((10 | 11) | !9)))) | !5)))) | !1))) & (t)] 0
[(!(0 | ((2 | (3 | (4 | ((6 | (7 | (8 | ((10 | ((12 | 13) | !11)) | !9)))) | !5)))) | !1))) & (t)] 0
[(!(0 | ((2 | (3 | (4 | ((6 | (7 | (8 | ((10 | ((12 | !13) | !11)) | !9)))) | !5)))) | !1))) & (t)] 0
[(!(0 | ((2 | (3 | (4 | ((6 | (7 | (8 | ((10 | ((13 | !12) | !11)) | !9)))) | !5)))) | !1))) & (t)] 0
[(!(0 | ((2 | (3 | (4 | ((6 | (7 | (8 | ((10 | !(11 & (12 & 13))) | !9)))) | !5)))) | !1))) & (t)] 0
[(!(0 | ((2 | (3 | (4 | (5 | (6 | ((8 | ((10 | 11) | !9)) | !7)))))) | !1))) & (t)] 0
[(!(0 | ((2 | (3 | (4 | (5 | (6 | ((8 | ((10 | ((12 | 13) | !11)) | !9)) | !7)))))) | !1))) & (t)] 0
[(!(0 | ((2 | (3 | (4 | (5 | (6 | ((8 | ((10 | ((12 | !13) | !11)) | !9)) | !7)))))) | !1))) & (t)] 0
[(!(0 | ((2 | (3 | (4 | (5 | (6 | ((8 | ((10 | ((13 | !12) | !11)) | !9)) | !7)))))) | !1))) & (t)] 0
[(!(0 | ((2 | (3 | (4 | (5 | (6 | ((8 | ((10 | !(11 & (12 & 13))) | !9)) | !7)))))) | !1))) & (t)] 0
[(!((1 | (2 | (3 | (4 | (5 | (6 | (7 | ((10 | !9) | !8)))))))) | !0)) & (!((16 | !15) | !14))] 0
[(!(((2 | (3 | (4 | (5 | (6 | (7 | (8 | ((10 | 11) | !9)))))))) | !1) | !0)) & (t)] 0
[(!(((2 | (3 | (4 | (5 | (6 | (7 | (8 | ((10 | ((12 | 13) | !11)) | !9)))))))) | !1) | !0)) & (t)] 0
[(!(((2 | (3 | (4 | (5 | (6 | (7 | (8 | ((10 | ((12 | !13) | !11)) | !9)))))))) | !1) | !0)) & (t)] 0
[(!(((2 | (3 | (4 | (5 | (6 | (7 | (8 | ((10 | ((13 | !12) | !11)) | !9)))))))) | !1) | !0)) & (t)] 0
[(!(((2 | (3 | (4 | (5 | (6 | (7 | (8 | ((10 | !(11 & (12 & 13))) | !9)))))))) | !1) | !0)) & (t)] 0
[(!(0 | ((2 | (3 | ((5 | (6 | (7 | (8 | ((10 | 11) | !9))))) | !4))) | !1))) & (t)] 0
[(!(0 | ((2 | (3 | ((5 | (6 | (7 | (8 | ((10 | ((12 | 13) | !11)) | !9))))) | !4))) | !1))) & (t)] 0
[(!(0 | ((2 | (3 | ((5 | (6 | (7 | (8 | ((10 | ((12 | !13) | !11)) | !9))))) | !4))) | !1))) & (t)] 0
[(!(0 | ((2 | (3 | ((5 | (6 | (7 | (8 | ((10 | ((13 | !12) | !11)) | !9))))) | !4))) | !1))) & (t)] 0
[(!(0 | ((2 | (3 | ((5 | (6 | (7 | (8 | ((10 | !(11 & (12 & 13))) | !9))))) | !4))) | !1))) & (t)] 0
[(!(((2 | ((4 | (5 | (6 | (7 | (8 | ((10 | 11) | !9)))))) | !3)) | !1) | !0)) & (t)] 0
[(!(((2 | ((4 | (5 | (6 | (7 | (8 | ((10 | ((12 | 13) | !11)) | !9)))))) | !3)) | !1) | !0)) & (t)] 0
[(!(((2 | ((4 | (5 | (6 | (7 | (8 | ((10 | ((12 | !13) | !11)) | !9)))))) | !3)) | !1) | !0)) & (t)] 0
[(!(((2 | ((4 | (5 | (6 | (7 | (8 | ((10 | ((13 | !12) | !11)) | !9)))))) | !3)) | !1) | !0)) & (t)] 0
[(!(((2 | ((4 | (5 | (6 | (7 | (8 | ((10 | !(11 & (12 & 13))) | !9)))))) | !3)) | !1) | !0)) & (t)] 0
[(!(((2 | ((4 | ((6 | (7 | (8 | ((10 | 11) | !9)))) | !5)) | !3)) | !1) | !0)) & (t)] 0
[(!(((2 | ((4 | ((6 | (7 | (8 | ((10 | (13 | !11)) | !9)))) | !5)) | !3)) | !1) | !0)) & (t)] 0
[(!(((2 | ((4 | ((6 | (7 | (8 | ((10 | ((12 | !13) | !11)) | !9)))) | !5)) | !3)) | !1) | !0)) & (t)] 0
[(!(((2 | ((4 | ((6 | (7 | (8 | ((10 | !(11 & (12 & 13))) | !9)))) | !5)) | !3)) | !1) | !0)) & (t)] 0
[(!(((2 | (3 | (4 | (5 | (6 | ((8 | (9 | (10 | 11))) | !7)))))) | !1) | !0)) & (t)] 0
[(!(((2 | (3 | (4 | (5 | (6 | ((8 | (9 | (10 | !(11 & (12 & 13 | !12 & !13))))) | !7)))))) | !1) | !0)) & (t)] 0
[(!(((2 | (3 | (4 | (5 | (6 | ((8 | (9 | (10 | ((12 | !13) | !11)))) | !7)))))) | !1) | !0)) & (t)] 0
[(!(((2 | (3 | (4 | (5 | (6 | ((8 | (9 | (10 | ((13 | !12) | !11)))) | !7)))))) | !1) | !0)) & (t)] 0
[(!(0 | (1 | (2 | (3 | (4 | ((6 | (7 | !(8 & (9 & 10)))) | !5))))))) & (!((15 | 16) | !14))] 0
[(!(0 | (1 | (2 | (3 | (4 | (((7 | ((10 | !9) | !8)) | !6) | !5))))))) & (!((15 | 16) | !14))] 0
[(!(0 | ((2 | (3 | (4 | (((7 | (8 | ((10 | 11) | !9))) | !6) | !5)))) | !1))) & (t)] 0
[(!(0 | ((2 | (3 | (4 | (((7 | (8 | ((10 | ((12 | 13) | !11)) | !9))) | !6) | !5)))) | !1))) & (t)] 0
[(!(0 | ((2 | (3 | (4 | (((7 | (8 | ((10 | ((12 & 13 | !12 & !13) | !11)) | !9))) | !6) | !5)))) | !1))) & (t)] 0
[(!(0 | ((2 | (3 | (4 | (((7 | (8 | ((10 | !(11 & (12 & 13))) | !9))) | !6) | !5)))) | !1))) & (t)] 0
[(!(0 | ((2 | (3 | (4 | (5 | (((8 | ((10 | 11) | !9)) | !7) | !6))))) | !1))) & (t)] 0
[(!(0 | ((2 | (3 | (4 | (5 | (((8 | ((10 | ((12 | 13) | !11)) | !9)) | !7) | !6))))) | !1))) & (t)] 0
[(!(0 | ((2 | (3 | (4 | (5 | (((8 | ((10 | ((12 | !13) | !11)) | !9)) | !7) | !6))))) | !1))) & (t)] 0
[(!(0 | ((2 | (3 | (4 | (5 | (((8 | ((10 | ((13 | !12) | !11)) | !9)) | !7) | !6))))) | !1))) & (t)] 0
[(!(0 | ((2 | (3 | (4 | (5 | (((8 | ((10 | !(11 & (12 & 13))) | !9)) | !7) | !6))))) | !1))) & (t)] 0
[(!(0 | (1 | (2 | (3 | (4 | (5 | (6 | (7 | ((10 | !9) | !8)))))))))) & (!((15 | !16) | !14))] 0
[(!(0 | ((2 | (3 | (4 | (5 | (6 | (7 | (8 | ((11 | !10) | !9)))))))) | !1))) & (t)] 0
[(!(0 | ((2 | (3 | (4 | (5 | (6 | (7 | (8 | ((((12 | 13) | !11) | !10) | !9)))))))) | !1))) & (t)] 0
[(!(0 | ((2 | (3 | (4 | (5 | (6 | (7 | (8 | ((((12 | !13) | !11) | !10) | !9)))))))) | !1))) & (t)] 0
[(!(0 | ((2 | (3 | (4 | (5 | (6 | (7 | (8 | ((((13 | !12) | !11) | !10) | !9)))))))) | !1))) & (t)] 0
[(!(0 | ((2 | (3 | (4 | (5 | (6 | (7 | (8 | !(9 & (10 & (11 & (12 & 13))))))))))) | !1))) & (t)] 0
[(!(((2 | (3 | (4 | (5 | (6 | (7 | (8 | ((11 | !10) | !9)))))))) | !1) | !0)) & (t)] 0
[(!(((2 | (3 | (4 | (5 | (6 | (7 | (8 | ((((12 | 13) | !11) | !10) | !9)))))))) | !1) | !0)) & (t)] 0
[(!(((2 | (3 | (4 | (5 | (6 | (7 | (8 | ((((12 | !13) | !11) | !10) | !9)))))))) | !1) | !0)) & (t)] 0
[(!(((2 | (3 | (4 | (5 | (6 | (7 | (8 | ((((13 | !12) | !11) | !10) | !9)))))))) | !1) | !0)) & (t)] 0
[(!(((2 | (3 | (4 | (5 | (6 | (7 | (8 | !(9 & (10 & (11 & (12 & 13))))))))))) | !1) | !0)) & (t)] 0
[(!(0 | ((2 | (3 | ((5 | ((7 | (8 | ((10 | 11) | !9))) | !6)) | !4))) | !1))) & (t)] 0
[(!(0 | ((2 | (3 | ((5 | ((7 | (8 | ((10 | ((12 | 13) | !11)) | !9))) | !6)) | !4))) | !1))) & (t)] 0
[(!(0 | ((2 | (3 | ((5 | ((7 | (8 | ((10 | ((12 | !13) | !11)) | !9))) | !6)) | !4))) | !1))) & (t)] 0
[(!(0 | ((2 | (3 | ((5 | ((7 | (8 | ((10 | ((13 | !12) | !11)) | !9))) | !6)) | !4))) | !1))) & (t)] 0
[(!(0 | ((2 | (3 | ((5 | ((7 | (8 | ((10 | !(11 & (12 & 13))) | !9))) | !6)) | !4))) | !1))) & (t)] 0
[(!(0 | ((2 | ((4 | (5 | (6 | (7 | (8 | ((10 | 11) | !9)))))) | !3)) | !1))) & (t)] 0
[(!(0 | ((2 | ((4 | (5 | (6 | (7 | (8 | ((10 | ((12 | 13) | !11)) | !9)))))) | !3)) | !1))) & (t)] 0
[(!(0 | ((2 | ((4 | (5 | (6 | (7 | (8 | ((10 | ((12 | !13) | !11)) | !9)))))) | !3)) | !1))) & (t)] 0
[(!(0 | ((2 | ((4 | (5 | (6 | (7 | (8 | ((10 | ((13 | !12) | !11)) | !9)))))) | !3)) | !1))) & (t)] 0
[(!(0 | ((2 | ((4 | (5 | (6 | (7 | (8 | ((10 | !(11 & (12 & 13))) | !9)))))) | !3)) | !1))) & (t)] 0
[(!(0 | ((2 | ((4 | ((6 | (7 | (8 | ((10 | 11) | !9)))) | !5)) | !3)) | !1))) & (t)] 0
[(!(0 | ((2 | ((4 | ((6 | (7 | (8 | ((10 | ((12 | 13) | !11)) | !9)))) | !5)) | !3)) | !1))) & (t)] 0
[(!(0 | ((2 | ((4 | ((6 | (7 | (8 | ((10 | ((12 | !13) | !11)) | !9)))) | !5)) | !3)) | !1))) & (t)] 0
[(!(0 | ((2 | ((4 | ((6 | (7 | (8 | ((10 | ((13 | !12) | !11)) | !9)))) | !5)) | !3)) | !1))) & (t)] 0
[(!(0 | ((2 | ((4 | ((6 | (7 | (8 | ((10 | !(11 & (12 & 13))) | !9)))) | !5)) | !3)) | !1))) & (t)] 0
[(!(0 | ((2 | (3 | (4 | (5 | (6 | ((8 | (9 | (10 | 11))) | !7)))))) | !1))) & (t)] 0
[(!(0 | ((2 | (3 | (4 | (5 | (6 | ((8 | (9 | (10 | ((12 | 13) | !11)))) | !7)))))) | !1))) & (t)] 0
[(!(0 | ((2 | (3 | (4 | (5 | (6 | ((8 | (9 | (10 | ((12 | !13) | !11)))) | !7)))))) | !1))) & (t)] 0
[(!(0 | ((2 | (3 | (4 | (5 | (6 | ((8 | (9 | (10 | ((13 | !12) | !11)))) | !7)))))) | !1))) & (t)] 0
[(!(0 | ((2 | (3 | (4 | (5 | (6 | ((8 | (9 | (10 | !(11 & (12 & 13))))) | !7)))))) | !1))) & (t)] 0
[(!((1 | (2 | ((4 | (5 | (6 | (7 | ((10 | !9) | !8))))) | !3))) | !0)) & (!14)] 0
[(!((1 | (2 | (3 | (4 | (5 | (6 | (7 | ((9 | 10) | !8)))))))) | !0)) & (!((16 | !15) | !14))] 0
[(!(((2 | (3 | (4 | (5 | (6 | (7 | (8 | (9 | (10 | 11))))))))) | !1) | !0)) & (t)] 0
[(!(((2 | (3 | (4 | (5 | (6 | (7 | (8 | (9 | (10 | !(11 & (12 & 13 | !12 & !13))))))))))) | !1) | !0)) & (t)] 0
[(!(((2 | (3 | (4 | (5 | (6 | (7 | (8 | (9 | (10 | ((12 | !13) | !11)))))))))) | !1) | !0)) & (t)] 0
[(!(((2 | (3 | (4 | (5 | (6 | (7 | (8 | (9 | (10 | ((13 | !12) | !11)))))))))) | !1) | !0)) & (t)] 0
[(!(0 | ((2 | (3 | ((5 | (6 | (7 | (8 | (9 | (10 | 11)))))) | !4))) | !1))) & (t)] 0
[(!(0 | ((2 | (3 | ((5 | (6 | (7 | (8 | (9 | (10 | ((12 | 13) | !11))))))) | !4))) | !1))) & (t)] 0
[(!(0 | ((2 | (3 | ((5 | (6 | (7 | (8 | (9 | (10 | ((12 | !13) | !11))))))) | !4))) | !1))) & (t)] 0
[(!(0 | ((2 | (3 | ((5 | (6 | (7 | (8 | (9 | (10 | ((13 | !12) | !11))))))) | !4))) | !1))) & (t)] 0
[(!(0 | ((2 | (3 | ((5 | (6 | (7 | (8 | (9 | (10 | !(11 & (12 & 13)))))))) | !4))) | !1))) & (t)] 0
[(!(0 | (1 | (2 | (3 | (4 | (5 | ((7 | ((10 | !9) | !8)) | !6)))))))) & (!((16 | !15) | !14))] 0
[(!(0 | ((2 | (3 | (4 | (5 | ((7 | (8 | ((10 | 11) | !9))) | !6))))) | !1))) & (t)] 0
[(!(0 | ((2 | (3 | (4 | (5 | ((7 | (8 | ((10 | ((12 | 13) | !11)) | !9))) | !6))))) | !1))) & (t)] 0
[(!(0 | ((2 | (3 | (4 | (5 | ((7 | (8 | ((10 | ((12 | !13) | !11)) | !9))) | !6))))) | !1))) & (t)] 0
[(!(0 | ((2 | (3 | (4 | (5 | ((7 | (8 | ((10 | ((13 | !12) | !11)) | !9))) | !6))))) | !1))) & (t)] 0
[(!(0 | ((2 | (3 | (4 | (5 | ((7 | (8 | ((10 | !(11 & (12 & 13))) | !9))) | !6))))) | !1))) & (t)] 0
[(!(0 | ((2 | ((4 | (5 | ((7 | (8 | ((10 | 11) | !9))) | !6))) | !3)) | !1))) & (t)] 0
[(!(0 | ((2 | ((4 | (5 | ((7 | (8 | ((10 | ((12 | 13) | !11)) | !9))) | !6))) | !3)) | !1))) & (t)] 0
[(!(0 | ((2 | ((4 | (5 | ((7 | (8 | ((10 | ((12 | !13) | !11)) | !9))) | !6))) | !3)) | !1))) & (t)] 0
[(!(0 | ((2 | ((4 | (5 | ((7 | (8 | ((10 | ((13 | !12) | !11)) | !9))) | !6))) | !3)) | !1))) & (t)] 0
[(!(0 | ((2 | ((4 | (5 | ((7 | (8 | ((10 | !(11 & (12 & 13))) | !9))) | !6))) | !3)) | !1))) & (t)] 0
[(!(0 | ((2 | ((4 | (((7 | (8 | ((10 | 11) | !9))) | !6) | !5)) | !3)) | !1))) & (t)] 0
[(!(0 | ((2 | ((4 | (((7 | (8 | ((10 | ((12 | 13) | !11)) | !9))) | !6) | !5)) | !3)) | !1))) & (t)] 0
[(!(0 | ((2 | ((4 | (((7 | (8 | ((10 | ((12 & 13 | !12 & !13) | !11)) | !9))) | !6) | !5)) | !3)) | !1))) & (t)] 0
[(!(0 | ((2 | ((4 | (((7 | (8 | ((10 | !(11 & (12 & 13))) | !9))) | !6) | !5)) | !3)) | !1))) & (t)] 0
[(!(0 | ((2 | (3 | (4 | (5 | (((8 | (9 | (10 | 11))) | !7) | !6))))) | !1))) & (t)] 0
[(!(0 | ((2 | (3 | (4 | (5 | (((8 | (9 | (10 | ((12 | 13) | !11)))) | !7) | !6))))) | !1))) & (t)] 0
[(!(0 | ((2 | (3 | (4 | (5 | (((8 | (9 | (10 | !(11 & 13)))) | !7) | !6))))) | !1))) & (t)] 0
[(!(0 | ((2 | (3 | (4 | (5 | (((8 | (9 | (10 | ((13 | !12) | !11)))) | !7) | !6))))) | !1))) & (t)] 0
[(!(0 | (1 | (2 | (3 | ((5 | (6 | (7 | ((10 | !9) | !8)))) | !4)))))) & (!14)] 0
[(!(0 | (1 | (2 | (3 | ((5 | ((7 | ((10 | !9) | !8)) | !6)) | !4)))))) & (!14)] 0
[(!(0 | (1 | (2 | (3 | (4 | (5 | (6 | (7 | ((9 | 10) | !8)))))))))) & (!((15 | !16) | !14))] 0
[(!(0 | ((2 | (3 | (4 | (5 | (6 | (7 | (8 | (9 | (11 | !10))))))))) | !1))) & (t)] 0
[(!(0 | ((2 | (3 | (4 | (5 | (6 | (7 | (8 | (9 | (((12 | 13) | !11) | !10))))))))) | !1))) & (t)] 0
[(!(0 | ((2 | (3 | (4 | (5 | (6 | (7 | (8 | (9 | (((12 | !13) | !11) | !10))))))))) | !1))) & (t)] 0
[(!(0 | ((2 | (3 | (4 | (5 | (6 | (7 | (8 | (9 | (((13 | !12) | !11) | !10))))))))) | !1))) & (t)] 0
[(!(0 | ((2 | (3 | (4 | (5 | (6 | (7 | (8 | (9 | !(10 & (11 & (12 & 13))))))))))) | !1))) & (t)] 0
[(!(((2 | (3 | (4 | (5 | (6 | (7 | (8 | (9 | (11 | !10))))))))) | !1) | !0)) & (t)] 0
[(!(((2 | (3 | (4 | (5 | (6 | (7 | (8 | (9 | !(10 & (11 & (12 & 13 | !12 & !13))))))))))) | !1) | !0)) & (t)] 0
[(!(((2 | (3 | (4 | (5 | (6 | (7 | (8 | (9 | (((12 | !13) | !11) | !10))))))))) | !1) | !0)) & (t)] 0
[(!(((2 | (3 | (4 | (5 | (6 | (7 | (8 | (9 | (((13 | !12) | !11) | !10))))))))) | !1) | !0)) & (t)] 0
[(!(0 | ((2 | (3 | ((5 | ((7 | (8 | (9 | (10 | 11)))) | !6)) | !4))) | !1))) & (t)] 0
[(!(0 | ((2 | (3 | ((5 | ((7 | (8 | (9 | (10 | ((12 | 13) | !11))))) | !6)) | !4))) | !1))) & (t)] 0
[(!(0 | ((2 | (3 | ((5 | ((7 | (8 | (9 | (10 | !(11 & 13))))) | !6)) | !4))) | !1))) & (t)] 0
[(!(0 | ((2 | (3 | ((5 | ((7 | (8 | (9 | (10 | ((13 | !12) | !11))))) | !6)) | !4))) | !1))) & (t)] 0
[(!(0 | ((2 | (3 | (4 | (5 | (6 | (7 | (8 | (9 | (10 | 11))))))))) | !1))) & (t)] 0
[(!(0 | ((2 | (3 | (4 | (5 | (6 | (7 | (8 | (9 | (10 | ((12 | 13) | !11)))))))))) | !1))) & (t)] 0
[(!(0 | ((2 | (3 | (4 | (5 | (6 | (7 | (8 | (9 | (10 | ((12 | !13) | !11)))))))))) | !1))) & (t)] 0
[(!(0 | ((2 | (3 | (4 | (5 | (6 | (7 | (8 | (9 | (10 | ((13 | !12) | !11)))))))))) | !1))) & (t)] 0
[(!(0 | ((2 | (3 | (4 | (5 | (6 | (7 | (8 | (9 | (10 | !(11 & (12 & 13))))))))))) | !1))) & (t)] 0
[(!(0 | (1 | (2 | ((4 | (5 | ((7 | ((10 | !9) | !8)) | !6))) | !3))))) & (!14)] 0
[(!(0 | (1 | (2 | ((4 | (((7 | ((10 | !9) | !8)) | !6) | !5)) | !3))))) & (!((16 | !15) | !14))] 0
[(!(0 | (1 | (2 | (3 | (4 | (5 | ((7 | ((9 | 10) | !8)) | !6)))))))) & (!((16 | !15) | !14))] 0
[(!(0 | ((2 | (3 | (4 | (5 | ((7 | (8 | (9 | (10 | 11)))) | !6))))) | !1))) & (t)] 0
[(!(0 | ((2 | (3 | (4 | (5 | ((7 | (8 | (9 | (10 | ((12 | 13) | !11))))) | !6))))) | !1))) & (t)] 0
[(!(0 | ((2 | (3 | (4 | (5 | ((7 | (8 | (9 | (10 | !(11 & 13))))) | !6))))) | !1))) & (t)] 0
[(!(0 | ((2 | (3 | (4 | (5 | ((7 | (8 | (9 | (10 | ((13 | !12) | !11))))) | !6))))) | !1))) & (t)] 0
[(!(0 | (1 | (2 | (3 | ((5 | (6 | (7 | ((9 | 10) | !8)))) | !4)))))) & (!14)] 0
[(!(0 | (1 | (2 | (3 | ((5 | ((7 | ((9 | 10) | !8)) | !6)) | !4)))))) & (!14)] 0
--END--
Synthesis took:  4404.8912525177 ms
