Processing program.
spec contains 2 APs (['((x - y) > 2)', '((y - x) > 2)'])
Starting abstract synthesis loop.
adding (y >= 0), ((x - y) <= 2), (((x_prev - y_prev) - 2) > ((x - y) - 2)), ((2 - (x_prev - y_prev)) > (2 - (x - y))), (y <= 0), ((2 - (x_prev - y_prev)) < (2 - (x - y))), (y_prev < y), (2 <= (y - x)), (x <= 0), (x_prev > x), (2 <= (x - y)), (((x_prev - y_prev) - 2) < ((x - y) - 2)), (x_prev < x), (y_prev > y), (x >= 0), ((y - x) <= 2) to predicate abstraction
constructing LTL abstraction
ltl abstraction took: 0.0034401416778564453
running LTL synthesis
Realizable.
REALIZABLE
HOA: v1
tool: "strix" "21.0.0"
States: 1
Start: 0
AP: 21 "pred___y_MINUS_x__LTEQ_2_" "pred__yprev_GT_y_" "pred__2_LTEQ__x_MINUS_y__" "pred____xprev_MINUS_yprev__MINUS_2__GT___x_MINUS_y__MINUS_2__" "pred__x_LTEQ_0_" "move0" "pred__yprev_LT_y_" "pred__y_LTEQ_0_" "pred___2_MINUS__xprev_MINUS_yprev___LT__2_MINUS__x_MINUS_y___" "pred__x_GTEQ_0_" "pred___2_MINUS__xprev_MINUS_yprev___GT__2_MINUS__x_MINUS_y___" "pred__y_GTEQ_0_" "pred___x_MINUS_y__LTEQ_2_" "pred__xprev_GT_x_" "pred____xprev_MINUS_yprev__MINUS_2__LT___x_MINUS_y__MINUS_2__" "pred__2_LTEQ__y_MINUS_x__" "pred__xprev_LT_x_" "stax" "eincx" "decy" "incy"
controllable-AP: 19 20
acc-name: all
Acceptance: 0 t
--BODY--
State: 0 "[0]"
[((1 & (2 | (3 | (4 & ((6 | (7 & (8 | (9 & (10 | ((((14 | (15 | 16)) | !13) | !12) | !11)) | !9 & (10 | (((14 | (15 | 16)) | !13) | !12)))) | !7 & (8 | ((10 | ((((14 | (15 | 16)) | !13) | !12) | !11)) | !9)))) | !5) | !4 & ((6 | (8 | ((10 | ((((14 | (15 | 16)) | !13) | !12) | !11)) | !9))) | !5)))) | !1 & (2 | (3 & ((((7 | (((10 | ((((14 | (15 | 16)) | !13) | !12) | !11)) | !9) | !8)) | !6) | !5) | !4) | !3 & (4 & ((6 & (7 & (8 | (10 | ((13 | (14 | (15 | !16))) | !12))) | !7 & (8 | ((10 | (((13 | (14 | (15 | !16))) | !12) | !11)) | !9))) | !6 & (7 & (8 | (10 | ((13 | (14 | (15 | 16))) | !12))) | !7 & (8 | ((10 | (((13 | (14 | (15 | 16))) | !12) | !11)) | !9)))) | !5) | !4 & ((6 & (8 | ((10 | (((13 | (14 | (15 | !16))) | !12) | !11)) | !9)) | !6 & (8 | ((10 | (((13 | (14 | (15 | 16))) | !12) | !11)) | !9))) | !5))))) | !0) & (t)] 0
[(!((1 | (2 | (3 | (((6 | ((8 | ((10 | (((13 | (14 | (15 | (16 | (17 | 18))))) | !12) | !11)) | !9)) | !7)) | !5) | !4)))) | !0)) & (!(20 | !19))] 0
[(!((1 | (2 | (3 | (((6 | ((8 | ((10 | (((13 | (14 | (15 | (16 | (17 | !18))))) | !12) | !11)) | !9)) | !7)) | !5) | !4)))) | !0)) & (!(19 | !20))] 0
[(!((1 | (2 | (3 | (((6 | ((8 | ((10 | (((13 | (14 | (15 | (16 | !17)))) | !12) | !11)) | !9)) | !7)) | !5) | !4)))) | !0)) & (19 & 20)] 0
[(!(((2 | (3 | (((6 | ((8 | (9 | (10 | (11 | (((14 | (15 | (16 | (17 | 18)))) | !13) | !12))))) | !7)) | !5) | !4))) | !1) | !0)) & (!(20 | !19))] 0
[(!(((2 | (3 | (((6 | ((8 | (9 | (10 | (11 | (((14 | (15 | (16 | (17 | !18)))) | !13) | !12))))) | !7)) | !5) | !4))) | !1) | !0)) & (!(19 | !20))] 0
[(!(((2 | (3 | (((6 | ((8 | (9 | (10 | (11 | (((14 | (15 | (16 | !17))) | !13) | !12))))) | !7)) | !5) | !4))) | !1) | !0)) & (19 & 20)] 0
[(!((1 | (2 | (3 | (4 | (((7 | (8 | ((10 | (((13 | (14 | (15 | ((17 | 18) | !16)))) | !12) | !11)) | !9))) | !6) | !5))))) | !0)) & (!(20 | !19))] 0
[(!((1 | (2 | (3 | (4 | (((7 | (8 | ((10 | (((13 | (14 | (15 | ((17 | !18) | !16)))) | !12) | !11)) | !9))) | !6) | !5))))) | !0)) & (!(19 | !20))] 0
[(!((1 | (2 | (3 | (4 | (((7 | (8 | ((10 | (((13 | (14 | (15 | !(16 & 17)))) | !12) | !11)) | !9))) | !6) | !5))))) | !0)) & (19 & 20)] 0
[(!((1 | (2 | (3 | ((((7 | (8 | ((10 | (((13 | (14 | (15 | ((17 | 18) | !16)))) | !12) | !11)) | !9))) | !6) | !5) | !4)))) | !0)) & (!(20 | !19))] 0
[(!((1 | (2 | (3 | ((((7 | (8 | ((10 | (((13 | (14 | (15 | ((17 | !18) | !16)))) | !12) | !11)) | !9))) | !6) | !5) | !4)))) | !0)) & (!(19 | !20))] 0
[(!((1 | (2 | (3 | ((((7 | (8 | ((10 | (((13 | (14 | (15 | !(16 & 17)))) | !12) | !11)) | !9))) | !6) | !5) | !4)))) | !0)) & (19 & 20)] 0
[(!((1 | (2 | (3 | (((6 | ((8 | (9 | (10 | (((13 | (14 | (15 | (16 | (17 | 18))))) | !12) | !11)))) | !7)) | !5) | !4)))) | !0)) & (!(20 | !19))] 0
[(!((1 | (2 | (3 | (((6 | ((8 | (9 | (10 | (((13 | (14 | (15 | (16 | (17 | !18))))) | !12) | !11)))) | !7)) | !5) | !4)))) | !0)) & (!(19 | !20))] 0
[(!((1 | (2 | (3 | (((6 | ((8 | (9 | (10 | (((13 | (14 | (15 | (16 | !17)))) | !12) | !11)))) | !7)) | !5) | !4)))) | !0)) & (19 & 20)] 0
[(!((1 | (2 | (3 | (((((8 | (9 | (10 | (11 | ((13 | (14 | (15 | ((17 | 18) | !16)))) | !12))))) | !7) | !6) | !5) | !4)))) | !0)) & (!(20 | !19))] 0
[(!((1 | (2 | (3 | (((((8 | (9 | (10 | (11 | ((13 | (14 | (15 | ((17 | !18) | !16)))) | !12))))) | !7) | !6) | !5) | !4)))) | !0)) & (!(19 | !20))] 0
[(!((1 | (2 | (3 | (((((8 | (9 | (10 | (11 | ((13 | (14 | (15 | !(16 & 17)))) | !12))))) | !7) | !6) | !5) | !4)))) | !0)) & (19 & 20)] 0
[(!((1 | (2 | (3 | (((((8 | (9 | (10 | (((13 | (14 | (15 | ((17 | 18) | !16)))) | !12) | !11)))) | !7) | !6) | !5) | !4)))) | !0)) & (!(20 | !19))] 0
[(!((1 | (2 | (3 | (((((8 | (9 | (10 | (((13 | (14 | (15 | ((17 | !18) | !16)))) | !12) | !11)))) | !7) | !6) | !5) | !4)))) | !0)) & (!(19 | !20))] 0
[(!((1 | (2 | (3 | (((((8 | (9 | (10 | (((13 | (14 | (15 | !(16 & 17)))) | !12) | !11)))) | !7) | !6) | !5) | !4)))) | !0)) & (19 & 20)] 0
[(!((1 | (2 | (3 | (((((8 | ((10 | (11 | ((13 | (14 | (15 | ((17 | 18) | !16)))) | !12))) | !9)) | !7) | !6) | !5) | !4)))) | !0)) & (!(20 | !19))] 0
[(!((1 | (2 | (3 | (((((8 | ((10 | (11 | ((13 | (14 | (15 | ((17 | !18) | !16)))) | !12))) | !9)) | !7) | !6) | !5) | !4)))) | !0)) & (!(19 | !20))] 0
[(!((1 | (2 | (3 | (((((8 | ((10 | (11 | ((13 | (14 | (15 | !(16 & 17)))) | !12))) | !9)) | !7) | !6) | !5) | !4)))) | !0)) & (19 & 20)] 0
[(!((1 | (2 | (3 | (((((8 | ((10 | (((13 | (14 | (15 | ((17 | 18) | !16)))) | !12) | !11)) | !9)) | !7) | !6) | !5) | !4)))) | !0)) & (!(20 | !19))] 0
[(!((1 | (2 | (3 | (((((8 | ((10 | (((13 | (14 | (15 | ((17 | !18) | !16)))) | !12) | !11)) | !9)) | !7) | !6) | !5) | !4)))) | !0)) & (!(19 | !20))] 0
[(!((1 | (2 | (3 | (((((8 | ((10 | (((13 | (14 | (15 | !(16 & 17)))) | !12) | !11)) | !9)) | !7) | !6) | !5) | !4)))) | !0)) & (19 & 20)] 0
[(!((1 | (2 | (3 | (((6 | ((8 | (9 | (10 | (11 | ((13 | (14 | (15 | (16 | (17 | 18))))) | !12))))) | !7)) | !5) | !4)))) | !0)) & (!(20 | !19))] 0
[(!((1 | (2 | (3 | (((6 | ((8 | (9 | (10 | (11 | ((13 | (14 | (15 | (16 | (17 | !18))))) | !12))))) | !7)) | !5) | !4)))) | !0)) & (!(19 | !20))] 0
[(!((1 | (2 | (3 | (((6 | ((8 | (9 | (10 | (11 | ((13 | (14 | (15 | (16 | !17)))) | !12))))) | !7)) | !5) | !4)))) | !0)) & (19 & 20)] 0
[(!((1 | (2 | (((((7 | (((10 | ((((14 | (15 | (16 | (17 | 18)))) | !13) | !12) | !11)) | !9) | !8)) | !6) | !5) | !4) | !3))) | !0)) & (!(20 | !19))] 0
[(!((1 | (2 | (((((7 | (((10 | ((((14 | (15 | (16 | (17 | !18)))) | !13) | !12) | !11)) | !9) | !8)) | !6) | !5) | !4) | !3))) | !0)) & (!(19 | !20))] 0
[(!((1 | (2 | (((((7 | (((10 | ((((14 | (15 | (16 | !17))) | !13) | !12) | !11)) | !9) | !8)) | !6) | !5) | !4) | !3))) | !0)) & (19 & 20)] 0
[(!((1 | (2 | (3 | (4 | ((6 | ((8 | ((10 | (((13 | (14 | (15 | (16 | (17 | 18))))) | !12) | !11)) | !9)) | !7)) | !5))))) | !0)) & (!(19 | !20))] 0
[(!((1 | (2 | (3 | (4 | ((6 | ((8 | ((10 | (((13 | (14 | (15 | (16 | (17 | !18))))) | !12) | !11)) | !9)) | !7)) | !5))))) | !0)) & (!(19 | !20))] 0
[(!((1 | (2 | (3 | (4 | ((6 | ((8 | ((10 | (((13 | (14 | (15 | (16 | !17)))) | !12) | !11)) | !9)) | !7)) | !5))))) | !0)) & (19 & 20)] 0
[(!(((2 | (3 | (4 | ((6 | (7 | (8 | ((10 | ((((14 | (15 | (16 | (17 | 18)))) | !13) | !12) | !11)) | !9)))) | !5)))) | !1) | !0)) & (!(20 | !19))] 0
[(!(((2 | (3 | (4 | ((6 | (7 | (8 | ((10 | ((((14 | (15 | (16 | (17 | !18)))) | !13) | !12) | !11)) | !9)))) | !5)))) | !1) | !0)) & (!(19 | !20))] 0
[(!(((2 | (3 | (4 | ((6 | (7 | (8 | ((10 | ((((14 | (15 | (16 | !17))) | !13) | !12) | !11)) | !9)))) | !5)))) | !1) | !0)) & (19 & 20)] 0
[(!(((2 | (3 | (4 | ((6 | ((8 | ((10 | ((((14 | (15 | (16 | (17 | 18)))) | !13) | !12) | !11)) | !9)) | !7)) | !5)))) | !1) | !0)) & (!(19 | !20))] 0
[(!(((2 | (3 | (4 | ((6 | ((8 | ((10 | ((((14 | (15 | (16 | (17 | !18)))) | !13) | !12) | !11)) | !9)) | !7)) | !5)))) | !1) | !0)) & (!(19 | !20))] 0
[(!(((2 | (3 | (4 | ((6 | ((8 | ((10 | ((((14 | (15 | (16 | !17))) | !13) | !12) | !11)) | !9)) | !7)) | !5)))) | !1) | !0)) & (19 & 20)] 0
[(!(((2 | (3 | (((6 | (7 | (8 | ((10 | ((((14 | (15 | (16 | (17 | 18)))) | !13) | !12) | !11)) | !9)))) | !5) | !4))) | !1) | !0)) & (!(20 | !19))] 0
[(!(((2 | (3 | (((6 | (7 | (8 | ((10 | ((((14 | (15 | (16 | (17 | !18)))) | !13) | !12) | !11)) | !9)))) | !5) | !4))) | !1) | !0)) & (!(19 | !20))] 0
[(!(((2 | (3 | (((6 | (7 | (8 | ((10 | ((((14 | (15 | (16 | !17))) | !13) | !12) | !11)) | !9)))) | !5) | !4))) | !1) | !0)) & (19 & 20)] 0
[(!(((2 | (3 | (((6 | ((8 | ((10 | ((((14 | (15 | (16 | (17 | 18)))) | !13) | !12) | !11)) | !9)) | !7)) | !5) | !4))) | !1) | !0)) & (!(20 | !19))] 0
[(!(((2 | (3 | (((6 | ((8 | ((10 | ((((14 | (15 | (16 | (17 | !18)))) | !13) | !12) | !11)) | !9)) | !7)) | !5) | !4))) | !1) | !0)) & (!(19 | !20))] 0
[(!(((2 | (3 | (((6 | ((8 | ((10 | ((((14 | (15 | (16 | !17))) | !13) | !12) | !11)) | !9)) | !7)) | !5) | !4))) | !1) | !0)) & (19 & 20)] 0
[(!((1 | (2 | (3 | (4 | ((6 | (7 | (8 | ((10 | (((13 | (14 | (15 | (16 | (17 | 18))))) | !12) | !11)) | !9)))) | !5))))) | !0)) & (!(20 | !19))] 0
[(!((1 | (2 | (3 | (4 | ((6 | (7 | (8 | ((10 | (((13 | (14 | (15 | (16 | (17 | !18))))) | !12) | !11)) | !9)))) | !5))))) | !0)) & (!(19 | !20))] 0
[(!((1 | (2 | (3 | (4 | ((6 | (7 | (8 | ((10 | (((13 | (14 | (15 | (16 | !17)))) | !12) | !11)) | !9)))) | !5))))) | !0)) & (19 & 20)] 0
[(!(((2 | (3 | (((6 | ((8 | (9 | (10 | ((((14 | (15 | (16 | (17 | 18)))) | !13) | !12) | !11)))) | !7)) | !5) | !4))) | !1) | !0)) & (!(20 | !19))] 0
[(!(((2 | (3 | (((6 | ((8 | (9 | (10 | ((((14 | (15 | (16 | (17 | !18)))) | !13) | !12) | !11)))) | !7)) | !5) | !4))) | !1) | !0)) & (!(19 | !20))] 0
[(!(((2 | (3 | (((6 | ((8 | (9 | (10 | ((((14 | (15 | (16 | !17))) | !13) | !12) | !11)))) | !7)) | !5) | !4))) | !1) | !0)) & (19 & 20)] 0
[(!((1 | (2 | (3 | (((6 | (7 | (8 | ((10 | (((13 | (14 | (15 | (16 | (17 | 18))))) | !12) | !11)) | !9)))) | !5) | !4)))) | !0)) & (!(20 | !19))] 0
[(!((1 | (2 | (3 | (((6 | (7 | (8 | ((10 | (((13 | (14 | (15 | (16 | (17 | !18))))) | !12) | !11)) | !9)))) | !5) | !4)))) | !0)) & (!(19 | !20))] 0
[(!((1 | (2 | (3 | (((6 | (7 | (8 | ((10 | (((13 | (14 | (15 | (16 | !17)))) | !12) | !11)) | !9)))) | !5) | !4)))) | !0)) & (19 & 20)] 0
[(!((1 | (2 | (3 | (4 | ((((8 | ((10 | (((13 | (14 | (15 | ((17 | 18) | !16)))) | !12) | !11)) | !9)) | !7) | !6) | !5))))) | !0)) & (!(19 | !20))] 0
[(!((1 | (2 | (3 | (4 | ((((8 | ((10 | (((13 | (14 | (15 | ((17 | !18) | !16)))) | !12) | !11)) | !9)) | !7) | !6) | !5))))) | !0)) & (!(19 | !20))] 0
[(!((1 | (2 | (3 | (4 | ((((8 | ((10 | (((13 | (14 | (15 | !(16 & 17)))) | !12) | !11)) | !9)) | !7) | !6) | !5))))) | !0)) & (19 & 20)] 0
[(!((1 | (2 | (3 | (((6 | ((8 | ((10 | (11 | ((13 | (14 | (15 | (16 | (17 | 18))))) | !12))) | !9)) | !7)) | !5) | !4)))) | !0)) & (!(20 | !19))] 0
[(!((1 | (2 | (3 | (((6 | ((8 | ((10 | (11 | ((13 | (14 | (15 | (16 | (17 | !18))))) | !12))) | !9)) | !7)) | !5) | !4)))) | !0)) & (!(19 | !20))] 0
[(!((1 | (2 | (3 | (((6 | ((8 | ((10 | (11 | ((13 | (14 | (15 | (16 | !17)))) | !12))) | !9)) | !7)) | !5) | !4)))) | !0)) & (19 & 20)] 0
--END--
Synthesis took:  45698.27604293823 ms
