Processing program.
spec contains 11 APs (['stop_l', 'entry_l', 'exit_l', '(cr > 0)', '(cr == 0)', '(cl > 0)', 'l2r', 'entry_r', 'exit_r', 'stop_r', '(cl == 0)'])
Starting abstract synthesis loop.
adding (cl <= 0), (0 <= cr), (0 <= cl), (cr <= 0) to predicate abstraction
constructing LTL abstraction
ltl abstraction took: 0.0015969276428222656
running LTL synthesis
massaging abstract counterstrategy
checking for compatibility of counterstrategy with program
trying fairness refinement
Structural Refinement: 
entry_cond:TRUE
exit_cond:(cr <= 0)
loop:(cr := (cr - 1))
adding (cr = cr_prev), (cr = (cr_prev - 1)) to predicate abstraction
constructing LTL abstraction
ltl abstraction took: 0.0017235279083251953
running LTL synthesis
massaging abstract counterstrategy
checking for compatibility of counterstrategy with program
trying fairness refinement
trying safety refinement
adding (cl <= 1) to predicate abstraction
constructing LTL abstraction
ltl abstraction took: 0.0018067359924316406
running LTL synthesis
massaging abstract counterstrategy
checking for compatibility of counterstrategy with program
trying fairness refinement
Structural Refinement: 
entry_cond:TRUE
exit_cond:(cl <= 1)
loop:(cl := (cl - 1))
adding (cl = cl_prev), (cl = (cl_prev - 1)) to predicate abstraction
constructing LTL abstraction
ltl abstraction took: 0.0019600391387939453
running LTL synthesis
Realizable.
REALIZABLE
HOA: v1
tool: "strix" "21.0.0"
States: 3
Start: 1
AP: 19 "q0" "pred__cl_EQ__clprev_MINUS_1__" "pred__cr_LTEQ_0_" "in_loop1_0" "pred__0_LTEQ_cl_" "pred__cr_EQ__crprev_MINUS_1__" "pred__cl_EQ_clprev_" "pred__cl_LTEQ_1_" "pred__0_LTEQ_cr_" "pred__cr_EQ_crprev_" "pred__cl_LTEQ_0_" "in_loop0_0" "l2r" "exit_r" "exit_l" "entry_r" "entry_l" "stop_r" "stop_l"
controllable-AP: 17 18
acc-name: all
Acceptance: 0 t
--BODY--
State: 0 "[0]"
[(!((1 | ((3 | ((((9 | (((12 | ((16 | !15) | !14)) | !11) | !10)) | !7) | !6) | !5)) | !2)) | !0)) & (!(17 | !18))] 2
[(!((1 | ((3 | ((((9 | (((((16 | !15) | !14) | !12) | !11) | !10)) | !7) | !6) | !5)) | !2)) | !0)) & (!(18 | !17))] 0
[(!((((3 | (5 | (6 | ((((11 | (12 | ((15 | !16) | !13))) | !10) | !9) | !7)))) | !2) | !1) | !0)) & (!(17 | !18))] 2
[(!((((3 | (5 | (6 | ((((11 | (12 | ((16 | !15) | !14))) | !10) | !9) | !7)))) | !2) | !1) | !0)) & (t)] 1
[(!((((3 | (5 | (6 | ((((11 | (((15 | !16) | !13) | !12)) | !10) | !9) | !7)))) | !2) | !1) | !0)) & (!(18 | !17))] 0
[(!((((3 | (5 | (6 | ((((11 | (((16 | !15) | !14) | !12)) | !10) | !9) | !7)))) | !2) | !1) | !0)) & (t)] 1
[((1 & ((3 & (5 | (6 | ((10 | (11 | 15)) | !9))) | !3 & (5 | (6 | ((((11 | (15 & 16)) | !10) | !9) | !7)))) | !2) | !1 & (2 & (3 & (5 | ((7 | ((10 | (11 | 15)) | !9)) | !6)) | !3 & (5 & (((9 | ((16 | !11) | !10)) | !7) | !6) | !5 & (6 & (7 & ((10 & (11 | (15 & 16)) | !10 & (11 | 15)) | !9) | !7 & ((10 | (11 | 15)) | !9)) | !6 & (7 & (9 & (10 | (11 | 15)) | !9 & ((11 | (13 | (14 | (15 | 16)))) | !10)) | !7 & ((10 | (11 | 15)) | !9))))) | !2 & (3 | (5 & (((9 | ((16 | !11) | !10)) | !7) | !6) | !5 & (((9 & (16 | !10) | !9 & ((11 | 16) | !10)) | !7) | !6))))) | !0) & (t)] 1
[(!((1 | ((3 | (5 | (6 | ((9 | ((11 | (12 | (13 | (14 | (15 | 16))))) | !10)) | !7)))) | !2)) | !0)) & (t)] 0
[(!((1 | ((3 | (5 | (6 | ((9 | ((11 | ((13 | (14 | (15 | 16))) | !12)) | !10)) | !7)))) | !2)) | !0)) & (t)] 0
[(!((1 | ((3 | (5 | (((((11 | (12 | (14 | (16 | !15)))) | !10) | !9) | !7) | !6))) | !2)) | !0)) & (t)] 1
[(!((1 | ((3 | (5 | (((((11 | ((14 | (16 | !15)) | !12)) | !10) | !9) | !7) | !6))) | !2)) | !0)) & (t)] 2
[(!((1 | ((3 | (5 | (((((11 | (12 | (13 | (15 | !16)))) | !10) | !9) | !7) | !6))) | !2)) | !0)) & (!(18 | !17))] 0
[(!((1 | ((3 | (5 | (((((11 | ((13 | (15 | !16)) | !12)) | !10) | !9) | !7) | !6))) | !2)) | !0)) & (!(18 | !17))] 1
[(!((1 | ((3 | (5 | (((((11 | (12 | (15 | 16))) | !10) | !9) | !7) | !6))) | !2)) | !0)) & (!(18 | !17))] 1
[(!((1 | ((3 | (5 | (((((11 | ((15 | 16) | !12)) | !10) | !9) | !7) | !6))) | !2)) | !0)) & (!(18 | !17))] 0
[(!((1 | (2 | (3 | (5 | (((9 | ((11 | (12 | (14 | (15 | 16)))) | !10)) | !7) | !6))))) | !0)) & (!(17 | !18))] 1
[(!((1 | (2 | (3 | (5 | (((9 | ((11 | (12 | (14 | (16 | !15)))) | !10)) | !7) | !6))))) | !0)) & (!(17 | !18))] 0
[(!((1 | (2 | (3 | (5 | (((9 | ((11 | (12 | ((15 | 16) | !14))) | !10)) | !7) | !6))))) | !0)) & (!(17 | !18))] 1
[(!((1 | (2 | (3 | (5 | (((9 | ((11 | (12 | ((16 | !15) | !14))) | !10)) | !7) | !6))))) | !0)) & (!(17 | !18))] 1
[(!((1 | (2 | (3 | (5 | (((9 | ((11 | ((14 | (15 | 16)) | !12)) | !10)) | !7) | !6))))) | !0)) & (!(17 | !18))] 2
[(!((1 | (2 | (3 | (5 | (((9 | ((11 | ((14 | (16 | !15)) | !12)) | !10)) | !7) | !6))))) | !0)) & (!(17 | !18))] 2
[(!((1 | (2 | (3 | (5 | (((9 | ((11 | (((15 | 16) | !14) | !12)) | !10)) | !7) | !6))))) | !0)) & (!(17 | !18))] 0
[(!((1 | (2 | (3 | (5 | (((9 | ((11 | (((16 | !15) | !14) | !12)) | !10)) | !7) | !6))))) | !0)) & (!(17 | !18))] 2
[(!((1 | ((3 | (5 | (6 | (((10 | (11 | (12 | (13 | (15 | 16))))) | !9) | !7)))) | !2)) | !0)) & (17 & 18)] 0
[(!((1 | ((3 | (5 | (6 | (((10 | (11 | (12 | ((15 | 16) | !13)))) | !9) | !7)))) | !2)) | !0)) & (!(17 | !18))] 2
[(!((1 | ((3 | (5 | (6 | (((10 | (11 | ((13 | (15 | 16)) | !12))) | !9) | !7)))) | !2)) | !0)) & (!(18 | !17))] 1
[(!((1 | ((3 | (5 | (6 | (((10 | (11 | (((15 | 16) | !13) | !12))) | !9) | !7)))) | !2)) | !0)) & (!(18 | !17))] 1
[(!((1 | ((3 | (5 | (6 | (((10 | (11 | (12 | (13 | (15 | !16))))) | !9) | !7)))) | !2)) | !0)) & (17 & 18)] 0
[(!((1 | ((3 | (5 | (6 | (((10 | (11 | (12 | ((15 | !16) | !13)))) | !9) | !7)))) | !2)) | !0)) & (17 & 18)] 0
[(!((1 | ((3 | (5 | (6 | (((10 | (11 | ((13 | (15 | !16)) | !12))) | !9) | !7)))) | !2)) | !0)) & (!(18 | !17))] 1
[(!((1 | ((3 | (5 | (6 | (((10 | (11 | (((15 | !16) | !13) | !12))) | !9) | !7)))) | !2)) | !0)) & (!(18 | !17))] 1
[(!((1 | (2 | (3 | (5 | (((((11 | (12 | (14 | (15 | 16)))) | !10) | !9) | !7) | !6))))) | !0)) & (!(17 | !18))] 1
[(!((1 | (2 | (3 | (5 | (((((11 | (12 | (14 | (16 | !15)))) | !10) | !9) | !7) | !6))))) | !0)) & (!(17 | !18))] 0
[(!((1 | (2 | (3 | (5 | (((((11 | (12 | ((15 | 16) | !14))) | !10) | !9) | !7) | !6))))) | !0)) & (!(17 | !18))] 1
[(!((1 | (2 | (3 | (5 | (((((11 | (12 | ((16 | !15) | !14))) | !10) | !9) | !7) | !6))))) | !0)) & (!(17 | !18))] 0
[(!((1 | (2 | (3 | (5 | (((((11 | ((14 | (15 | 16)) | !12)) | !10) | !9) | !7) | !6))))) | !0)) & (!(17 | !18))] 2
[(!((1 | (2 | (3 | (5 | (((((11 | ((14 | (16 | !15)) | !12)) | !10) | !9) | !7) | !6))))) | !0)) & (!(17 | !18))] 1
[(!((1 | (2 | (3 | (5 | (((((11 | (((15 | 16) | !14) | !12)) | !10) | !9) | !7) | !6))))) | !0)) & (!(17 | !18))] 0
[(!((1 | (2 | (3 | (5 | (((((11 | (((16 | !15) | !14) | !12)) | !10) | !9) | !7) | !6))))) | !0)) & (!(17 | !18))] 2
[(!((1 | (2 | (3 | ((((9 | (((12 | (14 | (15 | 16))) | !11) | !10)) | !7) | !6) | !5)))) | !0)) & (!(17 | !18))] 0
[(!((1 | (2 | (3 | ((((9 | (((12 | (14 | (16 | !15))) | !11) | !10)) | !7) | !6) | !5)))) | !0)) & (!(17 | !18))] 0
[(!((1 | (2 | (3 | ((((9 | (((12 | ((15 | 16) | !14)) | !11) | !10)) | !7) | !6) | !5)))) | !0)) & (!(17 | !18))] 1
[(!((1 | (2 | (3 | ((((9 | (((12 | ((16 | !15) | !14)) | !11) | !10)) | !7) | !6) | !5)))) | !0)) & (!(17 | !18))] 0
[(!((1 | (2 | (3 | ((((9 | ((((14 | (15 | 16)) | !12) | !11) | !10)) | !7) | !6) | !5)))) | !0)) & (17 & 18)] 1
[(!((1 | (2 | (3 | ((((9 | ((((14 | (16 | !15)) | !12) | !11) | !10)) | !7) | !6) | !5)))) | !0)) & (17 & 18)] 1
[(!((1 | (2 | (3 | ((((9 | (((((15 | 16) | !14) | !12) | !11) | !10)) | !7) | !6) | !5)))) | !0)) & (17 & 18)] 2
[(!((1 | (2 | (3 | ((((9 | (((((16 | !15) | !14) | !12) | !11) | !10)) | !7) | !6) | !5)))) | !0)) & (17 & 18)] 1
[(!((1 | ((3 | ((((9 | (((12 | (14 | (16 | !15))) | !11) | !10)) | !7) | !6) | !5)) | !2)) | !0)) & (!(17 | !18))] 0
[(!((1 | ((3 | ((((9 | ((((14 | (16 | !15)) | !12) | !11) | !10)) | !7) | !6) | !5)) | !2)) | !0)) & (17 & 18)] 2
[(!((1 | ((3 | ((((9 | (((12 | (15 | 16)) | !11) | !10)) | !7) | !6) | !5)) | !2)) | !0)) & (!(17 | !18))] 2
[(!((1 | ((3 | ((((9 | ((((15 | 16) | !12) | !11) | !10)) | !7) | !6) | !5)) | !2)) | !0)) & (!(18 | !17))] 0
[(!((1 | ((3 | (5 | ((((10 | (11 | (12 | (13 | (15 | 16))))) | !9) | !7) | !6))) | !2)) | !0)) & (17 & 18)] 0
[(!((1 | ((3 | (5 | ((((10 | (11 | (12 | ((15 | 16) | !13)))) | !9) | !7) | !6))) | !2)) | !0)) & (!(17 | !18))] 2
[(!((1 | ((3 | (5 | ((((10 | (11 | ((13 | (15 | 16)) | !12))) | !9) | !7) | !6))) | !2)) | !0)) & (!(18 | !17))] 1
[(!((1 | ((3 | (5 | ((((10 | (11 | (((15 | 16) | !13) | !12))) | !9) | !7) | !6))) | !2)) | !0)) & (!(18 | !17))] 1
[(!((((3 | (5 | (6 | ((((11 | (12 | (14 | (16 | !15)))) | !10) | !9) | !7)))) | !2) | !1) | !0)) & (t)] 2
[(!((((3 | (5 | (6 | ((((11 | ((14 | (16 | !15)) | !12)) | !10) | !9) | !7)))) | !2) | !1) | !0)) & (t)] 1
[(!((1 | ((3 | (5 | ((((10 | (11 | (12 | (13 | (15 | !16))))) | !9) | !7) | !6))) | !2)) | !0)) & (17 & 18)] 0
[(!((1 | ((3 | (5 | ((((10 | (11 | (12 | ((15 | !16) | !13)))) | !9) | !7) | !6))) | !2)) | !0)) & (17 & 18)] 0
[(!((1 | ((3 | (5 | ((((10 | (11 | ((13 | (15 | !16)) | !12))) | !9) | !7) | !6))) | !2)) | !0)) & (!(18 | !17))] 1
[(!((1 | ((3 | (5 | ((((10 | (11 | (((15 | !16) | !13) | !12))) | !9) | !7) | !6))) | !2)) | !0)) & (!(18 | !17))] 1
[(!((((3 | (5 | (6 | ((((11 | (12 | (13 | (15 | !16)))) | !10) | !9) | !7)))) | !2) | !1) | !0)) & (17 & 18)] 0
[(!((((3 | (5 | (6 | ((((11 | ((13 | (15 | !16)) | !12)) | !10) | !9) | !7)))) | !2) | !1) | !0)) & (!(18 | !17))] 1
[(!((((3 | (5 | (6 | ((((11 | (12 | (15 | 16))) | !10) | !9) | !7)))) | !2) | !1) | !0)) & (!(17 | !18))] 2
[(!((((3 | (5 | (6 | ((((11 | ((15 | 16) | !12)) | !10) | !9) | !7)))) | !2) | !1) | !0)) & (!(18 | !17))] 0
[(!((1 | ((3 | (5 | (6 | (7 | ((10 | (11 | (12 | (13 | (15 | 16))))) | !9))))) | !2)) | !0)) & (17 & 18)] 1
[(!((1 | ((3 | (5 | (6 | (7 | ((10 | (11 | (12 | (13 | (15 | !16))))) | !9))))) | !2)) | !0)) & (17 & 18)] 0
[(!((1 | ((3 | (5 | (6 | (7 | ((10 | (11 | (12 | ((15 | 16) | !13)))) | !9))))) | !2)) | !0)) & (17 & 18)] 1
[(!((1 | ((3 | (5 | (6 | (7 | ((10 | (11 | (12 | ((15 | !16) | !13)))) | !9))))) | !2)) | !0)) & (17 & 18)] 1
[(!((1 | ((3 | (5 | (6 | (7 | ((10 | (11 | ((13 | (15 | 16)) | !12))) | !9))))) | !2)) | !0)) & (!(18 | !17))] 0
[(!((1 | ((3 | (5 | (6 | (7 | ((10 | (11 | ((13 | (15 | !16)) | !12))) | !9))))) | !2)) | !0)) & (!(18 | !17))] 1
[(!((1 | ((3 | (5 | (6 | (7 | ((10 | (11 | (((15 | 16) | !13) | !12))) | !9))))) | !2)) | !0)) & (!(18 | !17))] 0
[(!((1 | ((3 | (5 | (6 | (7 | ((10 | (11 | (((15 | !16) | !13) | !12))) | !9))))) | !2)) | !0)) & (!(18 | !17))] 0
[(!((1 | (2 | (3 | (5 | ((((((12 | (14 | (15 | 16))) | !11) | !10) | !9) | !7) | !6))))) | !0)) & (!(17 | !18))] 0
[(!((1 | (2 | (3 | (5 | ((((((12 | (14 | (16 | !15))) | !11) | !10) | !9) | !7) | !6))))) | !0)) & (!(17 | !18))] 0
[(!((1 | (2 | (3 | (5 | ((((((12 | ((15 | 16) | !14)) | !11) | !10) | !9) | !7) | !6))))) | !0)) & (!(17 | !18))] 1
[(!((1 | (2 | (3 | (5 | ((((((12 | ((16 | !15) | !14)) | !11) | !10) | !9) | !7) | !6))))) | !0)) & (!(17 | !18))] 0
[(!((1 | (2 | (3 | (5 | (((((((14 | (15 | 16)) | !12) | !11) | !10) | !9) | !7) | !6))))) | !0)) & (!(17 | !18))] 1
[(!((1 | (2 | (3 | (5 | (((((((14 | (16 | !15)) | !12) | !11) | !10) | !9) | !7) | !6))))) | !0)) & (!(17 | !18))] 1
[(!((1 | (2 | (3 | (5 | ((((((((15 | 16) | !14) | !12) | !11) | !10) | !9) | !7) | !6))))) | !0)) & (!(17 | !18))] 0
[(!((1 | (2 | (3 | (5 | ((((((((16 | !15) | !14) | !12) | !11) | !10) | !9) | !7) | !6))))) | !0)) & (!(17 | !18))] 1
[(!((1 | ((3 | (5 | ((7 | ((10 | (11 | (12 | (13 | (15 | 16))))) | !9)) | !6))) | !2)) | !0)) & (!(18 | !17))] 1
[(!((1 | ((3 | (5 | ((7 | ((10 | (11 | (12 | ((15 | 16) | !13)))) | !9)) | !6))) | !2)) | !0)) & (!(18 | !17))] 1
[(!((1 | ((3 | (5 | ((7 | ((10 | (11 | ((13 | (15 | 16)) | !12))) | !9)) | !6))) | !2)) | !0)) & (!(18 | !17))] 0
[(!((1 | ((3 | (5 | ((7 | ((10 | (11 | (((15 | 16) | !13) | !12))) | !9)) | !6))) | !2)) | !0)) & (!(18 | !17))] 0
[(!(((((5 | (6 | (7 | ((10 | (11 | (12 | (13 | (15 | 16))))) | !9)))) | !3) | !2) | !1) | !0)) & (!(18 | !17))] 2
[(!(((((5 | (6 | (7 | ((10 | (11 | (12 | ((15 | 16) | !13)))) | !9)))) | !3) | !2) | !1) | !0)) & (!(18 | !17))] 2
[(!(((((5 | (6 | (7 | ((10 | (11 | ((13 | (15 | 16)) | !12))) | !9)))) | !3) | !2) | !1) | !0)) & (!(18 | !17))] 1
[(!(((((5 | (6 | (7 | ((10 | (11 | (((15 | 16) | !13) | !12))) | !9)))) | !3) | !2) | !1) | !0)) & (!(18 | !17))] 0
[(!(((((5 | (6 | (((10 | (11 | (12 | (13 | (15 | 16))))) | !9) | !7))) | !3) | !2) | !1) | !0)) & (!(18 | !17))] 0
[(!(((((5 | (6 | (((10 | (11 | (12 | ((15 | 16) | !13)))) | !9) | !7))) | !3) | !2) | !1) | !0)) & (!(18 | !17))] 0
[(!(((((5 | (6 | (((10 | (11 | ((13 | (15 | 16)) | !12))) | !9) | !7))) | !3) | !2) | !1) | !0)) & (!(18 | !17))] 1
[(!(((((5 | (6 | (((10 | (11 | (((15 | 16) | !13) | !12))) | !9) | !7))) | !3) | !2) | !1) | !0)) & (!(18 | !17))] 1
[(!((1 | ((3 | (5 | ((7 | ((10 | (11 | (12 | (13 | (15 | !16))))) | !9)) | !6))) | !2)) | !0)) & (!(18 | !17))] 0
[(!((1 | ((3 | (5 | ((7 | ((10 | (11 | (12 | ((15 | !16) | !13)))) | !9)) | !6))) | !2)) | !0)) & (!(18 | !17))] 1
[(!((1 | ((3 | (5 | ((7 | ((10 | (11 | ((13 | (15 | !16)) | !12))) | !9)) | !6))) | !2)) | !0)) & (!(18 | !17))] 1
[(!((1 | ((3 | (5 | ((7 | ((10 | (11 | (((15 | !16) | !13) | !12))) | !9)) | !6))) | !2)) | !0)) & (!(18 | !17))] 0
[(!(((((5 | (6 | ((10 | (11 | (12 | (13 | (15 | !16))))) | !9))) | !3) | !2) | !1) | !0)) & (!(18 | !17))] 0
[(!(((((5 | (6 | (7 | ((10 | (11 | (12 | ((15 | !16) | !13)))) | !9)))) | !3) | !2) | !1) | !0)) & (!(18 | !17))] 0
[(!(((((5 | (6 | ((10 | (11 | ((13 | (15 | !16)) | !12))) | !9))) | !3) | !2) | !1) | !0)) & (!(18 | !17))] 1
[(!(((((5 | (6 | (7 | ((10 | (11 | (((15 | !16) | !13) | !12))) | !9)))) | !3) | !2) | !1) | !0)) & (!(18 | !17))] 1
[(!(((((5 | (6 | (((10 | (11 | (12 | ((15 | !16) | !13)))) | !9) | !7))) | !3) | !2) | !1) | !0)) & (!(18 | !17))] 0
[(!(((((5 | (6 | (((10 | (11 | (((15 | !16) | !13) | !12))) | !9) | !7))) | !3) | !2) | !1) | !0)) & (!(18 | !17))] 1
[(!((1 | (((5 | ((7 | ((10 | (11 | (12 | (13 | (15 | 16))))) | !9)) | !6)) | !3) | !2)) | !0)) & (17 & 18)] 0
[(!((1 | (((5 | ((7 | ((10 | (11 | (12 | ((15 | 16) | !13)))) | !9)) | !6)) | !3) | !2)) | !0)) & (17 & 18)] 2
[(!((1 | (((5 | ((7 | ((10 | (11 | ((13 | (15 | 16)) | !12))) | !9)) | !6)) | !3) | !2)) | !0)) & (!(18 | !17))] 1
[(!((1 | (((5 | ((7 | ((10 | (11 | (((15 | 16) | !13) | !12))) | !9)) | !6)) | !3) | !2)) | !0)) & (!(18 | !17))] 0
[(!((1 | (((5 | ((7 | ((10 | (11 | (12 | (13 | (15 | !16))))) | !9)) | !6)) | !3) | !2)) | !0)) & (!(18 | !17))] 0
[(!((1 | (((5 | ((7 | ((10 | (11 | (12 | ((15 | !16) | !13)))) | !9)) | !6)) | !3) | !2)) | !0)) & (17 & 18)] 0
[(!((1 | (((5 | ((7 | ((10 | (11 | ((13 | (15 | !16)) | !12))) | !9)) | !6)) | !3) | !2)) | !0)) & (!(18 | !17))] 1
[(!((1 | (((5 | ((7 | ((10 | (11 | (((15 | !16) | !13) | !12))) | !9)) | !6)) | !3) | !2)) | !0)) & (!(18 | !17))] 1
[(!((1 | ((3 | (5 | (((((11 | (12 | ((15 | !16) | !13))) | !10) | !9) | !7) | !6))) | !2)) | !0)) & (!(18 | !17))] 1
[(!((1 | ((3 | (5 | (((((11 | (((15 | !16) | !13) | !12)) | !10) | !9) | !7) | !6))) | !2)) | !0)) & (!(18 | !17))] 0
[(!((1 | ((3 | (5 | (((((11 | (12 | ((16 | !15) | !14))) | !10) | !9) | !7) | !6))) | !2)) | !0)) & (t)] 0
[(!((1 | ((3 | (5 | (((((11 | (((16 | !15) | !14) | !12)) | !10) | !9) | !7) | !6))) | !2)) | !0)) & (t)] 1
State: 1 "[1]"
[(!((1 | ((3 | ((((9 | (((12 | ((16 | !15) | !14)) | !11) | !10)) | !7) | !6) | !5)) | !2)) | !0)) & (!(17 | !18))] 2
[(!((1 | ((3 | ((((9 | (((((16 | !15) | !14) | !12) | !11) | !10)) | !7) | !6) | !5)) | !2)) | !0)) & (!(17 | !18))] 1
[(!((((3 | (5 | (6 | ((((11 | (12 | ((15 | !16) | !13))) | !10) | !9) | !7)))) | !2) | !1) | !0)) & (!(18 | !17))] 1
[(!((((3 | (5 | (6 | ((((11 | (12 | ((16 | !15) | !14))) | !10) | !9) | !7)))) | !2) | !1) | !0)) & (t)] 0
[(!((((3 | (5 | (6 | ((((11 | (((15 | !16) | !13) | !12)) | !10) | !9) | !7)))) | !2) | !1) | !0)) & (!(18 | !17))] 0
[(!((((3 | (5 | (6 | ((((11 | (((16 | !15) | !14) | !12)) | !10) | !9) | !7)))) | !2) | !1) | !0)) & (t)] 2
[((1 & ((3 & (5 | (6 | ((10 | (11 | 15)) | !9))) | !3 & (5 | (6 | ((((11 | (15 & 16)) | !10) | !9) | !7)))) | !2) | !1 & (2 & (3 & (5 | ((7 | ((10 | (11 | 15)) | !9)) | !6)) | !3 & (5 & (((9 | ((16 | !11) | !10)) | !7) | !6) | !5 & (6 & (7 & ((10 & (11 | (15 & 16)) | !10 & (11 | 15)) | !9) | !7 & ((10 | (11 | 15)) | !9)) | !6 & (7 & (9 & (10 | (11 | 15)) | !9 & ((11 | (13 | (14 | (15 | 16)))) | !10)) | !7 & ((10 | (11 | 15)) | !9))))) | !2 & (3 | (5 & (((9 | ((16 | !11) | !10)) | !7) | !6) | !5 & (((9 & (16 | !10) | !9 & ((11 | 16) | !10)) | !7) | !6))))) | !0) & (t)] 1
[(!((1 | ((3 | (5 | (6 | ((9 | ((11 | (12 | (13 | (14 | (15 | 16))))) | !10)) | !7)))) | !2)) | !0)) & (!(17 | !18))] 2
[(!((1 | ((3 | (5 | (6 | ((9 | ((11 | ((13 | (14 | (15 | 16))) | !12)) | !10)) | !7)))) | !2)) | !0)) & (!(18 | !17))] 0
[(!((1 | ((3 | (5 | (((((11 | (12 | (14 | (16 | !15)))) | !10) | !9) | !7) | !6))) | !2)) | !0)) & (!(17 | !18))] 0
[(!((1 | ((3 | (5 | (((((11 | ((14 | (16 | !15)) | !12)) | !10) | !9) | !7) | !6))) | !2)) | !0)) & (17 & 18)] 2
[(!((1 | ((3 | (5 | (((((11 | (12 | (13 | (15 | !16)))) | !10) | !9) | !7) | !6))) | !2)) | !0)) & (17 & 18)] 0
[(!((1 | ((3 | (5 | (((((11 | ((13 | (15 | !16)) | !12)) | !10) | !9) | !7) | !6))) | !2)) | !0)) & (!(18 | !17))] 1
[(!((1 | ((3 | (5 | (((((11 | (12 | (15 | 16))) | !10) | !9) | !7) | !6))) | !2)) | !0)) & (!(17 | !18))] 2
[(!((1 | ((3 | (5 | (((((11 | ((15 | 16) | !12)) | !10) | !9) | !7) | !6))) | !2)) | !0)) & (!(18 | !17))] 0
[(!((1 | (2 | (3 | (5 | (((9 | ((11 | (12 | (14 | (15 | 16)))) | !10)) | !7) | !6))))) | !0)) & (!(17 | !18))] 0
[(!((1 | (2 | (3 | (5 | (((9 | ((11 | (12 | (14 | (16 | !15)))) | !10)) | !7) | !6))))) | !0)) & (!(17 | !18))] 0
[(!((1 | (2 | (3 | (5 | (((9 | ((11 | (12 | ((15 | 16) | !14))) | !10)) | !7) | !6))))) | !0)) & (!(17 | !18))] 1
[(!((1 | (2 | (3 | (5 | (((9 | ((11 | (12 | ((16 | !15) | !14))) | !10)) | !7) | !6))))) | !0)) & (!(17 | !18))] 1
[(!((1 | (2 | (3 | (5 | (((9 | ((11 | ((14 | (15 | 16)) | !12)) | !10)) | !7) | !6))))) | !0)) & (17 & 18)] 2
[(!((1 | (2 | (3 | (5 | (((9 | ((11 | ((14 | (16 | !15)) | !12)) | !10)) | !7) | !6))))) | !0)) & (17 & 18)] 2
[(!((1 | (2 | (3 | (5 | (((9 | ((11 | (((15 | 16) | !14) | !12)) | !10)) | !7) | !6))))) | !0)) & (17 & 18)] 0
[(!((1 | (2 | (3 | (5 | (((9 | ((11 | (((16 | !15) | !14) | !12)) | !10)) | !7) | !6))))) | !0)) & (17 & 18)] 2
[(!((1 | ((3 | (5 | (6 | (((10 | (11 | (12 | (13 | (15 | 16))))) | !9) | !7)))) | !2)) | !0)) & (!(18 | !17))] 0
[(!((1 | ((3 | (5 | (6 | (((10 | (11 | (12 | ((15 | 16) | !13)))) | !9) | !7)))) | !2)) | !0)) & (!(18 | !17))] 0
[(!((1 | ((3 | (5 | (6 | (((10 | (11 | ((13 | (15 | 16)) | !12))) | !9) | !7)))) | !2)) | !0)) & (!(18 | !17))] 1
[(!((1 | ((3 | (5 | (6 | (((10 | (11 | (((15 | 16) | !13) | !12))) | !9) | !7)))) | !2)) | !0)) & (!(18 | !17))] 1
[(!((1 | ((3 | (5 | (6 | (((10 | (11 | (12 | (13 | (15 | !16))))) | !9) | !7)))) | !2)) | !0)) & (!(18 | !17))] 0
[(!((1 | ((3 | (5 | (6 | (((10 | (11 | (12 | ((15 | !16) | !13)))) | !9) | !7)))) | !2)) | !0)) & (!(18 | !17))] 0
[(!((1 | ((3 | (5 | (6 | (((10 | (11 | ((13 | (15 | !16)) | !12))) | !9) | !7)))) | !2)) | !0)) & (!(18 | !17))] 1
[(!((1 | ((3 | (5 | (6 | (((10 | (11 | (((15 | !16) | !13) | !12))) | !9) | !7)))) | !2)) | !0)) & (!(18 | !17))] 1
[(!((1 | (2 | (3 | (5 | (((((11 | (12 | (14 | (15 | 16)))) | !10) | !9) | !7) | !6))))) | !0)) & (!(17 | !18))] 1
[(!((1 | (2 | (3 | (5 | (((((11 | (12 | (14 | (16 | !15)))) | !10) | !9) | !7) | !6))))) | !0)) & (!(17 | !18))] 0
[(!((1 | (2 | (3 | (5 | (((((11 | (12 | ((15 | 16) | !14))) | !10) | !9) | !7) | !6))))) | !0)) & (!(17 | !18))] 1
[(!((1 | (2 | (3 | (5 | (((((11 | (12 | ((16 | !15) | !14))) | !10) | !9) | !7) | !6))))) | !0)) & (!(17 | !18))] 1
[(!((1 | (2 | (3 | (5 | (((((11 | ((14 | (15 | 16)) | !12)) | !10) | !9) | !7) | !6))))) | !0)) & (!(17 | !18))] 2
[(!((1 | (2 | (3 | (5 | (((((11 | ((14 | (16 | !15)) | !12)) | !10) | !9) | !7) | !6))))) | !0)) & (!(17 | !18))] 1
[(!((1 | (2 | (3 | (5 | (((((11 | (((15 | 16) | !14) | !12)) | !10) | !9) | !7) | !6))))) | !0)) & (!(17 | !18))] 0
[(!((1 | (2 | (3 | (5 | (((((11 | (((16 | !15) | !14) | !12)) | !10) | !9) | !7) | !6))))) | !0)) & (!(17 | !18))] 2
[(!((1 | (2 | (3 | ((((9 | (((12 | (14 | (15 | 16))) | !11) | !10)) | !7) | !6) | !5)))) | !0)) & (!(17 | !18))] 0
[(!((1 | (2 | (3 | ((((9 | (((12 | (14 | (16 | !15))) | !11) | !10)) | !7) | !6) | !5)))) | !0)) & (!(17 | !18))] 0
[(!((1 | (2 | (3 | ((((9 | (((12 | ((15 | 16) | !14)) | !11) | !10)) | !7) | !6) | !5)))) | !0)) & (!(17 | !18))] 1
[(!((1 | (2 | (3 | ((((9 | (((12 | ((16 | !15) | !14)) | !11) | !10)) | !7) | !6) | !5)))) | !0)) & (!(17 | !18))] 0
[(!((1 | (2 | (3 | ((((9 | ((((14 | (15 | 16)) | !12) | !11) | !10)) | !7) | !6) | !5)))) | !0)) & (!(17 | !18))] 1
[(!((1 | (2 | (3 | ((((9 | ((((14 | (16 | !15)) | !12) | !11) | !10)) | !7) | !6) | !5)))) | !0)) & (!(17 | !18))] 2
[(!((1 | (2 | (3 | ((((9 | (((((15 | 16) | !14) | !12) | !11) | !10)) | !7) | !6) | !5)))) | !0)) & (!(17 | !18))] 0
[(!((1 | (2 | (3 | ((((9 | (((((16 | !15) | !14) | !12) | !11) | !10)) | !7) | !6) | !5)))) | !0)) & (!(17 | !18))] 1
[(!((1 | ((3 | ((((9 | (((12 | (14 | (16 | !15))) | !11) | !10)) | !7) | !6) | !5)) | !2)) | !0)) & (!(17 | !18))] 0
[(!((1 | ((3 | ((((9 | ((((14 | (16 | !15)) | !12) | !11) | !10)) | !7) | !6) | !5)) | !2)) | !0)) & (!(17 | !18))] 2
[(!((1 | ((3 | ((((9 | (((12 | (15 | 16)) | !11) | !10)) | !7) | !6) | !5)) | !2)) | !0)) & (!(17 | !18))] 2
[(!((1 | ((3 | ((((9 | ((((15 | 16) | !12) | !11) | !10)) | !7) | !6) | !5)) | !2)) | !0)) & (!(17 | !18))] 1
[(!((1 | ((3 | (5 | ((((10 | (11 | (12 | (13 | (15 | 16))))) | !9) | !7) | !6))) | !2)) | !0)) & (!(18 | !17))] 0
[(!((1 | ((3 | (5 | ((((10 | (11 | (12 | ((15 | 16) | !13)))) | !9) | !7) | !6))) | !2)) | !0)) & (!(18 | !17))] 0
[(!((1 | ((3 | (5 | ((((10 | (11 | ((13 | (15 | 16)) | !12))) | !9) | !7) | !6))) | !2)) | !0)) & (!(18 | !17))] 1
[(!((1 | ((3 | (5 | ((((10 | (11 | (((15 | 16) | !13) | !12))) | !9) | !7) | !6))) | !2)) | !0)) & (!(18 | !17))] 1
[(!((((3 | (5 | (6 | ((((11 | (12 | (14 | (16 | !15)))) | !10) | !9) | !7)))) | !2) | !1) | !0)) & (t)] 1
[(!((((3 | (5 | (6 | ((((11 | ((14 | (16 | !15)) | !12)) | !10) | !9) | !7)))) | !2) | !1) | !0)) & (t)] 2
[(!((1 | ((3 | (5 | ((((10 | (11 | (12 | (13 | (15 | !16))))) | !9) | !7) | !6))) | !2)) | !0)) & (!(18 | !17))] 0
[(!((1 | ((3 | (5 | ((((10 | (11 | (12 | ((15 | !16) | !13)))) | !9) | !7) | !6))) | !2)) | !0)) & (!(18 | !17))] 0
[(!((1 | ((3 | (5 | ((((10 | (11 | ((13 | (15 | !16)) | !12))) | !9) | !7) | !6))) | !2)) | !0)) & (!(18 | !17))] 1
[(!((1 | ((3 | (5 | ((((10 | (11 | (((15 | !16) | !13) | !12))) | !9) | !7) | !6))) | !2)) | !0)) & (!(18 | !17))] 1
[(!((((3 | (5 | (6 | ((((11 | (12 | (13 | (15 | !16)))) | !10) | !9) | !7)))) | !2) | !1) | !0)) & (!(18 | !17))] 0
[(!((((3 | (5 | (6 | ((((11 | ((13 | (15 | !16)) | !12)) | !10) | !9) | !7)))) | !2) | !1) | !0)) & (!(18 | !17))] 1
[(!((((3 | (5 | (6 | ((((11 | (12 | (15 | 16))) | !10) | !9) | !7)))) | !2) | !1) | !0)) & (!(18 | !17))] 1
[(!((((3 | (5 | (6 | ((((11 | ((15 | 16) | !12)) | !10) | !9) | !7)))) | !2) | !1) | !0)) & (!(18 | !17))] 0
[(!((1 | ((3 | (5 | (6 | (7 | ((10 | (11 | (12 | (13 | (15 | 16))))) | !9))))) | !2)) | !0)) & (!(18 | !17))] 1
[(!((1 | ((3 | (5 | (6 | (7 | ((10 | (11 | (12 | (13 | (15 | !16))))) | !9))))) | !2)) | !0)) & (!(18 | !17))] 0
[(!((1 | ((3 | (5 | (6 | (7 | ((10 | (11 | (12 | ((15 | 16) | !13)))) | !9))))) | !2)) | !0)) & (!(18 | !17))] 1
[(!((1 | ((3 | (5 | (6 | (7 | ((10 | (11 | (12 | ((15 | !16) | !13)))) | !9))))) | !2)) | !0)) & (!(18 | !17))] 1
[(!((1 | ((3 | (5 | (6 | (7 | ((10 | (11 | ((13 | (15 | 16)) | !12))) | !9))))) | !2)) | !0)) & (!(18 | !17))] 0
[(!((1 | ((3 | (5 | (6 | (7 | ((10 | (11 | ((13 | (15 | !16)) | !12))) | !9))))) | !2)) | !0)) & (!(18 | !17))] 1
[(!((1 | ((3 | (5 | (6 | (7 | ((10 | (11 | (((15 | 16) | !13) | !12))) | !9))))) | !2)) | !0)) & (!(18 | !17))] 0
[(!((1 | ((3 | (5 | (6 | (7 | ((10 | (11 | (((15 | !16) | !13) | !12))) | !9))))) | !2)) | !0)) & (!(18 | !17))] 0
[(!((1 | (2 | (3 | (5 | ((((((12 | (14 | (15 | 16))) | !11) | !10) | !9) | !7) | !6))))) | !0)) & (!(17 | !18))] 0
[(!((1 | (2 | (3 | (5 | ((((((12 | (14 | (16 | !15))) | !11) | !10) | !9) | !7) | !6))))) | !0)) & (!(17 | !18))] 0
[(!((1 | (2 | (3 | (5 | ((((((12 | ((15 | 16) | !14)) | !11) | !10) | !9) | !7) | !6))))) | !0)) & (!(17 | !18))] 1
[(!((1 | (2 | (3 | (5 | ((((((12 | ((16 | !15) | !14)) | !11) | !10) | !9) | !7) | !6))))) | !0)) & (!(17 | !18))] 0
[(!((1 | (2 | (3 | (5 | (((((((14 | (15 | 16)) | !12) | !11) | !10) | !9) | !7) | !6))))) | !0)) & (17 & 18)] 1
[(!((1 | (2 | (3 | (5 | (((((((14 | (16 | !15)) | !12) | !11) | !10) | !9) | !7) | !6))))) | !0)) & (17 & 18)] 2
[(!((1 | (2 | (3 | (5 | ((((((((15 | 16) | !14) | !12) | !11) | !10) | !9) | !7) | !6))))) | !0)) & (17 & 18)] 0
[(!((1 | (2 | (3 | (5 | ((((((((16 | !15) | !14) | !12) | !11) | !10) | !9) | !7) | !6))))) | !0)) & (17 & 18)] 1
[(!((1 | ((3 | (5 | ((7 | ((10 | (11 | (12 | (13 | (15 | 16))))) | !9)) | !6))) | !2)) | !0)) & (17 & 18)] 1
[(!((1 | ((3 | (5 | ((7 | ((10 | (11 | (12 | ((15 | 16) | !13)))) | !9)) | !6))) | !2)) | !0)) & (17 & 18)] 1
[(!((1 | ((3 | (5 | ((7 | ((10 | (11 | ((13 | (15 | 16)) | !12))) | !9)) | !6))) | !2)) | !0)) & (!(18 | !17))] 0
[(!((1 | ((3 | (5 | ((7 | ((10 | (11 | (((15 | 16) | !13) | !12))) | !9)) | !6))) | !2)) | !0)) & (!(18 | !17))] 0
[(!(((((5 | (6 | (7 | ((10 | (11 | (12 | (13 | (15 | 16))))) | !9)))) | !3) | !2) | !1) | !0)) & (17 & 18)] 0
[(!(((((5 | (6 | (7 | ((10 | (11 | (12 | ((15 | 16) | !13)))) | !9)))) | !3) | !2) | !1) | !0)) & (17 & 18)] 1
[(!(((((5 | (6 | (7 | ((10 | (11 | ((13 | (15 | 16)) | !12))) | !9)))) | !3) | !2) | !1) | !0)) & (!(18 | !17))] 1
[(!(((((5 | (6 | (7 | ((10 | (11 | (((15 | 16) | !13) | !12))) | !9)))) | !3) | !2) | !1) | !0)) & (!(18 | !17))] 0
[(!(((((5 | (6 | (((10 | (11 | (12 | (13 | (15 | 16))))) | !9) | !7))) | !3) | !2) | !1) | !0)) & (17 & 18)] 0
[(!(((((5 | (6 | (((10 | (11 | (12 | ((15 | 16) | !13)))) | !9) | !7))) | !3) | !2) | !1) | !0)) & (!(17 | !18))] 2
[(!(((((5 | (6 | (((10 | (11 | ((13 | (15 | 16)) | !12))) | !9) | !7))) | !3) | !2) | !1) | !0)) & (!(18 | !17))] 1
[(!(((((5 | (6 | (((10 | (11 | (((15 | 16) | !13) | !12))) | !9) | !7))) | !3) | !2) | !1) | !0)) & (!(18 | !17))] 1
[(!((1 | ((3 | (5 | ((7 | ((10 | (11 | (12 | (13 | (15 | !16))))) | !9)) | !6))) | !2)) | !0)) & (17 & 18)] 2
[(!((1 | ((3 | (5 | ((7 | ((10 | (11 | (12 | ((15 | !16) | !13)))) | !9)) | !6))) | !2)) | !0)) & (17 & 18)] 1
[(!((1 | ((3 | (5 | ((7 | ((10 | (11 | ((13 | (15 | !16)) | !12))) | !9)) | !6))) | !2)) | !0)) & (!(18 | !17))] 1
[(!((1 | ((3 | (5 | ((7 | ((10 | (11 | (((15 | !16) | !13) | !12))) | !9)) | !6))) | !2)) | !0)) & (!(18 | !17))] 0
[(!(((((5 | (6 | ((10 | (11 | (12 | (13 | (15 | !16))))) | !9))) | !3) | !2) | !1) | !0)) & (17 & 18)] 0
[(!(((((5 | (6 | (7 | ((10 | (11 | (12 | ((15 | !16) | !13)))) | !9)))) | !3) | !2) | !1) | !0)) & (17 & 18)] 0
[(!(((((5 | (6 | ((10 | (11 | ((13 | (15 | !16)) | !12))) | !9))) | !3) | !2) | !1) | !0)) & (!(18 | !17))] 1
[(!(((((5 | (6 | (7 | ((10 | (11 | (((15 | !16) | !13) | !12))) | !9)))) | !3) | !2) | !1) | !0)) & (!(18 | !17))] 1
[(!(((((5 | (6 | (((10 | (11 | (12 | ((15 | !16) | !13)))) | !9) | !7))) | !3) | !2) | !1) | !0)) & (17 & 18)] 0
[(!(((((5 | (6 | (((10 | (11 | (((15 | !16) | !13) | !12))) | !9) | !7))) | !3) | !2) | !1) | !0)) & (!(18 | !17))] 1
[(!((1 | (((5 | ((7 | ((10 | (11 | (12 | (13 | (15 | 16))))) | !9)) | !6)) | !3) | !2)) | !0)) & (!(18 | !17))] 2
[(!((1 | (((5 | ((7 | ((10 | (11 | (12 | ((15 | 16) | !13)))) | !9)) | !6)) | !3) | !2)) | !0)) & (!(18 | !17))] 2
[(!((1 | (((5 | ((7 | ((10 | (11 | ((13 | (15 | 16)) | !12))) | !9)) | !6)) | !3) | !2)) | !0)) & (!(18 | !17))] 1
[(!((1 | (((5 | ((7 | ((10 | (11 | (((15 | 16) | !13) | !12))) | !9)) | !6)) | !3) | !2)) | !0)) & (!(18 | !17))] 0
[(!((1 | (((5 | ((7 | ((10 | (11 | (12 | (13 | (15 | !16))))) | !9)) | !6)) | !3) | !2)) | !0)) & (!(18 | !17))] 0
[(!((1 | (((5 | ((7 | ((10 | (11 | (12 | ((15 | !16) | !13)))) | !9)) | !6)) | !3) | !2)) | !0)) & (!(18 | !17))] 0
[(!((1 | (((5 | ((7 | ((10 | (11 | ((13 | (15 | !16)) | !12))) | !9)) | !6)) | !3) | !2)) | !0)) & (!(18 | !17))] 1
[(!((1 | (((5 | ((7 | ((10 | (11 | (((15 | !16) | !13) | !12))) | !9)) | !6)) | !3) | !2)) | !0)) & (!(18 | !17))] 1
[(!((1 | ((3 | (5 | (((((11 | (12 | ((15 | !16) | !13))) | !10) | !9) | !7) | !6))) | !2)) | !0)) & (!(17 | !18))] 2
[(!((1 | ((3 | (5 | (((((11 | (((15 | !16) | !13) | !12)) | !10) | !9) | !7) | !6))) | !2)) | !0)) & (!(18 | !17))] 0
[(!((1 | ((3 | (5 | (((((11 | (12 | ((16 | !15) | !14))) | !10) | !9) | !7) | !6))) | !2)) | !0)) & (!(17 | !18))] 2
[(!((1 | ((3 | (5 | (((((11 | (((16 | !15) | !14) | !12)) | !10) | !9) | !7) | !6))) | !2)) | !0)) & (!(18 | !17))] 0
State: 2 "[2]"
[(!((1 | ((3 | ((((9 | (((12 | ((16 | !15) | !14)) | !11) | !10)) | !7) | !6) | !5)) | !2)) | !0)) & (t)] 1
[(!((1 | ((3 | ((((9 | (((((16 | !15) | !14) | !12) | !11) | !10)) | !7) | !6) | !5)) | !2)) | !0)) & (t)] 2
[(!((((3 | (5 | (6 | ((((11 | (12 | ((15 | !16) | !13))) | !10) | !9) | !7)))) | !2) | !1) | !0)) & (t)] 0
[(!((((3 | (5 | (6 | ((((11 | (12 | ((16 | !15) | !14))) | !10) | !9) | !7)))) | !2) | !1) | !0)) & (!(17 | !18))] 2
[(!((((3 | (5 | (6 | ((((11 | (((15 | !16) | !13) | !12)) | !10) | !9) | !7)))) | !2) | !1) | !0)) & (t)] 1
[(!((((3 | (5 | (6 | ((((11 | (((16 | !15) | !14) | !12)) | !10) | !9) | !7)))) | !2) | !1) | !0)) & (!(17 | !18))] 1
[((1 & ((3 & (5 | (6 | ((10 | (11 | 15)) | !9))) | !3 & (5 | (6 | ((((11 | (15 & 16)) | !10) | !9) | !7)))) | !2) | !1 & (2 & (3 & (5 | ((7 | ((10 | (11 | 15)) | !9)) | !6)) | !3 & (5 & (((9 | ((16 | !11) | !10)) | !7) | !6) | !5 & (6 & (7 & ((10 & (11 | (15 & 16)) | !10 & (11 | 15)) | !9) | !7 & ((10 | (11 | 15)) | !9)) | !6 & (7 & (9 & (10 | (11 | 15)) | !9 & ((11 | (13 | (14 | (15 | 16)))) | !10)) | !7 & ((10 | (11 | 15)) | !9))))) | !2 & (3 | (5 & (((9 | ((16 | !11) | !10)) | !7) | !6) | !5 & (((9 & (16 | !10) | !9 & ((11 | 16) | !10)) | !7) | !6))))) | !0) & (t)] 2
[(!((1 | ((3 | (5 | (6 | ((9 | ((11 | (12 | (13 | (14 | (15 | 16))))) | !10)) | !7)))) | !2)) | !0)) & (t)] 2
[(!((1 | ((3 | (5 | (6 | ((9 | ((11 | ((13 | (14 | (15 | 16))) | !12)) | !10)) | !7)))) | !2)) | !0)) & (t)] 1
[(!((1 | ((3 | (5 | (((((11 | (12 | (14 | (16 | !15)))) | !10) | !9) | !7) | !6))) | !2)) | !0)) & (!(17 | !18))] 0
[(!((1 | ((3 | (5 | (((((11 | ((14 | (16 | !15)) | !12)) | !10) | !9) | !7) | !6))) | !2)) | !0)) & (!(17 | !18))] 2
[(!((1 | ((3 | (5 | (((((11 | (12 | (13 | (15 | !16)))) | !10) | !9) | !7) | !6))) | !2)) | !0)) & (t)] 0
[(!((1 | ((3 | (5 | (((((11 | ((13 | (15 | !16)) | !12)) | !10) | !9) | !7) | !6))) | !2)) | !0)) & (t)] 1
[(!((1 | ((3 | (5 | (((((11 | (12 | (15 | 16))) | !10) | !9) | !7) | !6))) | !2)) | !0)) & (!(17 | !18))] 2
[(!((1 | ((3 | (5 | (((((11 | ((15 | 16) | !12)) | !10) | !9) | !7) | !6))) | !2)) | !0)) & (!(17 | !18))] 1
[(!((1 | (2 | (3 | (5 | (((9 | ((11 | (12 | (14 | (15 | 16)))) | !10)) | !7) | !6))))) | !0)) & (!(17 | !18))] 1
[(!((1 | (2 | (3 | (5 | (((9 | ((11 | (12 | (14 | (16 | !15)))) | !10)) | !7) | !6))))) | !0)) & (!(17 | !18))] 0
[(!((1 | (2 | (3 | (5 | (((9 | ((11 | (12 | ((15 | 16) | !14))) | !10)) | !7) | !6))))) | !0)) & (!(17 | !18))] 1
[(!((1 | (2 | (3 | (5 | (((9 | ((11 | (12 | ((16 | !15) | !14))) | !10)) | !7) | !6))))) | !0)) & (!(17 | !18))] 0
[(!((1 | (2 | (3 | (5 | (((9 | ((11 | ((14 | (15 | 16)) | !12)) | !10)) | !7) | !6))))) | !0)) & (17 & 18)] 2
[(!((1 | (2 | (3 | (5 | (((9 | ((11 | ((14 | (16 | !15)) | !12)) | !10)) | !7) | !6))))) | !0)) & (17 & 18)] 1
[(!((1 | (2 | (3 | (5 | (((9 | ((11 | (((15 | 16) | !14) | !12)) | !10)) | !7) | !6))))) | !0)) & (17 & 18)] 2
[(!((1 | (2 | (3 | (5 | (((9 | ((11 | (((16 | !15) | !14) | !12)) | !10)) | !7) | !6))))) | !0)) & (17 & 18)] 2
[(!((1 | ((3 | (5 | (6 | (((10 | (11 | (12 | (13 | (15 | 16))))) | !9) | !7)))) | !2)) | !0)) & (t)] 2
[(!((1 | ((3 | (5 | (6 | (((10 | (11 | (12 | ((15 | 16) | !13)))) | !9) | !7)))) | !2)) | !0)) & (t)] 1
[(!((1 | ((3 | (5 | (6 | (((10 | (11 | ((13 | (15 | 16)) | !12))) | !9) | !7)))) | !2)) | !0)) & (t)] 1
[(!((1 | ((3 | (5 | (6 | (((10 | (11 | (((15 | 16) | !13) | !12))) | !9) | !7)))) | !2)) | !0)) & (t)] 2
[(!((1 | ((3 | (5 | (6 | (((10 | (11 | (12 | (13 | (15 | !16))))) | !9) | !7)))) | !2)) | !0)) & (t)] 1
[(!((1 | ((3 | (5 | (6 | (((10 | (11 | (12 | ((15 | !16) | !13)))) | !9) | !7)))) | !2)) | !0)) & (t)] 2
[(!((1 | ((3 | (5 | (6 | (((10 | (11 | ((13 | (15 | !16)) | !12))) | !9) | !7)))) | !2)) | !0)) & (t)] 0
[(!((1 | ((3 | (5 | (6 | (((10 | (11 | (((15 | !16) | !13) | !12))) | !9) | !7)))) | !2)) | !0)) & (t)] 0
[(!((1 | (2 | (3 | (5 | (((((11 | (12 | (14 | (15 | 16)))) | !10) | !9) | !7) | !6))))) | !0)) & (!(17 | !18))] 1
[(!((1 | (2 | (3 | (5 | (((((11 | (12 | (14 | (16 | !15)))) | !10) | !9) | !7) | !6))))) | !0)) & (!(17 | !18))] 0
[(!((1 | (2 | (3 | (5 | (((((11 | (12 | ((15 | 16) | !14))) | !10) | !9) | !7) | !6))))) | !0)) & (!(17 | !18))] 1
[(!((1 | (2 | (3 | (5 | (((((11 | (12 | ((16 | !15) | !14))) | !10) | !9) | !7) | !6))))) | !0)) & (!(17 | !18))] 0
[(!((1 | (2 | (3 | (5 | (((((11 | ((14 | (15 | 16)) | !12)) | !10) | !9) | !7) | !6))))) | !0)) & (17 & 18)] 2
[(!((1 | (2 | (3 | (5 | (((((11 | ((14 | (16 | !15)) | !12)) | !10) | !9) | !7) | !6))))) | !0)) & (17 & 18)] 1
[(!((1 | (2 | (3 | (5 | (((((11 | (((15 | 16) | !14) | !12)) | !10) | !9) | !7) | !6))))) | !0)) & (17 & 18)] 2
[(!((1 | (2 | (3 | (5 | (((((11 | (((16 | !15) | !14) | !12)) | !10) | !9) | !7) | !6))))) | !0)) & (17 & 18)] 2
[(!((1 | (2 | (3 | ((((9 | (((12 | (14 | (15 | 16))) | !11) | !10)) | !7) | !6) | !5)))) | !0)) & (!(17 | !18))] 0
[(!((1 | (2 | (3 | ((((9 | (((12 | (14 | (16 | !15))) | !11) | !10)) | !7) | !6) | !5)))) | !0)) & (t)] 2
[(!((1 | (2 | (3 | ((((9 | (((12 | ((15 | 16) | !14)) | !11) | !10)) | !7) | !6) | !5)))) | !0)) & (!(17 | !18))] 1
[(!((1 | (2 | (3 | ((((9 | (((12 | ((16 | !15) | !14)) | !11) | !10)) | !7) | !6) | !5)))) | !0)) & (t)] 1
[(!((1 | (2 | (3 | ((((9 | ((((14 | (15 | 16)) | !12) | !11) | !10)) | !7) | !6) | !5)))) | !0)) & (17 & 18)] 1
[(!((1 | (2 | (3 | ((((9 | ((((14 | (16 | !15)) | !12) | !11) | !10)) | !7) | !6) | !5)))) | !0)) & (t)] 0
[(!((1 | (2 | (3 | ((((9 | (((((15 | 16) | !14) | !12) | !11) | !10)) | !7) | !6) | !5)))) | !0)) & (17 & 18)] 0
[(!((1 | (2 | (3 | ((((9 | (((((16 | !15) | !14) | !12) | !11) | !10)) | !7) | !6) | !5)))) | !0)) & (t)] 1
[(!((1 | ((3 | ((((9 | (((12 | (14 | (16 | !15))) | !11) | !10)) | !7) | !6) | !5)) | !2)) | !0)) & (t)] 2
[(!((1 | ((3 | ((((9 | ((((14 | (16 | !15)) | !12) | !11) | !10)) | !7) | !6) | !5)) | !2)) | !0)) & (t)] 0
[(!((1 | ((3 | ((((9 | (((12 | (15 | 16)) | !11) | !10)) | !7) | !6) | !5)) | !2)) | !0)) & (!(17 | !18))] 2
[(!((1 | ((3 | ((((9 | ((((15 | 16) | !12) | !11) | !10)) | !7) | !6) | !5)) | !2)) | !0)) & (!(18 | !17))] 0
[(!((1 | ((3 | (5 | ((((10 | (11 | (12 | (13 | (15 | 16))))) | !9) | !7) | !6))) | !2)) | !0)) & (t)] 1
[(!((1 | ((3 | (5 | ((((10 | (11 | (12 | ((15 | 16) | !13)))) | !9) | !7) | !6))) | !2)) | !0)) & (t)] 1
[(!((1 | ((3 | (5 | ((((10 | (11 | ((13 | (15 | 16)) | !12))) | !9) | !7) | !6))) | !2)) | !0)) & (t)] 2
[(!((1 | ((3 | (5 | ((((10 | (11 | (((15 | 16) | !13) | !12))) | !9) | !7) | !6))) | !2)) | !0)) & (t)] 0
[(!((((3 | (5 | (6 | ((((11 | (12 | (14 | (16 | !15)))) | !10) | !9) | !7)))) | !2) | !1) | !0)) & (!(17 | !18))] 0
[(!((((3 | (5 | (6 | ((((11 | ((14 | (16 | !15)) | !12)) | !10) | !9) | !7)))) | !2) | !1) | !0)) & (!(17 | !18))] 2
[(!((1 | ((3 | (5 | ((((10 | (11 | (12 | (13 | (15 | !16))))) | !9) | !7) | !6))) | !2)) | !0)) & (t)] 0
[(!((1 | ((3 | (5 | ((((10 | (11 | (12 | ((15 | !16) | !13)))) | !9) | !7) | !6))) | !2)) | !0)) & (t)] 2
[(!((1 | ((3 | (5 | ((((10 | (11 | ((13 | (15 | !16)) | !12))) | !9) | !7) | !6))) | !2)) | !0)) & (t)] 1
[(!((1 | ((3 | (5 | ((((10 | (11 | (((15 | !16) | !13) | !12))) | !9) | !7) | !6))) | !2)) | !0)) & (t)] 2
[(!((((3 | (5 | (6 | ((((11 | (12 | (13 | (15 | !16)))) | !10) | !9) | !7)))) | !2) | !1) | !0)) & (t)] 1
[(!((((3 | (5 | (6 | ((((11 | ((13 | (15 | !16)) | !12)) | !10) | !9) | !7)))) | !2) | !1) | !0)) & (t)] 1
[(!((((3 | (5 | (6 | ((((11 | (12 | (15 | 16))) | !10) | !9) | !7)))) | !2) | !1) | !0)) & (!(17 | !18))] 2
[(!((((3 | (5 | (6 | ((((11 | ((15 | 16) | !12)) | !10) | !9) | !7)))) | !2) | !1) | !0)) & (!(17 | !18))] 1
[(!((1 | ((3 | (5 | (6 | (7 | ((10 | (11 | (12 | (13 | (15 | 16))))) | !9))))) | !2)) | !0)) & (17 & 18)] 1
[(!((1 | ((3 | (5 | (6 | (7 | ((10 | (11 | (12 | (13 | (15 | !16))))) | !9))))) | !2)) | !0)) & (17 & 18)] 2
[(!((1 | ((3 | (5 | (6 | (7 | ((10 | (11 | (12 | ((15 | 16) | !13)))) | !9))))) | !2)) | !0)) & (17 & 18)] 1
[(!((1 | ((3 | (5 | (6 | (7 | ((10 | (11 | (12 | ((15 | !16) | !13)))) | !9))))) | !2)) | !0)) & (17 & 18)] 1
[(!((1 | ((3 | (5 | (6 | (7 | ((10 | (11 | ((13 | (15 | 16)) | !12))) | !9))))) | !2)) | !0)) & (!(18 | !17))] 0
[(!((1 | ((3 | (5 | (6 | (7 | ((10 | (11 | ((13 | (15 | !16)) | !12))) | !9))))) | !2)) | !0)) & (!(18 | !17))] 1
[(!((1 | ((3 | (5 | (6 | (7 | ((10 | (11 | (((15 | 16) | !13) | !12))) | !9))))) | !2)) | !0)) & (!(18 | !17))] 0
[(!((1 | ((3 | (5 | (6 | (7 | ((10 | (11 | (((15 | !16) | !13) | !12))) | !9))))) | !2)) | !0)) & (!(18 | !17))] 0
[(!((1 | (2 | (3 | (5 | ((((((12 | (14 | (15 | 16))) | !11) | !10) | !9) | !7) | !6))))) | !0)) & (t)] 2
[(!((1 | (2 | (3 | (5 | ((((((12 | (14 | (16 | !15))) | !11) | !10) | !9) | !7) | !6))))) | !0)) & (t)] 1
[(!((1 | (2 | (3 | (5 | ((((((12 | ((15 | 16) | !14)) | !11) | !10) | !9) | !7) | !6))))) | !0)) & (t)] 1
[(!((1 | (2 | (3 | (5 | ((((((12 | ((16 | !15) | !14)) | !11) | !10) | !9) | !7) | !6))))) | !0)) & (t)] 0
[(!((1 | (2 | (3 | (5 | (((((((14 | (15 | 16)) | !12) | !11) | !10) | !9) | !7) | !6))))) | !0)) & (t)] 2
[(!((1 | (2 | (3 | (5 | (((((((14 | (16 | !15)) | !12) | !11) | !10) | !9) | !7) | !6))))) | !0)) & (t)] 1
[(!((1 | (2 | (3 | (5 | ((((((((15 | 16) | !14) | !12) | !11) | !10) | !9) | !7) | !6))))) | !0)) & (t)] 0
[(!((1 | (2 | (3 | (5 | ((((((((16 | !15) | !14) | !12) | !11) | !10) | !9) | !7) | !6))))) | !0)) & (t)] 2
[(!((1 | ((3 | (5 | ((7 | ((10 | (11 | (12 | (13 | (15 | 16))))) | !9)) | !6))) | !2)) | !0)) & (t)] 2
[(!((1 | ((3 | (5 | ((7 | ((10 | (11 | (12 | ((15 | 16) | !13)))) | !9)) | !6))) | !2)) | !0)) & (t)] 2
[(!((1 | ((3 | (5 | ((7 | ((10 | (11 | ((13 | (15 | 16)) | !12))) | !9)) | !6))) | !2)) | !0)) & (t)] 0
[(!((1 | ((3 | (5 | ((7 | ((10 | (11 | (((15 | 16) | !13) | !12))) | !9)) | !6))) | !2)) | !0)) & (t)] 2
[(!(((((5 | (6 | (7 | ((10 | (11 | (12 | (13 | (15 | 16))))) | !9)))) | !3) | !2) | !1) | !0)) & (17 & 18)] 0
[(!(((((5 | (6 | (7 | ((10 | (11 | (12 | ((15 | 16) | !13)))) | !9)))) | !3) | !2) | !1) | !0)) & (17 & 18)] 2
[(!(((((5 | (6 | (7 | ((10 | (11 | ((13 | (15 | 16)) | !12))) | !9)))) | !3) | !2) | !1) | !0)) & (!(18 | !17))] 1
[(!(((((5 | (6 | (7 | ((10 | (11 | (((15 | 16) | !13) | !12))) | !9)))) | !3) | !2) | !1) | !0)) & (!(18 | !17))] 0
[(!(((((5 | (6 | (((10 | (11 | (12 | (13 | (15 | 16))))) | !9) | !7))) | !3) | !2) | !1) | !0)) & (17 & 18)] 0
[(!(((((5 | (6 | (((10 | (11 | (12 | ((15 | 16) | !13)))) | !9) | !7))) | !3) | !2) | !1) | !0)) & (!(17 | !18))] 2
[(!(((((5 | (6 | (((10 | (11 | ((13 | (15 | 16)) | !12))) | !9) | !7))) | !3) | !2) | !1) | !0)) & (!(18 | !17))] 1
[(!(((((5 | (6 | (((10 | (11 | (((15 | 16) | !13) | !12))) | !9) | !7))) | !3) | !2) | !1) | !0)) & (!(18 | !17))] 1
[(!((1 | ((3 | (5 | ((7 | ((10 | (11 | (12 | (13 | (15 | !16))))) | !9)) | !6))) | !2)) | !0)) & (t)] 0
[(!((1 | ((3 | (5 | ((7 | ((10 | (11 | (12 | ((15 | !16) | !13)))) | !9)) | !6))) | !2)) | !0)) & (t)] 1
[(!((1 | ((3 | (5 | ((7 | ((10 | (11 | ((13 | (15 | !16)) | !12))) | !9)) | !6))) | !2)) | !0)) & (t)] 0
[(!((1 | ((3 | (5 | ((7 | ((10 | (11 | (((15 | !16) | !13) | !12))) | !9)) | !6))) | !2)) | !0)) & (t)] 0
[(!(((((5 | (6 | ((10 | (11 | (12 | (13 | (15 | !16))))) | !9))) | !3) | !2) | !1) | !0)) & (!(18 | !17))] 0
[(!(((((5 | (6 | (7 | ((10 | (11 | (12 | ((15 | !16) | !13)))) | !9)))) | !3) | !2) | !1) | !0)) & (17 & 18)] 0
[(!(((((5 | (6 | ((10 | (11 | ((13 | (15 | !16)) | !12))) | !9))) | !3) | !2) | !1) | !0)) & (!(18 | !17))] 1
[(!(((((5 | (6 | (7 | ((10 | (11 | (((15 | !16) | !13) | !12))) | !9)))) | !3) | !2) | !1) | !0)) & (!(18 | !17))] 1
[(!(((((5 | (6 | (((10 | (11 | (12 | ((15 | !16) | !13)))) | !9) | !7))) | !3) | !2) | !1) | !0)) & (17 & 18)] 0
[(!(((((5 | (6 | (((10 | (11 | (((15 | !16) | !13) | !12))) | !9) | !7))) | !3) | !2) | !1) | !0)) & (!(18 | !17))] 1
[(!((1 | (((5 | ((7 | ((10 | (11 | (12 | (13 | (15 | 16))))) | !9)) | !6)) | !3) | !2)) | !0)) & (17 & 18)] 0
[(!((1 | (((5 | ((7 | ((10 | (11 | (12 | ((15 | 16) | !13)))) | !9)) | !6)) | !3) | !2)) | !0)) & (17 & 18)] 1
[(!((1 | (((5 | ((7 | ((10 | (11 | ((13 | (15 | 16)) | !12))) | !9)) | !6)) | !3) | !2)) | !0)) & (!(18 | !17))] 1
[(!((1 | (((5 | ((7 | ((10 | (11 | (((15 | 16) | !13) | !12))) | !9)) | !6)) | !3) | !2)) | !0)) & (!(18 | !17))] 0
[(!((1 | (((5 | ((7 | ((10 | (11 | (12 | (13 | (15 | !16))))) | !9)) | !6)) | !3) | !2)) | !0)) & (17 & 18)] 2
[(!((1 | (((5 | ((7 | ((10 | (11 | (12 | ((15 | !16) | !13)))) | !9)) | !6)) | !3) | !2)) | !0)) & (17 & 18)] 2
[(!((1 | (((5 | ((7 | ((10 | (11 | ((13 | (15 | !16)) | !12))) | !9)) | !6)) | !3) | !2)) | !0)) & (!(18 | !17))] 1
[(!((1 | (((5 | ((7 | ((10 | (11 | (((15 | !16) | !13) | !12))) | !9)) | !6)) | !3) | !2)) | !0)) & (!(18 | !17))] 1
[(!((1 | ((3 | (5 | (((((11 | (12 | ((15 | !16) | !13))) | !10) | !9) | !7) | !6))) | !2)) | !0)) & (t)] 2
[(!((1 | ((3 | (5 | (((((11 | (((15 | !16) | !13) | !12)) | !10) | !9) | !7) | !6))) | !2)) | !0)) & (t)] 1
[(!((1 | ((3 | (5 | (((((11 | (12 | ((16 | !15) | !14))) | !10) | !9) | !7) | !6))) | !2)) | !0)) & (!(17 | !18))] 2
[(!((1 | ((3 | (5 | (((((11 | (((16 | !15) | !14) | !12)) | !10) | !9) | !7) | !6))) | !2)) | !0)) & (!(17 | !18))] 1
--END--
Synthesis took:  46074.46813583374 ms
