Processing program.
spec contains 2 APs (['(x < 0)', '(x > 2)'])
Starting abstract synthesis loop.
adding (y_prev < y), (0 <= x), (x <= 2), (x >= 0), (x <= 0), (x_prev > x), (y >= 0), (y <= 0), (2 <= x), (y_prev > y), (x_prev < x) to predicate abstraction
constructing LTL abstraction
ltl abstraction took: 0.0017461776733398438
running LTL synthesis
Realizable.
REALIZABLE
HOA: v1
tool: "strix" "21.0.0"
States: 1
Start: 0
AP: 16 "pred__2_LTEQ_x_" "q" "pred__x_GTEQ_0_" "pred__yprev_GT_y_" "pred__xprev_LT_x_" "pred__y_GTEQ_0_" "pred__x_LTEQ_0_" "pred__yprev_LT_y_" "pred__xprev_GT_x_" "pred__x_LTEQ_2_" "pred__0_LTEQ_x_" "pred__y_LTEQ_0_" "decy" "incy" "decx" "incx"
controllable-AP: 12 13 14 15
acc-name: all
Acceptance: 0 t
--BODY--
State: 0 "[0]"
[(0 | (((3 | (4 | ((6 | (7 | (8 | ((11 | !10) | !9)))) | !5))) | !2) | !1)) & (t)] 0
[(!(0 | (((3 | (4 | ((6 | (7 | (8 | ((11 | !10) | !9)))) | !5))) | !2) | !1))) & (12 & (13 & (14 & 15)))] 0
--END--
Synthesis took:  12204.056978225708 ms
