Processing program.
spec contains 2 APs (['goal', 'i'])
simplified !FALSE (len 6) to True (len 4)
True
simplified !FALSE (len 6) to True (len 4)
True
Starting abstract synthesis loop.
adding (ox_prev < ox), (rx >= 0), ((ox_prev - rx_prev) > (ox - rx)), (rx <= 0), (ox <= rx), (rx <= ox), (ox <= 0), ((ox_prev - rx_prev) < (ox - rx)), (ox_prev > ox), (ox >= 0), (rx_prev > rx), (0 <= rx), ((rx_prev - ox_prev) < (rx - ox)), (rx_prev < rx), ((rx_prev - ox_prev) > (rx - ox)) to predicate abstraction
constructing LTL abstraction
ltl abstraction took: 0.003141164779663086
running LTL synthesis
massaging abstract counterstrategy
checking for compatibility of counterstrategy with program
Unrealizable.
digraph MooreMachine {
	graph [nodesep=0.5 overlap=scalexy ranksep=0.8 splines=true]
	node [shape=circle]
	edge [fontname=mono]
	init [label="" shape=point]
	st_3 [label="(!moveo & !pred___oxprev_MINUS_rxprev__GT__ox_MINUS_rx__ & !pred___rxprev_MINUS_oxprev__GT__rx_MINUS_ox__ & !goal & !mover & !setvars & !pred__oxprev_GT_ox_ & !pred___oxprev_MINUS_rxprev__LT__ox_MINUS_rx__ & !pred__rxprev_GT_rx_ & !pred___rxprev_MINUS_oxprev__LT__rx_MINUS_ox__ & !pred__rxprev_LT_rx_ & !pred__oxprev_LT_ox_ & !i & pred__rx_GTEQ_0_ & fail & pred__0_LTEQ_rx_ & pred__rx_LTEQ_0_ & pred__ox_LTEQ_0_ & pred__ox_LTEQ_rx_ & pred__ox_GTEQ_0_ & pred__rx_LTEQ_ox_)"]
	st_2 [label="(!moveo & !pred___oxprev_MINUS_rxprev__GT__ox_MINUS_rx__ & !pred___rxprev_MINUS_oxprev__GT__rx_MINUS_ox__ & !goal & !setvars & !pred__oxprev_GT_ox_ & !pred___oxprev_MINUS_rxprev__LT__ox_MINUS_rx__ & !fail & !pred__rxprev_GT_rx_ & !pred___rxprev_MINUS_oxprev__LT__rx_MINUS_ox__ & !pred__rxprev_LT_rx_ & !pred__oxprev_LT_ox_ & !i & pred__rx_GTEQ_0_ & mover & pred__0_LTEQ_rx_ & pred__rx_LTEQ_0_ & pred__ox_LTEQ_0_ & pred__ox_LTEQ_rx_ & pred__ox_GTEQ_0_ & pred__rx_LTEQ_ox_)"]
	st_1 [label="(!moveo & !pred___oxprev_MINUS_rxprev__GT__ox_MINUS_rx__ & !pred___rxprev_MINUS_oxprev__GT__rx_MINUS_ox__ & !goal & !mover & !setvars & !pred__oxprev_GT_ox_ & !pred___oxprev_MINUS_rxprev__LT__ox_MINUS_rx__ & !fail & !pred__rxprev_GT_rx_ & !pred___rxprev_MINUS_oxprev__LT__rx_MINUS_ox__ & !pred__rxprev_LT_rx_ & !pred__oxprev_LT_ox_ & i & pred__rx_GTEQ_0_ & pred__0_LTEQ_rx_ & pred__rx_LTEQ_0_ & pred__ox_LTEQ_0_ & pred__ox_LTEQ_rx_ & pred__ox_GTEQ_0_ & pred__rx_LTEQ_ox_)"]
	st_0 [label="(!moveo & !pred___oxprev_MINUS_rxprev__GT__ox_MINUS_rx__ & !pred___rxprev_MINUS_oxprev__GT__rx_MINUS_ox__ & !goal & !mover & !pred__oxprev_GT_ox_ & !pred___oxprev_MINUS_rxprev__LT__ox_MINUS_rx__ & !fail & !pred__rxprev_GT_rx_ & !pred___rxprev_MINUS_oxprev__LT__rx_MINUS_ox__ & !pred__rxprev_LT_rx_ & !pred__oxprev_LT_ox_ & !i & !stay & pred__rx_GTEQ_0_ & setvars & pred__0_LTEQ_rx_ & pred__rx_LTEQ_0_ & pred__ox_LTEQ_0_ & pred__ox_LTEQ_rx_ & pred__ox_GTEQ_0_ & pred__rx_LTEQ_ox_)"]
	init -> st_0 [style=solid]
	st_0 -> st_1 [label=TRUE]
	st_1 -> st_2 [label=TRUE]
	st_2 -> st_3 [label=TRUE]
	st_3 -> st_3 [label=TRUE]
}
Synthesis took:  46396.95644378662 ms
