Processing program.
spec contains 2 APs (['q0', 'q1'])
simplified !((!request & !changeRoom) | (!request & changeRoom) | (request & !changeRoom & ((cnt + 1) >= 0) & ((cnt + 1) <= 10))) (len 118) to (request & (((0 <= cnt) & (cnt <= 10) & changeRoom) | (((!(((cnt + 1) <= 10) | ((((0 <= cnt) & !(cnt <= 10)) | !(0 <= cnt)) & !((cnt + 1) <= 10))) & (0 <= (cnt + 1))) | (!(0 <= (cnt + 1)) & !(((0 <= cnt) & !(cnt <= 10)) | !(0 <= cnt)))) & !changeRoom))) (len 253)
(request & (((0 <= cnt) & (cnt <= 10) & changeRoom) | (((!(((cnt + 1) <= 10) | ((((0 <= cnt) & !(cnt <= 10)) | !(0 <= cnt)) & !((cnt + 1) <= 10))) & (0 <= (cnt + 1))) | (!(0 <= (cnt + 1)) & !(((0 <= cnt) & !(cnt <= 10)) | !(0 <= cnt)))) & !changeRoom)))
Starting abstract synthesis loop.
adding (cnt_prev < cnt), roomA, (cnt_prev > cnt), (cnt <= 0), ((cnt + 1) <= 10) to predicate abstraction
constructing LTL abstraction
ltl abstraction took: 0.0011179447174072266
running LTL synthesis
Realizable.
REALIZABLE
HOA: v1
tool: "strix" "21.0.0"
States: 1
Start: 0
AP: 12 "pred__cnt_LTEQ_0_" "pred__cntprev_GT_cnt_" "pred___cnt_PLUS_1__LTEQ_10_" "q1" "pred__cntprev_LT_cnt_" "pred_roomA" "q0" "changeRoom" "request" "finished" "grantB" "grantA"
controllable-AP: 9 10 11
acc-name: all
Acceptance: 0 t
--BODY--
State: 0 "[0]"
[(!((1 | ((3 | (4 | (((7 | 8) | !6) | !5))) | !2)) | !0)) & (t)] 0
[(!((1 | ((3 | (4 | (((7 | !8) | !6) | !5))) | !2)) | !0)) & (t)] 0
[(!((1 | ((3 | (4 | (((8 | !7) | !6) | !5))) | !2)) | !0)) & (t)] 0
[(!((1 | ((3 | (4 | !(5 & (6 & (7 & 8))))) | !2)) | !0)) & (t)] 0
[(!((1 | (((4 | (6 | !5)) | !3) | !2)) | !0)) & (9)] 0
[(!(0 | (1 | ((3 | ((((7 | 8) | !6) | !5) | !4)) | !2)))) & (t)] 0
[(!(0 | (1 | ((3 | ((((7 | !8) | !6) | !5) | !4)) | !2)))) & (t)] 0
[(!(0 | (1 | ((3 | ((((8 | !7) | !6) | !5) | !4)) | !2)))) & (t)] 0
[(!(0 | (1 | ((3 | !(4 & (5 & (6 & (7 & 8))))) | !2)))) & (t)] 0
[(!((1 | ((3 | (4 | (5 | ((7 | 8) | !6)))) | !2)) | !0)) & (t)] 0
[(!((1 | ((3 | (4 | (5 | ((7 | !8) | !6)))) | !2)) | !0)) & (t)] 0
[(!((1 | ((3 | (4 | (5 | ((8 | !7) | !6)))) | !2)) | !0)) & (t)] 0
[(!((1 | ((3 | (4 | (5 | !(6 & (7 & 8))))) | !2)) | !0)) & (t)] 0
[(!(0 | (1 | (((4 | (6 | !5)) | !3) | !2)))) & (!(10 | !11))] 0
[(!(0 | (1 | (2 | (3 | ((((7 | 8) | !6) | !5) | !4)))))) & (t)] 0
[(!(0 | (1 | (2 | (3 | !(4 & (5 & (6 & 8)))))))) & (t)] 0
[(!(0 | (1 | (2 | (3 | ((((8 | !7) | !6) | !5) | !4)))))) & (t)] 0
[(!(0 | (1 | ((3 | (4 | (5 | ((7 | 8) | !6)))) | !2)))) & (t)] 0
[(!(0 | (1 | ((3 | (4 | (5 | ((7 | !8) | !6)))) | !2)))) & (t)] 0
[(!(0 | (1 | ((3 | (4 | (5 | ((8 | !7) | !6)))) | !2)))) & (t)] 0
[(!(0 | (1 | ((3 | (4 | (5 | !(6 & (7 & 8))))) | !2)))) & (t)] 0
[(!(0 | (1 | ((3 | (4 | (((7 | 8) | !6) | !5))) | !2)))) & (t)] 0
[(!(0 | (1 | ((3 | (4 | (((7 | !8) | !6) | !5))) | !2)))) & (t)] 0
[(!(0 | (1 | ((3 | (4 | (((8 | !7) | !6) | !5))) | !2)))) & (t)] 0
[(!(0 | (1 | ((3 | (4 | !(5 & (6 & (7 & 8))))) | !2)))) & (t)] 0
[(!((1 | (((4 | (5 | 6)) | !3) | !2)) | !0)) & (9)] 0
[(!(0 | (1 | ((3 | ((5 | ((7 | 8) | !6)) | !4)) | !2)))) & (t)] 0
[(!(0 | (1 | ((3 | ((5 | ((7 | !8) | !6)) | !4)) | !2)))) & (t)] 0
[(!(0 | (1 | ((3 | ((5 | ((8 | !7) | !6)) | !4)) | !2)))) & (t)] 0
[(!(0 | (1 | ((3 | ((5 | !(6 & (7 & 8))) | !4)) | !2)))) & (t)] 0
[(!(0 | ((((4 | (6 | !5)) | !3) | !2) | !1))) & (10)] 0
[(!(((((4 | (6 | !5)) | !3) | !2) | !1) | !0)) & (9)] 0
[(!(0 | (1 | (2 | ((4 | (6 | !5)) | !3))))) & (!(10 | !11))] 0
[(!(0 | (1 | (2 | (3 | (4 | (((7 | 8) | !6) | !5))))))) & (t)] 0
[(!(0 | (1 | (2 | (3 | (4 | !(5 & (6 & 8)))))))) & (t)] 0
[(!(0 | (1 | (2 | (3 | (4 | (((8 | !7) | !6) | !5))))))) & (t)] 0
[(!(0 | (1 | (2 | (3 | (4 | (5 | ((7 | 8) | !6)))))))) & (t)] 0
[(!(0 | (1 | (2 | (3 | (4 | (5 | !(6 & 8)))))))) & (t)] 0
[(!(0 | (1 | (2 | (3 | (4 | (5 | ((8 | !7) | !6)))))))) & (t)] 0
[(!(0 | (1 | (((4 | (5 | 6)) | !3) | !2)))) & (!(11 | !10))] 0
[(!(0 | (1 | (2 | (3 | ((5 | ((7 | 8) | !6)) | !4)))))) & (t)] 0
[(!(0 | (1 | (2 | (3 | ((5 | !(6 & 8)) | !4)))))) & (t)] 0
[(!(0 | (1 | (2 | (3 | ((5 | ((8 | !7) | !6)) | !4)))))) & (t)] 0
[(!(0 | (1 | (2 | ((4 | (5 | 6)) | !3))))) & (!(11 | !10))] 0
[(!(0 | ((((4 | (5 | 6)) | !3) | !2) | !1))) & (10 & 11)] 0
[(!(((((4 | (5 | 6)) | !3) | !2) | !1) | !0)) & (9)] 0
[(0 & (1 & (((4 | 6) | !3) | !2) | !1 & ((3 & (4 | 6) | !3 & (4 | !6)) | !2)) | !0 & (1 & (((4 | 6) | !3) | !2) | !1 & (3 & (4 | 6) | !3 & !6))) & (t)] 0
--END--
Synthesis took:  1449.2123126983643 ms
