Processing program.
spec contains 5 APs (['down', '(at_floor < target)', 'up', 'dooropen', '(at_floor > target)'])
simplified !((!up & down & ((at_floor - 1) >= 0)) | (up & !down) | ((up <-> down) && !(dooropen && !(at_floor < target) && !(at_floor > target))) | (dooropen && !(at_floor < target) && !(at_floor > target) && !(up & !down) && !(!up & down))) (len 230) to (!(!down | ((!(0 <= at_floor) | ((!(0 <= target) | ((0 <= target) & (1 <= at_floor))) & (0 <= at_floor))) & down)) & !up) (len 121)
(!(!down | ((!(0 <= at_floor) | ((!(0 <= target) | ((0 <= target) & (1 <= at_floor))) & (0 <= at_floor))) & down)) & !up)
simplified !(!dooropen | (!inc & dooropen & ((target - 1) >= 0)) | (inc && dooropen)) (len 74) to (!inc & !((((!(1 <= target) & !(0 <= target)) | (1 <= target)) & dooropen) | !dooropen)) (len 88)
(!inc & !((((!(1 <= target) & !(0 <= target)) | (1 <= target)) & dooropen) | !dooropen))
Starting abstract synthesis loop.
adding (at_floor <= target), (target <= at_floor) to predicate abstraction
constructing LTL abstraction
ltl abstraction took: 0.0008988380432128906
running LTL synthesis
massaging abstract counterstrategy
checking for compatibility of counterstrategy with program
trying fairness refinement
Structural Refinement: 
entry_cond:TRUE
exit_cond:(target <= at_floor)
loop:(at_floor := (at_floor + 1))
adding (at_floor = at_floor_prev), (target = target_prev), (at_floor = (at_floor_prev + 1)) to predicate abstraction
constructing LTL abstraction
ltl abstraction took: 0.0007801055908203125
running LTL synthesis
massaging abstract counterstrategy
checking for compatibility of counterstrategy with program
trying fairness refinement
trying safety refinement
adding (target <= 0) to predicate abstraction
constructing LTL abstraction
ltl abstraction took: 0.0009119510650634766
running LTL synthesis
massaging abstract counterstrategy
checking for compatibility of counterstrategy with program
trying fairness refinement
trying safety refinement
adding (target <= 1) to predicate abstraction
constructing LTL abstraction
ltl abstraction took: 0.0008373260498046875
running LTL synthesis
massaging abstract counterstrategy
checking for compatibility of counterstrategy with program
trying fairness refinement
trying safety refinement
adding (target <= 2) to predicate abstraction
constructing LTL abstraction
ltl abstraction took: 0.0009455680847167969
running LTL synthesis
massaging abstract counterstrategy
checking for compatibility of counterstrategy with program
trying fairness refinement
trying safety refinement
adding (at_floor <= 0) to predicate abstraction
constructing LTL abstraction
ltl abstraction took: 0.0008563995361328125
running LTL synthesis
massaging abstract counterstrategy
checking for compatibility of counterstrategy with program
trying fairness refinement
Structural Refinement: 
entry_cond:TRUE
exit_cond:(at_floor <= target)
loop:(at_floor := (at_floor - 1))
adding (at_floor = (at_floor_prev - 1)) to predicate abstraction
constructing LTL abstraction
ltl abstraction took: 0.0010440349578857422
running LTL synthesis
Realizable.
REALIZABLE
HOA: v1
tool: "strix" "21.0.0"
States: 2
Start: 1
AP: 19 "in_loop1_0" "pred__target_LTEQ_2_" "q0" "pred__target_EQ_targetprev_" "pred__atfloor_EQ__atfloorprev_MINUS_1__" "in_loop0_0" "q1" "pred__target_LTEQ_1_" "pred__target_LTEQ_0_" "pred__atfloor_EQ_atfloorprev_" "pred__target_LTEQ_atfloor_" "pred__atfloor_EQ__atfloorprev_PLUS_1__" "pred__atfloor_LTEQ_target_" "pred__atfloor_LTEQ_0_" "dooropen" "inc" "notify" "down" "up"
controllable-AP: 16 17 18
acc-name: all
Acceptance: 0 t
--BODY--
State: 0 "[0]"
[(0 & (1 & (2 | ((4 & (5 | ((7 & (9 | ((11 | !(12 | !13)) | !10)) | !7 & (8 | (9 | ((11 | !(12 | !13)) | !10)))) | !6)) | !4 & (5 | ((7 & (((11 | (12 | 13)) | !10) | !9) | !7 & (8 | (((11 | (12 | 13)) | !10) | !9))) | !6))) | !3)) | !1 & (2 | ((4 & (5 | ((7 | (8 | (9 | ((11 | !(12 | !13)) | !10)))) | !6)) | !4 & (5 | ((7 | (8 | (((11 | (12 | 13)) | !10) | !9))) | !6))) | !3))) | !0 & (1 & (2 & (3 & (4 | (5 | (6 | (7 & (8 & (((11 | !(12 | (14 | !13))) | !10) | !9) | !8 & (((11 | (13 | !12)) | !10) | !9)) | !7 & (8 | (((11 | (13 | !12)) | !10) | !9)))))) | !3 & (4 | (5 | (6 | (7 & (8 & (9 & ((11 | !(12 | (14 | !13))) | !10) | !9 & ((11 | !(12 & 13)) | !10)) | !8 & ((10 & (11 | !(12 | (14 | !13))) | !10 & (11 | !12)) | !9)) | !7 & (8 | ((10 & (11 | !(12 | (14 | !13))) | !10 & (11 | !12)) | !9))))))) | !2 & ((4 & (5 | ((7 | (8 | (9 | (10 | (11 | !12))))) | !6)) | !4 & (5 & ((7 & (8 | (9 | ((13 | !12) | !11))) | !7 & (8 | (9 & (10 | (11 | (13 | !12))) | !9 & ((13 | !12) | !11)))) | !6) | !5 & ((7 & (8 & (((11 | !(12 | !13)) | !10) | !9) | !8 & ((10 & (11 | !(12 | !13)) | !10 & (11 | !12)) | !9)) | !7 & (8 | ((10 & (11 | !(12 | !13)) | !10 & (11 | !12)) | !9))) | !6))) | !3)) | !1 & (2 & (3 & (4 | (5 | (6 | (7 | (8 | (((11 | (13 | !12)) | !10) | !9)))))) | !3 & (4 | (5 | (6 | (7 | (8 | ((10 & (11 | !(12 | (14 | !13))) | !10 & (11 | !12)) | !9))))))) | !2 & ((4 & (5 | ((7 | (8 | (9 | (10 | (11 | !12))))) | !6)) | !4 & (5 & ((7 | (8 | (9 & (10 | (11 | (13 | !12))) | !9 & ((13 | !12) | !11)))) | !6) | !5 & ((7 | (8 | ((10 & (11 | !(12 | !13)) | !10 & (11 | !12)) | !9))) | !6))) | !3)))) & (t)] 1
[(!(0 | (((3 | (4 | (5 | (6 | (((9 | ((11 | ((14 | !13) | !12)) | !10)) | !8) | !7))))) | !2) | !1))) & (t)] 0
[(!(0 | (((3 | (4 | (5 | (6 | (((9 | ((11 | (((15 | !14) | !13) | !12)) | !10)) | !8) | !7))))) | !2) | !1))) & (t)] 0
[(!(0 | (((3 | (4 | (5 | (6 | (((9 | ((11 | !(12 & (13 & (14 & 15)))) | !10)) | !8) | !7))))) | !2) | !1))) & (t)] 1
[(!(0 | ((2 | ((4 | (5 | ((((((11 | ((14 | !13) | !12)) | !10) | !9) | !8) | !7) | !6))) | !3)) | !1))) & (!(17 | 18))] 0
[(!(0 | ((2 | ((4 | (5 | ((((((11 | !(12 & (13 & 14))) | !10) | !9) | !8) | !7) | !6))) | !3)) | !1))) & (!(17 | 18))] 1
[(!(0 | ((((4 | (5 | (6 | (((((11 | ((14 | !13) | !12)) | !10) | !9) | !8) | !7)))) | !3) | !2) | !1))) & (t)] 0
[(!(0 | ((((4 | (5 | (6 | (((((11 | (((15 | !14) | !13) | !12)) | !10) | !9) | !8) | !7)))) | !3) | !2) | !1))) & (!(17 | 18))] 0
[(!(0 | ((((4 | (5 | (6 | (((((11 | !(12 & (13 & (14 & 15)))) | !10) | !9) | !8) | !7)))) | !3) | !2) | !1))) & (!(17 | 18))] 0
[(!(0 | (((3 | (4 | (5 | (6 | ((8 | ((10 | (11 | ((14 | !13) | !12))) | !9)) | !7))))) | !2) | !1))) & (t)] 0
[(!(0 | (((3 | (4 | (5 | (6 | ((8 | ((10 | (11 | (((15 | !14) | !13) | !12))) | !9)) | !7))))) | !2) | !1))) & (!(17 | 18))] 0
[(!(0 | (((3 | (4 | (5 | (6 | ((8 | ((10 | (11 | !(12 & (13 & (14 & 15))))) | !9)) | !7))))) | !2) | !1))) & (!(17 | 18))] 0
[(!(0 | ((2 | ((4 | (5 | (((8 | ((10 | (11 | ((14 | !13) | !12))) | !9)) | !7) | !6))) | !3)) | !1))) & (!(17 | !18))] 1
[(!(0 | ((2 | ((4 | (5 | (((8 | ((10 | (11 | !(12 & (13 & 14)))) | !9)) | !7) | !6))) | !3)) | !1))) & (!(17 | 18))] 1
[(!(0 | (((3 | (4 | (5 | (6 | (((((11 | ((14 | !13) | !12)) | !10) | !9) | !8) | !7))))) | !2) | !1))) & (t)] 0
[(!(0 | (((3 | (4 | (5 | (6 | (((((11 | (((15 | !14) | !13) | !12)) | !10) | !9) | !8) | !7))))) | !2) | !1))) & (!(17 | 18))] 0
[(!(0 | (((3 | (4 | (5 | (6 | (((((11 | !(12 & (13 & (14 & 15)))) | !10) | !9) | !8) | !7))))) | !2) | !1))) & (!(17 | 18))] 0
[(!(0 | (((3 | (4 | (5 | (6 | (7 | (8 | ((10 | (11 | ((14 | !13) | !12))) | !9))))))) | !2) | !1))) & (t)] 1
[(!(0 | (((3 | (4 | (5 | (6 | (7 | (8 | ((10 | (11 | (((15 | !14) | !13) | !12))) | !9))))))) | !2) | !1))) & (!(17 | 18))] 0
[(!(0 | (((3 | (4 | (5 | (6 | (7 | (8 | ((10 | (11 | !(12 & (13 & (14 & 15))))) | !9))))))) | !2) | !1))) & (!(17 | 18))] 0
[(!(((2 | (((5 | ((((9 | ((11 | (12 | (13 | 14))) | !10)) | !8) | !7) | !6)) | !4) | !3)) | !1) | !0)) & (!(18 | !17))] 0
[(!(((2 | (((5 | ((((9 | ((11 | (12 | (13 | !14))) | !10)) | !8) | !7) | !6)) | !4) | !3)) | !1) | !0)) & (!(17 | 18))] 0
[(!(((2 | (((5 | ((((9 | ((11 | ((13 | 14) | !12)) | !10)) | !8) | !7) | !6)) | !4) | !3)) | !1) | !0)) & (!(17 | 18))] 1
[(!(((2 | (((5 | ((((9 | ((11 | ((13 | !14) | !12)) | !10)) | !8) | !7) | !6)) | !4) | !3)) | !1) | !0)) & (!(17 | 18))] 1
[(!(((2 | (((5 | ((((9 | ((11 | ((14 | !13) | !12)) | !10)) | !8) | !7) | !6)) | !4) | !3)) | !1) | !0)) & (!(17 | 18))] 1
[(!(((2 | (((5 | ((((9 | ((11 | !(12 & (13 & 14))) | !10)) | !8) | !7) | !6)) | !4) | !3)) | !1) | !0)) & (!(17 | 18))] 1
[(!(0 | ((2 | ((4 | (5 | ((((((11 | (12 | (13 | 14))) | !10) | !9) | !8) | !7) | !6))) | !3)) | !1))) & (!(18 | !17))] 1
[(!(0 | ((2 | ((4 | (5 | ((((((11 | (12 | (13 | !14))) | !10) | !9) | !8) | !7) | !6))) | !3)) | !1))) & (!(17 | 18))] 0
[(!(0 | ((2 | ((4 | ((((8 | (9 | (10 | (((13 | 14) | !12) | !11)))) | !7) | !6) | !5)) | !3)) | !1))) & (!(17 | 18))] 1
[(!(0 | ((2 | ((4 | ((((8 | (9 | (10 | (((13 | !14) | !12) | !11)))) | !7) | !6) | !5)) | !3)) | !1))) & (!(17 | 18))] 1
[(!(0 | ((2 | ((4 | ((((8 | (9 | ((((13 | 14) | !12) | !11) | !10))) | !7) | !6) | !5)) | !3)) | !1))) & (!(17 | 18))] 0
[(!(0 | ((2 | ((4 | ((((8 | (9 | ((((13 | !14) | !12) | !11) | !10))) | !7) | !6) | !5)) | !3)) | !1))) & (!(17 | 18))] 0
[(!(0 | ((2 | ((4 | (5 | ((7 | (8 | ((10 | (11 | ((14 | !13) | !12))) | !9))) | !6))) | !3)) | !1))) & (!(17 | !18))] 1
[(!(0 | ((2 | ((4 | (5 | ((7 | (8 | ((10 | (11 | !(12 & (13 & 14)))) | !9))) | !6))) | !3)) | !1))) & (!(17 | 18))] 0
[(!(0 | (((3 | (4 | (5 | (6 | ((8 | (((11 | ((14 | !13) | !12)) | !10) | !9)) | !7))))) | !2) | !1))) & (t)] 1
[(!(0 | (((3 | (4 | (5 | (6 | ((8 | (((11 | (((15 | !14) | !13) | !12)) | !10) | !9)) | !7))))) | !2) | !1))) & (!(17 | 18))] 0
[(!(0 | (((3 | (4 | (5 | (6 | ((8 | (((11 | !(12 & (13 & (14 & 15)))) | !10) | !9)) | !7))))) | !2) | !1))) & (!(17 | 18))] 0
[(!(0 | (1 | ((3 | (4 | (5 | (6 | (7 | (8 | ((10 | (11 | ((14 | !13) | !12))) | !9))))))) | !2)))) & (t)] 1
[(!(0 | (1 | ((3 | (4 | (5 | (6 | (7 | (8 | ((10 | (11 | (((15 | !14) | !13) | !12))) | !9))))))) | !2)))) & (!(17 | 18))] 0
[(!(0 | (1 | ((3 | (4 | (5 | (6 | (7 | (8 | ((10 | (11 | !(12 & (13 & (14 & 15))))) | !9))))))) | !2)))) & (!(17 | 18))] 0
[(!(((2 | ((4 | (5 | ((((((11 | (12 | (13 | 14))) | !10) | !9) | !8) | !7) | !6))) | !3)) | !1) | !0)) & (!(18 | !17))] 1
[(!(((2 | ((4 | (5 | ((((((11 | (12 | (13 | !14))) | !10) | !9) | !8) | !7) | !6))) | !3)) | !1) | !0)) & (!(17 | 18))] 0
[(!(0 | ((2 | ((4 | (5 | (((8 | (((11 | ((13 | 14) | !12)) | !10) | !9)) | !7) | !6))) | !3)) | !1))) & (!(17 | 18))] 0
[(!(0 | ((2 | ((4 | (5 | (((8 | (((11 | ((13 | !14) | !12)) | !10) | !9)) | !7) | !6))) | !3)) | !1))) & (!(17 | 18))] 1
[(!(0 | ((((4 | (5 | (6 | ((8 | (((11 | ((13 | 14) | !12)) | !10) | !9)) | !7)))) | !3) | !2) | !1))) & (t)] 0
[(!(0 | ((((4 | (5 | (6 | ((8 | (((11 | ((13 | (15 | !14)) | !12)) | !10) | !9)) | !7)))) | !3) | !2) | !1))) & (!(17 | 18))] 0
[(!(0 | ((((4 | (5 | (6 | ((8 | (((11 | ((13 | !(14 & 15)) | !12)) | !10) | !9)) | !7)))) | !3) | !2) | !1))) & (!(17 | 18))] 1
[(!(0 | ((2 | ((4 | (((7 | (8 | (9 | (10 | (((13 | 14) | !12) | !11))))) | !6) | !5)) | !3)) | !1))) & (!(17 | !18))] 0
[(!(0 | ((2 | ((4 | (((7 | (8 | (9 | (10 | (((13 | !14) | !12) | !11))))) | !6) | !5)) | !3)) | !1))) & (!(17 | 18))] 1
[(!(0 | ((2 | ((4 | (((7 | (8 | (9 | ((((13 | 14) | !12) | !11) | !10)))) | !6) | !5)) | !3)) | !1))) & (!(17 | 18))] 1
[(!(0 | ((2 | ((4 | (((7 | (8 | (9 | ((((13 | !14) | !12) | !11) | !10)))) | !6) | !5)) | !3)) | !1))) & (!(17 | 18))] 0
[(!(0 | ((2 | ((4 | (5 | (((8 | (((11 | ((14 | !13) | !12)) | !10) | !9)) | !7) | !6))) | !3)) | !1))) & (t)] 0
[(!(0 | ((2 | ((4 | (5 | (((8 | (((11 | !(12 & (13 & 14))) | !10) | !9)) | !7) | !6))) | !3)) | !1))) & (t)] 1
[(!(0 | (((3 | (4 | (5 | (6 | (((((11 | (12 | ((15 | !14) | !13))) | !10) | !9) | !8) | !7))))) | !2) | !1))) & (!(17 | 18))] 0
[(!(0 | (((3 | (4 | (5 | (6 | (((((11 | (12 | !(13 & (14 & 15)))) | !10) | !9) | !8) | !7))))) | !2) | !1))) & (!(17 | 18))] 0
[(!(0 | (1 | (2 | ((4 | (5 | ((7 | (8 | ((10 | (11 | ((14 | !13) | !12))) | !9))) | !6))) | !3))))) & (!(17 | !18))] 0
[(!(0 | (1 | (2 | ((4 | (5 | ((7 | (8 | ((10 | (11 | !(12 & (13 & 14)))) | !9))) | !6))) | !3))))) & (!(17 | 18))] 0
[(!(0 | (1 | ((3 | (4 | (5 | (6 | (7 | (8 | (((11 | ((14 | !13) | !12)) | !10) | !9))))))) | !2)))) & (t)] 0
[(!(0 | (1 | ((3 | (4 | (5 | (6 | (7 | (8 | (((11 | (((15 | !14) | !13) | !12)) | !10) | !9))))))) | !2)))) & (!(17 | 18))] 0
[(!(0 | (((3 | (4 | (5 | (6 | (7 | (8 | (((11 | ((14 | !13) | !12)) | !10) | !9))))))) | !2) | !1))) & (t)] 1
[(!(0 | (((3 | (4 | (5 | (6 | (7 | (8 | (((11 | (((15 | !14) | !13) | !12)) | !10) | !9))))))) | !2) | !1))) & (!(17 | 18))] 0
[(!(((2 | (((5 | (((8 | (9 | ((11 | (12 | (13 | 14))) | !10))) | !7) | !6)) | !4) | !3)) | !1) | !0)) & (!(18 | !17))] 0
[(!(((2 | (((5 | (((8 | (9 | ((11 | (12 | (13 | !14))) | !10))) | !7) | !6)) | !4) | !3)) | !1) | !0)) & (!(17 | 18))] 1
[(!(((2 | (((5 | (((8 | (9 | ((11 | ((13 | 14) | !12)) | !10))) | !7) | !6)) | !4) | !3)) | !1) | !0)) & (!(17 | 18))] 0
[(!(((2 | (((5 | (((8 | (9 | ((11 | ((13 | !14) | !12)) | !10))) | !7) | !6)) | !4) | !3)) | !1) | !0)) & (!(17 | 18))] 0
[(!(((2 | (((5 | (((8 | (9 | ((11 | ((14 | !13) | !12)) | !10))) | !7) | !6)) | !4) | !3)) | !1) | !0)) & (!(17 | 18))] 0
[(!(((2 | (((5 | (((8 | (9 | ((11 | !(12 & (13 & 14))) | !10))) | !7) | !6)) | !4) | !3)) | !1) | !0)) & (!(17 | 18))] 1
[(!(0 | ((2 | ((4 | (5 | (((8 | (((11 | (12 | (13 | 14))) | !10) | !9)) | !7) | !6))) | !3)) | !1))) & (!(18 | !17))] 1
[(!(0 | ((2 | ((4 | (5 | (((8 | (((11 | (12 | (13 | !14))) | !10) | !9)) | !7) | !6))) | !3)) | !1))) & (!(17 | 18))] 1
[(!(0 | (((3 | (4 | (5 | (6 | (((((11 | (12 | (13 | 14))) | !10) | !9) | !8) | !7))))) | !2) | !1))) & (t)] 0
[(!(0 | (((3 | (4 | (5 | (6 | (((((11 | (12 | (13 | (15 | !14)))) | !10) | !9) | !8) | !7))))) | !2) | !1))) & (!(17 | 18))] 0
[(!(0 | (((3 | (4 | (5 | (6 | (((((11 | (12 | (13 | !(14 & 15)))) | !10) | !9) | !8) | !7))))) | !2) | !1))) & (!(17 | 18))] 0
[(!(0 | (((3 | (4 | (5 | (6 | (7 | (8 | ((10 | (11 | ((13 | 14) | !12))) | !9))))))) | !2) | !1))) & (t)] 1
[(!(0 | (((3 | (4 | (5 | (6 | (7 | (8 | ((10 | (11 | ((13 | (15 | !14)) | !12))) | !9))))))) | !2) | !1))) & (!(17 | 18))] 0
[(!(0 | (((3 | (4 | (5 | (6 | (7 | (8 | ((10 | (11 | ((13 | !(14 & 15)) | !12))) | !9))))))) | !2) | !1))) & (!(17 | 18))] 1
[(!(0 | ((2 | ((4 | (((7 | (8 | ((10 | (11 | ((13 | 14) | !12))) | !9))) | !6) | !5)) | !3)) | !1))) & (!(17 | !18))] 0
[(!(0 | ((2 | ((4 | (((7 | (8 | ((10 | (11 | ((13 | !14) | !12))) | !9))) | !6) | !5)) | !3)) | !1))) & (!(17 | 18))] 1
[(!(0 | ((2 | (((5 | ((7 | (8 | (9 | (10 | (11 | ((13 | 14) | !12)))))) | !6)) | !4) | !3)) | !1))) & (!(18 | !17))] 0
[(!(0 | ((2 | (((5 | ((7 | (8 | (9 | (10 | (11 | ((13 | !14) | !12)))))) | !6)) | !4) | !3)) | !1))) & (!(17 | 18))] 0
[(!(0 | ((2 | (((5 | ((7 | (8 | (9 | (10 | (11 | ((14 | !13) | !12)))))) | !6)) | !4) | !3)) | !1))) & (!(17 | 18))] 1
[(!(0 | ((2 | (((5 | ((7 | (8 | (9 | (10 | (11 | !(12 & (13 & 14))))))) | !6)) | !4) | !3)) | !1))) & (!(17 | 18))] 0
[(!(0 | ((2 | ((4 | (5 | ((7 | (8 | (((11 | ((13 | 14) | !12)) | !10) | !9))) | !6))) | !3)) | !1))) & (!(17 | 18))] 1
[(!(0 | ((2 | ((4 | (5 | ((7 | (8 | (((11 | ((13 | !14) | !12)) | !10) | !9))) | !6))) | !3)) | !1))) & (!(17 | 18))] 0
[(!(0 | ((((4 | (5 | (6 | (7 | (8 | (((11 | ((13 | 14) | !12)) | !10) | !9)))))) | !3) | !2) | !1))) & (t)] 0
[(!(0 | ((((4 | (5 | (6 | (7 | (8 | (((11 | ((13 | (15 | !14)) | !12)) | !10) | !9)))))) | !3) | !2) | !1))) & (!(17 | 18))] 0
[(!(0 | ((((4 | (5 | (6 | (7 | (8 | (((11 | ((13 | !(14 & 15)) | !12)) | !10) | !9)))))) | !3) | !2) | !1))) & (!(17 | 18))] 0
[(!(0 | ((((4 | (5 | (6 | (((((11 | (12 | ((15 | !14) | !13))) | !10) | !9) | !8) | !7)))) | !3) | !2) | !1))) & (!(17 | 18))] 0
[(!(0 | ((((4 | (5 | (6 | (((((11 | (12 | !(13 & (14 & 15)))) | !10) | !9) | !8) | !7)))) | !3) | !2) | !1))) & (!(17 | 18))] 0
[(!(0 | (((3 | (4 | (5 | (6 | ((8 | (((11 | (12 | ((15 | !14) | !13))) | !10) | !9)) | !7))))) | !2) | !1))) & (!(17 | 18))] 0
[(!(0 | (((3 | (4 | (5 | (6 | ((8 | (((11 | (12 | !(13 & (14 & 15)))) | !10) | !9)) | !7))))) | !2) | !1))) & (!(17 | 18))] 0
[(!(0 | (1 | (2 | ((4 | (((7 | (8 | (9 | (10 | (((13 | 14) | !12) | !11))))) | !6) | !5)) | !3))))) & (!(17 | !18))] 1
[(!(0 | (1 | (2 | ((4 | (((7 | (8 | (9 | (10 | (((13 | !14) | !12) | !11))))) | !6) | !5)) | !3))))) & (!(17 | 18))] 0
[(!(0 | (1 | (2 | ((4 | (((7 | (8 | (9 | ((((13 | 14) | !12) | !11) | !10)))) | !6) | !5)) | !3))))) & (!(17 | 18))] 1
[(!(0 | (1 | (2 | ((4 | (((7 | (8 | (9 | ((((13 | !14) | !12) | !11) | !10)))) | !6) | !5)) | !3))))) & (!(17 | 18))] 0
[(!(0 | (1 | (2 | ((4 | (5 | ((7 | (8 | (((11 | ((14 | !13) | !12)) | !10) | !9))) | !6))) | !3))))) & (!(17 | 18))] 1
[(!(0 | (1 | (2 | ((4 | (5 | ((7 | (8 | (((11 | !(12 & (13 & 14))) | !10) | !9))) | !6))) | !3))))) & (!(17 | 18))] 0
[(!(0 | (1 | ((3 | (4 | (5 | (6 | (7 | (8 | (((11 | (12 | ((15 | !14) | !13))) | !10) | !9))))))) | !2)))) & (!(17 | 18))] 0
[(!(0 | (((3 | (4 | (5 | (6 | (7 | (8 | (((11 | (12 | ((15 | !14) | !13))) | !10) | !9))))))) | !2) | !1))) & (!(17 | 18))] 0
[(!(0 | ((2 | ((4 | (5 | ((7 | (8 | (((11 | ((14 | !13) | !12)) | !10) | !9))) | !6))) | !3)) | !1))) & (t)] 1
[(!(0 | ((2 | ((4 | (5 | ((7 | (8 | (((11 | !(12 & (13 & 14))) | !10) | !9))) | !6))) | !3)) | !1))) & (t)] 0
[(!(((2 | ((4 | (5 | (((8 | (((11 | (12 | (13 | 14))) | !10) | !9)) | !7) | !6))) | !3)) | !1) | !0)) & (!(18 | !17))] 0
[(!(((2 | ((4 | (5 | (((8 | (((11 | (12 | (13 | !14))) | !10) | !9)) | !7) | !6))) | !3)) | !1) | !0)) & (!(17 | 18))] 0
[(!(0 | ((((4 | (5 | (6 | (((((11 | (12 | (13 | 14))) | !10) | !9) | !8) | !7)))) | !3) | !2) | !1))) & (t)] 0
[(!(0 | ((((4 | (5 | (6 | (((((11 | (12 | (13 | (15 | !14)))) | !10) | !9) | !8) | !7)))) | !3) | !2) | !1))) & (!(17 | 18))] 0
[(!(0 | ((((4 | (5 | (6 | (((((11 | (12 | (13 | !(14 & 15)))) | !10) | !9) | !8) | !7)))) | !3) | !2) | !1))) & (!(17 | 18))] 0
[(!(0 | (((3 | (4 | (5 | (6 | ((8 | (((11 | (12 | (13 | 14))) | !10) | !9)) | !7))))) | !2) | !1))) & (t)] 0
[(!(0 | (((3 | (4 | (5 | (6 | ((8 | (((11 | (12 | (13 | (15 | !14)))) | !10) | !9)) | !7))))) | !2) | !1))) & (!(17 | 18))] 0
[(!(0 | (((3 | (4 | (5 | (6 | ((8 | (((11 | (12 | (13 | !(14 & 15)))) | !10) | !9)) | !7))))) | !2) | !1))) & (!(17 | 18))] 1
[(!(0 | (((3 | (4 | (5 | (6 | ((8 | (((11 | ((13 | 14) | !12)) | !10) | !9)) | !7))))) | !2) | !1))) & (t)] 1
[(!(0 | (((3 | (4 | (5 | (6 | ((8 | (((11 | ((13 | (15 | !14)) | !12)) | !10) | !9)) | !7))))) | !2) | !1))) & (!(17 | 18))] 0
[(!(0 | (((3 | (4 | (5 | (6 | ((8 | (((11 | ((13 | !(14 & 15)) | !12)) | !10) | !9)) | !7))))) | !2) | !1))) & (!(17 | 18))] 0
[(!(0 | ((2 | ((4 | (5 | ((7 | (8 | ((10 | (11 | ((13 | 14) | !12))) | !9))) | !6))) | !3)) | !1))) & (!(17 | !18))] 1
[(!(0 | ((2 | ((4 | (5 | ((7 | (8 | ((10 | (11 | ((13 | !14) | !12))) | !9))) | !6))) | !3)) | !1))) & (!(17 | 18))] 0
[(!(0 | (((3 | (4 | (5 | (6 | ((8 | ((10 | (11 | ((13 | 14) | !12))) | !9)) | !7))))) | !2) | !1))) & (t)] 1
[(!(0 | (((3 | (4 | (5 | (6 | ((8 | ((10 | (11 | ((13 | (15 | !14)) | !12))) | !9)) | !7))))) | !2) | !1))) & (!(17 | 18))] 0
[(!(0 | (((3 | (4 | (5 | (6 | ((8 | ((10 | (11 | ((13 | !(14 & 15)) | !12))) | !9)) | !7))))) | !2) | !1))) & (!(17 | 18))] 0
[(!(0 | (1 | ((3 | (4 | (5 | (6 | (7 | (8 | ((10 | (11 | ((13 | 14) | !12))) | !9))))))) | !2)))) & (t)] 0
[(!(0 | (1 | ((3 | (4 | (5 | (6 | (7 | (8 | ((10 | (11 | ((13 | (15 | !14)) | !12))) | !9))))))) | !2)))) & (!(17 | 18))] 1
[(!(0 | (1 | ((3 | (4 | (5 | (6 | (7 | (8 | ((10 | (11 | ((13 | !(14 & 15)) | !12))) | !9))))))) | !2)))) & (!(17 | 18))] 0
[(!(((2 | (((5 | ((7 | (8 | (9 | ((11 | (12 | (13 | 14))) | !10)))) | !6)) | !4) | !3)) | !1) | !0)) & (!(18 | !17))] 1
[(!(((2 | (((5 | ((7 | (8 | (9 | ((11 | (12 | (13 | !14))) | !10)))) | !6)) | !4) | !3)) | !1) | !0)) & (!(17 | 18))] 0
[(!(((2 | (((5 | ((7 | (8 | (9 | ((11 | ((13 | 14) | !12)) | !10)))) | !6)) | !4) | !3)) | !1) | !0)) & (!(17 | 18))] 1
[(!(((2 | (((5 | ((7 | (8 | (9 | ((11 | ((13 | !14) | !12)) | !10)))) | !6)) | !4) | !3)) | !1) | !0)) & (!(17 | 18))] 0
[(!(((2 | (((5 | ((7 | (8 | (9 | ((11 | ((14 | !13) | !12)) | !10)))) | !6)) | !4) | !3)) | !1) | !0)) & (!(17 | 18))] 1
[(!(((2 | (((5 | ((7 | (8 | (9 | ((11 | !(12 & (13 & 14))) | !10)))) | !6)) | !4) | !3)) | !1) | !0)) & (!(17 | 18))] 0
[(!(0 | ((2 | ((4 | (5 | ((7 | (8 | (((11 | (12 | (13 | 14))) | !10) | !9))) | !6))) | !3)) | !1))) & (t)] 0
[(!(0 | ((2 | ((4 | (5 | ((7 | (8 | (((11 | (12 | (13 | !14))) | !10) | !9))) | !6))) | !3)) | !1))) & (t)] 0
[(!(0 | (((3 | (4 | (5 | (6 | (7 | (8 | (((11 | (12 | !(13 & (14 & 15)))) | !10) | !9))))))) | !2) | !1))) & (!(17 | 18))] 0
[(!(0 | (((3 | (4 | (5 | (6 | (7 | (8 | (((11 | !(12 & (13 & (14 & 15)))) | !10) | !9))))))) | !2) | !1))) & (!(17 | 18))] 0
[(!(0 | (1 | (2 | ((4 | (((7 | (8 | ((10 | (11 | ((13 | 14) | !12))) | !9))) | !6) | !5)) | !3))))) & (!(17 | !18))] 1
[(!(0 | (1 | (2 | ((4 | (((7 | (8 | ((10 | (11 | ((13 | !14) | !12))) | !9))) | !6) | !5)) | !3))))) & (!(17 | 18))] 1
[(!(0 | (1 | (2 | (((5 | ((7 | (8 | (9 | (10 | (11 | ((13 | 14) | !12)))))) | !6)) | !4) | !3))))) & (!(18 | !17))] 0
[(!(0 | (1 | (2 | (((5 | ((7 | (8 | (9 | (10 | (11 | ((13 | !14) | !12)))))) | !6)) | !4) | !3))))) & (!(17 | 18))] 1
[(!(0 | (1 | (2 | (((5 | ((7 | (8 | (9 | (10 | (11 | ((14 | !13) | !12)))))) | !6)) | !4) | !3))))) & (!(17 | 18))] 1
[(!(0 | (1 | (2 | (((5 | ((7 | (8 | (9 | (10 | (11 | !(12 & (13 & 14))))))) | !6)) | !4) | !3))))) & (!(17 | 18))] 0
[(!(0 | (1 | (2 | ((4 | (5 | ((7 | (8 | (((11 | ((13 | 14) | !12)) | !10) | !9))) | !6))) | !3))))) & (!(17 | 18))] 0
[(!(0 | (1 | (2 | ((4 | (5 | ((7 | (8 | (((11 | ((13 | !14) | !12)) | !10) | !9))) | !6))) | !3))))) & (!(17 | 18))] 1
[(!(0 | (1 | (((4 | (5 | (6 | (7 | (8 | (((11 | ((13 | 14) | !12)) | !10) | !9)))))) | !3) | !2)))) & (t)] 1
[(!(0 | (1 | (((4 | (5 | (6 | (7 | (8 | (((11 | ((13 | (15 | !14)) | !12)) | !10) | !9)))))) | !3) | !2)))) & (!(17 | 18))] 1
[(!(0 | (1 | (((4 | (5 | (6 | (7 | (8 | (((11 | ((13 | !(14 & 15)) | !12)) | !10) | !9)))))) | !3) | !2)))) & (!(17 | 18))] 0
[(!(0 | (1 | ((3 | (4 | (5 | (6 | (7 | (8 | (((11 | (12 | !(13 & (14 & 15)))) | !10) | !9))))))) | !2)))) & (!(17 | 18))] 0
[(!(0 | (1 | ((3 | (4 | (5 | (6 | (7 | (8 | (((11 | !(12 & (13 & (14 & 15)))) | !10) | !9))))))) | !2)))) & (!(17 | 18))] 0
[(!(0 | (((3 | (4 | (5 | (6 | (7 | (8 | (((11 | (12 | (13 | 14))) | !10) | !9))))))) | !2) | !1))) & (t)] 1
[(!(0 | (((3 | (4 | (5 | (6 | (7 | (8 | (((11 | (12 | (13 | (15 | !14)))) | !10) | !9))))))) | !2) | !1))) & (!(17 | 18))] 0
[(!(0 | (((3 | (4 | (5 | (6 | (7 | (8 | (((11 | (12 | (13 | !(14 & 15)))) | !10) | !9))))))) | !2) | !1))) & (!(17 | 18))] 0
[(!(0 | (((3 | (4 | (5 | (6 | (7 | (8 | (((11 | ((13 | 14) | !12)) | !10) | !9))))))) | !2) | !1))) & (t)] 0
[(!(0 | (((3 | (4 | (5 | (6 | (7 | (8 | (((11 | ((13 | (15 | !14)) | !12)) | !10) | !9))))))) | !2) | !1))) & (t)] 1
[(!(0 | (((3 | (4 | (5 | (6 | (7 | (8 | (((11 | ((13 | !(14 & 15)) | !12)) | !10) | !9))))))) | !2) | !1))) & (t)] 1
[(!(0 | ((2 | ((4 | (5 | (((8 | ((10 | (11 | ((13 | 14) | !12))) | !9)) | !7) | !6))) | !3)) | !1))) & (t)] 1
[(!(0 | ((2 | ((4 | (5 | (((8 | ((10 | (11 | ((13 | !14) | !12))) | !9)) | !7) | !6))) | !3)) | !1))) & (t)] 0
[(!(0 | (((3 | (4 | (5 | (6 | (((((11 | ((13 | 14) | !12)) | !10) | !9) | !8) | !7))))) | !2) | !1))) & (t)] 0
[(!(0 | (((3 | (4 | (5 | (6 | (((((11 | ((13 | (15 | !14)) | !12)) | !10) | !9) | !8) | !7))))) | !2) | !1))) & (!(17 | 18))] 1
[(!(0 | (((3 | (4 | (5 | (6 | (((((11 | ((13 | !(14 & 15)) | !12)) | !10) | !9) | !8) | !7))))) | !2) | !1))) & (!(17 | 18))] 0
[(!(0 | (1 | (2 | ((4 | (5 | ((7 | (8 | ((10 | (11 | ((13 | 14) | !12))) | !9))) | !6))) | !3))))) & (!(18 | !17))] 0
[(!(0 | (1 | (2 | ((4 | (5 | ((7 | (8 | ((10 | (11 | ((13 | !14) | !12))) | !9))) | !6))) | !3))))) & (!(17 | 18))] 1
[(!(0 | (1 | ((3 | (4 | (5 | (6 | (7 | (8 | (((11 | ((13 | 14) | !12)) | !10) | !9))))))) | !2)))) & (t)] 0
[(!(0 | (1 | ((3 | (4 | (5 | (6 | (7 | (8 | (((11 | ((13 | (15 | !14)) | !12)) | !10) | !9))))))) | !2)))) & (!(17 | 18))] 0
[(!(((2 | ((4 | (5 | ((7 | (8 | (((11 | (12 | (13 | 14))) | !10) | !9))) | !6))) | !3)) | !1) | !0)) & (!(18 | !17))] 0
[(!(((2 | ((4 | (5 | ((7 | (8 | (((11 | (12 | (13 | !14))) | !10) | !9))) | !6))) | !3)) | !1) | !0)) & (!(17 | 18))] 0
[(!((1 | (2 | (((5 | ((7 | (8 | (9 | ((11 | (12 | (13 | 14))) | !10)))) | !6)) | !4) | !3))) | !0)) & (!(18 | !17))] 0
[(!((1 | (2 | (((5 | ((7 | (8 | (9 | ((11 | (12 | (13 | !14))) | !10)))) | !6)) | !4) | !3))) | !0)) & (!(17 | 18))] 1
[(!((1 | (2 | (((5 | ((7 | (8 | (9 | ((11 | ((13 | 14) | !12)) | !10)))) | !6)) | !4) | !3))) | !0)) & (!(17 | 18))] 0
[(!((1 | (2 | (((5 | ((7 | (8 | (9 | ((11 | ((13 | !14) | !12)) | !10)))) | !6)) | !4) | !3))) | !0)) & (!(17 | 18))] 1
[(!((1 | (2 | (((5 | ((7 | (8 | (9 | ((11 | ((14 | !13) | !12)) | !10)))) | !6)) | !4) | !3))) | !0)) & (!(17 | 18))] 1
[(!((1 | (2 | (((5 | ((7 | (8 | (9 | ((11 | !(12 & (13 & 14))) | !10)))) | !6)) | !4) | !3))) | !0)) & (!(17 | 18))] 0
[(!(0 | (1 | (2 | ((4 | (5 | ((7 | (8 | (((11 | (12 | (13 | 14))) | !10) | !9))) | !6))) | !3))))) & (!(18 | !17))] 1
[(!(0 | (1 | (2 | ((4 | (5 | ((7 | (8 | (((11 | (12 | (13 | !14))) | !10) | !9))) | !6))) | !3))))) & (!(17 | 18))] 1
[(!(0 | (1 | ((3 | (4 | (5 | (6 | (7 | (8 | (((11 | (12 | (13 | 14))) | !10) | !9))))))) | !2)))) & (t)] 1
[(!(0 | (1 | ((3 | (4 | (5 | (6 | (7 | (8 | (((11 | (12 | (13 | (15 | !14)))) | !10) | !9))))))) | !2)))) & (!(17 | 18))] 1
[(!(0 | (1 | ((3 | (4 | (5 | (6 | (7 | (8 | (((11 | (12 | (13 | !(14 & 15)))) | !10) | !9))))))) | !2)))) & (!(17 | 18))] 0
[(!(0 | (1 | ((3 | (4 | (5 | (6 | (7 | (8 | (((11 | ((13 | !(14 & 15)) | !12)) | !10) | !9))))))) | !2)))) & (!(17 | 18))] 0
[(!(0 | ((2 | ((4 | (5 | ((((((11 | ((13 | 14) | !12)) | !10) | !9) | !8) | !7) | !6))) | !3)) | !1))) & (!(17 | 18))] 1
[(!(0 | ((2 | ((4 | (5 | ((((((11 | ((13 | !14) | !12)) | !10) | !9) | !8) | !7) | !6))) | !3)) | !1))) & (!(17 | 18))] 1
[(!(0 | ((((4 | (5 | (6 | (((((11 | ((13 | 14) | !12)) | !10) | !9) | !8) | !7)))) | !3) | !2) | !1))) & (t)] 0
[(!(0 | ((((4 | (5 | (6 | (((((11 | ((13 | (15 | !14)) | !12)) | !10) | !9) | !8) | !7)))) | !3) | !2) | !1))) & (t)] 0
[(!(0 | ((((4 | (5 | (6 | (((((11 | ((13 | !(14 & 15)) | !12)) | !10) | !9) | !8) | !7)))) | !3) | !2) | !1))) & (t)] 1
[(!((1 | (2 | ((4 | (5 | ((7 | (8 | (((11 | (12 | (13 | 14))) | !10) | !9))) | !6))) | !3))) | !0)) & (!(18 | !17))] 1
[(!((1 | (2 | ((4 | (5 | ((7 | (8 | (((11 | (12 | (13 | !14))) | !10) | !9))) | !6))) | !3))) | !0)) & (!(17 | 18))] 0
State: 1 "[1]"
[(0 & (1 & (2 | ((4 & (5 | ((7 & (9 | ((11 | !(12 | !13)) | !10)) | !7 & (8 | (9 | ((11 | !(12 | !13)) | !10)))) | !6)) | !4 & (5 | ((7 & (((11 | (12 | 13)) | !10) | !9) | !7 & (8 | (((11 | (12 | 13)) | !10) | !9))) | !6))) | !3)) | !1 & (2 | ((4 & (5 | ((7 | (8 | (9 | ((11 | !(12 | !13)) | !10)))) | !6)) | !4 & (5 | ((7 | (8 | (((11 | (12 | 13)) | !10) | !9))) | !6))) | !3))) | !0 & (1 & (2 & (3 & (4 | (5 | (6 | (7 & (8 & (((11 | !(12 | (14 | !13))) | !10) | !9) | !8 & (((11 | (13 | !12)) | !10) | !9)) | !7 & (8 | (((11 | (13 | !12)) | !10) | !9)))))) | !3 & (4 | (5 | (6 | (7 & (8 & (9 & ((11 | !(12 | (14 | !13))) | !10) | !9 & ((11 | !(12 & 13)) | !10)) | !8 & ((10 & (11 | !(12 | (14 | !13))) | !10 & (11 | !12)) | !9)) | !7 & (8 | ((10 & (11 | !(12 | (14 | !13))) | !10 & (11 | !12)) | !9))))))) | !2 & ((4 & (5 | ((7 | (8 | (9 | (10 | (11 | !12))))) | !6)) | !4 & (5 & ((7 & (8 | (9 | ((13 | !12) | !11))) | !7 & (8 | (9 & (10 | (11 | (13 | !12))) | !9 & ((13 | !12) | !11)))) | !6) | !5 & ((7 & (8 & (((11 | !(12 | !13)) | !10) | !9) | !8 & ((10 & (11 | !(12 | !13)) | !10 & (11 | !12)) | !9)) | !7 & (8 | ((10 & (11 | !(12 | !13)) | !10 & (11 | !12)) | !9))) | !6))) | !3)) | !1 & (2 & (3 & (4 | (5 | (6 | (7 | (8 | (((11 | (13 | !12)) | !10) | !9)))))) | !3 & (4 | (5 | (6 | (7 | (8 | ((10 & (11 | !(12 | (14 | !13))) | !10 & (11 | !12)) | !9))))))) | !2 & ((4 & (5 | ((7 | (8 | (9 | (10 | (11 | !12))))) | !6)) | !4 & (5 & ((7 | (8 | (9 & (10 | (11 | (13 | !12))) | !9 & ((13 | !12) | !11)))) | !6) | !5 & ((7 | (8 | ((10 & (11 | !(12 | !13)) | !10 & (11 | !12)) | !9))) | !6))) | !3)))) & (t)] 0
[(!(0 | (((3 | (4 | (5 | (6 | (((9 | ((11 | ((14 | !13) | !12)) | !10)) | !8) | !7))))) | !2) | !1))) & (t)] 1
[(!(0 | (((3 | (4 | (5 | (6 | (((9 | ((11 | (((15 | !14) | !13) | !12)) | !10)) | !8) | !7))))) | !2) | !1))) & (!(17 | 18))] 1
[(!(0 | (((3 | (4 | (5 | (6 | (((9 | ((11 | !(12 & (13 & (14 & 15)))) | !10)) | !8) | !7))))) | !2) | !1))) & (!(17 | 18))] 0
[(!(0 | ((2 | ((4 | (5 | ((((((11 | ((14 | !13) | !12)) | !10) | !9) | !8) | !7) | !6))) | !3)) | !1))) & (!(17 | 18))] 1
[(!(0 | ((2 | ((4 | (5 | ((((((11 | !(12 & (13 & 14))) | !10) | !9) | !8) | !7) | !6))) | !3)) | !1))) & (!(17 | 18))] 0
[(!(0 | ((((4 | (5 | (6 | (((((11 | ((14 | !13) | !12)) | !10) | !9) | !8) | !7)))) | !3) | !2) | !1))) & (t)] 1
[(!(0 | ((((4 | (5 | (6 | (((((11 | (((15 | !14) | !13) | !12)) | !10) | !9) | !8) | !7)))) | !3) | !2) | !1))) & (!(17 | 18))] 1
[(!(0 | ((((4 | (5 | (6 | (((((11 | !(12 & (13 & (14 & 15)))) | !10) | !9) | !8) | !7)))) | !3) | !2) | !1))) & (!(17 | 18))] 0
[(!(0 | (((3 | (4 | (5 | (6 | ((8 | ((10 | (11 | ((14 | !13) | !12))) | !9)) | !7))))) | !2) | !1))) & (t)] 0
[(!(0 | (((3 | (4 | (5 | (6 | ((8 | ((10 | (11 | (((15 | !14) | !13) | !12))) | !9)) | !7))))) | !2) | !1))) & (t)] 1
[(!(0 | (((3 | (4 | (5 | (6 | ((8 | ((10 | (11 | !(12 & (13 & (14 & 15))))) | !9)) | !7))))) | !2) | !1))) & (t)] 1
[(!(0 | ((2 | ((4 | (5 | (((8 | ((10 | (11 | ((14 | !13) | !12))) | !9)) | !7) | !6))) | !3)) | !1))) & (!(17 | !18))] 0
[(!(0 | ((2 | ((4 | (5 | (((8 | ((10 | (11 | !(12 & (13 & 14)))) | !9)) | !7) | !6))) | !3)) | !1))) & (!(17 | 18))] 1
[(!(0 | (((3 | (4 | (5 | (6 | (((((11 | ((14 | !13) | !12)) | !10) | !9) | !8) | !7))))) | !2) | !1))) & (t)] 1
[(!(0 | (((3 | (4 | (5 | (6 | (((((11 | (((15 | !14) | !13) | !12)) | !10) | !9) | !8) | !7))))) | !2) | !1))) & (t)] 1
[(!(0 | (((3 | (4 | (5 | (6 | (((((11 | !(12 & (13 & (14 & 15)))) | !10) | !9) | !8) | !7))))) | !2) | !1))) & (t)] 1
[(!(0 | (((3 | (4 | (5 | (6 | (7 | (8 | ((10 | (11 | ((14 | !13) | !12))) | !9))))))) | !2) | !1))) & (t)] 0
[(!(0 | (((3 | (4 | (5 | (6 | (7 | (8 | ((10 | (11 | (((15 | !14) | !13) | !12))) | !9))))))) | !2) | !1))) & (t)] 1
[(!(0 | (((3 | (4 | (5 | (6 | (7 | (8 | ((10 | (11 | !(12 & (13 & (14 & 15))))) | !9))))))) | !2) | !1))) & (t)] 1
[(!(((2 | (((5 | ((((9 | ((11 | (12 | (13 | 14))) | !10)) | !8) | !7) | !6)) | !4) | !3)) | !1) | !0)) & (!(18 | !17))] 0
[(!(((2 | (((5 | ((((9 | ((11 | (12 | (13 | !14))) | !10)) | !8) | !7) | !6)) | !4) | !3)) | !1) | !0)) & (!(17 | 18))] 1
[(!(((2 | (((5 | ((((9 | ((11 | ((13 | 14) | !12)) | !10)) | !8) | !7) | !6)) | !4) | !3)) | !1) | !0)) & (!(17 | 18))] 0
[(!(((2 | (((5 | ((((9 | ((11 | ((13 | !14) | !12)) | !10)) | !8) | !7) | !6)) | !4) | !3)) | !1) | !0)) & (!(17 | 18))] 0
[(!(((2 | (((5 | ((((9 | ((11 | ((14 | !13) | !12)) | !10)) | !8) | !7) | !6)) | !4) | !3)) | !1) | !0)) & (!(17 | 18))] 1
[(!(((2 | (((5 | ((((9 | ((11 | !(12 & (13 & 14))) | !10)) | !8) | !7) | !6)) | !4) | !3)) | !1) | !0)) & (!(17 | 18))] 1
[(!(0 | ((2 | ((4 | (5 | ((((((11 | (12 | (13 | 14))) | !10) | !9) | !8) | !7) | !6))) | !3)) | !1))) & (t)] 0
[(!(0 | ((2 | ((4 | (5 | ((((((11 | (12 | (13 | !14))) | !10) | !9) | !8) | !7) | !6))) | !3)) | !1))) & (t)] 1
[(!(0 | ((2 | ((4 | ((((8 | (9 | (10 | (((13 | 14) | !12) | !11)))) | !7) | !6) | !5)) | !3)) | !1))) & (!(17 | 18))] 0
[(!(0 | ((2 | ((4 | ((((8 | (9 | (10 | (((13 | !14) | !12) | !11)))) | !7) | !6) | !5)) | !3)) | !1))) & (!(17 | 18))] 0
[(!(0 | ((2 | ((4 | ((((8 | (9 | ((((13 | 14) | !12) | !11) | !10))) | !7) | !6) | !5)) | !3)) | !1))) & (!(17 | 18))] 0
[(!(0 | ((2 | ((4 | ((((8 | (9 | ((((13 | !14) | !12) | !11) | !10))) | !7) | !6) | !5)) | !3)) | !1))) & (!(17 | 18))] 1
[(!(0 | ((2 | ((4 | (5 | ((7 | (8 | ((10 | (11 | ((14 | !13) | !12))) | !9))) | !6))) | !3)) | !1))) & (!(17 | 18))] 1
[(!(0 | ((2 | ((4 | (5 | ((7 | (8 | ((10 | (11 | !(12 & (13 & 14)))) | !9))) | !6))) | !3)) | !1))) & (!(17 | 18))] 0
[(!(0 | (((3 | (4 | (5 | (6 | ((8 | (((11 | ((14 | !13) | !12)) | !10) | !9)) | !7))))) | !2) | !1))) & (t)] 1
[(!(0 | (((3 | (4 | (5 | (6 | ((8 | (((11 | (((15 | !14) | !13) | !12)) | !10) | !9)) | !7))))) | !2) | !1))) & (t)] 0
[(!(0 | (((3 | (4 | (5 | (6 | ((8 | (((11 | !(12 & (13 & (14 & 15)))) | !10) | !9)) | !7))))) | !2) | !1))) & (t)] 0
[(!(0 | (1 | ((3 | (4 | (5 | (6 | (7 | (8 | ((10 | (11 | ((14 | !13) | !12))) | !9))))))) | !2)))) & (t)] 0
[(!(0 | (1 | ((3 | (4 | (5 | (6 | (7 | (8 | ((10 | (11 | (((15 | !14) | !13) | !12))) | !9))))))) | !2)))) & (t)] 0
[(!(0 | (1 | ((3 | (4 | (5 | (6 | (7 | (8 | ((10 | (11 | !(12 & (13 & (14 & 15))))) | !9))))))) | !2)))) & (t)] 1
[(!(((2 | ((4 | (5 | ((((((11 | (12 | (13 | 14))) | !10) | !9) | !8) | !7) | !6))) | !3)) | !1) | !0)) & (!(18 | !17))] 1
[(!(((2 | ((4 | (5 | ((((((11 | (12 | (13 | !14))) | !10) | !9) | !8) | !7) | !6))) | !3)) | !1) | !0)) & (!(17 | 18))] 1
[(!(0 | ((2 | ((4 | (5 | (((8 | (((11 | ((13 | 14) | !12)) | !10) | !9)) | !7) | !6))) | !3)) | !1))) & (!(17 | 18))] 0
[(!(0 | ((2 | ((4 | (5 | (((8 | (((11 | ((13 | !14) | !12)) | !10) | !9)) | !7) | !6))) | !3)) | !1))) & (!(17 | 18))] 0
[(!(0 | ((((4 | (5 | (6 | ((8 | (((11 | ((13 | 14) | !12)) | !10) | !9)) | !7)))) | !3) | !2) | !1))) & (t)] 0
[(!(0 | ((((4 | (5 | (6 | ((8 | (((11 | ((13 | (15 | !14)) | !12)) | !10) | !9)) | !7)))) | !3) | !2) | !1))) & (!(17 | 18))] 0
[(!(0 | ((((4 | (5 | (6 | ((8 | (((11 | ((13 | !(14 & 15)) | !12)) | !10) | !9)) | !7)))) | !3) | !2) | !1))) & (!(17 | 18))] 1
[(!(0 | ((2 | ((4 | (((7 | (8 | (9 | (10 | (((13 | 14) | !12) | !11))))) | !6) | !5)) | !3)) | !1))) & (!(17 | !18))] 1
[(!(0 | ((2 | ((4 | (((7 | (8 | (9 | (10 | (((13 | !14) | !12) | !11))))) | !6) | !5)) | !3)) | !1))) & (!(17 | 18))] 0
[(!(0 | ((2 | ((4 | (((7 | (8 | (9 | ((((13 | 14) | !12) | !11) | !10)))) | !6) | !5)) | !3)) | !1))) & (!(17 | 18))] 1
[(!(0 | ((2 | ((4 | (((7 | (8 | (9 | ((((13 | !14) | !12) | !11) | !10)))) | !6) | !5)) | !3)) | !1))) & (!(17 | 18))] 0
[(!(0 | ((2 | ((4 | (5 | (((8 | (((11 | ((14 | !13) | !12)) | !10) | !9)) | !7) | !6))) | !3)) | !1))) & (!(17 | 18))] 1
[(!(0 | ((2 | ((4 | (5 | (((8 | (((11 | !(12 & (13 & 14))) | !10) | !9)) | !7) | !6))) | !3)) | !1))) & (!(17 | 18))] 1
[(!(0 | (((3 | (4 | (5 | (6 | (((((11 | (12 | ((15 | !14) | !13))) | !10) | !9) | !8) | !7))))) | !2) | !1))) & (t)] 0
[(!(0 | (((3 | (4 | (5 | (6 | (((((11 | (12 | !(13 & (14 & 15)))) | !10) | !9) | !8) | !7))))) | !2) | !1))) & (t)] 1
[(!(0 | (1 | (2 | ((4 | (5 | ((7 | (8 | ((10 | (11 | ((14 | !13) | !12))) | !9))) | !6))) | !3))))) & (!(17 | 18))] 1
[(!(0 | (1 | (2 | ((4 | (5 | ((7 | (8 | ((10 | (11 | !(12 & (13 & 14)))) | !9))) | !6))) | !3))))) & (!(17 | 18))] 0
[(!(0 | (1 | ((3 | (4 | (5 | (6 | (7 | (8 | (((11 | ((14 | !13) | !12)) | !10) | !9))))))) | !2)))) & (t)] 0
[(!(0 | (1 | ((3 | (4 | (5 | (6 | (7 | (8 | (((11 | (((15 | !14) | !13) | !12)) | !10) | !9))))))) | !2)))) & (t)] 0
[(!(0 | (((3 | (4 | (5 | (6 | (7 | (8 | (((11 | ((14 | !13) | !12)) | !10) | !9))))))) | !2) | !1))) & (t)] 1
[(!(0 | (((3 | (4 | (5 | (6 | (7 | (8 | (((11 | (((15 | !14) | !13) | !12)) | !10) | !9))))))) | !2) | !1))) & (t)] 1
[(!(((2 | (((5 | (((8 | (9 | ((11 | (12 | (13 | 14))) | !10))) | !7) | !6)) | !4) | !3)) | !1) | !0)) & (!(18 | !17))] 0
[(!(((2 | (((5 | (((8 | (9 | ((11 | (12 | (13 | !14))) | !10))) | !7) | !6)) | !4) | !3)) | !1) | !0)) & (!(17 | 18))] 1
[(!(((2 | (((5 | (((8 | (9 | ((11 | ((13 | 14) | !12)) | !10))) | !7) | !6)) | !4) | !3)) | !1) | !0)) & (!(17 | 18))] 0
[(!(((2 | (((5 | (((8 | (9 | ((11 | ((13 | !14) | !12)) | !10))) | !7) | !6)) | !4) | !3)) | !1) | !0)) & (!(17 | 18))] 0
[(!(((2 | (((5 | (((8 | (9 | ((11 | ((14 | !13) | !12)) | !10))) | !7) | !6)) | !4) | !3)) | !1) | !0)) & (!(17 | 18))] 1
[(!(((2 | (((5 | (((8 | (9 | ((11 | !(12 & (13 & 14))) | !10))) | !7) | !6)) | !4) | !3)) | !1) | !0)) & (!(17 | 18))] 1
[(!(0 | ((2 | ((4 | (5 | (((8 | (((11 | (12 | (13 | 14))) | !10) | !9)) | !7) | !6))) | !3)) | !1))) & (!(18 | !17))] 0
[(!(0 | ((2 | ((4 | (5 | (((8 | (((11 | (12 | (13 | !14))) | !10) | !9)) | !7) | !6))) | !3)) | !1))) & (!(17 | 18))] 1
[(!(0 | (((3 | (4 | (5 | (6 | (((((11 | (12 | (13 | 14))) | !10) | !9) | !8) | !7))))) | !2) | !1))) & (t)] 0
[(!(0 | (((3 | (4 | (5 | (6 | (((((11 | (12 | (13 | (15 | !14)))) | !10) | !9) | !8) | !7))))) | !2) | !1))) & (t)] 0
[(!(0 | (((3 | (4 | (5 | (6 | (((((11 | (12 | (13 | !(14 & 15)))) | !10) | !9) | !8) | !7))))) | !2) | !1))) & (t)] 1
[(!(0 | (((3 | (4 | (5 | (6 | (7 | (8 | ((10 | (11 | ((13 | 14) | !12))) | !9))))))) | !2) | !1))) & (t)] 1
[(!(0 | (((3 | (4 | (5 | (6 | (7 | (8 | ((10 | (11 | ((13 | (15 | !14)) | !12))) | !9))))))) | !2) | !1))) & (!(17 | 18))] 0
[(!(0 | (((3 | (4 | (5 | (6 | (7 | (8 | ((10 | (11 | ((13 | !(14 & 15)) | !12))) | !9))))))) | !2) | !1))) & (!(17 | 18))] 0
[(!(0 | ((2 | ((4 | (((7 | (8 | ((10 | (11 | ((13 | 14) | !12))) | !9))) | !6) | !5)) | !3)) | !1))) & (!(17 | !18))] 0
[(!(0 | ((2 | ((4 | (((7 | (8 | ((10 | (11 | ((13 | !14) | !12))) | !9))) | !6) | !5)) | !3)) | !1))) & (!(17 | 18))] 0
[(!(0 | ((2 | (((5 | ((7 | (8 | (9 | (10 | (11 | ((13 | 14) | !12)))))) | !6)) | !4) | !3)) | !1))) & (t)] 0
[(!(0 | ((2 | (((5 | ((7 | (8 | (9 | (10 | (11 | ((13 | !14) | !12)))))) | !6)) | !4) | !3)) | !1))) & (t)] 1
[(!(0 | ((2 | (((5 | ((7 | (8 | (9 | (10 | (11 | ((14 | !13) | !12)))))) | !6)) | !4) | !3)) | !1))) & (t)] 1
[(!(0 | ((2 | (((5 | ((7 | (8 | (9 | (10 | (11 | !(12 & (13 & 14))))))) | !6)) | !4) | !3)) | !1))) & (t)] 0
[(!(0 | ((2 | ((4 | (5 | ((7 | (8 | (((11 | ((13 | 14) | !12)) | !10) | !9))) | !6))) | !3)) | !1))) & (!(17 | 18))] 0
[(!(0 | ((2 | ((4 | (5 | ((7 | (8 | (((11 | ((13 | !14) | !12)) | !10) | !9))) | !6))) | !3)) | !1))) & (!(17 | 18))] 0
[(!(0 | ((((4 | (5 | (6 | (7 | (8 | (((11 | ((13 | 14) | !12)) | !10) | !9)))))) | !3) | !2) | !1))) & (t)] 0
[(!(0 | ((((4 | (5 | (6 | (7 | (8 | (((11 | ((13 | (15 | !14)) | !12)) | !10) | !9)))))) | !3) | !2) | !1))) & (t)] 0
[(!(0 | ((((4 | (5 | (6 | (7 | (8 | (((11 | ((13 | !(14 & 15)) | !12)) | !10) | !9)))))) | !3) | !2) | !1))) & (t)] 1
[(!(0 | ((((4 | (5 | (6 | (((((11 | (12 | ((15 | !14) | !13))) | !10) | !9) | !8) | !7)))) | !3) | !2) | !1))) & (t)] 0
[(!(0 | ((((4 | (5 | (6 | (((((11 | (12 | !(13 & (14 & 15)))) | !10) | !9) | !8) | !7)))) | !3) | !2) | !1))) & (t)] 0
[(!(0 | (((3 | (4 | (5 | (6 | ((8 | (((11 | (12 | ((15 | !14) | !13))) | !10) | !9)) | !7))))) | !2) | !1))) & (t)] 1
[(!(0 | (((3 | (4 | (5 | (6 | ((8 | (((11 | (12 | !(13 & (14 & 15)))) | !10) | !9)) | !7))))) | !2) | !1))) & (t)] 1
[(!(0 | (1 | (2 | ((4 | (((7 | (8 | (9 | (10 | (((13 | 14) | !12) | !11))))) | !6) | !5)) | !3))))) & (!(17 | !18))] 1
[(!(0 | (1 | (2 | ((4 | (((7 | (8 | (9 | (10 | (((13 | !14) | !12) | !11))))) | !6) | !5)) | !3))))) & (!(17 | 18))] 0
[(!(0 | (1 | (2 | ((4 | (((7 | (8 | (9 | ((((13 | 14) | !12) | !11) | !10)))) | !6) | !5)) | !3))))) & (!(17 | 18))] 1
[(!(0 | (1 | (2 | ((4 | (((7 | (8 | (9 | ((((13 | !14) | !12) | !11) | !10)))) | !6) | !5)) | !3))))) & (!(17 | 18))] 1
[(!(0 | (1 | (2 | ((4 | (5 | ((7 | (8 | (((11 | ((14 | !13) | !12)) | !10) | !9))) | !6))) | !3))))) & (t)] 0
[(!(0 | (1 | (2 | ((4 | (5 | ((7 | (8 | (((11 | !(12 & (13 & 14))) | !10) | !9))) | !6))) | !3))))) & (t)] 0
[(!(0 | (1 | ((3 | (4 | (5 | (6 | (7 | (8 | (((11 | (12 | ((15 | !14) | !13))) | !10) | !9))))))) | !2)))) & (t)] 1
[(!(0 | (((3 | (4 | (5 | (6 | (7 | (8 | (((11 | (12 | ((15 | !14) | !13))) | !10) | !9))))))) | !2) | !1))) & (t)] 0
[(!(0 | ((2 | ((4 | (5 | ((7 | (8 | (((11 | ((14 | !13) | !12)) | !10) | !9))) | !6))) | !3)) | !1))) & (!(17 | 18))] 1
[(!(0 | ((2 | ((4 | (5 | ((7 | (8 | (((11 | !(12 & (13 & 14))) | !10) | !9))) | !6))) | !3)) | !1))) & (!(17 | 18))] 0
[(!(((2 | ((4 | (5 | (((8 | (((11 | (12 | (13 | 14))) | !10) | !9)) | !7) | !6))) | !3)) | !1) | !0)) & (!(18 | !17))] 0
[(!(((2 | ((4 | (5 | (((8 | (((11 | (12 | (13 | !14))) | !10) | !9)) | !7) | !6))) | !3)) | !1) | !0)) & (!(17 | 18))] 0
[(!(0 | ((((4 | (5 | (6 | (((((11 | (12 | (13 | 14))) | !10) | !9) | !8) | !7)))) | !3) | !2) | !1))) & (t)] 1
[(!(0 | ((((4 | (5 | (6 | (((((11 | (12 | (13 | (15 | !14)))) | !10) | !9) | !8) | !7)))) | !3) | !2) | !1))) & (t)] 0
[(!(0 | ((((4 | (5 | (6 | (((((11 | (12 | (13 | !(14 & 15)))) | !10) | !9) | !8) | !7)))) | !3) | !2) | !1))) & (t)] 1
[(!(0 | (((3 | (4 | (5 | (6 | ((8 | (((11 | (12 | (13 | 14))) | !10) | !9)) | !7))))) | !2) | !1))) & (t)] 1
[(!(0 | (((3 | (4 | (5 | (6 | ((8 | (((11 | (12 | (13 | (15 | !14)))) | !10) | !9)) | !7))))) | !2) | !1))) & (t)] 1
[(!(0 | (((3 | (4 | (5 | (6 | ((8 | (((11 | (12 | (13 | !(14 & 15)))) | !10) | !9)) | !7))))) | !2) | !1))) & (t)] 0
[(!(0 | (((3 | (4 | (5 | (6 | ((8 | (((11 | ((13 | 14) | !12)) | !10) | !9)) | !7))))) | !2) | !1))) & (t)] 1
[(!(0 | (((3 | (4 | (5 | (6 | ((8 | (((11 | ((13 | (15 | !14)) | !12)) | !10) | !9)) | !7))))) | !2) | !1))) & (t)] 1
[(!(0 | (((3 | (4 | (5 | (6 | ((8 | (((11 | ((13 | !(14 & 15)) | !12)) | !10) | !9)) | !7))))) | !2) | !1))) & (t)] 0
[(!(0 | ((2 | ((4 | (5 | ((7 | (8 | ((10 | (11 | ((13 | 14) | !12))) | !9))) | !6))) | !3)) | !1))) & (!(18 | !17))] 0
[(!(0 | ((2 | ((4 | (5 | ((7 | (8 | ((10 | (11 | ((13 | !14) | !12))) | !9))) | !6))) | !3)) | !1))) & (!(17 | 18))] 0
[(!(0 | (((3 | (4 | (5 | (6 | ((8 | ((10 | (11 | ((13 | 14) | !12))) | !9)) | !7))))) | !2) | !1))) & (t)] 1
[(!(0 | (((3 | (4 | (5 | (6 | ((8 | ((10 | (11 | ((13 | (15 | !14)) | !12))) | !9)) | !7))))) | !2) | !1))) & (t)] 1
[(!(0 | (((3 | (4 | (5 | (6 | ((8 | ((10 | (11 | ((13 | !(14 & 15)) | !12))) | !9)) | !7))))) | !2) | !1))) & (t)] 0
[(!(0 | (1 | ((3 | (4 | (5 | (6 | (7 | (8 | ((10 | (11 | ((13 | 14) | !12))) | !9))))))) | !2)))) & (t)] 0
[(!(0 | (1 | ((3 | (4 | (5 | (6 | (7 | (8 | ((10 | (11 | ((13 | (15 | !14)) | !12))) | !9))))))) | !2)))) & (!(17 | 18))] 1
[(!(0 | (1 | ((3 | (4 | (5 | (6 | (7 | (8 | ((10 | (11 | ((13 | !(14 & 15)) | !12))) | !9))))))) | !2)))) & (!(17 | 18))] 0
[(!(((2 | (((5 | ((7 | (8 | (9 | ((11 | (12 | (13 | 14))) | !10)))) | !6)) | !4) | !3)) | !1) | !0)) & (!(18 | !17))] 0
[(!(((2 | (((5 | ((7 | (8 | (9 | ((11 | (12 | (13 | !14))) | !10)))) | !6)) | !4) | !3)) | !1) | !0)) & (!(17 | 18))] 0
[(!(((2 | (((5 | ((7 | (8 | (9 | ((11 | ((13 | 14) | !12)) | !10)))) | !6)) | !4) | !3)) | !1) | !0)) & (!(17 | 18))] 0
[(!(((2 | (((5 | ((7 | (8 | (9 | ((11 | ((13 | !14) | !12)) | !10)))) | !6)) | !4) | !3)) | !1) | !0)) & (!(17 | 18))] 0
[(!(((2 | (((5 | ((7 | (8 | (9 | ((11 | ((14 | !13) | !12)) | !10)))) | !6)) | !4) | !3)) | !1) | !0)) & (!(17 | 18))] 0
[(!(((2 | (((5 | ((7 | (8 | (9 | ((11 | !(12 & (13 & 14))) | !10)))) | !6)) | !4) | !3)) | !1) | !0)) & (!(17 | 18))] 0
[(!(0 | ((2 | ((4 | (5 | ((7 | (8 | (((11 | (12 | (13 | 14))) | !10) | !9))) | !6))) | !3)) | !1))) & (!(18 | !17))] 1
[(!(0 | ((2 | ((4 | (5 | ((7 | (8 | (((11 | (12 | (13 | !14))) | !10) | !9))) | !6))) | !3)) | !1))) & (!(17 | 18))] 1
[(!(0 | (((3 | (4 | (5 | (6 | (7 | (8 | (((11 | (12 | !(13 & (14 & 15)))) | !10) | !9))))))) | !2) | !1))) & (t)] 1
[(!(0 | (((3 | (4 | (5 | (6 | (7 | (8 | (((11 | !(12 & (13 & (14 & 15)))) | !10) | !9))))))) | !2) | !1))) & (t)] 0
[(!(0 | (1 | (2 | ((4 | (((7 | (8 | ((10 | (11 | ((13 | 14) | !12))) | !9))) | !6) | !5)) | !3))))) & (!(17 | !18))] 0
[(!(0 | (1 | (2 | ((4 | (((7 | (8 | ((10 | (11 | ((13 | !14) | !12))) | !9))) | !6) | !5)) | !3))))) & (!(17 | 18))] 1
[(!(0 | (1 | (2 | (((5 | ((7 | (8 | (9 | (10 | (11 | ((13 | 14) | !12)))))) | !6)) | !4) | !3))))) & (t)] 0
[(!(0 | (1 | (2 | (((5 | ((7 | (8 | (9 | (10 | (11 | ((13 | !14) | !12)))))) | !6)) | !4) | !3))))) & (t)] 1
[(!(0 | (1 | (2 | (((5 | ((7 | (8 | (9 | (10 | (11 | ((14 | !13) | !12)))))) | !6)) | !4) | !3))))) & (t)] 0
[(!(0 | (1 | (2 | (((5 | ((7 | (8 | (9 | (10 | (11 | !(12 & (13 & 14))))))) | !6)) | !4) | !3))))) & (t)] 0
[(!(0 | (1 | (2 | ((4 | (5 | ((7 | (8 | (((11 | ((13 | 14) | !12)) | !10) | !9))) | !6))) | !3))))) & (!(17 | 18))] 1
[(!(0 | (1 | (2 | ((4 | (5 | ((7 | (8 | (((11 | ((13 | !14) | !12)) | !10) | !9))) | !6))) | !3))))) & (!(17 | 18))] 0
[(!(0 | (1 | (((4 | (5 | (6 | (7 | (8 | (((11 | ((13 | 14) | !12)) | !10) | !9)))))) | !3) | !2)))) & (t)] 0
[(!(0 | (1 | (((4 | (5 | (6 | (7 | (8 | (((11 | ((13 | (15 | !14)) | !12)) | !10) | !9)))))) | !3) | !2)))) & (!(17 | 18))] 1
[(!(0 | (1 | (((4 | (5 | (6 | (7 | (8 | (((11 | ((13 | !(14 & 15)) | !12)) | !10) | !9)))))) | !3) | !2)))) & (!(17 | 18))] 0
[(!(0 | (1 | ((3 | (4 | (5 | (6 | (7 | (8 | (((11 | (12 | !(13 & (14 & 15)))) | !10) | !9))))))) | !2)))) & (t)] 0
[(!(0 | (1 | ((3 | (4 | (5 | (6 | (7 | (8 | (((11 | !(12 & (13 & (14 & 15)))) | !10) | !9))))))) | !2)))) & (t)] 1
[(!(0 | (((3 | (4 | (5 | (6 | (7 | (8 | (((11 | (12 | (13 | 14))) | !10) | !9))))))) | !2) | !1))) & (t)] 1
[(!(0 | (((3 | (4 | (5 | (6 | (7 | (8 | (((11 | (12 | (13 | (15 | !14)))) | !10) | !9))))))) | !2) | !1))) & (!(17 | 18))] 0
[(!(0 | (((3 | (4 | (5 | (6 | (7 | (8 | (((11 | (12 | (13 | !(14 & 15)))) | !10) | !9))))))) | !2) | !1))) & (!(17 | 18))] 0
[(!(0 | (((3 | (4 | (5 | (6 | (7 | (8 | (((11 | ((13 | 14) | !12)) | !10) | !9))))))) | !2) | !1))) & (t)] 0
[(!(0 | (((3 | (4 | (5 | (6 | (7 | (8 | (((11 | ((13 | (15 | !14)) | !12)) | !10) | !9))))))) | !2) | !1))) & (!(17 | 18))] 0
[(!(0 | (((3 | (4 | (5 | (6 | (7 | (8 | (((11 | ((13 | !(14 & 15)) | !12)) | !10) | !9))))))) | !2) | !1))) & (!(17 | 18))] 0
[(!(0 | ((2 | ((4 | (5 | (((8 | ((10 | (11 | ((13 | 14) | !12))) | !9)) | !7) | !6))) | !3)) | !1))) & (!(17 | 18))] 1
[(!(0 | ((2 | ((4 | (5 | (((8 | ((10 | (11 | ((13 | !14) | !12))) | !9)) | !7) | !6))) | !3)) | !1))) & (!(17 | 18))] 0
[(!(0 | (((3 | (4 | (5 | (6 | (((((11 | ((13 | 14) | !12)) | !10) | !9) | !8) | !7))))) | !2) | !1))) & (t)] 1
[(!(0 | (((3 | (4 | (5 | (6 | (((((11 | ((13 | (15 | !14)) | !12)) | !10) | !9) | !8) | !7))))) | !2) | !1))) & (t)] 0
[(!(0 | (((3 | (4 | (5 | (6 | (((((11 | ((13 | !(14 & 15)) | !12)) | !10) | !9) | !8) | !7))))) | !2) | !1))) & (t)] 1
[(!(0 | (1 | (2 | ((4 | (5 | ((7 | (8 | ((10 | (11 | ((13 | 14) | !12))) | !9))) | !6))) | !3))))) & (!(17 | !18))] 0
[(!(0 | (1 | (2 | ((4 | (5 | ((7 | (8 | ((10 | (11 | ((13 | !14) | !12))) | !9))) | !6))) | !3))))) & (!(17 | 18))] 1
[(!(0 | (1 | ((3 | (4 | (5 | (6 | (7 | (8 | (((11 | ((13 | 14) | !12)) | !10) | !9))))))) | !2)))) & (t)] 0
[(!(0 | (1 | ((3 | (4 | (5 | (6 | (7 | (8 | (((11 | ((13 | (15 | !14)) | !12)) | !10) | !9))))))) | !2)))) & (!(17 | 18))] 0
[(!(((2 | ((4 | (5 | ((7 | (8 | (((11 | (12 | (13 | 14))) | !10) | !9))) | !6))) | !3)) | !1) | !0)) & (t)] 1
[(!(((2 | ((4 | (5 | ((7 | (8 | (((11 | (12 | (13 | !14))) | !10) | !9))) | !6))) | !3)) | !1) | !0)) & (t)] 0
[(!((1 | (2 | (((5 | ((7 | (8 | (9 | ((11 | (12 | (13 | 14))) | !10)))) | !6)) | !4) | !3))) | !0)) & (!(18 | !17))] 0
[(!((1 | (2 | (((5 | ((7 | (8 | (9 | ((11 | (12 | (13 | !14))) | !10)))) | !6)) | !4) | !3))) | !0)) & (!(17 | 18))] 0
[(!((1 | (2 | (((5 | ((7 | (8 | (9 | ((11 | ((13 | 14) | !12)) | !10)))) | !6)) | !4) | !3))) | !0)) & (!(17 | 18))] 0
[(!((1 | (2 | (((5 | ((7 | (8 | (9 | ((11 | ((13 | !14) | !12)) | !10)))) | !6)) | !4) | !3))) | !0)) & (!(17 | 18))] 1
[(!((1 | (2 | (((5 | ((7 | (8 | (9 | ((11 | ((14 | !13) | !12)) | !10)))) | !6)) | !4) | !3))) | !0)) & (!(17 | 18))] 1
[(!((1 | (2 | (((5 | ((7 | (8 | (9 | ((11 | !(12 & (13 & 14))) | !10)))) | !6)) | !4) | !3))) | !0)) & (!(17 | 18))] 0
[(!(0 | (1 | (2 | ((4 | (5 | ((7 | (8 | (((11 | (12 | (13 | 14))) | !10) | !9))) | !6))) | !3))))) & (!(18 | !17))] 0
[(!(0 | (1 | (2 | ((4 | (5 | ((7 | (8 | (((11 | (12 | (13 | !14))) | !10) | !9))) | !6))) | !3))))) & (!(17 | 18))] 0
[(!(0 | (1 | ((3 | (4 | (5 | (6 | (7 | (8 | (((11 | (12 | (13 | 14))) | !10) | !9))))))) | !2)))) & (t)] 0
[(!(0 | (1 | ((3 | (4 | (5 | (6 | (7 | (8 | (((11 | (12 | (13 | (15 | !14)))) | !10) | !9))))))) | !2)))) & (!(17 | 18))] 0
[(!(0 | (1 | ((3 | (4 | (5 | (6 | (7 | (8 | (((11 | (12 | (13 | !(14 & 15)))) | !10) | !9))))))) | !2)))) & (!(17 | 18))] 1
[(!(0 | (1 | ((3 | (4 | (5 | (6 | (7 | (8 | (((11 | ((13 | !(14 & 15)) | !12)) | !10) | !9))))))) | !2)))) & (!(17 | 18))] 0
[(!(0 | ((2 | ((4 | (5 | ((((((11 | ((13 | 14) | !12)) | !10) | !9) | !8) | !7) | !6))) | !3)) | !1))) & (t)] 1
[(!(0 | ((2 | ((4 | (5 | ((((((11 | ((13 | !14) | !12)) | !10) | !9) | !8) | !7) | !6))) | !3)) | !1))) & (t)] 1
[(!(0 | ((((4 | (5 | (6 | (((((11 | ((13 | 14) | !12)) | !10) | !9) | !8) | !7)))) | !3) | !2) | !1))) & (t)] 0
[(!(0 | ((((4 | (5 | (6 | (((((11 | ((13 | (15 | !14)) | !12)) | !10) | !9) | !8) | !7)))) | !3) | !2) | !1))) & (!(17 | 18))] 1
[(!(0 | ((((4 | (5 | (6 | (((((11 | ((13 | !(14 & 15)) | !12)) | !10) | !9) | !8) | !7)))) | !3) | !2) | !1))) & (!(17 | 18))] 0
[(!((1 | (2 | ((4 | (5 | ((7 | (8 | (((11 | (12 | (13 | 14))) | !10) | !9))) | !6))) | !3))) | !0)) & (!(18 | !17))] 1
[(!((1 | (2 | ((4 | (5 | ((7 | (8 | (((11 | (12 | (13 | !14))) | !10) | !9))) | !6))) | !3))) | !0)) & (!(17 | 18))] 0
--END--
Synthesis took:  45732.954263687134 ms
