Processing program.
spec contains 2 APs (['q1', 'q0'])
simplified !(((cnt = 0) & finished) | (!roomA & grantB & !grantA & (cnt > 0)) | (roomA & grantA & !grantB & (cnt > 0))) (len 108) to ((!finished & !((!(!grantB | ((!(0 < cnt) | (roomA & (0 < cnt))) & grantB)) & !grantA) | (!(grantB | (!grantB & (!(0 < cnt) | (!roomA & (0 < cnt))))) & grantA))) | (finished & !((grantA & ((((!(0 < cnt) & (cnt = 0)) | ((((cnt = 0) & !roomA) | roomA) & (0 < cnt))) & !grantB) | ((cnt = 0) & grantB))) | (!grantA & (((cnt = 0) & !grantB) | (((!(0 < cnt) & (cnt = 0)) | (((roomA & (cnt = 0)) | !roomA) & (0 < cnt))) & grantB)))))) (len 427)
((!finished & !((!(!grantB | ((!(0 < cnt) | (roomA & (0 < cnt))) & grantB)) & !grantA) | (!(grantB | (!grantB & (!(0 < cnt) | (!roomA & (0 < cnt))))) & grantA))) | (finished & !((grantA & ((((!(0 < cnt) & (cnt = 0)) | ((((cnt = 0) & !roomA) | roomA) & (0 < cnt))) & !grantB) | ((cnt = 0) & grantB))) | (!grantA & (((cnt = 0) & !grantB) | (((!(0 < cnt) & (cnt = 0)) | (((roomA & (cnt = 0)) | !roomA) & (0 < cnt))) & grantB))))))
simplified !((!request & !changeRoom) | (!request & changeRoom) | (redrequest & request & !changeRoom) | (request & !redrequest & !changeRoom)) (len 132) to (request & changeRoom) (len 22)
(request & changeRoom)
Starting abstract synthesis loop.
adding roomA to predicate abstraction
constructing LTL abstraction
ltl abstraction took: 0.0008919239044189453
running LTL synthesis
massaging abstract counterstrategy
checking for compatibility of counterstrategy with program
trying fairness refinement
trying safety refinement
adding (cnt >= 0), (cnt <= 0) to predicate abstraction
constructing LTL abstraction
ltl abstraction took: 0.0009722709655761719
running LTL synthesis
massaging abstract counterstrategy
checking for compatibility of counterstrategy with program
Unrealizable.
digraph MooreMachine {
	graph [nodesep=0.5 overlap=scalexy ranksep=0.8 splines=true]
	node [shape=circle]
	edge [fontname=mono]
	init [label="" shape=point]
	st_2 [label="(!pred__cnt_GTEQ_0_ & !q0 & pred_roomA & pred__cnt_LTEQ_0_ & q1)"]
	st_1 [label="(!pred__cnt_GTEQ_0_ & !q1 & !changeRoom & !request & pred__cnt_LTEQ_0_ & pred_roomA & q0)"]
	st_0 [label="(!q1 & !changeRoom & redrequest & request & pred__cnt_LTEQ_0_ & pred_roomA & q0 & pred__cnt_GTEQ_0_)"]
	init -> st_0 [style=solid]
	st_0 -> st_1 [label=TRUE]
	st_1 -> st_2 [label=TRUE]
	st_2 -> st_2 [label=TRUE]
}
Synthesis took:  1934.6144199371338 ms
