Processing program.
spec contains 8 APs (['(0 <= (x0 - x1))', '(((x1 - x0) + (y0 - y1)) > 2)', '(((x0 - x1) + (y0 - y1)) > 2)', '(((x0 - x1) + (y1 - y0)) > 2)', '(0 <= (y1 - y0))', '(0 <= (y0 - y1))', '(0 <= (x1 - x0))', '(((x1 - x0) + (y1 - y0)) > 2)'])
Starting abstract synthesis loop.
adding (2 <= ((x1 - x0) + (y0 - y1))), (((x1 - x0) + (y1 - y0)) <= 2), (((x0 - x1) + (y0 - y1)) <= 2), (0 <= (x0 - x1)), (0 <= (y1 - y0)), (2 <= ((x0 - x1) + (y1 - y0))), (((x0 - x1) + (y1 - y0)) <= 2), (2 <= ((x0 - x1) + (y0 - y1))), (((x1 - x0) + (y0 - y1)) <= 2), (0 <= (y0 - y1)), (0 <= (x1 - x0)), (2 <= ((x1 - x0) + (y1 - y0))) to predicate abstraction
constructing LTL abstraction
ltl abstraction took: 0.002652883529663086
running LTL synthesis
Realizable.
REALIZABLE
HOA: v1
tool: "strix" "21.0.0"
States: 1
Start: 0
AP: 23 "env" "con" "unsafe" "pred__2_LTEQ___x0_MINUS_x1__PLUS__y1_MINUS_y0___" "pred__0_LTEQ__y1_MINUS_y0__" "pred__2_LTEQ___x1_MINUS_x0__PLUS__y0_MINUS_y1___" "pred__2_LTEQ___x0_MINUS_x1__PLUS__y0_MINUS_y1___" "pred__2_LTEQ___x1_MINUS_x0__PLUS__y1_MINUS_y0___" "pred____x0_MINUS_x1__PLUS__y1_MINUS_y0___LTEQ_2_" "pred__0_LTEQ__y0_MINUS_y1__" "pred__0_LTEQ__x0_MINUS_x1__" "pred____x0_MINUS_x1__PLUS__y0_MINUS_y1___LTEQ_2_" "pred__0_LTEQ__x1_MINUS_x0__" "pred____x1_MINUS_x0__PLUS__y1_MINUS_y0___LTEQ_2_" "pred____x1_MINUS_x0__PLUS__y0_MINUS_y1___LTEQ_2_" "decy" "incy" "decx" "incx" "decyc" "incyc" "decxc" "incxc"
controllable-AP: 19 20 21 22
acc-name: all
Acceptance: 0 t
--BODY--
State: 0 "[0]"
[(0 & (1 | (2 | (3 | ((5 | (6 | (7 | !(8 & (9 & (10 & (11 & (12 & (13 & 14))))))))) | !4)))) | !0 & ((2 | (3 & ((5 | (6 | (7 | ((9 & (((12 | !(13 & 14)) | !11) | !10) | !9 & !(10 & (11 & (13 & 14)))) | !8)))) | !4) | !3 & (4 & (5 & (6 | (7 | (((10 | !(11 & (12 & (13 & 14)))) | !9) | !8))) | !5 & (6 & (7 | (((((12 | !(13 & 14)) | !11) | !10) | !9) | !8)) | !6 & (7 & ((9 & (10 | !(11 & (12 & (13 & 14)))) | !9 & !(11 & (12 & (13 & 14)))) | !8) | !7 & !(8 & (9 & (10 & (11 & (13 & 14)) | !10 & (11 & (12 & (13 & 14)))) | !9 & (10 & (11 & (12 & (13 & 14))))))))) | !4 & (5 & (6 | (7 | !(8 & (9 & (11 & (12 & (13 & 14))))))) | !5 & (6 & (7 | !(8 & (9 & (10 & (11 & (13 & 14)))))) | !6 & (7 | !(8 & (9 & (10 & (11 & (12 & (13 & 14)))))))))))) | !1)) & (t)] 0
[(!((1 | (2 | (3 | ((5 | (6 | (7 | !(8 & (9 & (10 & (11 & (12 & (13 & (14 & (15 & (16 & (17 & 18 | !17 & !18)) | !15 & !(16 | !(17 & 18 | !17 & !18))))))))))))) | !4)))) | !0)) & (t)] 0
[(!((1 | (2 | (3 | ((5 | (6 | (7 | ((((((((15 & ((17 | !18) | !16) | !15 & (16 | (17 | !18))) | !14) | !13) | !12) | !11) | !10) | !9) | !8)))) | !4)))) | !0)) & (t)] 0
[(!((1 | (2 | (3 | ((5 | (6 | (7 | ((((((((15 & ((18 | !17) | !16) | !15 & (16 | (18 | !17))) | !14) | !13) | !12) | !11) | !10) | !9) | !8)))) | !4)))) | !0)) & (t)] 0
[(!((1 | (2 | (3 | ((5 | (6 | (7 | ((((((((15 | !(16 & (17 & 18 | !17 & !18))) | !14) | !13) | !12) | !11) | !10) | !9) | !8)))) | !4)))) | !0)) & (t)] 0
[(!((1 | (2 | (3 | ((5 | (6 | (7 | ((((((((15 | ((17 | !18) | !16)) | !14) | !13) | !12) | !11) | !10) | !9) | !8)))) | !4)))) | !0)) & (t)] 0
[(!((1 | (2 | (3 | ((5 | (6 | (7 | ((((((((15 | ((18 | !17) | !16)) | !14) | !13) | !12) | !11) | !10) | !9) | !8)))) | !4)))) | !0)) & (t)] 0
[(!((1 | (2 | (3 | ((5 | (6 | (7 | (((((((((16 | !(17 & 18 | !17 & !18)) | !15) | !14) | !13) | !12) | !11) | !10) | !9) | !8)))) | !4)))) | !0)) & (t)] 0
[(!((1 | (2 | (3 | ((5 | (6 | (7 | (((((((((16 | (17 | !18)) | !15) | !14) | !13) | !12) | !11) | !10) | !9) | !8)))) | !4)))) | !0)) & (t)] 0
[(!((1 | (2 | (3 | ((5 | (6 | (7 | (((((((((16 | (18 | !17)) | !15) | !14) | !13) | !12) | !11) | !10) | !9) | !8)))) | !4)))) | !0)) & (t)] 0
[(!(0 | ((2 | (3 | ((5 | (6 | (7 | !(8 & (9 & (10 & (11 & (12 & (13 & 14))))))))) | !4))) | !1))) & (19 & (20 & (21 & 22)))] 0
[(!(0 | ((2 | (3 | ((5 | (6 | (7 | (((((12 | !(13 & 14)) | !11) | !10) | !9) | !8)))) | !4))) | !1))) & (!(((21 | !22) | !20) | !19))] 0
[(!(0 | ((2 | (3 | ((5 | (6 | (7 | (((10 | !(11 & (12 & (13 & 14)))) | !9) | !8)))) | !4))) | !1))) & (!(((22 | !21) | !20) | !19))] 0
[(!(0 | ((2 | (3 | (4 | (5 | (6 | (7 | !(8 & (9 & (10 & (11 & (12 & (13 & 14)))))))))))) | !1))) & (!(19 | !(20 & (21 & 22))))] 0
[(!(0 | ((2 | (3 | (4 | (5 | ((7 | (((((12 | !(13 & 14)) | !11) | !10) | !9) | !8)) | !6))))) | !1))) & (!(19 | ((21 | !22) | !20)))] 0
[(!(0 | ((2 | (3 | (4 | ((6 | (7 | (((10 | !(11 & (12 & (13 & 14)))) | !9) | !8))) | !5)))) | !1))) & (!(19 | ((22 | !21) | !20)))] 0
[(!(0 | ((2 | (3 | ((5 | (6 | (7 | ((9 | !(10 & (11 & (12 & (13 & 14))))) | !8)))) | !4))) | !1))) & (!((20 | !(21 & 22)) | !19))] 0
[(!(0 | ((2 | (((5 | (6 | (7 | ((9 | (((12 | !(13 & 14)) | !11) | !10)) | !8)))) | !4) | !3)) | !1))) & (!((20 | (21 | !22)) | !19))] 0
[(!(0 | ((2 | (3 | ((5 | (6 | (((9 | (10 | !(11 & (12 & (13 & 14))))) | !8) | !7))) | !4))) | !1))) & (!((20 | (22 | !21)) | !19))] 0
[(!(0 | ((2 | (3 | ((5 | ((7 | (((((12 | !(13 & 14)) | !11) | !10) | !9) | !8)) | !6)) | !4))) | !1))) & (!(20 | !19))] 0
[(!(0 | ((2 | (((5 | (6 | (7 | (((((12 | !(13 & 14)) | !11) | !10) | !9) | !8)))) | !4) | !3)) | !1))) & (!(20 | !19))] 0
[(!(0 | ((2 | (3 | ((5 | (6 | ((((10 | !(11 & (12 & (13 & 14)))) | !9) | !8) | !7))) | !4))) | !1))) & (!(20 | !19))] 0
[(!(0 | ((2 | (3 | (((6 | (7 | (((10 | !(11 & (12 & (13 & 14)))) | !9) | !8))) | !5) | !4))) | !1))) & (!(20 | !19))] 0
[(!(0 | ((2 | (3 | (4 | (5 | ((7 | !(8 & (9 & (10 & (11 & (12 & (13 & 14))))))) | !6))))) | !1))) & (!(22 | !21))] 0
[(!(0 | ((2 | (3 | (4 | ((6 | (7 | !(8 & (9 & (10 & (11 & (12 & (13 & 14)))))))) | !5)))) | !1))) & (!(22 | !21))] 0
[(!(0 | ((2 | (3 | ((5 | (6 | (((9 | !(10 & (11 & (12 & (13 & 14))))) | !8) | !7))) | !4))) | !1))) & (!(22 | !21))] 0
[(!(0 | ((2 | (((5 | (6 | (7 | ((9 | !(10 & (11 & (12 & (13 & 14))))) | !8)))) | !4) | !3)) | !1))) & (!(22 | !21))] 0
--END--
Synthesis took:  226664.40963745117 ms
