Processing program.
spec contains 2 APs (['goal', 'move'])
simplified !FALSE (len 6) to True (len 4)
True
Starting abstract synthesis loop.
adding (x >= 0), (y <= 0), (0 <= y), (x <= 0), (y >= 0), (0 <= x), (x_prev < x), (y_prev < y), (y_prev > y), (x_prev > x) to predicate abstraction
constructing LTL abstraction
ltl abstraction took: 0.0017910003662109375
running LTL synthesis
Realizable.
REALIZABLE
HOA: v1
tool: "strix" "21.0.0"
States: 1
Start: 0
AP: 19 "pred__yprev_GT_y_" "pred__x_GTEQ_0_" "pred__xprev_GT_x_" "pred__0_LTEQ_y_" "pred__x_LTEQ_0_" "pred__y_GTEQ_0_" "pred__y_LTEQ_0_" "goal" "pred__yprev_LT_y_" "pred__0_LTEQ_x_" "move" "pred__xprev_LT_x_" "setvars" "estay" "exory" "einc" "cstay" "xory" "cinc"
controllable-AP: 16 17 18
acc-name: all
Acceptance: 0 t
--BODY--
State: 0 "[0]"
[(0 & (1 & (2 | (3 & (4 & ((6 & (7 | (8 | ((10 | (11 | !12)) | !9))) | !6 & (7 | (8 | ((10 & (11 | 12) | !10 & (11 | !12)) | !9)))) | !5) | !4 & ((7 | (8 | ((10 & (11 | 12) | !10 & (11 | !12)) | !9))) | !5)) | !3 & (5 | ((7 | (8 | ((10 | (11 | !12)) | !9))) | !6)))) | !1 & (2 | (3 & (((7 | (8 | (9 | (10 | (11 | !12))))) | !5) | !4) | !3 & ((5 | ((7 | (8 | (9 | (10 | (11 | !12))))) | !6)) | !4)))) | !0 & (1 & (2 & (3 & (4 & ((7 | (8 | ((10 | (11 | !12)) | !9))) | !5) | !4 & ((6 & (7 | (8 | ((10 & (11 | 12) | !10 & (11 | !12)) | !9))) | !6 & (7 | (8 | ((10 | (11 | !12)) | !9)))) | !5)) | !3 & (5 | ((7 | (8 | ((10 | (11 | !12)) | !9))) | !6))) | !2 & (3 & (4 & ((6 & (7 | (8 & ((10 | (11 | !12)) | !9) | !8 & ((10 | !12) | !9))) | !6 & (7 | (8 & ((10 | (11 | !12)) | !9) | !8 & ((10 & 12 | !10 & !(11 & 12)) | !9)))) | !5) | !4 & ((6 & (7 | (8 & ((10 & (11 | 12) | !10 & (11 | !12)) | !9) | !8 & ((10 & (11 | 12) | !10 & !(11 & 12)) | !9))) | !6 & (7 | (8 & ((10 | (11 | !12)) | !9) | !8 & ((10 & (11 | 12) | !10 & !(11 & 12)) | !9)))) | !5)) | !3 & (4 & (5 | ((7 | (8 & ((10 & (11 | 12) | !10 & (11 | !12)) | !9) | !8 & ((10 & 12 | !10 & !(11 & 12)) | !9))) | !6)) | !4 & (5 | ((7 | (8 & ((10 & (11 | 12) | !10 & (11 | !12)) | !9) | !8 & ((10 & (11 | 12) | !10 & !(11 & 12)) | !9))) | !6))))) | !1 & (2 & (3 & (((7 | (8 | (9 | (10 | (11 | !12))))) | !5) | !4) | !3 & ((5 | ((7 | (8 | (9 | (10 | (11 | !12))))) | !6)) | !4)) | !2 & (3 & (((7 | (8 & (9 | (10 | (11 | !12))) | !8 & (9 | (10 & 12 | !10 & !(11 & 12))))) | !5) | !4) | !3 & ((5 | ((7 | (8 & (9 | (10 | (11 | !12))) | !8 & (9 | (10 & 12 | !10 & !(11 & 12))))) | !6)) | !4))))) & (t)] 0
[(!(0 | ((2 | (((((7 | (8 | ((10 | (11 | (13 | !12))) | !9))) | !6) | !5) | !4) | !3)) | !1))) & (t)] 0
[(!(0 | ((2 | (((((7 | (8 | ((10 | (11 | (((14 | 15) | !13) | !12))) | !9))) | !6) | !5) | !4) | !3)) | !1))) & (t)] 0
[(!(0 | ((2 | (((((7 | (8 | ((10 | (11 | (((14 | !15) | !13) | !12))) | !9))) | !6) | !5) | !4) | !3)) | !1))) & (t)] 0
[(!(0 | ((2 | (((((7 | (8 | ((10 | (11 | (((15 | !14) | !13) | !12))) | !9))) | !6) | !5) | !4) | !3)) | !1))) & (t)] 0
[(!(0 | ((2 | (((((7 | (8 | ((10 | (11 | !(12 & (13 & (14 & 15))))) | !9))) | !6) | !5) | !4) | !3)) | !1))) & (t)] 0
[(!(((2 | (3 | ((5 | ((7 | (8 | ((10 | (11 | (13 | !12))) | !9))) | !6)) | !4))) | !1) | !0)) & (t)] 0
[(!(((2 | (3 | ((5 | ((7 | (8 | ((10 | (11 | (((14 | 15) | !13) | !12))) | !9))) | !6)) | !4))) | !1) | !0)) & (t)] 0
[(!(((2 | (3 | ((5 | ((7 | (8 | ((10 | (11 | (((14 | !15) | !13) | !12))) | !9))) | !6)) | !4))) | !1) | !0)) & (t)] 0
[(!(((2 | (3 | ((5 | ((7 | (8 | ((10 | (11 | (((15 | !14) | !13) | !12))) | !9))) | !6)) | !4))) | !1) | !0)) & (t)] 0
[(!(((2 | (3 | ((5 | ((7 | (8 | ((10 | (11 | !(12 & (13 & (14 & 15))))) | !9))) | !6)) | !4))) | !1) | !0)) & (t)] 0
[(!(0 | ((2 | ((((6 | (7 | (((10 | (11 | (13 | !12))) | !9) | !8))) | !5) | !4) | !3)) | !1))) & (t)] 0
[(!(0 | ((2 | ((((6 | (7 | (((10 | (11 | (((14 | 15) | !13) | !12))) | !9) | !8))) | !5) | !4) | !3)) | !1))) & (t)] 0
[(!(0 | ((2 | ((((6 | (7 | (((10 | (11 | (((14 | !15) | !13) | !12))) | !9) | !8))) | !5) | !4) | !3)) | !1))) & (t)] 0
[(!(0 | ((2 | ((((6 | (7 | (((10 | (11 | (((15 | !14) | !13) | !12))) | !9) | !8))) | !5) | !4) | !3)) | !1))) & (t)] 0
[(!(0 | ((2 | ((((6 | (7 | (((10 | (11 | !(12 & (13 & (14 & 15))))) | !9) | !8))) | !5) | !4) | !3)) | !1))) & (t)] 0
[(!(0 | (1 | ((((((7 | (8 | (9 | (10 | (11 | (13 | !12)))))) | !6) | !5) | !4) | !3) | !2)))) & (t)] 0
[(!(0 | (1 | ((((((7 | (8 | (9 | (10 | (11 | (((14 | 15) | !13) | !12)))))) | !6) | !5) | !4) | !3) | !2)))) & (t)] 0
[(!(0 | (1 | ((((((7 | (8 | (9 | (10 | (11 | (((14 | !15) | !13) | !12)))))) | !6) | !5) | !4) | !3) | !2)))) & (t)] 0
[(!(0 | (1 | ((((((7 | (8 | (9 | (10 | (11 | (((15 | !14) | !13) | !12)))))) | !6) | !5) | !4) | !3) | !2)))) & (t)] 0
[(!(0 | (1 | ((((((7 | (8 | (9 | (10 | (11 | !(12 & (13 & (14 & 15)))))))) | !6) | !5) | !4) | !3) | !2)))) & (t)] 0
[(!(0 | ((2 | ((4 | (((7 | (8 | ((10 | ((13 | !12) | !11)) | !9))) | !6) | !5)) | !3)) | !1))) & (t)] 0
[(!(0 | ((2 | ((4 | (((7 | (8 | ((10 | ((((14 | 15) | !13) | !12) | !11)) | !9))) | !6) | !5)) | !3)) | !1))) & (t)] 0
[(!(0 | ((2 | ((4 | (((7 | (8 | ((10 | ((((14 | !15) | !13) | !12) | !11)) | !9))) | !6) | !5)) | !3)) | !1))) & (t)] 0
[(!(0 | ((2 | ((4 | (((7 | (8 | ((10 | ((((15 | !14) | !13) | !12) | !11)) | !9))) | !6) | !5)) | !3)) | !1))) & (t)] 0
[(!(0 | ((2 | ((4 | (((7 | (8 | ((10 | !(11 & (12 & (13 & (14 & 15))))) | !9))) | !6) | !5)) | !3)) | !1))) & (t)] 0
[(!(0 | ((2 | (3 | ((5 | ((7 | (8 | (((11 | 12) | !10) | !9))) | !6)) | !4))) | !1))) & (!((17 | !18) | !16))] 0
[(!(0 | ((2 | (3 | ((5 | ((7 | (((10 | (11 | (13 | !12))) | !9) | !8)) | !6)) | !4))) | !1))) & (t)] 0
[(!(0 | ((2 | (3 & ((((7 | (((10 | (11 | (((14 | 15) | !13) | !12))) | !9) | !8)) | !6) | !5) | !4) | !3 & ((5 | ((7 | (((10 | (11 | (((14 | 15) | !13) | !12))) | !9) | !8)) | !6)) | !4))) | !1))) & (t)] 0
[(!(0 | ((2 | (3 | ((5 | ((7 | (((10 | (11 | (((14 | !15) | !13) | !12))) | !9) | !8)) | !6)) | !4))) | !1))) & (t)] 0
[(!(0 | ((2 | (3 | ((5 | ((7 | (((10 | (11 | (((15 | !14) | !13) | !12))) | !9) | !8)) | !6)) | !4))) | !1))) & (t)] 0
[(!(0 | ((2 | (3 | ((5 | ((7 | (((10 | (11 | !(12 & (13 & (14 & 15))))) | !9) | !8)) | !6)) | !4))) | !1))) & (t)] 0
[(!(0 | ((2 | (((((7 | (((10 | (11 | (13 | !12))) | !9) | !8)) | !6) | !5) | !4) | !3)) | !1))) & (t)] 0
[(!(0 | ((2 | (((((7 | (((10 | (11 | (((14 | !15) | !13) | !12))) | !9) | !8)) | !6) | !5) | !4) | !3)) | !1))) & (t)] 0
[(!(0 | ((2 | (((((7 | (((10 | (11 | (((15 | !14) | !13) | !12))) | !9) | !8)) | !6) | !5) | !4) | !3)) | !1))) & (t)] 0
[(!(0 | ((2 | (((((7 | (((10 | (11 | !(12 & (13 & (14 & 15))))) | !9) | !8)) | !6) | !5) | !4) | !3)) | !1))) & (t)] 0
[(!(0 | (1 | ((3 | ((5 | ((7 | (8 | (9 | (10 | (11 | (13 | !12)))))) | !6)) | !4)) | !2)))) & (t)] 0
[(!(0 | (1 | ((3 | ((5 | ((7 | (8 | (9 | (10 | (11 | (((14 | 15) | !13) | !12)))))) | !6)) | !4)) | !2)))) & (t)] 0
[(!(0 | (1 | ((3 | ((5 | ((7 | (8 | (9 | (10 | (11 | (((14 | !15) | !13) | !12)))))) | !6)) | !4)) | !2)))) & (t)] 0
[(!(0 | (1 | ((3 | ((5 | ((7 | (8 | (9 | (10 | (11 | (((15 | !14) | !13) | !12)))))) | !6)) | !4)) | !2)))) & (t)] 0
[(!(0 | (1 | ((3 | ((5 | ((7 | (8 | (9 | (10 | (11 | !(12 & (13 & (14 & 15)))))))) | !6)) | !4)) | !2)))) & (t)] 0
[(!(0 | ((2 | (3 | (4 | (5 | ((7 | (8 | ((10 | ((13 | !12) | !11)) | !9))) | !6))))) | !1))) & (t)] 0
[(!(0 | ((2 | (3 | (4 | (5 | ((7 | (8 | ((10 | ((((14 | 15) | !13) | !12) | !11)) | !9))) | !6))))) | !1))) & (t)] 0
[(!(0 | ((2 | (3 | (4 | (5 | ((7 | (8 | ((10 | ((((14 | !15) | !13) | !12) | !11)) | !9))) | !6))))) | !1))) & (t)] 0
[(!(0 | ((2 | (3 | (4 | (5 | ((7 | (8 | ((10 | ((((15 | !14) | !13) | !12) | !11)) | !9))) | !6))))) | !1))) & (t)] 0
[(!(0 | ((2 | (3 | (4 | (5 | ((7 | (8 | ((10 | !(11 & (12 & (13 & (14 & 15))))) | !9))) | !6))))) | !1))) & (t)] 0
[(!(0 | ((2 | ((((6 | (7 | (8 | (((11 | 12) | !10) | !9)))) | !5) | !4) | !3)) | !1))) & (!((17 | 18) | !16))] 0
[(!(((2 | ((((6 | (7 | (8 | ((10 | (11 | (13 | !12))) | !9)))) | !5) | !4) | !3)) | !1) | !0)) & (t)] 0
[(!(((2 | ((((6 | (7 | (8 | ((10 | (11 | (((14 | 15) | !13) | !12))) | !9)))) | !5) | !4) | !3)) | !1) | !0)) & (t)] 0
[(!(((2 | ((((7 | (8 | ((10 | (11 | (((14 | !15) | !13) | !12))) | !9))) | !5) | !4) | !3)) | !1) | !0)) & (t)] 0
[(!(((2 | ((((6 | (7 | (8 | ((10 | (11 | (((15 | !14) | !13) | !12))) | !9)))) | !5) | !4) | !3)) | !1) | !0)) & (t)] 0
[(!(((2 | ((((6 | (7 | (8 | ((10 | (11 | !(12 & (13 & (14 & 15))))) | !9)))) | !5) | !4) | !3)) | !1) | !0)) & (t)] 0
[(!(((2 | (((((7 | (8 | ((10 | (11 | (13 | !12))) | !9))) | !6) | !5) | !4) | !3)) | !1) | !0)) & (t)] 0
[(!(((2 | (((((7 | (8 | ((10 | (11 | (((14 | 15) | !13) | !12))) | !9))) | !6) | !5) | !4) | !3)) | !1) | !0)) & (t)] 0
[(!(((2 | (((((7 | (8 | ((10 | (11 | (((15 | !14) | !13) | !12))) | !9))) | !6) | !5) | !4) | !3)) | !1) | !0)) & (t)] 0
[(!(((2 | (((((7 | (8 | ((10 | (11 | !(12 & (13 & (14 & 15))))) | !9))) | !6) | !5) | !4) | !3)) | !1) | !0)) & (t)] 0
[(!(0 | (1 | (((((6 | (7 | (8 | (9 | (10 | (11 | (13 | !12))))))) | !5) | !4) | !3) | !2)))) & (t)] 0
[(!(0 | (1 | (((((6 | (7 | (8 | (9 | (10 | (11 | (((14 | 15) | !13) | !12))))))) | !5) | !4) | !3) | !2)))) & (t)] 0
[(!(0 | (1 | (((((6 | (7 | (8 | (9 | (10 | (11 | (((14 | !15) | !13) | !12))))))) | !5) | !4) | !3) | !2)))) & (t)] 0
[(!(0 | (1 | (((((6 | (7 | (8 | (9 | (10 | (11 | (((15 | !14) | !13) | !12))))))) | !5) | !4) | !3) | !2)))) & (t)] 0
[(!(0 | (1 | (((((6 | (7 | (8 | (9 | (10 | (11 | !(12 & (13 & (14 & 15))))))))) | !5) | !4) | !3) | !2)))) & (t)] 0
[(!(0 | ((2 | ((4 | ((6 | (7 | (8 | ((10 | ((13 | !12) | !11)) | !9)))) | !5)) | !3)) | !1))) & (t)] 0
[(!(0 | ((2 | ((4 | ((6 | (7 | (8 | ((10 | ((((14 | 15) | !13) | !12) | !11)) | !9)))) | !5)) | !3)) | !1))) & (t)] 0
[(!(0 | ((2 | ((4 | ((6 | (7 | (8 | ((10 | ((((14 | !15) | !13) | !12) | !11)) | !9)))) | !5)) | !3)) | !1))) & (t)] 0
[(!(0 | ((2 | ((4 | ((6 | (7 | (8 | ((10 | ((((15 | !14) | !13) | !12) | !11)) | !9)))) | !5)) | !3)) | !1))) & (t)] 0
[(!(0 | ((2 | ((4 | ((6 | (7 | (8 | ((10 | !(11 & (12 & (13 & (14 & 15))))) | !9)))) | !5)) | !3)) | !1))) & (t)] 0
[(!(0 | (1 | (2 | (((((7 | (8 | (9 | ((11 | 12) | !10)))) | !6) | !5) | !4) | !3))))) & (16 & (17 & 18))] 0
[(!((1 | (2 | (3 | ((5 | ((7 | (8 | (9 | (10 | (11 | (13 | !12)))))) | !6)) | !4)))) | !0)) & (t)] 0
[(!((1 | (2 | (3 | ((5 | ((7 | (8 | (9 | (10 | (11 | (((14 | 15) | !13) | !12)))))) | !6)) | !4)))) | !0)) & (t)] 0
[(!((1 | (2 | (3 | ((5 | ((7 | (8 | (9 | (10 | (11 | (((14 | !15) | !13) | !12)))))) | !6)) | !4)))) | !0)) & (t)] 0
[(!((1 | (2 | (3 | ((5 | ((7 | (8 | (9 | (10 | (11 | (((15 | !14) | !13) | !12)))))) | !6)) | !4)))) | !0)) & (t)] 0
[(!((1 | (2 | (3 | ((5 | ((7 | (8 | (9 | (10 | (11 | !(12 & (13 & (14 & 15)))))))) | !6)) | !4)))) | !0)) & (t)] 0
[(!(0 | (1 | (2 | ((((6 | (7 | ((9 | (10 | (11 | (13 | !12)))) | !8))) | !5) | !4) | !3))))) & (t)] 0
[(!(0 | (1 | (2 | ((((6 | (7 | ((9 | (10 | (11 | (((14 | 15) | !13) | !12)))) | !8))) | !5) | !4) | !3))))) & (t)] 0
[(!(0 | (1 | (2 | ((((6 | (7 | ((9 | (10 | (11 | (((14 | !15) | !13) | !12)))) | !8))) | !5) | !4) | !3))))) & (t)] 0
[(!(0 | (1 | (2 | ((((6 | (7 | ((9 | (10 | (11 | (((15 | !14) | !13) | !12)))) | !8))) | !5) | !4) | !3))))) & (t)] 0
[(!(0 | (1 | (2 | ((((6 | (7 | ((9 | (10 | (11 | !(12 & (13 & (14 & 15)))))) | !8))) | !5) | !4) | !3))))) & (t)] 0
[(!(0 | (1 | (2 | (((((7 | (8 | (9 | (10 | ((13 | !12) | !11))))) | !6) | !5) | !4) | !3))))) & (t)] 0
[(!(0 | (1 | (2 | (((((7 | (8 | (9 | (10 | ((((14 | 15) | !13) | !12) | !11))))) | !6) | !5) | !4) | !3))))) & (t)] 0
[(!(0 | (1 | (2 | (((((7 | (8 | (9 | (10 | ((((14 | !15) | !13) | !12) | !11))))) | !6) | !5) | !4) | !3))))) & (t)] 0
[(!(0 | (1 & (2 | (((((7 | (8 | ((10 | ((((15 | !14) | !13) | !12) | !11)) | !9))) | !6) | !5) | !4) | !3)) | !1 & (2 | (((((7 | (8 | (9 | (10 | ((((15 | !14) | !13) | !12) | !11))))) | !6) | !5) | !4) | !3))))) & (t)] 0
[(!(0 | (1 | (2 | (((((7 | (8 | (9 | (10 | !(11 & (12 & (13 & (14 & 15)))))))) | !6) | !5) | !4) | !3))))) & (t)] 0
[(!(0 | ((2 | (((((7 | (8 | ((10 | ((13 | !12) | !11)) | !9))) | !6) | !5) | !4) | !3)) | !1))) & (t)] 0
[(!(0 | ((2 | (((((7 | (8 | ((10 | ((((14 | 15) | !13) | !12) | !11)) | !9))) | !6) | !5) | !4) | !3)) | !1))) & (t)] 0
[(!(0 | ((2 | (((((7 | (8 | ((10 | ((((14 | !15) | !13) | !12) | !11)) | !9))) | !6) | !5) | !4) | !3)) | !1))) & (t)] 0
[(!(0 | ((2 | (((((7 | (8 | ((10 | !(11 & (12 & (13 & (14 & 15))))) | !9))) | !6) | !5) | !4) | !3)) | !1))) & (t)] 0
[(!(0 | ((2 | ((4 | (((7 | (8 | (((11 | 12) | !10) | !9))) | !6) | !5)) | !3)) | !1))) & (!((18 | !17) | !16))] 0
[(!(((2 | (3 | (4 | (5 | ((7 | (8 | ((10 | (11 | (13 | !12))) | !9))) | !6))))) | !1) | !0)) & (t)] 0
[(!(((2 | (3 | (4 | (5 | ((7 | (8 | ((10 | (11 | (((14 | 15) | !13) | !12))) | !9))) | !6))))) | !1) | !0)) & (t)] 0
[(!(((2 | (3 | (4 | (5 | ((7 | (8 | ((10 | (11 | (((14 | !15) | !13) | !12))) | !9))) | !6))))) | !1) | !0)) & (t)] 0
[(!(((2 | (3 | (4 | (5 | ((7 | (8 | ((10 | (11 | (((15 | !14) | !13) | !12))) | !9))) | !6))))) | !1) | !0)) & (t)] 0
[(!(((2 | (3 | (4 | (5 | ((7 | (8 | ((10 | (11 | !(12 & (13 & (14 & 15))))) | !9))) | !6))))) | !1) | !0)) & (t)] 0
[(!(0 | ((2 | ((4 | ((6 | (7 | (((10 | (11 | (13 | !12))) | !9) | !8))) | !5)) | !3)) | !1))) & (t)] 0
[(!(0 | ((2 | ((4 | ((6 | (7 | (((10 | (11 | (((14 | 15) | !13) | !12))) | !9) | !8))) | !5)) | !3)) | !1))) & (t)] 0
[(!(0 | ((2 | ((4 | ((6 | (7 | (((10 | (11 | (((14 | !15) | !13) | !12))) | !9) | !8))) | !5)) | !3)) | !1))) & (t)] 0
[(!(0 | ((2 | ((4 | ((6 | (7 | (((10 | (11 | (((15 | !14) | !13) | !12))) | !9) | !8))) | !5)) | !3)) | !1))) & (t)] 0
[(!(0 | ((2 | ((4 | ((6 | (7 | (((10 | (11 | !(12 & (13 & (14 & 15))))) | !9) | !8))) | !5)) | !3)) | !1))) & (t)] 0
[(!(0 | ((((4 | (((7 | (8 | ((10 | (11 | (13 | !12))) | !9))) | !6) | !5)) | !3) | !2) | !1))) & (t)] 0
[(!(0 | ((((4 | (((7 | (8 | ((10 | (11 | (((14 | 15) | !13) | !12))) | !9))) | !6) | !5)) | !3) | !2) | !1))) & (t)] 0
[(!(0 | ((((4 | (((7 | (8 | ((10 | (11 | (((14 | !15) | !13) | !12))) | !9))) | !6) | !5)) | !3) | !2) | !1))) & (t)] 0
[(!(0 | ((((4 | (((7 | (8 | ((10 | (11 | (((15 | !14) | !13) | !12))) | !9))) | !6) | !5)) | !3) | !2) | !1))) & (t)] 0
[(!(0 | ((((((7 | (8 | ((10 | (11 | !(12 & (13 & (14 & 15))))) | !9))) | !6) | !5) | !3) | !2) | !1))) & (t)] 0
[(!(0 | (((((((7 | (8 | ((10 | (11 | (13 | !12))) | !9))) | !6) | !5) | !4) | !3) | !2) | !1))) & (t)] 0
[(!(0 | (((((((7 | (8 | ((10 | (11 | (((14 | 15) | !13) | !12))) | !9))) | !6) | !5) | !4) | !3) | !2) | !1))) & (t)] 0
[(!(0 | (((((((7 | (8 | ((10 | (11 | (((14 | !15) | !13) | !12))) | !9))) | !6) | !5) | !4) | !3) | !2) | !1))) & (t)] 0
[(!(0 | (((((((7 | (8 | ((10 | (11 | (((15 | !14) | !13) | !12))) | !9))) | !6) | !5) | !4) | !3) | !2) | !1))) & (t)] 0
[(!(0 | ((2 | (3 | ((5 | ((7 | ((((11 | 12) | !10) | !9) | !8)) | !6)) | !4))) | !1))) & (!((17 | !18) | !16))] 0
[(!(0 | (1 | (2 | (3 | ((5 | ((7 | (8 | (9 | ((11 | 12) | !10)))) | !6)) | !4)))))) & (16 & (17 & 18))] 0
[(!(0 | (1 | (2 | (3 | ((5 | ((7 | ((9 | (10 | (11 | (13 | !12)))) | !8)) | !6)) | !4)))))) & (t)] 0
[(!(0 | (1 | (2 | (3 & ((((7 | ((9 | (10 | (11 | (((14 | 15) | !13) | !12)))) | !8)) | !6) | !5) | !4) | !3 & ((5 | ((7 | ((9 | (10 | (11 | (((14 | 15) | !13) | !12)))) | !8)) | !6)) | !4)))))) & (t)] 0
[(!(0 | (1 | (2 | (3 | ((5 | ((7 | ((9 | (10 | (11 | (((14 | !15) | !13) | !12)))) | !8)) | !6)) | !4)))))) & (t)] 0
[(!(0 | (1 | (2 | (3 | ((5 | ((7 | ((9 | (10 | (11 | (((15 | !14) | !13) | !12)))) | !8)) | !6)) | !4)))))) & (t)] 0
[(!(0 | (1 | (2 | (3 | ((5 | ((7 | ((9 | (10 | (11 | !(12 & (13 & (14 & 15)))))) | !8)) | !6)) | !4)))))) & (t)] 0
[(!(0 | (1 | (2 | (((((7 | ((9 | (10 | (11 | (13 | !12)))) | !8)) | !6) | !5) | !4) | !3))))) & (t)] 0
[(!(0 | (1 | (2 | (((((7 | ((9 | (10 | (11 | (((14 | !15) | !13) | !12)))) | !8)) | !6) | !5) | !4) | !3))))) & (t)] 0
[(!(0 | (1 | (2 | (((((7 | ((9 | (10 | (11 | (((15 | !14) | !13) | !12)))) | !8)) | !6) | !5) | !4) | !3))))) & (t)] 0
[(!(0 | (1 | (2 | (((((7 | ((9 | (10 | (11 | !(12 & (13 & (14 & 15)))))) | !8)) | !6) | !5) | !4) | !3))))) & (t)] 0
[(!(0 | (1 | (2 | (3 | ((5 | ((7 | (8 | (9 | (10 | ((13 | !12) | !11))))) | !6)) | !4)))))) & (t)] 0
[(!(0 | (1 | (2 | (3 | ((5 | ((7 | (8 | (9 | (10 | ((((14 | 15) | !13) | !12) | !11))))) | !6)) | !4)))))) & (t)] 0
[(!(0 | (1 | (2 | (3 | ((5 | ((7 | (8 | (9 | (10 | ((((14 | !15) | !13) | !12) | !11))))) | !6)) | !4)))))) & (t)] 0
[(!(0 | (1 & (2 | (3 | ((5 | ((7 | (8 | ((10 | ((((15 | !14) | !13) | !12) | !11)) | !9))) | !6)) | !4))) | !1 & (2 | (3 | ((5 | ((7 | (8 | (9 | (10 | ((((15 | !14) | !13) | !12) | !11))))) | !6)) | !4)))))) & (t)] 0
[(!(0 | (1 | (2 | (3 | ((5 | ((7 | (8 | (9 | (10 | !(11 & (12 & (13 & (14 & 15)))))))) | !6)) | !4)))))) & (t)] 0
[(!(0 | ((2 | (3 | ((5 | ((7 | (8 | ((10 | ((13 | !12) | !11)) | !9))) | !6)) | !4))) | !1))) & (t)] 0
[(!(0 | ((2 | (3 | ((5 | ((7 | (8 | ((10 | ((((14 | 15) | !13) | !12) | !11)) | !9))) | !6)) | !4))) | !1))) & (t)] 0
[(!(0 | ((2 | (3 | ((5 | ((7 | (8 | ((10 | ((((14 | !15) | !13) | !12) | !11)) | !9))) | !6)) | !4))) | !1))) & (t)] 0
[(!(0 | ((2 | (3 | ((5 | ((7 | (8 | ((10 | !(11 & (12 & (13 & (14 & 15))))) | !9))) | !6)) | !4))) | !1))) & (t)] 0
[(!(0 | ((2 | (3 | (4 | (5 | ((7 | (8 | (((11 | 12) | !10) | !9))) | !6))))) | !1))) & (!((17 | !18) | !16))] 0
[(!(0 | ((2 | (3 | (4 | (5 | ((7 | (((10 | (11 | (13 | !12))) | !9) | !8)) | !6))))) | !1))) & (t)] 0
[(!(0 | ((2 | (3 & (4 | (((7 | (((10 | (11 | (((14 | 15) | !13) | !12))) | !9) | !8)) | !6) | !5)) | !3 & (4 | (5 | ((7 | (((10 | (11 | (((14 | 15) | !13) | !12))) | !9) | !8)) | !6))))) | !1))) & (t)] 0
[(!(0 | ((2 | (3 | (4 | (5 | ((7 | (((10 | (11 | (((14 | !15) | !13) | !12))) | !9) | !8)) | !6))))) | !1))) & (t)] 0
[(!(0 | ((2 | (3 | (4 | (5 | ((7 | (((10 | (11 | (((15 | !14) | !13) | !12))) | !9) | !8)) | !6))))) | !1))) & (t)] 0
[(!(0 | ((2 | (3 | (4 | (5 | ((7 | (((10 | (11 | !(12 & (13 & (14 & 15))))) | !9) | !8)) | !6))))) | !1))) & (t)] 0
[(!(0 | ((2 | ((4 | (((7 | (((10 | (11 | (13 | !12))) | !9) | !8)) | !6) | !5)) | !3)) | !1))) & (t)] 0
[(!(0 | ((2 | ((4 | (((7 | (((10 | (11 | (((14 | !15) | !13) | !12))) | !9) | !8)) | !6) | !5)) | !3)) | !1))) & (t)] 0
[(!(0 | ((2 | ((4 | (((7 | (((10 | (11 | (((15 | !14) | !13) | !12))) | !9) | !8)) | !6) | !5)) | !3)) | !1))) & (t)] 0
[(!(0 | ((2 | ((4 | (((7 | (((10 | (11 | !(12 & (13 & (14 & 15))))) | !9) | !8)) | !6) | !5)) | !3)) | !1))) & (t)] 0
[(!(0 | (((3 | (4 | (5 | ((7 | (8 | ((10 | (11 | (13 | !12))) | !9))) | !6)))) | !2) | !1))) & (t)] 0
[(!(0 | (((3 | (4 | (5 | ((7 | (8 | ((10 | (11 | (((14 | 15) | !13) | !12))) | !9))) | !6)))) | !2) | !1))) & (t)] 0
[(!(0 | (((3 | (4 | (5 | ((7 | (8 | ((10 | (11 | (((14 | !15) | !13) | !12))) | !9))) | !6)))) | !2) | !1))) & (t)] 0
[(!(0 | (((3 | (4 | (5 | ((7 | (8 | ((10 | (11 | (((15 | !14) | !13) | !12))) | !9))) | !6)))) | !2) | !1))) & (t)] 0
[(!(0 | (((3 | (5 | ((7 | (8 | ((10 | (11 | !(12 & (13 & (14 & 15))))) | !9))) | !6))) | !2) | !1))) & (t)] 0
[(!(0 | (((3 | ((5 | ((7 | (8 | ((10 | (11 | (13 | !12))) | !9))) | !6)) | !4)) | !2) | !1))) & (t)] 0
[(!(0 | (((3 | ((5 | ((7 | (8 | ((10 | (11 | (((14 | 15) | !13) | !12))) | !9))) | !6)) | !4)) | !2) | !1))) & (t)] 0
[(!(0 | (((3 | ((5 | ((7 | (8 | ((10 | (11 | (((14 | !15) | !13) | !12))) | !9))) | !6)) | !4)) | !2) | !1))) & (t)] 0
[(!(0 | (((3 | ((5 | ((7 | (8 | ((10 | (11 | (((15 | !14) | !13) | !12))) | !9))) | !6)) | !4)) | !2) | !1))) & (t)] 0
[(!(((2 | ((((6 | (7 | (8 | (((11 | 12) | !10) | !9)))) | !5) | !4) | !3)) | !1) | !0)) & (!16)] 0
[(!(0 | (1 | (2 | ((((6 | (7 | (8 | (9 | ((11 | 12) | !10))))) | !5) | !4) | !3))))) & (16 & (17 & 18))] 0
[(!((1 | (2 | ((((6 | (7 | (8 | (9 | (10 | (11 | (13 | !12))))))) | !5) | !4) | !3))) | !0)) & (t)] 0
[(!((1 | (2 | ((((6 | (7 | (8 | (9 | (10 | (11 | (((14 | 15) | !13) | !12))))))) | !5) | !4) | !3))) | !0)) & (t)] 0
[(!((1 | (2 | ((((7 | (8 | (9 | (10 | (11 | (((14 | !15) | !13) | !12)))))) | !5) | !4) | !3))) | !0)) & (t)] 0
[(!((1 | (2 | ((((6 | (7 | (8 | (9 | (10 | (11 | (((15 | !14) | !13) | !12))))))) | !5) | !4) | !3))) | !0)) & (t)] 0
[(!((1 | (2 | ((((6 | (7 | (8 | (9 | (10 | (11 | !(12 & (13 & (14 & 15))))))))) | !5) | !4) | !3))) | !0)) & (t)] 0
[(!((1 | (2 | (((((7 | (8 | (9 | (10 | (11 | (13 | !12)))))) | !6) | !5) | !4) | !3))) | !0)) & (t)] 0
[(!((1 | (2 | (((((7 | (8 | (9 | (10 | (11 | (((14 | 15) | !13) | !12)))))) | !6) | !5) | !4) | !3))) | !0)) & (t)] 0
[(!((1 | (2 | (((((7 | (8 | (9 | (10 | (11 | (((15 | !14) | !13) | !12)))))) | !6) | !5) | !4) | !3))) | !0)) & (t)] 0
[(!((1 | (2 | (((((7 | (8 | (9 | (10 | (11 | !(12 & (13 & (14 & 15)))))))) | !6) | !5) | !4) | !3))) | !0)) & (t)] 0
[(!(0 | (1 | (2 | ((((6 | (7 | (8 | (9 | (10 | ((13 | !12) | !11)))))) | !5) | !4) | !3))))) & (t)] 0
[(!(0 | (1 | (2 | ((((6 | (7 | (8 | (9 | (10 | ((((14 | 15) | !13) | !12) | !11)))))) | !5) | !4) | !3))))) & (t)] 0
[(!(0 | (1 | (2 | ((((6 | (7 | (8 | (9 | (10 | ((((14 | !15) | !13) | !12) | !11)))))) | !5) | !4) | !3))))) & (t)] 0
[(!(0 | (1 & (2 | ((((6 | (7 | (8 | ((10 | ((((15 | !14) | !13) | !12) | !11)) | !9)))) | !5) | !4) | !3)) | !1 & (2 | ((((6 | (7 | (8 | (9 | (10 | ((((15 | !14) | !13) | !12) | !11)))))) | !5) | !4) | !3))))) & (t)] 0
[(!(0 | (1 | (2 | ((((6 | (7 | (8 | (9 | (10 | !(11 & (12 & (13 & (14 & 15))))))))) | !5) | !4) | !3))))) & (t)] 0
[(!(0 | ((2 | ((((6 | (7 | (8 | ((10 | ((13 | !12) | !11)) | !9)))) | !5) | !4) | !3)) | !1))) & (t)] 0
[(!(0 | ((2 | ((((6 | (7 | (8 | ((10 | ((((14 | 15) | !13) | !12) | !11)) | !9)))) | !5) | !4) | !3)) | !1))) & (t)] 0
[(!(0 | ((2 | ((((6 | (7 | (8 | ((10 | ((((14 | !15) | !13) | !12) | !11)) | !9)))) | !5) | !4) | !3)) | !1))) & (t)] 0
[(!(0 | ((2 | ((((6 | (7 | (8 | ((10 | !(11 & (12 & (13 & (14 & 15))))) | !9)))) | !5) | !4) | !3)) | !1))) & (t)] 0
[(!(0 | ((2 | ((4 | ((6 | (7 | (8 | (((11 | 12) | !10) | !9)))) | !5)) | !3)) | !1))) & (!((17 | 18) | !16))] 0
[(!(((2 | ((4 | ((6 | (7 | (8 | ((10 | (11 | (13 | !12))) | !9)))) | !5)) | !3)) | !1) | !0)) & (t)] 0
[(!(((2 | ((4 | ((6 | (7 | (8 | ((10 | (11 | (((14 | 15) | !13) | !12))) | !9)))) | !5)) | !3)) | !1) | !0)) & (t)] 0
[(!(((2 | ((4 | ((7 | (8 | ((10 | (11 | (((14 | !15) | !13) | !12))) | !9))) | !5)) | !3)) | !1) | !0)) & (t)] 0
[(!(((2 | ((4 | ((6 | (7 | (8 | ((10 | (11 | (((15 | !14) | !13) | !12))) | !9)))) | !5)) | !3)) | !1) | !0)) & (t)] 0
[(!(((2 | ((4 | ((6 | (7 | (8 | ((10 | (11 | !(12 & (13 & (14 & 15))))) | !9)))) | !5)) | !3)) | !1) | !0)) & (t)] 0
[(!(((2 | ((4 | (((7 | (8 | ((10 | (11 | (13 | !12))) | !9))) | !6) | !5)) | !3)) | !1) | !0)) & (t)] 0
[(!(((2 | ((4 | (((7 | (8 | ((10 | (11 | (((14 | 15) | !13) | !12))) | !9))) | !6) | !5)) | !3)) | !1) | !0)) & (t)] 0
[(!(((2 | ((4 | (((7 | (8 | ((10 | (11 | (((15 | !14) | !13) | !12))) | !9))) | !6) | !5)) | !3)) | !1) | !0)) & (t)] 0
[(!(((2 | ((4 | (((7 | (8 | ((10 | (11 | !(12 & (13 & (14 & 15))))) | !9))) | !6) | !5)) | !3)) | !1) | !0)) & (t)] 0
[(!(0 | ((((4 | ((6 | (7 | (8 | ((10 | (11 | (13 | !12))) | !9)))) | !5)) | !3) | !2) | !1))) & (t)] 0
[(!(0 | ((((4 | ((6 | (7 | (8 | ((10 | (11 | (((14 | 15) | !13) | !12))) | !9)))) | !5)) | !3) | !2) | !1))) & (t)] 0
[(!(0 | ((((4 | ((6 | (7 | (8 | ((10 | (11 | (((14 | !15) | !13) | !12))) | !9)))) | !5)) | !3) | !2) | !1))) & (t)] 0
[(!(0 | ((((4 | ((6 | (7 | (8 | ((10 | (11 | (((15 | !14) | !13) | !12))) | !9)))) | !5)) | !3) | !2) | !1))) & (t)] 0
[(!(0 | (((((6 | (7 | (8 | ((10 | (11 | !(12 & (13 & (14 & 15))))) | !9)))) | !5) | !3) | !2) | !1))) & (t)] 0
[(!(0 | ((((((6 | (7 | (8 | ((10 | (11 | (13 | !12))) | !9)))) | !5) | !4) | !3) | !2) | !1))) & (t)] 0
[(!(0 | ((((((6 | (7 | (8 | ((10 | (11 | (((14 | 15) | !13) | !12))) | !9)))) | !5) | !4) | !3) | !2) | !1))) & (t)] 0
[(!(0 | ((((((6 | (7 | (8 | ((10 | (11 | (((14 | !15) | !13) | !12))) | !9)))) | !5) | !4) | !3) | !2) | !1))) & (t)] 0
[(!(0 | ((((((6 | (7 | (8 | ((10 | (11 | (((15 | !14) | !13) | !12))) | !9)))) | !5) | !4) | !3) | !2) | !1))) & (t)] 0
[(!(0 | (1 | (2 | (((((7 | (8 | (9 | ((12 | !11) | !10)))) | !6) | !5) | !4) | !3))))) & (!16)] 0
[(!(0 | ((((4 | (((7 | (8 | (((11 | 12) | !10) | !9))) | !6) | !5)) | !3) | !2) | !1))) & (!((18 | !17) | !16))] 0
[(!(0 | (1 | (2 | (3 | ((5 | ((7 | (8 | (9 | ((12 | !11) | !10)))) | !6)) | !4)))))) & (!16)] 0
[(!(0 | ((2 | (3 | ((5 | ((7 | (8 | (((12 | !11) | !10) | !9))) | !6)) | !4))) | !1))) & (!16)] 0
[(!(0 | ((2 | (3 | (4 | (5 | ((7 | ((((11 | 12) | !10) | !9) | !8)) | !6))))) | !1))) & (!((17 | !18) | !16))] 0
[(!(0 | ((2 | ((4 | (((7 | ((((11 | 12) | !10) | !9) | !8)) | !6) | !5)) | !3)) | !1))) & (!((18 | !17) | !16))] 0
[(!(0 | (1 | (2 | ((((6 | (7 | (8 | (9 | ((12 | !11) | !10))))) | !5) | !4) | !3))))) & (!16)] 0
[(!(0 | ((2 | ((((6 | (7 | (8 | (((12 | !11) | !10) | !9)))) | !5) | !4) | !3)) | !1))) & (!16)] 0
[(!(((2 | ((4 | ((6 | (7 | (8 | (((11 | 12) | !10) | !9)))) | !5)) | !3)) | !1) | !0)) & (!((17 | 18) | !16))] 0
[(!(((2 | ((4 | (((7 | (8 | (((11 | 12) | !10) | !9))) | !6) | !5)) | !3)) | !1) | !0)) & (!((18 | !17) | !16))] 0
--END--
Synthesis took:  4882.778167724609 ms
