Processing program.
spec contains 2 APs (['q0', 'q1'])
simplified !((!request & !changeRoom) | (!request & changeRoom) | (request & !changeRoom & ((cnt + 1) >= 0) & ((cnt + 1) <= 5))) (len 117) to (request & ((!changeRoom & ((((cnt + 1) <= 5) & !((0 <= (cnt + 1)) | (((!(cnt <= 5) & (0 <= cnt)) | !(0 <= cnt)) & !(0 <= (cnt + 1))))) | (!((cnt + 1) <= 5) & !((!(cnt <= 5) & (0 <= cnt)) | !(0 <= cnt))))) | (changeRoom & (cnt <= 5) & (0 <= cnt)))) (len 248)
(request & ((!changeRoom & ((((cnt + 1) <= 5) & !((0 <= (cnt + 1)) | (((!(cnt <= 5) & (0 <= cnt)) | !(0 <= cnt)) & !(0 <= (cnt + 1))))) | (!((cnt + 1) <= 5) & !((!(cnt <= 5) & (0 <= cnt)) | !(0 <= cnt))))) | (changeRoom & (cnt <= 5) & (0 <= cnt))))
Starting abstract synthesis loop.
adding roomA to predicate abstraction
constructing LTL abstraction
ltl abstraction took: 0.0009021759033203125
running LTL synthesis
massaging abstract counterstrategy
checking for compatibility of counterstrategy with program
trying fairness refinement
trying safety refinement
adding (cnt <= 0) to predicate abstraction
constructing LTL abstraction
ltl abstraction took: 0.0008819103240966797
running LTL synthesis
massaging abstract counterstrategy
checking for compatibility of counterstrategy with program
trying fairness refinement
Structural Refinement: 
entry_cond:TRUE
exit_cond:(cnt <= 0)
loop:(cnt := (cnt - 1))
adding (cnt = cnt_prev), (cnt = (cnt_prev - 1)) to predicate abstraction
constructing LTL abstraction
ltl abstraction took: 0.0010361671447753906
running LTL synthesis
Realizable.
REALIZABLE
HOA: v1
tool: "strix" "21.0.0"
States: 1
Start: 0
AP: 12 "in_loop0_0" "pred__cnt_EQ_cntprev_" "pred_roomA" "q1" "q0" "pred__cnt_LTEQ_0_" "pred__cnt_EQ__cntprev_MINUS_1__" "changeRoom" "request" "finished" "grantB" "grantA"
controllable-AP: 9 10 11
acc-name: all
Acceptance: 0 t
--BODY--
State: 0 "[0]"
[(!(0 | (1 | ((3 | (((6 | (7 | 8)) | !5) | !4)) | !2)))) & (t)] 0
[(!(0 | (1 | ((3 | (((6 | (7 | !8)) | !5) | !4)) | !2)))) & (t)] 0
[(!(0 | (1 | ((3 | (((6 | (8 | !7)) | !5) | !4)) | !2)))) & (t)] 0
[(!(0 | (1 | ((3 | (((6 | !(7 & 8)) | !5) | !4)) | !2)))) & (t)] 0
[(!(0 | ((((4 | (6 | !5)) | !3) | !2) | !1))) & (9)] 0
[(!(0 | (1 | ((3 | ((5 | (6 | (7 | 8))) | !4)) | !2)))) & (t)] 0
[(!(0 | (1 | ((3 | ((5 | (6 | (7 | !8))) | !4)) | !2)))) & (t)] 0
[(!(0 | (1 | ((3 | ((5 | (6 | (8 | !7))) | !4)) | !2)))) & (t)] 0
[(!(0 | (1 | ((3 | ((5 | (6 | !(7 & 8))) | !4)) | !2)))) & (t)] 0
[(!(0 | ((2 | (3 | (((6 | (7 | 8)) | !5) | !4))) | !1))) & (t)] 0
[(!(0 | ((2 | (3 | (((6 | (7 | !8)) | !5) | !4))) | !1))) & (t)] 0
[(!(0 | ((2 | (3 | (((6 | (8 | !7)) | !5) | !4))) | !1))) & (t)] 0
[(!(0 | ((2 | (3 | (((6 | !(7 & 8)) | !5) | !4))) | !1))) & (t)] 0
[(!(0 | (((3 | (((6 | (7 | 8)) | !5) | !4)) | !2) | !1))) & (t)] 0
[(!(0 | (((3 | (((6 | (7 | !8)) | !5) | !4)) | !2) | !1))) & (t)] 0
[(!(0 | (((3 | (((6 | (8 | !7)) | !5) | !4)) | !2) | !1))) & (t)] 0
[(!(0 | (((3 | (((6 | !(7 & 8)) | !5) | !4)) | !2) | !1))) & (t)] 0
[(!(0 | ((((4 | (5 | 6)) | !3) | !2) | !1))) & (!(10 | !11))] 0
[(!(0 | ((2 | (3 | ((5 | (6 | (7 | 8))) | !4))) | !1))) & (t)] 0
[(!(0 | ((2 | (3 | ((5 | (6 | (7 | !8))) | !4))) | !1))) & (t)] 0
[(!(0 | ((2 | (3 | ((5 | (6 | (8 | !7))) | !4))) | !1))) & (t)] 0
[(!(0 | ((2 | (3 | ((5 | (6 | !(7 & 8))) | !4))) | !1))) & (t)] 0
[(!(0 | (((3 | ((5 | (6 | (7 | 8))) | !4)) | !2) | !1))) & (t)] 0
[(!(0 | (((3 | ((5 | (6 | (7 | !8))) | !4)) | !2) | !1))) & (t)] 0
[(!(0 | (((3 | ((5 | (6 | (8 | !7))) | !4)) | !2) | !1))) & (t)] 0
[(!(0 | (((3 | ((5 | (6 | !(7 & 8))) | !4)) | !2) | !1))) & (t)] 0
[(!(0 | ((2 | ((4 | (6 | !5)) | !3)) | !1))) & (9)] 0
[(!(0 | (1 | (2 | (3 | ((5 | (6 | (7 | 8))) | !4)))))) & (t)] 0
[(!(0 | (1 | (2 | (3 | ((5 | (6 | (7 | !8))) | !4)))))) & (t)] 0
[(!(0 | (1 | (2 | (3 | ((5 | (6 | (8 | !7))) | !4)))))) & (t)] 0
[(!(0 | (1 | (2 | (3 | ((5 | (6 | !(7 & 8))) | !4)))))) & (t)] 0
[(!((1 | (((4 | (5 | !6)) | !3) | !2)) | !0)) & (!(10 | !11))] 0
[(!((1 | (((4 | !(5 & 6)) | !3) | !2)) | !0)) & (9)] 0
[(!(0 | ((2 | ((4 | (5 | 6)) | !3)) | !1))) & (!(11 | !10))] 0
[(!((1 | (2 | ((4 | (5 | !6)) | !3))) | !0)) & (!(11 | !10))] 0
[(!((1 | (2 | ((4 | !(5 & 6)) | !3))) | !0)) & (9)] 0
[(0 & (1 | ((4 | !6) | !3)) | !0 & (1 & (3 & (4 | 6) | !3 & (6 | !4)) | !1 & (2 & (3 | (6 | !4)) | !2 & (3 | ((5 | 6) | !4))))) & (t)] 0
--END--
Synthesis took:  4506.465673446655 ms
