Processing program.
spec contains 2 APs (['move', 'goal'])
simplified !(!estay | (estay & einc & (x >= 0) & (x <= 10) & (einc | (x < 0) | (x > 10)) & ((x + 1) >= 0) & ((x + 1) <= 10)) | (estay & !einc & (x >= 0) & (x <= 10) & (!einc | (x < 0) | (x > 10)) & ((x - 1) >= 0) & ((x - 1) <= 10))) (len 221) to (!(((!(0 <= x) | (((((x - 1) <= 10) & (1 <= x) & (x <= 10)) | !(x <= 10)) & (0 <= x))) & !einc) | ((((0 <= x) & ((((x + 1) <= 10) & (0 <= (x + 1)) & (x <= 10)) | !(x <= 10))) | !(0 <= x)) & einc)) & estay) (len 205)
(!(((!(0 <= x) | (((((x - 1) <= 10) & (1 <= x) & (x <= 10)) | !(x <= 10)) & (0 <= x))) & !einc) | ((((0 <= x) & ((((x + 1) <= 10) & (0 <= (x + 1)) & (x <= 10)) | !(x <= 10))) | !(0 <= x)) & einc)) & estay)
simplified !FALSE (len 6) to True (len 4)
True
simplified !(((x != 0) & cstay & !cinc & (x >= 0) & (x <= 10) & (!cinc | (x < 0) | (x > 10))) | ((x != 0) & cstay & cinc & (x >= 0) & (x <= 10) & (cinc | (x < 0) | (x > 10)) & ((x + 1) >= 0) & ((x + 1) <= 10)) | ((x != 0) && !cstay) | (x = 0)) (len 232) to (cstay & !((cinc & (!(0 <= x) | (((((x = 0) | (((x + 1) <= 10) & (0 <= (x + 1)) & !(x = 0))) & (x <= 10)) | !(x <= 10)) & (0 <= x)))) | !cinc)) (len 143)
(cstay & !((cinc & (!(0 <= x) | (((((x = 0) | (((x + 1) <= 10) & (0 <= (x + 1)) & !(x = 0))) & (x <= 10)) | !(x <= 10)) & (0 <= x)))) | !cinc))
Starting abstract synthesis loop.
adding (x_prev < x), (x_prev > x), (x <= 0), ((x + 1) <= 10) to predicate abstraction
constructing LTL abstraction
ltl abstraction took: 0.0010190010070800781
running LTL synthesis
Realizable.
REALIZABLE
HOA: v1
tool: "strix" "21.0.0"
States: 1
Start: 0
AP: 11 "goal" "pred__x_LTEQ_0_" "pred___x_PLUS_1__LTEQ_10_" "setvars" "pred__xprev_LT_x_" "pred__xprev_GT_x_" "move" "estay" "einc" "cstay" "cinc"
controllable-AP: 9 10
acc-name: all
Acceptance: 0 t
--BODY--
State: 0 "[0]"
[(!(0 | ((((4 | (5 | (6 | 7))) | !3) | !2) | !1))) & (t)] 0
[(!(0 | ((((4 | (5 | (6 | (8 | !7)))) | !3) | !2) | !1))) & (t)] 0
[(!(0 | ((((4 | (5 | (6 | !(7 & 8)))) | !3) | !2) | !1))) & (t)] 0
[(!(0 | (1 | ((((5 | (6 | 7)) | !4) | !3) | !2)))) & (t)] 0
[(!(0 | (1 | ((((5 | (6 | (8 | !7))) | !4) | !3) | !2)))) & (t)] 0
[(!(0 | (1 | ((((5 | (6 | !(7 & 8))) | !4) | !3) | !2)))) & (t)] 0
[(!(0 | (1 | ((3 | (4 | (5 | !6))) | !2)))) & (!(10 | !9))] 0
[(!(0 | (1 | (((4 | ((6 | 7) | !5)) | !3) | !2)))) & (t)] 0
[(!(0 | (1 | (((4 | ((6 | (8 | !7)) | !5)) | !3) | !2)))) & (t)] 0
[(!(0 | (1 | (((4 | ((6 | !(7 & 8)) | !5)) | !3) | !2)))) & (t)] 0
[(!(0 | ((((4 | ((6 | 7) | !5)) | !3) | !2) | !1))) & (t)] 0
[(!(0 | ((((4 | ((6 | (8 | !7)) | !5)) | !3) | !2) | !1))) & (t)] 0
[(!(0 | ((((4 | ((6 | !(7 & 8)) | !5)) | !3) | !2) | !1))) & (t)] 0
[(!(0 | (1 | (2 | (((5 | (6 | 7)) | !4) | !3))))) & (t)] 0
[(!(0 | (1 | (2 | (((5 | (6 | (8 | !7))) | !4) | !3))))) & (t)] 0
[(!(0 | (1 | (2 | (((5 | (6 | !(7 & 8))) | !4) | !3))))) & (t)] 0
[(!(0 | (1 | ((3 | (4 | !(5 & 6))) | !2)))) & (!(10 | !9))] 0
[(!(0 | (1 | (2 | (3 | (4 | (5 | !6))))))) & (!(10 | !9))] 0
[(!(0 | (1 | (2 | ((4 | (5 | (6 | 7))) | !3))))) & (t)] 0
[(!(0 | (1 | (2 | ((4 | (5 | (6 | (8 | !7)))) | !3))))) & (t)] 0
[(!(0 | (1 | (2 | ((4 | (5 | (6 | !(7 & 8)))) | !3))))) & (t)] 0
[(0 | (1 & (((4 | 6) | !3) | !2) | !1 & (2 & (3 & (4 & (5 | 6) | !4 & (6 | !5)) | !3 & (4 | !6)) | !2 & (3 & (5 | 6) | !3 & (4 | (5 | !6)))))) & (t)] 0
--END--
Synthesis took:  1216.9177532196045 ms
