Processing program.
spec contains 2 APs (['move', 'goal'])
simplified !FALSE (len 6) to True (len 4)
True
Starting abstract synthesis loop.
adding  to predicate abstraction
constructing LTL abstraction
ltl abstraction took: 0.0009324550628662109
running LTL synthesis
massaging abstract counterstrategy
checking for compatibility of counterstrategy with program
trying fairness refinement
trying safety refinement
adding (y <= 0), (x <= 0), (x >= 0), (y >= 0) to predicate abstraction
constructing LTL abstraction
ltl abstraction took: 0.0011377334594726562
running LTL synthesis
massaging abstract counterstrategy
checking for compatibility of counterstrategy with program
trying fairness refinement
Structural Refinement: 
entry_cond:TRUE
exit_cond:(y >= 0)
loop:(y := (y + 1))
adding (y = (y_prev + 1)), (y = y_prev) to predicate abstraction
constructing LTL abstraction
ltl abstraction took: 0.0011470317840576172
running LTL synthesis
massaging abstract counterstrategy
checking for compatibility of counterstrategy with program
trying fairness refinement
Structural Refinement: 
entry_cond:TRUE
exit_cond:(x >= 0)
loop:(x := (x + 1))
adding (x = (x_prev + 1)), (x = x_prev) to predicate abstraction
constructing LTL abstraction
ltl abstraction took: 0.0010921955108642578
running LTL synthesis
massaging abstract counterstrategy
checking for compatibility of counterstrategy with program
trying fairness refinement
Structural Refinement: 
entry_cond:TRUE
exit_cond:(x <= 0)
loop:(x := (x - 1))
adding (x = (x_prev - 1)) to predicate abstraction
constructing LTL abstraction
ltl abstraction took: 0.0010995864868164062
running LTL synthesis
massaging abstract counterstrategy
checking for compatibility of counterstrategy with program
trying fairness refinement
Structural Refinement: 
entry_cond:TRUE
exit_cond:(y <= 0)
loop:(y := (y - 1))
adding (y = (y_prev - 1)) to predicate abstraction
constructing LTL abstraction
ltl abstraction took: 0.001089334487915039
running LTL synthesis
Realizable.
REALIZABLE
HOA: v1
tool: "strix" "21.0.0"
States: 1
Start: 0
AP: 23 "pred__y_LTEQ_0_" "pred__x_GTEQ_0_" "in_loop2_0" "pred__y_GTEQ_0_" "goal" "pred__x_EQ__xprev_MINUS_1__" "pred__x_EQ__xprev_PLUS_1__" "in_loop3_0" "in_loop1_0" "in_loop0_0" "move" "pred__x_LTEQ_0_" "pred__x_EQ_xprev_" "pred__y_EQ__yprev_PLUS_1__" "setvars" "pred__y_EQ_yprev_" "pred__y_EQ__yprev_MINUS_1__" "estay" "exory" "einc" "cstay" "xory" "cinc"
controllable-AP: 20 21 22
acc-name: all
Acceptance: 0 t
--BODY--
State: 0 "[0]"
[(!(((2 | ((4 | (5 | (6 | (7 | (8 | (9 | (10 | ((12 | (13 | ((15 | (16 | 17)) | !14))) | !11)))))))) | !3)) | !1) | !0)) & (t)] 0
[(!(((2 | ((4 | (5 | (6 | (7 | (8 | (9 | (10 | ((12 | (13 | ((15 | (16 | ((18 | 19) | !17))) | !14))) | !11)))))))) | !3)) | !1) | !0)) & (t)] 0
[(!(((2 | ((4 | (5 | (6 | (7 | (8 | (9 | (10 | ((12 | (13 | ((15 | (16 | ((18 | !19) | !17))) | !14))) | !11)))))))) | !3)) | !1) | !0)) & (t)] 0
[(!(((2 | ((4 | (5 | (6 | (7 | (8 | (9 | (10 | ((12 | (13 | ((15 | (16 | ((19 | !18) | !17))) | !14))) | !11)))))))) | !3)) | !1) | !0)) & (t)] 0
[(!(((2 | ((4 | (5 | (6 | (7 | (8 | (9 | (10 | ((12 | (13 | ((15 | (16 | !(17 & (18 & 19)))) | !14))) | !11)))))))) | !3)) | !1) | !0)) & (t)] 0
[(!(((2 | (3 | (4 | (5 | (6 | (7 | (8 | (9 | (10 | (((13 | ((15 | (17 | !16)) | !14)) | !12) | !11)))))))))) | !1) | !0)) & (t)] 0
[(!(((2 | (3 | (4 | (5 | (6 | (7 | (8 | (9 | (10 | (((13 | ((15 | (((18 | 19) | !17) | !16)) | !14)) | !12) | !11)))))))))) | !1) | !0)) & (t)] 0
[(!(((2 | (3 | (4 | (5 | (6 | (7 | (8 | (9 | (10 | (((13 | ((15 | (((18 | !19) | !17) | !16)) | !14)) | !12) | !11)))))))))) | !1) | !0)) & (t)] 0
[(!(((2 | (3 | (4 | (5 | (6 | (7 | (8 | (9 | (10 | (((13 | ((15 | (((19 | !18) | !17) | !16)) | !14)) | !12) | !11)))))))))) | !1) | !0)) & (t)] 0
[(!(((2 | (3 | (4 | (5 | (6 | (7 | (8 | (9 | (10 | (((13 | ((15 | !(16 & (17 & (18 & 19)))) | !14)) | !12) | !11)))))))))) | !1) | !0)) & (t)] 0
[(!(0 | ((2 | ((4 | (5 | (6 | (7 | (8 | (9 | (10 | (((((15 | (16 | 17)) | !14) | !13) | !12) | !11)))))))) | !3)) | !1))) & (t)] 0
[(!(0 | ((2 | ((4 | (5 | (6 | (7 | (8 | (9 | (10 | (((((15 | (16 | ((18 | 19) | !17))) | !14) | !13) | !12) | !11)))))))) | !3)) | !1))) & (t)] 0
[(!(0 | ((2 | ((4 | (5 | (6 | (7 | (8 | (9 | (10 | (((((15 | (16 | ((18 | !19) | !17))) | !14) | !13) | !12) | !11)))))))) | !3)) | !1))) & (t)] 0
[(!(0 | ((2 | ((4 | (5 | (6 | (7 | (8 | (9 | (10 | (((((15 | (16 | ((19 | !18) | !17))) | !14) | !13) | !12) | !11)))))))) | !3)) | !1))) & (t)] 0
[(!(0 | ((2 | ((4 | (5 | (6 | (7 | (8 | (9 | (10 | (((((15 | (16 | !(17 & (18 & 19)))) | !14) | !13) | !12) | !11)))))))) | !3)) | !1))) & (t)] 0
[(!((1 | (2 | ((4 | ((6 | (7 | (8 | (9 | (10 | ((12 | (13 | (((16 | 17) | !15) | !14))) | !11)))))) | !5)) | !3))) | !0)) & (t)] 0
[(!((1 | (2 | ((4 | ((6 | (7 | (8 | (9 | (10 | ((12 | (13 | (((16 | ((18 | 19) | !17)) | !15) | !14))) | !11)))))) | !5)) | !3))) | !0)) & (t)] 0
[(!((1 | (2 | ((4 | ((6 | (7 | (8 | (9 | (10 | ((12 | (13 | (((16 | ((18 | !19) | !17)) | !15) | !14))) | !11)))))) | !5)) | !3))) | !0)) & (t)] 0
[(!((1 | (2 | ((4 | ((6 | (7 | (8 | (9 | (10 | ((12 | (13 | (((16 | ((19 | !18) | !17)) | !15) | !14))) | !11)))))) | !5)) | !3))) | !0)) & (t)] 0
[(!((1 | (2 | ((4 | ((6 | (7 | (8 | (9 | (10 | ((12 | (13 | (((16 | !(17 & (18 & 19))) | !15) | !14))) | !11)))))) | !5)) | !3))) | !0)) & (t)] 0
[(!(((2 | ((4 | (5 | ((7 | (8 | (9 | (10 | (11 | (12 | (13 | (((16 | 17) | !15) | !14)))))))) | !6))) | !3)) | !1) | !0)) & (t)] 0
[(!(((2 | ((4 | (5 | ((7 | (8 | (9 | (10 | (11 | (12 | (13 | (((16 | ((18 | 19) | !17)) | !15) | !14)))))))) | !6))) | !3)) | !1) | !0)) & (t)] 0
[(!(((2 | ((4 | (5 | ((7 | (8 | (9 | (10 | (11 | (12 | (13 | (((16 | ((18 | !19) | !17)) | !15) | !14)))))))) | !6))) | !3)) | !1) | !0)) & (t)] 0
[(!(((2 | ((4 | (5 | ((7 | (8 | (9 | (10 | (11 | (12 | (13 | (((16 | ((19 | !18) | !17)) | !15) | !14)))))))) | !6))) | !3)) | !1) | !0)) & (t)] 0
[(!(((2 | ((4 | (5 | ((7 | (8 | (9 | (10 | (11 | (12 | (13 | (((16 | !(17 & (18 & 19))) | !15) | !14)))))))) | !6))) | !3)) | !1) | !0)) & (t)] 0
[(!(((2 | (3 | (4 | (5 | (6 | (7 | (8 | (9 | ((((13 | (14 | (16 | !15))) | !12) | !11) | !10))))))))) | !1) | !0)) & (!((21 | !22) | !20))] 0
[(!(((2 | (3 | (4 | (5 | (6 | (7 | (8 | ((10 | (((((15 | (16 | 17)) | !14) | !13) | !12) | !11)) | !9)))))))) | !1) | !0)) & (t)] 0
[(!(((2 | (4 | (5 | (6 | (7 | (8 | ((10 | (((((15 | (16 | ((18 | 19) | !17))) | !14) | !13) | !12) | !11)) | !9))))))) | !1) | !0)) & (t)] 0
[(!(((2 | (3 | (4 | (5 | (6 | (7 | (8 | ((10 | (((((15 | (16 | ((18 | !19) | !17))) | !14) | !13) | !12) | !11)) | !9)))))))) | !1) | !0)) & (t)] 0
[(!(((2 | (3 | (4 | (5 | (6 | (7 | (8 | ((10 | (((((15 | (16 | ((19 | !18) | !17))) | !14) | !13) | !12) | !11)) | !9)))))))) | !1) | !0)) & (t)] 0
[(!(((2 | (3 | (4 | (5 | (6 | (7 | (8 | ((10 | (((((15 | (16 | !(17 & (18 & 19)))) | !14) | !13) | !12) | !11)) | !9)))))))) | !1) | !0)) & (t)] 0
[(!(((2 | ((4 | (5 | (6 | (7 | (8 | ((10 | (((((15 | (16 | 17)) | !14) | !13) | !12) | !11)) | !9)))))) | !3)) | !1) | !0)) & (t)] 0
[(!(((2 | ((4 | (5 | (6 | (7 | (8 | ((10 | (((((15 | (16 | ((18 | !19) | !17))) | !14) | !13) | !12) | !11)) | !9)))))) | !3)) | !1) | !0)) & (t)] 0
[(!(((2 | ((4 | (5 | (6 | (7 | (8 | ((10 | (((((15 | (16 | ((19 | !18) | !17))) | !14) | !13) | !12) | !11)) | !9)))))) | !3)) | !1) | !0)) & (t)] 0
[(!(((2 | ((4 | (5 | (6 | (7 | (8 | ((10 | (((((15 | (16 | !(17 & (18 & 19)))) | !14) | !13) | !12) | !11)) | !9)))))) | !3)) | !1) | !0)) & (t)] 0
[(!((1 | (2 | (3 | (4 | ((6 | (7 | (8 | (9 | (10 | ((12 | (13 | (((16 | 17) | !15) | !14))) | !11)))))) | !5))))) | !0)) & (t)] 0
[(!((1 | (2 | (3 | (4 | ((6 | (7 | (8 | (9 | (10 | ((12 | (13 | (((16 | ((18 | 19) | !17)) | !15) | !14))) | !11)))))) | !5))))) | !0)) & (t)] 0
[(!((1 | (2 | (3 | (4 | ((6 | (7 | (8 | (9 | (10 | ((12 | (13 | (((16 | ((18 | !19) | !17)) | !15) | !14))) | !11)))))) | !5))))) | !0)) & (t)] 0
[(!((1 | (2 | (3 | (4 | ((6 | (7 | (8 | (9 | (10 | ((12 | (13 | (((16 | ((19 | !18) | !17)) | !15) | !14))) | !11)))))) | !5))))) | !0)) & (t)] 0
[(!((1 | (2 | (3 | (4 | ((6 | (7 | (8 | (9 | (10 | ((12 | (13 | (((16 | !(17 & (18 & 19))) | !15) | !14))) | !11)))))) | !5))))) | !0)) & (t)] 0
[(!(((2 | (3 | (4 | (5 | ((7 | (8 | (9 | (10 | (11 | (12 | (13 | (((16 | 17) | !15) | !14)))))))) | !6))))) | !1) | !0)) & (t)] 0
[(!(((2 | (3 | (4 | (5 | ((7 | (8 | (9 | (10 | (11 | (12 | (13 | (((16 | ((18 | 19) | !17)) | !15) | !14)))))))) | !6))))) | !1) | !0)) & (t)] 0
[(!(((2 | (3 | (4 | (5 | ((7 | (8 | (9 | (10 | (11 | (12 | (13 | (((16 | ((18 | !19) | !17)) | !15) | !14)))))))) | !6))))) | !1) | !0)) & (t)] 0
[(!(((2 | (3 | (4 | (5 | ((7 | (8 | (9 | (10 | (11 | (12 | (13 | (((16 | ((19 | !18) | !17)) | !15) | !14)))))))) | !6))))) | !1) | !0)) & (t)] 0
[(!(((2 | (3 | (4 | (5 | ((7 | (8 | (9 | (10 | (11 | (12 | (13 | (((16 | !(17 & (18 & 19))) | !15) | !14)))))))) | !6))))) | !1) | !0)) & (t)] 0
[(!(0 | ((2 | ((4 | (5 | (6 | (7 | (8 | (9 | ((((13 | (14 | (16 | !15))) | !12) | !11) | !10))))))) | !3)) | !1))) & (!((21 | 22) | !20))] 0
[(!(0 | ((2 | ((4 | (5 | (6 | ((8 | (9 | (10 | (((13 | ((15 | (17 | !16)) | !14)) | !12) | !11)))) | !7)))) | !3)) | !1))) & (t)] 0
[(!(0 | ((2 | ((4 | (5 | (6 | ((8 | (9 | (10 | (((13 | ((15 | (((18 | 19) | !17) | !16)) | !14)) | !12) | !11)))) | !7)))) | !3)) | !1))) & (t)] 0
[(!((2 | ((4 | (5 | (6 | ((8 | (9 | (10 | (((13 | ((15 | (((18 | !19) | !17) | !16)) | !14)) | !12) | !11)))) | !7)))) | !3)) | !1)) & (t)] 0
[(!(0 | ((2 | ((4 | (5 | (6 | ((8 | (9 | (10 | (((13 | ((15 | (((19 | !18) | !17) | !16)) | !14)) | !12) | !11)))) | !7)))) | !3)) | !1))) & (t)] 0
[(!(0 | ((2 | ((4 | (5 | (6 | ((8 | (9 | (10 | (((13 | ((15 | !(16 & (17 & (18 & 19)))) | !14)) | !12) | !11)))) | !7)))) | !3)) | !1))) & (t)] 0
[(!(((2 | ((4 | (5 | (6 | ((8 | (9 | (10 | (((13 | ((15 | (17 | !16)) | !14)) | !12) | !11)))) | !7)))) | !3)) | !1) | !0)) & (t)] 0
[(!(((2 | ((4 | (5 | (6 | ((8 | (9 | (10 | (((13 | ((15 | (((18 | 19) | !17) | !16)) | !14)) | !12) | !11)))) | !7)))) | !3)) | !1) | !0)) & (t)] 0
[(!(((2 | ((4 | (5 | (6 | ((8 | (9 | (10 | (((13 | ((15 | (((19 | !18) | !17) | !16)) | !14)) | !12) | !11)))) | !7)))) | !3)) | !1) | !0)) & (t)] 0
[(!(((2 | ((4 | (5 | (6 | ((8 | (9 | (10 | (((13 | ((15 | !(16 & (17 & (18 & 19)))) | !14)) | !12) | !11)))) | !7)))) | !3)) | !1) | !0)) & (t)] 0
[(!(0 | (1 | (2 | ((4 | ((6 | (7 | (8 | (9 | (10 | ((12 | (13 | (((16 | 17) | !15) | !14))) | !11)))))) | !5)) | !3))))) & (t)] 0
[(!(0 | (1 | (2 | ((4 | ((6 | (7 | (8 | (9 | (10 | ((12 | (13 | (((16 | ((18 | 19) | !17)) | !15) | !14))) | !11)))))) | !5)) | !3))))) & (t)] 0
[(!(0 | (1 | (2 | ((4 | ((6 | (7 | (8 | (9 | (10 | ((12 | (13 | (((16 | ((18 | !19) | !17)) | !15) | !14))) | !11)))))) | !5)) | !3))))) & (t)] 0
[(!(0 | (1 | (2 | ((4 | ((6 | (7 | (8 | (9 | (10 | ((12 | (13 | (((16 | ((19 | !18) | !17)) | !15) | !14))) | !11)))))) | !5)) | !3))))) & (t)] 0
[(!(0 | (1 | (2 | ((4 | ((6 | (7 | (8 | (9 | (10 | ((12 | (13 | (((16 | !(17 & (18 & 19))) | !15) | !14))) | !11)))))) | !5)) | !3))))) & (t)] 0
[(!(0 | ((2 | ((4 | (5 | ((7 | (8 | (9 | (10 | (11 | (12 | (13 | (((16 | 17) | !15) | !14)))))))) | !6))) | !3)) | !1))) & (t)] 0
[(!(0 | ((2 | ((4 | (5 | ((7 | (8 | (9 | (10 | (11 | (12 | (13 | (((16 | ((18 | 19) | !17)) | !15) | !14)))))))) | !6))) | !3)) | !1))) & (t)] 0
[(!(0 | ((2 | ((4 | (5 | ((7 | (8 | (9 | (10 | (11 | (12 | (13 | (((16 | ((18 | !19) | !17)) | !15) | !14)))))))) | !6))) | !3)) | !1))) & (t)] 0
[(!(0 | ((2 | ((4 | (5 | ((7 | (8 | (9 | (10 | (11 | (12 | (13 | (((16 | ((19 | !18) | !17)) | !15) | !14)))))))) | !6))) | !3)) | !1))) & (t)] 0
[(!(0 | ((2 | ((4 | (5 | ((7 | (8 | (9 | (10 | (11 | (12 | (13 | (((16 | !(17 & (18 & 19))) | !15) | !14)))))))) | !6))) | !3)) | !1))) & (t)] 0
[(!((1 | (2 | ((4 | (5 | (6 | (7 | (8 | (9 | ((((13 | (14 | (16 | !15))) | !12) | !11) | !10))))))) | !3))) | !0)) & (20 & (21 & 22))] 0
[(!((1 | (2 | (3 | (4 | (5 | (6 | (7 | (8 | (9 | (10 | (((13 | ((15 | (17 | !16)) | !14)) | !12) | !11))))))))))) | !0)) & (t)] 0
[(!((1 | (2 | (3 | (4 | (5 | (6 | (7 | (8 | (9 | (10 | (((13 | ((15 | (((18 | 19) | !17) | !16)) | !14)) | !12) | !11))))))))))) | !0)) & (t)] 0
[(!((1 | (2 | (3 | (4 | (5 | (6 | (7 | (8 | (9 | (10 | (((13 | ((15 | (((18 | !19) | !17) | !16)) | !14)) | !12) | !11))))))))))) | !0)) & (t)] 0
[(!((1 | (2 | (3 | (4 | (5 | (6 | (7 | (8 | (9 | (10 | (((13 | ((15 | (((19 | !18) | !17) | !16)) | !14)) | !12) | !11))))))))))) | !0)) & (t)] 0
[(!((1 | (2 | (3 | (4 | (5 | (6 | (7 | (8 | (9 | (10 | (((13 | ((15 | !(16 & (17 & (18 & 19)))) | !14)) | !12) | !11))))))))))) | !0)) & (t)] 0
[(!(0 | (1 | (2 | ((4 | (5 | (6 | (7 | (8 | (9 | (10 | (((((15 | (16 | 17)) | !14) | !13) | !12) | !11)))))))) | !3))))) & (t)] 0
[(!(0 | (1 | (2 | ((4 | (5 | (6 | (7 | (8 | (9 | (10 | (((((15 | (16 | ((18 | 19) | !17))) | !14) | !13) | !12) | !11)))))))) | !3))))) & (t)] 0
[(!(0 | (1 | (2 | ((4 | (5 | (6 | (7 | (8 | (9 | (10 | (((((15 | (16 | ((18 | !19) | !17))) | !14) | !13) | !12) | !11)))))))) | !3))))) & (t)] 0
[(!(0 | (1 | (2 | ((4 | (5 | (6 | (7 | (8 | (9 | (10 | (((((15 | (16 | ((19 | !18) | !17))) | !14) | !13) | !12) | !11)))))))) | !3))))) & (t)] 0
[(!(0 | (1 | (2 | ((4 | (5 | (6 | (7 | (8 | (9 | (10 | (((((15 | (16 | !(17 & (18 & 19)))) | !14) | !13) | !12) | !11)))))))) | !3))))) & (t)] 0
[(!((1 | (2 | ((4 | (5 | ((7 | ((9 | (10 | ((12 | (13 | (((16 | 17) | !15) | !14))) | !11))) | !8)) | !6))) | !3))) | !0)) & (t)] 0
[(!((1 | (2 | ((4 | (5 | ((7 | ((9 | (10 | ((12 | (13 | (((16 | ((18 | 19) | !17)) | !15) | !14))) | !11))) | !8)) | !6))) | !3))) | !0)) & (t)] 0
[(!((1 | (2 | ((4 | (5 | ((7 | ((9 | (10 | ((12 | (13 | (((16 | ((18 | !19) | !17)) | !15) | !14))) | !11))) | !8)) | !6))) | !3))) | !0)) & (t)] 0
[(!((2 | ((4 | (5 | ((7 | ((9 | (10 | ((12 | (13 | (((16 | ((19 | !18) | !17)) | !15) | !14))) | !11))) | !8)) | !6))) | !3)) | !0)) & (t)] 0
[(!((1 | (2 | ((4 | (5 | ((7 | ((9 | (10 | ((12 | (13 | (((16 | !(17 & (18 & 19))) | !15) | !14))) | !11))) | !8)) | !6))) | !3))) | !0)) & (t)] 0
[(!(((2 | ((4 | (5 | ((7 | ((9 | (10 | ((12 | (13 | (((16 | 17) | !15) | !14))) | !11))) | !8)) | !6))) | !3)) | !1) | !0)) & (t)] 0
[(!(((2 | ((4 | (5 | ((7 | ((9 | (10 | ((12 | (13 | (((16 | ((18 | 19) | !17)) | !15) | !14))) | !11))) | !8)) | !6))) | !3)) | !1) | !0)) & (t)] 0
[(!(((2 | ((4 | (5 | ((7 | ((9 | (10 | ((12 | (13 | (((16 | ((18 | !19) | !17)) | !15) | !14))) | !11))) | !8)) | !6))) | !3)) | !1) | !0)) & (t)] 0
[(!(((2 | ((4 | (5 | ((7 | ((9 | (10 | ((12 | (13 | (((16 | !(17 & (18 & 19))) | !15) | !14))) | !11))) | !8)) | !6))) | !3)) | !1) | !0)) & (t)] 0
[(!(((2 | ((4 | (5 | (6 | (7 | (8 | (9 | ((11 | ((13 | (14 | (16 | !15))) | !12)) | !10))))))) | !3)) | !1) | !0)) & (!((22 | !21) | !20))] 0
[(!(((2 | (3 | (4 | (5 | (6 | (7 | (8 | (9 | (10 | (11 | ((13 | ((15 | (17 | !16)) | !14)) | !12))))))))))) | !1) | !0)) & (t)] 0
[(!(((2 | (3 | (4 | (5 | (6 | (7 | (8 | (9 | (10 | (11 | ((13 | ((15 | (((18 | 19) | !17) | !16)) | !14)) | !12))))))))))) | !1) | !0)) & (t)] 0
[(!(((2 | (3 | (4 | (5 | (6 | (7 | (8 | (9 | (10 | (11 | ((13 | ((15 | (((18 | !19) | !17) | !16)) | !14)) | !12))))))))))) | !1) | !0)) & (t)] 0
[(!(((2 | (3 | (4 | (5 | (6 | (7 | (8 | (9 | (10 | (11 | ((13 | ((15 | (((19 | !18) | !17) | !16)) | !14)) | !12))))))))))) | !1) | !0)) & (t)] 0
[(!(((2 | (3 | (4 | (5 | (6 | (7 | (8 | (9 | (10 | (11 | ((13 | ((15 | !(16 & (17 & (18 & 19)))) | !14)) | !12))))))))))) | !1) | !0)) & (t)] 0
[(!(0 | ((2 | ((4 | (5 | (6 | (7 | (8 | (9 | (10 | (11 | ((((15 | (16 | 17)) | !14) | !13) | !12))))))))) | !3)) | !1))) & (t)] 0
[(!(0 | ((2 | ((4 | (5 | (6 | (7 | (8 | (9 | (10 | (11 | ((((15 | (16 | ((18 | 19) | !17))) | !14) | !13) | !12))))))))) | !3)) | !1))) & (t)] 0
[(!(0 | ((2 | ((4 | (5 | (6 | (7 | (8 | (9 | (10 | (11 | ((((15 | (16 | ((18 | !19) | !17))) | !14) | !13) | !12))))))))) | !3)) | !1))) & (t)] 0
[(!(0 | ((2 | ((4 | (5 | (6 | (7 | (8 | (9 | (10 | (11 | ((((15 | (16 | ((19 | !18) | !17))) | !14) | !13) | !12))))))))) | !3)) | !1))) & (t)] 0
[(!(0 | ((2 | ((4 | (5 | (6 | (7 | (8 | (9 | (10 | (11 | ((((15 | (16 | !(17 & (18 & 19)))) | !14) | !13) | !12))))))))) | !3)) | !1))) & (t)] 0
[(!(((((4 | ((6 | (7 | (8 | (9 | (10 | (11 | (12 | (13 | (((16 | 17) | !15) | !14))))))))) | !5)) | !3) | !2) | !1) | !0)) & (t)] 0
[(!(((((4 | ((6 | (7 | (8 | (9 | (10 | (11 | (12 | (13 | (((16 | ((18 | 19) | !17)) | !15) | !14))))))))) | !5)) | !3) | !2) | !1) | !0)) & (t)] 0
[(!(((((4 | ((6 | (7 | (8 | (9 | (10 | (11 | (12 | (13 | (((16 | ((18 | !19) | !17)) | !15) | !14))))))))) | !5)) | !3) | !2) | !1) | !0)) & (t)] 0
[(!(((((4 | ((6 | (7 | (8 | (9 | (10 | (11 | (12 | (13 | (((16 | ((19 | !18) | !17)) | !15) | !14))))))))) | !5)) | !3) | !2) | !1) | !0)) & (t)] 0
[(!(((((4 | ((6 | (7 | (8 | (9 | (10 | (12 | (13 | (((16 | !(17 & (18 & 19))) | !15) | !14)))))))) | !5)) | !3) | !2) | !1) | !0)) & (t)] 0
[(!(((((4 | ((6 | (7 | (8 | (9 | (10 | ((12 | (13 | (((16 | 17) | !15) | !14))) | !11)))))) | !5)) | !3) | !2) | !1) | !0)) & (t)] 0
[(!(((((4 | ((6 | (7 | (8 | (9 | (10 | ((12 | (13 | (((16 | ((18 | 19) | !17)) | !15) | !14))) | !11)))))) | !5)) | !3) | !2) | !1) | !0)) & (t)] 0
[(!(((((4 | ((6 | (7 | (8 | (9 | (10 | ((12 | (13 | (((16 | ((18 | !19) | !17)) | !15) | !14))) | !11)))))) | !5)) | !3) | !2) | !1) | !0)) & (t)] 0
[(!(((((4 | ((6 | (7 | (8 | (9 | (10 | ((12 | (13 | (((16 | ((19 | !18) | !17)) | !15) | !14))) | !11)))))) | !5)) | !3) | !2) | !1) | !0)) & (t)] 0
[(!(((2 | (3 | (4 | (5 | (6 | (7 | (8 | ((((((14 | (15 | 16)) | !13) | !12) | !11) | !10) | !9)))))))) | !1) | !0)) & (!((21 | !22) | !20))] 0
[(!(((2 | (3 | (4 | (5 | (6 | (7 | (8 | (((((13 | (14 | (16 | !15))) | !12) | !11) | !10) | !9)))))))) | !1) | !0)) & (!((21 | !22) | !20))] 0
[(!((1 | (2 | (3 | (4 | ((6 | (7 | (8 | ((10 | ((12 | (13 | (((16 | 17) | !15) | !14))) | !11)) | !9)))) | !5))))) | !0)) & (t)] 0
[(!((1 | (2 | (3 | (4 | ((6 | (7 | (8 | ((10 | ((12 | (13 | (((16 | ((18 | 19) | !17)) | !15) | !14))) | !11)) | !9)))) | !5))))) | !0)) & (t)] 0
[(!((1 | (2 | (3 | (4 | ((6 | (7 | (8 | ((10 | ((12 | (13 | (((16 | ((18 | !19) | !17)) | !15) | !14))) | !11)) | !9)))) | !5))))) | !0)) & (t)] 0
[(!((1 | (2 | (3 | (4 | ((6 | (7 | (8 | ((10 | ((12 | (13 | (((16 | ((19 | !18) | !17)) | !15) | !14))) | !11)) | !9)))) | !5))))) | !0)) & (t)] 0
[(!((1 | (2 | (3 | (4 | ((6 | (7 | (8 | ((10 | ((12 | (13 | (((16 | !(17 & (18 & 19))) | !15) | !14))) | !11)) | !9)))) | !5))))) | !0)) & (t)] 0
[(!(((2 | (3 | (4 | (5 | ((7 | (8 | ((10 | (11 | (12 | (13 | (((16 | 17) | !15) | !14))))) | !9))) | !6))))) | !1) | !0)) & (t)] 0
[(!(((2 | (3 | (4 | (5 | ((7 | (8 | ((10 | (11 | (12 | (13 | (((16 | ((18 | 19) | !17)) | !15) | !14))))) | !9))) | !6))))) | !1) | !0)) & (t)] 0
[(!(((2 | (3 | (4 | (5 | ((7 | (8 | ((10 | (11 | (12 | (13 | (((16 | ((18 | !19) | !17)) | !15) | !14))))) | !9))) | !6))))) | !1) | !0)) & (t)] 0
[(!(((2 | (3 | (4 | (5 | ((7 | (8 | ((10 | (11 | (12 | (13 | (((16 | ((19 | !18) | !17)) | !15) | !14))))) | !9))) | !6))))) | !1) | !0)) & (t)] 0
[(!(((2 | (3 | (4 | (5 | ((7 | (8 | ((10 | (11 | (12 | (13 | (((16 | !(17 & (18 & 19))) | !15) | !14))))) | !9))) | !6))))) | !1) | !0)) & (t)] 0
[(!((1 | (2 | (3 | (4 | (5 | (6 | (7 | (8 | (9 | ((((13 | (14 | (16 | !15))) | !12) | !11) | !10)))))))))) | !0)) & (!((21 | !22) | !20))] 0
[(!((1 | (2 | (3 | (4 | (5 | (6 | (7 | (8 | ((10 | (((((15 | (16 | 17)) | !14) | !13) | !12) | !11)) | !9))))))))) | !0)) & (t)] 0
[(!((1 | (2 | (4 | (5 | (6 | (7 | (8 | ((10 | (((((15 | (16 | ((18 | 19) | !17))) | !14) | !13) | !12) | !11)) | !9)))))))) | !0)) & (t)] 0
[(!((1 | (2 | (3 | (4 | (5 | (6 | (7 | (8 | ((10 | (((((15 | (16 | ((18 | !19) | !17))) | !14) | !13) | !12) | !11)) | !9))))))))) | !0)) & (t)] 0
[(!((1 | (2 | (3 | (4 | (5 | (6 | (7 | (8 | ((10 | (((((15 | (16 | ((19 | !18) | !17))) | !14) | !13) | !12) | !11)) | !9))))))))) | !0)) & (t)] 0
[(!((1 | (2 | (3 | (4 | (5 | (6 | (7 | (8 | ((10 | (((((15 | (16 | !(17 & (18 & 19)))) | !14) | !13) | !12) | !11)) | !9))))))))) | !0)) & (t)] 0
[(!((1 | (2 | ((4 | (5 | (6 | (7 | (8 | ((10 | (((((15 | (16 | 17)) | !14) | !13) | !12) | !11)) | !9)))))) | !3))) | !0)) & (t)] 0
[(!((1 | (2 | ((4 | (5 | (6 | (7 | (8 | ((10 | (((((15 | (16 | ((18 | !19) | !17))) | !14) | !13) | !12) | !11)) | !9)))))) | !3))) | !0)) & (t)] 0
[(!((1 | (2 | ((4 | (5 | (6 | (7 | (8 | ((10 | (((((15 | (16 | ((19 | !18) | !17))) | !14) | !13) | !12) | !11)) | !9)))))) | !3))) | !0)) & (t)] 0
[(!((1 | (2 | ((4 | (5 | (6 | (7 | (8 | ((10 | (((((15 | (16 | !(17 & (18 & 19)))) | !14) | !13) | !12) | !11)) | !9)))))) | !3))) | !0)) & (t)] 0
[(!((1 | (2 | (3 | (4 | (5 | ((7 | ((9 | (10 | ((12 | (13 | (((16 | 17) | !15) | !14))) | !11))) | !8)) | !6)))))) | !0)) & (t)] 0
[(!((1 | (2 | (3 | (4 | (5 | ((7 | ((9 | (10 | ((12 | (13 | (((16 | ((18 | 19) | !17)) | !15) | !14))) | !11))) | !8)) | !6)))))) | !0)) & (t)] 0
[(!((1 | (2 | (3 | (4 | (5 | ((7 | ((9 | (10 | ((12 | (13 | (((16 | ((18 | !19) | !17)) | !15) | !14))) | !11))) | !8)) | !6)))))) | !0)) & (t)] 0
[(!((2 | (3 | (4 | (5 | ((7 | ((9 | (10 | ((12 | (13 | (((16 | ((19 | !18) | !17)) | !15) | !14))) | !11))) | !8)) | !6))))) | !0)) & (t)] 0
[(!((1 | (2 | (3 | (4 | (5 | ((7 | ((9 | (10 | ((12 | (13 | (((16 | !(17 & (18 & 19))) | !15) | !14))) | !11))) | !8)) | !6)))))) | !0)) & (t)] 0
[(!(((2 | (3 | (4 | (5 | ((7 | ((9 | (10 | ((12 | (13 | (((16 | 17) | !15) | !14))) | !11))) | !8)) | !6))))) | !1) | !0)) & (t)] 0
[(!(((2 | (3 | (4 | (5 | ((7 | ((9 | (10 | ((12 | (13 | (((16 | ((18 | 19) | !17)) | !15) | !14))) | !11))) | !8)) | !6))))) | !1) | !0)) & (t)] 0
[(!(((2 | (3 | (4 | (5 | ((7 | ((9 | (10 | ((12 | (13 | (((16 | ((18 | !19) | !17)) | !15) | !14))) | !11))) | !8)) | !6))))) | !1) | !0)) & (t)] 0
[(!(((2 | (3 | (4 | (5 | ((7 | ((9 | (10 | ((12 | (13 | (((16 | !(17 & (18 & 19))) | !15) | !14))) | !11))) | !8)) | !6))))) | !1) | !0)) & (t)] 0
[(!(((2 | (3 | (4 | (5 | (6 | (7 | (8 | (9 | ((11 | ((13 | (14 | (16 | !15))) | !12)) | !10))))))))) | !1) | !0)) & (!((21 | !22) | !20))] 0
[(!(((2 | (3 | (4 | (5 | (6 | (7 | (8 | ((10 | (11 | ((((15 | (16 | 17)) | !14) | !13) | !12))) | !9)))))))) | !1) | !0)) & (t)] 0
[(!(((2 | (4 | (5 | (6 | (7 | (8 | ((10 | (11 | ((((15 | (16 | ((18 | 19) | !17))) | !14) | !13) | !12))) | !9))))))) | !1) | !0)) & (t)] 0
[(!(((2 | (3 | (4 | (5 | (6 | (7 | (8 | ((10 | (11 | ((((15 | (16 | ((18 | !19) | !17))) | !14) | !13) | !12))) | !9)))))))) | !1) | !0)) & (t)] 0
[(!(((2 | (3 | (4 | (5 | (6 | (7 | (8 | ((10 | (11 | ((((15 | (16 | ((19 | !18) | !17))) | !14) | !13) | !12))) | !9)))))))) | !1) | !0)) & (t)] 0
[(!(((2 | (3 | (4 | (5 | (6 | (7 | (8 | ((10 | (11 | ((((15 | (16 | !(17 & (18 & 19)))) | !14) | !13) | !12))) | !9)))))))) | !1) | !0)) & (t)] 0
[(!(((2 | ((4 | (5 | (6 | (7 | (8 | ((10 | (11 | ((((15 | (16 | 17)) | !14) | !13) | !12))) | !9)))))) | !3)) | !1) | !0)) & (t)] 0
[(!(((2 | ((4 | (5 | (6 | (7 | (8 | ((10 | (11 | ((((15 | (16 | ((18 | !19) | !17))) | !14) | !13) | !12))) | !9)))))) | !3)) | !1) | !0)) & (t)] 0
[(!(((2 | ((4 | (5 | (6 | (7 | (8 | ((10 | (11 | ((((15 | (16 | ((19 | !18) | !17))) | !14) | !13) | !12))) | !9)))))) | !3)) | !1) | !0)) & (t)] 0
[(!(((2 | ((4 | (5 | (6 | (7 | (8 | ((10 | (11 | ((((15 | (16 | !(17 & (18 & 19)))) | !14) | !13) | !12))) | !9)))))) | !3)) | !1) | !0)) & (t)] 0
[(!((((3 | (4 | ((6 | (7 | (8 | (9 | (10 | (11 | (12 | (13 | (((16 | 17) | !15) | !14))))))))) | !5))) | !2) | !1) | !0)) & (t)] 0
[(!((((3 | (4 | ((6 | (7 | (8 | (9 | (10 | (11 | (12 | (13 | (((16 | ((18 | 19) | !17)) | !15) | !14))))))))) | !5))) | !2) | !1) | !0)) & (t)] 0
[(!((((3 | (4 | ((6 | (7 | (8 | (9 | (10 | (11 | (12 | (13 | (((16 | ((18 | !19) | !17)) | !15) | !14))))))))) | !5))) | !2) | !1) | !0)) & (t)] 0
[(!((((3 | (4 | ((6 | (7 | (8 | (9 | (10 | (11 | (12 | (13 | (((16 | ((19 | !18) | !17)) | !15) | !14))))))))) | !5))) | !2) | !1) | !0)) & (t)] 0
[(!((((3 | (4 | ((6 | (7 | (8 | (9 | (10 | (12 | (13 | (((16 | !(17 & (18 & 19))) | !15) | !14)))))))) | !5))) | !2) | !1) | !0)) & (t)] 0
[(!((((3 | (4 | ((6 | (7 | (8 | (9 | (10 | ((12 | (13 | (((16 | 17) | !15) | !14))) | !11)))))) | !5))) | !2) | !1) | !0)) & (t)] 0
[(!((((3 | (4 | ((6 | (7 | (8 | (9 | (10 | ((12 | (13 | (((16 | ((18 | 19) | !17)) | !15) | !14))) | !11)))))) | !5))) | !2) | !1) | !0)) & (t)] 0
[(!((((3 | (4 | ((6 | (7 | (8 | (9 | (10 | ((12 | (13 | (((16 | ((18 | !19) | !17)) | !15) | !14))) | !11)))))) | !5))) | !2) | !1) | !0)) & (t)] 0
[(!((((3 | (4 | ((6 | (7 | (8 | (9 | (10 | ((12 | (13 | (((16 | ((19 | !18) | !17)) | !15) | !14))) | !11)))))) | !5))) | !2) | !1) | !0)) & (t)] 0
[(!(0 | ((2 | ((4 | (5 | (6 | ((8 | (9 | ((((13 | (14 | (15 | !16))) | !12) | !11) | !10))) | !7)))) | !3)) | !1))) & (!((21 | 22) | !20))] 0
[(!(0 | ((2 | ((4 | (5 | (6 | ((8 | (9 | ((((13 | (14 | (16 | !15))) | !12) | !11) | !10))) | !7)))) | !3)) | !1))) & (!((21 | 22) | !20))] 0
[(!(0 | (1 | (2 | ((4 | ((6 | ((8 | (9 | (10 | ((12 | (13 | (((16 | 17) | !15) | !14))) | !11)))) | !7)) | !5)) | !3))))) & (t)] 0
[(!(0 | (1 | (2 | ((4 | ((6 | ((8 | (9 | (10 | ((12 | (13 | (((16 | ((18 | 19) | !17)) | !15) | !14))) | !11)))) | !7)) | !5)) | !3))))) & (t)] 0
[(!(0 | (1 | (2 | ((4 | ((6 | ((8 | (9 | (10 | ((12 | (13 | (((16 | ((18 | !19) | !17)) | !15) | !14))) | !11)))) | !7)) | !5)) | !3))))) & (t)] 0
[(!(0 | (1 | (2 | ((4 | ((6 | ((8 | (9 | (10 | ((12 | (13 | (((16 | ((19 | !18) | !17)) | !15) | !14))) | !11)))) | !7)) | !5)) | !3))))) & (t)] 0
[(!(0 | (1 | (2 | ((4 | ((6 | ((8 | (9 | (10 | ((12 | (13 | (((16 | !(17 & (18 & 19))) | !15) | !14))) | !11)))) | !7)) | !5)) | !3))))) & (t)] 0
[(!(0 | ((2 | ((4 | (5 | (((8 | (9 | (10 | (11 | (12 | (13 | (((16 | 17) | !15) | !14))))))) | !7) | !6))) | !3)) | !1))) & (t)] 0
[(!(0 | ((2 | ((4 | (5 | (((8 | (9 | (10 | (11 | (12 | (13 | (((16 | ((18 | 19) | !17)) | !15) | !14))))))) | !7) | !6))) | !3)) | !1))) & (t)] 0
[(!(0 | ((2 | ((4 | (5 | (((8 | (9 | (10 | (11 | (12 | (13 | (((16 | ((18 | !19) | !17)) | !15) | !14))))))) | !7) | !6))) | !3)) | !1))) & (t)] 0
[(!(0 | ((2 | ((4 | (5 | (((8 | (9 | (10 | (11 | (12 | (13 | (((16 | ((19 | !18) | !17)) | !15) | !14))))))) | !7) | !6))) | !3)) | !1))) & (t)] 0
[(!(0 | ((2 | ((4 | (5 | (((8 | (9 | (10 | (11 | (12 | (13 | (((16 | !(17 & (18 & 19))) | !15) | !14))))))) | !7) | !6))) | !3)) | !1))) & (t)] 0
[(!(0 | (1 | (2 | ((4 | (5 | (6 | (7 | (8 | (9 | ((((13 | (14 | (16 | !15))) | !12) | !11) | !10))))))) | !3))))) & (!((21 | 22) | !20))] 0
[(!(0 | (1 | (2 | ((4 | (5 | (6 | ((8 | (9 | (10 | (((13 | ((15 | (17 | !16)) | !14)) | !12) | !11)))) | !7)))) | !3))))) & (t)] 0
[(!(0 | (1 | (2 | ((4 | (5 | (6 | ((8 | (9 | (10 | (((13 | ((15 | (((18 | 19) | !17) | !16)) | !14)) | !12) | !11)))) | !7)))) | !3))))) & (t)] 0
[(!(1 | (2 | ((4 | (5 | (6 | ((8 | (9 | (10 | (((13 | ((15 | (((18 | !19) | !17) | !16)) | !14)) | !12) | !11)))) | !7)))) | !3)))) & (t)] 0
[(!(0 | (1 | (2 | ((4 | (5 | (6 | ((8 | (9 | (10 | (((13 | ((15 | (((19 | !18) | !17) | !16)) | !14)) | !12) | !11)))) | !7)))) | !3))))) & (t)] 0
[(!(0 | (1 | (2 | ((4 | (5 | (6 | ((8 | (9 | (10 | (((13 | ((15 | !(16 & (17 & (18 & 19)))) | !14)) | !12) | !11)))) | !7)))) | !3))))) & (t)] 0
[(!((1 | (2 | ((4 | (5 | (6 | ((8 | (9 | (10 | (((13 | ((15 | (17 | !16)) | !14)) | !12) | !11)))) | !7)))) | !3))) | !0)) & (t)] 0
[(!((1 | (2 | ((4 | (5 | (6 | ((8 | (9 | (10 | (((13 | ((15 | (((18 | 19) | !17) | !16)) | !14)) | !12) | !11)))) | !7)))) | !3))) | !0)) & (t)] 0
[(!((1 | (2 | ((4 | (5 | (6 | ((8 | (9 | (10 | (((13 | ((15 | (((19 | !18) | !17) | !16)) | !14)) | !12) | !11)))) | !7)))) | !3))) | !0)) & (t)] 0
[(!((1 | (2 | ((4 | (5 | (6 | ((8 | (9 | (10 | (((13 | ((15 | !(16 & (17 & (18 & 19)))) | !14)) | !12) | !11)))) | !7)))) | !3))) | !0)) & (t)] 0
[(!(0 | (1 | (2 | ((4 | (5 | ((7 | ((9 | (10 | ((12 | (13 | (((16 | 17) | !15) | !14))) | !11))) | !8)) | !6))) | !3))))) & (t)] 0
[(!(0 | (1 | (2 | ((4 | (5 | ((7 | ((9 | (10 | ((12 | (13 | (((16 | ((18 | 19) | !17)) | !15) | !14))) | !11))) | !8)) | !6))) | !3))))) & (t)] 0
[(!(0 | (1 | (2 | ((4 | (5 | ((7 | ((9 | (10 | ((12 | (13 | (((16 | ((18 | !19) | !17)) | !15) | !14))) | !11))) | !8)) | !6))) | !3))))) & (t)] 0
[(!(0 | (2 | ((4 | (5 | ((7 | ((9 | (10 | ((12 | (13 | (((16 | ((19 | !18) | !17)) | !15) | !14))) | !11))) | !8)) | !6))) | !3)))) & (t)] 0
[(!(0 | (1 | (2 | ((4 | (5 | ((7 | ((9 | (10 | ((12 | (13 | (((16 | !(17 & (18 & 19))) | !15) | !14))) | !11))) | !8)) | !6))) | !3))))) & (t)] 0
[(!(0 | ((2 | ((4 | (5 | ((7 | ((9 | (10 | ((12 | (13 | (((16 | 17) | !15) | !14))) | !11))) | !8)) | !6))) | !3)) | !1))) & (t)] 0
[(!(0 | ((2 | ((4 | (5 | ((7 | ((9 | (10 | ((12 | (13 | (((16 | ((18 | 19) | !17)) | !15) | !14))) | !11))) | !8)) | !6))) | !3)) | !1))) & (t)] 0
[(!(0 | ((2 | ((4 | (5 | ((7 | ((9 | (10 | ((12 | (13 | (((16 | ((18 | !19) | !17)) | !15) | !14))) | !11))) | !8)) | !6))) | !3)) | !1))) & (t)] 0
[(!(0 | ((2 | ((4 | (5 | ((7 | ((9 | (10 | ((12 | (13 | (((16 | !(17 & (18 & 19))) | !15) | !14))) | !11))) | !8)) | !6))) | !3)) | !1))) & (t)] 0
[(!(0 | ((2 | ((4 | (5 | (6 | (7 | (8 | (9 | ((11 | ((13 | (14 | (16 | !15))) | !12)) | !10))))))) | !3)) | !1))) & (!((21 | 22) | !20))] 0
[(!(0 | ((2 | ((4 | (5 | (6 | ((8 | (9 | (10 | (11 | ((13 | ((15 | (17 | !16)) | !14)) | !12))))) | !7)))) | !3)) | !1))) & (t)] 0
[(!(0 | ((2 | ((4 | (5 | (6 | ((8 | (9 | (10 | (11 | ((13 | ((15 | (((18 | 19) | !17) | !16)) | !14)) | !12))))) | !7)))) | !3)) | !1))) & (t)] 0
[(!((2 | ((4 | (5 | (6 | ((8 | (9 | (10 | (11 | ((13 | ((15 | (((18 | !19) | !17) | !16)) | !14)) | !12))))) | !7)))) | !3)) | !1)) & (t)] 0
[(!(0 | ((2 | ((4 | (5 | (6 | ((8 | (9 | (10 | (11 | ((13 | ((15 | (((19 | !18) | !17) | !16)) | !14)) | !12))))) | !7)))) | !3)) | !1))) & (t)] 0
[(!(0 | ((2 | ((4 | (5 | (6 | ((8 | (9 | (10 | (11 | ((13 | ((15 | !(16 & (17 & (18 & 19)))) | !14)) | !12))))) | !7)))) | !3)) | !1))) & (t)] 0
[(!(((2 | ((4 | (5 | (6 | ((8 | (9 | (10 | (11 | ((13 | ((15 | (17 | !16)) | !14)) | !12))))) | !7)))) | !3)) | !1) | !0)) & (t)] 0
[(!(((2 | ((4 | (5 | (6 | ((8 | (9 | (10 | (11 | ((13 | ((15 | (((18 | 19) | !17) | !16)) | !14)) | !12))))) | !7)))) | !3)) | !1) | !0)) & (t)] 0
[(!(((2 | ((4 | (5 | (6 | ((8 | (9 | (10 | (11 | ((13 | ((15 | (((19 | !18) | !17) | !16)) | !14)) | !12))))) | !7)))) | !3)) | !1) | !0)) & (t)] 0
[(!(((2 | ((4 | (5 | (6 | ((8 | (9 | (10 | (11 | ((13 | ((15 | !(16 & (17 & (18 & 19)))) | !14)) | !12))))) | !7)))) | !3)) | !1) | !0)) & (t)] 0
[(!(0 | ((((4 | ((6 | (7 | (8 | (9 | (10 | (11 | (12 | (13 | (((16 | 17) | !15) | !14))))))))) | !5)) | !3) | !2) | !1))) & (t)] 0
[(!(0 | ((((4 | ((6 | (7 | (8 | (9 | (10 | (11 | (12 | (13 | (((16 | ((18 | 19) | !17)) | !15) | !14))))))))) | !5)) | !3) | !2) | !1))) & (t)] 0
[(!(0 | ((((4 | ((6 | (7 | (8 | (9 | (10 | (11 | (12 | (13 | (((16 | ((18 | !19) | !17)) | !15) | !14))))))))) | !5)) | !3) | !2) | !1))) & (t)] 0
[(!(0 | ((((4 | ((6 | (7 | (8 | (9 | (10 | (11 | (12 | (13 | (((16 | ((19 | !18) | !17)) | !15) | !14))))))))) | !5)) | !3) | !2) | !1))) & (t)] 0
[(!(0 | ((((4 | ((6 | (7 | (8 | (9 | (10 | (12 | (13 | (((16 | !(17 & (18 & 19))) | !15) | !14)))))))) | !5)) | !3) | !2) | !1))) & (t)] 0
[(!(0 | ((((4 | ((6 | (7 | (8 | (9 | (10 | ((12 | (13 | (((16 | 17) | !15) | !14))) | !11)))))) | !5)) | !3) | !2) | !1))) & (t)] 0
[(!(0 | ((((4 | ((6 | (7 | (8 | (9 | (10 | ((12 | (13 | (((16 | ((18 | 19) | !17)) | !15) | !14))) | !11)))))) | !5)) | !3) | !2) | !1))) & (t)] 0
[(!(0 | ((((4 | ((6 | (7 | (8 | (9 | (10 | ((12 | (13 | (((16 | ((18 | !19) | !17)) | !15) | !14))) | !11)))))) | !5)) | !3) | !2) | !1))) & (t)] 0
[(!(0 | ((((4 | ((6 | (7 | (8 | (9 | (10 | ((12 | (13 | (((16 | ((19 | !18) | !17)) | !15) | !14))) | !11)))))) | !5)) | !3) | !2) | !1))) & (t)] 0
[(!((1 | (2 | ((4 | (5 | ((7 | ((9 | (((12 | (13 | (14 | (16 | !15)))) | !11) | !10)) | !8)) | !6))) | !3))) | !0)) & (20 & (21 & 22))] 0
[(!((1 | (2 | ((4 | (5 | (6 | (7 | ((9 | ((((13 | (14 | (16 | !15))) | !12) | !11) | !10)) | !8))))) | !3))) | !0)) & (20 & (21 & 22))] 0
[(!((1 | (2 | (3 | (4 | (5 | (6 | (7 | ((9 | (10 | (((13 | ((15 | (17 | !16)) | !14)) | !12) | !11))) | !8)))))))) | !0)) & (t)] 0
[(!((1 | (2 | (3 | (4 | (5 | (6 | (7 | ((9 | (10 | (((13 | ((15 | (((18 | 19) | !17) | !16)) | !14)) | !12) | !11))) | !8)))))))) | !0)) & (t)] 0
[(!((1 | (2 | (3 | (4 | (5 | (6 | (7 | ((9 | (10 | (((13 | ((15 | (((18 | !19) | !17) | !16)) | !14)) | !12) | !11))) | !8)))))))) | !0)) & (t)] 0
[(!((1 | (2 | (3 | (4 | (5 | (6 | (7 | ((9 | (10 | (((13 | ((15 | (((19 | !18) | !17) | !16)) | !14)) | !12) | !11))) | !8)))))))) | !0)) & (t)] 0
[(!((1 | (2 | (3 | (4 | (5 | (6 | (7 | ((9 | (10 | (((13 | ((15 | !(16 & (17 & (18 & 19)))) | !14)) | !12) | !11))) | !8)))))))) | !0)) & (t)] 0
[(!(0 | (1 | (2 | ((4 | (5 | (6 | (7 | ((9 | (10 | (((((15 | (16 | 17)) | !14) | !13) | !12) | !11))) | !8))))) | !3))))) & (t)] 0
[(!(0 | (1 | (2 | ((4 | (5 | (6 | (7 | ((9 | (10 | (((((15 | (16 | ((18 | 19) | !17))) | !14) | !13) | !12) | !11))) | !8))))) | !3))))) & (t)] 0
[(!(0 | (1 | (2 | ((4 | (5 | (6 | (7 | ((9 | (10 | (((((15 | (16 | ((18 | !19) | !17))) | !14) | !13) | !12) | !11))) | !8))))) | !3))))) & (t)] 0
[(!(0 | (1 | (2 | ((4 | (5 | (6 | (7 | ((9 | (10 | (((((15 | (16 | ((19 | !18) | !17))) | !14) | !13) | !12) | !11))) | !8))))) | !3))))) & (t)] 0
[(!(0 | (1 | (2 | ((4 | (5 | (6 | (7 | ((9 | (10 | (((((15 | (16 | !(17 & (18 & 19)))) | !14) | !13) | !12) | !11))) | !8))))) | !3))))) & (t)] 0
[(!(((((4 | ((6 | (7 | (8 | (9 | ((11 | (12 | (13 | (14 | (16 | !15))))) | !10))))) | !5)) | !3) | !2) | !1) | !0)) & (!((22 | !21) | !20))] 0
[(!(((((4 | (5 | (6 | (7 | (8 | (9 | ((11 | ((13 | (14 | (16 | !15))) | !12)) | !10))))))) | !3) | !2) | !1) | !0)) & (!((22 | !21) | !20))] 0
[(!((((3 | (4 | (5 | (6 | (7 | (8 | (9 | (10 | (11 | ((13 | ((15 | (17 | !16)) | !14)) | !12)))))))))) | !2) | !1) | !0)) & (t)] 0
[(!((((3 | (4 | (5 | (6 | (7 | (8 | (9 | (10 | (11 | ((13 | ((15 | (((18 | 19) | !17) | !16)) | !14)) | !12)))))))))) | !2) | !1) | !0)) & (t)] 0
[(!((((3 | (4 | (5 | (6 | (7 | (8 | (9 | (10 | (11 | ((13 | ((15 | (((18 | !19) | !17) | !16)) | !14)) | !12)))))))))) | !2) | !1) | !0)) & (t)] 0
[(!((((3 | (4 | (5 | (6 | (7 | (8 | (9 | (10 | (11 | ((13 | ((15 | (((19 | !18) | !17) | !16)) | !14)) | !12)))))))))) | !2) | !1) | !0)) & (t)] 0
[(!((((3 | (4 | (5 | (6 | (7 | (8 | (9 | (10 | (11 | ((13 | ((15 | !(16 & (17 & (18 & 19)))) | !14)) | !12)))))))))) | !2) | !1) | !0)) & (t)] 0
[(!(0 | ((((4 | (5 | (6 | (7 | (8 | (9 | (10 | (11 | ((((15 | (16 | 17)) | !14) | !13) | !12))))))))) | !3) | !2) | !1))) & (t)] 0
[(!(0 | ((((4 | (5 | (6 | (7 | (8 | (9 | (10 | (11 | ((((15 | (16 | ((18 | 19) | !17))) | !14) | !13) | !12))))))))) | !3) | !2) | !1))) & (t)] 0
[(!(0 | ((((4 | (5 | (6 | (7 | (8 | (9 | (10 | (11 | ((((15 | (16 | ((18 | !19) | !17))) | !14) | !13) | !12))))))))) | !3) | !2) | !1))) & (t)] 0
[(!(0 | ((((4 | (5 | (6 | (7 | (8 | (9 | (10 | (11 | ((((15 | (16 | ((19 | !18) | !17))) | !14) | !13) | !12))))))))) | !3) | !2) | !1))) & (t)] 0
[(!(0 | ((((4 | (5 | (6 | (7 | (8 | (9 | (10 | (11 | ((((15 | (16 | !(17 & (18 & 19)))) | !14) | !13) | !12))))))))) | !3) | !2) | !1))) & (t)] 0
[(!((1 | (2 | (3 | (4 | (5 | (6 | (7 | (8 | (((((13 | (14 | (16 | !15))) | !12) | !11) | !10) | !9))))))))) | !0)) & (20 & (21 & 22))] 0
[(!((1 | (2 | (3 | (4 | (5 | ((7 | (((10 | ((12 | (13 | (((16 | 17) | !15) | !14))) | !11)) | !9) | !8)) | !6)))))) | !0)) & (t)] 0
[(!((1 | (2 | (3 | (4 | (5 | ((7 | (((10 | ((12 | (13 | (((16 | ((18 | 19) | !17)) | !15) | !14))) | !11)) | !9) | !8)) | !6)))))) | !0)) & (t)] 0
[(!((1 | (2 | (3 | (4 | (5 | ((7 | (((10 | ((12 | (13 | (((16 | ((18 | !19) | !17)) | !15) | !14))) | !11)) | !9) | !8)) | !6)))))) | !0)) & (t)] 0
[(!((2 | (3 | (4 | (5 | ((7 | (((10 | ((12 | (13 | (((16 | ((19 | !18) | !17)) | !15) | !14))) | !11)) | !9) | !8)) | !6))))) | !0)) & (t)] 0
[(!((1 | (2 | (3 | (4 | (5 | ((7 | (((10 | ((12 | (13 | (((16 | !(17 & (18 & 19))) | !15) | !14))) | !11)) | !9) | !8)) | !6)))))) | !0)) & (t)] 0
[(!(((2 | (3 | (4 | (5 | ((7 | (((10 | ((12 | (13 | (((16 | 17) | !15) | !14))) | !11)) | !9) | !8)) | !6))))) | !1) | !0)) & (t)] 0
[(!(((2 | (3 | (4 | (5 | ((7 | (((10 | ((12 | (13 | (((16 | ((18 | 19) | !17)) | !15) | !14))) | !11)) | !9) | !8)) | !6))))) | !1) | !0)) & (t)] 0
[(!(((2 | (3 | (4 | (5 | ((7 | (((10 | ((12 | (13 | (((16 | ((18 | !19) | !17)) | !15) | !14))) | !11)) | !9) | !8)) | !6))))) | !1) | !0)) & (t)] 0
[(!(((2 | (3 | (4 | (5 | ((7 | (((10 | ((12 | (13 | (((16 | !(17 & (18 & 19))) | !15) | !14))) | !11)) | !9) | !8)) | !6))))) | !1) | !0)) & (t)] 0
[(!(((2 | (3 | (4 | (5 | (6 | (7 | (8 | (((11 | ((13 | (14 | (16 | !15))) | !12)) | !10) | !9)))))))) | !1) | !0)) & (!((22 | !21) | !20))] 0
[(!((((3 | (4 | ((6 | (7 | (8 | ((10 | (11 | (12 | (13 | (((16 | 17) | !15) | !14))))) | !9)))) | !5))) | !2) | !1) | !0)) & (t)] 0
[(!((((3 | (4 | ((6 | (7 | (8 | ((10 | (11 | (12 | (13 | (((16 | ((18 | 19) | !17)) | !15) | !14))))) | !9)))) | !5))) | !2) | !1) | !0)) & (t)] 0
[(!((((3 | (4 | ((6 | (7 | (8 | ((10 | (11 | (12 | (13 | (((16 | ((18 | !19) | !17)) | !15) | !14))))) | !9)))) | !5))) | !2) | !1) | !0)) & (t)] 0
[(!((((3 | (4 | ((6 | (7 | (8 | ((10 | (11 | (12 | (13 | (((16 | ((19 | !18) | !17)) | !15) | !14))))) | !9)))) | !5))) | !2) | !1) | !0)) & (t)] 0
[(!((((3 | (4 | ((6 | (7 | (8 | ((10 | (12 | (13 | (((16 | !(17 & (18 & 19))) | !15) | !14)))) | !9)))) | !5))) | !2) | !1) | !0)) & (t)] 0
[(!((((3 | (4 | ((6 | (7 | (8 | ((10 | ((12 | (13 | (((16 | 17) | !15) | !14))) | !11)) | !9)))) | !5))) | !2) | !1) | !0)) & (t)] 0
[(!((((3 | (4 | ((6 | (7 | (8 | ((10 | ((12 | (13 | (((16 | ((18 | 19) | !17)) | !15) | !14))) | !11)) | !9)))) | !5))) | !2) | !1) | !0)) & (t)] 0
[(!((((3 | (4 | ((6 | (7 | (8 | ((10 | ((12 | (13 | (((16 | ((18 | !19) | !17)) | !15) | !14))) | !11)) | !9)))) | !5))) | !2) | !1) | !0)) & (t)] 0
[(!((((3 | (4 | ((6 | (7 | (8 | ((10 | ((12 | (13 | (((16 | ((19 | !18) | !17)) | !15) | !14))) | !11)) | !9)))) | !5))) | !2) | !1) | !0)) & (t)] 0
[(!((1 | (2 | (3 | (4 | (5 | (6 | (7 | (8 | ((((((14 | (15 | 16)) | !13) | !12) | !11) | !10) | !9))))))))) | !0)) & (20 & (21 & 22))] 0
[(!((1 | (2 | ((4 | (5 | (6 | (7 | (8 | ((((((14 | (15 | 16)) | !13) | !12) | !11) | !10) | !9)))))) | !3))) | !0)) & (20 & (21 & 22))] 0
[(!((1 | (2 | (3 | (4 | (5 | (6 | (7 | ((9 | ((((13 | (14 | (16 | !15))) | !12) | !11) | !10)) | !8)))))))) | !0)) & (!((21 | !22) | !20))] 0
[(!((1 | (2 | (3 | (4 | (5 | (6 | (7 | (((10 | (((((15 | (16 | 17)) | !14) | !13) | !12) | !11)) | !9) | !8)))))))) | !0)) & (t)] 0
[(!((1 | (2 | (4 | (5 | (6 | (7 | (((10 | (((((15 | (16 | ((18 | 19) | !17))) | !14) | !13) | !12) | !11)) | !9) | !8))))))) | !0)) & (t)] 0
[(!((1 | (2 | (3 | (4 | (5 | (6 | (7 | (((10 | (((((15 | (16 | ((18 | !19) | !17))) | !14) | !13) | !12) | !11)) | !9) | !8)))))))) | !0)) & (t)] 0
[(!((1 | (2 | (3 | (4 | (5 | (6 | (7 | (((10 | (((((15 | (16 | ((19 | !18) | !17))) | !14) | !13) | !12) | !11)) | !9) | !8)))))))) | !0)) & (t)] 0
[(!((1 | (2 | (3 | (4 | (5 | (6 | (7 | (((10 | (((((15 | (16 | !(17 & (18 & 19)))) | !14) | !13) | !12) | !11)) | !9) | !8)))))))) | !0)) & (t)] 0
[(!((1 | (2 | ((4 | (5 | (6 | (7 | (((10 | (((((15 | (16 | 17)) | !14) | !13) | !12) | !11)) | !9) | !8))))) | !3))) | !0)) & (t)] 0
[(!((1 | (2 | ((4 | (5 | (6 | (7 | (((10 | (((((15 | (16 | ((18 | !19) | !17))) | !14) | !13) | !12) | !11)) | !9) | !8))))) | !3))) | !0)) & (t)] 0
[(!((1 | (2 | ((4 | (5 | (6 | (7 | (((10 | (((((15 | (16 | ((19 | !18) | !17))) | !14) | !13) | !12) | !11)) | !9) | !8))))) | !3))) | !0)) & (t)] 0
[(!((1 | (2 | ((4 | (5 | (6 | (7 | (((10 | (((((15 | (16 | !(17 & (18 & 19)))) | !14) | !13) | !12) | !11)) | !9) | !8))))) | !3))) | !0)) & (t)] 0
[(!(((2 | (3 | (4 | (5 | (6 | (7 | (8 | (((11 | (((14 | (15 | 16)) | !13) | !12)) | !10) | !9)))))))) | !1) | !0)) & (!20)] 0
[(!(((2 | ((4 | (5 | (6 | (7 | (8 | (((11 | (((14 | (15 | 16)) | !13) | !12)) | !10) | !9)))))) | !3)) | !1) | !0)) & (!((22 | !21) | !20))] 0
[(!((((3 | (4 | (5 | (6 | (7 | (8 | (9 | ((11 | ((13 | (14 | (16 | !15))) | !12)) | !10)))))))) | !2) | !1) | !0)) & (!((21 | !22) | !20))] 0
[(!((((3 | (4 | (5 | (6 | (7 | (8 | ((10 | (11 | ((((15 | (16 | 17)) | !14) | !13) | !12))) | !9))))))) | !2) | !1) | !0)) & (t)] 0
[(!((((4 | (5 | (6 | (7 | (8 | ((10 | (11 | ((((15 | (16 | ((18 | 19) | !17))) | !14) | !13) | !12))) | !9)))))) | !2) | !1) | !0)) & (t)] 0
[(!((((3 | (4 | (5 | (6 | (7 | (8 | ((10 | (11 | ((((15 | (16 | ((18 | !19) | !17))) | !14) | !13) | !12))) | !9))))))) | !2) | !1) | !0)) & (t)] 0
[(!((((3 | (4 | (5 | (6 | (7 | (8 | ((10 | (11 | ((((15 | (16 | ((19 | !18) | !17))) | !14) | !13) | !12))) | !9))))))) | !2) | !1) | !0)) & (t)] 0
[(!((((3 | (4 | (5 | (6 | (7 | (8 | ((10 | (11 | ((((15 | (16 | !(17 & (18 & 19)))) | !14) | !13) | !12))) | !9))))))) | !2) | !1) | !0)) & (t)] 0
[(!(((((4 | (5 | (6 | (7 | (8 | ((10 | (11 | ((((15 | (16 | 17)) | !14) | !13) | !12))) | !9)))))) | !3) | !2) | !1) | !0)) & (t)] 0
[(!(((((4 | (5 | (6 | (7 | (8 | ((10 | (11 | ((((15 | (16 | ((18 | !19) | !17))) | !14) | !13) | !12))) | !9)))))) | !3) | !2) | !1) | !0)) & (t)] 0
[(!(((((4 | (5 | (6 | (7 | (8 | ((10 | (11 | ((((15 | (16 | ((19 | !18) | !17))) | !14) | !13) | !12))) | !9)))))) | !3) | !2) | !1) | !0)) & (t)] 0
[(!(((((4 | (5 | (6 | (7 | (8 | ((10 | (11 | ((((15 | (16 | !(17 & (18 & 19)))) | !14) | !13) | !12))) | !9)))))) | !3) | !2) | !1) | !0)) & (t)] 0
[(!(0 | (1 | (2 | ((4 | (5 | (6 | ((8 | (9 | ((((13 | (14 | (16 | !15))) | !12) | !11) | !10))) | !7)))) | !3))))) & (20 & (21 & 22))] 0
[(!(0 | (1 | (2 | ((4 | (5 | ((((9 | (10 | ((12 | (13 | (((16 | 17) | !15) | !14))) | !11))) | !8) | !7) | !6))) | !3))))) & (t)] 0
[(!(0 | (1 | (2 | ((4 | (5 | ((((9 | (10 | ((12 | (13 | (((16 | ((18 | 19) | !17)) | !15) | !14))) | !11))) | !8) | !7) | !6))) | !3))))) & (t)] 0
[(!(0 | (1 | (2 | ((4 | (5 | ((((9 | (10 | ((12 | (13 | (((16 | ((18 | !19) | !17)) | !15) | !14))) | !11))) | !8) | !7) | !6))) | !3))))) & (t)] 0
[(!(0 | (2 | ((4 | (5 | ((((9 | (10 | ((12 | (13 | (((16 | ((19 | !18) | !17)) | !15) | !14))) | !11))) | !8) | !7) | !6))) | !3)))) & (t)] 0
[(!(0 | (1 | (2 | ((4 | (5 | ((((9 | (10 | ((12 | (13 | (((16 | !(17 & (18 & 19))) | !15) | !14))) | !11))) | !8) | !7) | !6))) | !3))))) & (t)] 0
[(!(0 | ((2 | ((4 | (5 | ((((9 | (10 | ((12 | (13 | (((16 | 17) | !15) | !14))) | !11))) | !8) | !7) | !6))) | !3)) | !1))) & (t)] 0
[(!(0 | ((2 | ((4 | (5 | ((((9 | (10 | ((12 | (13 | (((16 | ((18 | 19) | !17)) | !15) | !14))) | !11))) | !8) | !7) | !6))) | !3)) | !1))) & (t)] 0
[(!(0 | ((2 | ((4 | (5 | ((((9 | (10 | ((12 | (13 | (((16 | ((18 | !19) | !17)) | !15) | !14))) | !11))) | !8) | !7) | !6))) | !3)) | !1))) & (t)] 0
[(!(0 | ((2 | ((4 | (5 | ((((9 | (10 | ((12 | (13 | (((16 | !(17 & (18 & 19))) | !15) | !14))) | !11))) | !8) | !7) | !6))) | !3)) | !1))) & (t)] 0
[(!(0 | ((2 | ((4 | (5 | (6 | ((8 | (9 | ((11 | ((13 | (14 | (16 | !15))) | !12)) | !10))) | !7)))) | !3)) | !1))) & (!((22 | !21) | !20))] 0
[(!(0 | ((((4 | ((6 | ((8 | (9 | (10 | (11 | (12 | (13 | (((16 | 17) | !15) | !14))))))) | !7)) | !5)) | !3) | !2) | !1))) & (t)] 0
[(!(0 | ((((4 | ((6 | ((8 | (9 | (10 | (11 | (12 | (13 | (((16 | ((18 | 19) | !17)) | !15) | !14))))))) | !7)) | !5)) | !3) | !2) | !1))) & (t)] 0
[(!(0 | ((((4 | ((6 | ((8 | (9 | (10 | (11 | (12 | (13 | (((16 | ((18 | !19) | !17)) | !15) | !14))))))) | !7)) | !5)) | !3) | !2) | !1))) & (t)] 0
[(!(0 | ((((4 | ((6 | ((8 | (9 | (10 | (11 | (12 | (13 | (((16 | ((19 | !18) | !17)) | !15) | !14))))))) | !7)) | !5)) | !3) | !2) | !1))) & (t)] 0
[(!(0 | ((((4 | ((6 | ((8 | (9 | (10 | (12 | (13 | (((16 | !(17 & (18 & 19))) | !15) | !14)))))) | !7)) | !5)) | !3) | !2) | !1))) & (t)] 0
[(!(0 | ((((4 | ((6 | ((8 | (9 | (10 | ((12 | (13 | (((16 | 17) | !15) | !14))) | !11)))) | !7)) | !5)) | !3) | !2) | !1))) & (t)] 0
[(!(0 | ((((4 | ((6 | ((8 | (9 | (10 | ((12 | (13 | (((16 | ((18 | 19) | !17)) | !15) | !14))) | !11)))) | !7)) | !5)) | !3) | !2) | !1))) & (t)] 0
[(!(0 | ((((4 | ((6 | ((8 | (9 | (10 | ((12 | (13 | (((16 | ((18 | !19) | !17)) | !15) | !14))) | !11)))) | !7)) | !5)) | !3) | !2) | !1))) & (t)] 0
[(!(0 | ((((4 | ((6 | ((8 | (9 | (10 | ((12 | (13 | (((16 | ((19 | !18) | !17)) | !15) | !14))) | !11)))) | !7)) | !5)) | !3) | !2) | !1))) & (t)] 0
[(!(0 | (1 | (2 | ((4 | (5 | (6 | ((8 | (9 | ((((13 | (14 | (15 | !16))) | !12) | !11) | !10))) | !7)))) | !3))))) & (20 & (21 & 22))] 0
[(!((1 | (2 | ((4 | (5 | (6 | ((8 | (9 | ((((13 | (14 | (15 | !16))) | !12) | !11) | !10))) | !7)))) | !3))) | !0)) & (20 & (21 & 22))] 0
[(!(0 | (1 | (2 | ((4 | (5 | (6 | (7 | ((9 | ((((13 | (14 | (16 | !15))) | !12) | !11) | !10)) | !8))))) | !3))))) & (!((21 | 22) | !20))] 0
[(!(0 | (1 | (2 | ((4 | (5 | (6 | (((9 | (10 | (((13 | ((15 | (17 | !16)) | !14)) | !12) | !11))) | !8) | !7)))) | !3))))) & (t)] 0
[(!(0 | (1 | (2 | ((4 | (5 | (6 | (((9 | (10 | (((13 | ((15 | (((18 | 19) | !17) | !16)) | !14)) | !12) | !11))) | !8) | !7)))) | !3))))) & (t)] 0
[(!(1 | (2 | ((4 | (5 | (6 | (((9 | (10 | (((13 | ((15 | (((18 | !19) | !17) | !16)) | !14)) | !12) | !11))) | !8) | !7)))) | !3)))) & (t)] 0
[(!(0 | (1 | (2 | ((4 | (5 | (6 | (((9 | (10 | (((13 | ((15 | (((19 | !18) | !17) | !16)) | !14)) | !12) | !11))) | !8) | !7)))) | !3))))) & (t)] 0
[(!(0 | (1 | (2 | ((4 | (5 | (6 | (((9 | (10 | (((13 | ((15 | !(16 & (17 & (18 & 19)))) | !14)) | !12) | !11))) | !8) | !7)))) | !3))))) & (t)] 0
[(!((1 | (2 | ((4 | (5 | (6 | (((9 | (10 | (((13 | ((15 | (17 | !16)) | !14)) | !12) | !11))) | !8) | !7)))) | !3))) | !0)) & (t)] 0
[(!((1 | (2 | ((4 | (5 | (6 | (((9 | (10 | (((13 | ((15 | (((18 | 19) | !17) | !16)) | !14)) | !12) | !11))) | !8) | !7)))) | !3))) | !0)) & (t)] 0
[(!((1 | (2 | ((4 | (5 | (6 | (((9 | (10 | (((13 | ((15 | (((19 | !18) | !17) | !16)) | !14)) | !12) | !11))) | !8) | !7)))) | !3))) | !0)) & (t)] 0
[(!((1 | (2 | ((4 | (5 | (6 | (((9 | (10 | (((13 | ((15 | !(16 & (17 & (18 & 19)))) | !14)) | !12) | !11))) | !8) | !7)))) | !3))) | !0)) & (t)] 0
[(!(0 | ((2 | ((4 | (5 | (6 | ((8 | (9 | ((11 | ((13 | (14 | (15 | !16))) | !12)) | !10))) | !7)))) | !3)) | !1))) & (!((22 | !21) | !20))] 0
[(!(((2 | ((4 | (5 | (6 | ((8 | (9 | ((11 | ((13 | (14 | (15 | !16))) | !12)) | !10))) | !7)))) | !3)) | !1) | !0)) & (!((22 | !21) | !20))] 0
[(!(0 | ((((4 | (5 | (6 | (7 | (8 | (9 | ((11 | ((13 | (14 | (16 | !15))) | !12)) | !10))))))) | !3) | !2) | !1))) & (!((21 | 22) | !20))] 0
[(!(0 | ((((4 | (5 | (6 | ((8 | (9 | (10 | (11 | ((13 | ((15 | (17 | !16)) | !14)) | !12))))) | !7)))) | !3) | !2) | !1))) & (t)] 0
[(!(0 | ((((4 | (5 | (6 | ((8 | (9 | (10 | (11 | ((13 | ((15 | (((18 | 19) | !17) | !16)) | !14)) | !12))))) | !7)))) | !3) | !2) | !1))) & (t)] 0
[(!((((4 | (5 | (6 | ((8 | (9 | (10 | (11 | ((13 | ((15 | (((18 | !19) | !17) | !16)) | !14)) | !12))))) | !7)))) | !3) | !2) | !1)) & (t)] 0
[(!(0 | ((((4 | (5 | (6 | ((8 | (9 | (10 | (11 | ((13 | ((15 | (((19 | !18) | !17) | !16)) | !14)) | !12))))) | !7)))) | !3) | !2) | !1))) & (t)] 0
[(!(0 | ((((4 | (5 | (6 | ((8 | (9 | (10 | (11 | ((13 | ((15 | !(16 & (17 & (18 & 19)))) | !14)) | !12))))) | !7)))) | !3) | !2) | !1))) & (t)] 0
[(!(((((4 | (5 | (6 | ((8 | (9 | (10 | (11 | ((13 | ((15 | (17 | !16)) | !14)) | !12))))) | !7)))) | !3) | !2) | !1) | !0)) & (t)] 0
[(!(((((4 | (5 | (6 | ((8 | (9 | (10 | (11 | ((13 | ((15 | (((18 | 19) | !17) | !16)) | !14)) | !12))))) | !7)))) | !3) | !2) | !1) | !0)) & (t)] 0
[(!(((((4 | (5 | (6 | ((8 | (9 | (10 | (11 | ((13 | ((15 | (((19 | !18) | !17) | !16)) | !14)) | !12))))) | !7)))) | !3) | !2) | !1) | !0)) & (t)] 0
[(!(((((4 | (5 | (6 | ((8 | (9 | (10 | (11 | ((13 | ((15 | !(16 & (17 & (18 & 19)))) | !14)) | !12))))) | !7)))) | !3) | !2) | !1) | !0)) & (t)] 0
[(!((1 | (2 | (3 | (4 | (5 | ((7 | (((((12 | (13 | (14 | (16 | !15)))) | !11) | !10) | !9) | !8)) | !6)))))) | !0)) & (20 & (21 & 22))] 0
[(!(((2 | (3 | (4 | (5 | ((7 | (((((12 | (13 | (14 | (16 | !15)))) | !11) | !10) | !9) | !8)) | !6))))) | !1) | !0)) & (!((21 | !22) | !20))] 0
[(!((((3 | (4 | ((6 | (7 | (8 | (((11 | (12 | (13 | (14 | (16 | !15))))) | !10) | !9)))) | !5))) | !2) | !1) | !0)) & (!((22 | !21) | !20))] 0
[(!((((3 | (4 | ((6 | (7 | (8 | ((((12 | (13 | (14 | (16 | !15)))) | !11) | !10) | !9)))) | !5))) | !2) | !1) | !0)) & (!((21 | !22) | !20))] 0
[(!((1 | (2 | (3 | (4 | (5 | (6 | (7 | ((((((13 | (14 | (16 | !15))) | !12) | !11) | !10) | !9) | !8)))))))) | !0)) & (20 & (21 & 22))] 0
[(!((((3 | (4 | (5 | (6 | (7 | (8 | (((11 | ((13 | (14 | (16 | !15))) | !12)) | !10) | !9))))))) | !2) | !1) | !0)) & (!((22 | !21) | !20))] 0
[(!((1 | (2 | (3 | (4 | (5 | (6 | (7 | (((((((14 | (15 | 16)) | !13) | !12) | !11) | !10) | !9) | !8)))))))) | !0)) & (!((21 | !22) | !20))] 0
[(!((1 | (2 | ((4 | (5 | (6 | (7 | (((((((14 | (15 | 16)) | !13) | !12) | !11) | !10) | !9) | !8))))) | !3))) | !0)) & (20 & (21 & 22))] 0
[(!((((3 | (4 | (5 | (6 | (7 | (8 | (((11 | (((14 | (15 | 16)) | !13) | !12)) | !10) | !9))))))) | !2) | !1) | !0)) & (!((21 | !22) | !20))] 0
[(!(((((4 | (5 | (6 | (7 | (8 | (((11 | (((14 | (15 | 16)) | !13) | !12)) | !10) | !9)))))) | !3) | !2) | !1) | !0)) & (!((22 | !21) | !20))] 0
[(!(0 | (1 | (2 | ((4 | (5 | ((((9 | (((12 | (13 | (14 | (16 | !15)))) | !11) | !10)) | !8) | !7) | !6))) | !3))))) & (20 & (21 & 22))] 0
[(!(0 | ((2 | ((4 | (5 | ((((9 | (((12 | (13 | (14 | (16 | !15)))) | !11) | !10)) | !8) | !7) | !6))) | !3)) | !1))) & (!((21 | 22) | !20))] 0
[(!(0 | ((((4 | ((6 | ((8 | (9 | ((11 | (12 | (13 | (14 | (16 | !15))))) | !10))) | !7)) | !5)) | !3) | !2) | !1))) & (!((22 | !21) | !20))] 0
[(!(0 | ((((4 | ((6 | ((8 | (9 | (((12 | (13 | (14 | (16 | !15)))) | !11) | !10))) | !7)) | !5)) | !3) | !2) | !1))) & (!((21 | 22) | !20))] 0
[(!(0 | (1 | (2 | ((4 | (5 | (6 | (((9 | ((((13 | (14 | (16 | !15))) | !12) | !11) | !10)) | !8) | !7)))) | !3))))) & (!((21 | 22) | !20))] 0
[(!(0 | ((((4 | (5 | (6 | ((8 | (9 | ((11 | ((13 | (14 | (16 | !15))) | !12)) | !10))) | !7)))) | !3) | !2) | !1))) & (!((22 | !21) | !20))] 0
[(!(0 | (1 | (2 | ((4 | (5 | (6 | (((9 | ((((13 | (14 | (15 | !16))) | !12) | !11) | !10)) | !8) | !7)))) | !3))))) & (!((21 | 22) | !20))] 0
[(!((1 | (2 | ((4 | (5 | (6 | (((9 | ((((13 | (14 | (15 | !16))) | !12) | !11) | !10)) | !8) | !7)))) | !3))) | !0)) & (20 & (21 & 22))] 0
[(!(0 | ((((4 | (5 | (6 | ((8 | (9 | ((11 | ((13 | (14 | (15 | !16))) | !12)) | !10))) | !7)))) | !3) | !2) | !1))) & (!((21 | 22) | !20))] 0
[(!(((((4 | (5 | (6 | ((8 | (9 | ((11 | ((13 | (14 | (15 | !16))) | !12)) | !10))) | !7)))) | !3) | !2) | !1) | !0)) & (!((22 | !21) | !20))] 0
[(0 & (1 & (2 & (3 & (4 | (5 & (6 | (7 | (8 | (9 | (10 & (11 | (12 | (13 | (14 | (16 | !15))))) | !10 & (12 | (13 | ((16 | !15) | !14)))))))) | !5 & (6 | (7 & (8 | (9 | (10 & (11 | ((13 | (14 | (15 | !16))) | !12)) | !10 & (11 | ((13 | ((15 | !16) | !14)) | !12))))) | !7 & (8 | (9 & (10 & (11 | (((14 | (15 | 16)) | !13) | !12)) | !10 & (11 | ((((15 | 16) | !14) | !13) | !12))) | !9 & ((11 | ((13 | (14 | (16 | !15))) | !12)) | !10))))))) | !3 & (4 | (5 & (6 | (7 | (8 | (9 & (10 & (12 | (13 | (14 | (16 | !15)))) | !10 & (12 | (13 | ((16 | !15) | !14)))) | !9 & (10 | (12 | (13 | ((16 | !15) | !14)))))))) | !5 & (6 | (7 | (8 | (9 & (10 & (11 | ((13 & (14 | (15 | 16)) | !13 & (14 | (16 | !15))) | !12)) | !10 & (11 | ((((15 | 16) | !14) | !13) | !12))) | !9 & (10 & (11 | ((13 | (14 | (16 | !15))) | !12)) | !10 & (11 | ((13 | ((15 | !16) | !14)) | !12)))))))))) | !2 & (3 & (4 | (5 | (6 & (7 | (8 & (9 | (10 | ((12 | (13 | ((16 | !15) | !14))) | !11))) | !8 & (9 | (10 | (11 | (12 | (13 | ((16 | !15) | !14)))))))) | !6 & (7 & (8 | (9 | (10 & (11 | ((13 | (14 | (15 | !16))) | !12)) | !10 & ((13 | ((15 | !16) | !14)) | !12)))) | !7 & (8 | (9 & (10 & (11 | (((14 | (15 | 16)) | !13) | !12)) | !10 & ((((15 | 16) | !14) | !13) | !12)) | !9 & (10 & (11 | ((13 | (14 | (16 | !15))) | !12)) | !10 & ((12 | (13 | ((15 | 16) | !14))) | !11)))))))) | !3 & (4 | (5 | (6 & (7 | (8 & (9 & (10 & ((12 | (13 | (14 | (16 | !15)))) | !11) | !10 & ((12 | (13 | ((16 | !15) | !14))) | !11)) | !9 & (10 | ((12 | (13 | ((16 | !15) | !14))) | !11))) | !8 & (10 | (11 | (12 | (13 | ((16 | !15) | !14))))))) | !6 & (7 | (8 | (9 & (10 & ((13 & (14 | (15 | 16)) | !13 & (14 | (16 | !15))) | !12) | !10 & ((((15 | 16) | !14) | !13) | !12)) | !9 & (10 & ((13 | (14 | (16 | !15))) | !12) | !10 & ((13 | ((15 | !16) | !14)) | !12)))))))))) | !1 & (2 | (3 & (4 | (5 & (6 | (7 | (8 | (9 | (10 | ((12 | (13 | ((16 | !15) | !14))) | !11)))))) | !5 & (6 & (7 | ((9 | (10 & ((12 | (13 | (14 | (16 | !15)))) | !11) | !10 & ((12 | (13 | ((16 | !15) | !14))) | !11))) | !8)) | !6 & (7 & (9 | (10 & (((13 | (14 | (15 | !16))) | !12) | !11) | !10 & (((13 | ((15 | !16) | !14)) | !12) | !11))) | !7 & (9 & (10 & ((((14 | (15 | 16)) | !13) | !12) | !11) | !10 & (((((15 | 16) | !14) | !13) | !12) | !11)) | !9 & ((((13 | (14 | (16 | !15))) | !12) | !11) | !10)))))) | !3 & (4 | (5 & (6 | (7 | (8 | (10 | ((12 | (13 | ((16 | !15) | !14))) | !11))))) | !5 & (6 & (7 | ((9 & (10 & ((12 | (13 | (14 | (16 | !15)))) | !11) | !10 & ((12 | (13 | ((16 | !15) | !14))) | !11)) | !9 & (10 | ((12 | (13 | ((16 | !15) | !14))) | !11))) | !8)) | !6 & (7 | (9 & (10 & (((13 & (14 | (15 | 16)) | !13 & (14 | (16 | !15))) | !12) | !11) | !10 & (((((15 | 16) | !14) | !13) | !12) | !11)) | !9 & (10 & (((13 | (14 | (16 | !15))) | !12) | !11) | !10 & (((13 | ((15 | !16) | !14)) | !12) | !11)))))))))) | !0 & (1 & (2 & ((4 | (5 & (6 | (7 & (8 | (9 | (10 & (12 | (13 | (14 | (16 | !15)))) | !10 & (12 | (13 | ((16 | !15) | !14)))))) | !7 & (8 | (9 | (10 | (12 | (13 | ((16 | !15) | !14)))))))) | !5 & (6 | (7 & (8 | (9 | (10 & (11 | ((13 | (14 | (15 & 16 | !15 & !16))) | !12)) | !10 & (11 | ((13 | ((15 | !16) | !14)) | !12))))) | !7 & (8 | (9 | (10 & (11 | ((13 | (14 | (16 | !15))) | !12)) | !10 & (11 | ((((15 | 16) | !14) | !13) | !12))))))))) | !3) | !2 & ((4 | (5 | (6 & (7 & (8 & (9 | (10 & ((12 | (13 | (14 | (16 | !15)))) | !11) | !10 & ((12 | (13 | ((16 | !15) | !14))) | !11))) | !8 & (9 | (10 | (11 | (12 | (13 | ((16 | !15) | !14))))))) | !7 & (8 & (9 | (10 | ((12 | (13 | ((16 | !15) | !14))) | !11))) | !8 & (9 | (10 | (11 | (12 | (13 | ((16 | !15) | !14)))))))) | !6 & (7 & (8 | (9 | (10 & ((13 | (14 | (15 & 16 | !15 & !16))) | !12) | !10 & ((13 | ((15 | !16) | !14)) | !12)))) | !7 & (8 | (9 | (10 & ((13 | (14 | (16 | !15))) | !12) | !10 & ((((15 | 16) | !14) | !13) | !12)))))))) | !3)) | !1 & (2 | ((4 | (5 & (6 | (8 | (9 | (10 | ((12 | (13 | ((16 | !15) | !14))) | !11))))) | !5 & (6 & (7 & ((9 | (10 & ((12 | (13 | (14 | (16 | !15)))) | !11) | !10 & ((12 | (13 | ((16 | !15) | !14))) | !11))) | !8) | !7 & ((9 | (10 | ((12 | (13 | ((16 | !15) | !14))) | !11))) | !8)) | !6 & (7 & (9 | (10 & (((13 | (14 | (15 & 16 | !15 & !16))) | !12) | !11) | !10 & (((13 | ((15 | !16) | !14)) | !12) | !11))) | !7 & (9 | (10 & (((13 | (14 | (16 | !15))) | !12) | !11) | !10 & (((((15 | 16) | !14) | !13) | !12) | !11))))))) | !3)))) & (t)] 0
--END--
Synthesis took:  144000.81086158752 ms
