Processing program.
spec contains 5 APs (['(at_floor > target)', 'up', 'down', 'dooropen', '(at_floor < target)'])
simplified !(!dooropen | (!inc & dooropen & ((target - 1) >= 0)) | (inc && dooropen)) (len 74) to (!inc & !((((!(1 <= target) & !(0 <= target)) | (1 <= target)) & dooropen) | !dooropen)) (len 88)
(!inc & !((((!(1 <= target) & !(0 <= target)) | (1 <= target)) & dooropen) | !dooropen))
simplified !((!up & down & ((at_floor - 1) >= 0)) | (up & !down) | ((up <-> down) && !(dooropen && !(at_floor < target) && !(at_floor > target))) | (dooropen && !(at_floor < target) && !(at_floor > target) && !(up & !down) && !(!up & down))) (len 230) to (!(!down | ((((0 <= at_floor) & (((0 <= target) & (1 <= at_floor)) | !(0 <= target))) | !(0 <= at_floor)) & down)) & !up) (len 121)
(!(!down | ((((0 <= at_floor) & (((0 <= target) & (1 <= at_floor)) | !(0 <= target))) | !(0 <= at_floor)) & down)) & !up)
Starting abstract synthesis loop.
adding (0 <= (at_floor - 1)), (target_prev < target), (target_prev > target), (at_floor <= target), ((at_floor_prev - target_prev) < (at_floor - target)), (at_floor_prev < at_floor), (target <= at_floor), (at_floor_prev > at_floor), ((at_floor_prev - target_prev) > (at_floor - target)), ((target_prev - at_floor_prev) < (target - at_floor)), ((target_prev - at_floor_prev) > (target - at_floor)), (0 <= (target - 1)) to predicate abstraction
constructing LTL abstraction
ltl abstraction took: 0.0017910003662109375
running LTL synthesis
Realizable.
REALIZABLE
HOA: v1
tool: "strix" "21.0.0"
States: 3
Start: 1
AP: 19 "pred__atfloorprev_GT_atfloor_" "pred___atfloorprev_MINUS_targetprev__LT__atfloor_MINUS_target__" "pred__atfloorprev_LT_atfloor_" "pred___targetprev_MINUS_atfloorprev__LT__target_MINUS_atfloor__" "pred__0_LTEQ__target_MINUS_1__" "pred__atfloor_LTEQ_target_" "pred___atfloorprev_MINUS_targetprev__GT__atfloor_MINUS_target__" "pred__targetprev_GT_target_" "q1" "pred__targetprev_LT_target_" "pred__0_LTEQ__atfloor_MINUS_1__" "q0" "pred__target_LTEQ_atfloor_" "pred___targetprev_MINUS_atfloorprev__GT__target_MINUS_atfloor__" "dooropen" "inc" "notify" "down" "up"
controllable-AP: 16 17 18
acc-name: all
Acceptance: 0 t
--BODY--
State: 0 "[0]"
[(!(0 | (1 | (2 | (3 | (4 | ((6 | (7 | (8 | (9 | (10 | (((13 | 14) | !12) | !11)))))) | !5))))))) & (t)] 2
[(!(0 | (1 | (2 | (3 | (4 | ((6 | (7 | (8 | (9 | (10 | (((13 | (15 | !14)) | !12) | !11)))))) | !5))))))) & (!(17 | 18))] 0
[(!(0 | (1 | (2 | (3 | (4 | ((6 | (7 | (8 | (9 | (10 | (((13 | !(14 & 15)) | !12) | !11)))))) | !5))))))) & (!(17 | 18))] 0
[(!(0 | (1 | (2 | (3 | (4 | ((6 | (7 | ((9 | (10 | (11 | ((13 | 14) | !12)))) | !8))) | !5))))))) & (!(17 | 18))] 1
[(!(0 | (1 | (2 | (3 | (4 | ((6 | (7 | ((9 | (10 | (11 | ((13 | !14) | !12)))) | !8))) | !5))))))) & (!(17 | 18))] 1
[(!(0 | (1 | (2 | (((((7 | (8 | ((10 | ((12 | (13 | 14)) | !11)) | !9))) | !6) | !5) | !4) | !3))))) & (t)] 1
[(!(0 | (1 | (2 | (((((7 | (8 | ((10 | ((12 | (13 | (15 | !14))) | !11)) | !9))) | !6) | !5) | !4) | !3))))) & (!(17 | 18))] 1
[(!(0 | (1 | (2 | (((((7 | (8 | ((10 | ((12 | (13 | !(14 & 15))) | !11)) | !9))) | !6) | !5) | !4) | !3))))) & (!(17 | 18))] 0
[(!(0 | (1 | (2 | (3 | (((6 | (7 | ((9 | (10 | (11 | (12 | (13 | 14))))) | !8))) | !5) | !4)))))) & (!(17 | !18))] 1
[(!(0 | (1 | (2 | (3 | (((6 | (7 | ((9 | (10 | (11 | (12 | (13 | !14))))) | !8))) | !5) | !4)))))) & (!(17 | 18))] 2
[(!(0 | ((2 | (3 | (4 | ((6 | ((8 | (9 | (10 | (((14 | !13) | !12) | !11)))) | !7)) | !5)))) | !1))) & (t)] 2
[(!(0 | ((2 | (3 | (4 | ((6 | ((8 | (9 | (10 | ((((15 | !14) | !13) | !12) | !11)))) | !7)) | !5)))) | !1))) & (!(17 | 18))] 2
[(!(0 | ((2 | (3 | ((6 | ((8 | (9 | (10 | !(11 & (12 & (13 & (14 & 15))))))) | !7)) | !5))) | !1))) & (!(17 | 18))] 2
[(!(0 | ((2 | (3 | (((6 | ((8 | (9 | (10 | ((12 | (14 | !13)) | !11)))) | !7)) | !5) | !4))) | !1))) & (t)] 1
[(!(0 | ((2 | (3 | (((6 | ((8 | (9 | (10 | ((12 | ((15 | !14) | !13)) | !11)))) | !7)) | !5) | !4))) | !1))) & (!(17 | 18))] 0
[(!(0 | ((2 | (3 | (((6 | ((8 | (9 | (10 | ((12 | !(13 & (14 & 15))) | !11)))) | !7)) | !5) | !4))) | !1))) & (!(17 | 18))] 1
[(!(0 | ((2 | (3 | (((6 | ((8 | (9 | (10 | (((14 | !13) | !12) | !11)))) | !7)) | !5) | !4))) | !1))) & (t)] 0
[(!(0 | ((2 | (3 | (((6 | ((8 | (9 | (10 | ((((15 | !14) | !13) | !12) | !11)))) | !7)) | !5) | !4))) | !1))) & (!(17 | 18))] 0
[(!(0 | (1 | (2 | (3 | (4 | (5 | (6 | (7 | ((9 | ((11 | ((13 | 14) | !12)) | !10)) | !8)))))))))) & (!(17 | 18))] 1
[(!(0 | (1 | (2 | (3 | (4 | (5 | (6 | (7 | ((9 | ((11 | ((13 | !14) | !12)) | !10)) | !8)))))))))) & (!(17 | 18))] 1
[(!((1 | (2 | ((4 | (5 | ((7 | ((9 | ((11 | ((13 | 14) | !12)) | !10)) | !8)) | !6))) | !3))) | !0)) & (!(17 | 18))] 2
[(!((1 | (2 | ((4 | (5 | ((7 | ((9 | ((11 | ((13 | !14) | !12)) | !10)) | !8)) | !6))) | !3))) | !0)) & (!(17 | 18))] 2
[(!((1 | (2 | ((4 | (((7 | ((9 | (10 | (11 | ((13 | 14) | !12)))) | !8)) | !6) | !5)) | !3))) | !0)) & (!(17 | 18))] 2
[(!((1 | (2 | ((4 | (((7 | ((9 | (10 | (11 | ((13 | !14) | !12)))) | !8)) | !6) | !5)) | !3))) | !0)) & (!(17 | 18))] 2
[(!((1 | (2 | ((4 | (((7 | ((9 | ((11 | ((13 | 14) | !12)) | !10)) | !8)) | !6) | !5)) | !3))) | !0)) & (!(17 | 18))] 0
[(!((1 | (2 | ((4 | (((7 | ((9 | ((11 | ((13 | !14) | !12)) | !10)) | !8)) | !6) | !5)) | !3))) | !0)) & (!(17 | 18))] 0
[(!(0 | (((3 | (((6 | (7 | ((9 | ((11 | (12 | (14 | !13))) | !10)) | !8))) | !5) | !4)) | !2) | !1))) & (!(17 | !18))] 2
[(!(0 | (((3 | (((6 | (7 | ((9 | ((11 | (12 | !(13 & 14))) | !10)) | !8))) | !5) | !4)) | !2) | !1))) & (!(17 | 18))] 2
[(!(0 | (((3 | (((6 | (7 | ((9 | ((11 | ((14 | !13) | !12)) | !10)) | !8))) | !5) | !4)) | !2) | !1))) & (!(17 | 18))] 1
[(!(0 | (((3 | (((6 | (7 | ((9 | ((11 | !(12 & (13 & 14))) | !10)) | !8))) | !5) | !4)) | !2) | !1))) & (!(17 | 18))] 0
[(!(0 | (1 | (2 | (3 | (((6 | (7 | ((9 | (10 | (11 | ((13 | 14) | !12)))) | !8))) | !5) | !4)))))) & (!(17 | 18))] 1
[(!(0 | (1 | (2 | (3 | (((6 | (7 | ((9 | (10 | (11 | ((13 | !14) | !12)))) | !8))) | !5) | !4)))))) & (!(17 | 18))] 2
[(!(0 | ((2 | (3 | (4 | (5 | (6 | ((8 | (9 | (10 | ((((15 | !14) | !13) | !12) | !11)))) | !7)))))) | !1))) & (!(17 | 18))] 1
[(!(0 | ((2 | (3 | (5 | (6 | ((8 | (9 | (10 | !(11 & (12 & (13 & (14 & 15))))))) | !7))))) | !1))) & (!(17 | 18))] 0
[(!(0 | ((2 | (3 | ((5 | (6 | ((8 | (9 | (10 | ((((15 | !14) | !13) | !12) | !11)))) | !7))) | !4))) | !1))) & (!(17 | 18))] 1
[(!(0 | (1 | (2 | (3 | (((6 | (7 | ((9 | ((11 | (12 | (13 | 14))) | !10)) | !8))) | !5) | !4)))))) & (!(17 | !18))] 2
[(!(0 | (1 | (2 | (3 | (((6 | (7 | ((9 | ((11 | (12 | (13 | !14))) | !10)) | !8))) | !5) | !4)))))) & (!(17 | 18))] 1
[(!(0 | (1 | (2 | (3 | (((6 | (7 | ((9 | ((11 | ((13 | 14) | !12)) | !10)) | !8))) | !5) | !4)))))) & (!(17 | 18))] 0
[(!(0 | (1 | (2 | (3 | (((6 | (7 | ((9 | ((11 | ((13 | !14) | !12)) | !10)) | !8))) | !5) | !4)))))) & (!(17 | 18))] 1
[(!(0 | (1 | (2 | (3 | (((6 | (7 | (8 | (9 | ((((13 | 14) | !12) | !11) | !10))))) | !5) | !4)))))) & (t)] 1
[(!(0 | (1 | (2 | (3 | (((6 | (7 | (8 | (9 | ((((13 | (15 | !14)) | !12) | !11) | !10))))) | !5) | !4)))))) & (!(17 | 18))] 1
[(!(0 | (1 | (2 | (3 | (((6 | (7 | (8 | (9 | ((((13 | !(14 & 15)) | !12) | !11) | !10))))) | !5) | !4)))))) & (!(17 | 18))] 0
[(!(0 | (1 | (2 | (3 | (4 | (5 | (6 | (7 | (8 | (9 | (10 | (((13 | (15 | !14)) | !12) | !11))))))))))))) & (!(17 | 18))] 1
[(!(0 | (1 | (2 | (3 | (4 | (5 | (6 | (7 | (8 | (9 | (10 | (((13 | !(14 & 15)) | !12) | !11))))))))))))) & (!(17 | 18))] 0
[(!(0 | (1 | (2 | (((5 | ((7 | (8 | ((10 | (((13 | (15 | !14)) | !12) | !11)) | !9))) | !6)) | !4) | !3))))) & (!(17 | 18))] 1
[(!(0 | (1 | (2 | (((5 | ((7 | (8 | ((10 | (((13 | !(14 & 15)) | !12) | !11)) | !9))) | !6)) | !4) | !3))))) & (!(17 | 18))] 0
[(!(0 | (1 | (2 | (((((7 | (8 | ((10 | (((13 | 14) | !12) | !11)) | !9))) | !6) | !5) | !4) | !3))))) & (t)] 0
[(!(0 | (1 | (2 | (((((7 | (8 | ((10 | (((13 | (15 | !14)) | !12) | !11)) | !9))) | !6) | !5) | !4) | !3))))) & (!(17 | 18))] 0
[(!(0 | (1 | (2 | (((((7 | (8 | ((10 | (((13 | !(14 & 15)) | !12) | !11)) | !9))) | !6) | !5) | !4) | !3))))) & (!(17 | 18))] 0
[(!(0 | (1 | (2 | (3 | ((5 | (6 | (7 | ((9 | ((11 | ((13 | 14) | !12)) | !10)) | !8)))) | !4)))))) & (!(18 | !17))] 0
[(!(0 | (1 | (2 | (3 | ((5 | (6 | (7 | ((9 | ((11 | ((13 | !14) | !12)) | !10)) | !8)))) | !4)))))) & (!(17 | 18))] 0
[(!((1 | (2 | (((5 | ((7 | ((9 | ((11 | ((13 | 14) | !12)) | !10)) | !8)) | !6)) | !4) | !3))) | !0)) & (!(17 | 18))] 0
[(!((1 | (2 | (((5 | ((7 | ((9 | ((11 | ((13 | !14) | !12)) | !10)) | !8)) | !6)) | !4) | !3))) | !0)) & (!(17 | 18))] 0
[(!((1 | (2 | (((((7 | ((9 | (10 | (11 | ((13 | 14) | !12)))) | !8)) | !6) | !5) | !4) | !3))) | !0)) & (!(17 | 18))] 0
[(!((1 | (2 | (((((7 | ((9 | (10 | (11 | ((13 | !14) | !12)))) | !8)) | !6) | !5) | !4) | !3))) | !0)) & (!(17 | 18))] 1
[(!((1 | (2 | (((((7 | ((9 | ((11 | ((13 | 14) | !12)) | !10)) | !8)) | !6) | !5) | !4) | !3))) | !0)) & (!(17 | 18))] 1
[(!((1 | (2 | (((((7 | ((9 | ((11 | ((13 | !14) | !12)) | !10)) | !8)) | !6) | !5) | !4) | !3))) | !0)) & (!(17 | 18))] 0
[(!(0 | ((2 | (3 | (4 | (5 | (6 | ((8 | (9 | ((((14 | !13) | !12) | !11) | !10))) | !7)))))) | !1))) & (t)] 2
[(!(0 | ((2 | (3 | (4 | (5 | (6 | ((8 | (9 | (((((15 | !14) | !13) | !12) | !11) | !10))) | !7)))))) | !1))) & (!(17 | 18))] 0
[(!(0 | ((2 | (3 | (5 | (6 | ((8 | (9 | !(10 & (11 & (12 & (13 & (14 & 15))))))) | !7))))) | !1))) & (!(17 | 18))] 0
[(!(0 | ((2 | (3 | ((5 | (6 | ((8 | (9 | ((((14 | !13) | !12) | !11) | !10))) | !7))) | !4))) | !1))) & (t)] 0
[(!(0 | ((2 | (3 | ((5 | (6 | ((8 | (9 | (((((15 | !14) | !13) | !12) | !11) | !10))) | !7))) | !4))) | !1))) & (!(17 | 18))] 0
[(!(0 | (1 | (2 | (((((7 | (8 | ((((12 | (13 | 14)) | !11) | !10) | !9))) | !6) | !5) | !4) | !3))))) & (t)] 2
[(!(0 | (1 | (2 | (((((7 | (8 | ((((12 | (13 | (15 | !14))) | !11) | !10) | !9))) | !6) | !5) | !4) | !3))))) & (!(17 | 18))] 2
[(!(0 | (1 | (2 | (((((7 | (8 | ((((12 | (13 | !(14 & 15))) | !11) | !10) | !9))) | !6) | !5) | !4) | !3))))) & (!(17 | 18))] 0
[(!(0 | (1 | (2 | (3 | (4 | (5 | (6 | (7 | (8 | (9 | ((((13 | 14) | !12) | !11) | !10)))))))))))) & (t)] 2
[(!(0 | (1 | (2 | (3 | (4 | (5 | (6 | (7 | (8 | (9 | ((((13 | (15 | !14)) | !12) | !11) | !10)))))))))))) & (!(17 | 18))] 0
[(!(0 | (1 | (2 | (3 | (4 | (5 | (6 | (7 | (8 | (9 | ((((13 | !(14 & 15)) | !12) | !11) | !10)))))))))))) & (!(17 | 18))] 0
[(!(0 | (1 | (2 | (((5 | ((7 | (8 | (((((13 | 14) | !12) | !11) | !10) | !9))) | !6)) | !4) | !3))))) & (t)] 0
[(!(0 | (1 | (2 | (((5 | ((7 | (8 | (((((13 | (15 | !14)) | !12) | !11) | !10) | !9))) | !6)) | !4) | !3))))) & (!(17 | 18))] 0
[(!(0 | (1 | (2 | (((5 | ((7 | (8 | (((((13 | !(14 & 15)) | !12) | !11) | !10) | !9))) | !6)) | !4) | !3))))) & (!(17 | 18))] 0
[(!(0 | (1 | (2 | (((((7 | (8 | (((((13 | 14) | !12) | !11) | !10) | !9))) | !6) | !5) | !4) | !3))))) & (t)] 1
[(!(0 | (1 | (2 | (((((7 | (8 | (((((13 | (15 | !14)) | !12) | !11) | !10) | !9))) | !6) | !5) | !4) | !3))))) & (!(17 | 18))] 1
[(!(0 | (1 | (2 | (((((7 | (8 | (((((13 | !(14 & 15)) | !12) | !11) | !10) | !9))) | !6) | !5) | !4) | !3))))) & (!(17 | 18))] 0
[(!(0 | ((2 | (3 | (4 | ((6 | ((8 | (9 | ((((14 | !13) | !12) | !11) | !10))) | !7)) | !5)))) | !1))) & (t)] 0
[(!(0 | ((2 | (3 | (4 | ((6 | ((8 | (9 | (((((15 | !14) | !13) | !12) | !11) | !10))) | !7)) | !5)))) | !1))) & (t)] 0
[(!(0 | ((2 | (3 | ((6 | ((8 | (9 | !(10 & (11 & (12 & (13 & (14 & 15))))))) | !7)) | !5))) | !1))) & (t)] 1
[(!(0 | ((2 | (3 | (((6 | ((8 | (9 | (((12 | (14 | !13)) | !11) | !10))) | !7)) | !5) | !4))) | !1))) & (t)] 2
[(!(0 | ((2 | (3 | (((6 | ((8 | (9 | (((12 | ((15 | !14) | !13)) | !11) | !10))) | !7)) | !5) | !4))) | !1))) & (t)] 0
[(!(0 | ((2 | (3 | (((6 | ((8 | (9 | (((12 | !(13 & (14 & 15))) | !11) | !10))) | !7)) | !5) | !4))) | !1))) & (t)] 2
[(!(0 | ((2 | (3 | (((6 | ((8 | (9 | ((((14 | !13) | !12) | !11) | !10))) | !7)) | !5) | !4))) | !1))) & (t)] 1
[(!(0 | ((2 | (3 | (((6 | ((8 | (9 | (((((15 | !14) | !13) | !12) | !11) | !10))) | !7)) | !5) | !4))) | !1))) & (t)] 2
[(!(0 | (1 | (2 | (3 | (4 | ((6 | (7 | ((9 | ((11 | ((13 | 14) | !12)) | !10)) | !8))) | !5))))))) & (t)] 2
[(!(0 | (1 | (2 | (3 | (4 | ((6 | (7 | ((9 | ((11 | ((13 | !14) | !12)) | !10)) | !8))) | !5))))))) & (t)] 1
[(!(0 | (1 | (2 | (3 | (4 | ((6 | (7 | (8 | (9 | ((((13 | 14) | !12) | !11) | !10))))) | !5))))))) & (t)] 2
[(!(0 | (1 | (2 | (3 | (4 | ((6 | (7 | (8 | (9 | ((((13 | (15 | !14)) | !12) | !11) | !10))))) | !5))))))) & (t)] 0
[(!(0 | (1 | (2 | (3 | (4 | ((6 | (7 | (8 | (9 | ((((13 | !(14 & 15)) | !12) | !11) | !10))))) | !5))))))) & (t)] 0
[(0 & (1 | (2 | ((5 & ((7 | ((9 | (11 | (13 | !12))) | !8)) | !6) | !5 & ((7 | ((9 | ((11 | (13 | !12)) | !10)) | !8)) | !6)) | !3))) | !0 & (1 & (2 & (3 | (((6 | (7 | ((9 | ((11 | !13) | !10)) | !8))) | !5) | !4)) | !2 & (3 | (4 & (5 & (6 | ((8 | (9 | !(11 & 13))) | !7)) | !5 & (6 | ((8 | (9 | !(10 & (11 & (12 & 13)) | !10 & (11 & (12 & (13 & 14)))))) | !7))) | !4 & (5 & (6 | ((8 | (9 | !(11 & (12 & 13)))) | !7)) | !5 & (6 | ((8 | (9 | !(10 & (11 & (12 & 13)) | !10 & (11 & (12 & (13 & 14)))))) | !7)))))) | !1 & (2 | (3 & ((5 & ((7 | (8 | ((13 | !11) | !9))) | !6) | !5 & ((7 | (8 | ((10 & ((13 | !12) | !11) | !10 & (((13 | !14) | !12) | !11)) | !9))) | !6)) | !4) | !3 & (4 & (5 & (6 | (7 | (8 & (9 | (11 | 13)) | !8 & (9 | (((13 | !12) | !11) | !10))))) | !5 & (6 | (7 | ((9 | ((11 | (13 | !12)) | !10)) | !8)))) | !4 & (5 & (6 | (7 | (8 & (9 | (11 | (13 | !12))) | !8 & (9 | ((13 | !12) | !11))))) | !5 & (6 | (7 | (8 & (9 | ((11 | (13 | !12)) | !10)) | !8 & (9 | (10 & ((13 | !12) | !11) | !10 & (((13 | !14) | !12) | !11)))))))))))) & (t)] 0
State: 1 "[1]"
[(!(0 | (1 | (2 | (3 | (4 | ((6 | (7 | (8 | (9 | (10 | (((13 | 14) | !12) | !11)))))) | !5))))))) & (t)] 1
[(!(0 | (1 | (2 | (3 | (4 | ((6 | (7 | (8 | (9 | (10 | (((13 | (15 | !14)) | !12) | !11)))))) | !5))))))) & (!(17 | 18))] 2
[(!(0 | (1 | (2 | (3 | (4 | ((6 | (7 | (8 | (9 | (10 | (((13 | !(14 & 15)) | !12) | !11)))))) | !5))))))) & (!(17 | 18))] 2
[(!(0 | (1 | (2 | (3 | (4 | ((6 | (7 | ((9 | (10 | (11 | ((13 | 14) | !12)))) | !8))) | !5))))))) & (!(17 | 18))] 2
[(!(0 | (1 | (2 | (3 | (4 | ((6 | (7 | ((9 | (10 | (11 | ((13 | !14) | !12)))) | !8))) | !5))))))) & (!(17 | 18))] 2
[(!(0 | (1 | (2 | (((((7 | (8 | ((10 | ((12 | (13 | 14)) | !11)) | !9))) | !6) | !5) | !4) | !3))))) & (t)] 1
[(!(0 | (1 | (2 | (((((7 | (8 | ((10 | ((12 | (13 | (15 | !14))) | !11)) | !9))) | !6) | !5) | !4) | !3))))) & (!(17 | 18))] 2
[(!(0 | (1 | (2 | (((((7 | (8 | ((10 | ((12 | (13 | !(14 & 15))) | !11)) | !9))) | !6) | !5) | !4) | !3))))) & (!(17 | 18))] 1
[(!(0 | (1 | (2 | (3 | (((6 | (7 | ((9 | (10 | (11 | (12 | (13 | 14))))) | !8))) | !5) | !4)))))) & (!(17 | !18))] 0
[(!(0 | (1 | (2 | (3 | (((6 | (7 | ((9 | (10 | (11 | (12 | (13 | !14))))) | !8))) | !5) | !4)))))) & (!(17 | 18))] 2
[(!(0 | ((2 | (3 | (4 | ((6 | ((8 | (9 | (10 | (((14 | !13) | !12) | !11)))) | !7)) | !5)))) | !1))) & (t)] 1
[(!(0 | ((2 | (3 | (4 | ((6 | ((8 | (9 | (10 | ((((15 | !14) | !13) | !12) | !11)))) | !7)) | !5)))) | !1))) & (!(17 | 18))] 1
[(!(0 | ((2 | (3 | ((6 | ((8 | (9 | (10 | !(11 & (12 & (13 & (14 & 15))))))) | !7)) | !5))) | !1))) & (!(17 | 18))] 2
[(!(0 | ((2 | (3 | (((6 | ((8 | (9 | (10 | ((12 | (14 | !13)) | !11)))) | !7)) | !5) | !4))) | !1))) & (t)] 1
[(!(0 | ((2 | (3 | (((6 | ((8 | (9 | (10 | ((12 | ((15 | !14) | !13)) | !11)))) | !7)) | !5) | !4))) | !1))) & (!(17 | 18))] 1
[(!(0 | ((2 | (3 | (((6 | ((8 | (9 | (10 | ((12 | !(13 & (14 & 15))) | !11)))) | !7)) | !5) | !4))) | !1))) & (!(17 | 18))] 1
[(!(0 | ((2 | (3 | (((6 | ((8 | (9 | (10 | (((14 | !13) | !12) | !11)))) | !7)) | !5) | !4))) | !1))) & (t)] 1
[(!(0 | ((2 | (3 | (((6 | ((8 | (9 | (10 | ((((15 | !14) | !13) | !12) | !11)))) | !7)) | !5) | !4))) | !1))) & (!(17 | 18))] 0
[(!(0 | (1 | (2 | (3 | (4 | (5 | (6 | (7 | ((9 | ((11 | ((13 | 14) | !12)) | !10)) | !8)))))))))) & (!(18 | !17))] 1
[(!(0 | (1 | (2 | (3 | (4 | (5 | (6 | (7 | ((9 | ((11 | ((13 | !14) | !12)) | !10)) | !8)))))))))) & (!(17 | 18))] 1
[(!((1 | (2 | ((4 | (5 | ((7 | ((9 | ((11 | ((13 | 14) | !12)) | !10)) | !8)) | !6))) | !3))) | !0)) & (!(18 | !17))] 1
[(!((1 | (2 | ((4 | (5 | ((7 | ((9 | ((11 | ((13 | !14) | !12)) | !10)) | !8)) | !6))) | !3))) | !0)) & (!(17 | 18))] 0
[(!((1 | (2 | ((4 | (((7 | ((9 | (10 | (11 | ((13 | 14) | !12)))) | !8)) | !6) | !5)) | !3))) | !0)) & (!(17 | 18))] 2
[(!((1 | (2 | ((4 | (((7 | ((9 | (10 | (11 | ((13 | !14) | !12)))) | !8)) | !6) | !5)) | !3))) | !0)) & (!(17 | 18))] 2
[(!((1 | (2 | ((4 | (((7 | ((9 | ((11 | ((13 | 14) | !12)) | !10)) | !8)) | !6) | !5)) | !3))) | !0)) & (!(17 | 18))] 1
[(!((1 | (2 | ((4 | (((7 | ((9 | ((11 | ((13 | !14) | !12)) | !10)) | !8)) | !6) | !5)) | !3))) | !0)) & (!(17 | 18))] 0
[(!(0 | (((3 | (((6 | (7 | ((9 | ((11 | (12 | (14 | !13))) | !10)) | !8))) | !5) | !4)) | !2) | !1))) & (!(17 | !18))] 1
[(!(0 | (((3 | (((6 | (7 | ((9 | ((11 | (12 | !(13 & 14))) | !10)) | !8))) | !5) | !4)) | !2) | !1))) & (!(17 | 18))] 0
[(!(0 | (((3 | (((6 | (7 | ((9 | ((11 | ((14 | !13) | !12)) | !10)) | !8))) | !5) | !4)) | !2) | !1))) & (!(17 | 18))] 1
[(!(0 | (((3 | (((6 | (7 | ((9 | ((11 | !(12 & (13 & 14))) | !10)) | !8))) | !5) | !4)) | !2) | !1))) & (!(17 | 18))] 0
[(!(0 | (1 | (2 | (3 | (((6 | (7 | ((9 | (10 | (11 | ((13 | 14) | !12)))) | !8))) | !5) | !4)))))) & (!(17 | 18))] 2
[(!(0 | (1 | (2 | (3 | (((6 | (7 | ((9 | (10 | (11 | ((13 | !14) | !12)))) | !8))) | !5) | !4)))))) & (!(17 | 18))] 0
[(!(0 | ((2 | (3 | (4 | (5 | (6 | ((8 | (9 | (10 | ((((15 | !14) | !13) | !12) | !11)))) | !7)))))) | !1))) & (!(17 | 18))] 0
[(!(0 | ((2 | (3 | (5 | (6 | ((8 | (9 | (10 | !(11 & (12 & (13 & (14 & 15))))))) | !7))))) | !1))) & (!(17 | 18))] 0
[(!(0 | ((2 | (3 | ((5 | (6 | ((8 | (9 | (10 | ((((15 | !14) | !13) | !12) | !11)))) | !7))) | !4))) | !1))) & (!(17 | 18))] 2
[(!(0 | (1 | (2 | (3 | (((6 | (7 | ((9 | ((11 | (12 | (13 | 14))) | !10)) | !8))) | !5) | !4)))))) & (!(17 | !18))] 2
[(!(0 | (1 | (2 | (3 | (((6 | (7 | ((9 | ((11 | (12 | (13 | !14))) | !10)) | !8))) | !5) | !4)))))) & (!(17 | 18))] 2
[(!(0 | (1 | (2 | (3 | (((6 | (7 | ((9 | ((11 | ((13 | 14) | !12)) | !10)) | !8))) | !5) | !4)))))) & (!(17 | 18))] 0
[(!(0 | (1 | (2 | (3 | (((6 | (7 | ((9 | ((11 | ((13 | !14) | !12)) | !10)) | !8))) | !5) | !4)))))) & (!(17 | 18))] 1
[(!(0 | (1 | (2 | (3 | (((6 | (7 | (8 | (9 | ((((13 | 14) | !12) | !11) | !10))))) | !5) | !4)))))) & (t)] 0
[(!(0 | (1 | (2 | (3 | (((6 | (7 | (8 | (9 | ((((13 | (15 | !14)) | !12) | !11) | !10))))) | !5) | !4)))))) & (!(17 | 18))] 1
[(!(0 | (1 | (2 | (3 | (((6 | (7 | (8 | (9 | ((((13 | !(14 & 15)) | !12) | !11) | !10))))) | !5) | !4)))))) & (!(17 | 18))] 0
[(!(0 | (1 | (2 | (3 | (4 | (5 | (6 | (7 | (8 | (9 | (10 | (((13 | (15 | !14)) | !12) | !11))))))))))))) & (!(17 | 18))] 1
[(!(0 | (1 | (2 | (3 | (4 | (5 | (6 | (7 | (8 | (9 | (10 | (((13 | !(14 & 15)) | !12) | !11))))))))))))) & (!(17 | 18))] 1
[(!(0 | (1 | (2 | (((5 | ((7 | (8 | ((10 | (((13 | (15 | !14)) | !12) | !11)) | !9))) | !6)) | !4) | !3))))) & (!(17 | 18))] 1
[(!(0 | (1 | (2 | (((5 | ((7 | (8 | ((10 | (((13 | !(14 & 15)) | !12) | !11)) | !9))) | !6)) | !4) | !3))))) & (!(17 | 18))] 1
[(!(0 | (1 | (2 | (((((7 | (8 | ((10 | (((13 | 14) | !12) | !11)) | !9))) | !6) | !5) | !4) | !3))))) & (t)] 1
[(!(0 | (1 | (2 | (((((7 | (8 | ((10 | (((13 | (15 | !14)) | !12) | !11)) | !9))) | !6) | !5) | !4) | !3))))) & (!(17 | 18))] 0
[(!(0 | (1 | (2 | (((((7 | (8 | ((10 | (((13 | !(14 & 15)) | !12) | !11)) | !9))) | !6) | !5) | !4) | !3))))) & (!(17 | 18))] 2
[(!(0 | (1 | (2 | (3 | ((5 | (6 | (7 | ((9 | ((11 | ((13 | 14) | !12)) | !10)) | !8)))) | !4)))))) & (!(18 | !17))] 1
[(!(0 | (1 | (2 | (3 | ((5 | (6 | (7 | ((9 | ((11 | ((13 | !14) | !12)) | !10)) | !8)))) | !4)))))) & (!(17 | 18))] 2
[(!((1 | (2 | (((5 | ((7 | ((9 | ((11 | ((13 | 14) | !12)) | !10)) | !8)) | !6)) | !4) | !3))) | !0)) & (!(18 | !17))] 1
[(!((1 | (2 | (((5 | ((7 | ((9 | ((11 | ((13 | !14) | !12)) | !10)) | !8)) | !6)) | !4) | !3))) | !0)) & (!(17 | 18))] 2
[(!((1 | (2 | (((((7 | ((9 | (10 | (11 | ((13 | 14) | !12)))) | !8)) | !6) | !5) | !4) | !3))) | !0)) & (!(17 | 18))] 2
[(!((1 | (2 | (((((7 | ((9 | (10 | (11 | ((13 | !14) | !12)))) | !8)) | !6) | !5) | !4) | !3))) | !0)) & (!(17 | 18))] 0
[(!((1 | (2 | (((((7 | ((9 | ((11 | ((13 | 14) | !12)) | !10)) | !8)) | !6) | !5) | !4) | !3))) | !0)) & (!(17 | 18))] 2
[(!((1 | (2 | (((((7 | ((9 | ((11 | ((13 | !14) | !12)) | !10)) | !8)) | !6) | !5) | !4) | !3))) | !0)) & (!(17 | 18))] 0
[(!(0 | ((2 | (3 | (4 | (5 | (6 | ((8 | (9 | ((((14 | !13) | !12) | !11) | !10))) | !7)))))) | !1))) & (t)] 1
[(!(0 | ((2 | (3 | (4 | (5 | (6 | ((8 | (9 | (((((15 | !14) | !13) | !12) | !11) | !10))) | !7)))))) | !1))) & (!(17 | 18))] 1
[(!(0 | ((2 | (3 | (5 | (6 | ((8 | (9 | !(10 & (11 & (12 & (13 & (14 & 15))))))) | !7))))) | !1))) & (!(17 | 18))] 0
[(!(0 | ((2 | (3 | ((5 | (6 | ((8 | (9 | ((((14 | !13) | !12) | !11) | !10))) | !7))) | !4))) | !1))) & (t)] 2
[(!(0 | ((2 | (3 | ((5 | (6 | ((8 | (9 | (((((15 | !14) | !13) | !12) | !11) | !10))) | !7))) | !4))) | !1))) & (!(17 | 18))] 1
[(!(0 | (1 | (2 | (((((7 | (8 | ((((12 | (13 | 14)) | !11) | !10) | !9))) | !6) | !5) | !4) | !3))))) & (t)] 1
[(!(0 | (1 | (2 | (((((7 | (8 | ((((12 | (13 | (15 | !14))) | !11) | !10) | !9))) | !6) | !5) | !4) | !3))))) & (t)] 0
[(!(0 | (1 | (2 | (((((7 | (8 | ((((12 | (13 | !(14 & 15))) | !11) | !10) | !9))) | !6) | !5) | !4) | !3))))) & (t)] 1
[(!(0 | (1 | (2 | (3 | (4 | (5 | (6 | (7 | (8 | (9 | ((((13 | 14) | !12) | !11) | !10)))))))))))) & (t)] 1
[(!(0 | (1 | (2 | (3 | (4 | (5 | (6 | (7 | (8 | (9 | ((((13 | (15 | !14)) | !12) | !11) | !10)))))))))))) & (!(17 | 18))] 1
[(!(0 | (1 | (2 | (3 | (4 | (5 | (6 | (7 | (8 | (9 | ((((13 | !(14 & 15)) | !12) | !11) | !10)))))))))))) & (!(17 | 18))] 0
[(!(0 | (1 | (2 | (((5 | ((7 | (8 | (((((13 | 14) | !12) | !11) | !10) | !9))) | !6)) | !4) | !3))))) & (t)] 1
[(!(0 | (1 | (2 | (((5 | ((7 | (8 | (((((13 | (15 | !14)) | !12) | !11) | !10) | !9))) | !6)) | !4) | !3))))) & (t)] 1
[(!(0 | (1 | (2 | (((5 | ((7 | (8 | (((((13 | !(14 & 15)) | !12) | !11) | !10) | !9))) | !6)) | !4) | !3))))) & (t)] 1
[(!(0 | (1 | (2 | (((((7 | (8 | (((((13 | 14) | !12) | !11) | !10) | !9))) | !6) | !5) | !4) | !3))))) & (t)] 0
[(!(0 | (1 | (2 | (((((7 | (8 | (((((13 | (15 | !14)) | !12) | !11) | !10) | !9))) | !6) | !5) | !4) | !3))))) & (t)] 1
[(!(0 | (1 | (2 | (((((7 | (8 | (((((13 | !(14 & 15)) | !12) | !11) | !10) | !9))) | !6) | !5) | !4) | !3))))) & (t)] 0
[(!(0 | ((2 | (3 | (4 | ((6 | ((8 | (9 | ((((14 | !13) | !12) | !11) | !10))) | !7)) | !5)))) | !1))) & (t)] 1
[(!(0 | ((2 | (3 | (4 | ((6 | ((8 | (9 | (((((15 | !14) | !13) | !12) | !11) | !10))) | !7)) | !5)))) | !1))) & (t)] 2
[(!(0 | ((2 | (3 | ((6 | ((8 | (9 | !(10 & (11 & (12 & (13 & (14 & 15))))))) | !7)) | !5))) | !1))) & (t)] 0
[(!(0 | ((2 | (3 | (((6 | ((8 | (9 | (((12 | (14 | !13)) | !11) | !10))) | !7)) | !5) | !4))) | !1))) & (t)] 1
[(!(0 | ((2 | (3 | (((6 | ((8 | (9 | (((12 | ((15 | !14) | !13)) | !11) | !10))) | !7)) | !5) | !4))) | !1))) & (t)] 2
[(!(0 | ((2 | (3 | (((6 | ((8 | (9 | (((12 | !(13 & (14 & 15))) | !11) | !10))) | !7)) | !5) | !4))) | !1))) & (t)] 0
[(!(0 | ((2 | (3 | (((6 | ((8 | (9 | ((((14 | !13) | !12) | !11) | !10))) | !7)) | !5) | !4))) | !1))) & (t)] 0
[(!(0 | ((2 | (3 | (((6 | ((8 | (9 | (((((15 | !14) | !13) | !12) | !11) | !10))) | !7)) | !5) | !4))) | !1))) & (t)] 0
[(!(0 | (1 | (2 | (3 | (4 | ((6 | (7 | ((9 | ((11 | ((13 | 14) | !12)) | !10)) | !8))) | !5))))))) & (t)] 2
[(!(0 | (1 | (2 | (3 | (4 | ((6 | (7 | ((9 | ((11 | ((13 | !14) | !12)) | !10)) | !8))) | !5))))))) & (t)] 2
[(!(0 | (1 | (2 | (3 | (4 | ((6 | (7 | (8 | (9 | ((((13 | 14) | !12) | !11) | !10))))) | !5))))))) & (t)] 1
[(!(0 | (1 | (2 | (3 | (4 | ((6 | (7 | (8 | (9 | ((((13 | (15 | !14)) | !12) | !11) | !10))))) | !5))))))) & (t)] 0
[(!(0 | (1 | (2 | (3 | (4 | ((6 | (7 | (8 | (9 | ((((13 | !(14 & 15)) | !12) | !11) | !10))))) | !5))))))) & (t)] 1
[(0 & (1 | (2 | ((5 & ((7 | ((9 | (11 | (13 | !12))) | !8)) | !6) | !5 & ((7 | ((9 | ((11 | (13 | !12)) | !10)) | !8)) | !6)) | !3))) | !0 & (1 & (2 & (3 | (((6 | (7 | ((9 | ((11 | !13) | !10)) | !8))) | !5) | !4)) | !2 & (3 | (4 & (5 & (6 | ((8 | (9 | !(11 & 13))) | !7)) | !5 & (6 | ((8 | (9 | !(10 & (11 & (12 & 13)) | !10 & (11 & (12 & (13 & 14)))))) | !7))) | !4 & (5 & (6 | ((8 | (9 | !(11 & (12 & 13)))) | !7)) | !5 & (6 | ((8 | (9 | !(10 & (11 & (12 & 13)) | !10 & (11 & (12 & (13 & 14)))))) | !7)))))) | !1 & (2 | (3 & ((5 & ((7 | (8 | ((13 | !11) | !9))) | !6) | !5 & ((7 | (8 | ((10 & ((13 | !12) | !11) | !10 & (((13 | !14) | !12) | !11)) | !9))) | !6)) | !4) | !3 & (4 & (5 & (6 | (7 | (8 & (9 | (11 | 13)) | !8 & (9 | (((13 | !12) | !11) | !10))))) | !5 & (6 | (7 | ((9 | ((11 | (13 | !12)) | !10)) | !8)))) | !4 & (5 & (6 | (7 | (8 & (9 | (11 | (13 | !12))) | !8 & (9 | ((13 | !12) | !11))))) | !5 & (6 | (7 | (8 & (9 | ((11 | (13 | !12)) | !10)) | !8 & (9 | (10 & ((13 | !12) | !11) | !10 & (((13 | !14) | !12) | !11)))))))))))) & (t)] 0
State: 2 "[2]"
[(!(0 | (1 | (2 | (3 | (4 | ((6 | (7 | (8 | (9 | (10 | (((13 | 14) | !12) | !11)))))) | !5))))))) & (t)] 2
[(!(0 | (1 | (2 | (3 | (4 | ((6 | (7 | (8 | (9 | (10 | (((13 | (15 | !14)) | !12) | !11)))))) | !5))))))) & (!(17 | 18))] 0
[(!(0 | (1 | (2 | (3 | (4 | ((6 | (7 | (8 | (9 | (10 | (((13 | !(14 & 15)) | !12) | !11)))))) | !5))))))) & (!(17 | 18))] 2
[(!(0 | (1 | (2 | (3 | (4 | ((6 | (7 | ((9 | (10 | (11 | ((13 | 14) | !12)))) | !8))) | !5))))))) & (!(17 | 18))] 2
[(!(0 | (1 | (2 | (3 | (4 | ((6 | (7 | ((9 | (10 | (11 | ((13 | !14) | !12)))) | !8))) | !5))))))) & (!(17 | 18))] 0
[(!(0 | (1 | (2 | (((((7 | (8 | ((10 | ((12 | (13 | 14)) | !11)) | !9))) | !6) | !5) | !4) | !3))))) & (t)] 0
[(!(0 | (1 | (2 | (((((7 | (8 | ((10 | ((12 | (13 | (15 | !14))) | !11)) | !9))) | !6) | !5) | !4) | !3))))) & (!(17 | 18))] 0
[(!(0 | (1 | (2 | (((((7 | (8 | ((10 | ((12 | (13 | !(14 & 15))) | !11)) | !9))) | !6) | !5) | !4) | !3))))) & (!(17 | 18))] 0
[(!(0 | (1 | (2 | (3 | (((6 | (7 | ((9 | (10 | (11 | (12 | (13 | 14))))) | !8))) | !5) | !4)))))) & (!(17 | !18))] 1
[(!(0 | (1 | (2 | (3 | (((6 | (7 | ((9 | (10 | (11 | (12 | (13 | !14))))) | !8))) | !5) | !4)))))) & (!(17 | 18))] 2
[(!(0 | ((2 | (3 | (4 | ((6 | ((8 | (9 | (10 | (((14 | !13) | !12) | !11)))) | !7)) | !5)))) | !1))) & (t)] 0
[(!(0 | ((2 | (3 | (4 | ((6 | ((8 | (9 | (10 | ((((15 | !14) | !13) | !12) | !11)))) | !7)) | !5)))) | !1))) & (!(17 | 18))] 2
[(!(0 | ((2 | (3 | ((6 | ((8 | (9 | (10 | !(11 & (12 & (13 & (14 & 15))))))) | !7)) | !5))) | !1))) & (!(17 | 18))] 1
[(!(0 | ((2 | (3 | (((6 | ((8 | (9 | (10 | ((12 | (14 | !13)) | !11)))) | !7)) | !5) | !4))) | !1))) & (t)] 1
[(!(0 | ((2 | (3 | (((6 | ((8 | (9 | (10 | ((12 | ((15 | !14) | !13)) | !11)))) | !7)) | !5) | !4))) | !1))) & (!(17 | 18))] 0
[(!(0 | ((2 | (3 | (((6 | ((8 | (9 | (10 | ((12 | !(13 & (14 & 15))) | !11)))) | !7)) | !5) | !4))) | !1))) & (!(17 | 18))] 1
[(!(0 | ((2 | (3 | (((6 | ((8 | (9 | (10 | (((14 | !13) | !12) | !11)))) | !7)) | !5) | !4))) | !1))) & (t)] 0
[(!(0 | ((2 | (3 | (((6 | ((8 | (9 | (10 | ((((15 | !14) | !13) | !12) | !11)))) | !7)) | !5) | !4))) | !1))) & (!(17 | 18))] 1
[(!(0 | (1 | (2 | (3 | (4 | (5 | (6 | (7 | ((9 | ((11 | ((13 | 14) | !12)) | !10)) | !8)))))))))) & (!(18 | !17))] 0
[(!(0 | (1 | (2 | (3 | (4 | (5 | (6 | (7 | ((9 | ((11 | ((13 | !14) | !12)) | !10)) | !8)))))))))) & (!(17 | 18))] 2
[(!((1 | (2 | ((4 | (5 | ((7 | ((9 | ((11 | ((13 | 14) | !12)) | !10)) | !8)) | !6))) | !3))) | !0)) & (t)] 0
[(!((1 | (2 | ((4 | (5 | ((7 | ((9 | ((11 | ((13 | !14) | !12)) | !10)) | !8)) | !6))) | !3))) | !0)) & (t)] 0
[(!((1 | (2 | ((4 | (((7 | ((9 | (10 | (11 | ((13 | 14) | !12)))) | !8)) | !6) | !5)) | !3))) | !0)) & (t)] 2
[(!((1 | (2 | ((4 | (((7 | ((9 | (10 | (11 | ((13 | !14) | !12)))) | !8)) | !6) | !5)) | !3))) | !0)) & (t)] 2
[(!((1 | (2 | ((4 | (((7 | ((9 | ((11 | ((13 | 14) | !12)) | !10)) | !8)) | !6) | !5)) | !3))) | !0)) & (t)] 0
[(!((1 | (2 | ((4 | (((7 | ((9 | ((11 | ((13 | !14) | !12)) | !10)) | !8)) | !6) | !5)) | !3))) | !0)) & (t)] 0
[(!(0 | (((3 | (((6 | (7 | ((9 | ((11 | (12 | (14 | !13))) | !10)) | !8))) | !5) | !4)) | !2) | !1))) & (!(17 | !18))] 1
[(!(0 | (((3 | (((6 | (7 | ((9 | ((11 | (12 | !(13 & 14))) | !10)) | !8))) | !5) | !4)) | !2) | !1))) & (!(17 | 18))] 0
[(!(0 | (((3 | (((6 | (7 | ((9 | ((11 | ((14 | !13) | !12)) | !10)) | !8))) | !5) | !4)) | !2) | !1))) & (!(17 | 18))] 1
[(!(0 | (((3 | (((6 | (7 | ((9 | ((11 | !(12 & (13 & 14))) | !10)) | !8))) | !5) | !4)) | !2) | !1))) & (!(17 | 18))] 0
[(!(0 | (1 | (2 | (3 | (((6 | (7 | ((9 | (10 | (11 | ((13 | 14) | !12)))) | !8))) | !5) | !4)))))) & (t)] 2
[(!(0 | (1 | (2 | (3 | (((6 | (7 | ((9 | (10 | (11 | ((13 | !14) | !12)))) | !8))) | !5) | !4)))))) & (t)] 2
[(!(0 | ((2 | (3 | (4 | (5 | (6 | ((8 | (9 | (10 | ((((15 | !14) | !13) | !12) | !11)))) | !7)))))) | !1))) & (!(17 | 18))] 1
[(!(0 | ((2 | (3 | (5 | (6 | ((8 | (9 | (10 | !(11 & (12 & (13 & (14 & 15))))))) | !7))))) | !1))) & (!(17 | 18))] 0
[(!(0 | ((2 | (3 | ((5 | (6 | ((8 | (9 | (10 | ((((15 | !14) | !13) | !12) | !11)))) | !7))) | !4))) | !1))) & (!(17 | 18))] 2
[(!(0 | (1 | (2 | (3 | (((6 | (7 | ((9 | ((11 | (12 | (13 | 14))) | !10)) | !8))) | !5) | !4)))))) & (!(17 | !18))] 0
[(!(0 | (1 | (2 | (3 | (((6 | (7 | ((9 | ((11 | (12 | (13 | !14))) | !10)) | !8))) | !5) | !4)))))) & (!(17 | 18))] 0
[(!(0 | (1 | (2 | (3 | (((6 | (7 | ((9 | ((11 | ((13 | 14) | !12)) | !10)) | !8))) | !5) | !4)))))) & (!(17 | 18))] 1
[(!(0 | (1 | (2 | (3 | (((6 | (7 | ((9 | ((11 | ((13 | !14) | !12)) | !10)) | !8))) | !5) | !4)))))) & (!(17 | 18))] 1
[(!(0 | (1 | (2 | (3 | (((6 | (7 | (8 | (9 | ((((13 | 14) | !12) | !11) | !10))))) | !5) | !4)))))) & (t)] 1
[(!(0 | (1 | (2 | (3 | (((6 | (7 | (8 | (9 | ((((13 | (15 | !14)) | !12) | !11) | !10))))) | !5) | !4)))))) & (t)] 0
[(!(0 | (1 | (2 | (3 | (((6 | (7 | (8 | (9 | ((((13 | !(14 & 15)) | !12) | !11) | !10))))) | !5) | !4)))))) & (t)] 2
[(!(0 | (1 | (2 | (3 | (4 | (5 | (6 | (7 | (8 | (9 | (10 | (((13 | (15 | !14)) | !12) | !11))))))))))))) & (t)] 1
[(!(0 | (1 | (2 | (3 | (4 | (5 | (6 | (7 | (8 | (9 | (10 | (((13 | !(14 & 15)) | !12) | !11))))))))))))) & (t)] 0
[(!(0 | (1 | (2 | (((5 | ((7 | (8 | ((10 | (((13 | (15 | !14)) | !12) | !11)) | !9))) | !6)) | !4) | !3))))) & (t)] 0
[(!(0 | (1 | (2 | (((5 | ((7 | (8 | ((10 | (((13 | !(14 & 15)) | !12) | !11)) | !9))) | !6)) | !4) | !3))))) & (t)] 2
[(!(0 | (1 | (2 | (((((7 | (8 | ((10 | (((13 | 14) | !12) | !11)) | !9))) | !6) | !5) | !4) | !3))))) & (t)] 1
[(!(0 | (1 | (2 | (((((7 | (8 | ((10 | (((13 | (15 | !14)) | !12) | !11)) | !9))) | !6) | !5) | !4) | !3))))) & (t)] 1
[(!(0 | (1 | (2 | (((((7 | (8 | ((10 | (((13 | !(14 & 15)) | !12) | !11)) | !9))) | !6) | !5) | !4) | !3))))) & (t)] 0
[(!(0 | (1 | (2 | (3 | ((5 | (6 | (7 | ((9 | ((11 | ((13 | 14) | !12)) | !10)) | !8)))) | !4)))))) & (!(18 | !17))] 1
[(!(0 | (1 | (2 | (3 | ((5 | (6 | (7 | ((9 | ((11 | ((13 | !14) | !12)) | !10)) | !8)))) | !4)))))) & (!(17 | 18))] 1
[(!((1 | (2 | (((5 | ((7 | ((9 | ((11 | ((13 | 14) | !12)) | !10)) | !8)) | !6)) | !4) | !3))) | !0)) & (t)] 0
[(!((1 | (2 | (((5 | ((7 | ((9 | ((11 | ((13 | !14) | !12)) | !10)) | !8)) | !6)) | !4) | !3))) | !0)) & (t)] 1
[(!((1 | (2 | (((((7 | ((9 | (10 | (11 | ((13 | 14) | !12)))) | !8)) | !6) | !5) | !4) | !3))) | !0)) & (t)] 0
[(!((1 | (2 | (((((7 | ((9 | (10 | (11 | ((13 | !14) | !12)))) | !8)) | !6) | !5) | !4) | !3))) | !0)) & (t)] 2
[(!((1 | (2 | (((((7 | ((9 | ((11 | ((13 | 14) | !12)) | !10)) | !8)) | !6) | !5) | !4) | !3))) | !0)) & (t)] 2
[(!((1 | (2 | (((((7 | ((9 | ((11 | ((13 | !14) | !12)) | !10)) | !8)) | !6) | !5) | !4) | !3))) | !0)) & (t)] 0
[(!(0 | ((2 | (3 | (4 | (5 | (6 | ((8 | (9 | ((((14 | !13) | !12) | !11) | !10))) | !7)))))) | !1))) & (t)] 2
[(!(0 | ((2 | (3 | (4 | (5 | (6 | ((8 | (9 | (((((15 | !14) | !13) | !12) | !11) | !10))) | !7)))))) | !1))) & (t)] 1
[(!(0 | ((2 | (3 | (5 | (6 | ((8 | (9 | !(10 & (11 & (12 & (13 & (14 & 15))))))) | !7))))) | !1))) & (t)] 0
[(!(0 | ((2 | (3 | ((5 | (6 | ((8 | (9 | ((((14 | !13) | !12) | !11) | !10))) | !7))) | !4))) | !1))) & (t)] 1
[(!(0 | ((2 | (3 | ((5 | (6 | ((8 | (9 | (((((15 | !14) | !13) | !12) | !11) | !10))) | !7))) | !4))) | !1))) & (t)] 1
[(!(0 | (1 | (2 | (((((7 | (8 | ((((12 | (13 | 14)) | !11) | !10) | !9))) | !6) | !5) | !4) | !3))))) & (t)] 1
[(!(0 | (1 | (2 | (((((7 | (8 | ((((12 | (13 | (15 | !14))) | !11) | !10) | !9))) | !6) | !5) | !4) | !3))))) & (t)] 1
[(!(0 | (1 | (2 | (((((7 | (8 | ((((12 | (13 | !(14 & 15))) | !11) | !10) | !9))) | !6) | !5) | !4) | !3))))) & (t)] 0
[(!(0 | (1 | (2 | (3 | (4 | (5 | (6 | (7 | (8 | (9 | ((((13 | 14) | !12) | !11) | !10)))))))))))) & (t)] 0
[(!(0 | (1 | (2 | (3 | (4 | (5 | (6 | (7 | (8 | (9 | ((((13 | (15 | !14)) | !12) | !11) | !10)))))))))))) & (t)] 0
[(!(0 | (1 | (2 | (3 | (4 | (5 | (6 | (7 | (8 | (9 | ((((13 | !(14 & 15)) | !12) | !11) | !10)))))))))))) & (t)] 2
[(!(0 | (1 | (2 | (((5 | ((7 | (8 | (((((13 | 14) | !12) | !11) | !10) | !9))) | !6)) | !4) | !3))))) & (t)] 0
[(!(0 | (1 | (2 | (((5 | ((7 | (8 | (((((13 | (15 | !14)) | !12) | !11) | !10) | !9))) | !6)) | !4) | !3))))) & (t)] 1
[(!(0 | (1 | (2 | (((5 | ((7 | (8 | (((((13 | !(14 & 15)) | !12) | !11) | !10) | !9))) | !6)) | !4) | !3))))) & (t)] 0
[(!(0 | (1 | (2 | (((((7 | (8 | (((((13 | 14) | !12) | !11) | !10) | !9))) | !6) | !5) | !4) | !3))))) & (t)] 0
[(!(0 | (1 | (2 | (((((7 | (8 | (((((13 | (15 | !14)) | !12) | !11) | !10) | !9))) | !6) | !5) | !4) | !3))))) & (t)] 1
[(!(0 | (1 | (2 | (((((7 | (8 | (((((13 | !(14 & 15)) | !12) | !11) | !10) | !9))) | !6) | !5) | !4) | !3))))) & (t)] 2
[(!(0 | ((2 | (3 | (4 | ((6 | ((8 | (9 | ((((14 | !13) | !12) | !11) | !10))) | !7)) | !5)))) | !1))) & (t)] 2
[(!(0 | ((2 | (3 | (4 | ((6 | ((8 | (9 | (((((15 | !14) | !13) | !12) | !11) | !10))) | !7)) | !5)))) | !1))) & (!(17 | 18))] 2
[(!(0 | ((2 | (3 | ((6 | ((8 | (9 | !(10 & (11 & (12 & (13 & (14 & 15))))))) | !7)) | !5))) | !1))) & (!(17 | 18))] 0
[(!(0 | ((2 | (3 | (((6 | ((8 | (9 | (((12 | (14 | !13)) | !11) | !10))) | !7)) | !5) | !4))) | !1))) & (t)] 0
[(!(0 | ((2 | (3 | (((6 | ((8 | (9 | (((12 | ((15 | !14) | !13)) | !11) | !10))) | !7)) | !5) | !4))) | !1))) & (!(17 | 18))] 2
[(!(0 | ((2 | (3 | (((6 | ((8 | (9 | (((12 | !(13 & (14 & 15))) | !11) | !10))) | !7)) | !5) | !4))) | !1))) & (!(17 | 18))] 0
[(!(0 | ((2 | (3 | (((6 | ((8 | (9 | ((((14 | !13) | !12) | !11) | !10))) | !7)) | !5) | !4))) | !1))) & (t)] 0
[(!(0 | ((2 | (3 | (((6 | ((8 | (9 | (((((15 | !14) | !13) | !12) | !11) | !10))) | !7)) | !5) | !4))) | !1))) & (!(17 | 18))] 1
[(!(0 | (1 | (2 | (3 | (4 | ((6 | (7 | ((9 | ((11 | ((13 | 14) | !12)) | !10)) | !8))) | !5))))))) & (!(17 | 18))] 0
[(!(0 | (1 | (2 | (3 | (4 | ((6 | (7 | ((9 | ((11 | ((13 | !14) | !12)) | !10)) | !8))) | !5))))))) & (!(17 | 18))] 2
[(!(0 | (1 | (2 | (3 | (4 | ((6 | (7 | (8 | (9 | ((((13 | 14) | !12) | !11) | !10))))) | !5))))))) & (t)] 2
[(!(0 | (1 | (2 | (3 | (4 | ((6 | (7 | (8 | (9 | ((((13 | (15 | !14)) | !12) | !11) | !10))))) | !5))))))) & (!(17 | 18))] 2
[(!(0 | (1 | (2 | (3 | (4 | ((6 | (7 | (8 | (9 | ((((13 | !(14 & 15)) | !12) | !11) | !10))))) | !5))))))) & (!(17 | 18))] 0
[(0 & (1 | (2 | ((5 & ((7 | ((9 | (11 | (13 | !12))) | !8)) | !6) | !5 & ((7 | ((9 | ((11 | (13 | !12)) | !10)) | !8)) | !6)) | !3))) | !0 & (1 & (2 & (3 | (((6 | (7 | ((9 | ((11 | !13) | !10)) | !8))) | !5) | !4)) | !2 & (3 | (4 & (5 & (6 | ((8 | (9 | !(11 & 13))) | !7)) | !5 & (6 | ((8 | (9 | !(10 & (11 & (12 & 13)) | !10 & (11 & (12 & (13 & 14)))))) | !7))) | !4 & (5 & (6 | ((8 | (9 | !(11 & (12 & 13)))) | !7)) | !5 & (6 | ((8 | (9 | !(10 & (11 & (12 & 13)) | !10 & (11 & (12 & (13 & 14)))))) | !7)))))) | !1 & (2 | (3 & ((5 & ((7 | (8 | ((13 | !11) | !9))) | !6) | !5 & ((7 | (8 | ((10 & ((13 | !12) | !11) | !10 & (((13 | !14) | !12) | !11)) | !9))) | !6)) | !4) | !3 & (4 & (5 & (6 | (7 | (8 & (9 | (11 | 13)) | !8 & (9 | (((13 | !12) | !11) | !10))))) | !5 & (6 | (7 | ((9 | ((11 | (13 | !12)) | !10)) | !8)))) | !4 & (5 & (6 | (7 | (8 & (9 | (11 | (13 | !12))) | !8 & (9 | ((13 | !12) | !11))))) | !5 & (6 | (7 | (8 & (9 | ((11 | (13 | !12)) | !10)) | !8 & (9 | (10 & ((13 | !12) | !11) | !10 & (((13 | !14) | !12) | !11)))))))))))) & (t)] 0
--END--
Synthesis took:  2132.8296661376953 ms
