Processing program.
spec contains 2 APs (['goal', 'move'])
simplified !FALSE (len 6) to True (len 4)
True
Starting abstract synthesis loop.
adding (x <= 0), (x_prev > x), (y_prev < y), (y <= 0), (y_prev > y), ((y + 1) <= 50), (50 <= x), (x_prev < x) to predicate abstraction
constructing LTL abstraction
ltl abstraction took: 0.002393960952758789
running LTL synthesis
Realizable.
REALIZABLE
HOA: v1
tool: "strix" "21.0.0"
States: 1
Start: 0
AP: 17 "pred__x_LTEQ_0_" "goal" "pred__yprev_LT_y_" "pred__y_LTEQ_0_" "move" "pred___y_PLUS_1__LTEQ_50_" "pred__xprev_GT_x_" "pred__xprev_LT_x_" "setvars" "pred__50_LTEQ_x_" "pred__yprev_GT_y_" "estay" "exory" "einc" "cstay" "xory" "cinc"
controllable-AP: 14 15 16
acc-name: all
Acceptance: 0 t
--BODY--
State: 0 "[0]"
[(0 & (1 | (2 & (3 | (4 & (6 | (7 | (8 | (9 | 10)))) | !4 & (6 | (7 | ((9 | 10) | !8))))) | !2 & (3 & (4 | ((6 & (7 | ((9 | 10) | !8)) | !6 & (7 | (9 | !8))) | !5)) | !3 & (4 & (5 & (6 | (7 | (8 | 9))) | !5 & (7 | (8 | (9 | 10)))) | !4 & (5 & (6 & (7 | ((9 | 10) | !8)) | !6 & (7 | (9 | !8))) | !5 & (7 | ((9 | 10) | !8))))))) | !0 & (1 | (2 & (3 | (4 & (6 | (7 | (8 | 10))) | !4 & (6 | (7 | (10 | !8))))) | !2 & (3 & (4 & ((6 | (7 | (8 | 10))) | !5) | !4 & ((6 & (7 | ((9 | 10) | !8)) | !6 & (7 & (10 | !8) | !7 & !8)) | !5)) | !3 & (4 & (5 & (6 | (7 | (8 | 10))) | !5 & (6 & (7 | (8 | (9 | 10))) | !6 & (7 | (8 | 10)))) | !4 & (5 & (6 & (7 | ((9 | 10) | !8)) | !6 & (7 & (10 | !8) | !7 & !(8 & (9 | 10)))) | !5 & (6 & (7 | ((9 | 10) | !8)) | !6 & (10 | !8)))))))) & (t)] 0
[(!((1 | (2 | ((4 | ((6 | (7 | ((9 | (10 | 11)) | !8))) | !5)) | !3))) | !0)) & (t)] 0
[(!((1 | (2 | ((4 | ((6 | (7 | ((9 | (10 | (13 | !11))) | !8))) | !5)) | !3))) | !0)) & (t)] 0
[(!((1 | (2 | ((4 | ((6 | (7 | ((9 | (10 | ((12 | !13) | !11))) | !8))) | !5)) | !3))) | !0)) & (t)] 0
[(!((1 | (2 | ((4 | ((6 | (7 | ((9 | (10 | !(11 & (12 & 13)))) | !8))) | !5)) | !3))) | !0)) & (t)] 0
[(!((1 | ((3 | (4 | ((6 | (7 | ((9 | (10 | 11)) | !8))) | !5))) | !2)) | !0)) & (t)] 0
[(!((1 | ((3 | (4 | ((6 | (7 | ((9 | (10 | ((12 | 13) | !11))) | !8))) | !5))) | !2)) | !0)) & (t)] 0
[(!((1 | ((3 | (4 | ((6 | (7 | ((9 | (10 | ((12 | !13) | !11))) | !8))) | !5))) | !2)) | !0)) & (t)] 0
[(!((1 | ((3 | (4 | ((6 | (7 | ((9 | (10 | ((13 | !12) | !11))) | !8))) | !5))) | !2)) | !0)) & (t)] 0
[(!((1 | ((3 | (4 | ((6 | (7 | ((9 | (10 | !(11 & (12 & 13)))) | !8))) | !5))) | !2)) | !0)) & (t)] 0
[(!(0 | (1 | (2 | ((4 | ((6 | (((9 | (10 | 11)) | !8) | !7)) | !5)) | !3))))) & (t)] 0
[(!(0 | (1 | (2 | ((4 | ((6 | (((9 | (10 | ((12 | 13) | !11))) | !8) | !7)) | !5)) | !3))))) & (t)] 0
[(!(0 | (1 | (2 | ((4 | ((6 | (((9 | (10 | ((12 | !13) | !11))) | !8) | !7)) | !5)) | !3))))) & (t)] 0
[(!(0 | (1 | (2 | ((4 | ((6 | (((9 | (10 | ((13 | !12) | !11))) | !8) | !7)) | !5)) | !3))))) & (t)] 0
[(!(0 | (1 | (2 | ((4 | ((6 | (((9 | (10 | !(11 & (12 & 13)))) | !8) | !7)) | !5)) | !3))))) & (t)] 0
[(!((1 | (2 | (3 | (((6 | (7 | (8 | (9 | 10)))) | !5) | !4)))) | !0)) & (!((15 | !16) | !14))] 0
[(!((1 | (2 | (3 | (4 | ((6 | (7 | ((9 | (11 | !10)) | !8))) | !5))))) | !0)) & (t)] 0
[(!((1 | (2 | (3 | (4 | ((6 | (7 | ((9 | (((12 | 13) | !11) | !10)) | !8))) | !5))))) | !0)) & (t)] 0
[(!((1 | (2 | (3 | (4 | ((6 | (7 | ((9 | (((12 | !13) | !11) | !10)) | !8))) | !5))))) | !0)) & (t)] 0
[(!((1 | (2 | (3 | (4 | ((6 | (7 | ((9 | (((13 | !12) | !11) | !10)) | !8))) | !5))))) | !0)) & (t)] 0
[(!((1 | (2 | (3 | (4 | ((6 | (7 | ((9 | !(10 & (11 & (12 & 13)))) | !8))) | !5))))) | !0)) & (t)] 0
[(!((1 | (2 | ((4 | ((6 | (7 | ((9 | (11 | !10)) | !8))) | !5)) | !3))) | !0)) & (t)] 0
[(!((1 | (2 | ((4 | ((6 | (7 | ((9 | ((13 | !11) | !10)) | !8))) | !5)) | !3))) | !0)) & (t)] 0
[(!((1 | (2 | ((4 | ((6 | (7 | ((9 | (((12 | !13) | !11) | !10)) | !8))) | !5)) | !3))) | !0)) & (t)] 0
[(!((1 | (2 | ((4 | ((6 | (7 | ((9 | !(10 & (11 & (12 & 13)))) | !8))) | !5)) | !3))) | !0)) & (t)] 0
[(!((1 | ((3 | (4 | (5 | (6 | (7 | ((9 | (10 | 11)) | !8)))))) | !2)) | !0)) & (t)] 0
[(!((1 | ((3 | (4 | (5 | (6 | (7 | ((9 | (10 | ((12 | 13) | !11))) | !8)))))) | !2)) | !0)) & (t)] 0
[(!((1 | ((3 | (4 | (5 | (6 | (7 | ((9 | (10 | ((12 & 13 | !12 & !13) | !11))) | !8)))))) | !2)) | !0)) & (t)] 0
[(!((1 | ((3 | (4 | (5 | (6 | (7 | ((9 | (10 | !(11 & (12 & 13)))) | !8)))))) | !2)) | !0)) & (t)] 0
[(!((1 | (2 | (3 | (4 | ((6 | (7 | ((9 | (10 | 11)) | !8))) | !5))))) | !0)) & (t)] 0
[(!((1 | (2 | (3 | (4 | ((6 | (7 | ((9 | (10 | ((12 | 13) | !11))) | !8))) | !5))))) | !0)) & (t)] 0
[(!((1 | (2 | (3 | (4 | ((6 | (7 | ((9 | (10 | ((12 | !13) | !11))) | !8))) | !5))))) | !0)) & (t)] 0
[(!((1 | (2 | (3 | (4 | ((6 | (7 | ((9 | (10 | ((13 | !12) | !11))) | !8))) | !5))))) | !0)) & (t)] 0
[(!((1 | (2 | (3 | (4 | ((6 | (7 | ((9 | (10 | !(11 & (12 & 13)))) | !8))) | !5))))) | !0)) & (t)] 0
[(!(0 | (1 | (2 | (3 | (4 | ((6 | (((9 | (10 | 11)) | !8) | !7)) | !5))))))) & (t)] 0
[(!(0 | (1 | (2 | (3 | (4 | ((6 | (((9 | (10 | ((12 | 13) | !11))) | !8) | !7)) | !5))))))) & (t)] 0
[(!(0 | (1 | (2 | (3 | (4 | ((6 | (((9 | (10 | ((12 | !13) | !11))) | !8) | !7)) | !5))))))) & (t)] 0
[(!(0 | (1 | (2 | (3 | (4 | ((6 | (((9 | (10 | ((13 | !12) | !11))) | !8) | !7)) | !5))))))) & (t)] 0
[(!(0 | (1 | (2 | (3 | (4 | ((6 | (((9 | (10 | !(11 & (12 & 13)))) | !8) | !7)) | !5))))))) & (t)] 0
[(!(0 | (1 | (2 | ((((6 | (7 | (8 | (9 | 10)))) | !5) | !4) | !3))))) & (!((15 | !16) | !14))] 0
[(!(0 | (1 | (2 | ((4 | ((6 | (7 | ((9 | (10 | 11)) | !8))) | !5)) | !3))))) & (t)] 0
[(!(0 | (1 | (2 | ((4 | ((6 | (7 | ((9 | (10 | ((12 | 13) | !11))) | !8))) | !5)) | !3))))) & (t)] 0
[(!(0 | (1 | (2 | ((4 | ((6 | (7 | ((9 | (10 | ((12 | !13) | !11))) | !8))) | !5)) | !3))))) & (t)] 0
[(!(0 | (1 | (2 | ((4 | ((6 | (7 | ((9 | (10 | ((13 | !12) | !11))) | !8))) | !5)) | !3))))) & (t)] 0
[(!(0 | (1 | (2 | ((4 | ((6 | (7 | ((9 | (10 | !(11 & (12 & 13)))) | !8))) | !5)) | !3))))) & (t)] 0
[(!(0 | (1 | ((3 | (4 | ((6 | (7 | ((9 | (10 | 11)) | !8))) | !5))) | !2)))) & (t)] 0
[(!(0 | (1 | ((3 | (4 | ((6 | (7 | ((9 | (10 | ((12 | 13) | !11))) | !8))) | !5))) | !2)))) & (t)] 0
[(!(0 | (1 | ((3 | (4 | ((6 | (7 | ((9 | (10 | ((12 | !13) | !11))) | !8))) | !5))) | !2)))) & (t)] 0
[(!(0 | (1 | ((3 | (4 | ((6 | (7 | ((9 | (10 | ((13 | !12) | !11))) | !8))) | !5))) | !2)))) & (t)] 0
[(!(0 | (1 | ((3 | (4 | ((6 | (7 | ((9 | (10 | !(11 & (12 & 13)))) | !8))) | !5))) | !2)))) & (t)] 0
[(!(0 | (1 | (2 | ((4 | (((7 | ((9 | (10 | 11)) | !8)) | !6) | !5)) | !3))))) & (t)] 0
[(!(0 | (1 | (2 | ((4 | (((7 | ((9 | (10 | ((12 | 13) | !11))) | !8)) | !6) | !5)) | !3))))) & (t)] 0
[(!(0 | (1 | (2 | ((4 | (((7 | ((9 | (10 | ((12 | !13) | !11))) | !8)) | !6) | !5)) | !3))))) & (t)] 0
[(!(0 | (1 | (2 | ((4 | (((7 | ((9 | (10 | ((13 | !12) | !11))) | !8)) | !6) | !5)) | !3))))) & (t)] 0
[(!(0 | (1 | (2 | ((4 | (((7 | ((9 | (10 | !(11 & (12 & 13)))) | !8)) | !6) | !5)) | !3))))) & (t)] 0
[(!((1 | (2 | ((4 | (((7 | ((9 | (10 | 11)) | !8)) | !6) | !5)) | !3))) | !0)) & (t)] 0
[(!((1 | (2 | ((4 | (((7 | ((9 | (10 | (13 | !11))) | !8)) | !6) | !5)) | !3))) | !0)) & (t)] 0
[(!((1 | (2 | ((4 | (((7 | ((9 | (10 | ((12 | !13) | !11))) | !8)) | !6) | !5)) | !3))) | !0)) & (t)] 0
[(!((1 | (2 | ((4 | (((7 | ((9 | (10 | !(11 & (12 & 13)))) | !8)) | !6) | !5)) | !3))) | !0)) & (t)] 0
[(!(0 | (1 | (2 | ((4 | ((6 | ((((10 | 11) | !9) | !8) | !7)) | !5)) | !3))))) & (t)] 0
[(!(0 | (1 | (2 | ((4 | ((6 | ((((10 | !(11 & (12 & 13 | !12 & !13))) | !9) | !8) | !7)) | !5)) | !3))))) & (t)] 0
[(!(0 | (1 | (2 | ((4 | ((6 | ((((10 | ((12 | !13) | !11)) | !9) | !8) | !7)) | !5)) | !3))))) & (t)] 0
[(!(0 | (1 | (2 | ((4 | ((6 | ((((10 | ((13 | !12) | !11)) | !9) | !8) | !7)) | !5)) | !3))))) & (t)] 0
[(!((1 | (2 | (3 | (((6 | (7 | (8 | (9 | !10)))) | !5) | !4)))) | !0)) & (!((15 | 16) | !14))] 0
[(!((1 | ((3 | ((5 | (6 | (7 | (8 | (9 | 10))))) | !4)) | !2)) | !0)) & (!((15 | !16) | !14))] 0
[(!((1 | ((3 | (((6 | (7 | (8 | (9 | 10)))) | !5) | !4)) | !2)) | !0)) & (!14)] 0
[(!((1 | (2 | (3 | ((5 | (6 | (7 | (8 | (9 | 10))))) | !4)))) | !0)) & (!((15 | 16) | !14))] 0
[(!((1 | (2 | (3 | (4 | (5 | (6 | (7 | ((9 | (10 | 11)) | !8)))))))) | !0)) & (t)] 0
[(!((1 | (2 | (3 | (4 | (5 | (6 | (7 | ((9 | (10 | ((12 | 13) | !11))) | !8)))))))) | !0)) & (t)] 0
[(!((1 | (2 | (3 | (4 | (5 | (6 | (7 | ((9 | (10 | ((12 & 13 | !12 & !13) | !11))) | !8)))))))) | !0)) & (t)] 0
[(!((1 | (2 | (3 | (4 | (5 | (6 | (7 | ((9 | (10 | !(11 & (12 & 13)))) | !8)))))))) | !0)) & (t)] 0
[(!(0 | (1 | (2 | (3 | (4 | (5 | (6 | (((9 | (10 | 11)) | !8) | !7))))))))) & (t)] 0
[(!(0 | (1 | (2 | (3 | (4 | (5 | (6 | (((9 | (10 | ((12 | 13) | !11))) | !8) | !7))))))))) & (t)] 0
[(!(0 | (1 | (2 | (3 | (4 | (5 | (6 | (((9 | (10 | ((12 | !13) | !11))) | !8) | !7))))))))) & (t)] 0
[(!(0 | (1 | (2 | (3 | (4 | (5 | (6 | (((9 | (10 | ((13 | !12) | !11))) | !8) | !7))))))))) & (t)] 0
[(!(0 | (1 | (2 | (3 | (4 | (5 | (6 | (((9 | (10 | !(11 & (12 & 13)))) | !8) | !7))))))))) & (t)] 0
[(!(0 | (1 | (2 | (3 | (((6 | (7 | (8 | (9 | 10)))) | !5) | !4)))))) & (!((15 | !16) | !14))] 0
[(!(0 | (1 | (2 | (3 | (4 | ((6 | (7 | ((9 | (11 | !10)) | !8))) | !5))))))) & (t)] 0
[(!(0 | (1 | (2 | (3 | (4 | ((6 | (7 | ((9 | (((12 | 13) | !11) | !10)) | !8))) | !5))))))) & (t)] 0
[(!(0 | (1 | (2 | (3 | (4 | ((6 | (7 | ((9 | (((12 | !13) | !11) | !10)) | !8))) | !5))))))) & (t)] 0
[(!(0 | (1 | (2 | (3 | (4 | ((6 | (7 | ((9 | (((13 | !12) | !11) | !10)) | !8))) | !5))))))) & (t)] 0
[(!(0 | (1 | (2 | (3 | (4 | ((6 | (7 | ((9 | !(10 & (11 & (12 & 13)))) | !8))) | !5))))))) & (t)] 0
[(!(0 | (1 | (2 | ((4 | ((6 | (7 | ((9 | (11 | !10)) | !8))) | !5)) | !3))))) & (t)] 0
[(!(0 | (1 | (2 | ((4 | ((6 | (7 | ((9 | (((12 | 13) | !11) | !10)) | !8))) | !5)) | !3))))) & (t)] 0
[(!(0 | (1 | (2 | ((4 | ((6 | (7 | ((9 | (((12 | !13) | !11) | !10)) | !8))) | !5)) | !3))))) & (t)] 0
[(!(0 | (1 | (2 | ((4 | ((6 | (7 | ((9 | (((13 | !12) | !11) | !10)) | !8))) | !5)) | !3))))) & (t)] 0
[(!(0 | (1 | (2 | ((4 | ((6 | (7 | ((9 | !(10 & (11 & (12 & 13)))) | !8))) | !5)) | !3))))) & (t)] 0
[(!(0 | (1 | ((3 | (4 | (5 | (6 | (7 | ((9 | (10 | 11)) | !8)))))) | !2)))) & (t)] 0
[(!(0 | (1 | ((3 | (4 | (5 | (6 | (7 | ((9 | (10 | ((12 | 13) | !11))) | !8)))))) | !2)))) & (t)] 0
[(!(0 | (1 | ((3 | (4 | (5 | (6 | (7 | ((9 | (10 | ((12 | !13) | !11))) | !8)))))) | !2)))) & (t)] 0
[(!(0 | (1 | ((3 | (4 | (5 | (6 | (7 | ((9 | (10 | ((13 | !12) | !11))) | !8)))))) | !2)))) & (t)] 0
[(!(0 | (1 | ((3 | (4 | (5 | (6 | (7 | ((9 | (10 | !(11 & (12 & 13)))) | !8)))))) | !2)))) & (t)] 0
[(!(0 | (1 | (2 | (3 | (4 | (((7 | ((9 | (10 | 11)) | !8)) | !6) | !5))))))) & (t)] 0
[(!(0 | (1 | (2 | (3 | (4 | (((7 | ((9 | (10 | ((12 | 13) | !11))) | !8)) | !6) | !5))))))) & (t)] 0
[(!(0 | (1 | (2 | (3 | (4 | (((7 | ((9 | (10 | ((12 | !13) | !11))) | !8)) | !6) | !5))))))) & (t)] 0
[(!(0 | (1 | (2 | (3 | (4 | (((7 | ((9 | (10 | ((13 | !12) | !11))) | !8)) | !6) | !5))))))) & (t)] 0
[(!(0 | (1 | (2 | (3 | (4 | (((7 | ((9 | (10 | !(11 & (12 & 13)))) | !8)) | !6) | !5))))))) & (t)] 0
[(!((1 | (2 | (3 | (4 | (((7 | ((9 | (10 | 11)) | !8)) | !6) | !5))))) | !0)) & (t)] 0
[(!((1 | (2 | (3 | (4 | (((7 | ((9 | (10 | ((12 | 13) | !11))) | !8)) | !6) | !5))))) | !0)) & (t)] 0
[(!((1 | (2 | (3 | (4 | (((7 | ((9 | (10 | ((12 | !13) | !11))) | !8)) | !6) | !5))))) | !0)) & (t)] 0
[(!((1 | (2 | (3 | (4 | (((7 | ((9 | (10 | ((13 | !12) | !11))) | !8)) | !6) | !5))))) | !0)) & (t)] 0
[(!((1 | (2 | (3 | (4 | (((7 | ((9 | (10 | !(11 & (12 & 13)))) | !8)) | !6) | !5))))) | !0)) & (t)] 0
[(!(0 | (1 | (2 | (3 | (4 | ((6 | ((((10 | 11) | !9) | !8) | !7)) | !5))))))) & (t)] 0
[(!(0 | (1 | (2 | (3 | (4 | ((6 | ((((10 | ((12 | 13) | !11)) | !9) | !8) | !7)) | !5))))))) & (t)] 0
[(!(0 | (1 | (2 | (3 | (4 | ((6 | ((((10 | ((12 | !13) | !11)) | !9) | !8) | !7)) | !5))))))) & (t)] 0
[(!(0 | (1 | (2 | (3 | (4 | ((6 | ((((10 | ((13 | !12) | !11)) | !9) | !8) | !7)) | !5))))))) & (t)] 0
[(!(0 | (1 | (2 | (3 | (4 | ((6 | ((((10 | !(11 & (12 & 13))) | !9) | !8) | !7)) | !5))))))) & (t)] 0
[(!(0 | (1 | ((3 | (((6 | (7 | (8 | (9 | 10)))) | !5) | !4)) | !2)))) & (!14)] 0
[(!(0 | (1 | (2 | ((((6 | (7 | (8 | (10 | !9)))) | !5) | !4) | !3))))) & (!((15 | !16) | !14))] 0
[(!(0 | (1 | (2 | ((4 | ((6 | (7 | (((10 | 11) | !9) | !8))) | !5)) | !3))))) & (t)] 0
[(!(0 | (1 | (2 | ((4 | ((6 | (7 | (((10 | !(11 & (12 & 13 | !12 & !13))) | !9) | !8))) | !5)) | !3))))) & (t)] 0
[(!(0 | (1 | (2 | ((4 | ((6 | (7 | (((10 | ((12 | !13) | !11)) | !9) | !8))) | !5)) | !3))))) & (t)] 0
[(!(0 | (1 | (2 | ((4 | ((6 | (7 | (((10 | ((13 | !12) | !11)) | !9) | !8))) | !5)) | !3))))) & (t)] 0
[(!(0 | (1 | ((3 | (4 | ((6 | (7 | (((10 | 11) | !9) | !8))) | !5))) | !2)))) & (t)] 0
[(!(0 | (1 | ((3 | (4 | ((6 | (7 | (((10 | ((12 | 13) | !11)) | !9) | !8))) | !5))) | !2)))) & (t)] 0
[(!(0 | (1 | ((3 | (4 | ((6 | (7 | (((10 | ((12 | !13) | !11)) | !9) | !8))) | !5))) | !2)))) & (t)] 0
[(!(0 | (1 | ((3 | (4 | ((6 | (7 | (((10 | ((13 | !12) | !11)) | !9) | !8))) | !5))) | !2)))) & (t)] 0
[(!(0 | (1 | ((3 | (4 | ((6 | (7 | (((10 | !(11 & (12 & 13))) | !9) | !8))) | !5))) | !2)))) & (t)] 0
[(!(0 | (1 | (2 | (3 | ((5 | (6 | (7 | (8 | (9 | 10))))) | !4)))))) & (!((16 | !15) | !14))] 0
[(!(0 | (1 | (2 | (3 | (4 | (5 | (6 | (7 | ((9 | (10 | 11)) | !8)))))))))) & (t)] 0
[(!(0 | (1 | (2 | (3 | (4 | (5 | (6 | (7 | ((9 | (10 | ((12 | 13) | !11))) | !8)))))))))) & (t)] 0
[(!(0 | (1 | (2 | (3 | (4 | (5 | (6 | (7 | ((9 | (10 | ((12 | !13) | !11))) | !8)))))))))) & (t)] 0
[(!(0 | (1 | (2 | (3 | (4 | (5 | (6 | (7 | ((9 | (10 | ((13 | !12) | !11))) | !8)))))))))) & (t)] 0
[(!(0 | (1 | (2 | (3 | (4 | (5 | (6 | (7 | ((9 | (10 | !(11 & (12 & 13)))) | !8)))))))))) & (t)] 0
[(!(0 | (1 | (2 | (3 | (4 | (5 | ((7 | ((9 | (10 | 11)) | !8)) | !6)))))))) & (t)] 0
[(!(0 | (1 | (2 | (3 | (4 | (5 | ((7 | ((9 | (10 | ((12 | 13) | !11))) | !8)) | !6)))))))) & (t)] 0
[(!(0 | (1 | (2 | (3 | (4 | (5 | ((7 | ((9 | (10 | ((12 | !13) | !11))) | !8)) | !6)))))))) & (t)] 0
[(!(0 | (1 | (2 | (3 | (4 | (5 | ((7 | ((9 | (10 | ((13 | !12) | !11))) | !8)) | !6)))))))) & (t)] 0
[(!(0 | (1 | (2 | (3 | (4 | (5 | ((7 | ((9 | (10 | !(11 & (12 & 13)))) | !8)) | !6)))))))) & (t)] 0
[(!((1 | (2 | (3 | (4 | (5 | ((7 | ((9 | (10 | 11)) | !8)) | !6)))))) | !0)) & (t)] 0
[(!((1 | (2 | (3 | (4 | (5 | ((7 | ((9 | (10 | ((12 | 13) | !11))) | !8)) | !6)))))) | !0)) & (t)] 0
[(!((1 | (2 | (3 | (4 | (5 | ((7 | ((9 | (10 | ((12 & 13 | !12 & !13) | !11))) | !8)) | !6)))))) | !0)) & (t)] 0
[(!((1 | (2 | (3 | (4 | (5 | ((7 | ((9 | (10 | !(11 & (12 & 13)))) | !8)) | !6)))))) | !0)) & (t)] 0
[(!(0 | (1 | (2 | (3 | (4 | (5 | (6 | ((((10 | 11) | !9) | !8) | !7))))))))) & (t)] 0
[(!(0 | (1 | (2 | (3 | (4 | (5 | (6 | ((((10 | ((12 | 13) | !11)) | !9) | !8) | !7))))))))) & (t)] 0
[(!(0 | (1 | (2 | (3 | (4 | (5 | (6 | ((((10 | !(11 & 13)) | !9) | !8) | !7))))))))) & (t)] 0
[(!(0 | (1 | (2 | (3 | (4 | (5 | (6 | ((((10 | ((13 | !12) | !11)) | !9) | !8) | !7))))))))) & (t)] 0
[(!(0 | (1 | ((3 | ((5 | (6 | (7 | (8 | (9 | 10))))) | !4)) | !2)))) & (!((15 | !16) | !14))] 0
[(!(0 | (1 | (2 | (3 | (((6 | (7 | (8 | (10 | !9)))) | !5) | !4)))))) & (!((15 | !16) | !14))] 0
[(!(0 | (1 | (2 | (3 | (4 | ((6 | (7 | (((11 | !10) | !9) | !8))) | !5))))))) & (t)] 0
[(!(0 | (1 | (2 | (3 | (4 | ((6 | (7 | (((((12 | 13) | !11) | !10) | !9) | !8))) | !5))))))) & (t)] 0
[(!(0 | (1 | (2 | (3 | (4 | ((6 | (7 | (((((12 | !13) | !11) | !10) | !9) | !8))) | !5))))))) & (t)] 0
[(!(0 | (1 | (2 | (3 | (4 | ((6 | (7 | (((((13 | !12) | !11) | !10) | !9) | !8))) | !5))))))) & (t)] 0
[(!(0 | (1 | (2 | (3 | (4 | ((6 | (7 | !(8 & (9 & (10 & (11 & (12 & 13))))))) | !5))))))) & (t)] 0
[(!(0 | (1 | (2 | ((4 | ((6 | (7 | (((11 | !10) | !9) | !8))) | !5)) | !3))))) & (t)] 0
[(!(0 | (1 | (2 | ((4 | ((6 | (7 | !(8 & (9 & (10 & (11 & (12 & 13 | !12 & !13))))))) | !5)) | !3))))) & (t)] 0
[(!(0 | (1 | (2 | ((4 | ((6 | (7 | (((((12 | !13) | !11) | !10) | !9) | !8))) | !5)) | !3))))) & (t)] 0
[(!(0 | (1 | (2 | ((4 | ((6 | (7 | (((((13 | !12) | !11) | !10) | !9) | !8))) | !5)) | !3))))) & (t)] 0
[(!(0 | (1 | ((3 | (4 | (5 | (6 | (7 | (((10 | 11) | !9) | !8)))))) | !2)))) & (t)] 0
[(!(0 | (1 | ((3 | (4 | (5 | (6 | (7 | (((10 | ((12 | 13) | !11)) | !9) | !8)))))) | !2)))) & (t)] 0
[(!(0 | (1 | ((3 | (4 | (5 | (6 | (7 | (((10 | !(11 & 13)) | !9) | !8)))))) | !2)))) & (t)] 0
[(!(0 | (1 | ((3 | (4 | (5 | (6 | (7 | (((10 | ((13 | !12) | !11)) | !9) | !8)))))) | !2)))) & (t)] 0
[(!(0 | (1 | (2 | (3 | (4 | ((6 | (7 | (((10 | 11) | !9) | !8))) | !5))))))) & (t)] 0
[(!(0 | (1 | (2 | (3 | (4 | ((6 | (7 | (((10 | ((12 | 13) | !11)) | !9) | !8))) | !5))))))) & (t)] 0
[(!(0 | (1 | (2 | (3 | (4 | ((6 | (7 | (((10 | ((12 | !13) | !11)) | !9) | !8))) | !5))))))) & (t)] 0
[(!(0 | (1 | (2 | (3 | (4 | ((6 | (7 | (((10 | ((13 | !12) | !11)) | !9) | !8))) | !5))))))) & (t)] 0
[(!(0 | (1 | (2 | (3 | (4 | ((6 | (7 | (((10 | !(11 & (12 & 13))) | !9) | !8))) | !5))))))) & (t)] 0
[(!(0 | (1 | ((3 | (((6 | (7 | (8 | (10 | !9)))) | !5) | !4)) | !2)))) & (!14)] 0
[(!(0 | (1 | (2 | (3 | ((5 | ((7 | (8 | (9 | 10))) | !6)) | !4)))))) & (!((15 | !16) | !14))] 0
[(!((1 | (2 | (3 | ((5 | ((7 | (8 | (9 | 10))) | !6)) | !4)))) | !0)) & (!((15 | !16) | !14))] 0
[(!(0 | (1 | (2 | (3 | ((5 | (6 | (7 | (8 | (10 | !9))))) | !4)))))) & (!((16 | !15) | !14))] 0
[(!(0 | (1 | (2 | (3 | (4 | (5 | (6 | (7 | (((10 | 11) | !9) | !8)))))))))) & (t)] 0
[(!(0 | (1 | (2 | (3 | (4 | (5 | (6 | (7 | (((10 | ((12 | 13) | !11)) | !9) | !8)))))))))) & (t)] 0
[(!(0 | (1 | (2 | (3 | (4 | (5 | (6 | (7 | (((10 | !(11 & 13)) | !9) | !8)))))))))) & (t)] 0
[(!(0 | (1 | (2 | (3 | (4 | (5 | (6 | (7 | (((10 | ((13 | !12) | !11)) | !9) | !8)))))))))) & (t)] 0
[(!(0 | (1 | ((3 | ((5 | (6 | (7 | (8 | (10 | !9))))) | !4)) | !2)))) & (!14)] 0
--END--
Synthesis took:  4455.994606018066 ms
