Processing program.
spec contains 5 APs (['up', '(at_floor < target)', '(at_floor > target)', 'dooropen', 'down'])
simplified !(!dooropen | (!inc & dooropen & ((target - 1) >= 0) & ((target - 1) <= 5)) | (inc & dooropen & ((target + 1) >= 0) & ((target + 1) <= 5))) (len 139) to ((inc & !(!dooropen | ((((0 <= target) & ((((target + 1) <= 5) & (0 <= (target + 1)) & (target <= 5)) | !(target <= 5))) | !(0 <= target)) & dooropen))) | (!(!dooropen | ((((((1 <= target) & (target <= 5) & ((target - 1) <= 5)) | !(target <= 5)) & (0 <= target)) | !(0 <= target)) & dooropen)) & !inc)) (len 302)
((inc & !(!dooropen | ((((0 <= target) & ((((target + 1) <= 5) & (0 <= (target + 1)) & (target <= 5)) | !(target <= 5))) | !(0 <= target)) & dooropen))) | (!(!dooropen | ((((((1 <= target) & (target <= 5) & ((target - 1) <= 5)) | !(target <= 5)) & (0 <= target)) | !(0 <= target)) & dooropen)) & !inc))
simplified !((!up & down & ((at_floor - 1) >= 0) & ((at_floor - 1) <= 5)) | (up & !down & ((at_floor + 1) >= 0) & ((at_floor + 1) <= 5)) | ((up <-> down) && !(dooropen && !(at_floor < target) && !(at_floor > target))) | (dooropen && !(at_floor < target) && !(at_floor > target) && !(up & !down) && !(!up & down))) (len 302) to ((!up & !(!down | (down & (((!(0 <= at_floor) | ((0 <= at_floor) & !((at_floor <= 5) & (target <= 5) & (0 <= target)))) & !(1 <= at_floor)) | ((((at_floor - 1) <= 5) | ((!(0 <= at_floor) | ((0 <= at_floor) & !((at_floor <= 5) & (target <= 5) & (0 <= target)))) & !((at_floor - 1) <= 5))) & (1 <= at_floor)))))) | (!(down | (!down & (((!(0 <= at_floor) | ((0 <= at_floor) & !((at_floor <= 5) & (target <= 5) & (0 <= target)))) & !(0 <= (at_floor + 1))) | ((0 <= (at_floor + 1)) & (((!(0 <= at_floor) | ((0 <= at_floor) & !((at_floor <= 5) & (target <= 5) & (0 <= target)))) & !((at_floor + 1) <= 5)) | ((at_floor + 1) <= 5)))))) & up)) (len 634)
((!up & !(!down | (down & (((!(0 <= at_floor) | ((0 <= at_floor) & !((at_floor <= 5) & (target <= 5) & (0 <= target)))) & !(1 <= at_floor)) | ((((at_floor - 1) <= 5) | ((!(0 <= at_floor) | ((0 <= at_floor) & !((at_floor <= 5) & (target <= 5) & (0 <= target)))) & !((at_floor - 1) <= 5))) & (1 <= at_floor)))))) | (!(down | (!down & (((!(0 <= at_floor) | ((0 <= at_floor) & !((at_floor <= 5) & (target <= 5) & (0 <= target)))) & !(0 <= (at_floor + 1))) | ((0 <= (at_floor + 1)) & (((!(0 <= at_floor) | ((0 <= at_floor) & !((at_floor <= 5) & (target <= 5) & (0 <= target)))) & !((at_floor + 1) <= 5)) | ((at_floor + 1) <= 5)))))) & up))
Starting abstract synthesis loop.
adding (target <= at_floor), (at_floor <= target) to predicate abstraction
constructing LTL abstraction
ltl abstraction took: 0.0010094642639160156
running LTL synthesis
massaging abstract counterstrategy
checking for compatibility of counterstrategy with program
trying fairness refinement
Structural Refinement: 
entry_cond:TRUE
exit_cond:(target <= at_floor)
loop:(at_floor := (at_floor + 1))
adding (at_floor = at_floor_prev), (at_floor = (at_floor_prev + 1)), (target = target_prev) to predicate abstraction
constructing LTL abstraction
ltl abstraction took: 0.0011796951293945312
running LTL synthesis
massaging abstract counterstrategy
checking for compatibility of counterstrategy with program
trying fairness refinement
trying safety refinement
adding (target <= 0) to predicate abstraction
constructing LTL abstraction
ltl abstraction took: 0.0012166500091552734
running LTL synthesis
massaging abstract counterstrategy
checking for compatibility of counterstrategy with program
trying fairness refinement
trying safety refinement
adding (target <= 1) to predicate abstraction
constructing LTL abstraction
ltl abstraction took: 0.0010356903076171875
running LTL synthesis
massaging abstract counterstrategy
checking for compatibility of counterstrategy with program
trying fairness refinement
Structural Refinement: 
entry_cond:TRUE
exit_cond:(target <= 1)
loop:(target := (target - 1))
adding (target = (target_prev - 1)) to predicate abstraction
constructing LTL abstraction
ltl abstraction took: 0.0011112689971923828
running LTL synthesis
massaging abstract counterstrategy
checking for compatibility of counterstrategy with program
trying fairness refinement
trying safety refinement
adding (target <= 2) to predicate abstraction
constructing LTL abstraction
ltl abstraction took: 0.0011332035064697266
running LTL synthesis
massaging abstract counterstrategy
checking for compatibility of counterstrategy with program
trying fairness refinement
trying safety refinement
adding (at_floor <= 0) to predicate abstraction
constructing LTL abstraction
ltl abstraction took: 0.001157999038696289
running LTL synthesis
massaging abstract counterstrategy
checking for compatibility of counterstrategy with program
trying fairness refinement
Structural Refinement: 
entry_cond:TRUE
exit_cond:(at_floor <= target)
loop:(at_floor := (at_floor - 1))
adding (at_floor = (at_floor_prev - 1)) to predicate abstraction
constructing LTL abstraction
ltl abstraction took: 0.0011827945709228516
running LTL synthesis
Realizable.
REALIZABLE
HOA: v1
tool: "strix" "21.0.0"
States: 2
Start: 1
AP: 21 "pred__atfloor_EQ__atfloorprev_PLUS_1__" "pred__atfloor_LTEQ_target_" "in_loop1_0" "pred__target_LTEQ_2_" "pred__atfloor_EQ__atfloorprev_MINUS_1__" "q1" "pred__atfloor_EQ_atfloorprev_" "pred__target_EQ__targetprev_MINUS_1__" "q0" "pred__target_EQ_targetprev_" "in_loop2_0" "pred__target_LTEQ_atfloor_" "pred__target_LTEQ_1_" "in_loop0_0" "pred__atfloor_LTEQ_0_" "pred__target_LTEQ_0_" "dooropen" "inc" "notify" "down" "up"
controllable-AP: 18 19 20
acc-name: all
Acceptance: 0 t
--BODY--
State: 0 "[0]"
[(!(0 | ((2 | (3 | (4 | (5 | ((7 | (((10 | (11 | (12 | (13 | ((15 | 16) | !14))))) | !9) | !8)) | !6))))) | !1))) & (t)] 1
[(!(0 | ((2 | (3 | (4 | (5 | ((7 | (((10 | (11 | (12 | (13 | ((15 | (17 | !16)) | !14))))) | !9) | !8)) | !6))))) | !1))) & (!(19 | 20))] 0
[(!(0 | ((2 | (3 | (4 | (5 | ((7 | (((10 | (11 | (12 | (13 | ((15 | !(16 & 17)) | !14))))) | !9) | !8)) | !6))))) | !1))) & (!(19 | 20))] 0
[(!(0 | ((2 | (3 | (4 | (5 | ((7 | (((10 | (11 | (12 | (13 | (14 | (15 | 16)))))) | !9) | !8)) | !6))))) | !1))) & (t)] 1
[(!(0 | ((2 | (3 | (4 | (5 | ((7 | (((10 | (11 | (12 | (13 | (14 | (15 | (17 | !16))))))) | !9) | !8)) | !6))))) | !1))) & (!(19 | 20))] 0
[(!(0 | ((2 | (3 | (4 | (5 | ((7 | (((10 | (11 | (12 | (13 | (14 | (15 | !(16 & 17))))))) | !9) | !8)) | !6))))) | !1))) & (!(19 | 20))] 0
[(!(0 | ((2 | ((4 | (5 | (6 | (7 | ((9 | (10 | (((13 | ((16 | !15) | !14)) | !12) | !11))) | !8))))) | !3)) | !1))) & (t)] 1
[(!(0 | ((2 | ((4 | (5 | (6 | (7 | ((9 | (10 | (((13 | (((17 | !16) | !15) | !14)) | !12) | !11))) | !8))))) | !3)) | !1))) & (t)] 0
[(!(0 | ((2 | ((4 | (5 | (6 | (7 | ((9 | (10 | (((13 | !(14 & (15 & (16 & 17)))) | !12) | !11))) | !8))))) | !3)) | !1))) & (t)] 1
[(!(0 | ((2 | ((4 | (((7 | (8 | ((10 | (((13 | ((16 | !15) | !14)) | !12) | !11)) | !9))) | !6) | !5)) | !3)) | !1))) & (!(19 | 20))] 0
[(!(0 | ((2 | ((4 | (((7 | (8 | ((10 | (((13 | !(14 & (15 & 16))) | !12) | !11)) | !9))) | !6) | !5)) | !3)) | !1))) & (!(19 | 20))] 1
[(!(0 | ((2 | ((4 | (5 | ((7 | (((10 | (((13 | ((16 | !15) | !14)) | !12) | !11)) | !9) | !8)) | !6))) | !3)) | !1))) & (t)] 0
[(!(0 | ((2 | ((4 | (5 | ((7 | (((10 | (((13 | (((17 | !16) | !15) | !14)) | !12) | !11)) | !9) | !8)) | !6))) | !3)) | !1))) & (!(19 | 20))] 0
[(!(0 | ((2 | ((4 | (5 | ((7 | (((10 | (((13 | !(14 & (15 & (16 & 17)))) | !12) | !11)) | !9) | !8)) | !6))) | !3)) | !1))) & (!(19 | 20))] 1
[(!(0 | ((2 | ((4 | (5 | ((7 | ((9 | (10 | (11 | ((13 | ((15 | 16) | !14)) | !12)))) | !8)) | !6))) | !3)) | !1))) & (t)] 0
[(!(0 | ((2 | ((4 | (5 | ((7 | ((9 | (10 | (11 | ((13 | ((15 | (17 | !16)) | !14)) | !12)))) | !8)) | !6))) | !3)) | !1))) & (!(19 | 20))] 0
[(!(0 | ((2 | ((4 | (5 | ((7 | ((9 | (10 | (11 | ((13 | ((15 | !(16 & 17)) | !14)) | !12)))) | !8)) | !6))) | !3)) | !1))) & (!(19 | 20))] 1
[(!(0 | ((2 | ((4 | (((7 | (8 | ((10 | (11 | ((13 | ((15 | 16) | !14)) | !12))) | !9))) | !6) | !5)) | !3)) | !1))) & (!(19 | !20))] 1
[(!(0 | ((2 | ((4 | (((7 | (8 | ((10 | (11 | ((13 | ((15 | !16) | !14)) | !12))) | !9))) | !6) | !5)) | !3)) | !1))) & (!(19 | 20))] 1
[(!(0 | ((2 | ((4 | (5 | ((((9 | (10 | (((13 | ((16 | !15) | !14)) | !12) | !11))) | !8) | !7) | !6))) | !3)) | !1))) & (t)] 0
[(!(0 | ((2 | ((4 | (5 | ((((9 | (10 | (((13 | (((17 | !16) | !15) | !14)) | !12) | !11))) | !8) | !7) | !6))) | !3)) | !1))) & (!(19 | 20))] 1
[(!(0 | ((2 | ((4 | (5 | ((((9 | (10 | (((13 | !(14 & (15 & (16 & 17)))) | !12) | !11))) | !8) | !7) | !6))) | !3)) | !1))) & (!(19 | 20))] 1
[(!(0 | ((2 | ((4 | (5 | ((7 | ((9 | (10 | (11 | (12 | (13 | ((15 | 16) | !14)))))) | !8)) | !6))) | !3)) | !1))) & (t)] 1
[(!(0 | ((2 | ((4 | (5 | ((7 | ((9 | (10 | (11 | (12 | (13 | ((15 | (17 | !16)) | !14)))))) | !8)) | !6))) | !3)) | !1))) & (!(19 | 20))] 0
[(!(0 | ((2 | ((4 | (5 | ((7 | ((9 | (10 | (11 | (12 | (13 | ((15 | !(16 & 17)) | !14)))))) | !8)) | !6))) | !3)) | !1))) & (!(19 | 20))] 1
[(!(0 | (1 | (2 | ((((6 | (7 | (8 | (((((13 | (14 | (16 | !15))) | !12) | !11) | !10) | !9)))) | !5) | !4) | !3))))) & (!(20 | !19))] 0
[(!(0 | (1 | (2 | ((((6 | (7 | (8 | (((((13 | (14 | !(15 & 16))) | !12) | !11) | !10) | !9)))) | !5) | !4) | !3))))) & (!(19 | 20))] 0
[(!(0 | ((2 | ((((6 | (7 | (8 | (((((13 | (14 | (16 | !15))) | !12) | !11) | !10) | !9)))) | !5) | !4) | !3)) | !1))) & (!(19 | 20))] 0
[(!(0 | ((2 | ((((6 | (7 | (8 | (((((13 | (14 | !(15 & 16))) | !12) | !11) | !10) | !9)))) | !5) | !4) | !3)) | !1))) & (!(19 | 20))] 0
[(!(0 | ((2 | ((((6 | (7 | (8 | (((((13 | ((16 | !15) | !14)) | !12) | !11) | !10) | !9)))) | !5) | !4) | !3)) | !1))) & (!(19 | 20))] 1
[(!(0 | ((2 | ((((6 | (7 | (8 | (((((13 | !(14 & (15 & 16))) | !12) | !11) | !10) | !9)))) | !5) | !4) | !3)) | !1))) & (!(19 | 20))] 0
[(!(0 | (1 | (2 | ((4 | (((7 | (8 | ((10 | (((13 | (14 | (16 | !15))) | !12) | !11)) | !9))) | !6) | !5)) | !3))))) & (t)] 1
[(!(0 | (1 | (2 | ((4 | (((7 | (8 | ((10 | (((13 | (14 | !(15 & 16))) | !12) | !11)) | !9))) | !6) | !5)) | !3))))) & (t)] 0
[(!(((2 | ((4 | ((6 | (7 | (8 | ((10 | (11 | (((14 | (15 | 16)) | !13) | !12))) | !9)))) | !5)) | !3)) | !1) | !0)) & (!(19 | 20))] 1
[(!(((2 | ((4 | ((6 | (7 | (8 | ((10 | (11 | (((14 | (15 | !16)) | !13) | !12))) | !9)))) | !5)) | !3)) | !1) | !0)) & (!(19 | 20))] 0
[(!(((2 | ((4 | ((6 | (7 | (8 | ((10 | ((((14 | (15 | 16)) | !13) | !12) | !11)) | !9)))) | !5)) | !3)) | !1) | !0)) & (!(19 | 20))] 1
[(!(((2 | ((4 | ((6 | (7 | (8 | ((10 | ((((14 | (15 | !16)) | !13) | !12) | !11)) | !9)))) | !5)) | !3)) | !1) | !0)) & (!(19 | 20))] 0
[(!(0 | ((2 | ((4 | (((7 | (8 | ((10 | (11 | (12 | (13 | ((15 | 16) | !14))))) | !9))) | !6) | !5)) | !3)) | !1))) & (!(19 | !20))] 0
[(!(0 | ((2 | ((4 | (((7 | (8 | ((10 | (11 | (12 | (13 | ((15 | !16) | !14))))) | !9))) | !6) | !5)) | !3)) | !1))) & (!(19 | 20))] 0
[(!(0 | ((((4 | (5 | ((((9 | (10 | (11 | ((13 | ((15 | 16) | !14)) | !12)))) | !8) | !7) | !6))) | !3) | !2) | !1))) & (t)] 1
[(!(0 | ((((4 | (5 | ((((9 | (10 | (11 | ((13 | ((15 | (17 | !16)) | !14)) | !12)))) | !8) | !7) | !6))) | !3) | !2) | !1))) & (!(19 | 20))] 0
[(!(0 | ((((4 | (5 | ((((9 | (10 | (11 | ((13 | ((15 | !(16 & 17)) | !14)) | !12)))) | !8) | !7) | !6))) | !3) | !2) | !1))) & (!(19 | 20))] 1
[(!(0 | ((((4 | (5 | ((((9 | (10 | (((13 | ((15 | 16) | !14)) | !12) | !11))) | !8) | !7) | !6))) | !3) | !2) | !1))) & (t)] 1
[(!(0 | ((((4 | (5 | ((((9 | (10 | (((13 | ((15 | (17 | !16)) | !14)) | !12) | !11))) | !8) | !7) | !6))) | !3) | !2) | !1))) & (!(19 | 20))] 0
[(!(0 | ((((4 | (5 | ((((9 | (10 | (((13 | ((15 | !(16 & 17)) | !14)) | !12) | !11))) | !8) | !7) | !6))) | !3) | !2) | !1))) & (!(19 | 20))] 0
[(!(0 | ((2 | (3 | (4 | (5 | ((7 | ((9 | (10 | (11 | (12 | (13 | ((15 | 16) | !14)))))) | !8)) | !6))))) | !1))) & (t)] 1
[(!(0 | ((2 | (3 | (4 | (5 | ((7 | ((9 | (10 | (11 | (12 | (13 | ((15 | (17 | !16)) | !14)))))) | !8)) | !6))))) | !1))) & (!(19 | 20))] 0
[(!(0 | ((2 | (3 | (4 | (5 | ((7 | ((9 | (10 | (11 | (12 | (13 | ((15 | !(16 & 17)) | !14)))))) | !8)) | !6))))) | !1))) & (!(19 | 20))] 0
[(!(0 | (1 | (2 | ((4 | (((7 | (8 | (((((13 | (14 | (16 | !15))) | !12) | !11) | !10) | !9))) | !6) | !5)) | !3))))) & (!(20 | !19))] 1
[(!(0 | (1 | (2 | ((4 | (((7 | (8 | (((((13 | (14 | !(15 & 16))) | !12) | !11) | !10) | !9))) | !6) | !5)) | !3))))) & (!(19 | 20))] 1
[(!(0 | ((2 | ((4 | (((7 | (8 | ((10 | (((13 | (14 | (15 | 16))) | !12) | !11)) | !9))) | !6) | !5)) | !3)) | !1))) & (!(19 | 20))] 0
[(!(0 | ((2 | ((4 | (((7 | (8 | ((10 | (((13 | (14 | (15 | !16))) | !12) | !11)) | !9))) | !6) | !5)) | !3)) | !1))) & (!(19 | 20))] 0
[(!(0 | ((2 | ((4 | (5 | ((7 | (((10 | (((13 | (14 | (15 | 16))) | !12) | !11)) | !9) | !8)) | !6))) | !3)) | !1))) & (t)] 1
[(!(0 | ((2 | ((4 | (5 | ((7 | (((10 | (((13 | (14 | (15 | (17 | !16)))) | !12) | !11)) | !9) | !8)) | !6))) | !3)) | !1))) & (!(19 | 20))] 0
[(!(0 | ((2 | ((4 | (5 | ((7 | (((10 | (((13 | (14 | (15 | !(16 & 17)))) | !12) | !11)) | !9) | !8)) | !6))) | !3)) | !1))) & (!(19 | 20))] 0
[(!(((2 | ((4 | ((6 | (7 | (8 | ((10 | (11 | (12 | ((14 | (15 | 16)) | !13)))) | !9)))) | !5)) | !3)) | !1) | !0)) & (!(19 | !20))] 0
[(!(((2 | ((4 | ((6 | (7 | (8 | ((10 | (11 | (12 | ((14 | (15 | !16)) | !13)))) | !9)))) | !5)) | !3)) | !1) | !0)) & (!(19 | 20))] 0
[(!(((2 | ((4 | ((6 | (7 | (8 | ((10 | ((12 | ((14 | (15 | 16)) | !13)) | !11)) | !9)))) | !5)) | !3)) | !1) | !0)) & (!(19 | 20))] 0
[(!(((2 | ((4 | ((6 | (7 | (8 | ((10 | ((12 | ((14 | (15 | !16)) | !13)) | !11)) | !9)))) | !5)) | !3)) | !1) | !0)) & (!(19 | 20))] 1
[(!(0 | ((2 | ((4 | (((7 | (8 | ((10 | (((13 | ((15 | 16) | !14)) | !12) | !11)) | !9))) | !6) | !5)) | !3)) | !1))) & (t)] 1
[(!(0 | ((2 | ((4 | (((7 | (8 | ((10 | (((13 | ((15 | !16) | !14)) | !12) | !11)) | !9))) | !6) | !5)) | !3)) | !1))) & (t)] 0
[(!(0 | (1 | (2 | ((4 | (5 | ((((9 | (10 | (((13 | (((17 | !16) | !15) | !14)) | !12) | !11))) | !8) | !7) | !6))) | !3))))) & (!(19 | 20))] 1
[(0 & ((2 & (4 | ((6 | (7 | (8 | ((10 | (12 | ((14 | 15) | !13))) | !9)))) | !5)) | !2 & (3 & (4 | ((6 | (7 | (8 | ((10 | ((14 | 15) | !13)) | !9)))) | !5)) | !3 & (4 | ((6 | (7 | (8 | ((10 | (12 | ((14 | 15) | !13))) | !9)))) | !5)))) | !1) | !0 & (1 & (2 & (3 & (4 & ((6 | (7 | (8 | ((10 & ((12 | (13 | 15)) | !11) | !10 & (11 | (12 | (13 | 15)))) | !9)))) | !5) | !4 & (5 & ((7 | (8 | ((10 | (11 & (12 | (13 | 15)) | !11 & (12 | (13 & (14 | 15) | !13 & 15)))) | !9))) | !6) | !5 & ((7 & ((9 | (10 | (13 | 15))) | !8) | !7 & (((10 | ((12 | (13 | (14 | 15))) | !11)) | !9) | !8)) | !6))) | !3 & (4 & ((6 | (7 | (8 | ((10 & ((12 | (13 | 15)) | !11) | !10 & (11 | (12 | (13 | 15)))) | !9)))) | !5) | !4 & (5 & ((7 | (8 | ((10 | (11 & (12 | (13 | 15)) | !11 & (12 | (13 & (14 | 15) | !13 & 15)))) | !9))) | !6) | !5 & ((7 & ((9 | (10 | (12 | (13 | 15)))) | !8) | !7 & (((10 | ((12 | (13 | (14 | 15))) | !11)) | !9) | !8)) | !6)))) | !2 & (3 & (4 & ((6 | (7 | (8 | ((10 & ((12 & 13 | !12 & (13 | 15)) | !11) | !10 & (11 | (12 | (13 | 15)))) | !9)))) | !5) | !4 & (5 & ((7 | (8 | ((10 | (11 & (12 & 13 | !12 & (13 | 15)) | !11 & (12 & (13 | 15) | !12 & (13 & (14 | 15) | !13 & 15)))) | !9))) | !6) | !5 & (6 & (7 & ((9 | (10 | (((13 | !15) | !12) | !11))) | !8) | !7 & ((9 & (10 | ((12 & (13 | !(15 | !14)) | !12 & (13 | (14 | 15))) | !11)) | !9 & (10 | (13 | 15))) | !8)) | !6 & (7 | ((9 | (10 | (((13 | !(14 & 15)) | !12) | !11))) | !8))))) | !3 & (4 & ((6 | (7 | (8 | ((10 & ((12 | (13 | 15)) | !11) | !10 & (11 | (12 | (13 | 15)))) | !9)))) | !5) | !4 & (5 & ((7 | (8 | ((10 | (11 & (12 | (13 | 15)) | !11 & (12 | (13 & (14 | 15) | !13 & 15)))) | !9))) | !6) | !5 & ((7 | ((10 | (12 | (13 | 15))) | !8)) | !6))))) | !1 & (2 & (3 & (4 & ((6 | (7 | (8 | ((((12 | (13 | (14 | 15))) | !11) | !10) | !9)))) | !5) | !4 & (5 & ((7 | (8 | (((12 | (13 | (14 | 15))) | !11) | !9))) | !6) | !5 & ((((9 | (10 | ((13 | (14 & (15 | !16) | !14 & 15)) | !11))) | !8) | !7) | !6))) | !3 & (4 & ((6 | (7 | (8 | ((((12 | (13 | (14 | 15))) | !11) | !10) | !9)))) | !5) | !4 & (5 & ((7 | (8 | (((12 | (13 | (14 | 15))) | !11) | !9))) | !6) | !5 & ((((9 | (10 | ((12 | (13 | (14 & (15 | !16) | !14 & 15))) | !11))) | !8) | !7) | !6)))) | !2 & (3 & (4 & ((6 | (7 | (8 | ((((12 & (13 | 14) | !12 & (13 | (14 | 15))) | !11) | !10) | !9)))) | !5) | !4 & (5 & ((7 | (8 | (((12 & (13 | 14) | !12 & (13 | (14 | 15))) | !11) | !9))) | !6) | !5 & ((7 & ((9 | (10 | (((13 | !(14 & (15 & 16) | !14 & 15)) | !12) | !11))) | !8) | !7 & ((9 & (10 | (((13 | !(14 & (15 & 16) | !14 & 15)) | !12) | !11)) | !9 & (10 | ((13 | (14 & (15 | !16) | !14 & 15)) | !11))) | !8)) | !6))) | !3 & (4 & ((6 | (7 | (8 | ((((12 | (13 | (14 | 15))) | !11) | !10) | !9)))) | !5) | !4 & (5 & ((7 | (8 | (((12 | (13 | (14 | 15))) | !11) | !9))) | !6) | !5 & ((7 | ((9 | (10 | ((12 | (13 | (14 & (15 | !16) | !14 & 15))) | !11))) | !8)) | !6))))))) & (t)] 1
[(!(0 | (1 | (2 | ((4 | (5 | ((((9 | (10 | (((13 | !(14 & (15 & (16 & 17)))) | !12) | !11))) | !8) | !7) | !6))) | !3))))) & (!(19 | 20))] 0
[(!(0 | ((2 | (3 | (4 | (((7 | (8 | ((10 | (11 | (12 | (13 | ((15 | 16) | !14))))) | !9))) | !6) | !5)))) | !1))) & (!(19 | !20))] 1
[(!(0 | ((2 | (3 | (4 | (((7 | (8 | ((10 | (11 | (12 | (13 | ((15 | !16) | !14))))) | !9))) | !6) | !5)))) | !1))) & (!(19 | 20))] 0
[(!(0 | (((3 | (4 | (5 | ((((9 | (10 | (11 | (12 | (13 | ((15 | 16) | !14)))))) | !8) | !7) | !6)))) | !2) | !1))) & (t)] 1
[(!(0 | (((3 | (4 | (5 | ((((9 | (10 | (11 | (12 | (13 | ((15 | (17 | !16)) | !14)))))) | !8) | !7) | !6)))) | !2) | !1))) & (!(19 | 20))] 0
[(!(0 | (((4 | (5 | ((((9 | (10 | (11 | (12 | (13 | ((15 | !(16 & 17)) | !14)))))) | !8) | !7) | !6))) | !2) | !1))) & (!(19 | 20))] 0
[(!(0 | (((3 | (4 | (5 | ((((9 | (10 | ((12 | (13 | ((15 | 16) | !14))) | !11))) | !8) | !7) | !6)))) | !2) | !1))) & (t)] 1
[(!(0 | (((3 | (4 | (5 | ((((9 | (10 | ((12 | (13 | ((15 | (17 | !16)) | !14))) | !11))) | !8) | !7) | !6)))) | !2) | !1))) & (!(19 | 20))] 1
[(!(0 | (((4 | (5 | ((((9 | (10 | ((12 | (13 | ((15 | !(16 & 17)) | !14))) | !11))) | !8) | !7) | !6))) | !2) | !1))) & (!(19 | 20))] 0
[(!(0 | ((((4 | (5 | ((((9 | (10 | (11 | (12 | (13 | ((15 | 16) | !14)))))) | !8) | !7) | !6))) | !3) | !2) | !1))) & (t)] 1
[(!(0 | ((((4 | (5 | ((((9 | (10 | (11 | (12 | (13 | ((15 | (17 | !16)) | !14)))))) | !8) | !7) | !6))) | !3) | !2) | !1))) & (!(19 | 20))] 0
[(!(0 | ((((4 | (5 | ((((9 | (10 | ((12 | (13 | ((15 | 16) | !14))) | !11))) | !8) | !7) | !6))) | !3) | !2) | !1))) & (t)] 0
[(!(0 | ((((4 | (5 | ((((9 | (10 | ((12 | (13 | ((15 | (17 | !16)) | !14))) | !11))) | !8) | !7) | !6))) | !3) | !2) | !1))) & (!(19 | 20))] 0
[(!(0 | (1 | (2 | ((((6 | (7 | (8 | (((((13 | (14 | (15 | 16))) | !12) | !11) | !10) | !9)))) | !5) | !4) | !3))))) & (!(20 | !19))] 0
[(!(0 | (1 | (2 | ((((6 | (7 | (8 | (((((13 | (14 | (15 | !16))) | !12) | !11) | !10) | !9)))) | !5) | !4) | !3))))) & (!(19 | 20))] 1
[(!(0 | ((2 | ((((6 | (7 | (8 | (((((13 | (14 | (15 | 16))) | !12) | !11) | !10) | !9)))) | !5) | !4) | !3)) | !1))) & (!(19 | 20))] 1
[(!(0 | ((2 | ((((6 | (7 | (8 | (((((13 | (14 | (15 | !16))) | !12) | !11) | !10) | !9)))) | !5) | !4) | !3)) | !1))) & (!(19 | 20))] 1
[(!(0 | ((2 | ((((6 | (7 | (8 | (((((13 | ((15 | 16) | !14)) | !12) | !11) | !10) | !9)))) | !5) | !4) | !3)) | !1))) & (!(19 | 20))] 0
[(!(0 | ((2 | ((((6 | (7 | (8 | (((((13 | ((15 | !16) | !14)) | !12) | !11) | !10) | !9)))) | !5) | !4) | !3)) | !1))) & (!(19 | 20))] 0
[(!(0 | (1 | (2 | ((4 | (((7 | (8 | ((10 | (((13 | (14 | (15 | 16))) | !12) | !11)) | !9))) | !6) | !5)) | !3))))) & (!(20 | !19))] 1
[(!(0 | (1 | (2 | ((4 | (((7 | (8 | ((10 | (((13 | (14 | (15 | !16))) | !12) | !11)) | !9))) | !6) | !5)) | !3))))) & (!(19 | 20))] 1
[(!(0 | (1 | (2 | ((4 | (5 | ((((9 | (10 | (((13 | (14 | (16 | !15))) | !12) | !11))) | !8) | !7) | !6))) | !3))))) & (t)] 1
[(!(0 | (1 | (2 | ((4 | (5 | ((((9 | (10 | (((13 | (14 | ((17 | !16) | !15))) | !12) | !11))) | !8) | !7) | !6))) | !3))))) & (!(19 | 20))] 1
[(!(0 | (1 | (2 | ((4 | (5 | ((((9 | (10 | (((13 | (14 | !(15 & (16 & 17)))) | !12) | !11))) | !8) | !7) | !6))) | !3))))) & (!(19 | 20))] 0
[(!(0 | ((2 | ((4 | (5 | ((7 | ((9 | (10 | (11 | (12 | (13 | (14 | (15 | 16))))))) | !8)) | !6))) | !3)) | !1))) & (t)] 0
[(!(0 | ((2 | ((4 | (5 | ((7 | ((9 | (10 | (11 | (12 | (13 | (14 | (15 | (17 | !16)))))))) | !8)) | !6))) | !3)) | !1))) & (!(19 | 20))] 1
[(!(0 | ((2 | ((4 | (5 | ((7 | ((9 | (10 | (11 | (12 | (13 | (14 | (15 | !(16 & 17)))))))) | !8)) | !6))) | !3)) | !1))) & (!(19 | 20))] 0
[(!(0 | ((2 | ((4 | (((7 | (8 | ((10 | (11 | (12 | ((14 | (15 | 16)) | !13)))) | !9))) | !6) | !5)) | !3)) | !1))) & (!(19 | !20))] 1
[(!(0 | ((2 | ((4 | (((7 | (8 | ((10 | (11 | (12 | ((14 | (15 | !16)) | !13)))) | !9))) | !6) | !5)) | !3)) | !1))) & (!(19 | 20))] 1
[(!(0 | ((2 | ((((6 | (7 | (8 | ((10 | (11 | (12 | (13 | (14 | (15 | 16)))))) | !9)))) | !5) | !4) | !3)) | !1))) & (t)] 1
[(!(0 | ((2 | ((((6 | (7 | (8 | ((10 | (11 | (12 | (13 | (14 | (15 | !16)))))) | !9)))) | !5) | !4) | !3)) | !1))) & (t)] 0
[(!(0 | ((2 | ((((6 | (7 | (8 | ((10 | (11 | (12 | (13 | ((15 | 16) | !14))))) | !9)))) | !5) | !4) | !3)) | !1))) & (t)] 1
[(!(0 | ((2 | ((((6 | (7 | (8 | ((10 | (11 | (12 | (13 | ((15 | !16) | !14))))) | !9)))) | !5) | !4) | !3)) | !1))) & (t)] 0
[(!(0 | ((2 | ((4 | (((7 | (8 | ((10 | ((12 | (13 | (14 | (15 | 16)))) | !11)) | !9))) | !6) | !5)) | !3)) | !1))) & (!(19 | 20))] 0
[(!(0 | ((2 | ((4 | (((7 | (8 | ((10 | ((12 | (13 | (14 | (15 | !16)))) | !11)) | !9))) | !6) | !5)) | !3)) | !1))) & (!(19 | 20))] 1
[(!(0 | ((2 | ((4 | (5 | ((7 | (((10 | ((12 | (13 | (14 | (15 | 16)))) | !11)) | !9) | !8)) | !6))) | !3)) | !1))) & (t)] 0
[(!(0 | ((2 | ((4 | (5 | ((7 | (((10 | ((12 | (13 | (14 | (15 | (17 | !16))))) | !11)) | !9) | !8)) | !6))) | !3)) | !1))) & (!(19 | 20))] 0
[(!(0 | ((2 | ((4 | (5 | ((7 | (((10 | ((12 | (13 | (14 | (15 | !(16 & 17))))) | !11)) | !9) | !8)) | !6))) | !3)) | !1))) & (!(19 | 20))] 0
[(!(0 | (1 | (2 | ((4 | (5 | ((7 | (((10 | (((13 | (((17 | !16) | !15) | !14)) | !12) | !11)) | !9) | !8)) | !6))) | !3))))) & (t)] 0
[(!(0 | (1 | (2 | ((4 | (5 | ((7 | (((10 | (((13 | !(14 & (15 & (16 & 17)))) | !12) | !11)) | !9) | !8)) | !6))) | !3))))) & (t)] 1
[(!(0 | (1 | (2 | ((4 | (5 | ((7 | ((9 | (10 | (((13 | ((15 | (17 | !16)) | !14)) | !12) | !11))) | !8)) | !6))) | !3))))) & (!(19 | 20))] 0
[(!(0 | (1 | (2 | ((4 | (5 | ((7 | ((9 | (10 | (((13 | ((15 | !(16 & 17)) | !14)) | !12) | !11))) | !8)) | !6))) | !3))))) & (!(19 | 20))] 1
[(!(0 | ((2 | ((4 | (5 | ((7 | ((9 | (10 | (((13 | ((15 | 16) | !14)) | !12) | !11))) | !8)) | !6))) | !3)) | !1))) & (t)] 1
[(!(0 | ((2 | ((4 | (5 | ((7 | ((9 | (10 | (((13 | ((15 | (17 | !16)) | !14)) | !12) | !11))) | !8)) | !6))) | !3)) | !1))) & (!(19 | 20))] 0
[(!(0 | ((2 | ((4 | (5 | ((7 | ((9 | (10 | (((13 | ((15 | !(16 & 17)) | !14)) | !12) | !11))) | !8)) | !6))) | !3)) | !1))) & (!(19 | 20))] 0
[(!(((2 | (3 | (4 | ((6 | (7 | (8 | ((10 | (11 | (12 | ((14 | (15 | 16)) | !13)))) | !9)))) | !5)))) | !1) | !0)) & (t)] 1
[(!(((2 | (3 | (4 | ((6 | (7 | (8 | ((10 | (11 | (12 | ((14 | (15 | !16)) | !13)))) | !9)))) | !5)))) | !1) | !0)) & (t)] 0
[(!(((2 | (3 | (4 | ((6 | (7 | (8 | ((10 | ((12 | ((14 | (15 | 16)) | !13)) | !11)) | !9)))) | !5)))) | !1) | !0)) & (t)] 1
[(!(((2 | (3 | (4 | ((6 | (7 | (8 | ((10 | ((12 | ((14 | (15 | !16)) | !13)) | !11)) | !9)))) | !5)))) | !1) | !0)) & (t)] 0
[(!(0 | (((3 | (4 | (((7 | (8 | ((10 | (11 | (12 | (13 | ((15 | 16) | !14))))) | !9))) | !6) | !5))) | !2) | !1))) & (!(19 | !20))] 1
[(!(0 | (((3 | (4 | (((7 | (8 | ((10 | (11 | (12 | (13 | ((15 | !16) | !14))))) | !9))) | !6) | !5))) | !2) | !1))) & (!(19 | 20))] 0
[(!(0 | (((3 | (4 | (((7 | (8 | ((10 | ((12 | (13 | ((15 | 16) | !14))) | !11)) | !9))) | !6) | !5))) | !2) | !1))) & (t)] 0
[(!(0 | (((3 | (4 | (((7 | (8 | ((10 | ((12 | (13 | ((15 | !16) | !14))) | !11)) | !9))) | !6) | !5))) | !2) | !1))) & (t)] 0
[(!(0 | (1 | ((3 | (4 | (5 | ((((9 | (10 | ((12 | (13 | ((15 | (17 | !16)) | !14))) | !11))) | !8) | !7) | !6)))) | !2)))) & (!(19 | 20))] 1
[(!(0 | (1 | ((4 | (5 | ((((9 | (10 | ((12 | (13 | ((15 | !(16 & 17)) | !14))) | !11))) | !8) | !7) | !6))) | !2)))) & (!(19 | 20))] 1
[(!(0 | (1 | (((4 | (5 | ((((9 | (10 | ((12 | (13 | ((15 | (17 | !16)) | !14))) | !11))) | !8) | !7) | !6))) | !3) | !2)))) & (!(19 | 20))] 1
[(!(0 | ((((4 | (((7 | (8 | ((10 | (11 | (12 | (13 | ((15 | 16) | !14))))) | !9))) | !6) | !5)) | !3) | !2) | !1))) & (!(19 | !20))] 1
[(!(0 | ((((4 | (((7 | (8 | ((10 | (11 | (12 | (13 | ((15 | !16) | !14))))) | !9))) | !6) | !5)) | !3) | !2) | !1))) & (!(19 | 20))] 0
[(!(0 | ((((4 | (((7 | (8 | ((10 | ((12 | (13 | ((15 | 16) | !14))) | !11)) | !9))) | !6) | !5)) | !3) | !2) | !1))) & (!(19 | 20))] 0
[(!(0 | ((((4 | (((7 | (8 | ((10 | ((12 | (13 | ((15 | !16) | !14))) | !11)) | !9))) | !6) | !5)) | !3) | !2) | !1))) & (!(19 | 20))] 1
[(!(0 | (1 | (((4 | (5 | ((((9 | (10 | (((13 | ((15 | (17 | !16)) | !14)) | !12) | !11))) | !8) | !7) | !6))) | !3) | !2)))) & (!(19 | 20))] 1
[(!(0 | (1 | (((4 | (5 | ((((9 | (10 | (((13 | ((15 | !(16 & 17)) | !14)) | !12) | !11))) | !8) | !7) | !6))) | !3) | !2)))) & (!(19 | 20))] 1
[(!(0 | (1 | (2 | ((4 | (((7 | (8 | (((((13 | (14 | (15 | 16))) | !12) | !11) | !10) | !9))) | !6) | !5)) | !3))))) & (!(20 | !19))] 1
[(!(0 | (1 | (2 | ((4 | (((7 | (8 | (((((13 | (14 | (15 | !16))) | !12) | !11) | !10) | !9))) | !6) | !5)) | !3))))) & (!(19 | 20))] 1
[(!(0 | (1 | (2 | ((4 | (5 | ((7 | (((10 | (((13 | (14 | (16 | !15))) | !12) | !11)) | !9) | !8)) | !6))) | !3))))) & (t)] 0
[(!(0 | (1 | (2 | ((4 | (5 | ((7 | (((10 | (((13 | (14 | ((17 | !16) | !15))) | !12) | !11)) | !9) | !8)) | !6))) | !3))))) & (t)] 0
[(!(0 | (1 | (2 | ((4 | (5 | ((7 | (((10 | (((13 | (14 | !(15 & (16 & 17)))) | !12) | !11)) | !9) | !8)) | !6))) | !3))))) & (t)] 0
[(!(0 | (1 | (2 | ((4 | (5 | ((7 | ((9 | (10 | (((13 | (14 | (15 | 16))) | !12) | !11))) | !8)) | !6))) | !3))))) & (t)] 0
[(!(0 | (1 | (2 | ((4 | (5 | ((7 | ((9 | (10 | (((13 | (14 | (15 | (17 | !16)))) | !12) | !11))) | !8)) | !6))) | !3))))) & (!(19 | 20))] 0
[(!(0 | (1 | (2 | ((4 | (5 | ((7 | ((9 | (10 | (((13 | (14 | (15 | !(16 & 17)))) | !12) | !11))) | !8)) | !6))) | !3))))) & (!(19 | 20))] 1
[(!(0 | ((2 | ((4 | (5 | ((7 | ((9 | (10 | (((13 | (14 | (15 | 16))) | !12) | !11))) | !8)) | !6))) | !3)) | !1))) & (t)] 0
[(!(0 | ((2 | ((4 | (5 | ((7 | ((9 | (10 | (((13 | (14 | (15 | (17 | !16)))) | !12) | !11))) | !8)) | !6))) | !3)) | !1))) & (!(19 | 20))] 1
[(!(0 | ((2 | ((4 | (5 | ((7 | ((9 | (10 | (((13 | (14 | (15 | !(16 & 17)))) | !12) | !11))) | !8)) | !6))) | !3)) | !1))) & (!(19 | 20))] 1
[(!(0 | ((2 | ((4 | (((7 | (8 | ((10 | (11 | (12 | (13 | (14 | (15 | 16)))))) | !9))) | !6) | !5)) | !3)) | !1))) & (!(20 | !19))] 1
[(!(0 | ((2 | ((4 | (((7 | (8 | ((10 | (11 | (12 | (13 | (14 | (15 | !16)))))) | !9))) | !6) | !5)) | !3)) | !1))) & (!(19 | 20))] 1
[(!(0 | ((((4 | (5 | ((((9 | (10 | (11 | ((13 | (14 | (15 | 16))) | !12)))) | !8) | !7) | !6))) | !3) | !2) | !1))) & (t)] 1
[(!(0 | ((((4 | (5 | ((((9 | (10 | (11 | ((13 | (14 | (15 | (17 | !16)))) | !12)))) | !8) | !7) | !6))) | !3) | !2) | !1))) & (t)] 1
[(!(0 | ((((4 | (5 | ((((9 | (10 | (11 | ((13 | (14 | (15 | !(16 & 17)))) | !12)))) | !8) | !7) | !6))) | !3) | !2) | !1))) & (t)] 0
[(!(0 | ((((4 | (5 | ((((9 | (10 | (((13 | (14 | (15 | 16))) | !12) | !11))) | !8) | !7) | !6))) | !3) | !2) | !1))) & (t)] 0
[(!(0 | ((((4 | (5 | ((((9 | (10 | (((13 | (14 | (15 | (17 | !16)))) | !12) | !11))) | !8) | !7) | !6))) | !3) | !2) | !1))) & (t)] 0
[(!(0 | ((((4 | (5 | ((((9 | (10 | (((13 | (14 | (15 | !(16 & 17)))) | !12) | !11))) | !8) | !7) | !6))) | !3) | !2) | !1))) & (t)] 0
[(!(0 | ((2 | (3 | (4 | (5 | ((7 | ((9 | (10 | (11 | (12 | (13 | (14 | (15 | 16))))))) | !8)) | !6))))) | !1))) & (t)] 1
[(!(0 | ((2 | (3 | (4 | (5 | ((7 | ((9 | (10 | (11 | (12 | (13 | (14 | (15 | (17 | !16)))))))) | !8)) | !6))))) | !1))) & (!(19 | 20))] 0
[(!(0 | ((2 | (3 | (4 | (5 | ((7 | ((9 | (10 | (11 | (12 | (13 | (14 | (15 | !(16 & 17)))))))) | !8)) | !6))))) | !1))) & (!(19 | 20))] 1
[(!(0 | (1 | (2 | ((((6 | (7 | (8 | ((((12 | (13 | (14 | (15 | 16)))) | !11) | !10) | !9)))) | !5) | !4) | !3))))) & (!(20 | !19))] 0
[(!(0 | (1 | (2 | ((((6 | (7 | (8 | ((((12 | (13 | (14 | (15 | !16)))) | !11) | !10) | !9)))) | !5) | !4) | !3))))) & (!(19 | 20))] 0
[(!(0 | ((2 | ((((6 | (7 | (8 | ((((12 | (13 | (14 | (15 | 16)))) | !11) | !10) | !9)))) | !5) | !4) | !3)) | !1))) & (!(19 | 20))] 1
[(!(0 | ((2 | ((((6 | (7 | (8 | ((((12 | (13 | (14 | (15 | !16)))) | !11) | !10) | !9)))) | !5) | !4) | !3)) | !1))) & (!(19 | 20))] 1
[(!(0 | ((2 | ((((6 | (7 | (8 | ((((12 | (13 | ((15 | 16) | !14))) | !11) | !10) | !9)))) | !5) | !4) | !3)) | !1))) & (!(19 | 20))] 1
[(!(0 | ((2 | ((((6 | (7 | (8 | ((((12 | (13 | ((15 | !16) | !14))) | !11) | !10) | !9)))) | !5) | !4) | !3)) | !1))) & (!(19 | 20))] 0
[(!(0 | (1 | (2 | ((4 | (((7 | (8 | ((10 | ((12 | (13 | (14 | (15 | 16)))) | !11)) | !9))) | !6) | !5)) | !3))))) & (!(20 | !19))] 0
[(!(0 | (1 | (2 | ((4 | (((7 | (8 | ((10 | ((12 | (13 | (14 | (15 | !16)))) | !11)) | !9))) | !6) | !5)) | !3))))) & (!(19 | 20))] 1
[(!(0 | (1 | (((4 | (5 | ((((9 | (10 | (((13 | (14 | (15 | 16))) | !12) | !11))) | !8) | !7) | !6))) | !3) | !2)))) & (t)] 0
[(!(0 | (1 | (((4 | (5 | ((((9 | (10 | (((13 | (14 | (15 | (17 | !16)))) | !12) | !11))) | !8) | !7) | !6))) | !3) | !2)))) & (!(19 | 20))] 0
[(!(0 | (1 | (((4 | (5 | ((((9 | (10 | (((13 | (14 | (15 | !(16 & 17)))) | !12) | !11))) | !8) | !7) | !6))) | !3) | !2)))) & (!(19 | 20))] 1
[(!(0 | (1 | (2 | ((4 | (5 | ((7 | ((9 | (10 | ((12 | (13 | ((15 | (17 | !16)) | !14))) | !11))) | !8)) | !6))) | !3))))) & (!(19 | 20))] 1
[(!(0 | (1 | (2 | ((4 | (5 | ((7 | ((9 | (10 | ((12 | (13 | ((15 | !(16 & 17)) | !14))) | !11))) | !8)) | !6))) | !3))))) & (!(19 | 20))] 0
[(!(0 | ((2 | ((4 | (5 | ((7 | ((9 | (10 | ((12 | (13 | ((15 | 16) | !14))) | !11))) | !8)) | !6))) | !3)) | !1))) & (t)] 1
[(!(0 | ((2 | ((4 | (5 | ((7 | ((9 | (10 | ((12 | (13 | ((15 | (17 | !16)) | !14))) | !11))) | !8)) | !6))) | !3)) | !1))) & (!(19 | 20))] 0
[(!(0 | ((2 | ((4 | (5 | ((7 | ((9 | (10 | ((12 | (13 | ((15 | !(16 & 17)) | !14))) | !11))) | !8)) | !6))) | !3)) | !1))) & (!(19 | 20))] 0
[(!(0 | ((2 | (3 | (4 | (((7 | (8 | ((10 | (11 | (12 | ((14 | (15 | 16)) | !13)))) | !9))) | !6) | !5)))) | !1))) & (!(19 | !20))] 1
[(!(0 | ((2 | (3 | (4 | (((7 | (8 | ((10 | (11 | (12 | ((14 | (15 | !16)) | !13)))) | !9))) | !6) | !5)))) | !1))) & (!(19 | 20))] 0
[(!(0 | ((2 | (3 | (((6 | (7 | (8 | ((10 | (11 | (12 | (13 | (14 | (15 | 16)))))) | !9)))) | !5) | !4))) | !1))) & (t)] 0
[(!(0 | ((2 | (3 | (((6 | (7 | (8 | ((10 | (11 | (12 | (13 | (14 | (15 | !16)))))) | !9)))) | !5) | !4))) | !1))) & (t)] 0
[(!(0 | ((2 | (3 | (((6 | (7 | (8 | ((10 | (11 | (12 | (13 | ((15 | 16) | !14))))) | !9)))) | !5) | !4))) | !1))) & (t)] 0
[(!(0 | ((2 | (3 | (((6 | (7 | (8 | ((10 | (11 | (12 | (13 | ((15 | !16) | !14))))) | !9)))) | !5) | !4))) | !1))) & (t)] 0
[(!(0 | ((2 | (3 | (4 | (((7 | (8 | ((10 | ((12 | (13 | (14 | (15 | 16)))) | !11)) | !9))) | !6) | !5)))) | !1))) & (!(19 | 20))] 1
[(!(0 | ((2 | (3 | (4 | (((7 | (8 | ((10 | ((12 | (13 | (14 | (15 | !16)))) | !11)) | !9))) | !6) | !5)))) | !1))) & (!(19 | 20))] 0
[(!(0 | ((2 | (3 | (4 | (5 | ((7 | (((10 | ((12 | (13 | (14 | (15 | 16)))) | !11)) | !9) | !8)) | !6))))) | !1))) & (t)] 1
[(!(0 | ((2 | (3 | (4 | (5 | ((7 | (((10 | ((12 | (13 | (14 | (15 | (17 | !16))))) | !11)) | !9) | !8)) | !6))))) | !1))) & (!(19 | 20))] 0
[(!(0 | ((2 | (3 | (4 | (5 | ((7 | (((10 | ((12 | (13 | (14 | (15 | !(16 & 17))))) | !11)) | !9) | !8)) | !6))))) | !1))) & (!(19 | 20))] 0
[(!((((3 | (4 | ((6 | (7 | (8 | ((10 | (11 | (12 | ((14 | (15 | 16)) | !13)))) | !9)))) | !5))) | !2) | !1) | !0)) & (!(19 | !20))] 0
[(!((((3 | (4 | ((6 | (7 | (8 | ((10 | (11 | (12 | ((14 | (15 | !16)) | !13)))) | !9)))) | !5))) | !2) | !1) | !0)) & (!(19 | 20))] 1
[(!((((3 | (4 | ((6 | (7 | (8 | ((10 | ((12 | ((14 | (15 | 16)) | !13)) | !11)) | !9)))) | !5))) | !2) | !1) | !0)) & (!(19 | 20))] 1
[(!((((3 | (4 | ((6 | (7 | (8 | ((10 | ((12 | ((14 | (15 | !16)) | !13)) | !11)) | !9)))) | !5))) | !2) | !1) | !0)) & (!(19 | 20))] 0
[(!(0 | (1 | (2 | (3 | (4 | (5 | ((7 | ((9 | (10 | ((12 | (13 | ((15 | (17 | !16)) | !14))) | !11))) | !8)) | !6)))))))) & (!(19 | 20))] 0
[(!(0 | (1 | (2 | (3 | (4 | (5 | ((7 | ((9 | (10 | ((12 | (13 | ((15 | !(16 & 17)) | !14))) | !11))) | !8)) | !6)))))))) & (!(19 | 20))] 0
[(!(0 | ((2 | (3 | (4 | (5 | ((7 | ((9 | (10 | ((12 | (13 | ((15 | 16) | !14))) | !11))) | !8)) | !6))))) | !1))) & (t)] 0
[(!(0 | ((2 | (3 | (4 | (5 | ((7 | ((9 | (10 | ((12 | (13 | ((15 | (17 | !16)) | !14))) | !11))) | !8)) | !6))))) | !1))) & (!(19 | 20))] 1
[(!(0 | ((2 | (3 | (4 | (5 | ((7 | ((9 | (10 | ((12 | (13 | ((15 | !(16 & 17)) | !14))) | !11))) | !8)) | !6))))) | !1))) & (!(19 | 20))] 0
[(!(((((4 | ((6 | (7 | (8 | ((10 | (11 | (12 | ((14 | (15 | 16)) | !13)))) | !9)))) | !5)) | !3) | !2) | !1) | !0)) & (!(19 | !20))] 0
[(!(((((4 | ((6 | (7 | (8 | ((10 | (11 | (12 | ((14 | (15 | !16)) | !13)))) | !9)))) | !5)) | !3) | !2) | !1) | !0)) & (!(19 | 20))] 1
[(!(((((4 | ((6 | (7 | (8 | ((10 | ((12 | ((14 | (15 | 16)) | !13)) | !11)) | !9)))) | !5)) | !3) | !2) | !1) | !0)) & (!(19 | 20))] 0
[(!(((((4 | ((6 | (7 | (8 | ((10 | ((12 | ((14 | (15 | !16)) | !13)) | !11)) | !9)))) | !5)) | !3) | !2) | !1) | !0)) & (!(19 | 20))] 0
[(!(0 | (1 | (2 | ((4 | (5 | ((7 | ((9 | (10 | ((12 | (13 | (14 | (15 | 16)))) | !11))) | !8)) | !6))) | !3))))) & (t)] 0
[(!(0 | (1 | (2 | ((4 | (5 | ((7 | ((9 | (10 | ((12 | (13 | (14 | (15 | (17 | !16))))) | !11))) | !8)) | !6))) | !3))))) & (t)] 0
[(!(0 | (1 | (2 | ((4 | (5 | ((7 | ((9 | (10 | ((12 | (13 | (14 | (15 | !(16 & 17))))) | !11))) | !8)) | !6))) | !3))))) & (t)] 1
[(!(0 | ((2 | ((4 | (5 | ((7 | ((9 | (10 | ((12 | (13 | (14 | (15 | 16)))) | !11))) | !8)) | !6))) | !3)) | !1))) & (t)] 1
[(!(0 | ((2 | ((4 | (5 | ((7 | ((9 | (10 | ((12 | (13 | (14 | (15 | (17 | !16))))) | !11))) | !8)) | !6))) | !3)) | !1))) & (t)] 0
[(!(0 | ((2 | ((4 | (5 | ((7 | ((9 | (10 | ((12 | (13 | (14 | (15 | !(16 & 17))))) | !11))) | !8)) | !6))) | !3)) | !1))) & (t)] 0
[(!(0 | ((2 | ((4 | (((7 | (8 | ((10 | (11 | ((13 | (14 | (15 | 16))) | !12))) | !9))) | !6) | !5)) | !3)) | !1))) & (!(19 | 20))] 0
[(!(0 | ((2 | ((4 | (((7 | (8 | ((10 | (11 | ((13 | (14 | (15 | !16))) | !12))) | !9))) | !6) | !5)) | !3)) | !1))) & (!(19 | 20))] 0
[(!(0 | ((2 | ((4 | (5 | ((((9 | (10 | (((13 | (14 | (16 | !15))) | !12) | !11))) | !8) | !7) | !6))) | !3)) | !1))) & (t)] 1
[(!(0 | ((2 | ((4 | (5 | ((((9 | (10 | (((13 | (14 | ((17 | !16) | !15))) | !12) | !11))) | !8) | !7) | !6))) | !3)) | !1))) & (!(19 | 20))] 0
[(!(0 | ((2 | ((4 | (5 | ((((9 | (10 | (((13 | (14 | !(15 & (16 & 17)))) | !12) | !11))) | !8) | !7) | !6))) | !3)) | !1))) & (!(19 | 20))] 1
[(!(0 | ((2 | (3 | (4 | (((7 | (8 | ((10 | (11 | (12 | (13 | (14 | (15 | 16)))))) | !9))) | !6) | !5)))) | !1))) & (!(19 | !20))] 1
[(!(0 | ((2 | (3 | (4 | (((7 | (8 | ((10 | (11 | (12 | (13 | (14 | (15 | !16)))))) | !9))) | !6) | !5)))) | !1))) & (!(19 | 20))] 0
[(!(0 | (((3 | (4 | (5 | ((((9 | (10 | (11 | (12 | (13 | (14 | (15 | 16))))))) | !8) | !7) | !6)))) | !2) | !1))) & (t)] 1
[(!(0 | (((3 | (4 | (5 | ((((9 | (10 | (11 | (12 | (13 | (14 | (15 | (17 | !16)))))))) | !8) | !7) | !6)))) | !2) | !1))) & (!(19 | 20))] 0
[(!(0 | (((4 | (5 | ((((9 | (10 | (11 | (12 | (13 | (14 | (15 | !(16 & 17)))))))) | !8) | !7) | !6))) | !2) | !1))) & (!(19 | 20))] 0
[(!(0 | (((3 | (4 | (5 | ((((9 | (10 | ((12 | (13 | (14 | (15 | 16)))) | !11))) | !8) | !7) | !6)))) | !2) | !1))) & (t)] 1
[(!(0 | (((3 | (4 | (5 | ((((9 | (10 | ((12 | (13 | (14 | (15 | (17 | !16))))) | !11))) | !8) | !7) | !6)))) | !2) | !1))) & (!(19 | 20))] 0
[(!(0 | (((4 | (5 | ((((9 | (10 | ((12 | (13 | (14 | (15 | !(16 & 17))))) | !11))) | !8) | !7) | !6))) | !2) | !1))) & (!(19 | 20))] 0
[(!(0 | ((((4 | (5 | ((((9 | (10 | (11 | (12 | (13 | (14 | (15 | 16))))))) | !8) | !7) | !6))) | !3) | !2) | !1))) & (t)] 1
[(!(0 | ((((4 | (5 | ((((9 | (10 | (11 | (12 | (13 | (14 | (15 | (17 | !16)))))))) | !8) | !7) | !6))) | !3) | !2) | !1))) & (!(19 | 20))] 1
[(!(0 | ((((4 | (5 | ((((9 | (10 | ((12 | (13 | (14 | (15 | 16)))) | !11))) | !8) | !7) | !6))) | !3) | !2) | !1))) & (t)] 1
[(!(0 | ((((4 | (5 | ((((9 | (10 | ((12 | (13 | (14 | (15 | (17 | !16))))) | !11))) | !8) | !7) | !6))) | !3) | !2) | !1))) & (!(19 | 20))] 0
[(!(0 | (1 | (2 | ((4 | (((7 | (8 | ((((12 | (13 | (14 | (15 | 16)))) | !11) | !10) | !9))) | !6) | !5)) | !3))))) & (!(20 | !19))] 0
[(!(0 | (1 | (2 | ((4 | (((7 | (8 | ((((12 | (13 | (14 | (15 | !16)))) | !11) | !10) | !9))) | !6) | !5)) | !3))))) & (!(19 | 20))] 1
[(!(0 | ((2 | ((4 | (((7 | (8 | ((10 | ((12 | (13 | ((15 | 16) | !14))) | !11)) | !9))) | !6) | !5)) | !3)) | !1))) & (t)] 1
[(!(0 | ((2 | ((4 | (((7 | (8 | ((10 | ((12 | (13 | ((15 | !16) | !14))) | !11)) | !9))) | !6) | !5)) | !3)) | !1))) & (t)] 1
[(!(0 | (1 | (2 | (3 | (((6 | (7 | (8 | ((((12 | (13 | (14 | (15 | 16)))) | !11) | !10) | !9)))) | !5) | !4)))))) & (!(20 | !19))] 0
[(!(0 | (1 | (2 | (3 | (((6 | (7 | (8 | ((((12 | (13 | (14 | (15 | !16)))) | !11) | !10) | !9)))) | !5) | !4)))))) & (!(19 | 20))] 1
[(!(0 | ((2 | (3 | (((6 | (7 | (8 | ((((12 | (13 | (14 | (15 | 16)))) | !11) | !10) | !9)))) | !5) | !4))) | !1))) & (!(19 | 20))] 0
[(!(0 | ((2 | (3 | (((6 | (7 | (8 | ((((12 | (13 | (14 | (15 | !16)))) | !11) | !10) | !9)))) | !5) | !4))) | !1))) & (!(19 | 20))] 0
[(!(0 | ((2 | (3 | (((6 | (7 | (8 | ((((12 | (13 | ((15 | 16) | !14))) | !11) | !10) | !9)))) | !5) | !4))) | !1))) & (!(19 | 20))] 1
[(!(0 | ((2 | (3 | (((6 | (7 | (8 | ((((12 | (13 | ((15 | !16) | !14))) | !11) | !10) | !9)))) | !5) | !4))) | !1))) & (!(19 | 20))] 1
[(!(0 | (1 | (2 | (3 | (4 | (((7 | (8 | ((10 | ((12 | (13 | (14 | (15 | 16)))) | !11)) | !9))) | !6) | !5))))))) & (!(20 | !19))] 0
[(!(0 | (1 | (2 | (3 | (4 | (((7 | (8 | ((10 | ((12 | (13 | (14 | (15 | !16)))) | !11)) | !9))) | !6) | !5))))))) & (!(19 | 20))] 0
[(!(0 | (1 | ((3 | (4 | (5 | ((((9 | (10 | ((12 | (13 | (14 | (15 | 16)))) | !11))) | !8) | !7) | !6)))) | !2)))) & (t)] 1
[(!(0 | (1 | ((3 | (4 | (5 | ((((9 | (10 | ((12 | (13 | (14 | (15 | (17 | !16))))) | !11))) | !8) | !7) | !6)))) | !2)))) & (!(19 | 20))] 1
[(!(0 | (1 | ((4 | (5 | ((((9 | (10 | ((12 | (13 | (14 | (15 | !(16 & 17))))) | !11))) | !8) | !7) | !6))) | !2)))) & (!(19 | 20))] 1
[(!(0 | (1 | (((4 | (5 | ((((9 | (10 | ((12 | (13 | (14 | (15 | 16)))) | !11))) | !8) | !7) | !6))) | !3) | !2)))) & (t)] 0
[(!(0 | (1 | (((4 | (5 | ((((9 | (10 | ((12 | (13 | (14 | (15 | (17 | !16))))) | !11))) | !8) | !7) | !6))) | !3) | !2)))) & (!(19 | 20))] 1
[(!(0 | (((3 | (4 | (((7 | (8 | ((10 | (11 | (12 | ((14 | (15 | 16)) | !13)))) | !9))) | !6) | !5))) | !2) | !1))) & (!(19 | !20))] 1
[(!(0 | (((3 | (4 | (((7 | (8 | ((10 | (11 | (12 | ((14 | (15 | !16)) | !13)))) | !9))) | !6) | !5))) | !2) | !1))) & (!(19 | 20))] 1
[(!(0 | (((3 | (((6 | (7 | (8 | ((10 | (11 | (12 | (13 | (14 | (15 | 16)))))) | !9)))) | !5) | !4)) | !2) | !1))) & (!(20 | !19))] 0
[(!(0 | (((3 | (((6 | (7 | (8 | ((10 | (11 | (12 | (13 | (14 | (15 | !16)))))) | !9)))) | !5) | !4)) | !2) | !1))) & (!(19 | 20))] 0
[(!(0 | (((3 | (((6 | (7 | (8 | ((10 | (11 | (12 | (13 | ((15 | 16) | !14))))) | !9)))) | !5) | !4)) | !2) | !1))) & (!(19 | 20))] 1
[(!(0 | (((3 | (((6 | (7 | (8 | ((10 | (11 | (12 | (13 | ((15 | !16) | !14))))) | !9)))) | !5) | !4)) | !2) | !1))) & (!(19 | 20))] 0
[(!(0 | (((3 | (4 | (((7 | (8 | ((10 | ((12 | (13 | (14 | (15 | 16)))) | !11)) | !9))) | !6) | !5))) | !2) | !1))) & (!(19 | 20))] 0
[(!(0 | (((3 | (4 | (((7 | (8 | ((10 | ((12 | (13 | (14 | (15 | !16)))) | !11)) | !9))) | !6) | !5))) | !2) | !1))) & (!(19 | 20))] 0
[(!(0 | (((3 | (4 | (5 | ((7 | (((10 | ((12 | (13 | (14 | (15 | 16)))) | !11)) | !9) | !8)) | !6)))) | !2) | !1))) & (t)] 1
[(!(0 | (((3 | (4 | (5 | ((7 | (((10 | ((12 | (13 | (14 | (15 | (17 | !16))))) | !11)) | !9) | !8)) | !6)))) | !2) | !1))) & (!(19 | 20))] 1
[(!(0 | (((3 | (4 | (5 | ((7 | (((10 | ((12 | (13 | (14 | (15 | !(16 & 17))))) | !11)) | !9) | !8)) | !6)))) | !2) | !1))) & (!(19 | 20))] 1
[(!(0 | (1 | ((3 | (4 | (((7 | (8 | ((10 | ((12 | (13 | (14 | (15 | 16)))) | !11)) | !9))) | !6) | !5))) | !2)))) & (t)] 1
[(!(0 | (1 | ((3 | (4 | (((7 | (8 | ((10 | ((12 | (13 | (14 | (15 | !16)))) | !11)) | !9))) | !6) | !5))) | !2)))) & (t)] 0
[(!(0 | (1 | ((3 | (((6 | (7 | (8 | ((((12 | (13 | (14 | (15 | 16)))) | !11) | !10) | !9)))) | !5) | !4)) | !2)))) & (!(20 | !19))] 0
[(!(0 | (1 | ((3 | (((6 | (7 | (8 | ((((12 | (13 | (14 | (15 | !16)))) | !11) | !10) | !9)))) | !5) | !4)) | !2)))) & (!(19 | 20))] 1
[(!(0 | (((3 | (((6 | (7 | (8 | ((((12 | (13 | (14 | (15 | 16)))) | !11) | !10) | !9)))) | !5) | !4)) | !2) | !1))) & (!(19 | 20))] 1
[(!(0 | (((3 | (((6 | (7 | (8 | ((((12 | (13 | (14 | (15 | !16)))) | !11) | !10) | !9)))) | !5) | !4)) | !2) | !1))) & (!(19 | 20))] 0
[(!(0 | (((3 | (((6 | (7 | (8 | ((((12 | (13 | ((15 | 16) | !14))) | !11) | !10) | !9)))) | !5) | !4)) | !2) | !1))) & (!(19 | 20))] 0
[(!(0 | (((3 | (((6 | (7 | (8 | ((((12 | (13 | ((15 | !16) | !14))) | !11) | !10) | !9)))) | !5) | !4)) | !2) | !1))) & (!(19 | 20))] 0
[(!(0 | ((2 | (3 | (4 | (((7 | (8 | ((10 | ((12 | (13 | ((15 | 16) | !14))) | !11)) | !9))) | !6) | !5)))) | !1))) & (!(19 | 20))] 1
[(!(0 | ((2 | (3 | (4 | (((7 | (8 | ((10 | ((12 | (13 | ((15 | !16) | !14))) | !11)) | !9))) | !6) | !5)))) | !1))) & (!(19 | 20))] 1
[(!(0 | ((2 | (3 | (4 | (5 | ((7 | (((10 | ((12 | (13 | ((15 | 16) | !14))) | !11)) | !9) | !8)) | !6))))) | !1))) & (t)] 0
[(!(0 | ((2 | (3 | (4 | (5 | ((7 | (((10 | ((12 | (13 | ((15 | (17 | !16)) | !14))) | !11)) | !9) | !8)) | !6))))) | !1))) & (!(19 | 20))] 0
[(!(0 | ((2 | (3 | (4 | (5 | ((7 | (((10 | ((12 | (13 | ((15 | !(16 & 17)) | !14))) | !11)) | !9) | !8)) | !6))))) | !1))) & (!(19 | 20))] 0
[(!(0 | ((((4 | (((7 | (8 | ((10 | (11 | (12 | ((14 | (15 | 16)) | !13)))) | !9))) | !6) | !5)) | !3) | !2) | !1))) & (!(19 | !20))] 1
[(!(0 | ((((4 | (((7 | (8 | ((10 | (11 | (12 | ((14 | (15 | !16)) | !13)))) | !9))) | !6) | !5)) | !3) | !2) | !1))) & (!(19 | 20))] 0
[(!(0 | ((((((6 | (7 | (8 | ((10 | (11 | (12 | (13 | (14 | (15 | 16)))))) | !9)))) | !5) | !4) | !3) | !2) | !1))) & (!(20 | !19))] 0
[(!(0 | ((((((6 | (7 | (8 | ((10 | (11 | (12 | (13 | (14 | (15 | !16)))))) | !9)))) | !5) | !4) | !3) | !2) | !1))) & (!(19 | 20))] 0
[(!(0 | ((((((6 | (7 | (8 | ((10 | (11 | (12 | (13 | ((15 | 16) | !14))))) | !9)))) | !5) | !4) | !3) | !2) | !1))) & (!(19 | 20))] 1
[(!(0 | ((((((6 | (7 | (8 | ((10 | (11 | (12 | (13 | ((15 | !16) | !14))))) | !9)))) | !5) | !4) | !3) | !2) | !1))) & (!(19 | 20))] 0
[(!(0 | ((((4 | (((7 | (8 | ((10 | ((12 | (13 | (14 | (15 | 16)))) | !11)) | !9))) | !6) | !5)) | !3) | !2) | !1))) & (!(19 | 20))] 0
[(!(0 | ((((4 | (((7 | (8 | ((10 | ((12 | (13 | (14 | (15 | !16)))) | !11)) | !9))) | !6) | !5)) | !3) | !2) | !1))) & (!(19 | 20))] 1
[(!(0 | ((((4 | (5 | ((7 | (((10 | ((12 | (13 | (14 | (15 | 16)))) | !11)) | !9) | !8)) | !6))) | !3) | !2) | !1))) & (t)] 1
[(!(0 | ((((4 | (5 | ((7 | (((10 | ((12 | (13 | (14 | (15 | (17 | !16))))) | !11)) | !9) | !8)) | !6))) | !3) | !2) | !1))) & (!(19 | 20))] 0
[(!(0 | ((((4 | (5 | ((7 | (((10 | ((12 | (13 | (14 | (15 | !(16 & 17))))) | !11)) | !9) | !8)) | !6))) | !3) | !2) | !1))) & (!(19 | 20))] 1
[(!(0 | (1 | (((4 | (((7 | (8 | ((10 | ((12 | (13 | (14 | (15 | 16)))) | !11)) | !9))) | !6) | !5)) | !3) | !2)))) & (!(20 | !19))] 0
[(!(0 | (1 | (((4 | (((7 | (8 | ((10 | ((12 | (13 | (14 | (15 | !16)))) | !11)) | !9))) | !6) | !5)) | !3) | !2)))) & (!(19 | 20))] 0
[(!(0 | (1 | (((((6 | (7 | (8 | ((((12 | (13 | (14 | (15 | 16)))) | !11) | !10) | !9)))) | !5) | !4) | !3) | !2)))) & (!(20 | !19))] 0
[(!(0 | (1 | (((((6 | (7 | (8 | ((((12 | (13 | (14 | (15 | !16)))) | !11) | !10) | !9)))) | !5) | !4) | !3) | !2)))) & (!(19 | 20))] 0
[(!(0 | ((((((6 | (7 | (8 | ((((12 | (13 | (14 | (15 | 16)))) | !11) | !10) | !9)))) | !5) | !4) | !3) | !2) | !1))) & (!(19 | 20))] 0
[(!(0 | ((((((6 | (7 | (8 | ((((12 | (13 | (14 | (15 | !16)))) | !11) | !10) | !9)))) | !5) | !4) | !3) | !2) | !1))) & (!(19 | 20))] 1
[(!(0 | ((((((6 | (7 | (8 | ((((12 | (13 | ((15 | 16) | !14))) | !11) | !10) | !9)))) | !5) | !4) | !3) | !2) | !1))) & (!(19 | 20))] 1
[(!(0 | ((((((6 | (7 | (8 | ((((12 | (13 | ((15 | !16) | !14))) | !11) | !10) | !9)))) | !5) | !4) | !3) | !2) | !1))) & (!(19 | 20))] 1
[(!(0 | (1 | (2 | (3 | (4 | (5 | ((7 | ((9 | (10 | ((12 | (13 | (14 | (15 | 16)))) | !11))) | !8)) | !6)))))))) & (t)] 0
[(!(0 | (1 | (2 | (3 | (4 | (5 | ((7 | ((9 | (10 | ((12 | (13 | (14 | (15 | (17 | !16))))) | !11))) | !8)) | !6)))))))) & (!(19 | 20))] 0
[(!(0 | (1 | (2 | (3 | (4 | (5 | ((7 | ((9 | (10 | ((12 | (13 | (14 | (15 | !(16 & 17))))) | !11))) | !8)) | !6)))))))) & (!(19 | 20))] 0
[(!(0 | ((2 | (3 | (4 | (5 | ((7 | ((9 | (10 | ((12 | (13 | (14 | (15 | 16)))) | !11))) | !8)) | !6))))) | !1))) & (t)] 0
[(!(0 | ((2 | (3 | (4 | (5 | ((7 | ((9 | (10 | ((12 | (13 | (14 | (15 | (17 | !16))))) | !11))) | !8)) | !6))))) | !1))) & (!(19 | 20))] 0
[(!(0 | ((2 | (3 | (4 | (5 | ((7 | ((9 | (10 | ((12 | (13 | (14 | (15 | !(16 & 17))))) | !11))) | !8)) | !6))))) | !1))) & (!(19 | 20))] 0
[(!(0 | ((2 | ((4 | (((7 | (8 | ((10 | (((13 | (14 | (16 | !15))) | !12) | !11)) | !9))) | !6) | !5)) | !3)) | !1))) & (t)] 0
[(!(0 | ((2 | ((4 | (((7 | (8 | ((10 | (((13 | (14 | !(15 & 16))) | !12) | !11)) | !9))) | !6) | !5)) | !3)) | !1))) & (t)] 0
[(!(0 | ((2 | ((4 | (5 | ((7 | (((10 | (((13 | (14 | (16 | !15))) | !12) | !11)) | !9) | !8)) | !6))) | !3)) | !1))) & (t)] 1
[(!(0 | ((2 | ((4 | (5 | ((7 | (((10 | (((13 | (14 | ((17 | !16) | !15))) | !12) | !11)) | !9) | !8)) | !6))) | !3)) | !1))) & (!(19 | 20))] 0
[(!(0 | ((2 | ((4 | (5 | ((7 | (((10 | (((13 | (14 | !(15 & (16 & 17)))) | !12) | !11)) | !9) | !8)) | !6))) | !3)) | !1))) & (!(19 | 20))] 1
[(!(0 | ((2 | ((4 | (5 | ((7 | ((9 | (10 | (11 | ((13 | (14 | (15 | 16))) | !12)))) | !8)) | !6))) | !3)) | !1))) & (t)] 0
[(!(0 | ((2 | ((4 | (5 | ((7 | ((9 | (10 | (11 | ((13 | (14 | (15 | (17 | !16)))) | !12)))) | !8)) | !6))) | !3)) | !1))) & (t)] 1
[(!(0 | ((2 | ((4 | (5 | ((7 | ((9 | (10 | (11 | ((13 | (14 | (15 | !(16 & 17)))) | !12)))) | !8)) | !6))) | !3)) | !1))) & (t)] 0
[(!(0 | (((3 | (4 | (((7 | (8 | ((10 | (11 | (12 | (13 | (14 | (15 | 16)))))) | !9))) | !6) | !5))) | !2) | !1))) & (!(19 | !20))] 1
[(!(0 | (((3 | (4 | (((7 | (8 | ((10 | (11 | (12 | (13 | (14 | (15 | !16)))))) | !9))) | !6) | !5))) | !2) | !1))) & (!(19 | 20))] 0
[(!(0 | ((((4 | (((7 | (8 | ((10 | (11 | (12 | (13 | (14 | (15 | 16)))))) | !9))) | !6) | !5)) | !3) | !2) | !1))) & (!(19 | !20))] 0
[(!(0 | ((((4 | (((7 | (8 | ((10 | (11 | (12 | (13 | (14 | (15 | !16)))))) | !9))) | !6) | !5)) | !3) | !2) | !1))) & (!(19 | 20))] 0
[(!(0 | (1 | (2 | (3 | (4 | (((7 | (8 | ((((12 | (13 | (14 | (15 | 16)))) | !11) | !10) | !9))) | !6) | !5))))))) & (!(20 | !19))] 1
[(!(0 | (1 | (2 | (3 | (4 | (((7 | (8 | ((((12 | (13 | (14 | (15 | !16)))) | !11) | !10) | !9))) | !6) | !5))))))) & (!(19 | 20))] 0
[(!(0 | (1 | ((3 | (4 | (((7 | (8 | ((((12 | (13 | (14 | (15 | 16)))) | !11) | !10) | !9))) | !6) | !5))) | !2)))) & (t)] 0
[(!(0 | (1 | ((3 | (4 | (((7 | (8 | ((((12 | (13 | (14 | (15 | !16)))) | !11) | !10) | !9))) | !6) | !5))) | !2)))) & (t)] 1
[(!(0 | (1 | (((4 | (((7 | (8 | ((((12 | (13 | (14 | (15 | 16)))) | !11) | !10) | !9))) | !6) | !5)) | !3) | !2)))) & (!(20 | !19))] 1
[(!(0 | (1 | (((4 | (((7 | (8 | ((((12 | (13 | (14 | (15 | !16)))) | !11) | !10) | !9))) | !6) | !5)) | !3) | !2)))) & (!(19 | 20))] 1
State: 1 "[1]"
[(!(0 | ((2 | (3 | (4 | (5 | ((7 | (((10 | (11 | (12 | (13 | ((15 | 16) | !14))))) | !9) | !8)) | !6))))) | !1))) & (t)] 0
[(!(0 | ((2 | (3 | (4 | (5 | ((7 | (((10 | (11 | (12 | (13 | ((15 | (17 | !16)) | !14))))) | !9) | !8)) | !6))))) | !1))) & (t)] 0
[(!(0 | ((2 | (3 | (4 | (5 | ((7 | (((10 | (11 | (12 | (13 | ((15 | !(16 & 17)) | !14))))) | !9) | !8)) | !6))))) | !1))) & (t)] 1
[(!(0 | ((2 | (3 | (4 | (5 | ((7 | (((10 | (11 | (12 | (13 | (14 | (15 | 16)))))) | !9) | !8)) | !6))))) | !1))) & (t)] 1
[(!(0 | ((2 | (3 | (4 | (5 | ((7 | (((10 | (11 | (12 | (13 | (14 | (15 | (17 | !16))))))) | !9) | !8)) | !6))))) | !1))) & (!(19 | 20))] 0
[(!(0 | ((2 | (3 | (4 | (5 | ((7 | (((10 | (11 | (12 | (13 | (14 | (15 | !(16 & 17))))))) | !9) | !8)) | !6))))) | !1))) & (!(19 | 20))] 0
[(!(0 | ((2 | ((4 | (5 | (6 | (7 | ((9 | (10 | (((13 | ((16 | !15) | !14)) | !12) | !11))) | !8))))) | !3)) | !1))) & (t)] 1
[(!(0 | ((2 | ((4 | (5 | (6 | (7 | ((9 | (10 | (((13 | (((17 | !16) | !15) | !14)) | !12) | !11))) | !8))))) | !3)) | !1))) & (!(19 | 20))] 1
[(!(0 | ((2 | ((4 | (5 | (6 | (7 | ((9 | (10 | (((13 | !(14 & (15 & (16 & 17)))) | !12) | !11))) | !8))))) | !3)) | !1))) & (!(19 | 20))] 0
[(!(0 | ((2 | ((4 | (((7 | (8 | ((10 | (((13 | ((16 | !15) | !14)) | !12) | !11)) | !9))) | !6) | !5)) | !3)) | !1))) & (!(19 | 20))] 1
[(!(0 | ((2 | ((4 | (((7 | (8 | ((10 | (((13 | !(14 & (15 & 16))) | !12) | !11)) | !9))) | !6) | !5)) | !3)) | !1))) & (!(19 | 20))] 0
[(!(0 | ((2 | ((4 | (5 | ((7 | (((10 | (((13 | ((16 | !15) | !14)) | !12) | !11)) | !9) | !8)) | !6))) | !3)) | !1))) & (t)] 0
[(!(0 | ((2 | ((4 | (5 | ((7 | (((10 | (((13 | (((17 | !16) | !15) | !14)) | !12) | !11)) | !9) | !8)) | !6))) | !3)) | !1))) & (!(19 | 20))] 0
[(!(0 | ((2 | ((4 | (5 | ((7 | (((10 | (((13 | !(14 & (15 & (16 & 17)))) | !12) | !11)) | !9) | !8)) | !6))) | !3)) | !1))) & (!(19 | 20))] 1
[(!(0 | ((2 | ((4 | (5 | ((7 | ((9 | (10 | (11 | ((13 | ((15 | 16) | !14)) | !12)))) | !8)) | !6))) | !3)) | !1))) & (t)] 1
[(!(0 | ((2 | ((4 | (5 | ((7 | ((9 | (10 | (11 | ((13 | ((15 | (17 | !16)) | !14)) | !12)))) | !8)) | !6))) | !3)) | !1))) & (!(19 | 20))] 0
[(!(0 | ((2 | ((4 | (5 | ((7 | ((9 | (10 | (11 | ((13 | ((15 | !(16 & 17)) | !14)) | !12)))) | !8)) | !6))) | !3)) | !1))) & (!(19 | 20))] 0
[(!(0 | ((2 | ((4 | (((7 | (8 | ((10 | (11 | ((13 | ((15 | 16) | !14)) | !12))) | !9))) | !6) | !5)) | !3)) | !1))) & (!(19 | !20))] 0
[(!(0 | ((2 | ((4 | (((7 | (8 | ((10 | (11 | ((13 | ((15 | !16) | !14)) | !12))) | !9))) | !6) | !5)) | !3)) | !1))) & (!(19 | 20))] 0
[(!(0 | ((2 | ((4 | (5 | ((((9 | (10 | (((13 | ((16 | !15) | !14)) | !12) | !11))) | !8) | !7) | !6))) | !3)) | !1))) & (t)] 1
[(!(0 | ((2 | ((4 | (5 | ((((9 | (10 | (((13 | (((17 | !16) | !15) | !14)) | !12) | !11))) | !8) | !7) | !6))) | !3)) | !1))) & (t)] 1
[(!(0 | ((2 | ((4 | (5 | ((((9 | (10 | (((13 | !(14 & (15 & (16 & 17)))) | !12) | !11))) | !8) | !7) | !6))) | !3)) | !1))) & (t)] 0
[(!(0 | ((2 | ((4 | (5 | ((7 | ((9 | (10 | (11 | (12 | (13 | ((15 | 16) | !14)))))) | !8)) | !6))) | !3)) | !1))) & (t)] 1
[(!(0 | ((2 | ((4 | (5 | ((7 | ((9 | (10 | (11 | (12 | (13 | ((15 | (17 | !16)) | !14)))))) | !8)) | !6))) | !3)) | !1))) & (!(19 | 20))] 1
[(!(0 | ((2 | ((4 | (5 | ((7 | ((9 | (10 | (11 | (12 | (13 | ((15 | !(16 & 17)) | !14)))))) | !8)) | !6))) | !3)) | !1))) & (!(19 | 20))] 1
[(!(0 | (1 | (2 | ((((6 | (7 | (8 | (((((13 | (14 | (16 | !15))) | !12) | !11) | !10) | !9)))) | !5) | !4) | !3))))) & (!(20 | !19))] 0
[(!(0 | (1 | (2 | ((((6 | (7 | (8 | (((((13 | (14 | !(15 & 16))) | !12) | !11) | !10) | !9)))) | !5) | !4) | !3))))) & (!(19 | 20))] 0
[(!(0 | ((2 | ((((6 | (7 | (8 | (((((13 | (14 | (16 | !15))) | !12) | !11) | !10) | !9)))) | !5) | !4) | !3)) | !1))) & (!(19 | 20))] 1
[(!(0 | ((2 | ((((6 | (7 | (8 | (((((13 | (14 | !(15 & 16))) | !12) | !11) | !10) | !9)))) | !5) | !4) | !3)) | !1))) & (!(19 | 20))] 0
[(!(0 | ((2 | ((((6 | (7 | (8 | (((((13 | ((16 | !15) | !14)) | !12) | !11) | !10) | !9)))) | !5) | !4) | !3)) | !1))) & (!(19 | 20))] 1
[(!(0 | ((2 | ((((6 | (7 | (8 | (((((13 | !(14 & (15 & 16))) | !12) | !11) | !10) | !9)))) | !5) | !4) | !3)) | !1))) & (!(19 | 20))] 0
[(!(0 | (1 | (2 | ((4 | (((7 | (8 | ((10 | (((13 | (14 | (16 | !15))) | !12) | !11)) | !9))) | !6) | !5)) | !3))))) & (!(20 | !19))] 0
[(!(0 | (1 | (2 | ((4 | (((7 | (8 | ((10 | (((13 | (14 | !(15 & 16))) | !12) | !11)) | !9))) | !6) | !5)) | !3))))) & (!(19 | 20))] 1
[(!(((2 | ((4 | ((6 | (7 | (8 | ((10 | (11 | (((14 | (15 | 16)) | !13) | !12))) | !9)))) | !5)) | !3)) | !1) | !0)) & (!(19 | 20))] 0
[(!(((2 | ((4 | ((6 | (7 | (8 | ((10 | (11 | (((14 | (15 | !16)) | !13) | !12))) | !9)))) | !5)) | !3)) | !1) | !0)) & (!(19 | 20))] 1
[(!(((2 | ((4 | ((6 | (7 | (8 | ((10 | ((((14 | (15 | 16)) | !13) | !12) | !11)) | !9)))) | !5)) | !3)) | !1) | !0)) & (!(19 | 20))] 1
[(!(((2 | ((4 | ((6 | (7 | (8 | ((10 | ((((14 | (15 | !16)) | !13) | !12) | !11)) | !9)))) | !5)) | !3)) | !1) | !0)) & (!(19 | 20))] 0
[(!(0 | ((2 | ((4 | (((7 | (8 | ((10 | (11 | (12 | (13 | ((15 | 16) | !14))))) | !9))) | !6) | !5)) | !3)) | !1))) & (!(19 | 20))] 1
[(!(0 | ((2 | ((4 | (((7 | (8 | ((10 | (11 | (12 | (13 | ((15 | !16) | !14))))) | !9))) | !6) | !5)) | !3)) | !1))) & (!(19 | 20))] 0
[(!(0 | ((((4 | (5 | ((((9 | (10 | (11 | ((13 | ((15 | 16) | !14)) | !12)))) | !8) | !7) | !6))) | !3) | !2) | !1))) & (t)] 0
[(!(0 | ((((4 | (5 | ((((9 | (10 | (11 | ((13 | ((15 | (17 | !16)) | !14)) | !12)))) | !8) | !7) | !6))) | !3) | !2) | !1))) & (!(19 | 20))] 0
[(!(0 | ((((4 | (5 | ((((9 | (10 | (11 | ((13 | ((15 | !(16 & 17)) | !14)) | !12)))) | !8) | !7) | !6))) | !3) | !2) | !1))) & (!(19 | 20))] 1
[(!(0 | ((((4 | (5 | ((((9 | (10 | (((13 | ((15 | 16) | !14)) | !12) | !11))) | !8) | !7) | !6))) | !3) | !2) | !1))) & (t)] 1
[(!(0 | ((((4 | (5 | ((((9 | (10 | (((13 | ((15 | (17 | !16)) | !14)) | !12) | !11))) | !8) | !7) | !6))) | !3) | !2) | !1))) & (!(19 | 20))] 0
[(!(0 | ((((4 | (5 | ((((9 | (10 | (((13 | ((15 | !(16 & 17)) | !14)) | !12) | !11))) | !8) | !7) | !6))) | !3) | !2) | !1))) & (!(19 | 20))] 0
[(!(0 | ((2 | (3 | (4 | (5 | ((7 | ((9 | (10 | (11 | (12 | (13 | ((15 | 16) | !14)))))) | !8)) | !6))))) | !1))) & (t)] 1
[(!(0 | ((2 | (3 | (4 | (5 | ((7 | ((9 | (10 | (11 | (12 | (13 | ((15 | (17 | !16)) | !14)))))) | !8)) | !6))))) | !1))) & (!(19 | 20))] 0
[(!(0 | ((2 | (3 | (4 | (5 | ((7 | ((9 | (10 | (11 | (12 | (13 | ((15 | !(16 & 17)) | !14)))))) | !8)) | !6))))) | !1))) & (!(19 | 20))] 0
[(!(0 | (1 | (2 | ((4 | (((7 | (8 | (((((13 | (14 | (16 | !15))) | !12) | !11) | !10) | !9))) | !6) | !5)) | !3))))) & (!(20 | !19))] 1
[(!(0 | (1 | (2 | ((4 | (((7 | (8 | (((((13 | (14 | !(15 & 16))) | !12) | !11) | !10) | !9))) | !6) | !5)) | !3))))) & (!(19 | 20))] 0
[(!(0 | ((2 | ((4 | (((7 | (8 | ((10 | (((13 | (14 | (15 | 16))) | !12) | !11)) | !9))) | !6) | !5)) | !3)) | !1))) & (!(19 | 20))] 1
[(!(0 | ((2 | ((4 | (((7 | (8 | ((10 | (((13 | (14 | (15 | !16))) | !12) | !11)) | !9))) | !6) | !5)) | !3)) | !1))) & (!(19 | 20))] 0
[(!(0 | ((2 | ((4 | (5 | ((7 | (((10 | (((13 | (14 | (15 | 16))) | !12) | !11)) | !9) | !8)) | !6))) | !3)) | !1))) & (t)] 0
[(!(0 | ((2 | ((4 | (5 | ((7 | (((10 | (((13 | (14 | (15 | (17 | !16)))) | !12) | !11)) | !9) | !8)) | !6))) | !3)) | !1))) & (!(19 | 20))] 0
[(!(0 | ((2 | ((4 | (5 | ((7 | (((10 | (((13 | (14 | (15 | !(16 & 17)))) | !12) | !11)) | !9) | !8)) | !6))) | !3)) | !1))) & (!(19 | 20))] 1
[(!(((2 | ((4 | ((6 | (7 | (8 | ((10 | (11 | (12 | ((14 | (15 | 16)) | !13)))) | !9)))) | !5)) | !3)) | !1) | !0)) & (!(19 | !20))] 0
[(!(((2 | ((4 | ((6 | (7 | (8 | ((10 | (11 | (12 | ((14 | (15 | !16)) | !13)))) | !9)))) | !5)) | !3)) | !1) | !0)) & (!(19 | 20))] 1
[(!(((2 | ((4 | ((6 | (7 | (8 | ((10 | ((12 | ((14 | (15 | 16)) | !13)) | !11)) | !9)))) | !5)) | !3)) | !1) | !0)) & (!(19 | 20))] 0
[(!(((2 | ((4 | ((6 | (7 | (8 | ((10 | ((12 | ((14 | (15 | !16)) | !13)) | !11)) | !9)))) | !5)) | !3)) | !1) | !0)) & (!(19 | 20))] 0
[(!(0 | ((2 | ((4 | (((7 | (8 | ((10 | (((13 | ((15 | 16) | !14)) | !12) | !11)) | !9))) | !6) | !5)) | !3)) | !1))) & (!(19 | 20))] 0
[(!(0 | ((2 | ((4 | (((7 | (8 | ((10 | (((13 | ((15 | !16) | !14)) | !12) | !11)) | !9))) | !6) | !5)) | !3)) | !1))) & (!(19 | 20))] 1
[(!(0 | (1 | (2 | ((4 | (5 | ((((9 | (10 | (((13 | (((17 | !16) | !15) | !14)) | !12) | !11))) | !8) | !7) | !6))) | !3))))) & (!(19 | 20))] 1
[(0 & ((2 & (4 | ((6 | (7 | (8 | ((10 | (12 | ((14 | 15) | !13))) | !9)))) | !5)) | !2 & (3 & (4 | ((6 | (7 | (8 | ((10 | ((14 | 15) | !13)) | !9)))) | !5)) | !3 & (4 | ((6 | (7 | (8 | ((10 | (12 | ((14 | 15) | !13))) | !9)))) | !5)))) | !1) | !0 & (1 & (2 & (3 & (4 & ((6 | (7 | (8 | ((10 & ((12 | (13 | 15)) | !11) | !10 & (11 | (12 | (13 | 15)))) | !9)))) | !5) | !4 & (5 & ((7 | (8 | ((10 | (11 & (12 | (13 | 15)) | !11 & (12 | (13 & (14 | 15) | !13 & 15)))) | !9))) | !6) | !5 & ((7 & ((9 | (10 | (13 | 15))) | !8) | !7 & (((10 | ((12 | (13 | (14 | 15))) | !11)) | !9) | !8)) | !6))) | !3 & (4 & ((6 | (7 | (8 | ((10 & ((12 | (13 | 15)) | !11) | !10 & (11 | (12 | (13 | 15)))) | !9)))) | !5) | !4 & (5 & ((7 | (8 | ((10 | (11 & (12 | (13 | 15)) | !11 & (12 | (13 & (14 | 15) | !13 & 15)))) | !9))) | !6) | !5 & ((7 & ((9 | (10 | (12 | (13 | 15)))) | !8) | !7 & (((10 | ((12 | (13 | (14 | 15))) | !11)) | !9) | !8)) | !6)))) | !2 & (3 & (4 & ((6 | (7 | (8 | ((10 & ((12 & 13 | !12 & (13 | 15)) | !11) | !10 & (11 | (12 | (13 | 15)))) | !9)))) | !5) | !4 & (5 & ((7 | (8 | ((10 | (11 & (12 & 13 | !12 & (13 | 15)) | !11 & (12 & (13 | 15) | !12 & (13 & (14 | 15) | !13 & 15)))) | !9))) | !6) | !5 & (6 & (7 & ((9 | (10 | (((13 | !15) | !12) | !11))) | !8) | !7 & ((9 & (10 | ((12 & (13 | !(15 | !14)) | !12 & (13 | (14 | 15))) | !11)) | !9 & (10 | (13 | 15))) | !8)) | !6 & (7 | ((9 | (10 | (((13 | !(14 & 15)) | !12) | !11))) | !8))))) | !3 & (4 & ((6 | (7 | (8 | ((10 & ((12 | (13 | 15)) | !11) | !10 & (11 | (12 | (13 | 15)))) | !9)))) | !5) | !4 & (5 & ((7 | (8 | ((10 | (11 & (12 | (13 | 15)) | !11 & (12 | (13 & (14 | 15) | !13 & 15)))) | !9))) | !6) | !5 & ((7 | ((10 | (12 | (13 | 15))) | !8)) | !6))))) | !1 & (2 & (3 & (4 & ((6 | (7 | (8 | ((((12 | (13 | (14 | 15))) | !11) | !10) | !9)))) | !5) | !4 & (5 & ((7 | (8 | (((12 | (13 | (14 | 15))) | !11) | !9))) | !6) | !5 & ((((9 | (10 | ((13 | (14 & (15 | !16) | !14 & 15)) | !11))) | !8) | !7) | !6))) | !3 & (4 & ((6 | (7 | (8 | ((((12 | (13 | (14 | 15))) | !11) | !10) | !9)))) | !5) | !4 & (5 & ((7 | (8 | (((12 | (13 | (14 | 15))) | !11) | !9))) | !6) | !5 & ((((9 | (10 | ((12 | (13 | (14 & (15 | !16) | !14 & 15))) | !11))) | !8) | !7) | !6)))) | !2 & (3 & (4 & ((6 | (7 | (8 | ((((12 & (13 | 14) | !12 & (13 | (14 | 15))) | !11) | !10) | !9)))) | !5) | !4 & (5 & ((7 | (8 | (((12 & (13 | 14) | !12 & (13 | (14 | 15))) | !11) | !9))) | !6) | !5 & ((7 & ((9 | (10 | (((13 | !(14 & (15 & 16) | !14 & 15)) | !12) | !11))) | !8) | !7 & ((9 & (10 | (((13 | !(14 & (15 & 16) | !14 & 15)) | !12) | !11)) | !9 & (10 | ((13 | (14 & (15 | !16) | !14 & 15)) | !11))) | !8)) | !6))) | !3 & (4 & ((6 | (7 | (8 | ((((12 | (13 | (14 | 15))) | !11) | !10) | !9)))) | !5) | !4 & (5 & ((7 | (8 | (((12 | (13 | (14 | 15))) | !11) | !9))) | !6) | !5 & ((7 | ((9 | (10 | ((12 | (13 | (14 & (15 | !16) | !14 & 15))) | !11))) | !8)) | !6))))))) & (t)] 1
[(!(0 | (1 | (2 | ((4 | (5 | ((((9 | (10 | (((13 | !(14 & (15 & (16 & 17)))) | !12) | !11))) | !8) | !7) | !6))) | !3))))) & (!(19 | 20))] 0
[(!(0 | ((2 | (3 | (4 | (((7 | (8 | ((10 | (11 | (12 | (13 | ((15 | 16) | !14))))) | !9))) | !6) | !5)))) | !1))) & (!(19 | 20))] 1
[(!(0 | ((2 | (3 | (4 | (((7 | (8 | ((10 | (11 | (12 | (13 | ((15 | !16) | !14))))) | !9))) | !6) | !5)))) | !1))) & (!(19 | 20))] 0
[(!(0 | (((3 | (4 | (5 | ((((9 | (10 | (11 | (12 | (13 | ((15 | 16) | !14)))))) | !8) | !7) | !6)))) | !2) | !1))) & (t)] 1
[(!(0 | (((3 | (4 | (5 | ((((9 | (10 | (11 | (12 | (13 | ((15 | (17 | !16)) | !14)))))) | !8) | !7) | !6)))) | !2) | !1))) & (t)] 0
[(!(0 | (((4 | (5 | ((((9 | (10 | (11 | (12 | (13 | ((15 | !(16 & 17)) | !14)))))) | !8) | !7) | !6))) | !2) | !1))) & (t)] 1
[(!(0 | (((3 | (4 | (5 | ((((9 | (10 | ((12 | (13 | ((15 | 16) | !14))) | !11))) | !8) | !7) | !6)))) | !2) | !1))) & (t)] 0
[(!(0 | (((3 | (4 | (5 | ((((9 | (10 | ((12 | (13 | ((15 | (17 | !16)) | !14))) | !11))) | !8) | !7) | !6)))) | !2) | !1))) & (t)] 1
[(!(0 | (((4 | (5 | ((((9 | (10 | ((12 | (13 | ((15 | !(16 & 17)) | !14))) | !11))) | !8) | !7) | !6))) | !2) | !1))) & (t)] 0
[(!(0 | ((((4 | (5 | ((((9 | (10 | (11 | (12 | (13 | ((15 | 16) | !14)))))) | !8) | !7) | !6))) | !3) | !2) | !1))) & (t)] 1
[(!(0 | ((((4 | (5 | ((((9 | (10 | (11 | (12 | (13 | ((15 | (17 | !16)) | !14)))))) | !8) | !7) | !6))) | !3) | !2) | !1))) & (t)] 1
[(!(0 | ((((4 | (5 | ((((9 | (10 | ((12 | (13 | ((15 | 16) | !14))) | !11))) | !8) | !7) | !6))) | !3) | !2) | !1))) & (t)] 1
[(!(0 | ((((4 | (5 | ((((9 | (10 | ((12 | (13 | ((15 | (17 | !16)) | !14))) | !11))) | !8) | !7) | !6))) | !3) | !2) | !1))) & (t)] 0
[(!(0 | (1 | (2 | ((((6 | (7 | (8 | (((((13 | (14 | (15 | 16))) | !12) | !11) | !10) | !9)))) | !5) | !4) | !3))))) & (!(20 | !19))] 0
[(!(0 | (1 | (2 | ((((6 | (7 | (8 | (((((13 | (14 | (15 | !16))) | !12) | !11) | !10) | !9)))) | !5) | !4) | !3))))) & (!(19 | 20))] 0
[(!(0 | ((2 | ((((6 | (7 | (8 | (((((13 | (14 | (15 | 16))) | !12) | !11) | !10) | !9)))) | !5) | !4) | !3)) | !1))) & (!(19 | 20))] 1
[(!(0 | ((2 | ((((6 | (7 | (8 | (((((13 | (14 | (15 | !16))) | !12) | !11) | !10) | !9)))) | !5) | !4) | !3)) | !1))) & (!(19 | 20))] 1
[(!(0 | ((2 | ((((6 | (7 | (8 | (((((13 | ((15 | 16) | !14)) | !12) | !11) | !10) | !9)))) | !5) | !4) | !3)) | !1))) & (!(19 | 20))] 0
[(!(0 | ((2 | ((((6 | (7 | (8 | (((((13 | ((15 | !16) | !14)) | !12) | !11) | !10) | !9)))) | !5) | !4) | !3)) | !1))) & (!(19 | 20))] 1
[(!(0 | (1 | (2 | ((4 | (((7 | (8 | ((10 | (((13 | (14 | (15 | 16))) | !12) | !11)) | !9))) | !6) | !5)) | !3))))) & (!(20 | !19))] 1
[(!(0 | (1 | (2 | ((4 | (((7 | (8 | ((10 | (((13 | (14 | (15 | !16))) | !12) | !11)) | !9))) | !6) | !5)) | !3))))) & (!(19 | 20))] 0
[(!(0 | (1 | (2 | ((4 | (5 | ((((9 | (10 | (((13 | (14 | (16 | !15))) | !12) | !11))) | !8) | !7) | !6))) | !3))))) & (t)] 1
[(!(0 | (1 | (2 | ((4 | (5 | ((((9 | (10 | (((13 | (14 | ((17 | !16) | !15))) | !12) | !11))) | !8) | !7) | !6))) | !3))))) & (!(19 | 20))] 1
[(!(0 | (1 | (2 | ((4 | (5 | ((((9 | (10 | (((13 | (14 | !(15 & (16 & 17)))) | !12) | !11))) | !8) | !7) | !6))) | !3))))) & (!(19 | 20))] 0
[(!(0 | ((2 | ((4 | (5 | ((7 | ((9 | (10 | (11 | (12 | (13 | (14 | (15 | 16))))))) | !8)) | !6))) | !3)) | !1))) & (t)] 0
[(!(0 | ((2 | ((4 | (5 | ((7 | ((9 | (10 | (11 | (12 | (13 | (14 | (15 | (17 | !16)))))))) | !8)) | !6))) | !3)) | !1))) & (!(19 | 20))] 1
[(!(0 | ((2 | ((4 | (5 | ((7 | ((9 | (10 | (11 | (12 | (13 | (14 | (15 | !(16 & 17)))))))) | !8)) | !6))) | !3)) | !1))) & (!(19 | 20))] 1
[(!(0 | ((2 | ((4 | (((7 | (8 | ((10 | (11 | (12 | ((14 | (15 | 16)) | !13)))) | !9))) | !6) | !5)) | !3)) | !1))) & (!(19 | !20))] 0
[(!(0 | ((2 | ((4 | (((7 | (8 | ((10 | (11 | (12 | ((14 | (15 | !16)) | !13)))) | !9))) | !6) | !5)) | !3)) | !1))) & (!(19 | 20))] 0
[(!(0 | ((2 | ((((6 | (7 | (8 | ((10 | (11 | (12 | (13 | (14 | (15 | 16)))))) | !9)))) | !5) | !4) | !3)) | !1))) & (!(20 | !19))] 1
[(!(0 | ((2 | ((((6 | (7 | (8 | ((10 | (11 | (12 | (13 | (14 | (15 | !16)))))) | !9)))) | !5) | !4) | !3)) | !1))) & (!(19 | 20))] 1
[(!(0 | ((2 | ((((6 | (7 | (8 | ((10 | (11 | (12 | (13 | ((15 | 16) | !14))))) | !9)))) | !5) | !4) | !3)) | !1))) & (!(19 | 20))] 1
[(!(0 | ((2 | ((((6 | (7 | (8 | ((10 | (11 | (12 | (13 | ((15 | !16) | !14))))) | !9)))) | !5) | !4) | !3)) | !1))) & (!(19 | 20))] 0
[(!(0 | ((2 | ((4 | (((7 | (8 | ((10 | ((12 | (13 | (14 | (15 | 16)))) | !11)) | !9))) | !6) | !5)) | !3)) | !1))) & (!(19 | 20))] 0
[(!(0 | ((2 | ((4 | (((7 | (8 | ((10 | ((12 | (13 | (14 | (15 | !16)))) | !11)) | !9))) | !6) | !5)) | !3)) | !1))) & (!(19 | 20))] 0
[(!(0 | ((2 | ((4 | (5 | ((7 | (((10 | ((12 | (13 | (14 | (15 | 16)))) | !11)) | !9) | !8)) | !6))) | !3)) | !1))) & (t)] 1
[(!(0 | ((2 | ((4 | (5 | ((7 | (((10 | ((12 | (13 | (14 | (15 | (17 | !16))))) | !11)) | !9) | !8)) | !6))) | !3)) | !1))) & (!(19 | 20))] 1
[(!(0 | ((2 | ((4 | (5 | ((7 | (((10 | ((12 | (13 | (14 | (15 | !(16 & 17))))) | !11)) | !9) | !8)) | !6))) | !3)) | !1))) & (!(19 | 20))] 1
[(!(0 | (1 | (2 | ((4 | (5 | ((7 | (((10 | (((13 | (((17 | !16) | !15) | !14)) | !12) | !11)) | !9) | !8)) | !6))) | !3))))) & (!(19 | 20))] 1
[(!(0 | (1 | (2 | ((4 | (5 | ((7 | (((10 | (((13 | !(14 & (15 & (16 & 17)))) | !12) | !11)) | !9) | !8)) | !6))) | !3))))) & (!(19 | 20))] 0
[(!(0 | (1 | (2 | ((4 | (5 | ((7 | ((9 | (10 | (((13 | ((15 | (17 | !16)) | !14)) | !12) | !11))) | !8)) | !6))) | !3))))) & (t)] 0
[(!(0 | (1 | (2 | ((4 | (5 | ((7 | ((9 | (10 | (((13 | ((15 | !(16 & 17)) | !14)) | !12) | !11))) | !8)) | !6))) | !3))))) & (t)] 0
[(!(0 | ((2 | ((4 | (5 | ((7 | ((9 | (10 | (((13 | ((15 | 16) | !14)) | !12) | !11))) | !8)) | !6))) | !3)) | !1))) & (t)] 0
[(!(0 | ((2 | ((4 | (5 | ((7 | ((9 | (10 | (((13 | ((15 | (17 | !16)) | !14)) | !12) | !11))) | !8)) | !6))) | !3)) | !1))) & (t)] 0
[(!(0 | ((2 | ((4 | (5 | ((7 | ((9 | (10 | (((13 | ((15 | !(16 & 17)) | !14)) | !12) | !11))) | !8)) | !6))) | !3)) | !1))) & (t)] 1
[(!(((2 | (3 | (4 | ((6 | (7 | (8 | ((10 | (11 | (12 | ((14 | (15 | 16)) | !13)))) | !9)))) | !5)))) | !1) | !0)) & (!(19 | !20))] 1
[(!(((2 | (3 | (4 | ((6 | (7 | (8 | ((10 | (11 | (12 | ((14 | (15 | !16)) | !13)))) | !9)))) | !5)))) | !1) | !0)) & (!(19 | 20))] 0
[(!(((2 | (3 | (4 | ((6 | (7 | (8 | ((10 | ((12 | ((14 | (15 | 16)) | !13)) | !11)) | !9)))) | !5)))) | !1) | !0)) & (!(19 | 20))] 1
[(!(((2 | (3 | (4 | ((6 | (7 | (8 | ((10 | ((12 | ((14 | (15 | !16)) | !13)) | !11)) | !9)))) | !5)))) | !1) | !0)) & (!(19 | 20))] 0
[(!(0 | (((3 | (4 | (((7 | (8 | ((10 | (11 | (12 | (13 | ((15 | 16) | !14))))) | !9))) | !6) | !5))) | !2) | !1))) & (!(19 | 20))] 1
[(!(0 | (((3 | (4 | (((7 | (8 | ((10 | (11 | (12 | (13 | ((15 | !16) | !14))))) | !9))) | !6) | !5))) | !2) | !1))) & (!(19 | 20))] 0
[(!(0 | (((3 | (4 | (((7 | (8 | ((10 | ((12 | (13 | ((15 | 16) | !14))) | !11)) | !9))) | !6) | !5))) | !2) | !1))) & (!(19 | 20))] 1
[(!(0 | (((3 | (4 | (((7 | (8 | ((10 | ((12 | (13 | ((15 | !16) | !14))) | !11)) | !9))) | !6) | !5))) | !2) | !1))) & (!(19 | 20))] 1
[(!(0 | (1 | ((3 | (4 | (5 | ((((9 | (10 | ((12 | (13 | ((15 | (17 | !16)) | !14))) | !11))) | !8) | !7) | !6)))) | !2)))) & (!(19 | 20))] 1
[(!(0 | (1 | ((4 | (5 | ((((9 | (10 | ((12 | (13 | ((15 | !(16 & 17)) | !14))) | !11))) | !8) | !7) | !6))) | !2)))) & (!(19 | 20))] 0
[(!(0 | (1 | (((4 | (5 | ((((9 | (10 | ((12 | (13 | ((15 | (17 | !16)) | !14))) | !11))) | !8) | !7) | !6))) | !3) | !2)))) & (!(19 | 20))] 0
[(!(0 | ((((4 | (((7 | (8 | ((10 | (11 | (12 | (13 | ((15 | 16) | !14))))) | !9))) | !6) | !5)) | !3) | !2) | !1))) & (!(19 | 20))] 1
[(!(0 | ((((4 | (((7 | (8 | ((10 | (11 | (12 | (13 | ((15 | !16) | !14))))) | !9))) | !6) | !5)) | !3) | !2) | !1))) & (!(19 | 20))] 0
[(!(0 | ((((4 | (((7 | (8 | ((10 | ((12 | (13 | ((15 | 16) | !14))) | !11)) | !9))) | !6) | !5)) | !3) | !2) | !1))) & (t)] 1
[(!(0 | ((((4 | (((7 | (8 | ((10 | ((12 | (13 | ((15 | !16) | !14))) | !11)) | !9))) | !6) | !5)) | !3) | !2) | !1))) & (t)] 0
[(!(0 | (1 | (((4 | (5 | ((((9 | (10 | (((13 | ((15 | (17 | !16)) | !14)) | !12) | !11))) | !8) | !7) | !6))) | !3) | !2)))) & (!(19 | 20))] 0
[(!(0 | (1 | (((4 | (5 | ((((9 | (10 | (((13 | ((15 | !(16 & 17)) | !14)) | !12) | !11))) | !8) | !7) | !6))) | !3) | !2)))) & (!(19 | 20))] 0
[(!(0 | (1 | (2 | ((4 | (((7 | (8 | (((((13 | (14 | (15 | 16))) | !12) | !11) | !10) | !9))) | !6) | !5)) | !3))))) & (!(20 | !19))] 1
[(!(0 | (1 | (2 | ((4 | (((7 | (8 | (((((13 | (14 | (15 | !16))) | !12) | !11) | !10) | !9))) | !6) | !5)) | !3))))) & (!(19 | 20))] 0
[(!(0 | (1 | (2 | ((4 | (5 | ((7 | (((10 | (((13 | (14 | (16 | !15))) | !12) | !11)) | !9) | !8)) | !6))) | !3))))) & (t)] 1
[(!(0 | (1 | (2 | ((4 | (5 | ((7 | (((10 | (((13 | (14 | ((17 | !16) | !15))) | !12) | !11)) | !9) | !8)) | !6))) | !3))))) & (!(19 | 20))] 1
[(!(0 | (1 | (2 | ((4 | (5 | ((7 | (((10 | (((13 | (14 | !(15 & (16 & 17)))) | !12) | !11)) | !9) | !8)) | !6))) | !3))))) & (!(19 | 20))] 0
[(!(0 | (1 | (2 | ((4 | (5 | ((7 | ((9 | (10 | (((13 | (14 | (15 | 16))) | !12) | !11))) | !8)) | !6))) | !3))))) & (t)] 1
[(!(0 | (1 | (2 | ((4 | (5 | ((7 | ((9 | (10 | (((13 | (14 | (15 | (17 | !16)))) | !12) | !11))) | !8)) | !6))) | !3))))) & (t)] 0
[(!(0 | (1 | (2 | ((4 | (5 | ((7 | ((9 | (10 | (((13 | (14 | (15 | !(16 & 17)))) | !12) | !11))) | !8)) | !6))) | !3))))) & (t)] 0
[(!(0 | ((2 | ((4 | (5 | ((7 | ((9 | (10 | (((13 | (14 | (15 | 16))) | !12) | !11))) | !8)) | !6))) | !3)) | !1))) & (t)] 0
[(!(0 | ((2 | ((4 | (5 | ((7 | ((9 | (10 | (((13 | (14 | (15 | (17 | !16)))) | !12) | !11))) | !8)) | !6))) | !3)) | !1))) & (t)] 1
[(!(0 | ((2 | ((4 | (5 | ((7 | ((9 | (10 | (((13 | (14 | (15 | !(16 & 17)))) | !12) | !11))) | !8)) | !6))) | !3)) | !1))) & (t)] 1
[(!(0 | ((2 | ((4 | (((7 | (8 | ((10 | (11 | (12 | (13 | (14 | (15 | 16)))))) | !9))) | !6) | !5)) | !3)) | !1))) & (!(19 | !20))] 0
[(!(0 | ((2 | ((4 | (((7 | (8 | ((10 | (11 | (12 | (13 | (14 | (15 | !16)))))) | !9))) | !6) | !5)) | !3)) | !1))) & (!(19 | 20))] 1
[(!(0 | ((((4 | (5 | ((((9 | (10 | (11 | ((13 | (14 | (15 | 16))) | !12)))) | !8) | !7) | !6))) | !3) | !2) | !1))) & (t)] 0
[(!(0 | ((((4 | (5 | ((((9 | (10 | (11 | ((13 | (14 | (15 | (17 | !16)))) | !12)))) | !8) | !7) | !6))) | !3) | !2) | !1))) & (!(19 | 20))] 0
[(!(0 | ((((4 | (5 | ((((9 | (10 | (11 | ((13 | (14 | (15 | !(16 & 17)))) | !12)))) | !8) | !7) | !6))) | !3) | !2) | !1))) & (!(19 | 20))] 0
[(!(0 | ((((4 | (5 | ((((9 | (10 | (((13 | (14 | (15 | 16))) | !12) | !11))) | !8) | !7) | !6))) | !3) | !2) | !1))) & (t)] 0
[(!(0 | ((((4 | (5 | ((((9 | (10 | (((13 | (14 | (15 | (17 | !16)))) | !12) | !11))) | !8) | !7) | !6))) | !3) | !2) | !1))) & (!(19 | 20))] 0
[(!(0 | ((((4 | (5 | ((((9 | (10 | (((13 | (14 | (15 | !(16 & 17)))) | !12) | !11))) | !8) | !7) | !6))) | !3) | !2) | !1))) & (!(19 | 20))] 1
[(!(0 | ((2 | (3 | (4 | (5 | ((7 | ((9 | (10 | (11 | (12 | (13 | (14 | (15 | 16))))))) | !8)) | !6))))) | !1))) & (t)] 1
[(!(0 | ((2 | (3 | (4 | (5 | ((7 | ((9 | (10 | (11 | (12 | (13 | (14 | (15 | (17 | !16)))))))) | !8)) | !6))))) | !1))) & (!(19 | 20))] 0
[(!(0 | ((2 | (3 | (4 | (5 | ((7 | ((9 | (10 | (11 | (12 | (13 | (14 | (15 | !(16 & 17)))))))) | !8)) | !6))))) | !1))) & (!(19 | 20))] 0
[(!(0 | (1 | (2 | ((((6 | (7 | (8 | ((((12 | (13 | (14 | (15 | 16)))) | !11) | !10) | !9)))) | !5) | !4) | !3))))) & (!(20 | !19))] 1
[(!(0 | (1 | (2 | ((((6 | (7 | (8 | ((((12 | (13 | (14 | (15 | !16)))) | !11) | !10) | !9)))) | !5) | !4) | !3))))) & (!(19 | 20))] 0
[(!(0 | ((2 | ((((6 | (7 | (8 | ((((12 | (13 | (14 | (15 | 16)))) | !11) | !10) | !9)))) | !5) | !4) | !3)) | !1))) & (!(19 | 20))] 0
[(!(0 | ((2 | ((((6 | (7 | (8 | ((((12 | (13 | (14 | (15 | !16)))) | !11) | !10) | !9)))) | !5) | !4) | !3)) | !1))) & (!(19 | 20))] 0
[(!(0 | ((2 | ((((6 | (7 | (8 | ((((12 | (13 | ((15 | 16) | !14))) | !11) | !10) | !9)))) | !5) | !4) | !3)) | !1))) & (!(19 | 20))] 1
[(!(0 | ((2 | ((((6 | (7 | (8 | ((((12 | (13 | ((15 | !16) | !14))) | !11) | !10) | !9)))) | !5) | !4) | !3)) | !1))) & (!(19 | 20))] 1
[(!(0 | (1 | (2 | ((4 | (((7 | (8 | ((10 | ((12 | (13 | (14 | (15 | 16)))) | !11)) | !9))) | !6) | !5)) | !3))))) & (!(20 | !19))] 1
[(!(0 | (1 | (2 | ((4 | (((7 | (8 | ((10 | ((12 | (13 | (14 | (15 | !16)))) | !11)) | !9))) | !6) | !5)) | !3))))) & (!(19 | 20))] 1
[(!(0 | (1 | (((4 | (5 | ((((9 | (10 | (((13 | (14 | (15 | 16))) | !12) | !11))) | !8) | !7) | !6))) | !3) | !2)))) & (t)] 1
[(!(0 | (1 | (((4 | (5 | ((((9 | (10 | (((13 | (14 | (15 | (17 | !16)))) | !12) | !11))) | !8) | !7) | !6))) | !3) | !2)))) & (!(19 | 20))] 1
[(!(0 | (1 | (((4 | (5 | ((((9 | (10 | (((13 | (14 | (15 | !(16 & 17)))) | !12) | !11))) | !8) | !7) | !6))) | !3) | !2)))) & (!(19 | 20))] 1
[(!(0 | (1 | (2 | ((4 | (5 | ((7 | ((9 | (10 | ((12 | (13 | ((15 | (17 | !16)) | !14))) | !11))) | !8)) | !6))) | !3))))) & (!(19 | 20))] 1
[(!(0 | (1 | (2 | ((4 | (5 | ((7 | ((9 | (10 | ((12 | (13 | ((15 | !(16 & 17)) | !14))) | !11))) | !8)) | !6))) | !3))))) & (!(19 | 20))] 1
[(!(0 | ((2 | ((4 | (5 | ((7 | ((9 | (10 | ((12 | (13 | ((15 | 16) | !14))) | !11))) | !8)) | !6))) | !3)) | !1))) & (t)] 1
[(!(0 | ((2 | ((4 | (5 | ((7 | ((9 | (10 | ((12 | (13 | ((15 | (17 | !16)) | !14))) | !11))) | !8)) | !6))) | !3)) | !1))) & (!(19 | 20))] 1
[(!(0 | ((2 | ((4 | (5 | ((7 | ((9 | (10 | ((12 | (13 | ((15 | !(16 & 17)) | !14))) | !11))) | !8)) | !6))) | !3)) | !1))) & (!(19 | 20))] 1
[(!(0 | ((2 | (3 | (4 | (((7 | (8 | ((10 | (11 | (12 | ((14 | (15 | 16)) | !13)))) | !9))) | !6) | !5)))) | !1))) & (t)] 0
[(!(0 | ((2 | (3 | (4 | (((7 | (8 | ((10 | (11 | (12 | ((14 | (15 | !16)) | !13)))) | !9))) | !6) | !5)))) | !1))) & (t)] 0
[(!(0 | ((2 | (3 | (((6 | (7 | (8 | ((10 | (11 | (12 | (13 | (14 | (15 | 16)))))) | !9)))) | !5) | !4))) | !1))) & (!(20 | !19))] 1
[(!(0 | ((2 | (3 | (((6 | (7 | (8 | ((10 | (11 | (12 | (13 | (14 | (15 | !16)))))) | !9)))) | !5) | !4))) | !1))) & (!(19 | 20))] 0
[(!(0 | ((2 | (3 | (((6 | (7 | (8 | ((10 | (11 | (12 | (13 | ((15 | 16) | !14))))) | !9)))) | !5) | !4))) | !1))) & (!(19 | 20))] 1
[(!(0 | ((2 | (3 | (((6 | (7 | (8 | ((10 | (11 | (12 | (13 | ((15 | !16) | !14))))) | !9)))) | !5) | !4))) | !1))) & (!(19 | 20))] 0
[(!(0 | ((2 | (3 | (4 | (((7 | (8 | ((10 | ((12 | (13 | (14 | (15 | 16)))) | !11)) | !9))) | !6) | !5)))) | !1))) & (!(19 | 20))] 1
[(!(0 | ((2 | (3 | (4 | (((7 | (8 | ((10 | ((12 | (13 | (14 | (15 | !16)))) | !11)) | !9))) | !6) | !5)))) | !1))) & (!(19 | 20))] 0
[(!(0 | ((2 | (3 | (4 | (5 | ((7 | (((10 | ((12 | (13 | (14 | (15 | 16)))) | !11)) | !9) | !8)) | !6))))) | !1))) & (t)] 0
[(!(0 | ((2 | (3 | (4 | (5 | ((7 | (((10 | ((12 | (13 | (14 | (15 | (17 | !16))))) | !11)) | !9) | !8)) | !6))))) | !1))) & (!(19 | 20))] 0
[(!(0 | ((2 | (3 | (4 | (5 | ((7 | (((10 | ((12 | (13 | (14 | (15 | !(16 & 17))))) | !11)) | !9) | !8)) | !6))))) | !1))) & (!(19 | 20))] 1
[(!((((3 | (4 | ((6 | (7 | (8 | ((10 | (11 | (12 | ((14 | (15 | 16)) | !13)))) | !9)))) | !5))) | !2) | !1) | !0)) & (!(19 | !20))] 0
[(!((((3 | (4 | ((6 | (7 | (8 | ((10 | (11 | (12 | ((14 | (15 | !16)) | !13)))) | !9)))) | !5))) | !2) | !1) | !0)) & (!(19 | 20))] 1
[(!((((3 | (4 | ((6 | (7 | (8 | ((10 | ((12 | ((14 | (15 | 16)) | !13)) | !11)) | !9)))) | !5))) | !2) | !1) | !0)) & (!(19 | 20))] 1
[(!((((3 | (4 | ((6 | (7 | (8 | ((10 | ((12 | ((14 | (15 | !16)) | !13)) | !11)) | !9)))) | !5))) | !2) | !1) | !0)) & (!(19 | 20))] 0
[(!(0 | (1 | (2 | (3 | (4 | (5 | ((7 | ((9 | (10 | ((12 | (13 | ((15 | (17 | !16)) | !14))) | !11))) | !8)) | !6)))))))) & (!(19 | 20))] 0
[(!(0 | (1 | (2 | (3 | (4 | (5 | ((7 | ((9 | (10 | ((12 | (13 | ((15 | !(16 & 17)) | !14))) | !11))) | !8)) | !6)))))))) & (!(19 | 20))] 1
[(!(0 | ((2 | (3 | (4 | (5 | ((7 | ((9 | (10 | ((12 | (13 | ((15 | 16) | !14))) | !11))) | !8)) | !6))))) | !1))) & (t)] 1
[(!(0 | ((2 | (3 | (4 | (5 | ((7 | ((9 | (10 | ((12 | (13 | ((15 | (17 | !16)) | !14))) | !11))) | !8)) | !6))))) | !1))) & (!(19 | 20))] 1
[(!(0 | ((2 | (3 | (4 | (5 | ((7 | ((9 | (10 | ((12 | (13 | ((15 | !(16 & 17)) | !14))) | !11))) | !8)) | !6))))) | !1))) & (!(19 | 20))] 0
[(!(((((4 | ((6 | (7 | (8 | ((10 | (11 | (12 | ((14 | (15 | 16)) | !13)))) | !9)))) | !5)) | !3) | !2) | !1) | !0)) & (!(19 | !20))] 1
[(!(((((4 | ((6 | (7 | (8 | ((10 | (11 | (12 | ((14 | (15 | !16)) | !13)))) | !9)))) | !5)) | !3) | !2) | !1) | !0)) & (!(19 | 20))] 0
[(!(((((4 | ((6 | (7 | (8 | ((10 | ((12 | ((14 | (15 | 16)) | !13)) | !11)) | !9)))) | !5)) | !3) | !2) | !1) | !0)) & (!(19 | 20))] 0
[(!(((((4 | ((6 | (7 | (8 | ((10 | ((12 | ((14 | (15 | !16)) | !13)) | !11)) | !9)))) | !5)) | !3) | !2) | !1) | !0)) & (!(19 | 20))] 0
[(!(0 | (1 | (2 | ((4 | (5 | ((7 | ((9 | (10 | ((12 | (13 | (14 | (15 | 16)))) | !11))) | !8)) | !6))) | !3))))) & (t)] 1
[(!(0 | (1 | (2 | ((4 | (5 | ((7 | ((9 | (10 | ((12 | (13 | (14 | (15 | (17 | !16))))) | !11))) | !8)) | !6))) | !3))))) & (!(19 | 20))] 1
[(!(0 | (1 | (2 | ((4 | (5 | ((7 | ((9 | (10 | ((12 | (13 | (14 | (15 | !(16 & 17))))) | !11))) | !8)) | !6))) | !3))))) & (!(19 | 20))] 0
[(!(0 | ((2 | ((4 | (5 | ((7 | ((9 | (10 | ((12 | (13 | (14 | (15 | 16)))) | !11))) | !8)) | !6))) | !3)) | !1))) & (t)] 1
[(!(0 | ((2 | ((4 | (5 | ((7 | ((9 | (10 | ((12 | (13 | (14 | (15 | (17 | !16))))) | !11))) | !8)) | !6))) | !3)) | !1))) & (!(19 | 20))] 0
[(!(0 | ((2 | ((4 | (5 | ((7 | ((9 | (10 | ((12 | (13 | (14 | (15 | !(16 & 17))))) | !11))) | !8)) | !6))) | !3)) | !1))) & (!(19 | 20))] 1
[(!(0 | ((2 | ((4 | (((7 | (8 | ((10 | (11 | ((13 | (14 | (15 | 16))) | !12))) | !9))) | !6) | !5)) | !3)) | !1))) & (t)] 1
[(!(0 | ((2 | ((4 | (((7 | (8 | ((10 | (11 | ((13 | (14 | (15 | !16))) | !12))) | !9))) | !6) | !5)) | !3)) | !1))) & (t)] 0
[(!(0 | ((2 | ((4 | (5 | ((((9 | (10 | (((13 | (14 | (16 | !15))) | !12) | !11))) | !8) | !7) | !6))) | !3)) | !1))) & (t)] 1
[(!(0 | ((2 | ((4 | (5 | ((((9 | (10 | (((13 | (14 | ((17 | !16) | !15))) | !12) | !11))) | !8) | !7) | !6))) | !3)) | !1))) & (t)] 1
[(!(0 | ((2 | ((4 | (5 | ((((9 | (10 | (((13 | (14 | !(15 & (16 & 17)))) | !12) | !11))) | !8) | !7) | !6))) | !3)) | !1))) & (t)] 1
[(!(0 | ((2 | (3 | (4 | (((7 | (8 | ((10 | (11 | (12 | (13 | (14 | (15 | 16)))))) | !9))) | !6) | !5)))) | !1))) & (!(20 | !19))] 1
[(!(0 | ((2 | (3 | (4 | (((7 | (8 | ((10 | (11 | (12 | (13 | (14 | (15 | !16)))))) | !9))) | !6) | !5)))) | !1))) & (!(19 | 20))] 0
[(!(0 | (((3 | (4 | (5 | ((((9 | (10 | (11 | (12 | (13 | (14 | (15 | 16))))))) | !8) | !7) | !6)))) | !2) | !1))) & (t)] 1
[(!(0 | (((3 | (4 | (5 | ((((9 | (10 | (11 | (12 | (13 | (14 | (15 | (17 | !16)))))))) | !8) | !7) | !6)))) | !2) | !1))) & (t)] 1
[(!(0 | (((4 | (5 | ((((9 | (10 | (11 | (12 | (13 | (14 | (15 | !(16 & 17)))))))) | !8) | !7) | !6))) | !2) | !1))) & (t)] 1
[(!(0 | (((3 | (4 | (5 | ((((9 | (10 | ((12 | (13 | (14 | (15 | 16)))) | !11))) | !8) | !7) | !6)))) | !2) | !1))) & (t)] 1
[(!(0 | (((3 | (4 | (5 | ((((9 | (10 | ((12 | (13 | (14 | (15 | (17 | !16))))) | !11))) | !8) | !7) | !6)))) | !2) | !1))) & (t)] 0
[(!(0 | (((4 | (5 | ((((9 | (10 | ((12 | (13 | (14 | (15 | !(16 & 17))))) | !11))) | !8) | !7) | !6))) | !2) | !1))) & (t)] 1
[(!(0 | ((((4 | (5 | ((((9 | (10 | (11 | (12 | (13 | (14 | (15 | 16))))))) | !8) | !7) | !6))) | !3) | !2) | !1))) & (t)] 0
[(!(0 | ((((4 | (5 | ((((9 | (10 | (11 | (12 | (13 | (14 | (15 | (17 | !16)))))))) | !8) | !7) | !6))) | !3) | !2) | !1))) & (t)] 0
[(!(0 | ((((4 | (5 | ((((9 | (10 | ((12 | (13 | (14 | (15 | 16)))) | !11))) | !8) | !7) | !6))) | !3) | !2) | !1))) & (t)] 1
[(!(0 | ((((4 | (5 | ((((9 | (10 | ((12 | (13 | (14 | (15 | (17 | !16))))) | !11))) | !8) | !7) | !6))) | !3) | !2) | !1))) & (t)] 0
[(!(0 | (1 | (2 | ((4 | (((7 | (8 | ((((12 | (13 | (14 | (15 | 16)))) | !11) | !10) | !9))) | !6) | !5)) | !3))))) & (!(20 | !19))] 0
[(!(0 | (1 | (2 | ((4 | (((7 | (8 | ((((12 | (13 | (14 | (15 | !16)))) | !11) | !10) | !9))) | !6) | !5)) | !3))))) & (!(19 | 20))] 1
[(!(0 | ((2 | ((4 | (((7 | (8 | ((10 | ((12 | (13 | ((15 | 16) | !14))) | !11)) | !9))) | !6) | !5)) | !3)) | !1))) & (!(19 | 20))] 1
[(!(0 | ((2 | ((4 | (((7 | (8 | ((10 | ((12 | (13 | ((15 | !16) | !14))) | !11)) | !9))) | !6) | !5)) | !3)) | !1))) & (!(19 | 20))] 1
[(!(0 | (1 | (2 | (3 | (((6 | (7 | (8 | ((((12 | (13 | (14 | (15 | 16)))) | !11) | !10) | !9)))) | !5) | !4)))))) & (!(20 | !19))] 0
[(!(0 | (1 | (2 | (3 | (((6 | (7 | (8 | ((((12 | (13 | (14 | (15 | !16)))) | !11) | !10) | !9)))) | !5) | !4)))))) & (!(19 | 20))] 0
[(!(0 | ((2 | (3 | (((6 | (7 | (8 | ((((12 | (13 | (14 | (15 | 16)))) | !11) | !10) | !9)))) | !5) | !4))) | !1))) & (!(19 | 20))] 1
[(!(0 | ((2 | (3 | (((6 | (7 | (8 | ((((12 | (13 | (14 | (15 | !16)))) | !11) | !10) | !9)))) | !5) | !4))) | !1))) & (!(19 | 20))] 0
[(!(0 | ((2 | (3 | (((6 | (7 | (8 | ((((12 | (13 | ((15 | 16) | !14))) | !11) | !10) | !9)))) | !5) | !4))) | !1))) & (!(19 | 20))] 0
[(!(0 | ((2 | (3 | (((6 | (7 | (8 | ((((12 | (13 | ((15 | !16) | !14))) | !11) | !10) | !9)))) | !5) | !4))) | !1))) & (!(19 | 20))] 1
[(!(0 | (1 | (2 | (3 | (4 | (((7 | (8 | ((10 | ((12 | (13 | (14 | (15 | 16)))) | !11)) | !9))) | !6) | !5))))))) & (!(20 | !19))] 0
[(!(0 | (1 | (2 | (3 | (4 | (((7 | (8 | ((10 | ((12 | (13 | (14 | (15 | !16)))) | !11)) | !9))) | !6) | !5))))))) & (!(19 | 20))] 0
[(!(0 | (1 | ((3 | (4 | (5 | ((((9 | (10 | ((12 | (13 | (14 | (15 | 16)))) | !11))) | !8) | !7) | !6)))) | !2)))) & (t)] 1
[(!(0 | (1 | ((3 | (4 | (5 | ((((9 | (10 | ((12 | (13 | (14 | (15 | (17 | !16))))) | !11))) | !8) | !7) | !6)))) | !2)))) & (!(19 | 20))] 0
[(!(0 | (1 | ((4 | (5 | ((((9 | (10 | ((12 | (13 | (14 | (15 | !(16 & 17))))) | !11))) | !8) | !7) | !6))) | !2)))) & (!(19 | 20))] 1
[(!(0 | (1 | (((4 | (5 | ((((9 | (10 | ((12 | (13 | (14 | (15 | 16)))) | !11))) | !8) | !7) | !6))) | !3) | !2)))) & (t)] 0
[(!(0 | (1 | (((4 | (5 | ((((9 | (10 | ((12 | (13 | (14 | (15 | (17 | !16))))) | !11))) | !8) | !7) | !6))) | !3) | !2)))) & (!(19 | 20))] 1
[(!(0 | (((3 | (4 | (((7 | (8 | ((10 | (11 | (12 | ((14 | (15 | 16)) | !13)))) | !9))) | !6) | !5))) | !2) | !1))) & (!(19 | !20))] 0
[(!(0 | (((3 | (4 | (((7 | (8 | ((10 | (11 | (12 | ((14 | (15 | !16)) | !13)))) | !9))) | !6) | !5))) | !2) | !1))) & (!(19 | 20))] 0
[(!(0 | (((3 | (((6 | (7 | (8 | ((10 | (11 | (12 | (13 | (14 | (15 | 16)))))) | !9)))) | !5) | !4)) | !2) | !1))) & (t)] 0
[(!(0 | (((3 | (((6 | (7 | (8 | ((10 | (11 | (12 | (13 | (14 | (15 | !16)))))) | !9)))) | !5) | !4)) | !2) | !1))) & (t)] 1
[(!(0 | (((3 | (((6 | (7 | (8 | ((10 | (11 | (12 | (13 | ((15 | 16) | !14))))) | !9)))) | !5) | !4)) | !2) | !1))) & (t)] 1
[(!(0 | (((3 | (((6 | (7 | (8 | ((10 | (11 | (12 | (13 | ((15 | !16) | !14))))) | !9)))) | !5) | !4)) | !2) | !1))) & (t)] 0
[(!(0 | (((3 | (4 | (((7 | (8 | ((10 | ((12 | (13 | (14 | (15 | 16)))) | !11)) | !9))) | !6) | !5))) | !2) | !1))) & (!(19 | 20))] 1
[(!(0 | (((3 | (4 | (((7 | (8 | ((10 | ((12 | (13 | (14 | (15 | !16)))) | !11)) | !9))) | !6) | !5))) | !2) | !1))) & (!(19 | 20))] 0
[(!(0 | (((3 | (4 | (5 | ((7 | (((10 | ((12 | (13 | (14 | (15 | 16)))) | !11)) | !9) | !8)) | !6)))) | !2) | !1))) & (t)] 0
[(!(0 | (((3 | (4 | (5 | ((7 | (((10 | ((12 | (13 | (14 | (15 | (17 | !16))))) | !11)) | !9) | !8)) | !6)))) | !2) | !1))) & (!(19 | 20))] 0
[(!(0 | (((3 | (4 | (5 | ((7 | (((10 | ((12 | (13 | (14 | (15 | !(16 & 17))))) | !11)) | !9) | !8)) | !6)))) | !2) | !1))) & (!(19 | 20))] 0
[(!(0 | (1 | ((3 | (4 | (((7 | (8 | ((10 | ((12 | (13 | (14 | (15 | 16)))) | !11)) | !9))) | !6) | !5))) | !2)))) & (!(20 | !19))] 1
[(!(0 | (1 | ((3 | (4 | (((7 | (8 | ((10 | ((12 | (13 | (14 | (15 | !16)))) | !11)) | !9))) | !6) | !5))) | !2)))) & (!(19 | 20))] 1
[(!(0 | (1 | ((3 | (((6 | (7 | (8 | ((((12 | (13 | (14 | (15 | 16)))) | !11) | !10) | !9)))) | !5) | !4)) | !2)))) & (!(20 | !19))] 1
[(!(0 | (1 | ((3 | (((6 | (7 | (8 | ((((12 | (13 | (14 | (15 | !16)))) | !11) | !10) | !9)))) | !5) | !4)) | !2)))) & (!(19 | 20))] 1
[(!(0 | (((3 | (((6 | (7 | (8 | ((((12 | (13 | (14 | (15 | 16)))) | !11) | !10) | !9)))) | !5) | !4)) | !2) | !1))) & (!(19 | 20))] 0
[(!(0 | (((3 | (((6 | (7 | (8 | ((((12 | (13 | (14 | (15 | !16)))) | !11) | !10) | !9)))) | !5) | !4)) | !2) | !1))) & (!(19 | 20))] 0
[(!(0 | (((3 | (((6 | (7 | (8 | ((((12 | (13 | ((15 | 16) | !14))) | !11) | !10) | !9)))) | !5) | !4)) | !2) | !1))) & (!(19 | 20))] 1
[(!(0 | (((3 | (((6 | (7 | (8 | ((((12 | (13 | ((15 | !16) | !14))) | !11) | !10) | !9)))) | !5) | !4)) | !2) | !1))) & (!(19 | 20))] 0
[(!(0 | ((2 | (3 | (4 | (((7 | (8 | ((10 | ((12 | (13 | ((15 | 16) | !14))) | !11)) | !9))) | !6) | !5)))) | !1))) & (!(19 | 20))] 1
[(!(0 | ((2 | (3 | (4 | (((7 | (8 | ((10 | ((12 | (13 | ((15 | !16) | !14))) | !11)) | !9))) | !6) | !5)))) | !1))) & (!(19 | 20))] 0
[(!(0 | ((2 | (3 | (4 | (5 | ((7 | (((10 | ((12 | (13 | ((15 | 16) | !14))) | !11)) | !9) | !8)) | !6))))) | !1))) & (t)] 1
[(!(0 | ((2 | (3 | (4 | (5 | ((7 | (((10 | ((12 | (13 | ((15 | (17 | !16)) | !14))) | !11)) | !9) | !8)) | !6))))) | !1))) & (!(19 | 20))] 1
[(!(0 | ((2 | (3 | (4 | (5 | ((7 | (((10 | ((12 | (13 | ((15 | !(16 & 17)) | !14))) | !11)) | !9) | !8)) | !6))))) | !1))) & (!(19 | 20))] 0
[(!(0 | ((((4 | (((7 | (8 | ((10 | (11 | (12 | ((14 | (15 | 16)) | !13)))) | !9))) | !6) | !5)) | !3) | !2) | !1))) & (!(19 | !20))] 1
[(!(0 | ((((4 | (((7 | (8 | ((10 | (11 | (12 | ((14 | (15 | !16)) | !13)))) | !9))) | !6) | !5)) | !3) | !2) | !1))) & (!(19 | 20))] 0
[(!(0 | ((((((6 | (7 | (8 | ((10 | (11 | (12 | (13 | (14 | (15 | 16)))))) | !9)))) | !5) | !4) | !3) | !2) | !1))) & (t)] 0
[(!(0 | ((((((6 | (7 | (8 | ((10 | (11 | (12 | (13 | (14 | (15 | !16)))))) | !9)))) | !5) | !4) | !3) | !2) | !1))) & (t)] 0
[(!(0 | ((((((6 | (7 | (8 | ((10 | (11 | (12 | (13 | ((15 | 16) | !14))))) | !9)))) | !5) | !4) | !3) | !2) | !1))) & (t)] 0
[(!(0 | ((((((6 | (7 | (8 | ((10 | (11 | (12 | (13 | ((15 | !16) | !14))))) | !9)))) | !5) | !4) | !3) | !2) | !1))) & (t)] 0
[(!(0 | ((((4 | (((7 | (8 | ((10 | ((12 | (13 | (14 | (15 | 16)))) | !11)) | !9))) | !6) | !5)) | !3) | !2) | !1))) & (!(19 | 20))] 1
[(!(0 | ((((4 | (((7 | (8 | ((10 | ((12 | (13 | (14 | (15 | !16)))) | !11)) | !9))) | !6) | !5)) | !3) | !2) | !1))) & (!(19 | 20))] 1
[(!(0 | ((((4 | (5 | ((7 | (((10 | ((12 | (13 | (14 | (15 | 16)))) | !11)) | !9) | !8)) | !6))) | !3) | !2) | !1))) & (t)] 1
[(!(0 | ((((4 | (5 | ((7 | (((10 | ((12 | (13 | (14 | (15 | (17 | !16))))) | !11)) | !9) | !8)) | !6))) | !3) | !2) | !1))) & (!(19 | 20))] 1
[(!(0 | ((((4 | (5 | ((7 | (((10 | ((12 | (13 | (14 | (15 | !(16 & 17))))) | !11)) | !9) | !8)) | !6))) | !3) | !2) | !1))) & (!(19 | 20))] 0
[(!(0 | (1 | (((4 | (((7 | (8 | ((10 | ((12 | (13 | (14 | (15 | 16)))) | !11)) | !9))) | !6) | !5)) | !3) | !2)))) & (t)] 1
[(!(0 | (1 | (((4 | (((7 | (8 | ((10 | ((12 | (13 | (14 | (15 | !16)))) | !11)) | !9))) | !6) | !5)) | !3) | !2)))) & (t)] 0
[(!(0 | (1 | (((((6 | (7 | (8 | ((((12 | (13 | (14 | (15 | 16)))) | !11) | !10) | !9)))) | !5) | !4) | !3) | !2)))) & (!(20 | !19))] 1
[(!(0 | (1 | (((((6 | (7 | (8 | ((((12 | (13 | (14 | (15 | !16)))) | !11) | !10) | !9)))) | !5) | !4) | !3) | !2)))) & (!(19 | 20))] 0
[(!(0 | ((((((6 | (7 | (8 | ((((12 | (13 | (14 | (15 | 16)))) | !11) | !10) | !9)))) | !5) | !4) | !3) | !2) | !1))) & (!(19 | 20))] 1
[(!(0 | ((((((6 | (7 | (8 | ((((12 | (13 | (14 | (15 | !16)))) | !11) | !10) | !9)))) | !5) | !4) | !3) | !2) | !1))) & (!(19 | 20))] 1
[(!(0 | ((((((6 | (7 | (8 | ((((12 | (13 | ((15 | 16) | !14))) | !11) | !10) | !9)))) | !5) | !4) | !3) | !2) | !1))) & (!(19 | 20))] 1
[(!(0 | ((((((6 | (7 | (8 | ((((12 | (13 | ((15 | !16) | !14))) | !11) | !10) | !9)))) | !5) | !4) | !3) | !2) | !1))) & (!(19 | 20))] 0
[(!(0 | (1 | (2 | (3 | (4 | (5 | ((7 | ((9 | (10 | ((12 | (13 | (14 | (15 | 16)))) | !11))) | !8)) | !6)))))))) & (t)] 1
[(!(0 | (1 | (2 | (3 | (4 | (5 | ((7 | ((9 | (10 | ((12 | (13 | (14 | (15 | (17 | !16))))) | !11))) | !8)) | !6)))))))) & (!(19 | 20))] 0
[(!(0 | (1 | (2 | (3 | (4 | (5 | ((7 | ((9 | (10 | ((12 | (13 | (14 | (15 | !(16 & 17))))) | !11))) | !8)) | !6)))))))) & (!(19 | 20))] 1
[(!(0 | ((2 | (3 | (4 | (5 | ((7 | ((9 | (10 | ((12 | (13 | (14 | (15 | 16)))) | !11))) | !8)) | !6))))) | !1))) & (t)] 0
[(!(0 | ((2 | (3 | (4 | (5 | ((7 | ((9 | (10 | ((12 | (13 | (14 | (15 | (17 | !16))))) | !11))) | !8)) | !6))))) | !1))) & (!(19 | 20))] 0
[(!(0 | ((2 | (3 | (4 | (5 | ((7 | ((9 | (10 | ((12 | (13 | (14 | (15 | !(16 & 17))))) | !11))) | !8)) | !6))))) | !1))) & (!(19 | 20))] 0
[(!(0 | ((2 | ((4 | (((7 | (8 | ((10 | (((13 | (14 | (16 | !15))) | !12) | !11)) | !9))) | !6) | !5)) | !3)) | !1))) & (!(19 | 20))] 0
[(!(0 | ((2 | ((4 | (((7 | (8 | ((10 | (((13 | (14 | !(15 & 16))) | !12) | !11)) | !9))) | !6) | !5)) | !3)) | !1))) & (!(19 | 20))] 0
[(!(0 | ((2 | ((4 | (5 | ((7 | (((10 | (((13 | (14 | (16 | !15))) | !12) | !11)) | !9) | !8)) | !6))) | !3)) | !1))) & (t)] 0
[(!(0 | ((2 | ((4 | (5 | ((7 | (((10 | (((13 | (14 | ((17 | !16) | !15))) | !12) | !11)) | !9) | !8)) | !6))) | !3)) | !1))) & (t)] 1
[(!(0 | ((2 | ((4 | (5 | ((7 | (((10 | (((13 | (14 | !(15 & (16 & 17)))) | !12) | !11)) | !9) | !8)) | !6))) | !3)) | !1))) & (t)] 0
[(!(0 | ((2 | ((4 | (5 | ((7 | ((9 | (10 | (11 | ((13 | (14 | (15 | 16))) | !12)))) | !8)) | !6))) | !3)) | !1))) & (t)] 0
[(!(0 | ((2 | ((4 | (5 | ((7 | ((9 | (10 | (11 | ((13 | (14 | (15 | (17 | !16)))) | !12)))) | !8)) | !6))) | !3)) | !1))) & (!(19 | 20))] 0
[(!(0 | ((2 | ((4 | (5 | ((7 | ((9 | (10 | (11 | ((13 | (14 | (15 | !(16 & 17)))) | !12)))) | !8)) | !6))) | !3)) | !1))) & (!(19 | 20))] 0
[(!(0 | (((3 | (4 | (((7 | (8 | ((10 | (11 | (12 | (13 | (14 | (15 | 16)))))) | !9))) | !6) | !5))) | !2) | !1))) & (!(20 | !19))] 0
[(!(0 | (((3 | (4 | (((7 | (8 | ((10 | (11 | (12 | (13 | (14 | (15 | !16)))))) | !9))) | !6) | !5))) | !2) | !1))) & (!(19 | 20))] 0
[(!(0 | ((((4 | (((7 | (8 | ((10 | (11 | (12 | (13 | (14 | (15 | 16)))))) | !9))) | !6) | !5)) | !3) | !2) | !1))) & (!(20 | !19))] 0
[(!(0 | ((((4 | (((7 | (8 | ((10 | (11 | (12 | (13 | (14 | (15 | !16)))))) | !9))) | !6) | !5)) | !3) | !2) | !1))) & (!(19 | 20))] 0
[(!(0 | (1 | (2 | (3 | (4 | (((7 | (8 | ((((12 | (13 | (14 | (15 | 16)))) | !11) | !10) | !9))) | !6) | !5))))))) & (!(20 | !19))] 1
[(!(0 | (1 | (2 | (3 | (4 | (((7 | (8 | ((((12 | (13 | (14 | (15 | !16)))) | !11) | !10) | !9))) | !6) | !5))))))) & (!(19 | 20))] 1
[(!(0 | (1 | ((3 | (4 | (((7 | (8 | ((((12 | (13 | (14 | (15 | 16)))) | !11) | !10) | !9))) | !6) | !5))) | !2)))) & (!(20 | !19))] 0
[(!(0 | (1 | ((3 | (4 | (((7 | (8 | ((((12 | (13 | (14 | (15 | !16)))) | !11) | !10) | !9))) | !6) | !5))) | !2)))) & (!(19 | 20))] 1
[(!(0 | (1 | (((4 | (((7 | (8 | ((((12 | (13 | (14 | (15 | 16)))) | !11) | !10) | !9))) | !6) | !5)) | !3) | !2)))) & (!(20 | !19))] 0
[(!(0 | (1 | (((4 | (((7 | (8 | ((((12 | (13 | (14 | (15 | !16)))) | !11) | !10) | !9))) | !6) | !5)) | !3) | !2)))) & (!(19 | 20))] 1
--END--
Synthesis took:  109204.85067367554 ms
