Processing program.
spec contains 3 APs (['decntx', 'incntx', 'goal'])
simplified !FALSE (len 6) to True (len 4)
True
Starting abstract synthesis loop.
adding  to predicate abstraction
constructing LTL abstraction
ltl abstraction took: 0.0009644031524658203
running LTL synthesis
massaging abstract counterstrategy
checking for compatibility of counterstrategy with program
trying fairness refinement
trying safety refinement
adding (4 >= resource), (4 <= resource) to predicate abstraction
constructing LTL abstraction
ltl abstraction took: 0.0014743804931640625
running LTL synthesis
massaging abstract counterstrategy
checking for compatibility of counterstrategy with program
trying fairness refinement
trying safety refinement
adding (x >= 0), (x <= 0) to predicate abstraction
constructing LTL abstraction
ltl abstraction took: 0.001031637191772461
running LTL synthesis
massaging abstract counterstrategy
checking for compatibility of counterstrategy with program
trying fairness refinement
Structural Refinement: 
entry_cond:TRUE
exit_cond:(x <= 0)
loop:(x := (x - 1))
adding (x = (x_prev - 1)), (x = x_prev) to predicate abstraction
constructing LTL abstraction
ltl abstraction took: 0.0010471343994140625
running LTL synthesis
massaging abstract counterstrategy
checking for compatibility of counterstrategy with program
trying fairness refinement
trying safety refinement
adding (3 <= resource) to predicate abstraction
constructing LTL abstraction
ltl abstraction took: 0.0011630058288574219
running LTL synthesis
massaging abstract counterstrategy
checking for compatibility of counterstrategy with program
trying fairness refinement
trying safety refinement
adding (2 <= resource) to predicate abstraction
constructing LTL abstraction
ltl abstraction took: 0.0013642311096191406
running LTL synthesis
massaging abstract counterstrategy
checking for compatibility of counterstrategy with program
trying fairness refinement
trying safety refinement
adding (1 <= resource) to predicate abstraction
constructing LTL abstraction
ltl abstraction took: 0.0009367465972900391
running LTL synthesis
massaging abstract counterstrategy
checking for compatibility of counterstrategy with program
trying fairness refinement
trying safety refinement
adding (0 <= resource) to predicate abstraction
constructing LTL abstraction
ltl abstraction took: 0.0009496212005615234
running LTL synthesis
massaging abstract counterstrategy
checking for compatibility of counterstrategy with program
Unrealizable.
digraph MooreMachine {
	graph [nodesep=0.5 overlap=scalexy ranksep=0.8 splines=true]
	node [shape=circle]
	edge [fontname=mono]
	init [label="" shape=point]
	st_14 [label="(!goal & !in_loop0_0 & !pred__3_LTEQ_resource_ & !decntx & !pred__x_EQ__xprev_MINUS_1__ & !unsafe & !pred__2_LTEQ_resource_ & !pred__4_LTEQ_resource_ & !incntx & !movetarg & !inc & pred__x_EQ_xprev_ & pred__4_GTEQ_resource_ & pred__0_LTEQ_resource_ & setntx & pred__x_GTEQ_0_ & pred__1_LTEQ_resource_ & pred__x_LTEQ_0_)"]
	st_15 [label="(!goal & !in_loop0_0 & !pred__1_LTEQ_resource_ & !pred__3_LTEQ_resource_ & !pred__x_EQ__xprev_MINUS_1__ & !setntx & !unsafe & !pred__2_LTEQ_resource_ & !pred__4_LTEQ_resource_ & !incntx & !movetarg & !stay & pred__x_EQ_xprev_ & pred__4_GTEQ_resource_ & pred__0_LTEQ_resource_ & decntx & pred__x_GTEQ_0_ & pred__x_LTEQ_0_)"]
	st_16 [label="(!goal & !in_loop0_0 & !pred__1_LTEQ_resource_ & !pred__3_LTEQ_resource_ & !decntx & !pred__x_EQ__xprev_MINUS_1__ & !setntx & !unsafe & !pred__2_LTEQ_resource_ & !pred__4_LTEQ_resource_ & !incntx & movetarg & pred__4_GTEQ_resource_ & pred__x_EQ_xprev_ & pred__0_LTEQ_resource_ & pred__x_GTEQ_0_ & pred__x_LTEQ_0_)"]
	st_18 [label="(!goal & !in_loop0_0 & !pred__1_LTEQ_resource_ & !pred__3_LTEQ_resource_ & !decntx & !pred__x_EQ__xprev_MINUS_1__ & !unsafe & !pred__2_LTEQ_resource_ & !pred__4_LTEQ_resource_ & !incntx & !movetarg & !inc & pred__x_EQ_xprev_ & pred__4_GTEQ_resource_ & pred__0_LTEQ_resource_ & setntx & pred__x_GTEQ_0_ & pred__x_LTEQ_0_)"]
	st_22 [label="(!goal & !in_loop0_0 & !pred__1_LTEQ_resource_ & !pred__3_LTEQ_resource_ & !decntx & !pred__x_EQ__xprev_MINUS_1__ & !setntx & !pred__2_LTEQ_resource_ & !pred__0_LTEQ_resource_ & !pred__4_LTEQ_resource_ & !incntx & !movetarg & pred__4_GTEQ_resource_ & pred__x_EQ_xprev_ & unsafe & pred__x_GTEQ_0_ & pred__x_LTEQ_0_)"]
	st_20 [label="(!goal & !in_loop0_0 & !pred__1_LTEQ_resource_ & !pred__3_LTEQ_resource_ & !decntx & !pred__x_EQ__xprev_MINUS_1__ & !setntx & !unsafe & !pred__2_LTEQ_resource_ & !pred__0_LTEQ_resource_ & !pred__4_LTEQ_resource_ & !incntx & movetarg & pred__4_GTEQ_resource_ & pred__x_EQ_xprev_ & pred__x_GTEQ_0_ & pred__x_LTEQ_0_)"]
	st_11 [label="(!goal & !in_loop0_0 & !pred__3_LTEQ_resource_ & !pred__x_EQ__xprev_MINUS_1__ & !setntx & !unsafe & !pred__2_LTEQ_resource_ & !pred__4_LTEQ_resource_ & !incntx & !movetarg & !stay & pred__x_EQ_xprev_ & pred__4_GTEQ_resource_ & pred__0_LTEQ_resource_ & decntx & pred__x_GTEQ_0_ & pred__1_LTEQ_resource_ & pred__x_LTEQ_0_)"]
	st_13 [label="(!in_loop0_0 & !pred__3_LTEQ_resource_ & !decntx & !pred__x_EQ__xprev_MINUS_1__ & !setntx & !unsafe & !pred__2_LTEQ_resource_ & !pred__4_LTEQ_resource_ & !incntx & !movetarg & pred__4_GTEQ_resource_ & pred__x_EQ_xprev_ & pred__0_LTEQ_resource_ & pred__x_GTEQ_0_ & pred__1_LTEQ_resource_ & pred__x_LTEQ_0_ & goal)"]
	st_12 [label="(!goal & !in_loop0_0 & !pred__3_LTEQ_resource_ & !decntx & !pred__x_EQ__xprev_MINUS_1__ & !setntx & !unsafe & !pred__2_LTEQ_resource_ & !pred__4_LTEQ_resource_ & !incntx & movetarg & pred__4_GTEQ_resource_ & pred__x_EQ_xprev_ & pred__0_LTEQ_resource_ & pred__x_GTEQ_0_ & pred__1_LTEQ_resource_ & pred__x_LTEQ_0_)"]
	st_7 [label="(!goal & !in_loop0_0 & !pred__3_LTEQ_resource_ & !pred__x_EQ__xprev_MINUS_1__ & !setntx & !unsafe & !pred__4_LTEQ_resource_ & !incntx & !movetarg & !stay & pred__x_EQ_xprev_ & pred__4_GTEQ_resource_ & pred__0_LTEQ_resource_ & pred__2_LTEQ_resource_ & decntx & pred__x_GTEQ_0_ & pred__1_LTEQ_resource_ & pred__x_LTEQ_0_)"]
	st_17 [label="(!in_loop0_0 & !pred__1_LTEQ_resource_ & !pred__3_LTEQ_resource_ & !decntx & !pred__x_EQ__xprev_MINUS_1__ & !setntx & !unsafe & !pred__2_LTEQ_resource_ & !pred__4_LTEQ_resource_ & !incntx & !movetarg & pred__4_GTEQ_resource_ & pred__x_EQ_xprev_ & pred__0_LTEQ_resource_ & pred__x_GTEQ_0_ & pred__x_LTEQ_0_ & goal)"]
	st_0 [label="(!goal & !in_loop0_0 & !decntx & !pred__x_EQ__xprev_MINUS_1__ & !setntx & !unsafe & !incntx & !pred__x_EQ_xprev_ & pred__4_GTEQ_resource_ & movetarg & pred__4_LTEQ_resource_ & pred__0_LTEQ_resource_ & pred__2_LTEQ_resource_ & pred__3_LTEQ_resource_ & pred__x_GTEQ_0_ & pred__1_LTEQ_resource_ & pred__x_LTEQ_0_)"]
	st_10 [label="(!goal & !in_loop0_0 & !pred__3_LTEQ_resource_ & !decntx & !pred__x_EQ__xprev_MINUS_1__ & !unsafe & !pred__4_LTEQ_resource_ & !incntx & !movetarg & !inc & pred__x_EQ_xprev_ & pred__4_GTEQ_resource_ & pred__0_LTEQ_resource_ & pred__2_LTEQ_resource_ & setntx & pred__x_GTEQ_0_ & pred__1_LTEQ_resource_ & pred__x_LTEQ_0_)"]
	st_4 [label="(!goal & !in_loop0_0 & !decntx & !pred__x_EQ__xprev_MINUS_1__ & !setntx & !unsafe & !pred__4_LTEQ_resource_ & !incntx & movetarg & pred__4_GTEQ_resource_ & pred__x_EQ_xprev_ & pred__0_LTEQ_resource_ & pred__2_LTEQ_resource_ & pred__3_LTEQ_resource_ & pred__x_GTEQ_0_ & pred__1_LTEQ_resource_ & pred__x_LTEQ_0_)"]
	st_2 [label="(!goal & !in_loop0_0 & !decntx & !pred__x_EQ__xprev_MINUS_1__ & !unsafe & !incntx & !movetarg & !inc & pred__x_EQ_xprev_ & pred__4_GTEQ_resource_ & pred__4_LTEQ_resource_ & pred__0_LTEQ_resource_ & pred__2_LTEQ_resource_ & setntx & pred__3_LTEQ_resource_ & pred__x_GTEQ_0_ & pred__1_LTEQ_resource_ & pred__x_LTEQ_0_)"]
	st_21 [label="(!in_loop0_0 & !pred__1_LTEQ_resource_ & !pred__3_LTEQ_resource_ & !decntx & !pred__x_EQ__xprev_MINUS_1__ & !setntx & !unsafe & !pred__2_LTEQ_resource_ & !pred__0_LTEQ_resource_ & !pred__4_LTEQ_resource_ & !incntx & !movetarg & pred__4_GTEQ_resource_ & pred__x_EQ_xprev_ & pred__x_GTEQ_0_ & pred__x_LTEQ_0_ & goal)"]
	st_8 [label="(!goal & !in_loop0_0 & !pred__3_LTEQ_resource_ & !decntx & !pred__x_EQ__xprev_MINUS_1__ & !setntx & !unsafe & !pred__4_LTEQ_resource_ & !incntx & movetarg & pred__4_GTEQ_resource_ & pred__x_EQ_xprev_ & pred__0_LTEQ_resource_ & pred__2_LTEQ_resource_ & pred__x_GTEQ_0_ & pred__1_LTEQ_resource_ & pred__x_LTEQ_0_)"]
	st_19 [label="(!goal & !in_loop0_0 & !pred__1_LTEQ_resource_ & !pred__3_LTEQ_resource_ & !pred__x_EQ__xprev_MINUS_1__ & !setntx & !unsafe & !pred__2_LTEQ_resource_ & !pred__0_LTEQ_resource_ & !pred__4_LTEQ_resource_ & !incntx & !movetarg & !stay & pred__x_EQ_xprev_ & pred__4_GTEQ_resource_ & decntx & pred__x_GTEQ_0_ & pred__x_LTEQ_0_)"]
	st_6 [label="(!goal & !in_loop0_0 & !decntx & !pred__x_EQ__xprev_MINUS_1__ & !unsafe & !pred__4_LTEQ_resource_ & !incntx & !movetarg & !inc & pred__x_EQ_xprev_ & pred__4_GTEQ_resource_ & pred__0_LTEQ_resource_ & pred__2_LTEQ_resource_ & setntx & pred__3_LTEQ_resource_ & pred__x_GTEQ_0_ & pred__1_LTEQ_resource_ & pred__x_LTEQ_0_)"]
	st_1 [label="(!in_loop0_0 & !decntx & !pred__x_EQ__xprev_MINUS_1__ & !setntx & !unsafe & !incntx & !movetarg & pred__4_GTEQ_resource_ & pred__x_EQ_xprev_ & pred__4_LTEQ_resource_ & pred__0_LTEQ_resource_ & pred__2_LTEQ_resource_ & pred__3_LTEQ_resource_ & pred__x_GTEQ_0_ & pred__1_LTEQ_resource_ & pred__x_LTEQ_0_ & goal)"]
	st_9 [label="(!in_loop0_0 & !pred__3_LTEQ_resource_ & !decntx & !pred__x_EQ__xprev_MINUS_1__ & !setntx & !unsafe & !pred__4_LTEQ_resource_ & !incntx & !movetarg & pred__4_GTEQ_resource_ & pred__x_EQ_xprev_ & pred__0_LTEQ_resource_ & pred__2_LTEQ_resource_ & pred__x_GTEQ_0_ & pred__1_LTEQ_resource_ & pred__x_LTEQ_0_ & goal)"]
	st_5 [label="(!in_loop0_0 & !decntx & !pred__x_EQ__xprev_MINUS_1__ & !setntx & !unsafe & !pred__4_LTEQ_resource_ & !incntx & !movetarg & pred__4_GTEQ_resource_ & pred__x_EQ_xprev_ & pred__0_LTEQ_resource_ & pred__2_LTEQ_resource_ & pred__3_LTEQ_resource_ & pred__x_GTEQ_0_ & pred__1_LTEQ_resource_ & pred__x_LTEQ_0_ & goal)"]
	st_3 [label="(!goal & !in_loop0_0 & !pred__x_EQ__xprev_MINUS_1__ & !setntx & !unsafe & !pred__4_LTEQ_resource_ & !incntx & !movetarg & !stay & pred__x_EQ_xprev_ & pred__4_GTEQ_resource_ & pred__0_LTEQ_resource_ & pred__2_LTEQ_resource_ & decntx & pred__3_LTEQ_resource_ & pred__x_GTEQ_0_ & pred__1_LTEQ_resource_ & pred__x_LTEQ_0_)"]
	init -> st_0 [style=solid]
	st_0 -> st_1 [label=TRUE]
	st_1 -> st_2 [label=TRUE]
	st_2 -> st_3 [label=TRUE]
	st_3 -> st_4 [label=TRUE]
	st_4 -> st_5 [label=TRUE]
	st_5 -> st_6 [label=TRUE]
	st_6 -> st_7 [label=TRUE]
	st_7 -> st_8 [label=TRUE]
	st_8 -> st_9 [label=TRUE]
	st_9 -> st_10 [label=TRUE]
	st_10 -> st_11 [label=TRUE]
	st_11 -> st_12 [label=TRUE]
	st_12 -> st_13 [label=TRUE]
	st_13 -> st_14 [label=TRUE]
	st_14 -> st_15 [label=TRUE]
	st_15 -> st_16 [label=TRUE]
	st_16 -> st_17 [label=TRUE]
	st_17 -> st_18 [label=TRUE]
	st_18 -> st_19 [label=TRUE]
	st_19 -> st_20 [label=TRUE]
	st_20 -> st_21 [label=TRUE]
	st_21 -> st_22 [label=TRUE]
	st_22 -> st_22 [label=TRUE]
}
Synthesis took:  119899.04189109802 ms
