Processing program.
spec contains 2 APs (['l01', 'start'])
Starting abstract synthesis loop.
adding  to predicate abstraction
constructing LTL abstraction
ltl abstraction took: 0.001132965087890625
running LTL synthesis
massaging abstract counterstrategy
checking for compatibility of counterstrategy with program
Unrealizable.
digraph MooreMachine {
	graph [nodesep=0.5 overlap=scalexy ranksep=0.8 splines=true]
	node [shape=circle]
	edge [fontname=mono]
	init [label="" shape=point]
	st_2 [label="(!l32 & !l & !l01 & !l12 & !l22 & !l21 & !l02 & !l31 & l11)"]
	st_0 [label="(!l32 & !l01 & !l12 & !l22 & !l21 & !l02 & !l11 & !l31 & start & l)"]
	st_3 [label="(!l32 & !l & !l01 & !l12 & !l22 & !l02 & !l11 & !l31 & l21)"]
	st_1 [label="(!l32 & !l & !l12 & !l22 & !l21 & !l02 & !l11 & !l31 & l01)"]
	st_4 [label="(!l32 & !l & !l01 & !l12 & !l22 & !l21 & !l02 & !l11 & l31)"]
	init -> st_0 [style=solid]
	st_0 -> st_1 [label=TRUE]
	st_1 -> st_2 [label=TRUE]
	st_2 -> st_3 [label=cdec]
	st_2 -> st_2 [label="!cdec"]
	st_3 -> st_4 [label=TRUE]
	st_4 -> st_4 [label=TRUE]
}
Synthesis took:  655.4970741271973 ms
