Processing program.
spec contains 2 APs (['setsignal', 'goal'])
simplified !((inc && dec) | (!inc & dec & ((signal - 1) >= 0) & ((signal - 1) <= 50)) | (inc & !dec & ((signal + 1) >= 0) & ((signal + 1) <= 50))) (len 135) to ((!((((!(signal <= 50) & (0 <= signal)) | !(0 <= signal)) & !dec) | ((((!(signal <= 50) | (((signal - 1) <= 50) & (1 <= signal) & (signal <= 50))) & (0 <= signal)) | !(0 <= signal)) & dec)) & !inc) | (inc & !(((!(0 <= signal) | ((!(signal <= 50) | (((signal + 1) <= 50) & (0 <= (signal + 1)) & (signal <= 50))) & (0 <= signal))) & !dec) | dec))) (len 345)
((!((((!(signal <= 50) & (0 <= signal)) | !(0 <= signal)) & !dec) | ((((!(signal <= 50) | (((signal - 1) <= 50) & (1 <= signal) & (signal <= 50))) & (0 <= signal)) | !(0 <= signal)) & dec)) & !inc) | (inc & !(((!(0 <= signal) | ((!(signal <= 50) | (((signal + 1) <= 50) & (0 <= (signal + 1)) & (signal <= 50))) & (0 <= signal))) & !dec) | dec)))
Starting abstract synthesis loop.
adding (0 <= (at_floor - 1)), ((target_prev - at_floor_prev) > (target - at_floor)), (at_floor_prev > at_floor), (target <= at_floor), ((signal + 1) <= 50), (target_prev < target), (at_floor <= target), (signal <= 1), (0 <= (signal - 1)), ((target_prev - at_floor_prev) < (target - at_floor)), ((at_floor_prev - target_prev) < (at_floor - target)), (signal_prev > signal), ((at_floor + 1) <= 50), (target_prev > target), (signal_prev < signal), ((at_floor_prev - target_prev) > (at_floor - target)), (at_floor_prev < at_floor) to predicate abstraction
constructing LTL abstraction
ltl abstraction took: 0.0027222633361816406
running LTL synthesis
Realizable.
REALIZABLE
HOA: v1
tool: "strix" "21.0.0"
States: 1
Start: 0
AP: 24 "pred___atfloorprev_MINUS_targetprev__LT__atfloor_MINUS_target__" "pred__atfloor_LTEQ_target_" "pred__signalprev_LT_signal_" "pred__0_LTEQ__atfloor_MINUS_1__" "pred__signalprev_GT_signal_" "pred__target_LTEQ_atfloor_" "pred___atfloor_PLUS_1__LTEQ_50_" "pred__atfloorprev_GT_atfloor_" "pred___targetprev_MINUS_atfloorprev__GT__target_MINUS_atfloor__" "pred___atfloorprev_MINUS_targetprev__GT__atfloor_MINUS_target__" "pred__0_LTEQ__signal_MINUS_1__" "pred___targetprev_MINUS_atfloorprev__LT__target_MINUS_atfloor__" "pred__targetprev_GT_target_" "pred___signal_PLUS_1__LTEQ_50_" "setsignal" "pred__signal_LTEQ_1_" "goal" "pred__atfloorprev_LT_atfloor_" "move" "pred__targetprev_LT_target_" "dec" "inc" "cdec" "cinc"
controllable-AP: 22 23
acc-name: all
Acceptance: 0 t
--BODY--
State: 0 "[0]"
[(0 & (1 & (2 | ((4 | (5 & (7 | ((9 | ((11 | (12 | (13 & (14 | (16 | ((19 | !18) | !17))) | !13 & (14 | (15 | (16 | ((19 | !18) | !17))))))) | !10)) | !8)) | !5 & ((7 | ((9 | ((11 | (12 | (13 & (14 | (16 | ((19 | !18) | !17))) | !13 & (14 | (15 | (16 | ((19 | !18) | !17))))))) | !10)) | !8)) | !6))) | !3)) | !1 & (2 | ((4 | ((7 | ((9 | ((11 | (((14 | (16 | (17 | (19 | !18)))) | !13) | !12)) | !10)) | !8)) | !5)) | !3))) | !0 & (1 & (2 & (3 & (4 | ((7 | (8 | (9 | ((11 | (12 | (13 & ((16 | (17 | (18 | 19))) | !14) | !13 & ((15 | (16 | (17 | (18 | 19)))) | !14)))) | !10)))) | !5)) | !3 & (4 | (((7 | (8 | (9 | ((11 | (12 | (13 & ((16 | (17 | (18 | 19))) | !14) | !13 & ((15 | (16 | (17 | (18 | 19)))) | !14)))) | !10)))) | !6) | !5))) | !2 & (3 & (4 & ((7 | (8 | (9 | (10 & (11 | (12 | (((16 | (17 | (18 | 19))) | !14) | !13))) | !10 & (11 | (12 | ((((16 | (17 | (18 | 19))) | !15) | !14) | !13))))))) | !5) | !4 & (5 & (6 & (7 & (8 | ((((12 | ((14 | (16 | (17 | (19 | !18)))) | !13)) | !11) | !10) | !9)) | !7 & (8 | (9 & (((12 | (13 & (14 | (16 | (17 | !(18 & 19)))) | !13 & (14 | (15 | (16 | (17 | !(18 & 19))))))) | !11) | !10) | !9 & (10 & (11 | (12 | (13 & (14 & (16 | (17 | (18 | 19))) | !14 & (16 & (17 | (18 | 19)) | !16 & (17 | (19 | !18)))) | !13 & (14 & (15 | (16 | (17 | (18 | 19)))) | !14 & (15 | (16 & (17 | (18 | 19)) | !16 & (17 | (19 | !18)))))))) | !10 & (11 | (12 | ((14 & ((16 | (17 | (18 | 19))) | !15) | !14 & (((17 | (18 | 19)) | !16) | !15)) | !13))))))) | !6 & (7 | (8 | (9 | (10 & (11 | (12 | (13 & (14 & (16 | (17 | (18 | 19))) | !14 & (16 & (17 | (18 | 19)) | !16 & (17 | (19 | !18)))) | !13 & (14 & (15 | (16 | (17 | (18 | 19)))) | !14 & (15 | (16 & (17 | (18 | 19)) | !16 & (17 | (19 | !18)))))))) | !10 & (11 | (12 | ((14 & ((16 | (17 | (18 | 19))) | !15) | !14 & (((17 | (18 | 19)) | !16) | !15)) | !13)))))))) | !5 & ((7 | (8 | ((((12 | (13 & (14 | (16 | (17 | !(18 & 19)))) | !13 & (14 | (15 | (16 | (17 | !(18 & 19))))))) | !11) | !10) | !9))) | !6))) | !3 & (4 & (((7 | (8 | (9 | (10 & (11 | (12 | (((16 | (17 | (18 | 19))) | !14) | !13))) | !10 & (11 | (12 | ((((16 | (17 | (18 | 19))) | !15) | !14) | !13))))))) | !6) | !5) | !4 & (5 & ((7 & (8 | ((((12 | ((14 | (16 | (17 | (19 | !18)))) | !13)) | !11) | !10) | !9)) | !7 & (8 | (9 | (10 & (11 | (12 | (13 & (14 & (16 | (17 | (18 | 19))) | !14 & (16 & (17 | (18 | 19)) | !16 & (17 | (19 | !18)))) | !13 & (14 & (15 | (16 | (17 | (18 | 19)))) | !14 & (15 | (16 & (17 | (18 | 19)) | !16 & (17 | (19 | !18)))))))) | !10 & (11 | (12 | ((14 & ((16 | (17 | (18 | 19))) | !15) | !14 & (((17 | (18 | 19)) | !16) | !15)) | !13))))))) | !6) | !5 & ((7 | (8 | ((((12 | (13 & (14 | (16 | (17 | !(18 & 19)))) | !13 & (14 | (15 | (16 | (17 | !(18 & 19))))))) | !11) | !10) | !9))) | !6))))) | !1 & (2 & ((4 | (((7 | (8 | (9 | ((11 | (12 | (13 & ((16 | (17 | (18 | 19))) | !14) | !13 & ((15 | (16 | (17 | (18 | 19)))) | !14)))) | !10)))) | !6) | !5)) | !3) | !2 & ((4 & (((7 | (8 | (9 | (10 & (11 | (12 | (((16 | (17 | (18 | 19))) | !14) | !13))) | !10 & (11 | (12 | ((((16 | (17 | (18 | 19))) | !15) | !14) | !13))))))) | !6) | !5) | !4 & (((7 & (8 | ((((12 | ((14 | (16 | (17 | (19 | !18)))) | !13)) | !11) | !10) | !9)) | !7 & (8 | (9 & (((12 | ((14 | (16 | (17 | !(18 & 19)))) | !13)) | !11) | !10) | !9 & (10 & (11 | (12 | (13 & (14 & (16 | (17 | (18 | 19))) | !14 & (16 & (17 | (18 | 19)) | !16 & (17 | (19 | !18)))) | !13 & (14 & (15 | (16 | (17 | (18 | 19)))) | !14 & (15 | ((17 | (18 | 19)) | !16)))))) | !10 & (11 | (12 | ((14 & ((16 | (17 | (18 | 19))) | !15) | !14 & (((17 | (18 | 19)) | !16) | !15)) | !13))))))) | !6) | !5)) | !3)))) & (t)] 0
[(!(0 | (1 | (2 | ((4 | (((7 | (8 | (9 | (10 | (11 | (12 | ((((16 | (17 | (18 | (19 | 21)))) | !15) | !14) | !13))))))) | !6) | !5)) | !3))))) & (t)] 0
[(!(0 | (1 | (2 | ((4 | (((7 | (8 | (9 | (10 | (11 | (12 | ((((16 | (17 | (18 | (19 | (20 | !21))))) | !15) | !14) | !13))))))) | !6) | !5)) | !3))))) & (t)] 0
[(!(0 | (1 | (2 | ((4 | (((7 | (8 | (9 | (10 | (11 | (12 | ((((16 | (17 | (18 | (19 | !(20 & 21))))) | !15) | !14) | !13))))))) | !6) | !5)) | !3))))) & (t)] 0
[(!(0 | (1 | (((4 | (((7 | (8 | (9 | ((11 | (12 | ((((16 | (17 | (18 | (19 | (20 | 21))))) | !15) | !14) | !13))) | !10)))) | !6) | !5)) | !3) | !2)))) & (t)] 0
[(!(0 | (1 | (((4 | (((7 | (8 | (9 | ((11 | (12 | ((((16 | (17 | (18 | (19 | (20 | !21))))) | !15) | !14) | !13))) | !10)))) | !6) | !5)) | !3) | !2)))) & (t)] 0
[(!(0 | (1 | (((4 | (((7 | (8 | (9 | ((11 | (12 | ((((16 | (17 | (18 | (19 | (21 | !20))))) | !15) | !14) | !13))) | !10)))) | !6) | !5)) | !3) | !2)))) & (t)] 0
[(!(0 | (1 | (((4 | (((7 | (8 | (9 | ((11 | (12 | ((((16 | (17 | (18 | (19 | !(20 & 21))))) | !15) | !14) | !13))) | !10)))) | !6) | !5)) | !3) | !2)))) & (t)] 0
[(!(0 | (1 | (2 | ((4 | (((7 | (8 | (9 | (10 | (11 | (12 | ((14 | (((17 | (18 | 19)) | !16) | !15)) | !13))))))) | !6) | !5)) | !3))))) & (t)] 0
[(!(0 | (1 | (2 | ((4 | (((7 | (8 | (9 | ((11 | (12 | ((((16 | (17 | (18 | (19 | (20 | 21))))) | !15) | !14) | !13))) | !10)))) | !6) | !5)) | !3))))) & (t)] 0
[(!(0 | (1 | (2 | ((4 | (((7 | (8 | (9 | ((11 | (12 | ((((16 | (17 | (18 | (19 | (20 | !21))))) | !15) | !14) | !13))) | !10)))) | !6) | !5)) | !3))))) & (t)] 0
[(!(0 | (1 | (2 | ((4 | (((7 | (8 | (9 | ((11 | (12 | ((((16 | (17 | (18 | (19 | (21 | !20))))) | !15) | !14) | !13))) | !10)))) | !6) | !5)) | !3))))) & (t)] 0
[(!(0 | (1 | (2 | ((4 | (((7 | (8 | (9 | ((11 | (12 | ((((16 | (17 | (18 | (19 | !(20 & 21))))) | !15) | !14) | !13))) | !10)))) | !6) | !5)) | !3))))) & (t)] 0
[(!(0 | (1 | (((4 | (((7 | (8 | (9 | ((11 | (12 | (((15 | (16 | (17 | (18 | (19 | (20 | 21)))))) | !14) | !13))) | !10)))) | !6) | !5)) | !3) | !2)))) & (t)] 0
[(!(0 | (1 | (((4 | (((7 | (8 | (9 | ((11 | (12 | (((15 | (16 | (17 | (18 | (19 | (20 | !21)))))) | !14) | !13))) | !10)))) | !6) | !5)) | !3) | !2)))) & (t)] 0
[(!(0 | (1 | (((4 | (((7 | (8 | (9 | ((11 | (12 | (((15 | (16 | (17 | (18 | (19 | (21 | !20)))))) | !14) | !13))) | !10)))) | !6) | !5)) | !3) | !2)))) & (t)] 0
[(!(0 | (1 | (((4 | (((7 | (8 | (9 | ((11 | (12 | (((15 | (16 | (17 | (18 | (19 | !(20 & 21)))))) | !14) | !13))) | !10)))) | !6) | !5)) | !3) | !2)))) & (t)] 0
[(!(0 | (1 | (2 | (((((7 | (8 | (9 | (10 | (11 | (12 | ((((16 | (17 | (18 | (19 | 21)))) | !15) | !14) | !13))))))) | !6) | !5) | !4) | !3))))) & (t)] 0
[(!(0 | (1 | (2 | (((((7 | (8 | (9 | (10 | (11 | (12 | ((((16 | (17 | (18 | (19 | (20 | !21))))) | !15) | !14) | !13))))))) | !6) | !5) | !4) | !3))))) & (t)] 0
[(!(0 | (1 | (2 | (((((7 | (8 | (9 | (10 | (11 | (12 | ((((16 | (17 | (18 | (19 | !(20 & 21))))) | !15) | !14) | !13))))))) | !6) | !5) | !4) | !3))))) & (t)] 0
[(!(0 | (1 | (2 | ((4 | (((7 | (8 | (9 | ((11 | (12 | ((14 | (((17 | (18 | 19)) | !16) | !15)) | !13))) | !10)))) | !6) | !5)) | !3))))) & (t)] 0
[(!(0 | (1 | (2 | ((4 | (((7 | (8 | (9 | ((11 | (12 | (((15 | (16 | (17 | (18 | (19 | (20 | 21)))))) | !14) | !13))) | !10)))) | !6) | !5)) | !3))))) & (t)] 0
[(!(0 | (1 | (2 | ((4 | (((7 | (8 | (9 | ((11 | (12 | (((15 | (16 | (17 | (18 | (19 | (20 | !21)))))) | !14) | !13))) | !10)))) | !6) | !5)) | !3))))) & (t)] 0
[(!(0 | (1 | (2 | ((4 | (((7 | (8 | (9 | ((11 | (12 | (((15 | (16 | (17 | (18 | (19 | (21 | !20)))))) | !14) | !13))) | !10)))) | !6) | !5)) | !3))))) & (t)] 0
[(!(0 | (1 | (2 | ((4 | (((7 | (8 | (9 | ((11 | (12 | (((15 | (16 | (17 | (18 | (19 | !(20 & 21)))))) | !14) | !13))) | !10)))) | !6) | !5)) | !3))))) & (t)] 0
[(!(0 | (1 | (((4 | (((7 | (8 | (9 | ((11 | (12 | (13 | ((15 | (16 | (17 | (18 | (19 | 20))))) | !14)))) | !10)))) | !6) | !5)) | !3) | !2)))) & (t)] 0
[(!(0 | (1 | (((4 | (((7 | (8 | (9 | ((11 | (12 | (13 | ((15 | (16 | (17 | (18 | (19 | (21 | !20)))))) | !14)))) | !10)))) | !6) | !5)) | !3) | !2)))) & (t)] 0
[(!(0 | (1 | (((4 | (((7 | (8 | (9 | ((11 | (12 | (13 | ((15 | (16 | (17 | (18 | (19 | !(20 & 21)))))) | !14)))) | !10)))) | !6) | !5)) | !3) | !2)))) & (t)] 0
[(!(0 | (1 | (2 | (((((7 | (8 | (9 | ((11 | (12 | (((15 | (16 | (17 | (18 | (19 | (20 | 21)))))) | !14) | !13))) | !10)))) | !6) | !5) | !4) | !3))))) & (t)] 0
[(!(0 | (1 | (2 | (((((7 | (8 | (9 | ((11 | (12 | (((15 | (16 | (17 | (18 | (19 | (20 | !21)))))) | !14) | !13))) | !10)))) | !6) | !5) | !4) | !3))))) & (t)] 0
[(!(0 | (1 | (2 | (((((7 | (8 | (9 | ((11 | (12 | (((15 | (16 | (17 | (18 | (19 | (21 | !20)))))) | !14) | !13))) | !10)))) | !6) | !5) | !4) | !3))))) & (t)] 0
[(!(0 | (1 | (2 | (((((7 | (8 | (9 | ((11 | (12 | (((15 | (16 | (17 | (18 | (19 | !(20 & 21)))))) | !14) | !13))) | !10)))) | !6) | !5) | !4) | !3))))) & (t)] 0
[(!(0 | (1 | (2 | (((((7 | (8 | (9 | ((11 | (12 | ((((16 | (17 | (18 | (19 | (20 | 21))))) | !15) | !14) | !13))) | !10)))) | !6) | !5) | !4) | !3))))) & (t)] 0
[(!(0 | (1 | (2 | (((((7 | (8 | (9 | ((11 | (12 | ((((16 | (17 | (18 | (19 | (20 | !21))))) | !15) | !14) | !13))) | !10)))) | !6) | !5) | !4) | !3))))) & (t)] 0
[(!(0 | (1 | (2 | (((((7 | (8 | (9 | ((11 | (12 | ((((16 | (17 | (18 | (19 | (21 | !20))))) | !15) | !14) | !13))) | !10)))) | !6) | !5) | !4) | !3))))) & (t)] 0
[(!(0 | (1 | (2 | (((((7 | (8 | (9 | ((11 | (12 | ((((16 | (17 | (18 | (19 | !(20 & 21))))) | !15) | !14) | !13))) | !10)))) | !6) | !5) | !4) | !3))))) & (t)] 0
[(!(0 | (1 | (2 | ((4 | (((7 | (8 | (9 | ((11 | (12 | ((14 | (15 | ((17 | (18 | 19)) | !16))) | !13))) | !10)))) | !6) | !5)) | !3))))) & (t)] 0
[(!(0 | (1 | (2 | ((4 | (((7 | (8 | (9 | ((11 | (12 | ((14 | ((16 | (17 | (19 | !18))) | !15)) | !13))) | !10)))) | !6) | !5)) | !3))))) & (!(23 | !22))] 0
[(!(0 | (1 | (2 | ((4 | (((7 | (8 | ((((12 | ((14 | ((16 | (17 | !(18 & 19))) | !15)) | !13)) | !11) | !10) | !9))) | !6) | !5)) | !3))))) & (!(23 | !22))] 0
[(!(0 | ((2 | ((4 | (((7 | (8 | ((((12 | ((14 | ((16 | (17 | !(18 & 19))) | !15)) | !13)) | !11) | !10) | !9))) | !6) | !5)) | !3)) | !1))) & (t)] 0
[(!((1 | (2 | ((4 | (((7 | ((9 | ((11 | (((14 | ((16 | (17 | (19 | !18))) | !15)) | !13) | !12)) | !10)) | !8)) | !6) | !5)) | !3))) | !0)) & (!(23 | !22))] 0
[(!(0 | (1 | (2 | ((4 | (((7 | (8 | (9 | ((11 | (12 | (13 | ((15 | (16 | (17 | (18 | (19 | 20))))) | !14)))) | !10)))) | !6) | !5)) | !3))))) & (t)] 0
[(!(0 | (1 | (2 | ((4 | (((7 | (8 | (9 | ((11 | (12 | (13 | ((15 | (16 | (17 | (18 | (19 | (21 | !20)))))) | !14)))) | !10)))) | !6) | !5)) | !3))))) & (t)] 0
[(!(0 | (1 | (2 | ((4 | (((7 | (8 | (9 | ((11 | (12 | (13 | ((15 | (16 | (17 | (18 | (19 | !(20 & 21)))))) | !14)))) | !10)))) | !6) | !5)) | !3))))) & (t)] 0
[(!(0 | (1 | (2 | ((4 | (((7 | (8 | (9 | ((11 | (12 | (13 | (14 | (15 | ((17 | (18 | 19)) | !16)))))) | !10)))) | !6) | !5)) | !3))))) & (t)] 0
[(!(0 | (1 | (2 | ((4 | (((7 | (8 | (9 | ((11 | (12 | ((14 | (15 | (16 | (17 | (19 | !18))))) | !13))) | !10)))) | !6) | !5)) | !3))))) & (!(23 | !22))] 0
[(!(0 | (1 | (2 | ((4 | (((7 | (8 | ((((12 | ((14 | (15 | (16 | (17 | !(18 & 19))))) | !13)) | !11) | !10) | !9))) | !6) | !5)) | !3))))) & (!(23 | !22))] 0
[(!(0 | ((2 | ((4 | (5 | ((7 | (8 | ((((12 | ((14 | (15 | (16 | (17 | !(18 & 19))))) | !13)) | !11) | !10) | !9))) | !6))) | !3)) | !1))) & (!(22 | !23))] 0
[(!(0 | ((2 | ((4 | (((7 | (8 | ((((12 | ((14 | (15 | (16 | (17 | !(18 & 19))))) | !13)) | !11) | !10) | !9))) | !6) | !5)) | !3)) | !1))) & (t)] 0
[(!((1 | (2 | ((4 | (((7 | ((9 | ((11 | (((14 | (15 | (16 | (17 | (19 | !18))))) | !13) | !12)) | !10)) | !8)) | !6) | !5)) | !3))) | !0)) & (!(23 | !22))] 0
[(!(0 | (1 | (2 | ((4 | ((((8 | ((((12 | ((14 | ((16 | (17 | (19 | !18))) | !15)) | !13)) | !11) | !10) | !9)) | !7) | !6) | !5)) | !3))))) & (!(23 | !22))] 0
[(!(0 | ((2 | (3 | (4 | ((((8 | ((((12 | ((14 | ((16 | (17 | (19 | !18))) | !15)) | !13)) | !11) | !10) | !9)) | !7) | !6) | !5)))) | !1))) & (t)] 0
[(!(0 | ((2 | ((4 | ((((8 | ((((12 | ((14 | ((16 | (17 | (19 | !18))) | !15)) | !13)) | !11) | !10) | !9)) | !7) | !6) | !5)) | !3)) | !1))) & (t)] 0
[(!(0 | ((2 | ((4 | (((7 | (8 | (9 | ((11 | (12 | ((((16 | (17 | (18 | (19 | (20 | 21))))) | !15) | !14) | !13))) | !10)))) | !6) | !5)) | !3)) | !1))) & (t)] 0
[(!(0 | ((2 | ((4 | (((7 | (8 | (9 | ((11 | (12 | ((((16 | (17 | (18 | (19 | (20 | !21))))) | !15) | !14) | !13))) | !10)))) | !6) | !5)) | !3)) | !1))) & (t)] 0
[(!(0 | ((2 | ((4 | (((7 | (8 | (9 | ((11 | (12 | ((((16 | (17 | (18 | (19 | (21 | !20))))) | !15) | !14) | !13))) | !10)))) | !6) | !5)) | !3)) | !1))) & (t)] 0
[(!(0 | ((2 | ((4 | (((7 | (8 | (9 | ((11 | (12 | ((((16 | (17 | (18 | (19 | !(20 & 21))))) | !15) | !14) | !13))) | !10)))) | !6) | !5)) | !3)) | !1))) & (t)] 0
[(!(0 | ((2 | ((4 | (5 | ((7 | (8 | ((((12 | (13 | (14 | (15 | (16 | (17 | !(18 & 19))))))) | !11) | !10) | !9))) | !6))) | !3)) | !1))) & (!(22 | !23))] 0
[(!(0 | ((2 | ((4 | (((7 | (8 | ((((12 | (13 | (14 | (15 | (16 | (17 | !(18 & 19))))))) | !11) | !10) | !9))) | !6) | !5)) | !3)) | !1))) & (t)] 0
[(!(0 | (1 | (2 | ((4 | ((((8 | ((((12 | ((14 | (15 | (16 | (17 | (19 | !18))))) | !13)) | !11) | !10) | !9)) | !7) | !6) | !5)) | !3))))) & (!(23 | !22))] 0
[(!(0 | ((2 | (3 | (4 | ((((8 | ((((12 | ((14 | (15 | (16 | (17 | (19 | !18))))) | !13)) | !11) | !10) | !9)) | !7) | !6) | !5)))) | !1))) & (t)] 0
[(!(0 | ((2 | ((4 | ((((8 | ((((12 | ((14 | (15 | (16 | (17 | (19 | !18))))) | !13)) | !11) | !10) | !9)) | !7) | !6) | !5)) | !3)) | !1))) & (t)] 0
[(!(((2 | ((4 | (5 | ((7 | ((9 | ((11 | (12 | ((14 | (15 | (16 | ((19 | !18) | !17)))) | !13))) | !10)) | !8)) | !6))) | !3)) | !1) | !0)) & (!(22 | !23))] 0
[(!(((2 | ((4 | ((6 | (7 | ((9 | ((11 | (12 | ((14 | (15 | (16 | ((19 | !18) | !17)))) | !13))) | !10)) | !8))) | !5)) | !3)) | !1) | !0)) & (t)] 0
[(!(((2 | ((4 | (((7 | ((9 | ((11 | (12 | ((14 | (15 | (16 | ((19 | !18) | !17)))) | !13))) | !10)) | !8)) | !6) | !5)) | !3)) | !1) | !0)) & (t)] 0
[(!(0 | ((2 | ((4 | (((7 | (8 | (9 | ((11 | (12 | (((15 | (16 | (17 | (18 | (19 | (20 | 21)))))) | !14) | !13))) | !10)))) | !6) | !5)) | !3)) | !1))) & (t)] 0
[(!(0 | ((2 | ((4 | (((7 | (8 | (9 | ((11 | (12 | (((15 | (16 | (17 | (18 | (19 | (20 | !21)))))) | !14) | !13))) | !10)))) | !6) | !5)) | !3)) | !1))) & (t)] 0
[(!(0 | ((2 | ((4 | (((7 | (8 | (9 | ((11 | (12 | (((15 | (16 | (17 | (18 | (19 | (21 | !20)))))) | !14) | !13))) | !10)))) | !6) | !5)) | !3)) | !1))) & (t)] 0
[(!(0 | ((2 | ((4 | (((7 | (8 | (9 | ((11 | (12 | (((15 | (16 | (17 | (18 | (19 | !(20 & 21)))))) | !14) | !13))) | !10)))) | !6) | !5)) | !3)) | !1))) & (t)] 0
[(!(0 | ((2 | (3 | (4 | (((7 | (8 | (9 | ((11 | (12 | ((((16 | (17 | (18 | (19 | (20 | 21))))) | !15) | !14) | !13))) | !10)))) | !6) | !5)))) | !1))) & (t)] 0
[(!(0 | ((2 | (3 | (4 | (((7 | (8 | (9 | ((11 | (12 | ((((16 | (17 | (18 | (19 | (20 | !21))))) | !15) | !14) | !13))) | !10)))) | !6) | !5)))) | !1))) & (t)] 0
[(!(0 | ((2 | (3 | (4 | (((7 | (8 | (9 | ((11 | (12 | ((((16 | (17 | (18 | (19 | (21 | !20))))) | !15) | !14) | !13))) | !10)))) | !6) | !5)))) | !1))) & (t)] 0
[(!(0 | ((2 | (3 | (4 | (((7 | (8 | (9 | ((11 | (12 | ((((16 | (17 | (18 | (19 | !(20 & 21))))) | !15) | !14) | !13))) | !10)))) | !6) | !5)))) | !1))) & (t)] 0
[(!(0 | ((((4 | (((7 | (8 | (9 | ((11 | (12 | (((15 | (16 | (17 | (18 | (19 | (20 | 21)))))) | !14) | !13))) | !10)))) | !6) | !5)) | !3) | !2) | !1))) & (t)] 0
[(!(0 | ((((4 | (((7 | (8 | (9 | ((11 | (12 | (((15 | (16 | (17 | (18 | (19 | (20 | !21)))))) | !14) | !13))) | !10)))) | !6) | !5)) | !3) | !2) | !1))) & (t)] 0
[(!(0 | ((((4 | (((7 | (8 | (9 | ((11 | (12 | (((15 | (16 | (17 | (18 | (19 | (21 | !20)))))) | !14) | !13))) | !10)))) | !6) | !5)) | !3) | !2) | !1))) & (t)] 0
[(!(0 | ((((4 | (((7 | (8 | (9 | ((11 | (12 | (((15 | (16 | (17 | (18 | (19 | !(20 & 21)))))) | !14) | !13))) | !10)))) | !6) | !5)) | !3) | !2) | !1))) & (t)] 0
[(!(0 | ((2 | (((((7 | (8 | (9 | (10 | (11 | (12 | ((((16 | (17 | (18 | (19 | 21)))) | !15) | !14) | !13))))))) | !6) | !5) | !4) | !3)) | !1))) & (t)] 0
[(!(0 | ((2 | (((((7 | (8 | (9 | (10 | (11 | (12 | ((((16 | (17 | (18 | (19 | (20 | !21))))) | !15) | !14) | !13))))))) | !6) | !5) | !4) | !3)) | !1))) & (t)] 0
[(!(0 | ((2 | (((((7 | (8 | (9 | (10 | (11 | (12 | ((((16 | (17 | (18 | (19 | !(20 & 21))))) | !15) | !14) | !13))))))) | !6) | !5) | !4) | !3)) | !1))) & (t)] 0
[(!(0 | ((2 | ((4 | (((7 | (8 | (9 | ((11 | (12 | ((14 | (((17 | (18 | 19)) | !16) | !15)) | !13))) | !10)))) | !6) | !5)) | !3)) | !1))) & (t)] 0
[(!(((2 | ((4 | (5 | ((7 | ((9 | ((11 | (12 | (13 | (14 | (15 | (16 | ((19 | !18) | !17))))))) | !10)) | !8)) | !6))) | !3)) | !1) | !0)) & (!(22 | !23))] 0
[(!(((2 | ((4 | ((6 | (7 | ((9 | ((11 | (12 | (13 | (14 | (15 | (16 | ((19 | !18) | !17))))))) | !10)) | !8))) | !5)) | !3)) | !1) | !0)) & (t)] 0
[(!(((2 | ((4 | (((7 | ((9 | ((11 | (12 | (13 | (14 | (15 | (16 | ((19 | !18) | !17))))))) | !10)) | !8)) | !6) | !5)) | !3)) | !1) | !0)) & (t)] 0
[(!(0 | ((2 | ((4 | (((7 | (8 | (9 | ((11 | (12 | (13 | ((15 | (16 | (17 | (18 | (19 | 20))))) | !14)))) | !10)))) | !6) | !5)) | !3)) | !1))) & (t)] 0
[(!(0 | ((2 | ((4 | (((7 | (8 | (9 | ((11 | (12 | (13 | ((15 | (16 | (17 | (18 | (19 | (21 | !20)))))) | !14)))) | !10)))) | !6) | !5)) | !3)) | !1))) & (t)] 0
[(!(0 | ((2 | ((4 | (((7 | (8 | (9 | ((11 | (12 | (13 | ((15 | (16 | (17 | (18 | (19 | !(20 & 21)))))) | !14)))) | !10)))) | !6) | !5)) | !3)) | !1))) & (t)] 0
[(!(0 | ((2 | (3 | (4 | (((7 | (8 | (9 | ((11 | (12 | (((15 | (16 | (17 | (18 | (19 | (20 | 21)))))) | !14) | !13))) | !10)))) | !6) | !5)))) | !1))) & (t)] 0
[(!(0 | ((2 | (3 | (4 | (((7 | (8 | (9 | ((11 | (12 | (((15 | (16 | (17 | (18 | (19 | (20 | !21)))))) | !14) | !13))) | !10)))) | !6) | !5)))) | !1))) & (t)] 0
[(!(0 | ((2 | (3 | (4 | (((7 | (8 | (9 | ((11 | (12 | (((15 | (16 | (17 | (18 | (19 | (21 | !20)))))) | !14) | !13))) | !10)))) | !6) | !5)))) | !1))) & (t)] 0
[(!(0 | ((2 | (3 | (4 | (((7 | (8 | (9 | ((11 | (12 | (((15 | (16 | (17 | (18 | (19 | !(20 & 21)))))) | !14) | !13))) | !10)))) | !6) | !5)))) | !1))) & (t)] 0
[(!(0 | ((2 | ((4 | ((6 | (7 | (8 | (9 | ((11 | (12 | (((15 | (16 | (17 | (18 | (19 | (20 | 21)))))) | !14) | !13))) | !10))))) | !5)) | !3)) | !1))) & (t)] 0
[(!(0 | ((2 | ((4 | ((6 | (7 | (8 | (9 | ((11 | (12 | (((15 | (16 | (17 | (18 | (19 | (20 | !21)))))) | !14) | !13))) | !10))))) | !5)) | !3)) | !1))) & (t)] 0
[(!(0 | ((2 | ((4 | ((6 | (7 | (8 | (9 | ((11 | (12 | (((15 | (16 | (17 | (18 | (19 | (21 | !20)))))) | !14) | !13))) | !10))))) | !5)) | !3)) | !1))) & (t)] 0
[(!(0 | ((2 | ((4 | ((6 | (7 | (8 | (9 | ((11 | (12 | (((15 | (16 | (17 | (18 | (19 | !(20 & 21)))))) | !14) | !13))) | !10))))) | !5)) | !3)) | !1))) & (t)] 0
[(!(0 | ((((4 | (((7 | (8 | (9 | ((11 | (12 | (13 | ((15 | (16 | (17 | (18 | (19 | 20))))) | !14)))) | !10)))) | !6) | !5)) | !3) | !2) | !1))) & (t)] 0
[(!(0 | ((((4 | (((7 | (8 | (9 | ((11 | (12 | (13 | ((15 | (16 | (17 | (18 | (19 | (21 | !20)))))) | !14)))) | !10)))) | !6) | !5)) | !3) | !2) | !1))) & (t)] 0
[(!(0 | ((((4 | (((7 | (8 | (9 | ((11 | (12 | (13 | ((15 | (16 | (17 | (18 | (19 | !(20 & 21)))))) | !14)))) | !10)))) | !6) | !5)) | !3) | !2) | !1))) & (t)] 0
[(!(0 | ((2 | (((((7 | (8 | (9 | ((11 | (12 | (((15 | (16 | (17 | (18 | (19 | (20 | 21)))))) | !14) | !13))) | !10)))) | !6) | !5) | !4) | !3)) | !1))) & (t)] 0
[(!(0 | ((2 | (((((7 | (8 | (9 | ((11 | (12 | (((15 | (16 | (17 | (18 | (19 | (20 | !21)))))) | !14) | !13))) | !10)))) | !6) | !5) | !4) | !3)) | !1))) & (t)] 0
[(!(0 | ((2 | (((((7 | (8 | (9 | ((11 | (12 | (((15 | (16 | (17 | (18 | (19 | (21 | !20)))))) | !14) | !13))) | !10)))) | !6) | !5) | !4) | !3)) | !1))) & (t)] 0
[(!(0 | ((2 | (((((7 | (8 | (9 | ((11 | (12 | (((15 | (16 | (17 | (18 | (19 | !(20 & 21)))))) | !14) | !13))) | !10)))) | !6) | !5) | !4) | !3)) | !1))) & (t)] 0
[(!(0 | ((2 | (((((7 | (8 | (9 | ((11 | (12 | ((((16 | (17 | (18 | (19 | (20 | 21))))) | !15) | !14) | !13))) | !10)))) | !6) | !5) | !4) | !3)) | !1))) & (t)] 0
[(!(0 | ((2 | (((((7 | (8 | (9 | ((11 | (12 | ((((16 | (17 | (18 | (19 | (20 | !21))))) | !15) | !14) | !13))) | !10)))) | !6) | !5) | !4) | !3)) | !1))) & (t)] 0
[(!(0 | ((2 | (((((7 | (8 | (9 | ((11 | (12 | ((((16 | (17 | (18 | (19 | (21 | !20))))) | !15) | !14) | !13))) | !10)))) | !6) | !5) | !4) | !3)) | !1))) & (t)] 0
[(!(0 | ((2 | (((((7 | (8 | (9 | ((11 | (12 | ((((16 | (17 | (18 | (19 | !(20 & 21))))) | !15) | !14) | !13))) | !10)))) | !6) | !5) | !4) | !3)) | !1))) & (t)] 0
[(!(0 | ((2 | ((4 | (((7 | (8 | (9 | ((11 | (12 | ((14 | (15 | ((17 | (18 | 19)) | !16))) | !13))) | !10)))) | !6) | !5)) | !3)) | !1))) & (t)] 0
[(!(0 | (((3 | (4 | (((7 | (8 | (9 | ((11 | (12 | (((15 | (16 | (17 | (18 | (19 | (20 | 21)))))) | !14) | !13))) | !10)))) | !6) | !5))) | !2) | !1))) & (t)] 0
[(!(0 | (((3 | (4 | (((7 | (8 | (9 | ((11 | (12 | (((15 | (16 | (17 | (18 | (19 | (20 | !21)))))) | !14) | !13))) | !10)))) | !6) | !5))) | !2) | !1))) & (t)] 0
[(!(0 | (((3 | (4 | (((7 | (8 | (9 | ((11 | (12 | (((15 | (16 | (17 | (18 | (19 | (21 | !20)))))) | !14) | !13))) | !10)))) | !6) | !5))) | !2) | !1))) & (t)] 0
[(!(0 | (((3 | (4 | (((7 | (8 | (9 | ((11 | (12 | (((15 | (16 | (17 | (18 | (19 | !(20 & 21)))))) | !14) | !13))) | !10)))) | !6) | !5))) | !2) | !1))) & (t)] 0
[(!(0 | ((2 | (3 | ((((7 | (8 | (9 | (10 | (11 | (12 | ((((16 | (17 | (18 | (19 | 21)))) | !15) | !14) | !13))))))) | !6) | !5) | !4))) | !1))) & (t)] 0
[(!(0 | ((2 | (3 | ((((7 | (8 | (9 | (10 | (11 | (12 | ((((16 | (17 | (18 | (19 | (20 | !21))))) | !15) | !14) | !13))))))) | !6) | !5) | !4))) | !1))) & (t)] 0
[(!(0 | ((2 | (3 | ((((7 | (8 | (9 | (10 | (11 | (12 | ((((16 | (17 | (18 | (19 | !(20 & 21))))) | !15) | !14) | !13))))))) | !6) | !5) | !4))) | !1))) & (t)] 0
[(!(0 | ((2 | (3 | (4 | (((7 | (8 | (9 | ((11 | (12 | ((14 | (((17 | (18 | 19)) | !16) | !15)) | !13))) | !10)))) | !6) | !5)))) | !1))) & (t)] 0
[(!(0 | ((2 | ((4 | (((7 | (8 | (9 | (10 | (11 | (12 | ((((16 | (17 | (18 | (19 | 21)))) | !15) | !14) | !13))))))) | !6) | !5)) | !3)) | !1))) & (t)] 0
[(!(0 | ((2 | ((4 | (((7 | (8 | (9 | (10 | (11 | (12 | ((((16 | (17 | (18 | (19 | (20 | !21))))) | !15) | !14) | !13))))))) | !6) | !5)) | !3)) | !1))) & (t)] 0
[(!(0 | ((2 | ((4 | (((7 | (8 | (9 | (10 | (11 | (12 | ((((16 | (17 | (18 | (19 | !(20 & 21))))) | !15) | !14) | !13))))))) | !6) | !5)) | !3)) | !1))) & (t)] 0
[(!(0 | ((((4 | (((7 | (8 | (9 | ((11 | (12 | ((((16 | (17 | (18 | (19 | (20 | 21))))) | !15) | !14) | !13))) | !10)))) | !6) | !5)) | !3) | !2) | !1))) & (t)] 0
[(!(0 | ((((4 | (((7 | (8 | (9 | ((11 | (12 | ((((16 | (17 | (18 | (19 | (20 | !21))))) | !15) | !14) | !13))) | !10)))) | !6) | !5)) | !3) | !2) | !1))) & (t)] 0
[(!(0 | ((((4 | (((7 | (8 | (9 | ((11 | (12 | ((((16 | (17 | (18 | (19 | (21 | !20))))) | !15) | !14) | !13))) | !10)))) | !6) | !5)) | !3) | !2) | !1))) & (t)] 0
[(!(0 | ((((4 | (((7 | (8 | (9 | ((11 | (12 | ((((16 | (17 | (18 | (19 | !(20 & 21))))) | !15) | !14) | !13))) | !10)))) | !6) | !5)) | !3) | !2) | !1))) & (t)] 0
[(!(0 | ((2 | ((4 | (((7 | (8 | (9 | (10 | (11 | (12 | ((14 | (((17 | (18 | 19)) | !16) | !15)) | !13))))))) | !6) | !5)) | !3)) | !1))) & (t)] 0
[(!(0 | ((2 | ((4 | (5 | ((7 | (8 | ((((12 | ((14 | ((16 | (17 | !(18 & 19))) | !15)) | !13)) | !11) | !10) | !9))) | !6))) | !3)) | !1))) & (!(22 | !23))] 0
[(!(0 | ((2 | ((4 | (((7 | (8 | (9 | ((11 | (12 | ((14 | ((16 | (17 | (19 | !18))) | !15)) | !13))) | !10)))) | !6) | !5)) | !3)) | !1))) & (t)] 0
[(!(0 | ((2 | ((4 | ((6 | (7 | (8 | (9 | ((11 | (12 | (13 | ((15 | (16 | (17 | (18 | (19 | 20))))) | !14)))) | !10))))) | !5)) | !3)) | !1))) & (t)] 0
[(!(0 | ((2 | ((4 | ((6 | (7 | (8 | (9 | ((11 | (12 | (13 | ((15 | (16 | (17 | (18 | (19 | (21 | !20)))))) | !14)))) | !10))))) | !5)) | !3)) | !1))) & (t)] 0
[(!(0 | ((2 | ((4 | ((6 | (7 | (8 | (9 | ((11 | (12 | (13 | ((15 | (16 | (17 | (18 | (19 | !(20 & 21)))))) | !14)))) | !10))))) | !5)) | !3)) | !1))) & (t)] 0
[(!(0 | ((2 | ((4 | (((7 | (8 | (9 | ((11 | (12 | (13 | (14 | (15 | ((17 | (18 | 19)) | !16)))))) | !10)))) | !6) | !5)) | !3)) | !1))) & (t)] 0
[(!(0 | (((3 | (4 | (((7 | (8 | (9 | ((11 | (12 | (13 | ((15 | (16 | (17 | (18 | (19 | 20))))) | !14)))) | !10)))) | !6) | !5))) | !2) | !1))) & (t)] 0
[(!(0 | (((3 | (4 | (((7 | (8 | (9 | ((11 | (12 | (13 | ((15 | (16 | (17 | (18 | (19 | (21 | !20)))))) | !14)))) | !10)))) | !6) | !5))) | !2) | !1))) & (t)] 0
[(!(0 | (((3 | (4 | (((7 | (8 | (9 | ((11 | (12 | (13 | ((15 | (16 | (17 | (18 | (19 | !(20 & 21)))))) | !14)))) | !10)))) | !6) | !5))) | !2) | !1))) & (t)] 0
[(!(0 | ((2 | (3 | ((((7 | (8 | (9 | ((11 | (12 | (((15 | (16 | (17 | (18 | (19 | (20 | 21)))))) | !14) | !13))) | !10)))) | !6) | !5) | !4))) | !1))) & (t)] 0
[(!(0 | ((2 | (3 | ((((7 | (8 | (9 | ((11 | (12 | (((15 | (16 | (17 | (18 | (19 | (20 | !21)))))) | !14) | !13))) | !10)))) | !6) | !5) | !4))) | !1))) & (t)] 0
[(!(0 | ((2 | (3 | ((((7 | (8 | (9 | ((11 | (12 | (((15 | (16 | (17 | (18 | (19 | (21 | !20)))))) | !14) | !13))) | !10)))) | !6) | !5) | !4))) | !1))) & (t)] 0
[(!(0 | ((2 | (3 | ((((7 | (8 | (9 | ((11 | (12 | (((15 | (16 | (17 | (18 | (19 | !(20 & 21)))))) | !14) | !13))) | !10)))) | !6) | !5) | !4))) | !1))) & (t)] 0
[(!(0 | ((2 | (3 | ((((7 | (8 | (9 | ((11 | (12 | ((((16 | (17 | (18 | (19 | (20 | 21))))) | !15) | !14) | !13))) | !10)))) | !6) | !5) | !4))) | !1))) & (t)] 0
[(!(0 | ((2 | (3 | ((((7 | (8 | (9 | ((11 | (12 | ((((16 | (17 | (18 | (19 | (20 | !21))))) | !15) | !14) | !13))) | !10)))) | !6) | !5) | !4))) | !1))) & (t)] 0
[(!(0 | ((2 | (3 | ((((7 | (8 | (9 | ((11 | (12 | ((((16 | (17 | (18 | (19 | (21 | !20))))) | !15) | !14) | !13))) | !10)))) | !6) | !5) | !4))) | !1))) & (t)] 0
[(!(0 | ((2 | (3 | ((((7 | (8 | (9 | ((11 | (12 | ((((16 | (17 | (18 | (19 | !(20 & 21))))) | !15) | !14) | !13))) | !10)))) | !6) | !5) | !4))) | !1))) & (t)] 0
[(!(0 | ((2 | (3 | (4 | (((7 | (8 | (9 | ((11 | (12 | ((14 | (15 | ((17 | (18 | 19)) | !16))) | !13))) | !10)))) | !6) | !5)))) | !1))) & (t)] 0
[(!(0 | ((((4 | ((6 | (7 | (8 | (9 | ((11 | (12 | (13 | ((15 | (16 | (17 | (18 | (19 | 20))))) | !14)))) | !10))))) | !5)) | !3) | !2) | !1))) & (t)] 0
[(!(0 | ((((4 | ((6 | (7 | (8 | (9 | ((11 | (12 | (13 | ((15 | (16 | (17 | (18 | (19 | (21 | !20)))))) | !14)))) | !10))))) | !5)) | !3) | !2) | !1))) & (t)] 0
[(!(0 | ((((4 | ((6 | (7 | (8 | (9 | ((11 | (12 | (13 | ((15 | (16 | (17 | (18 | (19 | !(20 & 21)))))) | !14)))) | !10))))) | !5)) | !3) | !2) | !1))) & (t)] 0
[(!(0 | ((((4 | ((6 | (7 | (8 | (9 | ((11 | (12 | (((15 | (16 | (17 | (18 | (19 | (20 | 21)))))) | !14) | !13))) | !10))))) | !5)) | !3) | !2) | !1))) & (t)] 0
[(!(0 | ((((4 | ((6 | (7 | (8 | (9 | ((11 | (12 | (((15 | (16 | (17 | (18 | (19 | (20 | !21)))))) | !14) | !13))) | !10))))) | !5)) | !3) | !2) | !1))) & (t)] 0
[(!(0 | ((((4 | ((6 | (7 | (8 | (9 | ((11 | (12 | (((15 | (16 | (17 | (18 | (19 | (21 | !20)))))) | !14) | !13))) | !10))))) | !5)) | !3) | !2) | !1))) & (t)] 0
[(!(0 | ((((4 | ((6 | (7 | (8 | (9 | ((11 | (12 | (((15 | (16 | (17 | (18 | (19 | !(20 & 21)))))) | !14) | !13))) | !10))))) | !5)) | !3) | !2) | !1))) & (t)] 0
[(!(0 | ((2 | ((((6 | (7 | (8 | (9 | ((11 | (12 | (((15 | (16 | (17 | (18 | (19 | (20 | 21)))))) | !14) | !13))) | !10))))) | !5) | !4) | !3)) | !1))) & (t)] 0
[(!(0 | ((2 | ((((6 | (7 | (8 | (9 | ((11 | (12 | (((15 | (16 | (17 | (18 | (19 | (20 | !21)))))) | !14) | !13))) | !10))))) | !5) | !4) | !3)) | !1))) & (t)] 0
[(!(0 | ((2 | ((((6 | (7 | (8 | (9 | ((11 | (12 | (((15 | (16 | (17 | (18 | (19 | (21 | !20)))))) | !14) | !13))) | !10))))) | !5) | !4) | !3)) | !1))) & (t)] 0
[(!(0 | ((2 | ((((6 | (7 | (8 | (9 | ((11 | (12 | (((15 | (16 | (17 | (18 | (19 | !(20 & 21)))))) | !14) | !13))) | !10))))) | !5) | !4) | !3)) | !1))) & (t)] 0
[(!(0 | ((2 | ((((6 | (7 | (8 | (9 | ((11 | (12 | ((((16 | (17 | (18 | (19 | (20 | 21))))) | !15) | !14) | !13))) | !10))))) | !5) | !4) | !3)) | !1))) & (t)] 0
[(!(0 | ((2 | ((((6 | (7 | (8 | (9 | ((11 | (12 | ((((16 | (17 | (18 | (19 | (20 | !21))))) | !15) | !14) | !13))) | !10))))) | !5) | !4) | !3)) | !1))) & (t)] 0
[(!(0 | ((2 | ((((6 | (7 | (8 | (9 | ((11 | (12 | ((((16 | (17 | (18 | (19 | (21 | !20))))) | !15) | !14) | !13))) | !10))))) | !5) | !4) | !3)) | !1))) & (t)] 0
[(!(0 | ((2 | ((((6 | (7 | (8 | (9 | ((11 | (12 | ((((16 | (17 | (18 | (19 | !(20 & 21))))) | !15) | !14) | !13))) | !10))))) | !5) | !4) | !3)) | !1))) & (t)] 0
[(!(0 | ((2 | ((4 | ((6 | (7 | (8 | (9 | ((11 | (12 | ((14 | (15 | ((17 | (18 | 19)) | !16))) | !13))) | !10))))) | !5)) | !3)) | !1))) & (t)] 0
[(!(0 | ((2 | ((4 | (((7 | (8 | (9 | ((11 | (12 | ((14 | (15 | (16 | (17 | (19 | !18))))) | !13))) | !10)))) | !6) | !5)) | !3)) | !1))) & (t)] 0
[(!(0 | ((2 | (3 | (4 | (((7 | (8 | (9 | (10 | (11 | (12 | ((((16 | (17 | (18 | (19 | 21)))) | !15) | !14) | !13))))))) | !6) | !5)))) | !1))) & (t)] 0
[(!(0 | ((2 | (3 | (4 | (((7 | (8 | (9 | (10 | (11 | (12 | ((((16 | (17 | (18 | (19 | (20 | !21))))) | !15) | !14) | !13))))))) | !6) | !5)))) | !1))) & (t)] 0
[(!(0 | ((2 | (3 | (4 | (((7 | (8 | (9 | (10 | (11 | (12 | ((((16 | (17 | (18 | (19 | !(20 & 21))))) | !15) | !14) | !13))))))) | !6) | !5)))) | !1))) & (t)] 0
[(!(0 | (((3 | (4 | (((7 | (8 | (9 | ((11 | (12 | ((((16 | (17 | (18 | (19 | (20 | 21))))) | !15) | !14) | !13))) | !10)))) | !6) | !5))) | !2) | !1))) & (t)] 0
[(!(0 | (((3 | (4 | (((7 | (8 | (9 | ((11 | (12 | ((((16 | (17 | (18 | (19 | (20 | !21))))) | !15) | !14) | !13))) | !10)))) | !6) | !5))) | !2) | !1))) & (t)] 0
[(!(0 | (((3 | (4 | (((7 | (8 | (9 | ((11 | (12 | ((((16 | (17 | (18 | (19 | (21 | !20))))) | !15) | !14) | !13))) | !10)))) | !6) | !5))) | !2) | !1))) & (t)] 0
[(!(0 | (((3 | (4 | (((7 | (8 | (9 | ((11 | (12 | ((((16 | (17 | (18 | (19 | !(20 & 21))))) | !15) | !14) | !13))) | !10)))) | !6) | !5))) | !2) | !1))) & (t)] 0
[(!(0 | ((2 | (3 | (4 | (((7 | (8 | (9 | (10 | (11 | (12 | ((14 | (((17 | (18 | 19)) | !16) | !15)) | !13))))))) | !6) | !5)))) | !1))) & (t)] 0
[(!(0 | ((2 | (3 | (4 | (5 | ((7 | (8 | ((((12 | ((14 | ((16 | (17 | !(18 & 19))) | !15)) | !13)) | !11) | !10) | !9))) | !6))))) | !1))) & (!(22 | !23))] 0
[(!(0 | ((2 | (3 | (4 | (((7 | (8 | (9 | ((11 | (12 | ((14 | ((16 | (17 | (19 | !18))) | !15)) | !13))) | !10)))) | !6) | !5)))) | !1))) & (t)] 0
[(!(((2 | ((4 | (5 | ((7 | ((9 | ((11 | (12 | ((14 | ((16 | ((19 | !18) | !17)) | !15)) | !13))) | !10)) | !8)) | !6))) | !3)) | !1) | !0)) & (!(22 | !23))] 0
[(!(((2 | ((4 | ((6 | (7 | ((9 | ((11 | (12 | ((14 | ((16 | ((19 | !18) | !17)) | !15)) | !13))) | !10)) | !8))) | !5)) | !3)) | !1) | !0)) & (t)] 0
[(!(((2 | ((4 | (((7 | ((9 | ((11 | (12 | ((14 | ((16 | ((19 | !18) | !17)) | !15)) | !13))) | !10)) | !8)) | !6) | !5)) | !3)) | !1) | !0)) & (t)] 0
[(!(0 | ((2 | ((4 | ((6 | (7 | (8 | (9 | ((11 | (12 | (13 | (14 | (15 | ((17 | (18 | 19)) | !16)))))) | !10))))) | !5)) | !3)) | !1))) & (t)] 0
[(!(0 | ((2 | ((4 | (((7 | (8 | (9 | ((11 | (12 | (13 | (14 | (15 | (16 | (17 | (19 | !18)))))))) | !10)))) | !6) | !5)) | !3)) | !1))) & (t)] 0
[(!(0 | ((2 | (3 | (4 | (((7 | (8 | (9 | ((11 | (12 | (13 | ((15 | (16 | (17 | (18 | (19 | 20))))) | !14)))) | !10)))) | !6) | !5)))) | !1))) & (t)] 0
[(!(0 | ((2 | (3 | (4 | (((7 | (8 | (9 | ((11 | (12 | (13 | ((15 | (16 | (17 | (18 | (19 | (21 | !20)))))) | !14)))) | !10)))) | !6) | !5)))) | !1))) & (t)] 0
[(!(0 | ((2 | (3 | (4 | (((7 | (8 | (9 | ((11 | (12 | (13 | ((15 | (16 | (17 | (18 | (19 | !(20 & 21)))))) | !14)))) | !10)))) | !6) | !5)))) | !1))) & (t)] 0
[(!(0 | ((2 | (3 | (4 | (((7 | (8 | (9 | ((11 | (12 | (13 | (14 | (15 | ((17 | (18 | 19)) | !16)))))) | !10)))) | !6) | !5)))) | !1))) & (t)] 0
[(!(0 | ((2 | (3 | (4 | (5 | ((7 | (8 | ((((12 | ((14 | (15 | (16 | (17 | !(18 & 19))))) | !13)) | !11) | !10) | !9))) | !6))))) | !1))) & (!(22 | !23))] 0
[(!(0 | ((2 | (3 | (4 | (((7 | (8 | (9 | ((11 | (12 | ((14 | (15 | (16 | (17 | (19 | !18))))) | !13))) | !10)))) | !6) | !5)))) | !1))) & (t)] 0
[(!(0 | ((2 | ((4 | ((6 | (7 | (8 | (9 | ((11 | (12 | ((((16 | (17 | (18 | (19 | (20 | 21))))) | !15) | !14) | !13))) | !10))))) | !5)) | !3)) | !1))) & (t)] 0
[(!(0 | ((2 | ((4 | ((6 | (7 | (8 | (9 | ((11 | (12 | ((((16 | (17 | (18 | (19 | (20 | !21))))) | !15) | !14) | !13))) | !10))))) | !5)) | !3)) | !1))) & (t)] 0
[(!(0 | ((2 | ((4 | ((6 | (7 | (8 | (9 | ((11 | (12 | ((((16 | (17 | (18 | (19 | (21 | !20))))) | !15) | !14) | !13))) | !10))))) | !5)) | !3)) | !1))) & (t)] 0
[(!(0 | ((2 | ((4 | ((6 | (7 | (8 | (9 | ((11 | (12 | ((((16 | (17 | (18 | (19 | !(20 & 21))))) | !15) | !14) | !13))) | !10))))) | !5)) | !3)) | !1))) & (t)] 0
[(!(0 | ((2 | ((((6 | (7 | (8 | (9 | (10 | (11 | (12 | ((((16 | (17 | (18 | (19 | 21)))) | !15) | !14) | !13)))))))) | !5) | !4) | !3)) | !1))) & (t)] 0
[(!(0 | ((2 | ((((6 | (7 | (8 | (9 | (10 | (11 | (12 | ((((16 | (17 | (18 | (19 | (20 | !21))))) | !15) | !14) | !13)))))))) | !5) | !4) | !3)) | !1))) & (t)] 0
[(!(0 | ((2 | ((((6 | (7 | (8 | (9 | (10 | (11 | (12 | ((((16 | (17 | (18 | (19 | !(20 & 21))))) | !15) | !14) | !13)))))))) | !5) | !4) | !3)) | !1))) & (t)] 0
[(!(0 | ((2 | ((4 | ((6 | (7 | (8 | (9 | ((11 | (12 | ((14 | (((17 | (18 | 19)) | !16) | !15)) | !13))) | !10))))) | !5)) | !3)) | !1))) & (t)] 0
[(!(0 | ((2 | ((4 | ((6 | (7 | (8 | (9 | ((11 | (12 | ((14 | (15 | (16 | (17 | (19 | !18))))) | !13))) | !10))))) | !5)) | !3)) | !1))) & (t)] 0
[(!((1 | (2 | ((4 | ((6 | (7 | ((9 | ((11 | (((14 | (15 | (16 | (17 | (19 | !18))))) | !13) | !12)) | !10)) | !8))) | !5)) | !3))) | !0)) & (!(23 | !22))] 0
[(!(0 | ((2 | ((4 | ((6 | (7 | (8 | (9 | ((11 | (12 | (13 | (14 | (15 | (16 | (17 | (19 | !18)))))))) | !10))))) | !5)) | !3)) | !1))) & (t)] 0
[(!(0 | ((2 | (3 | (4 | (5 | ((7 | (8 | ((((12 | (13 | (14 | (15 | (16 | (17 | !(18 & 19))))))) | !11) | !10) | !9))) | !6))))) | !1))) & (!(22 | !23))] 0
[(!(0 | ((2 | (3 | (4 | (((7 | (8 | (9 | ((11 | (12 | (13 | (14 | (15 | (16 | (17 | (19 | !18)))))))) | !10)))) | !6) | !5)))) | !1))) & (t)] 0
[(!(0 | ((2 | ((4 | ((6 | (7 | (8 | (9 | (10 | (11 | (12 | ((((16 | (17 | (18 | (19 | 21)))) | !15) | !14) | !13)))))))) | !5)) | !3)) | !1))) & (t)] 0
[(!(0 | ((2 | ((4 | ((6 | (7 | (8 | (9 | (10 | (11 | (12 | ((((16 | (17 | (18 | (19 | (20 | !21))))) | !15) | !14) | !13)))))))) | !5)) | !3)) | !1))) & (t)] 0
[(!(0 | ((2 | ((4 | ((6 | (7 | (8 | (9 | (10 | (11 | (12 | ((((16 | (17 | (18 | (19 | !(20 & 21))))) | !15) | !14) | !13)))))))) | !5)) | !3)) | !1))) & (t)] 0
[(!(0 | ((((4 | ((6 | (7 | (8 | (9 | ((11 | (12 | ((((16 | (17 | (18 | (19 | (20 | 21))))) | !15) | !14) | !13))) | !10))))) | !5)) | !3) | !2) | !1))) & (t)] 0
[(!(0 | ((((4 | ((6 | (7 | (8 | (9 | ((11 | (12 | ((((16 | (17 | (18 | (19 | (20 | !21))))) | !15) | !14) | !13))) | !10))))) | !5)) | !3) | !2) | !1))) & (t)] 0
[(!(0 | ((((4 | ((6 | (7 | (8 | (9 | ((11 | (12 | ((((16 | (17 | (18 | (19 | (21 | !20))))) | !15) | !14) | !13))) | !10))))) | !5)) | !3) | !2) | !1))) & (t)] 0
[(!(0 | ((((4 | ((6 | (7 | (8 | (9 | ((11 | (12 | ((((16 | (17 | (18 | (19 | !(20 & 21))))) | !15) | !14) | !13))) | !10))))) | !5)) | !3) | !2) | !1))) & (t)] 0
[(!(0 | ((2 | ((4 | ((6 | (7 | (8 | (9 | (10 | (11 | (12 | ((14 | (((17 | (18 | 19)) | !16) | !15)) | !13)))))))) | !5)) | !3)) | !1))) & (t)] 0
[(!(0 | ((2 | ((4 | ((6 | (7 | (8 | (9 | ((11 | (12 | ((14 | ((16 | (17 | (19 | !18))) | !15)) | !13))) | !10))))) | !5)) | !3)) | !1))) & (t)] 0
[(!((1 | (2 | ((4 | ((6 | (7 | ((9 | ((11 | (((14 | ((16 | (17 | (19 | !18))) | !15)) | !13) | !12)) | !10)) | !8))) | !5)) | !3))) | !0)) & (!(23 | !22))] 0
--END--
Synthesis took:  7804.717063903809 ms
