Processing program.
spec contains 11 APs (['(cl == 0)', '(cl > 0)', 'l2r', '(cr == 0)', '(cr > 0)', 'exit_l', 'exit_r', 'entry_r', 'entry_l', 'stop_r', 'stop_l'])
Starting abstract synthesis loop.
adding (cr <= 0), (cl <= 0), (0 <= cr), (0 <= cl) to predicate abstraction
constructing LTL abstraction
ltl abstraction took: 0.0023992061614990234
running LTL synthesis
massaging abstract counterstrategy
checking for compatibility of counterstrategy with program
trying fairness refinement
Structural Refinement: 
entry_cond:TRUE
exit_cond:(cl <= 0)
loop:(cl := (cl - 1))
adding (cl = cl_prev), (cl = (cl_prev - 1)) to predicate abstraction
constructing LTL abstraction
ltl abstraction took: 0.002431631088256836
running LTL synthesis
massaging abstract counterstrategy
checking for compatibility of counterstrategy with program
trying fairness refinement
trying safety refinement
adding (cr <= 1) to predicate abstraction
constructing LTL abstraction
ltl abstraction took: 0.002493143081665039
running LTL synthesis
massaging abstract counterstrategy
checking for compatibility of counterstrategy with program
trying fairness refinement
Structural Refinement: 
entry_cond:TRUE
exit_cond:(cr <= 1)
loop:(cr := (cr - 1))
adding (cr = cr_prev), (cr = (cr_prev - 1)) to predicate abstraction
constructing LTL abstraction
ltl abstraction took: 0.0026030540466308594
running LTL synthesis
Realizable.
REALIZABLE
HOA: v1
tool: "strix" "21.0.0"
States: 3
Start: 2
AP: 19 "pred__cr_EQ_crprev_" "pred__0_LTEQ_cl_" "in_loop0_0" "pred__cr_EQ__crprev_MINUS_1__" "pred__cr_LTEQ_0_" "pred__cl_LTEQ_0_" "pred__0_LTEQ_cr_" "pred__cl_EQ_clprev_" "q0" "in_loop1_0" "pred__cr_LTEQ_1_" "pred__cl_EQ__clprev_MINUS_1__" "l2r" "exit_r" "exit_l" "entry_r" "entry_l" "stop_r" "stop_l"
controllable-AP: 17 18
acc-name: all
Acceptance: 0 t
--BODY--
State: 0 "[0]"
[(!((2 | (3 | (((((9 | ((11 | (12 | ((15 | !16) | !13))) | !10)) | !8) | !7) | !5) | !4))) | !0)) & (t)] 1
[(!((2 | (3 | (((((9 | ((11 | (((15 | !16) | !13) | !12)) | !10)) | !8) | !7) | !5) | !4))) | !0)) & (t)] 0
[(!((2 | (3 | (((((9 | ((11 | (12 | ((16 | !15) | !14))) | !10)) | !8) | !7) | !5) | !4))) | !0)) & (!(17 | !18))] 0
[(!((2 | (3 | (((((9 | ((11 | (((16 | !15) | !14) | !12)) | !10)) | !8) | !7) | !5) | !4))) | !0)) & (!(17 | !18))] 1
[(!(((3 | (((7 | ((9 | (((12 | ((15 | !16) | !13)) | !11) | !10)) | !8)) | !5) | !4)) | !2) | !0)) & (!(17 | !18))] 0
[(!(((3 | (((7 | ((9 | (((((15 | !16) | !13) | !12) | !11) | !10)) | !8)) | !5) | !4)) | !2) | !0)) & (!(18 | !17))] 2
[(!(0 | (2 | ((((((9 | ((11 | (12 | ((15 | !16) | !13))) | !10)) | !8) | !7) | !5) | !4) | !3)))) & (!(18 | !17))] 1
[(!(0 | (2 | ((((((9 | ((11 | (((15 | !16) | !13) | !12)) | !10)) | !8) | !7) | !5) | !4) | !3)))) & (!(18 | !17))] 2
[(0 & (2 & (3 | ((5 & (7 | ((9 | ((15 | !11) | !10)) | !8)) | !5 & (7 & ((9 | ((11 | 15) | !10)) | !8) | !7 & ((9 | ((15 | !11) | !10)) | !8))) | !4)) | !2 & (3 | (4 & (5 & (((9 | ((11 | (15 & 16)) | !10)) | !8) | !7) | !5 & ((9 | ((11 | 15) | !10)) | !8)) | !4 & ((((9 & (10 | (11 | 16)) | !9 & (11 | 16)) | !8) | !7) | !5)))) | !0 & (2 | (3 & (4 & ((((9 | ((11 | (15 & 16)) | !10)) | !8) | !7) | !5) | !4 & (((((11 | 16) | !9) | !8) | !7) | !5)) | !3 & (4 & ((7 | ((9 | ((11 | (13 | (14 | (15 | 16)))) | !10)) | !8)) | !5) | !4 & ((((9 | (11 | 16)) | !8) | !7) | !5))))) & (t)] 2
[(!(0 | (2 | ((((((9 | ((11 | (12 | ((16 | !15) | !14))) | !10)) | !8) | !7) | !5) | !4) | !3)))) & (t)] 0
[(!(0 | (2 | ((((((9 | ((11 | (((16 | !15) | !14) | !12)) | !10)) | !8) | !7) | !5) | !4) | !3)))) & (t)] 1
[(!(0 | (2 | (3 | (((7 | ((9 | ((11 | (12 | (13 | (14 | (15 | 16))))) | !10)) | !8)) | !5) | !4))))) & (t)] 1
[(!(0 | (2 | (3 | (((7 | ((9 | ((11 | ((13 | (14 | (15 | 16))) | !12)) | !10)) | !8)) | !5) | !4))))) & (t)] 2
[(!((2 | (3 | (((((9 | ((11 | (12 | (14 | (16 | !15)))) | !10)) | !8) | !7) | !5) | !4))) | !0)) & (!(17 | !18))] 0
[(!((2 | (3 | (((((9 | ((11 | ((14 | (16 | !15)) | !12)) | !10)) | !8) | !7) | !5) | !4))) | !0)) & (!(17 | !18))] 1
[(!((2 | (3 | (((((9 | ((11 | (12 | (13 | (15 | !16)))) | !10)) | !8) | !7) | !5) | !4))) | !0)) & (t)] 0
[(!((2 | (3 | (((((9 | ((11 | ((13 | (15 | !16)) | !12)) | !10)) | !8) | !7) | !5) | !4))) | !0)) & (t)] 2
[(!((2 | (3 | (((((9 | ((11 | (12 | (15 | 16))) | !10)) | !8) | !7) | !5) | !4))) | !0)) & (!(17 | !18))] 0
[(!((2 | (3 | (((((9 | ((11 | ((15 | 16) | !12)) | !10)) | !8) | !7) | !5) | !4))) | !0)) & (!(17 | !18))] 1
[(!(0 | (2 | (3 | (4 | ((((9 | ((11 | (12 | (14 | (15 | 16)))) | !10)) | !8) | !7) | !5)))))) & (!(17 | !18))] 1
[(!(0 | (2 | (3 | (4 | ((((9 | ((11 | (12 | (14 | (16 | !15)))) | !10)) | !8) | !7) | !5)))))) & (!(17 | !18))] 1
[(!(0 | (2 | (3 | (4 | ((((9 | ((11 | (12 | ((15 | 16) | !14))) | !10)) | !8) | !7) | !5)))))) & (!(17 | !18))] 2
[(!(0 | (2 | (3 | (4 | ((((9 | ((11 | (12 | ((16 | !15) | !14))) | !10)) | !8) | !7) | !5)))))) & (!(17 | !18))] 1
[(!(0 | (2 | (3 | (4 | ((((9 | ((11 | ((14 | (15 | 16)) | !12)) | !10)) | !8) | !7) | !5)))))) & (!(17 | !18))] 0
[(!(0 | (2 | (3 | (4 | ((((9 | ((11 | ((14 | (16 | !15)) | !12)) | !10)) | !8) | !7) | !5)))))) & (!(17 | !18))] 0
[(!(0 | (2 | (3 | (4 | ((((9 | ((11 | (((15 | 16) | !14) | !12)) | !10)) | !8) | !7) | !5)))))) & (!(17 | !18))] 1
[(!(0 | (2 | (3 | (4 | ((((9 | ((11 | (((16 | !15) | !14) | !12)) | !10)) | !8) | !7) | !5)))))) & (!(17 | !18))] 0
[(!((2 | (3 | ((5 | (7 | ((9 | ((11 | (12 | (13 | (15 | 16)))) | !10)) | !8))) | !4))) | !0)) & (!(18 | !17))] 1
[(!((2 | (3 | ((5 | (7 | ((9 | ((11 | (12 | ((15 | 16) | !13))) | !10)) | !8))) | !4))) | !0)) & (!(18 | !17))] 0
[(!((2 | (3 | ((5 | (7 | ((9 | ((11 | ((13 | (15 | 16)) | !12)) | !10)) | !8))) | !4))) | !0)) & (!(18 | !17))] 0
[(!((2 | (3 | ((5 | (7 | ((9 | ((11 | (((15 | 16) | !13) | !12)) | !10)) | !8))) | !4))) | !0)) & (!(18 | !17))] 1
[(!((2 | (3 | ((5 | (7 | ((9 | ((11 | (12 | (13 | (15 | !16)))) | !10)) | !8))) | !4))) | !0)) & (!(18 | !17))] 1
[(!((2 | (3 | ((5 | (7 | ((9 | ((11 | (12 | ((15 | !16) | !13))) | !10)) | !8))) | !4))) | !0)) & (!(18 | !17))] 1
[(!((2 | (3 | ((5 | (7 | ((9 | ((11 | ((13 | (15 | !16)) | !12)) | !10)) | !8))) | !4))) | !0)) & (!(18 | !17))] 0
[(!((2 | (3 | ((5 | (7 | ((9 | ((11 | (((15 | !16) | !13) | !12)) | !10)) | !8))) | !4))) | !0)) & (!(18 | !17))] 0
[(!((2 | (3 | (4 | ((((9 | ((11 | (12 | (14 | (15 | 16)))) | !10)) | !8) | !7) | !5)))) | !0)) & (!(17 | !18))] 1
[(!((2 | (3 | (4 | ((((9 | ((11 | (12 | (14 | (16 | !15)))) | !10)) | !8) | !7) | !5)))) | !0)) & (!(17 | !18))] 1
[(!((2 | (3 | (4 | ((((9 | ((11 | (12 | ((15 | 16) | !14))) | !10)) | !8) | !7) | !5)))) | !0)) & (!(17 | !18))] 2
[(!((2 | (3 | (4 | ((((9 | ((11 | (12 | ((16 | !15) | !14))) | !10)) | !8) | !7) | !5)))) | !0)) & (!(17 | !18))] 1
[(!((2 | (3 | (4 | ((((9 | ((11 | ((14 | (15 | 16)) | !12)) | !10)) | !8) | !7) | !5)))) | !0)) & (17 & 18)] 0
[(!((2 | (3 | (4 | ((((9 | ((11 | ((14 | (16 | !15)) | !12)) | !10)) | !8) | !7) | !5)))) | !0)) & (17 & 18)] 0
[(!((2 | (3 | (4 | ((((9 | ((11 | (((15 | 16) | !14) | !12)) | !10)) | !8) | !7) | !5)))) | !0)) & (!(18 | !17))] 0
[(!((2 | (3 | (4 | ((((9 | ((11 | (((16 | !15) | !14) | !12)) | !10)) | !8) | !7) | !5)))) | !0)) & (17 & 18)] 0
[(!(0 | (2 | (3 | (4 | ((((9 | (10 | (11 | (12 | (14 | (15 | 16)))))) | !8) | !7) | !5)))))) & (!(17 | !18))] 1
[(!(0 | (2 | (3 | (4 | ((((9 | (10 | (11 | (12 | (14 | (16 | !15)))))) | !8) | !7) | !5)))))) & (!(17 | !18))] 1
[(!(0 | (2 | (3 | (4 | ((((9 | (10 | (11 | (12 | ((15 | 16) | !14))))) | !8) | !7) | !5)))))) & (!(17 | !18))] 2
[(!(0 | (2 | (3 | (4 | ((((9 | (10 | (11 | (12 | ((16 | !15) | !14))))) | !8) | !7) | !5)))))) & (!(17 | !18))] 1
[(!(0 | (2 | (3 | (4 | ((((9 | (10 | (11 | ((14 | (15 | 16)) | !12)))) | !8) | !7) | !5)))))) & (17 & 18)] 0
[(!(0 | (2 | (3 | (4 | ((((9 | (10 | (11 | ((14 | (16 | !15)) | !12)))) | !8) | !7) | !5)))))) & (17 & 18)] 0
[(!(0 | (2 | (3 | (4 | ((((9 | (10 | (11 | (((15 | 16) | !14) | !12)))) | !8) | !7) | !5)))))) & (17 & 18)] 0
[(!(0 | (2 | (3 | (4 | ((((9 | (10 | (11 | (((16 | !15) | !14) | !12)))) | !8) | !7) | !5)))))) & (17 & 18)] 0
[(!(0 | (2 | ((((((9 | ((11 | (12 | (14 | (16 | !15)))) | !10)) | !8) | !7) | !5) | !4) | !3)))) & (t)] 2
[(!(0 | (2 | ((((((9 | ((11 | ((14 | (16 | !15)) | !12)) | !10)) | !8) | !7) | !5) | !4) | !3)))) & (t)] 0
[(!(0 | (2 | ((((((9 | ((11 | (12 | (13 | (15 | !16)))) | !10)) | !8) | !7) | !5) | !4) | !3)))) & (!(18 | !17))] 1
[(!(0 | (2 | ((((((9 | ((11 | ((13 | (15 | !16)) | !12)) | !10)) | !8) | !7) | !5) | !4) | !3)))) & (!(18 | !17))] 0
[(!(0 | (2 | ((((((9 | ((11 | (12 | (15 | 16))) | !10)) | !8) | !7) | !5) | !4) | !3)))) & (!(18 | !17))] 1
[(!(0 | (2 | ((((((9 | ((11 | ((15 | 16) | !12)) | !10)) | !8) | !7) | !5) | !4) | !3)))) & (!(18 | !17))] 2
[(!((2 | (3 | ((5 | (((9 | ((11 | (12 | (13 | (15 | 16)))) | !10)) | !8) | !7)) | !4))) | !0)) & (!(18 | !17))] 1
[(!((2 | (3 | ((5 | (((9 | ((11 | (12 | ((15 | 16) | !13))) | !10)) | !8) | !7)) | !4))) | !0)) & (!(18 | !17))] 0
[(!((2 | (3 | ((5 | (((9 | ((11 | ((13 | (15 | 16)) | !12)) | !10)) | !8) | !7)) | !4))) | !0)) & (!(18 | !17))] 2
[(!((2 | (3 | ((5 | (((9 | ((11 | (((15 | 16) | !13) | !12)) | !10)) | !8) | !7)) | !4))) | !0)) & (!(18 | !17))] 1
[(!(((3 | ((5 | (7 | ((9 | (((12 | (13 | (15 | 16))) | !11) | !10)) | !8))) | !4)) | !2) | !0)) & (17 & 18)] 2
[(!(((3 | ((5 | (7 | ((9 | (((12 | ((15 | 16) | !13)) | !11) | !10)) | !8))) | !4)) | !2) | !0)) & (17 & 18)] 0
[(!(((3 | ((5 | (7 | ((9 | ((((13 | (15 | 16)) | !12) | !11) | !10)) | !8))) | !4)) | !2) | !0)) & (!(18 | !17))] 0
[(!(((3 | ((5 | (7 | ((9 | (((((15 | 16) | !13) | !12) | !11) | !10)) | !8))) | !4)) | !2) | !0)) & (!(18 | !17))] 1
[(!(((3 | (((7 | ((9 | (((12 | (15 | 16)) | !11) | !10)) | !8)) | !5) | !4)) | !2) | !0)) & (!(17 | !18))] 0
[(!(((3 | (((7 | ((9 | ((((15 | 16) | !12) | !11) | !10)) | !8)) | !5) | !4)) | !2) | !0)) & (!(18 | !17))] 2
[(!((2 | (3 | ((5 | (((9 | ((11 | (12 | (13 | (15 | !16)))) | !10)) | !8) | !7)) | !4))) | !0)) & (!(18 | !17))] 1
[(!((2 | (3 | ((5 | (((9 | ((11 | (12 | ((15 | !16) | !13))) | !10)) | !8) | !7)) | !4))) | !0)) & (!(18 | !17))] 1
[(!((2 | (3 | ((5 | (((9 | ((11 | ((13 | (15 | !16)) | !12)) | !10)) | !8) | !7)) | !4))) | !0)) & (!(18 | !17))] 0
[(!((2 | (3 | ((5 | (((9 | ((11 | (((15 | !16) | !13) | !12)) | !10)) | !8) | !7)) | !4))) | !0)) & (!(18 | !17))] 0
[(!(((3 | ((5 | (7 | ((9 | (((12 | (13 | (15 | !16))) | !11) | !10)) | !8))) | !4)) | !2) | !0)) & (17 & 18)] 2
[(!(((3 | ((5 | (7 | ((9 | (((12 | ((15 | !16) | !13)) | !11) | !10)) | !8))) | !4)) | !2) | !0)) & (17 & 18)] 1
[(!(((3 | ((5 | (7 | ((9 | ((((13 | (15 | !16)) | !12) | !11) | !10)) | !8))) | !4)) | !2) | !0)) & (!(18 | !17))] 0
[(!(((3 | ((5 | (7 | ((9 | (((((15 | !16) | !13) | !12) | !11) | !10)) | !8))) | !4)) | !2) | !0)) & (!(18 | !17))] 0
[(!(((3 | (((7 | ((9 | (((12 | (13 | (15 | !16))) | !11) | !10)) | !8)) | !5) | !4)) | !2) | !0)) & (!(18 | !17))] 2
[(!(((3 | (((7 | ((9 | ((((13 | (15 | !16)) | !12) | !11) | !10)) | !8)) | !5) | !4)) | !2) | !0)) & (!(18 | !17))] 0
[(!((2 | (3 | (4 | ((((9 | (10 | (11 | (12 | (14 | (15 | 16)))))) | !8) | !7) | !5)))) | !0)) & (!(17 | !18))] 1
[(!((2 | (3 | (4 | ((((9 | (10 | (11 | (12 | (14 | (16 | !15)))))) | !8) | !7) | !5)))) | !0)) & (!(17 | !18))] 1
[(!((2 | (3 | (4 | ((((9 | (10 | (11 | (12 | ((15 | 16) | !14))))) | !8) | !7) | !5)))) | !0)) & (!(17 | !18))] 2
[(!((2 | (3 | (4 | ((((9 | (10 | (11 | (12 | ((16 | !15) | !14))))) | !8) | !7) | !5)))) | !0)) & (!(17 | !18))] 1
[(!((2 | (3 | (4 | ((((9 | (10 | (11 | ((14 | (15 | 16)) | !12)))) | !8) | !7) | !5)))) | !0)) & (17 & 18)] 0
[(!((2 | (3 | (4 | ((((9 | (10 | (11 | ((14 | (16 | !15)) | !12)))) | !8) | !7) | !5)))) | !0)) & (17 & 18)] 0
[(!((2 | (3 | (4 | ((((9 | (10 | (11 | (((15 | 16) | !14) | !12)))) | !8) | !7) | !5)))) | !0)) & (17 & 18)] 0
[(!((2 | (3 | (4 | ((((9 | (10 | (11 | (((16 | !15) | !14) | !12)))) | !8) | !7) | !5)))) | !0)) & (17 & 18)] 0
[(!(0 | (2 | ((4 | (((((10 | (11 | (12 | (14 | (15 | 16))))) | !9) | !8) | !7) | !5)) | !3)))) & (!(17 | !18))] 1
[(!(0 | (2 | ((4 | (((((11 | (12 | (14 | (16 | !15)))) | !9) | !8) | !7) | !5)) | !3)))) & (!(17 | !18))] 1
[(!(0 | (2 | ((4 | (((((10 | (11 | (12 | ((15 | 16) | !14)))) | !9) | !8) | !7) | !5)) | !3)))) & (!(17 | !18))] 2
[(!(0 | (2 | ((4 | (((((10 | (11 | (12 | ((16 | !15) | !14)))) | !9) | !8) | !7) | !5)) | !3)))) & (!(17 | !18))] 1
[(!(0 | (2 | ((4 | (((((10 | (11 | ((14 | (15 | 16)) | !12))) | !9) | !8) | !7) | !5)) | !3)))) & (17 & 18)] 0
[(!(0 | (2 | ((4 | (((((11 | ((14 | (16 | !15)) | !12)) | !9) | !8) | !7) | !5)) | !3)))) & (17 & 18)] 0
[(!(0 | (2 | ((4 | (((((10 | (11 | (((15 | 16) | !14) | !12))) | !9) | !8) | !7) | !5)) | !3)))) & (17 & 18)] 0
[(!(0 | (2 | ((4 | (((((10 | (11 | (((16 | !15) | !14) | !12))) | !9) | !8) | !7) | !5)) | !3)))) & (17 & 18)] 0
[(!(0 | (2 | ((4 | ((((((11 | (12 | (14 | (15 | 16)))) | !10) | !9) | !8) | !7) | !5)) | !3)))) & (!(17 | !18))] 1
[(!(0 | (2 | ((4 | ((((((11 | (12 | ((15 | 16) | !14))) | !10) | !9) | !8) | !7) | !5)) | !3)))) & (!(17 | !18))] 2
[(!(0 | (2 | ((4 | ((((((11 | (12 | ((16 | !15) | !14))) | !10) | !9) | !8) | !7) | !5)) | !3)))) & (!(17 | !18))] 1
[(!(0 | (2 | ((4 | ((((((11 | ((14 | (15 | 16)) | !12)) | !10) | !9) | !8) | !7) | !5)) | !3)))) & (17 & 18)] 0
[(!(0 | (2 | ((4 | ((((((11 | (((15 | 16) | !14) | !12)) | !10) | !9) | !8) | !7) | !5)) | !3)))) & (!(18 | !17))] 0
[(!(0 | (2 | ((4 | ((((((11 | (((16 | !15) | !14) | !12)) | !10) | !9) | !8) | !7) | !5)) | !3)))) & (17 & 18)] 0
[(!(((3 | ((5 | (((9 | ((11 | (12 | (13 | (15 | 16)))) | !10)) | !8) | !7)) | !4)) | !2) | !0)) & (!(18 | !17))] 1
[(!(((3 | ((5 | (((9 | ((11 | (12 | ((15 | 16) | !13))) | !10)) | !8) | !7)) | !4)) | !2) | !0)) & (!(18 | !17))] 2
[(!(((3 | ((5 | (((9 | ((11 | ((13 | (15 | 16)) | !12)) | !10)) | !8) | !7)) | !4)) | !2) | !0)) & (!(18 | !17))] 0
[(!(((3 | ((5 | (((9 | ((11 | (((15 | 16) | !13) | !12)) | !10)) | !8) | !7)) | !4)) | !2) | !0)) & (!(18 | !17))] 1
[(!(((3 | ((5 | (((9 | ((11 | (12 | (13 | (15 | !16)))) | !10)) | !8) | !7)) | !4)) | !2) | !0)) & (!(18 | !17))] 1
[(!(((3 | ((5 | (((9 | ((11 | (12 | ((15 | !16) | !13))) | !10)) | !8) | !7)) | !4)) | !2) | !0)) & (!(18 | !17))] 2
[(!(((3 | ((5 | (((9 | ((11 | ((13 | (15 | !16)) | !12)) | !10)) | !8) | !7)) | !4)) | !2) | !0)) & (!(18 | !17))] 0
[(!(((3 | ((5 | (((9 | ((11 | (((15 | !16) | !13) | !12)) | !10)) | !8) | !7)) | !4)) | !2) | !0)) & (!(18 | !17))] 0
[(!((2 | (3 | (4 | (((((10 | (11 | (12 | (14 | (15 | 16))))) | !9) | !8) | !7) | !5)))) | !0)) & (!(17 | !18))] 1
[(!((2 | (3 | (4 | (((((10 | (11 | (12 | (14 | (16 | !15))))) | !9) | !8) | !7) | !5)))) | !0)) & (!(17 | !18))] 1
[(!((2 | (3 | (4 | (((((10 | (11 | (12 | ((15 | 16) | !14)))) | !9) | !8) | !7) | !5)))) | !0)) & (!(17 | !18))] 2
[(!((2 | (3 | (4 | (((((10 | (11 | (12 | ((16 | !15) | !14)))) | !9) | !8) | !7) | !5)))) | !0)) & (!(17 | !18))] 1
[(!((2 | (3 | (4 | (((((10 | (11 | ((14 | (15 | 16)) | !12))) | !9) | !8) | !7) | !5)))) | !0)) & (17 & 18)] 0
[(!((2 | (3 | (4 | (((((10 | (11 | ((14 | (16 | !15)) | !12))) | !9) | !8) | !7) | !5)))) | !0)) & (17 & 18)] 0
[(!((2 | (3 | (4 | (((((10 | (11 | (((15 | 16) | !14) | !12))) | !9) | !8) | !7) | !5)))) | !0)) & (17 & 18)] 0
[(!((2 | (3 | (4 | (((((10 | (11 | (((16 | !15) | !14) | !12))) | !9) | !8) | !7) | !5)))) | !0)) & (17 & 18)] 0
State: 1 "[1]"
[(!((2 | (3 | (((((9 | ((11 | (12 | ((15 | !16) | !13))) | !10)) | !8) | !7) | !5) | !4))) | !0)) & (!(17 | !18))] 0
[(!((2 | (3 | (((((9 | ((11 | (((15 | !16) | !13) | !12)) | !10)) | !8) | !7) | !5) | !4))) | !0)) & (!(18 | !17))] 2
[(!((2 | (3 | (((((9 | ((11 | (12 | ((16 | !15) | !14))) | !10)) | !8) | !7) | !5) | !4))) | !0)) & (!(17 | !18))] 0
[(!((2 | (3 | (((((9 | ((11 | (((16 | !15) | !14) | !12)) | !10)) | !8) | !7) | !5) | !4))) | !0)) & (!(18 | !17))] 2
[(!(((3 | (((7 | ((9 | (((12 | ((15 | !16) | !13)) | !11) | !10)) | !8)) | !5) | !4)) | !2) | !0)) & (!(18 | !17))] 1
[(!(((3 | (((7 | ((9 | (((((15 | !16) | !13) | !12) | !11) | !10)) | !8)) | !5) | !4)) | !2) | !0)) & (!(18 | !17))] 2
[(!(0 | (2 | ((((((9 | ((11 | (12 | ((15 | !16) | !13))) | !10)) | !8) | !7) | !5) | !4) | !3)))) & (t)] 2
[(!(0 | (2 | ((((((9 | ((11 | (((15 | !16) | !13) | !12)) | !10)) | !8) | !7) | !5) | !4) | !3)))) & (t)] 0
[(0 & (2 & (3 | ((5 & (7 | ((9 | ((15 | !11) | !10)) | !8)) | !5 & (7 & ((9 | ((11 | 15) | !10)) | !8) | !7 & ((9 | ((15 | !11) | !10)) | !8))) | !4)) | !2 & (3 | (4 & (5 & (((9 | ((11 | (15 & 16)) | !10)) | !8) | !7) | !5 & ((9 | ((11 | 15) | !10)) | !8)) | !4 & ((((9 & (10 | (11 | 16)) | !9 & (11 | 16)) | !8) | !7) | !5)))) | !0 & (2 | (3 & (4 & ((((9 | ((11 | (15 & 16)) | !10)) | !8) | !7) | !5) | !4 & (((((11 | 16) | !9) | !8) | !7) | !5)) | !3 & (4 & ((7 | ((9 | ((11 | (13 | (14 | (15 | 16)))) | !10)) | !8)) | !5) | !4 & ((((9 | (11 | 16)) | !8) | !7) | !5))))) & (t)] 1
[(!(0 | (2 | ((((((9 | ((11 | (12 | ((16 | !15) | !14))) | !10)) | !8) | !7) | !5) | !4) | !3)))) & (!(17 | !18))] 0
[(!(0 | (2 | ((((((9 | ((11 | (((16 | !15) | !14) | !12)) | !10)) | !8) | !7) | !5) | !4) | !3)))) & (!(18 | !17))] 2
[(!(0 | (2 | (3 | (((7 | ((9 | ((11 | (12 | (13 | (14 | (15 | 16))))) | !10)) | !8)) | !5) | !4))))) & (t)] 0
[(!(0 | (2 | (3 | (((7 | ((9 | ((11 | ((13 | (14 | (15 | 16))) | !12)) | !10)) | !8)) | !5) | !4))))) & (t)] 0
[(!((2 | (3 | (((((9 | ((11 | (12 | (14 | (16 | !15)))) | !10)) | !8) | !7) | !5) | !4))) | !0)) & (!(17 | !18))] 0
[(!((2 | (3 | (((((9 | ((11 | ((14 | (16 | !15)) | !12)) | !10)) | !8) | !7) | !5) | !4))) | !0)) & (17 & 18)] 1
[(!((2 | (3 | (((((9 | ((11 | (12 | (13 | (15 | !16)))) | !10)) | !8) | !7) | !5) | !4))) | !0)) & (17 & 18)] 2
[(!((2 | (3 | (((((9 | ((11 | ((13 | (15 | !16)) | !12)) | !10)) | !8) | !7) | !5) | !4))) | !0)) & (!(18 | !17))] 0
[(!((2 | (3 | (((((9 | ((11 | (12 | (15 | 16))) | !10)) | !8) | !7) | !5) | !4))) | !0)) & (!(17 | !18))] 0
[(!((2 | (3 | (((((9 | ((11 | ((15 | 16) | !12)) | !10)) | !8) | !7) | !5) | !4))) | !0)) & (!(18 | !17))] 2
[(!(0 | (2 | (3 | (4 | ((((9 | ((11 | (12 | (14 | (15 | 16)))) | !10)) | !8) | !7) | !5)))))) & (!(17 | !18))] 1
[(!(0 | (2 | (3 | (4 | ((((9 | ((11 | (12 | (14 | (16 | !15)))) | !10)) | !8) | !7) | !5)))))) & (!(17 | !18))] 1
[(!(0 | (2 | (3 | (4 | ((((9 | ((11 | (12 | ((15 | 16) | !14))) | !10)) | !8) | !7) | !5)))))) & (!(17 | !18))] 2
[(!(0 | (2 | (3 | (4 | ((((9 | ((11 | (12 | ((16 | !15) | !14))) | !10)) | !8) | !7) | !5)))))) & (!(17 | !18))] 1
[(!(0 | (2 | (3 | (4 | ((((9 | ((11 | ((14 | (15 | 16)) | !12)) | !10)) | !8) | !7) | !5)))))) & (17 & 18)] 0
[(!(0 | (2 | (3 | (4 | ((((9 | ((11 | ((14 | (16 | !15)) | !12)) | !10)) | !8) | !7) | !5)))))) & (17 & 18)] 0
[(!(0 | (2 | (3 | (4 | ((((9 | ((11 | (((15 | 16) | !14) | !12)) | !10)) | !8) | !7) | !5)))))) & (!(18 | !17))] 0
[(!(0 | (2 | (3 | (4 | ((((9 | ((11 | (((16 | !15) | !14) | !12)) | !10)) | !8) | !7) | !5)))))) & (17 & 18)] 0
[(!((2 | (3 | ((5 | (7 | ((9 | ((11 | (12 | (13 | (15 | 16)))) | !10)) | !8))) | !4))) | !0)) & (17 & 18)] 1
[(!((2 | (3 | ((5 | (7 | ((9 | ((11 | (12 | ((15 | 16) | !13))) | !10)) | !8))) | !4))) | !0)) & (17 & 18)] 0
[(!((2 | (3 | ((5 | (7 | ((9 | ((11 | ((13 | (15 | 16)) | !12)) | !10)) | !8))) | !4))) | !0)) & (!(18 | !17))] 0
[(!((2 | (3 | ((5 | (7 | ((9 | ((11 | (((15 | 16) | !13) | !12)) | !10)) | !8))) | !4))) | !0)) & (!(18 | !17))] 1
[(!((2 | (3 | ((5 | (7 | ((9 | ((11 | (12 | (13 | (15 | !16)))) | !10)) | !8))) | !4))) | !0)) & (17 & 18)] 1
[(!((2 | (3 | ((5 | (7 | ((9 | ((11 | (12 | ((15 | !16) | !13))) | !10)) | !8))) | !4))) | !0)) & (17 & 18)] 1
[(!((2 | (3 | ((5 | (7 | ((9 | ((11 | ((13 | (15 | !16)) | !12)) | !10)) | !8))) | !4))) | !0)) & (!(18 | !17))] 0
[(!((2 | (3 | ((5 | (7 | ((9 | ((11 | (((15 | !16) | !13) | !12)) | !10)) | !8))) | !4))) | !0)) & (!(18 | !17))] 0
[(!((2 | (3 | (4 | ((((9 | ((11 | (12 | (14 | (15 | 16)))) | !10)) | !8) | !7) | !5)))) | !0)) & (!(17 | !18))] 1
[(!((2 | (3 | (4 | ((((9 | ((11 | (12 | (14 | (16 | !15)))) | !10)) | !8) | !7) | !5)))) | !0)) & (!(17 | !18))] 1
[(!((2 | (3 | (4 | ((((9 | ((11 | (12 | ((15 | 16) | !14))) | !10)) | !8) | !7) | !5)))) | !0)) & (!(17 | !18))] 2
[(!((2 | (3 | (4 | ((((9 | ((11 | (12 | ((16 | !15) | !14))) | !10)) | !8) | !7) | !5)))) | !0)) & (!(17 | !18))] 1
[(!((2 | (3 | (4 | ((((9 | ((11 | ((14 | (15 | 16)) | !12)) | !10)) | !8) | !7) | !5)))) | !0)) & (!(17 | !18))] 0
[(!((2 | (3 | (4 | ((((9 | ((11 | ((14 | (16 | !15)) | !12)) | !10)) | !8) | !7) | !5)))) | !0)) & (!(17 | !18))] 0
[(!((2 | (3 | (4 | ((((9 | ((11 | (((15 | 16) | !14) | !12)) | !10)) | !8) | !7) | !5)))) | !0)) & (!(17 | !18))] 1
[(!((2 | (3 | (4 | ((((9 | ((11 | (((16 | !15) | !14) | !12)) | !10)) | !8) | !7) | !5)))) | !0)) & (!(17 | !18))] 0
[(!(0 | (2 | (3 | (4 | ((((9 | (10 | (11 | (12 | (14 | (15 | 16)))))) | !8) | !7) | !5)))))) & (!(17 | !18))] 1
[(!(0 | (2 | (3 | (4 | ((((9 | (10 | (11 | (12 | (14 | (16 | !15)))))) | !8) | !7) | !5)))))) & (!(17 | !18))] 1
[(!(0 | (2 | (3 | (4 | ((((9 | (10 | (11 | (12 | ((15 | 16) | !14))))) | !8) | !7) | !5)))))) & (!(17 | !18))] 2
[(!(0 | (2 | (3 | (4 | ((((9 | (10 | (11 | (12 | ((16 | !15) | !14))))) | !8) | !7) | !5)))))) & (!(17 | !18))] 1
[(!(0 | (2 | (3 | (4 | ((((9 | (10 | (11 | ((14 | (15 | 16)) | !12)))) | !8) | !7) | !5)))))) & (!(17 | !18))] 0
[(!(0 | (2 | (3 | (4 | ((((9 | (10 | (11 | ((14 | (16 | !15)) | !12)))) | !8) | !7) | !5)))))) & (!(17 | !18))] 0
[(!(0 | (2 | (3 | (4 | ((((9 | (10 | (11 | (((15 | 16) | !14) | !12)))) | !8) | !7) | !5)))))) & (!(17 | !18))] 0
[(!(0 | (2 | (3 | (4 | ((((9 | (10 | (11 | (((16 | !15) | !14) | !12)))) | !8) | !7) | !5)))))) & (!(17 | !18))] 0
[(!(0 | (2 | ((((((9 | ((11 | (12 | (14 | (16 | !15)))) | !10)) | !8) | !7) | !5) | !4) | !3)))) & (!(17 | !18))] 0
[(!(0 | (2 | ((((((9 | ((11 | ((14 | (16 | !15)) | !12)) | !10)) | !8) | !7) | !5) | !4) | !3)))) & (17 & 18)] 1
[(!(0 | (2 | ((((((9 | ((11 | (12 | (13 | (15 | !16)))) | !10)) | !8) | !7) | !5) | !4) | !3)))) & (t)] 1
[(!(0 | (2 | ((((((9 | ((11 | ((13 | (15 | !16)) | !12)) | !10)) | !8) | !7) | !5) | !4) | !3)))) & (t)] 0
[(!(0 | (2 | ((((((9 | ((11 | (12 | (15 | 16))) | !10)) | !8) | !7) | !5) | !4) | !3)))) & (!(17 | !18))] 0
[(!(0 | (2 | ((((((9 | ((11 | ((15 | 16) | !12)) | !10)) | !8) | !7) | !5) | !4) | !3)))) & (!(18 | !17))] 2
[(!((2 | (3 | ((5 | (((9 | ((11 | (12 | (13 | (15 | 16)))) | !10)) | !8) | !7)) | !4))) | !0)) & (17 & 18)] 1
[(!((2 | (3 | ((5 | (((9 | ((11 | (12 | ((15 | 16) | !13))) | !10)) | !8) | !7)) | !4))) | !0)) & (17 & 18)] 2
[(!((2 | (3 | ((5 | (((9 | ((11 | ((13 | (15 | 16)) | !12)) | !10)) | !8) | !7)) | !4))) | !0)) & (!(18 | !17))] 2
[(!((2 | (3 | ((5 | (((9 | ((11 | (((15 | 16) | !13) | !12)) | !10)) | !8) | !7)) | !4))) | !0)) & (!(18 | !17))] 1
[(!(((3 | ((5 | (7 | ((9 | (((12 | (13 | (15 | 16))) | !11) | !10)) | !8))) | !4)) | !2) | !0)) & (!(18 | !17))] 1
[(!(((3 | ((5 | (7 | ((9 | (((12 | ((15 | 16) | !13)) | !11) | !10)) | !8))) | !4)) | !2) | !0)) & (!(18 | !17))] 2
[(!(((3 | ((5 | (7 | ((9 | ((((13 | (15 | 16)) | !12) | !11) | !10)) | !8))) | !4)) | !2) | !0)) & (!(18 | !17))] 0
[(!(((3 | ((5 | (7 | ((9 | (((((15 | 16) | !13) | !12) | !11) | !10)) | !8))) | !4)) | !2) | !0)) & (!(18 | !17))] 1
[(!(((3 | (((7 | ((9 | (((12 | (15 | 16)) | !11) | !10)) | !8)) | !5) | !4)) | !2) | !0)) & (!(18 | !17))] 1
[(!(((3 | (((7 | ((9 | ((((15 | 16) | !12) | !11) | !10)) | !8)) | !5) | !4)) | !2) | !0)) & (!(18 | !17))] 2
[(!((2 | (3 | ((5 | (((9 | ((11 | (12 | (13 | (15 | !16)))) | !10)) | !8) | !7)) | !4))) | !0)) & (17 & 18)] 1
[(!((2 | (3 | ((5 | (((9 | ((11 | (12 | ((15 | !16) | !13))) | !10)) | !8) | !7)) | !4))) | !0)) & (17 & 18)] 1
[(!((2 | (3 | ((5 | (((9 | ((11 | ((13 | (15 | !16)) | !12)) | !10)) | !8) | !7)) | !4))) | !0)) & (!(18 | !17))] 0
[(!((2 | (3 | ((5 | (((9 | ((11 | (((15 | !16) | !13) | !12)) | !10)) | !8) | !7)) | !4))) | !0)) & (!(18 | !17))] 0
[(!(((3 | ((5 | (7 | ((9 | (((12 | (13 | (15 | !16))) | !11) | !10)) | !8))) | !4)) | !2) | !0)) & (!(18 | !17))] 1
[(!(((3 | ((5 | (7 | ((9 | (((12 | ((15 | !16) | !13)) | !11) | !10)) | !8))) | !4)) | !2) | !0)) & (!(18 | !17))] 2
[(!(((3 | ((5 | (7 | ((9 | ((((13 | (15 | !16)) | !12) | !11) | !10)) | !8))) | !4)) | !2) | !0)) & (!(18 | !17))] 0
[(!(((3 | ((5 | (7 | ((9 | (((((15 | !16) | !13) | !12) | !11) | !10)) | !8))) | !4)) | !2) | !0)) & (!(18 | !17))] 0
[(!(((3 | (((7 | ((9 | (((12 | (13 | (15 | !16))) | !11) | !10)) | !8)) | !5) | !4)) | !2) | !0)) & (!(18 | !17))] 2
[(!(((3 | (((7 | ((9 | ((((13 | (15 | !16)) | !12) | !11) | !10)) | !8)) | !5) | !4)) | !2) | !0)) & (!(18 | !17))] 0
[(!((2 | (3 | (4 | ((((9 | (10 | (11 | (12 | (14 | (15 | 16)))))) | !8) | !7) | !5)))) | !0)) & (!(17 | !18))] 1
[(!((2 | (3 | (4 | ((((9 | (10 | (11 | (12 | (14 | (16 | !15)))))) | !8) | !7) | !5)))) | !0)) & (!(17 | !18))] 1
[(!((2 | (3 | (4 | ((((9 | (10 | (11 | (12 | ((15 | 16) | !14))))) | !8) | !7) | !5)))) | !0)) & (!(17 | !18))] 2
[(!((2 | (3 | (4 | ((((9 | (10 | (11 | (12 | ((16 | !15) | !14))))) | !8) | !7) | !5)))) | !0)) & (!(17 | !18))] 1
[(!((2 | (3 | (4 | ((((9 | (10 | (11 | ((14 | (15 | 16)) | !12)))) | !8) | !7) | !5)))) | !0)) & (!(17 | !18))] 0
[(!((2 | (3 | (4 | ((((9 | (10 | (11 | ((14 | (16 | !15)) | !12)))) | !8) | !7) | !5)))) | !0)) & (!(17 | !18))] 0
[(!((2 | (3 | (4 | ((((9 | (10 | (11 | (((15 | 16) | !14) | !12)))) | !8) | !7) | !5)))) | !0)) & (!(17 | !18))] 0
[(!((2 | (3 | (4 | ((((9 | (10 | (11 | (((16 | !15) | !14) | !12)))) | !8) | !7) | !5)))) | !0)) & (!(17 | !18))] 0
[(!(0 | (2 | ((4 | (((((10 | (11 | (12 | (14 | (15 | 16))))) | !9) | !8) | !7) | !5)) | !3)))) & (!(17 | !18))] 1
[(!(0 | (2 | ((4 | (((((11 | (12 | (14 | (16 | !15)))) | !9) | !8) | !7) | !5)) | !3)))) & (t)] 2
[(!(0 | (2 | ((4 | (((((10 | (11 | (12 | ((15 | 16) | !14)))) | !9) | !8) | !7) | !5)) | !3)))) & (!(17 | !18))] 2
[(!(0 | (2 | ((4 | (((((10 | (11 | (12 | ((16 | !15) | !14)))) | !9) | !8) | !7) | !5)) | !3)))) & (t)] 2
[(!(0 | (2 | ((4 | (((((10 | (11 | ((14 | (15 | 16)) | !12))) | !9) | !8) | !7) | !5)) | !3)))) & (17 & 18)] 0
[(!(0 | (2 | ((4 | (((((11 | ((14 | (16 | !15)) | !12)) | !9) | !8) | !7) | !5)) | !3)))) & (t)] 2
[(!(0 | (2 | ((4 | (((((10 | (11 | (((15 | 16) | !14) | !12))) | !9) | !8) | !7) | !5)) | !3)))) & (17 & 18)] 0
[(!(0 | (2 | ((4 | (((((10 | (11 | (((16 | !15) | !14) | !12))) | !9) | !8) | !7) | !5)) | !3)))) & (t)] 0
[(!(0 | (2 | ((4 | ((((((11 | (12 | (14 | (15 | 16)))) | !10) | !9) | !8) | !7) | !5)) | !3)))) & (!(17 | !18))] 1
[(!(0 | (2 | ((4 | ((((((11 | (12 | ((15 | 16) | !14))) | !10) | !9) | !8) | !7) | !5)) | !3)))) & (!(17 | !18))] 2
[(!(0 | (2 | ((4 | ((((((11 | (12 | ((16 | !15) | !14))) | !10) | !9) | !8) | !7) | !5)) | !3)))) & (t)] 1
[(!(0 | (2 | ((4 | ((((((11 | ((14 | (15 | 16)) | !12)) | !10) | !9) | !8) | !7) | !5)) | !3)))) & (17 & 18)] 0
[(!(0 | (2 | ((4 | ((((((11 | (((15 | 16) | !14) | !12)) | !10) | !9) | !8) | !7) | !5)) | !3)))) & (!(18 | !17))] 0
[(!(0 | (2 | ((4 | ((((((11 | (((16 | !15) | !14) | !12)) | !10) | !9) | !8) | !7) | !5)) | !3)))) & (t)] 0
[(!(((3 | ((5 | (((9 | ((11 | (12 | (13 | (15 | 16)))) | !10)) | !8) | !7)) | !4)) | !2) | !0)) & (17 & 18)] 1
[(!(((3 | ((5 | (((9 | ((11 | (12 | ((15 | 16) | !13))) | !10)) | !8) | !7)) | !4)) | !2) | !0)) & (17 & 18)] 2
[(!(((3 | ((5 | (((9 | ((11 | ((13 | (15 | 16)) | !12)) | !10)) | !8) | !7)) | !4)) | !2) | !0)) & (!(18 | !17))] 0
[(!(((3 | ((5 | (((9 | ((11 | (((15 | 16) | !13) | !12)) | !10)) | !8) | !7)) | !4)) | !2) | !0)) & (!(18 | !17))] 1
[(!(((3 | ((5 | (((9 | ((11 | (12 | (13 | (15 | !16)))) | !10)) | !8) | !7)) | !4)) | !2) | !0)) & (17 & 18)] 1
[(!(((3 | ((5 | (((9 | ((11 | (12 | ((15 | !16) | !13))) | !10)) | !8) | !7)) | !4)) | !2) | !0)) & (17 & 18)] 2
[(!(((3 | ((5 | (((9 | ((11 | ((13 | (15 | !16)) | !12)) | !10)) | !8) | !7)) | !4)) | !2) | !0)) & (!(18 | !17))] 0
[(!(((3 | ((5 | (((9 | ((11 | (((15 | !16) | !13) | !12)) | !10)) | !8) | !7)) | !4)) | !2) | !0)) & (!(18 | !17))] 0
[(!((2 | (3 | (4 | (((((10 | (11 | (12 | (14 | (15 | 16))))) | !9) | !8) | !7) | !5)))) | !0)) & (!(17 | !18))] 2
[(!((2 | (3 | (4 | (((((10 | (11 | (12 | (14 | (16 | !15))))) | !9) | !8) | !7) | !5)))) | !0)) & (!(17 | !18))] 1
[(!((2 | (3 | (4 | (((((10 | (11 | (12 | ((15 | 16) | !14)))) | !9) | !8) | !7) | !5)))) | !0)) & (!(17 | !18))] 2
[(!((2 | (3 | (4 | (((((10 | (11 | (12 | ((16 | !15) | !14)))) | !9) | !8) | !7) | !5)))) | !0)) & (!(17 | !18))] 1
[(!((2 | (3 | (4 | (((((10 | (11 | ((14 | (15 | 16)) | !12))) | !9) | !8) | !7) | !5)))) | !0)) & (!(17 | !18))] 0
[(!((2 | (3 | (4 | (((((10 | (11 | ((14 | (16 | !15)) | !12))) | !9) | !8) | !7) | !5)))) | !0)) & (!(17 | !18))] 0
[(!((2 | (3 | (4 | (((((10 | (11 | (((15 | 16) | !14) | !12))) | !9) | !8) | !7) | !5)))) | !0)) & (!(17 | !18))] 0
[(!((2 | (3 | (4 | (((((10 | (11 | (((16 | !15) | !14) | !12))) | !9) | !8) | !7) | !5)))) | !0)) & (!(17 | !18))] 0
State: 2 "[2]"
[(!((2 | (3 | (((((9 | ((11 | (12 | ((15 | !16) | !13))) | !10)) | !8) | !7) | !5) | !4))) | !0)) & (!(18 | !17))] 1
[(!((2 | (3 | (((((9 | ((11 | (((15 | !16) | !13) | !12)) | !10)) | !8) | !7) | !5) | !4))) | !0)) & (!(18 | !17))] 2
[(!((2 | (3 | (((((9 | ((11 | (12 | ((16 | !15) | !14))) | !10)) | !8) | !7) | !5) | !4))) | !0)) & (t)] 2
[(!((2 | (3 | (((((9 | ((11 | (((16 | !15) | !14) | !12)) | !10)) | !8) | !7) | !5) | !4))) | !0)) & (t)] 1
[(!(((3 | (((7 | ((9 | (((12 | ((15 | !16) | !13)) | !11) | !10)) | !8)) | !5) | !4)) | !2) | !0)) & (!(17 | !18))] 0
[(!(((3 | (((7 | ((9 | (((((15 | !16) | !13) | !12) | !11) | !10)) | !8)) | !5) | !4)) | !2) | !0)) & (!(18 | !17))] 2
[(!(0 | (2 | ((((((9 | ((11 | (12 | ((15 | !16) | !13))) | !10)) | !8) | !7) | !5) | !4) | !3)))) & (t)] 1
[(!(0 | (2 | ((((((9 | ((11 | (((15 | !16) | !13) | !12)) | !10)) | !8) | !7) | !5) | !4) | !3)))) & (t)] 2
[(0 & (2 & (3 | ((5 & (7 | ((9 | ((15 | !11) | !10)) | !8)) | !5 & (7 & ((9 | ((11 | 15) | !10)) | !8) | !7 & ((9 | ((15 | !11) | !10)) | !8))) | !4)) | !2 & (3 | (4 & (5 & (((9 | ((11 | (15 & 16)) | !10)) | !8) | !7) | !5 & ((9 | ((11 | 15) | !10)) | !8)) | !4 & ((((9 & (10 | (11 | 16)) | !9 & (11 | 16)) | !8) | !7) | !5)))) | !0 & (2 | (3 & (4 & ((((9 | ((11 | (15 & 16)) | !10)) | !8) | !7) | !5) | !4 & (((((11 | 16) | !9) | !8) | !7) | !5)) | !3 & (4 & ((7 | ((9 | ((11 | (13 | (14 | (15 | 16)))) | !10)) | !8)) | !5) | !4 & ((((9 | (11 | 16)) | !8) | !7) | !5))))) & (t)] 0
[(!(0 | (2 | ((((((9 | ((11 | (12 | ((16 | !15) | !14))) | !10)) | !8) | !7) | !5) | !4) | !3)))) & (!(17 | !18))] 0
[(!(0 | (2 | ((((((9 | ((11 | (((16 | !15) | !14) | !12)) | !10)) | !8) | !7) | !5) | !4) | !3)))) & (!(17 | !18))] 1
[(!(0 | (2 | (3 | (((7 | ((9 | ((11 | (12 | (13 | (14 | (15 | 16))))) | !10)) | !8)) | !5) | !4))))) & (!(17 | !18))] 0
[(!(0 | (2 | (3 | (((7 | ((9 | ((11 | ((13 | (14 | (15 | 16))) | !12)) | !10)) | !8)) | !5) | !4))))) & (!(18 | !17))] 2
[(!((2 | (3 | (((((9 | ((11 | (12 | (14 | (16 | !15)))) | !10)) | !8) | !7) | !5) | !4))) | !0)) & (t)] 0
[(!((2 | (3 | (((((9 | ((11 | ((14 | (16 | !15)) | !12)) | !10)) | !8) | !7) | !5) | !4))) | !0)) & (t)] 0
[(!((2 | (3 | (((((9 | ((11 | (12 | (13 | (15 | !16)))) | !10)) | !8) | !7) | !5) | !4))) | !0)) & (!(18 | !17))] 1
[(!((2 | (3 | (((((9 | ((11 | ((13 | (15 | !16)) | !12)) | !10)) | !8) | !7) | !5) | !4))) | !0)) & (!(18 | !17))] 0
[(!((2 | (3 | (((((9 | ((11 | (12 | (15 | 16))) | !10)) | !8) | !7) | !5) | !4))) | !0)) & (!(18 | !17))] 1
[(!((2 | (3 | (((((9 | ((11 | ((15 | 16) | !12)) | !10)) | !8) | !7) | !5) | !4))) | !0)) & (!(18 | !17))] 2
[(!(0 | (2 | (3 | (4 | ((((9 | ((11 | (12 | (14 | (15 | 16)))) | !10)) | !8) | !7) | !5)))))) & (t)] 2
[(!(0 | (2 | (3 | (4 | ((((9 | ((11 | (12 | (14 | (16 | !15)))) | !10)) | !8) | !7) | !5)))))) & (t)] 2
[(!(0 | (2 | (3 | (4 | ((((9 | ((11 | (12 | ((15 | 16) | !14))) | !10)) | !8) | !7) | !5)))))) & (t)] 0
[(!(0 | (2 | (3 | (4 | ((((9 | ((11 | (12 | ((16 | !15) | !14))) | !10)) | !8) | !7) | !5)))))) & (t)] 0
[(!(0 | (2 | (3 | (4 | ((((9 | ((11 | ((14 | (15 | 16)) | !12)) | !10)) | !8) | !7) | !5)))))) & (t)] 2
[(!(0 | (2 | (3 | (4 | ((((9 | ((11 | ((14 | (16 | !15)) | !12)) | !10)) | !8) | !7) | !5)))))) & (t)] 2
[(!(0 | (2 | (3 | (4 | ((((9 | ((11 | (((15 | 16) | !14) | !12)) | !10)) | !8) | !7) | !5)))))) & (t)] 2
[(!(0 | (2 | (3 | (4 | ((((9 | ((11 | (((16 | !15) | !14) | !12)) | !10)) | !8) | !7) | !5)))))) & (t)] 1
[(!((2 | (3 | ((5 | (7 | ((9 | ((11 | (12 | (13 | (15 | 16)))) | !10)) | !8))) | !4))) | !0)) & (17 & 18)] 1
[(!((2 | (3 | ((5 | (7 | ((9 | ((11 | (12 | ((15 | 16) | !13))) | !10)) | !8))) | !4))) | !0)) & (17 & 18)] 2
[(!((2 | (3 | ((5 | (7 | ((9 | ((11 | ((13 | (15 | 16)) | !12)) | !10)) | !8))) | !4))) | !0)) & (!(18 | !17))] 0
[(!((2 | (3 | ((5 | (7 | ((9 | ((11 | (((15 | 16) | !13) | !12)) | !10)) | !8))) | !4))) | !0)) & (!(18 | !17))] 1
[(!((2 | (3 | ((5 | (7 | ((9 | ((11 | (12 | (13 | (15 | !16)))) | !10)) | !8))) | !4))) | !0)) & (17 & 18)] 1
[(!((2 | (3 | ((5 | (7 | ((9 | ((11 | (12 | ((15 | !16) | !13))) | !10)) | !8))) | !4))) | !0)) & (17 & 18)] 1
[(!((2 | (3 | ((5 | (7 | ((9 | ((11 | ((13 | (15 | !16)) | !12)) | !10)) | !8))) | !4))) | !0)) & (!(18 | !17))] 0
[(!((2 | (3 | ((5 | (7 | ((9 | ((11 | (((15 | !16) | !13) | !12)) | !10)) | !8))) | !4))) | !0)) & (!(18 | !17))] 0
[(!((2 | (3 | (4 | ((((9 | ((11 | (12 | (14 | (15 | 16)))) | !10)) | !8) | !7) | !5)))) | !0)) & (t)] 1
[(!((2 | (3 | (4 | ((((9 | ((11 | (12 | (14 | (16 | !15)))) | !10)) | !8) | !7) | !5)))) | !0)) & (t)] 1
[(!((2 | (3 | (4 | ((((9 | ((11 | (12 | ((15 | 16) | !14))) | !10)) | !8) | !7) | !5)))) | !0)) & (t)] 2
[(!((2 | (3 | (4 | ((((9 | ((11 | (12 | ((16 | !15) | !14))) | !10)) | !8) | !7) | !5)))) | !0)) & (t)] 0
[(!((2 | (3 | (4 | ((((9 | ((11 | ((14 | (15 | 16)) | !12)) | !10)) | !8) | !7) | !5)))) | !0)) & (t)] 0
[(!((2 | (3 | (4 | ((((9 | ((11 | ((14 | (16 | !15)) | !12)) | !10)) | !8) | !7) | !5)))) | !0)) & (t)] 0
[(!((2 | (3 | (4 | ((((9 | ((11 | (((15 | 16) | !14) | !12)) | !10)) | !8) | !7) | !5)))) | !0)) & (t)] 1
[(!((2 | (3 | (4 | ((((9 | ((11 | (((16 | !15) | !14) | !12)) | !10)) | !8) | !7) | !5)))) | !0)) & (t)] 2
[(!(0 | (2 | (3 | (4 | ((((9 | (10 | (11 | (12 | (14 | (15 | 16)))))) | !8) | !7) | !5)))))) & (t)] 0
[(!(0 | (2 | (3 | (4 | ((((9 | (10 | (11 | (12 | (14 | (16 | !15)))))) | !8) | !7) | !5)))))) & (t)] 1
[(!(0 | (2 | (3 | (4 | ((((9 | (10 | (11 | (12 | ((15 | 16) | !14))))) | !8) | !7) | !5)))))) & (t)] 0
[(!(0 | (2 | (3 | (4 | ((((9 | (10 | (11 | (12 | ((16 | !15) | !14))))) | !8) | !7) | !5)))))) & (t)] 1
[(!(0 | (2 | (3 | (4 | ((((9 | (10 | (11 | ((14 | (15 | 16)) | !12)))) | !8) | !7) | !5)))))) & (t)] 2
[(!(0 | (2 | (3 | (4 | ((((9 | (10 | (11 | ((14 | (16 | !15)) | !12)))) | !8) | !7) | !5)))))) & (t)] 2
[(!(0 | (2 | (3 | (4 | ((((9 | (10 | (11 | (((15 | 16) | !14) | !12)))) | !8) | !7) | !5)))))) & (t)] 1
[(!(0 | (2 | (3 | (4 | ((((9 | (10 | (11 | (((16 | !15) | !14) | !12)))) | !8) | !7) | !5)))))) & (t)] 2
[(!(0 | (2 | ((((((9 | ((11 | (12 | (14 | (16 | !15)))) | !10)) | !8) | !7) | !5) | !4) | !3)))) & (!(17 | !18))] 0
[(!(0 | (2 | ((((((9 | ((11 | ((14 | (16 | !15)) | !12)) | !10)) | !8) | !7) | !5) | !4) | !3)))) & (!(17 | !18))] 1
[(!(0 | (2 | ((((((9 | ((11 | (12 | (13 | (15 | !16)))) | !10)) | !8) | !7) | !5) | !4) | !3)))) & (t)] 2
[(!(0 | (2 | ((((((9 | ((11 | ((13 | (15 | !16)) | !12)) | !10)) | !8) | !7) | !5) | !4) | !3)))) & (t)] 2
[(!(0 | (2 | ((((((9 | ((11 | (12 | (15 | 16))) | !10)) | !8) | !7) | !5) | !4) | !3)))) & (!(17 | !18))] 0
[(!(0 | (2 | ((((((9 | ((11 | ((15 | 16) | !12)) | !10)) | !8) | !7) | !5) | !4) | !3)))) & (!(17 | !18))] 1
[(!((2 | (3 | ((5 | (((9 | ((11 | (12 | (13 | (15 | 16)))) | !10)) | !8) | !7)) | !4))) | !0)) & (!(18 | !17))] 1
[(!((2 | (3 | ((5 | (((9 | ((11 | (12 | ((15 | 16) | !13))) | !10)) | !8) | !7)) | !4))) | !0)) & (!(18 | !17))] 0
[(!((2 | (3 | ((5 | (((9 | ((11 | ((13 | (15 | 16)) | !12)) | !10)) | !8) | !7)) | !4))) | !0)) & (!(18 | !17))] 0
[(!((2 | (3 | ((5 | (((9 | ((11 | (((15 | 16) | !13) | !12)) | !10)) | !8) | !7)) | !4))) | !0)) & (!(18 | !17))] 1
[(!(((3 | ((5 | (7 | ((9 | (((12 | (13 | (15 | 16))) | !11) | !10)) | !8))) | !4)) | !2) | !0)) & (17 & 18)] 2
[(!(((3 | ((5 | (7 | ((9 | (((12 | ((15 | 16) | !13)) | !11) | !10)) | !8))) | !4)) | !2) | !0)) & (17 & 18)] 0
[(!(((3 | ((5 | (7 | ((9 | ((((13 | (15 | 16)) | !12) | !11) | !10)) | !8))) | !4)) | !2) | !0)) & (!(18 | !17))] 0
[(!(((3 | ((5 | (7 | ((9 | (((((15 | 16) | !13) | !12) | !11) | !10)) | !8))) | !4)) | !2) | !0)) & (!(18 | !17))] 1
[(!(((3 | (((7 | ((9 | (((12 | (15 | 16)) | !11) | !10)) | !8)) | !5) | !4)) | !2) | !0)) & (!(17 | !18))] 0
[(!(((3 | (((7 | ((9 | ((((15 | 16) | !12) | !11) | !10)) | !8)) | !5) | !4)) | !2) | !0)) & (!(18 | !17))] 2
[(!((2 | (3 | ((5 | (((9 | ((11 | (12 | (13 | (15 | !16)))) | !10)) | !8) | !7)) | !4))) | !0)) & (!(18 | !17))] 1
[(!((2 | (3 | ((5 | (((9 | ((11 | (12 | ((15 | !16) | !13))) | !10)) | !8) | !7)) | !4))) | !0)) & (!(18 | !17))] 1
[(!((2 | (3 | ((5 | (((9 | ((11 | ((13 | (15 | !16)) | !12)) | !10)) | !8) | !7)) | !4))) | !0)) & (!(18 | !17))] 0
[(!((2 | (3 | ((5 | (((9 | ((11 | (((15 | !16) | !13) | !12)) | !10)) | !8) | !7)) | !4))) | !0)) & (!(18 | !17))] 0
[(!(((3 | ((5 | (7 | ((9 | (((12 | (13 | (15 | !16))) | !11) | !10)) | !8))) | !4)) | !2) | !0)) & (!(18 | !17))] 2
[(!(((3 | ((5 | (7 | ((9 | (((12 | ((15 | !16) | !13)) | !11) | !10)) | !8))) | !4)) | !2) | !0)) & (17 & 18)] 1
[(!(((3 | ((5 | (7 | ((9 | ((((13 | (15 | !16)) | !12) | !11) | !10)) | !8))) | !4)) | !2) | !0)) & (!(18 | !17))] 0
[(!(((3 | ((5 | (7 | ((9 | (((((15 | !16) | !13) | !12) | !11) | !10)) | !8))) | !4)) | !2) | !0)) & (!(18 | !17))] 0
[(!(((3 | (((7 | ((9 | (((12 | (13 | (15 | !16))) | !11) | !10)) | !8)) | !5) | !4)) | !2) | !0)) & (!(18 | !17))] 1
[(!(((3 | (((7 | ((9 | ((((13 | (15 | !16)) | !12) | !11) | !10)) | !8)) | !5) | !4)) | !2) | !0)) & (!(18 | !17))] 0
[(!((2 | (3 | (4 | ((((9 | (10 | (11 | (12 | (14 | (15 | 16)))))) | !8) | !7) | !5)))) | !0)) & (t)] 0
[(!((2 | (3 | (4 | ((((9 | (10 | (11 | (12 | (14 | (16 | !15)))))) | !8) | !7) | !5)))) | !0)) & (t)] 2
[(!((2 | (3 | (4 | ((((9 | (10 | (11 | (12 | ((15 | 16) | !14))))) | !8) | !7) | !5)))) | !0)) & (t)] 2
[(!((2 | (3 | (4 | ((((9 | (10 | (11 | (12 | ((16 | !15) | !14))))) | !8) | !7) | !5)))) | !0)) & (t)] 2
[(!((2 | (3 | (4 | ((((9 | (10 | (11 | ((14 | (15 | 16)) | !12)))) | !8) | !7) | !5)))) | !0)) & (t)] 1
[(!((2 | (3 | (4 | ((((9 | (10 | (11 | ((14 | (16 | !15)) | !12)))) | !8) | !7) | !5)))) | !0)) & (t)] 2
[(!((2 | (3 | (4 | ((((9 | (10 | (11 | (((15 | 16) | !14) | !12)))) | !8) | !7) | !5)))) | !0)) & (t)] 2
[(!((2 | (3 | (4 | ((((9 | (10 | (11 | (((16 | !15) | !14) | !12)))) | !8) | !7) | !5)))) | !0)) & (t)] 2
[(!(0 | (2 | ((4 | (((((10 | (11 | (12 | (14 | (15 | 16))))) | !9) | !8) | !7) | !5)) | !3)))) & (!(17 | !18))] 1
[(!(0 | (2 | ((4 | (((((11 | (12 | (14 | (16 | !15)))) | !9) | !8) | !7) | !5)) | !3)))) & (!(17 | !18))] 1
[(!(0 | (2 | ((4 | (((((10 | (11 | (12 | ((15 | 16) | !14)))) | !9) | !8) | !7) | !5)) | !3)))) & (!(17 | !18))] 2
[(!(0 | (2 | ((4 | (((((10 | (11 | (12 | ((16 | !15) | !14)))) | !9) | !8) | !7) | !5)) | !3)))) & (!(17 | !18))] 2
[(!(0 | (2 | ((4 | (((((10 | (11 | ((14 | (15 | 16)) | !12))) | !9) | !8) | !7) | !5)) | !3)))) & (!(17 | !18))] 0
[(!(0 | (2 | ((4 | (((((11 | ((14 | (16 | !15)) | !12)) | !9) | !8) | !7) | !5)) | !3)))) & (!(17 | !18))] 0
[(!(0 | (2 | ((4 | (((((10 | (11 | (((15 | 16) | !14) | !12))) | !9) | !8) | !7) | !5)) | !3)))) & (!(17 | !18))] 0
[(!(0 | (2 | ((4 | (((((10 | (11 | (((16 | !15) | !14) | !12))) | !9) | !8) | !7) | !5)) | !3)))) & (!(17 | !18))] 0
[(!(0 | (2 | ((4 | ((((((11 | (12 | (14 | (15 | 16)))) | !10) | !9) | !8) | !7) | !5)) | !3)))) & (!(17 | !18))] 1
[(!(0 | (2 | ((4 | ((((((11 | (12 | ((15 | 16) | !14))) | !10) | !9) | !8) | !7) | !5)) | !3)))) & (!(17 | !18))] 2
[(!(0 | (2 | ((4 | ((((((11 | (12 | ((16 | !15) | !14))) | !10) | !9) | !8) | !7) | !5)) | !3)))) & (!(17 | !18))] 1
[(!(0 | (2 | ((4 | ((((((11 | ((14 | (15 | 16)) | !12)) | !10) | !9) | !8) | !7) | !5)) | !3)))) & (!(17 | !18))] 0
[(!(0 | (2 | ((4 | ((((((11 | (((15 | 16) | !14) | !12)) | !10) | !9) | !8) | !7) | !5)) | !3)))) & (!(17 | !18))] 1
[(!(0 | (2 | ((4 | ((((((11 | (((16 | !15) | !14) | !12)) | !10) | !9) | !8) | !7) | !5)) | !3)))) & (!(17 | !18))] 0
[(!(((3 | ((5 | (((9 | ((11 | (12 | (13 | (15 | 16)))) | !10)) | !8) | !7)) | !4)) | !2) | !0)) & (17 & 18)] 2
[(!(((3 | ((5 | (((9 | ((11 | (12 | ((15 | 16) | !13))) | !10)) | !8) | !7)) | !4)) | !2) | !0)) & (17 & 18)] 0
[(!(((3 | ((5 | (((9 | ((11 | ((13 | (15 | 16)) | !12)) | !10)) | !8) | !7)) | !4)) | !2) | !0)) & (!(18 | !17))] 0
[(!(((3 | ((5 | (((9 | ((11 | (((15 | 16) | !13) | !12)) | !10)) | !8) | !7)) | !4)) | !2) | !0)) & (!(18 | !17))] 1
[(!(((3 | ((5 | (((9 | ((11 | (12 | (13 | (15 | !16)))) | !10)) | !8) | !7)) | !4)) | !2) | !0)) & (!(18 | !17))] 2
[(!(((3 | ((5 | (((9 | ((11 | (12 | ((15 | !16) | !13))) | !10)) | !8) | !7)) | !4)) | !2) | !0)) & (17 & 18)] 2
[(!(((3 | ((5 | (((9 | ((11 | ((13 | (15 | !16)) | !12)) | !10)) | !8) | !7)) | !4)) | !2) | !0)) & (!(18 | !17))] 0
[(!(((3 | ((5 | (((9 | ((11 | (((15 | !16) | !13) | !12)) | !10)) | !8) | !7)) | !4)) | !2) | !0)) & (!(18 | !17))] 0
[(!((2 | (3 | (4 | (((((10 | (11 | (12 | (14 | (15 | 16))))) | !9) | !8) | !7) | !5)))) | !0)) & (!(17 | !18))] 1
[(!((2 | (3 | (4 | (((((10 | (11 | (12 | (14 | (16 | !15))))) | !9) | !8) | !7) | !5)))) | !0)) & (!(17 | !18))] 1
[(!((2 | (3 | (4 | (((((10 | (11 | (12 | ((15 | 16) | !14)))) | !9) | !8) | !7) | !5)))) | !0)) & (!(17 | !18))] 2
[(!((2 | (3 | (4 | (((((10 | (11 | (12 | ((16 | !15) | !14)))) | !9) | !8) | !7) | !5)))) | !0)) & (!(17 | !18))] 2
[(!((2 | (3 | (4 | (((((10 | (11 | ((14 | (15 | 16)) | !12))) | !9) | !8) | !7) | !5)))) | !0)) & (!(17 | !18))] 0
[(!((2 | (3 | (4 | (((((10 | (11 | ((14 | (16 | !15)) | !12))) | !9) | !8) | !7) | !5)))) | !0)) & (!(17 | !18))] 0
[(!((2 | (3 | (4 | (((((10 | (11 | (((15 | 16) | !14) | !12))) | !9) | !8) | !7) | !5)))) | !0)) & (!(17 | !18))] 0
[(!((2 | (3 | (4 | (((((10 | (11 | (((16 | !15) | !14) | !12))) | !9) | !8) | !7) | !5)))) | !0)) & (!(17 | !18))] 0
--END--
Synthesis took:  56704.217195510864 ms
