Processing program.
spec contains 3 APs (['move', 'obstacle', 'goal'])
Starting abstract synthesis loop.
adding (x_prev < x), (x_prev > x), (0 <= x), (x >= 0), (x <= 0) to predicate abstraction
constructing LTL abstraction
ltl abstraction took: 0.0010044574737548828
running LTL synthesis
Realizable.
REALIZABLE
HOA: v1
tool: "strix" "21.0.0"
States: 3
Start: 1
AP: 13 "pred__x_GTEQ_0_" "pred__0_LTEQ_x_" "move" "goal" "pred__xprev_LT_x_" "setvars" "pred__xprev_GT_x_" "pred__x_LTEQ_0_" "obstacle" "estay" "einc" "cstay" "cinc"
controllable-AP: 11 12
acc-name: all
Acceptance: 0 t
--BODY--
State: 0 "[0]"
[(0 & ((2 & (3 | (4 & (5 | (6 | !7)) | !4 & 5)) | !2 & (3 & (4 | (5 | (6 | !7))) | !3 & (4 & (6 | !5) | !4 & !(5 & (6 | 7))))) | !1) | !0 & (1 | (2 & (3 | (5 | (6 | !7))) | !2 & (3 | (4 & ((6 | !7) | !5) | !4 & !(5 & (6 & 7))))))) & (t)] 1
[(!(((2 | ((4 | (5 | (6 | (8 | !7)))) | !3)) | !1) | !0)) & (t)] 1
[(!(((2 | ((4 | (5 | (6 | !(7 & 8)))) | !3)) | !1) | !0)) & (t)] 0
[(!(0 | (1 | ((3 | (4 | (5 | (6 | (8 | !7))))) | !2)))) & (!11)] 1
[(!(0 | (1 | ((3 | (4 | (5 | (6 | !(7 & 8))))) | !2)))) & (t)] 0
[(!((((3 | (4 | (5 | (6 | (7 | 8))))) | !2) | !1) | !0)) & (!11)] 2
[(!((((3 | (4 | (5 | (6 | (7 | !8))))) | !2) | !1) | !0)) & (t)] 2
[(!(((2 | (3 | (4 | ((6 | ((8 | 9) | !7)) | !5)))) | !1) | !0)) & (t)] 0
[(!(((2 | (3 | (4 | ((6 | ((8 | (10 | !9)) | !7)) | !5)))) | !1) | !0)) & (t)] 0
[(!(((2 | (3 | (4 | ((6 | ((8 | !(9 & 10)) | !7)) | !5)))) | !1) | !0)) & (t)] 0
[(!(((2 | (3 | (4 | ((6 | ((9 | !8) | !7)) | !5)))) | !1) | !0)) & (t)] 1
[(!(((2 | (3 | (4 | ((6 | (((10 | !9) | !8) | !7)) | !5)))) | !1) | !0)) & (t)] 1
[(!(((2 | (3 | (4 | ((6 | !(7 & (8 & (9 & 10)))) | !5)))) | !1) | !0)) & (t)] 2
[(!(0 | (1 | ((3 | ((5 | (6 | (8 | !7))) | !4)) | !2)))) & (t)] 0
[(!(0 | (1 | ((3 | ((5 | (6 | !(7 & 8))) | !4)) | !2)))) & (t)] 1
[(!((((3 | (4 | (5 | ((7 | 8) | !6)))) | !2) | !1) | !0)) & (t)] 2
[(!((((3 | (4 | (5 | ((7 | !8) | !6)))) | !2) | !1) | !0)) & (t)] 2
[(!((((3 | (4 | (5 | (6 | (8 | !7))))) | !2) | !1) | !0)) & (t)] 0
[(!((((3 | (4 | (5 | (6 | !(7 & 8))))) | !2) | !1) | !0)) & (t)] 0
[(!(0 | (1 | (2 | (3 | (4 | ((((8 | 9) | !7) | !6) | !5))))))) & (t)] 1
[(!(0 | (1 | (2 | (3 | (4 | ((((8 | (10 | !9)) | !7) | !6) | !5))))))) & (t)] 0
[(!(0 | (1 | (2 | (3 | (4 | ((((8 | !(9 & 10)) | !7) | !6) | !5))))))) & (t)] 1
[(!(0 | (1 | (2 | (3 | (4 | ((((9 | !8) | !7) | !6) | !5))))))) & (t)] 1
[(!(0 | (1 | (2 | (3 | (4 | (((((10 | !9) | !8) | !7) | !6) | !5))))))) & (t)] 0
[(!(0 | (1 | (2 | (3 | (4 | !(5 & (6 & (7 & (8 & (9 & 10))))))))))) & (t)] 1
[(!(((2 | (3 | (((6 | (7 | (8 | 9))) | !5) | !4))) | !1) | !0)) & (t)] 0
[(!(((2 | (3 | (((6 | (7 | (8 | (10 | !9)))) | !5) | !4))) | !1) | !0)) & (t)] 1
[(!(((2 | (3 | (((6 | (7 | (8 | !(9 & 10)))) | !5) | !4))) | !1) | !0)) & (t)] 0
[(!(((2 | (3 | (((6 | (7 | (9 | !8))) | !5) | !4))) | !1) | !0)) & (t)] 0
[(!(((2 | (3 | (((6 | (7 | ((10 | !9) | !8))) | !5) | !4))) | !1) | !0)) & (t)] 1
[(!(((2 | (3 | (((6 | (7 | !(8 & (9 & 10)))) | !5) | !4))) | !1) | !0)) & (t)] 0
[(!((((3 | ((5 | (6 | !7)) | !4)) | !2) | !1) | !0)) & (t)] 2
[(!((((3 | (4 | (5 | !(6 & 7)))) | !2) | !1) | !0)) & (t)] 0
[(!(0 | (1 | (2 | (3 | (((6 | ((8 | 9) | !7)) | !5) | !4)))))) & (t)] 1
[(!(0 & ((2 | (3 | (((6 | ((8 | (10 | !9)) | !7)) | !5) | !4))) | !1) | !0 & (1 | (2 | (3 | (((6 | ((8 | (10 | !9)) | !7)) | !5) | !4)))))) & (t)] 0
[(!(0 | (1 | (2 | (3 | (((6 | ((8 | !(9 & 10)) | !7)) | !5) | !4)))))) & (t)] 1
[(!(0 | (1 | (2 | (3 | (((6 | ((9 | !8) | !7)) | !5) | !4)))))) & (t)] 0
[(!(0 & ((2 | (3 | (((6 | (((10 | !9) | !8) | !7)) | !5) | !4))) | !1) | !0 & (1 | (2 | (3 | (((6 | (((10 | !9) | !8) | !7)) | !5) | !4)))))) & (t)] 1
[(!(0 | (1 | (2 | (3 | (((6 | !(7 & (8 & (9 & 10)))) | !5) | !4)))))) & (t)] 0
[(!(((2 | (3 | (((6 | ((8 | 9) | !7)) | !5) | !4))) | !1) | !0)) & (t)] 0
[(!(((2 | (3 | (((6 | ((8 | !(9 & 10)) | !7)) | !5) | !4))) | !1) | !0)) & (t)] 0
[(!(((2 | (3 | (((6 | ((9 | !8) | !7)) | !5) | !4))) | !1) | !0)) & (t)] 1
[(!(((2 | (3 | (((6 | !(7 & (8 & (9 & 10)))) | !5) | !4))) | !1) | !0)) & (t)] 1
[(!(((2 | (3 | (4 | (((7 | (8 | 9)) | !6) | !5)))) | !1) | !0)) & (t)] 0
[(!(((2 | (3 | (4 | (((7 | (8 | (10 | !9))) | !6) | !5)))) | !1) | !0)) & (t)] 1
[(!(((2 | (3 | (4 | (((8 | !(9 & 10)) | !6) | !5)))) | !1) | !0)) & (t)] 0
[(!(((2 | (3 | (4 | (((7 | (9 | !8)) | !6) | !5)))) | !1) | !0)) & (t)] 1
[(!(((2 | (3 | (4 | (((7 | ((10 | !9) | !8)) | !6) | !5)))) | !1) | !0)) & (t)] 0
[(!(((2 | (3 | (4 | !(5 & (6 & (8 & (9 & 10))))))) | !1) | !0)) & (t)] 2
[(!(((2 | (3 | (4 | ((((8 | 9) | !7) | !6) | !5)))) | !1) | !0)) & (t)] 0
[(!(((2 | (3 | (4 | ((((8 | (10 | !9)) | !7) | !6) | !5)))) | !1) | !0)) & (t)] 0
[(!(((2 | (3 | (4 | ((((9 | !8) | !7) | !6) | !5)))) | !1) | !0)) & (t)] 1
[(!(((2 | (3 | (4 | (((((10 | !9) | !8) | !7) | !6) | !5)))) | !1) | !0)) & (t)] 1
State: 1 "[1]"
[(0 & ((2 & (3 | (4 & (5 | (6 | !7)) | !4 & 5)) | !2 & (3 & (4 | (5 | (6 | !7))) | !3 & (4 & (6 | !5) | !4 & !(5 & (6 | 7))))) | !1) | !0 & (1 | (2 & (3 | (5 | (6 | !7))) | !2 & (3 | (4 & ((6 | !7) | !5) | !4 & !(5 & (6 & 7))))))) & (t)] 0
[(!(((2 | ((4 | (5 | (6 | (8 | !7)))) | !3)) | !1) | !0)) & (t)] 1
[(!(((2 | ((4 | (5 | (6 | !(7 & 8)))) | !3)) | !1) | !0)) & (t)] 1
[(!(0 | (1 | ((3 | (4 | (5 | (6 | (8 | !7))))) | !2)))) & (!11)] 2
[(!(0 | (1 | ((3 | (4 | (5 | (6 | !(7 & 8))))) | !2)))) & (t)] 2
[(!((((3 | (4 | (5 | (6 | (7 | 8))))) | !2) | !1) | !0)) & (!11)] 0
[(!((((3 | (4 | (5 | (6 | (7 | !8))))) | !2) | !1) | !0)) & (t)] 1
[(!(((2 | (3 | (4 | ((6 | ((8 | 9) | !7)) | !5)))) | !1) | !0)) & (t)] 0
[(!(((2 | (3 | (4 | ((6 | ((8 | (10 | !9)) | !7)) | !5)))) | !1) | !0)) & (t)] 0
[(!(((2 | (3 | (4 | ((6 | ((8 | !(9 & 10)) | !7)) | !5)))) | !1) | !0)) & (t)] 0
[(!(((2 | (3 | (4 | ((6 | ((9 | !8) | !7)) | !5)))) | !1) | !0)) & (t)] 0
[(!(((2 | (3 | (4 | ((6 | (((10 | !9) | !8) | !7)) | !5)))) | !1) | !0)) & (t)] 0
[(!(((2 | (3 | (4 | ((6 | !(7 & (8 & (9 & 10)))) | !5)))) | !1) | !0)) & (t)] 0
[(!(0 | (1 | ((3 | ((5 | (6 | (8 | !7))) | !4)) | !2)))) & (t)] 2
[(!(0 | (1 | ((3 | ((5 | (6 | !(7 & 8))) | !4)) | !2)))) & (t)] 2
[(!((((3 | (4 | (5 | ((7 | 8) | !6)))) | !2) | !1) | !0)) & (!11)] 2
[(!((((3 | (4 | (5 | ((7 | !8) | !6)))) | !2) | !1) | !0)) & (t)] 2
[(!((((3 | (4 | (5 | (6 | (8 | !7))))) | !2) | !1) | !0)) & (t)] 1
[(!((((3 | (4 | (5 | (6 | !(7 & 8))))) | !2) | !1) | !0)) & (t)] 0
[(!(0 | (1 | (2 | (3 | (4 | ((((8 | 9) | !7) | !6) | !5))))))) & (t)] 1
[(!(0 | (1 | (2 | (3 | (4 | ((((8 | (10 | !9)) | !7) | !6) | !5))))))) & (t)] 0
[(!(0 | (1 | (2 | (3 | (4 | ((((8 | !(9 & 10)) | !7) | !6) | !5))))))) & (t)] 1
[(!(0 | (1 | (2 | (3 | (4 | ((((9 | !8) | !7) | !6) | !5))))))) & (t)] 0
[(!(0 | (1 | (2 | (3 | (4 | (((((10 | !9) | !8) | !7) | !6) | !5))))))) & (t)] 1
[(!(0 | (1 | (2 | (3 | (4 | !(5 & (6 & (7 & (8 & (9 & 10))))))))))) & (t)] 0
[(!(((2 | (3 | (((6 | (7 | (8 | 9))) | !5) | !4))) | !1) | !0)) & (t)] 0
[(!(((2 | (3 | (((6 | (7 | (8 | (10 | !9)))) | !5) | !4))) | !1) | !0)) & (t)] 1
[(!(((2 | (3 | (((6 | (7 | (8 | !(9 & 10)))) | !5) | !4))) | !1) | !0)) & (t)] 0
[(!(((2 | (3 | (((6 | (7 | (9 | !8))) | !5) | !4))) | !1) | !0)) & (t)] 1
[(!(((2 | (3 | (((6 | (7 | ((10 | !9) | !8))) | !5) | !4))) | !1) | !0)) & (t)] 0
[(!(((2 | (3 | (((6 | (7 | !(8 & (9 & 10)))) | !5) | !4))) | !1) | !0)) & (t)] 1
[(!((((3 | ((5 | (6 | !7)) | !4)) | !2) | !1) | !0)) & (t)] 2
[(!((((3 | (4 | (5 | !(6 & 7)))) | !2) | !1) | !0)) & (t)] 0
[(!(0 | (1 | (2 | (3 | (((6 | ((8 | 9) | !7)) | !5) | !4)))))) & (t)] 1
[(!(0 & ((2 | (3 | (((6 | ((8 | (10 | !9)) | !7)) | !5) | !4))) | !1) | !0 & (1 | (2 | (3 | (((6 | ((8 | (10 | !9)) | !7)) | !5) | !4)))))) & (t)] 0
[(!(0 | (1 | (2 | (3 | (((6 | ((8 | !(9 & 10)) | !7)) | !5) | !4)))))) & (t)] 1
[(!(0 | (1 | (2 | (3 | (((6 | ((9 | !8) | !7)) | !5) | !4)))))) & (t)] 1
[(!(0 & ((2 | (3 | (((6 | (((10 | !9) | !8) | !7)) | !5) | !4))) | !1) | !0 & (1 | (2 | (3 | (((6 | (((10 | !9) | !8) | !7)) | !5) | !4)))))) & (t)] 0
[(!(0 | (1 | (2 | (3 | (((6 | !(7 & (8 & (9 & 10)))) | !5) | !4)))))) & (t)] 1
[(!(((2 | (3 | (((6 | ((8 | 9) | !7)) | !5) | !4))) | !1) | !0)) & (t)] 0
[(!(((2 | (3 | (((6 | ((8 | !(9 & 10)) | !7)) | !5) | !4))) | !1) | !0)) & (t)] 0
[(!(((2 | (3 | (((6 | ((9 | !8) | !7)) | !5) | !4))) | !1) | !0)) & (t)] 0
[(!(((2 | (3 | (((6 | !(7 & (8 & (9 & 10)))) | !5) | !4))) | !1) | !0)) & (t)] 0
[(!(((2 | (3 | (4 | (((7 | (8 | 9)) | !6) | !5)))) | !1) | !0)) & (t)] 0
[(!(((2 | (3 | (4 | (((7 | (8 | (10 | !9))) | !6) | !5)))) | !1) | !0)) & (t)] 1
[(!(((2 | (3 | (4 | (((8 | !(9 & 10)) | !6) | !5)))) | !1) | !0)) & (t)] 0
[(!(((2 | (3 | (4 | (((7 | (9 | !8)) | !6) | !5)))) | !1) | !0)) & (t)] 0
[(!(((2 | (3 | (4 | (((7 | ((10 | !9) | !8)) | !6) | !5)))) | !1) | !0)) & (t)] 1
[(!(((2 | (3 | (4 | !(5 & (6 & (8 & (9 & 10))))))) | !1) | !0)) & (t)] 0
[(!(((2 | (3 | (4 | ((((8 | 9) | !7) | !6) | !5)))) | !1) | !0)) & (t)] 0
[(!(((2 | (3 | (4 | ((((8 | (10 | !9)) | !7) | !6) | !5)))) | !1) | !0)) & (t)] 0
[(!(((2 | (3 | (4 | ((((9 | !8) | !7) | !6) | !5)))) | !1) | !0)) & (t)] 0
[(!(((2 | (3 | (4 | (((((10 | !9) | !8) | !7) | !6) | !5)))) | !1) | !0)) & (t)] 0
State: 2 "[2]"
[(0 & ((2 & (3 | (4 & (5 | (6 | !7)) | !4 & 5)) | !2 & (3 & (4 | (5 | (6 | !7))) | !3 & (4 & (6 | !5) | !4 & !(5 & (6 | 7))))) | !1) | !0 & (1 | (2 & (3 | (5 | (6 | !7))) | !2 & (3 | (4 & ((6 | !7) | !5) | !4 & !(5 & (6 & 7))))))) & (t)] 1
[(!(((2 | ((4 | (5 | (6 | (8 | !7)))) | !3)) | !1) | !0)) & (t)] 1
[(!(((2 | ((4 | (5 | (6 | !(7 & 8)))) | !3)) | !1) | !0)) & (t)] 2
[(!(0 | (1 | ((3 | (4 | (5 | (6 | (8 | !7))))) | !2)))) & (11 & 12)] 2
[(!(0 | (1 | ((3 | (4 | (5 | (6 | !(7 & 8))))) | !2)))) & (t)] 2
[(!((((3 | (4 | (5 | (6 | (7 | 8))))) | !2) | !1) | !0)) & (!(12 | !11))] 1
[(!((((3 | (4 | (5 | (6 | (7 | !8))))) | !2) | !1) | !0)) & (t)] 2
[(!(((2 | (3 | (4 | ((6 | ((8 | 9) | !7)) | !5)))) | !1) | !0)) & (t)] 1
[(!(((2 | (3 | (4 | ((6 | ((8 | (10 | !9)) | !7)) | !5)))) | !1) | !0)) & (t)] 0
[(!(((2 | (3 | (4 | ((6 | ((8 | !(9 & 10)) | !7)) | !5)))) | !1) | !0)) & (t)] 0
[(!(((2 | (3 | (4 | ((6 | ((9 | !8) | !7)) | !5)))) | !1) | !0)) & (t)] 0
[(!(((2 | (3 | (4 | ((6 | (((10 | !9) | !8) | !7)) | !5)))) | !1) | !0)) & (t)] 2
[(!(((2 | (3 | (4 | ((6 | !(7 & (8 & (9 & 10)))) | !5)))) | !1) | !0)) & (t)] 1
[(!(0 | (1 | ((3 | ((5 | (6 | (8 | !7))) | !4)) | !2)))) & (!11)] 2
[(!(0 | (1 | ((3 | ((5 | (6 | !(7 & 8))) | !4)) | !2)))) & (t)] 2
[(!((((3 | (4 | (5 | ((7 | 8) | !6)))) | !2) | !1) | !0)) & (t)] 0
[(!((((3 | (4 | (5 | ((7 | !8) | !6)))) | !2) | !1) | !0)) & (t)] 1
[(!((((3 | (4 | (5 | (6 | (8 | !7))))) | !2) | !1) | !0)) & (t)] 0
[(!((((3 | (4 | (5 | (6 | !(7 & 8))))) | !2) | !1) | !0)) & (t)] 1
[(!(0 | (1 | (2 | (3 | (4 | ((((8 | 9) | !7) | !6) | !5))))))) & (t)] 0
[(!(0 | (1 | (2 | (3 | (4 | ((((8 | (10 | !9)) | !7) | !6) | !5))))))) & (t)] 0
[(!(0 | (1 | (2 | (3 | (4 | ((((8 | !(9 & 10)) | !7) | !6) | !5))))))) & (t)] 2
[(!(0 | (1 | (2 | (3 | (4 | ((((9 | !8) | !7) | !6) | !5))))))) & (t)] 1
[(!(0 | (1 | (2 | (3 | (4 | (((((10 | !9) | !8) | !7) | !6) | !5))))))) & (t)] 0
[(!(0 | (1 | (2 | (3 | (4 | !(5 & (6 & (7 & (8 & (9 & 10))))))))))) & (t)] 2
[(!(((2 | (3 | (((6 | (7 | (8 | 9))) | !5) | !4))) | !1) | !0)) & (t)] 0
[(!(((2 | (3 | (((6 | (7 | (8 | (10 | !9)))) | !5) | !4))) | !1) | !0)) & (t)] 1
[(!(((2 | (3 | (((6 | (7 | (8 | !(9 & 10)))) | !5) | !4))) | !1) | !0)) & (t)] 0
[(!(((2 | (3 | (((6 | (7 | (9 | !8))) | !5) | !4))) | !1) | !0)) & (t)] 1
[(!(((2 | (3 | (((6 | (7 | ((10 | !9) | !8))) | !5) | !4))) | !1) | !0)) & (t)] 0
[(!(((2 | (3 | (((6 | (7 | !(8 & (9 & 10)))) | !5) | !4))) | !1) | !0)) & (t)] 1
[(!((((3 | ((5 | (6 | !7)) | !4)) | !2) | !1) | !0)) & (t)] 0
[(!((((3 | (4 | (5 | !(6 & 7)))) | !2) | !1) | !0)) & (t)] 1
[(!(0 | (1 | (2 | (3 | (((6 | ((8 | 9) | !7)) | !5) | !4)))))) & (t)] 1
[(!(0 & ((2 | (3 | (((6 | ((8 | (10 | !9)) | !7)) | !5) | !4))) | !1) | !0 & (1 | (2 | (3 | (((6 | ((8 | (10 | !9)) | !7)) | !5) | !4)))))) & (t)] 1
[(!(0 | (1 | (2 | (3 | (((6 | ((8 | !(9 & 10)) | !7)) | !5) | !4)))))) & (t)] 0
[(!(0 | (1 | (2 | (3 | (((6 | ((9 | !8) | !7)) | !5) | !4)))))) & (t)] 1
[(!(0 & ((2 | (3 | (((6 | (((10 | !9) | !8) | !7)) | !5) | !4))) | !1) | !0 & (1 | (2 | (3 | (((6 | (((10 | !9) | !8) | !7)) | !5) | !4)))))) & (t)] 2
[(!(0 | (1 | (2 | (3 | (((6 | !(7 & (8 & (9 & 10)))) | !5) | !4)))))) & (t)] 1
[(!(((2 | (3 | (((6 | ((8 | 9) | !7)) | !5) | !4))) | !1) | !0)) & (t)] 0
[(!(((2 | (3 | (((6 | ((8 | !(9 & 10)) | !7)) | !5) | !4))) | !1) | !0)) & (t)] 1
[(!(((2 | (3 | (((6 | ((9 | !8) | !7)) | !5) | !4))) | !1) | !0)) & (t)] 2
[(!(((2 | (3 | (((6 | !(7 & (8 & (9 & 10)))) | !5) | !4))) | !1) | !0)) & (t)] 0
[(!(((2 | (3 | (4 | (((7 | (8 | 9)) | !6) | !5)))) | !1) | !0)) & (t)] 1
[(!(((2 | (3 | (4 | (((7 | (8 | (10 | !9))) | !6) | !5)))) | !1) | !0)) & (t)] 2
[(!(((2 | (3 | (4 | (((8 | !(9 & 10)) | !6) | !5)))) | !1) | !0)) & (t)] 1
[(!(((2 | (3 | (4 | (((7 | (9 | !8)) | !6) | !5)))) | !1) | !0)) & (t)] 1
[(!(((2 | (3 | (4 | (((7 | ((10 | !9) | !8)) | !6) | !5)))) | !1) | !0)) & (t)] 2
[(!(((2 | (3 | (4 | !(5 & (6 & (8 & (9 & 10))))))) | !1) | !0)) & (t)] 0
[(!(((2 | (3 | (4 | ((((8 | 9) | !7) | !6) | !5)))) | !1) | !0)) & (t)] 2
[(!(((2 | (3 | (4 | ((((8 | (10 | !9)) | !7) | !6) | !5)))) | !1) | !0)) & (t)] 1
[(!(((2 | (3 | (4 | ((((9 | !8) | !7) | !6) | !5)))) | !1) | !0)) & (t)] 1
[(!(((2 | (3 | (4 | (((((10 | !9) | !8) | !7) | !6) | !5)))) | !1) | !0)) & (t)] 0
--END--
Synthesis took:  1136.732816696167 ms
