Processing program.
spec contains 2 APs (['move', 'goal'])
simplified !(((x != 0) & cstay & !cinc & (x >= 0) & (x <= 5) & (!cinc | (x < 0) | (x > 5))) | ((x != 0) & cstay & cinc & (x >= 0) & (x <= 5) & (cinc | (x < 0) | (x > 5)) & ((x + 1) >= 0) & ((x + 1) <= 5)) | ((x != 0) && !cstay) | (x = 0)) (len 227) to (cstay & !((cinc & (!(0 <= x) | (((((x = 0) | (((x + 1) <= 5) & (0 <= (x + 1)) & !(x = 0))) & (x <= 5)) | !(x <= 5)) & (0 <= x)))) | !cinc)) (len 140)
(cstay & !((cinc & (!(0 <= x) | (((((x = 0) | (((x + 1) <= 5) & (0 <= (x + 1)) & !(x = 0))) & (x <= 5)) | !(x <= 5)) & (0 <= x)))) | !cinc))
simplified !FALSE (len 6) to True (len 4)
True
simplified !(!estay | (estay & !einc & (x >= 0) & (x <= 5) & (!einc | (x < 0) | (x > 5)) & ((x - 1) >= 0) & ((x - 1) <= 5)) | (estay & einc & (x >= 0) & (x <= 5) & (einc | (x < 0) | (x > 5)) & ((x + 1) >= 0) & ((x + 1) <= 5))) (len 215) to (!(((((!(x <= 5) | (((x - 1) <= 5) & (1 <= x) & (x <= 5))) & (0 <= x)) | !(0 <= x)) & !einc) | ((!(0 <= x) | ((!(x <= 5) | (((x + 1) <= 5) & (0 <= (x + 1)) & (x <= 5))) & (0 <= x))) & einc)) & estay) (len 199)
(!(((((!(x <= 5) | (((x - 1) <= 5) & (1 <= x) & (x <= 5))) & (0 <= x)) | !(0 <= x)) & !einc) | ((!(0 <= x) | ((!(x <= 5) | (((x + 1) <= 5) & (0 <= (x + 1)) & (x <= 5))) & (0 <= x))) & einc)) & estay)
Starting abstract synthesis loop.
adding  to predicate abstraction
constructing LTL abstraction
ltl abstraction took: 0.0008361339569091797
running LTL synthesis
massaging abstract counterstrategy
checking for compatibility of counterstrategy with program
trying fairness refinement
trying safety refinement
adding (x <= 0) to predicate abstraction
constructing LTL abstraction
ltl abstraction took: 0.0018846988677978516
running LTL synthesis
massaging abstract counterstrategy
checking for compatibility of counterstrategy with program
trying fairness refinement
Structural Refinement: 
entry_cond:TRUE
exit_cond:(x <= 0)
loop:(x := (x - 1))
adding (x = x_prev), (x = (x_prev - 1)) to predicate abstraction
constructing LTL abstraction
ltl abstraction took: 0.0009226799011230469
running LTL synthesis
Realizable.
REALIZABLE
HOA: v1
tool: "strix" "21.0.0"
States: 1
Start: 0
AP: 11 "pred__x_EQ__xprev_MINUS_1__" "goal" "pred__x_LTEQ_0_" "pred__x_EQ_xprev_" "in_loop0_0" "setvars" "move" "estay" "einc" "cstay" "cinc"
controllable-AP: 9 10
acc-name: all
Acceptance: 0 t
--BODY--
State: 0 "[0]"
[(!(0 | (1 | ((3 | (4 | ((6 | 7) | !5))) | !2)))) & (t)] 0
[(!(0 | (1 | ((3 | (4 | ((6 | (8 | !7)) | !5))) | !2)))) & (t)] 0
[(!(0 | (1 | ((3 | (4 | ((6 | !(7 & 8)) | !5))) | !2)))) & (t)] 0
[(!(0 | (1 | (((4 | ((6 | 7) | !5)) | !3) | !2)))) & (t)] 0
[(!(0 | (1 | (((4 | ((6 | (8 | !7)) | !5)) | !3) | !2)))) & (t)] 0
[(!(0 | (1 | (((4 | ((6 | !(7 & 8)) | !5)) | !3) | !2)))) & (t)] 0
[(!(0 | (1 | (2 | (3 | (4 | ((6 | 7) | !5))))))) & (t)] 0
[(!(0 | (1 | (2 | (3 | (4 | ((6 | (8 | !7)) | !5))))))) & (t)] 0
[(!(0 | (1 | (2 | (3 | (4 | ((6 | !(7 & 8)) | !5))))))) & (t)] 0
[(!(0 | (1 | (2 | ((4 | (5 | !6)) | !3))))) & (!(10 | !9))] 0
[(!((1 | (2 | (3 | (((6 | 7) | !5) | !4)))) | !0)) & (t)] 0
[(!((1 | (2 | (3 | (((6 | (8 | !7)) | !5) | !4)))) | !0)) & (t)] 0
[(!((1 | (3 | (((6 | !(7 & 8)) | !5) | !4))) | !0)) & (t)] 0
[(!((1 | ((3 | (((6 | 7) | !5) | !4)) | !2)) | !0)) & (t)] 0
[(!((1 | ((3 | (((6 | (8 | !7)) | !5) | !4)) | !2)) | !0)) & (t)] 0
[(!((1 | (2 | (3 | ((5 | !6) | !4)))) | !0)) & (!(10 | !9))] 0
[(!(0 | (1 | (2 | (((5 | !6) | !4) | !3))))) & (!(10 | !9))] 0
[(!(0 | (1 | (2 | ((4 | ((6 | 7) | !5)) | !3))))) & (t)] 0
[(!(0 | (1 | (2 | ((4 | ((6 | (8 | !7)) | !5)) | !3))))) & (t)] 0
[(!(0 | (1 | (2 | ((4 | ((6 | !(7 & 8)) | !5)) | !3))))) & (t)] 0
[(0 & (1 | (2 & (3 | ((6 | !5) | !4)) | !2 & (3 | ((5 & 6 | !5 & !6) | !4)))) | !0 & (1 | (2 & (4 | (6 | !5)) | !2 & (3 & (4 & (5 | !6) | !4 & (5 & 6 | !5 & !6)) | !3 & (4 | (6 | !5)))))) & (t)] 0
--END--
Synthesis took:  3718.5239791870117 ms
