Processing program.
spec contains 3 APs (['(c > e)', 'q1', 'q'])
Starting abstract synthesis loop.
adding (c <= e), (e <= c) to predicate abstraction
constructing LTL abstraction
ltl abstraction took: 0.0004124641418457031
running LTL synthesis
massaging abstract counterstrategy
checking for compatibility of counterstrategy with program
trying fairness refinement
Structural Refinement: 
entry_cond:TRUE
exit_cond:(e <= c)
loop:(c := (c + 1))
adding (c = (c_prev + 1)), (e = e_prev), (c = c_prev) to predicate abstraction
constructing LTL abstraction
ltl abstraction took: 0.00096893310546875
running LTL synthesis
Realizable.
REALIZABLE
HOA: v1
tool: "strix" "21.0.0"
States: 1
Start: 0
AP: 10 "pred__e_LTEQ_c_" "q" "q1" "pred__c_LTEQ_e_" "pred__e_EQ_eprev_" "pred__c_EQ__cprev_PLUS_1__" "in_loop0_0" "pred__c_EQ_cprev_" "ince" "incc"
controllable-AP: 9
acc-name: all
Acceptance: 0 t
--BODY--
State: 0 "[0]"
[(!(((2 | ((4 | (5 | (6 | (7 | 8)))) | !3)) | !1) | !0)) & (t)] 0
[(!(((2 | ((4 | (5 | (6 | (7 | !8)))) | !3)) | !1) | !0)) & (t)] 0
[(!((1 | ((((5 | (6 | !7)) | !4) | !3) | !2)) | !0)) & (9)] 0
[(!(0 | ((2 | ((4 | (5 | (6 | (8 | !7)))) | !3)) | !1))) & (t)] 0
[(!(0 | ((2 | ((4 | (5 | (6 | !(7 & 8)))) | !3)) | !1))) & (t)] 0
[(!((1 | ((3 | (((6 | 7) | !5) | !4)) | !2)) | !0)) & (!9)] 0
[(!(0 | (1 | ((((5 | (6 | !7)) | !4) | !3) | !2)))) & (9)] 0
[(!(((2 | (3 | ((5 | (6 | (8 | !7))) | !4))) | !1) | !0)) & (t)] 0
[(!(((2 | (3 | ((5 | (6 | !(7 & 8))) | !4))) | !1) | !0)) & (t)] 0
[(!(0 | (1 | (((((7 | !6) | !5) | !4) | !3) | !2)))) & (9)] 0
[(!((1 | (((((7 | !6) | !5) | !4) | !3) | !2)) | !0)) & (9)] 0
[(!((1 | ((3 | ((5 | (6 | !7)) | !4)) | !2)) | !0)) & (!9)] 0
[(!(((2 | (3 | (4 | (5 | (6 | (8 | !7)))))) | !1) | !0)) & (t)] 0
[(!(((2 | (3 | (4 | (5 | (6 | !(7 & 8)))))) | !1) | !0)) & (t)] 0
[(!(((2 | ((4 | (5 | (6 | (8 | !7)))) | !3)) | !1) | !0)) & (t)] 0
[(!(((2 | ((4 | (5 | (6 | !(7 & 8)))) | !3)) | !1) | !0)) & (t)] 0
[(0 & (1 & (2 | (3 & (4 | (5 | 6)) | !3 & (5 | (6 | !7)))) | !1 & ((3 & ((5 & (7 | !6) | !5 & (6 | !7)) | !4) | !3 & ((5 & (6 | 7) | !5 & (6 | !7)) | !4)) | !2)) | !0 & (1 & (2 | ((4 | (5 | (6 | !7))) | !3)) | !1 & ((((5 & (7 | !6) | !5 & (6 | !7)) | !4) | !3) | !2))) & (t)] 0
--END--
Synthesis took:  2894.878387451172 ms
