Processing program.
spec contains 2 APs (['goal', 'setntx'])
simplified !((((x > tx) || (x < tx)) && !cinc && cdec) | (((x > tx) || (x < tx)) && cinc && !cdec) | !((x > tx) || (x < tx))) (len 114) to ((cdec & cinc & (((x < tx) & !(tx < x)) | (tx < x))) | (!cdec & !(!(x < tx) & !(tx < x)) & !cinc)) (len 98)
((cdec & cinc & (((x < tx) & !(tx < x)) | (tx < x))) | (!cdec & !(!(x < tx) & !(tx < x)) & !cinc))
Starting abstract synthesis loop.
adding  to predicate abstraction
constructing LTL abstraction
ltl abstraction took: 0.001149892807006836
running LTL synthesis
massaging abstract counterstrategy
checking for compatibility of counterstrategy with program
trying fairness refinement
trying safety refinement
adding (0 >= x), (x >= 0) to predicate abstraction
constructing LTL abstraction
ltl abstraction took: 0.001071929931640625
running LTL synthesis
massaging abstract counterstrategy
checking for compatibility of counterstrategy with program
trying fairness refinement
trying safety refinement
adding (0 <= tx), (0 >= tx), (x >= tx), (x <= tx) to predicate abstraction
constructing LTL abstraction
ltl abstraction took: 0.0007863044738769531
running LTL synthesis
massaging abstract counterstrategy
checking for compatibility of counterstrategy with program
trying fairness refinement
trying safety refinement
adding (-1 <= tx) to predicate abstraction
constructing LTL abstraction
ltl abstraction took: 0.001373291015625
running LTL synthesis
massaging abstract counterstrategy
checking for compatibility of counterstrategy with program
trying fairness refinement
trying safety refinement
adding (tx <= 1) to predicate abstraction
constructing LTL abstraction
ltl abstraction took: 0.0007948875427246094
running LTL synthesis
massaging abstract counterstrategy
checking for compatibility of counterstrategy with program
trying fairness refinement
Structural Refinement: 
entry_cond:TRUE
exit_cond:(x <= tx)
loop:(x := (x - 1))
adding (x = x_prev), (tx = tx_prev), (x = (x_prev - 1)) to predicate abstraction
constructing LTL abstraction
ltl abstraction took: 0.0016453266143798828
running LTL synthesis
massaging abstract counterstrategy
checking for compatibility of counterstrategy with program
trying fairness refinement
Structural Refinement: 
entry_cond:TRUE
exit_cond:(x >= tx)
loop:(x := (x + 1))
adding (x = (x_prev + 1)) to predicate abstraction
constructing LTL abstraction
ltl abstraction took: 0.0015864372253417969
running LTL synthesis
massaging abstract counterstrategy
