Processing program.
spec contains 2 APs (['i', 'goal'])
simplified !FALSE (len 6) to True (len 4)
True
simplified !FALSE (len 6) to True (len 4)
True
Starting abstract synthesis loop.
adding  to predicate abstraction
constructing LTL abstraction
ltl abstraction took: 0.0032799243927001953
running LTL synthesis
massaging abstract counterstrategy
checking for compatibility of counterstrategy with program
trying fairness refinement
trying safety refinement
adding (rx <= ox), (rx >= ox), (ry <= oy), (ry >= oy) to predicate abstraction
constructing LTL abstraction
ltl abstraction took: 0.0030946731567382812
running LTL synthesis
massaging abstract counterstrategy
checking for compatibility of counterstrategy with program
Unrealizable.
digraph MooreMachine {
	graph [nodesep=0.5 overlap=scalexy ranksep=0.8 splines=true]
	node [shape=circle]
	edge [fontname=mono]
	init [label="" shape=point]
	st_2 [label="(!fail & !setxvars & !goal & !mover & !setyvars & pred__ry_LTEQ_oy_ & pred__rx_LTEQ_ox_ & pred__rx_GTEQ_ox_ & pred__ry_GTEQ_oy_ & i)"]
	st_4 [label="(!i & !setxvars & !goal & !mover & !setyvars & pred__ry_LTEQ_oy_ & pred__rx_LTEQ_ox_ & pred__rx_GTEQ_ox_ & fail & pred__ry_GTEQ_oy_)"]
	st_3 [label="(!i & !fail & !setxvars & !goal & !setyvars & pred__ry_LTEQ_oy_ & mover & pred__rx_LTEQ_ox_ & pred__rx_GTEQ_ox_ & pred__ry_GTEQ_oy_)"]
	st_1 [label="(!i & !fail & !setxvars & !goal & !mover & !stay & setyvars & pred__ry_LTEQ_oy_ & pred__rx_LTEQ_ox_ & pred__rx_GTEQ_ox_ & pred__ry_GTEQ_oy_)"]
	st_0 [label="(!i & !fail & !goal & !mover & !setyvars & !stay & pred__ry_LTEQ_oy_ & pred__rx_LTEQ_ox_ & pred__rx_GTEQ_ox_ & setxvars & pred__ry_GTEQ_oy_)"]
	init -> st_0 [style=solid]
	st_0 -> st_1 [label=TRUE]
	st_1 -> st_2 [label=TRUE]
	st_2 -> st_3 [label=TRUE]
	st_3 -> st_4 [label=TRUE]
	st_4 -> st_4 [label=TRUE]
}
Synthesis took:  19359.9374294281 ms
