Processing program.
spec contains 2 APs (['q0', 'q1'])
simplified !((!request & !changeRoom) | (!request & changeRoom) | (redrequest & request & !changeRoom & ((cnt - 1) >= 0) & ((cnt - 1) <= 50)) | (request & !redrequest & !changeRoom & ((cnt + 1) >= 0) & ((cnt + 1) <= 50))) (len 210) to (request & (((((((1 <= cnt) & !(((!(0 <= cnt) | ((0 <= cnt) & !(cnt <= 50))) & !((cnt - 1) <= 50)) | ((cnt - 1) <= 50))) | (!(1 <= cnt) & !(!(0 <= cnt) | ((0 <= cnt) & !(cnt <= 50))))) & !changeRoom) | ((cnt <= 50) & (0 <= cnt) & changeRoom)) & redrequest) | (((((!(0 <= (cnt + 1)) & !(!(0 <= cnt) | ((0 <= cnt) & !(cnt <= 50)))) | ((0 <= (cnt + 1)) & !(((!(0 <= cnt) | ((0 <= cnt) & !(cnt <= 50))) & !((cnt + 1) <= 50)) | ((cnt + 1) <= 50)))) & !changeRoom) | ((cnt <= 50) & (0 <= cnt) & changeRoom)) & !redrequest))) (len 518)
(request & (((((((1 <= cnt) & !(((!(0 <= cnt) | ((0 <= cnt) & !(cnt <= 50))) & !((cnt - 1) <= 50)) | ((cnt - 1) <= 50))) | (!(1 <= cnt) & !(!(0 <= cnt) | ((0 <= cnt) & !(cnt <= 50))))) & !changeRoom) | ((cnt <= 50) & (0 <= cnt) & changeRoom)) & redrequest) | (((((!(0 <= (cnt + 1)) & !(!(0 <= cnt) | ((0 <= cnt) & !(cnt <= 50)))) | ((0 <= (cnt + 1)) & !(((!(0 <= cnt) | ((0 <= cnt) & !(cnt <= 50))) & !((cnt + 1) <= 50)) | ((cnt + 1) <= 50)))) & !changeRoom) | ((cnt <= 50) & (0 <= cnt) & changeRoom)) & !redrequest)))
simplified !(((cnt <= 0) & finished) | (roomA & grantA & !grantB & (cnt > 0))) (len 67) to ((grantB & !((!finished & (!(0 <= cnt) | (!(cnt <= 50) & (0 <= cnt)))) | ((!(0 <= cnt) | ((!(cnt <= 50) | ((cnt <= 0) & (cnt <= 50))) & (0 <= cnt))) & finished))) | (!((!finished & ((!grantA & (!(0 <= cnt) | (!(cnt <= 50) & (0 <= cnt)))) | ((((!(cnt <= 50) | (roomA & (0 < cnt) & (cnt <= 50))) & (0 <= cnt)) | !(0 <= cnt)) & grantA))) | (finished & (((!(0 <= cnt) | ((!(cnt <= 50) | ((cnt <= 0) & (cnt <= 50))) & (0 <= cnt))) & !grantA) | ((!(0 <= cnt) | ((!(cnt <= 50) | (((cnt <= 0) | ((0 < cnt) & !(cnt <= 0) & roomA)) & (cnt <= 50))) & (0 <= cnt))) & grantA)))) & !grantB)) (len 577)
((grantB & !((!finished & (!(0 <= cnt) | (!(cnt <= 50) & (0 <= cnt)))) | ((!(0 <= cnt) | ((!(cnt <= 50) | ((cnt <= 0) & (cnt <= 50))) & (0 <= cnt))) & finished))) | (!((!finished & ((!grantA & (!(0 <= cnt) | (!(cnt <= 50) & (0 <= cnt)))) | ((((!(cnt <= 50) | (roomA & (0 < cnt) & (cnt <= 50))) & (0 <= cnt)) | !(0 <= cnt)) & grantA))) | (finished & (((!(0 <= cnt) | ((!(cnt <= 50) | ((cnt <= 0) & (cnt <= 50))) & (0 <= cnt))) & !grantA) | ((!(0 <= cnt) | ((!(cnt <= 50) | (((cnt <= 0) | ((0 < cnt) & !(cnt <= 0) & roomA)) & (cnt <= 50))) & (0 <= cnt))) & grantA)))) & !grantB))
Starting abstract synthesis loop.
adding roomA, (cnt_prev < cnt), (0 <= (cnt - 1)), (cnt_prev > cnt), ((cnt + 1) <= 50) to predicate abstraction
constructing LTL abstraction
ltl abstraction took: 0.0012614727020263672
running LTL synthesis
massaging abstract counterstrategy
checking for compatibility of counterstrategy with program
Unrealizable.
digraph MooreMachine {
	graph [nodesep=0.5 overlap=scalexy ranksep=0.8 splines=true]
	node [shape=circle]
	edge [fontname=mono]
	init [label="" shape=point]
	st_0 [label="(!pred__cntprev_GT_cnt_ & !pred__cntprev_LT_cnt_ & !pred__0_LTEQ__cnt_MINUS_1__ & !q1 & !changeRoom & !redrequest & request & pred_roomA & q0 & pred___cnt_PLUS_1__LTEQ_50_)"]
	st_1 [label="(!pred__cntprev_GT_cnt_ & !q1 & !request & changeRoom & pred_roomA & q0 & pred__0_LTEQ__cnt_MINUS_1__ & pred__cntprev_LT_cnt_ & pred___cnt_PLUS_1__LTEQ_50_)"]
	st_2 [label="(!pred__cntprev_GT_cnt_ & !pred__cntprev_LT_cnt_ & !pred_roomA & !q1 & !changeRoom & !request & q0 & pred__0_LTEQ__cnt_MINUS_1__ & pred___cnt_PLUS_1__LTEQ_50_)"]
	st_3 [label="(!pred__cntprev_GT_cnt_ & !pred__cntprev_LT_cnt_ & !q0 & !pred_roomA & q1 & pred__0_LTEQ__cnt_MINUS_1__ & pred___cnt_PLUS_1__LTEQ_50_)"]
	init -> st_0 [style=solid]
	st_0 -> st_1 [label=TRUE]
	st_1 -> st_2 [label=TRUE]
	st_2 -> st_3 [label=TRUE]
	st_3 -> st_3 [label=TRUE]
}
Synthesis took:  1814.753770828247 ms
