Processing program.
spec contains 5 APs (['(at_floor == 4)', '(at_floor == 0)', '(at_floor == 1)', '(at_floor == 2)', '(at_floor == 3)'])
simplified !((!cinc & (at_floor >= 0) & (at_floor <= 4) & (!cinc | (at_floor < 0) | (at_floor > 4)) & ((at_floor - 1) >= 0) & ((at_floor - 1) <= 4)) | (cinc & (at_floor >= 0) & (at_floor <= 4) & (cinc | (at_floor < 0) | (at_floor > 4)) & ((at_floor + 1) >= 0) & ((at_floor + 1) <= 4))) (len 274) to ((!(!(0 <= at_floor) | ((0 <= at_floor) & (((at_floor <= 4) & ((at_floor - 1) <= 4) & (1 <= at_floor)) | !(at_floor <= 4)))) & !cinc) | (!(!(0 <= at_floor) | ((0 <= at_floor) & (((at_floor <= 4) & ((at_floor + 1) <= 4) & (0 <= (at_floor + 1))) | !(at_floor <= 4)))) & cinc)) (len 274)
((!(!(0 <= at_floor) | ((0 <= at_floor) & (((at_floor <= 4) & ((at_floor - 1) <= 4) & (1 <= at_floor)) | !(at_floor <= 4)))) & !cinc) | (!(!(0 <= at_floor) | ((0 <= at_floor) & (((at_floor <= 4) & ((at_floor + 1) <= 4) & (0 <= (at_floor + 1))) | !(at_floor <= 4)))) & cinc))
Starting abstract synthesis loop.
adding (at_floor <= 4), (at_floor <= 1), (at_floor <= 0), (0 <= at_floor), (2 <= at_floor), (1 <= at_floor), (at_floor <= 2), (4 <= at_floor), (at_floor <= 3), (3 <= at_floor) to predicate abstraction
constructing LTL abstraction
ltl abstraction took: 0.0005702972412109375
running LTL synthesis
Realizable.
REALIZABLE
HOA: v1
tool: "strix" "21.0.0"
States: 2
Start: 1
AP: 12 "pred__0_LTEQ_atfloor_" "pred__atfloor_LTEQ_4_" "pred__atfloor_LTEQ_3_" "pred__2_LTEQ_atfloor_" "move" "pred__3_LTEQ_atfloor_" "pred__atfloor_LTEQ_2_" "pred__atfloor_LTEQ_1_" "pred__1_LTEQ_atfloor_" "pred__atfloor_LTEQ_0_" "pred__4_LTEQ_atfloor_" "cinc"
controllable-AP: 11
acc-name: all
Acceptance: 0 t
--BODY--
State: 0 "[0]"
[(!((((3 | ((5 | ((((9 | 10) | !8) | !7) | !6)) | !4)) | !2) | !1) | !0)) & (11)] 1
[(!((((3 | ((5 | (((8 | (10 | !9)) | !7) | !6)) | !4)) | !2) | !1) | !0)) & (11)] 0
[(!((((((5 | ((7 | ((9 | 10) | !8)) | !6)) | !4) | !3) | !2) | !1) | !0)) & (!11)] 1
[(!(((((((6 | (7 | ((9 | 10) | !8))) | !5) | !4) | !3) | !2) | !1) | !0)) & (11)] 1
[(!(((2 | ((((6 | (7 | ((9 | !10) | !8))) | !5) | !4) | !3)) | !1) | !0)) & (t)] 1
[(((2 & (3 & ((5 & (6 | (7 | ((9 | 10) | !8))) | !5 & ((7 | ((9 | 10) | !8)) | !6)) | !4) | !3 & ((5 | (((8 & (9 | 10) | !8 & (10 | !9)) | !7) | !6)) | !4)) | !2 & ((((6 | (7 | ((9 | !10) | !8))) | !5) | !4) | !3)) | !1) | !0) & (t)] 0
State: 1 "[1]"
[(!((((3 | ((5 | ((((9 | 10) | !8) | !7) | !6)) | !4)) | !2) | !1) | !0)) & (!11)] 0
[(!((((3 | ((5 | (((8 | (10 | !9)) | !7) | !6)) | !4)) | !2) | !1) | !0)) & (t)] 1
[(!((((((5 | ((7 | ((9 | 10) | !8)) | !6)) | !4) | !3) | !2) | !1) | !0)) & (11)] 0
[(!(((((((6 | (7 | ((9 | 10) | !8))) | !5) | !4) | !3) | !2) | !1) | !0)) & (!11)] 0
[(!(((2 | ((((6 | (7 | ((9 | !10) | !8))) | !5) | !4) | !3)) | !1) | !0)) & (!11)] 1
[(((2 & (3 & ((5 & (6 | (7 | ((9 | 10) | !8))) | !5 & ((7 | ((9 | 10) | !8)) | !6)) | !4) | !3 & ((5 | (((8 & (9 | 10) | !8 & (10 | !9)) | !7) | !6)) | !4)) | !2 & ((((6 | (7 | ((9 | !10) | !8))) | !5) | !4) | !3)) | !1) | !0) & (t)] 0
--END--
Synthesis took:  1770.6735134124756 ms
