Processing program.
spec contains 2 APs (['goal', 'setsignal'])
simplified !((inc && dec) | (!inc & dec & ((signal - 1) >= 0) & ((signal - 1) <= 10)) | (inc & !dec & ((signal + 1) >= 0) & ((signal + 1) <= 10))) (len 135) to ((!(dec | (((((signal + 1) <= 10) & (((!(0 <= signal) | ((0 <= signal) & !(signal <= 10))) & !(0 <= (signal + 1))) | (0 <= (signal + 1)))) | (!((signal + 1) <= 10) & (!(0 <= signal) | ((0 <= signal) & !(signal <= 10))))) & !dec)) & inc) | (!(((!(0 <= signal) | ((0 <= signal) & !(signal <= 10))) & !dec) | (((((signal - 1) <= 10) & ((1 <= signal) | ((!(0 <= signal) | ((0 <= signal) & !(signal <= 10))) & !(1 <= signal)))) | ((!(0 <= signal) | ((0 <= signal) & !(signal <= 10))) & !((signal - 1) <= 10))) & dec)) & !inc)) (len 521)
((!(dec | (((((signal + 1) <= 10) & (((!(0 <= signal) | ((0 <= signal) & !(signal <= 10))) & !(0 <= (signal + 1))) | (0 <= (signal + 1)))) | (!((signal + 1) <= 10) & (!(0 <= signal) | ((0 <= signal) & !(signal <= 10))))) & !dec)) & inc) | (!(((!(0 <= signal) | ((0 <= signal) & !(signal <= 10))) & !dec) | (((((signal - 1) <= 10) & ((1 <= signal) | ((!(0 <= signal) | ((0 <= signal) & !(signal <= 10))) & !(1 <= signal)))) | ((!(0 <= signal) | ((0 <= signal) & !(signal <= 10))) & !((signal - 1) <= 10))) & dec)) & !inc))
Starting abstract synthesis loop.
adding (target <= at_floor), (at_floor_prev > at_floor), ((signal + 1) <= 10), (signal_prev < signal), (target_prev > target), (at_floor <= target), ((at_floor + 1) <= 10), (1 <= signal), (at_floor_prev < at_floor), ((at_floor_prev - target_prev) > (at_floor - target)), (target_prev < target), ((target_prev - at_floor_prev) > (target - at_floor)), (0 <= (at_floor - 1)), ((at_floor_prev - target_prev) < (at_floor - target)), (signal_prev > signal), (signal <= 1), ((target_prev - at_floor_prev) < (target - at_floor)) to predicate abstraction
constructing LTL abstraction
ltl abstraction took: 0.0027892589569091797
running LTL synthesis
Realizable.
REALIZABLE
HOA: v1
tool: "strix" "21.0.0"
States: 1
Start: 0
AP: 24 "pred___atfloorprev_MINUS_targetprev__GT__atfloor_MINUS_target__" "pred__targetprev_GT_target_" "pred__signalprev_LT_signal_" "move" "pred__atfloorprev_LT_atfloor_" "pred___atfloorprev_MINUS_targetprev__LT__atfloor_MINUS_target__" "pred___targetprev_MINUS_atfloorprev__GT__target_MINUS_atfloor__" "pred__targetprev_LT_target_" "goal" "pred__target_LTEQ_atfloor_" "pred__atfloor_LTEQ_target_" "pred__atfloorprev_GT_atfloor_" "setsignal" "pred___targetprev_MINUS_atfloorprev__LT__target_MINUS_atfloor__" "pred__1_LTEQ_signal_" "pred__0_LTEQ__atfloor_MINUS_1__" "pred___signal_PLUS_1__LTEQ_10_" "pred___atfloor_PLUS_1__LTEQ_10_" "pred__signal_LTEQ_1_" "pred__signalprev_GT_signal_" "dec" "inc" "cdec" "cinc"
controllable-AP: 22 23
acc-name: all
Acceptance: 0 t
--BODY--
State: 0 "[0]"
[(!(0 | (1 | (2 | (3 | (4 | (5 | (6 | (7 | (8 | ((10 | (11 | ((13 | (14 | (((((19 | 21) | !18) | !17) | !16) | !15))) | !12))) | !9))))))))))) & (t)] 0
[(!(0 | (1 | (2 | (3 | (4 | (5 | (6 | (7 | (8 | ((10 | (11 | ((13 | (14 | (((((19 | (20 | !21)) | !18) | !17) | !16) | !15))) | !12))) | !9))))))))))) & (t)] 0
[(!(0 | (1 | (2 | (3 | (4 | (5 | (6 | (7 | (8 | ((10 | (11 | ((13 | (14 | (((((19 | !(20 & 21)) | !18) | !17) | !16) | !15))) | !12))) | !9))))))))))) & (t)] 0
[(!(0 | (1 | ((3 | (4 | (5 | (6 | (7 | (8 | ((10 | (11 | ((13 | ((((((19 | (20 | 21)) | !18) | !17) | !16) | !15) | !14)) | !12))) | !9))))))) | !2)))) & (t)] 0
[(!(0 | (1 | ((3 | (4 | (5 | (6 | (7 | (8 | ((10 | (11 | ((13 | ((((((19 | (20 | !21)) | !18) | !17) | !16) | !15) | !14)) | !12))) | !9))))))) | !2)))) & (t)] 0
[(!(0 | (1 | ((3 | (4 | (5 | (6 | (7 | (8 | ((10 | (11 | ((13 | ((((((19 | (21 | !20)) | !18) | !17) | !16) | !15) | !14)) | !12))) | !9))))))) | !2)))) & (t)] 0
[(!(0 | (1 | ((3 | (4 | (5 | (6 | (7 | (8 | ((10 | (11 | ((13 | ((((((19 | !(20 & 21)) | !18) | !17) | !16) | !15) | !14)) | !12))) | !9))))))) | !2)))) & (t)] 0
[(!(0 | (1 | (2 | (3 | (4 | (5 | (6 | (7 | (((10 | (11 | (12 | (13 | (14 | ((((19 | !18) | !17) | !16) | !15)))))) | !9) | !8)))))))))) & (t)] 0
[(!(0 | (1 | (2 | (3 | (4 | (5 | (6 | (7 | (8 | ((10 | (11 | ((13 | ((((((19 | (20 | 21)) | !18) | !17) | !16) | !15) | !14)) | !12))) | !9))))))))))) & (t)] 0
[(!(0 | (1 | (2 | (3 | (4 | (5 | (6 | (7 | (8 | ((10 | (11 | ((13 | ((((((19 | (20 | !21)) | !18) | !17) | !16) | !15) | !14)) | !12))) | !9))))))))))) & (t)] 0
[(!(0 | (1 | (2 | (3 | (4 | (5 | (6 | (7 | (8 | ((10 | (11 | ((13 | ((((((19 | (21 | !20)) | !18) | !17) | !16) | !15) | !14)) | !12))) | !9))))))))))) & (t)] 0
[(!(0 | (1 | (2 | (3 | (4 | (5 | (6 | (7 | (8 | ((10 | (11 | ((13 | ((((((19 | !(20 & 21)) | !18) | !17) | !16) | !15) | !14)) | !12))) | !9))))))))))) & (t)] 0
[(!(0 | (1 | ((3 | (4 | (5 | (6 | (7 | (8 | ((10 | (11 | ((13 | (((((18 | (19 | (20 | 21))) | !17) | !16) | !15) | !14)) | !12))) | !9))))))) | !2)))) & (t)] 0
[(!(0 | (1 | ((3 | (4 | (5 | (6 | (7 | (8 | ((10 | (11 | ((13 | (((((18 | (19 | (20 | !21))) | !17) | !16) | !15) | !14)) | !12))) | !9))))))) | !2)))) & (t)] 0
[(!(0 | (1 | ((3 | (4 | (5 | (6 | (7 | (8 | ((10 | (11 | ((13 | (((((18 | (19 | (21 | !20))) | !17) | !16) | !15) | !14)) | !12))) | !9))))))) | !2)))) & (t)] 0
[(!(0 | (1 | ((3 | (4 | (5 | (6 | (7 | (8 | ((10 | (11 | ((13 | (((((18 | (19 | !(20 & 21))) | !17) | !16) | !15) | !14)) | !12))) | !9))))))) | !2)))) & (t)] 0
[(!(0 | (1 | (2 | (3 | (4 | (5 | (6 | (7 | (8 | ((10 | (11 | ((13 | (14 | (((((21 | !19) | !18) | !17) | !16) | !15))) | !12))) | !9))))))))))) & (t)] 0
[(!(0 | (1 | (2 | (3 | (4 | (5 | (6 | (7 | (8 | ((10 | (11 | ((13 | (14 | ((((((20 | !21) | !19) | !18) | !17) | !16) | !15))) | !12))) | !9))))))))))) & (t)] 0
[(!(0 | (1 | (2 | (3 | (4 | (5 | (6 | (7 | (8 | ((10 | (11 | ((13 | (14 | !(15 & (16 & (17 & (18 & (19 & (20 & 21)))))))) | !12))) | !9))))))))))) & (t)] 0
[(!(0 | (1 | (2 | (3 | (4 | (5 | (6 | (7 | (((10 | (11 | (12 | (13 | (((((19 | !18) | !17) | !16) | !15) | !14))))) | !9) | !8)))))))))) & (t)] 0
[(!(0 | (1 | (2 | (3 | (4 | (5 | (6 | (7 | (8 | ((10 | (11 | ((13 | (((((18 | (19 | (20 | 21))) | !17) | !16) | !15) | !14)) | !12))) | !9))))))))))) & (t)] 0
[(!(0 | (1 | (2 | (3 | (4 | (5 | (6 | (7 | (8 | ((10 | (11 | ((13 | (((((18 | (19 | (20 | !21))) | !17) | !16) | !15) | !14)) | !12))) | !9))))))))))) & (t)] 0
[(!(0 | (1 | (2 | (3 | (4 | (5 | (6 | (7 | (8 | ((10 | (11 | ((13 | (((((18 | (19 | (21 | !20))) | !17) | !16) | !15) | !14)) | !12))) | !9))))))))))) & (t)] 0
[(!(0 | (1 | (2 | (3 | (4 | (5 | (6 | (7 | (8 | ((10 | (11 | ((13 | (((((18 | (19 | !(20 & 21))) | !17) | !16) | !15) | !14)) | !12))) | !9))))))))))) & (t)] 0
[(!(0 | (1 | ((3 | (4 | (5 | (6 | (7 | (8 | ((10 | (11 | ((13 | (((16 | ((18 | (19 | 20)) | !17)) | !15) | !14)) | !12))) | !9))))))) | !2)))) & (t)] 0
[(!(0 | (1 | ((3 | (4 | (5 | (6 | (7 | (8 | ((10 | (11 | ((13 | (((16 | ((18 | (19 | (21 | !20))) | !17)) | !15) | !14)) | !12))) | !9))))))) | !2)))) & (t)] 0
[(!(0 | (1 | ((3 | (4 | (5 | (6 | (7 | (8 | ((10 | (11 | ((13 | (((16 | ((18 | (19 | !(20 & 21))) | !17)) | !15) | !14)) | !12))) | !9))))))) | !2)))) & (t)] 0
[(!(0 | (1 | (2 | (3 | (4 | (5 | (6 | (7 | (8 | ((10 | (11 | ((13 | (((((18 | ((20 | 21) | !19)) | !17) | !16) | !15) | !14)) | !12))) | !9))))))))))) & (t)] 0
[(!(0 | (1 | (2 | (3 | (4 | (5 | (6 | (7 | (8 | ((10 | (11 | ((13 | (((((18 | ((20 | !21) | !19)) | !17) | !16) | !15) | !14)) | !12))) | !9))))))))))) & (t)] 0
[(!(0 | (1 | (2 | (3 | (4 | (5 | (6 | (7 | (8 | ((10 | (11 | ((13 | (((((18 | ((21 | !20) | !19)) | !17) | !16) | !15) | !14)) | !12))) | !9))))))))))) & (t)] 0
[(!(0 | (1 | (2 | (3 | (4 | (5 | (6 | (7 | (8 | ((10 | (11 | ((13 | (((((18 | !(19 & (20 & 21))) | !17) | !16) | !15) | !14)) | !12))) | !9))))))))))) & (t)] 0
[(!(0 | (1 | (2 | (3 | (4 | (5 | (6 | (7 | (8 | ((10 | (11 | ((13 | (((((((20 | 21) | !19) | !18) | !17) | !16) | !15) | !14)) | !12))) | !9))))))))))) & (t)] 0
[(!(0 | (1 | (2 | (3 | (4 | (5 | (6 | (7 | (8 | ((10 | (11 | ((13 | (((((((20 | !21) | !19) | !18) | !17) | !16) | !15) | !14)) | !12))) | !9))))))))))) & (t)] 0
[(!(0 | (1 | (2 | (3 | (4 | (5 | (6 | (7 | (8 | ((10 | (11 | ((13 | (((((((21 | !20) | !19) | !18) | !17) | !16) | !15) | !14)) | !12))) | !9))))))))))) & (t)] 0
[(!(0 | (1 | (2 | (3 | (4 | (5 | (6 | (7 | (8 | ((10 | (11 | ((13 | !(14 & (15 & (16 & (17 & (18 & (19 & (20 & 21)))))))) | !12))) | !9))))))))))) & (t)] 0
[(!(0 | (1 | (2 | (3 | (4 | (5 | (6 | (7 | (((10 | (11 | (12 | (13 | (((((18 | 19) | !17) | !16) | !15) | !14))))) | !9) | !8)))))))))) & (t)] 0
[(!(0 | (1 | (2 | ((4 | (5 | (6 | (7 | (8 | ((10 | (11 | (12 | (13 | (((((19 | !18) | !17) | !16) | !15) | !14))))) | !9)))))) | !3))))) & (!(23 | !22))] 0
[(!(0 | ((2 | ((4 | (((7 | (8 | ((10 | (11 | (12 | (13 | (((((19 | !18) | !17) | !16) | !15) | !14))))) | !9))) | !6) | !5)) | !3)) | !1))) & (!(23 | !22))] 0
[(!((1 | (2 | ((4 | (5 | (6 | ((8 | ((10 | (11 | (12 | ((((((19 | !18) | !17) | !16) | !15) | !14) | !13)))) | !9)) | !7)))) | !3))) | !0)) & (!(23 | !22))] 0
[(!((1 | (2 | ((4 | (5 | (6 | ((8 | (((11 | (12 | ((((((19 | !18) | !17) | !16) | !15) | !14) | !13))) | !10) | !9)) | !7)))) | !3))) | !0)) & (t)] 0
[(!(0 | (1 | (2 | (3 | (4 | (5 | (6 | (7 | (8 | ((10 | (11 | ((13 | (((16 | ((18 | (19 | 20)) | !17)) | !15) | !14)) | !12))) | !9))))))))))) & (t)] 0
[(!(0 | (1 | (2 | (3 | (4 | (5 | (6 | (7 | (8 | ((10 | (11 | ((13 | (((16 | ((18 | (19 | (21 | !20))) | !17)) | !15) | !14)) | !12))) | !9))))))))))) & (t)] 0
[(!(0 | (1 | (2 | (3 | (4 | (5 | (6 | (7 | (8 | ((10 | (11 | ((13 | (((16 | ((18 | (19 | !(20 & 21))) | !17)) | !15) | !14)) | !12))) | !9))))))))))) & (t)] 0
[(!(0 | (1 | (2 | (3 | (4 | (5 | (6 | (7 | (((10 | (11 | (12 | (13 | (((16 | ((18 | 19) | !17)) | !15) | !14))))) | !9) | !8)))))))))) & (t)] 0
[(!(0 | (1 | (2 | ((4 | (5 | (6 | (7 | (8 | ((10 | (11 | (12 | (13 | (((((18 | 19) | !17) | !16) | !15) | !14))))) | !9)))))) | !3))))) & (!(23 | !22))] 0
[(!(0 | ((2 | ((4 | (((7 | (8 | ((10 | (11 | (12 | (13 | (((((18 | 19) | !17) | !16) | !15) | !14))))) | !9))) | !6) | !5)) | !3)) | !1))) & (!(23 | !22))] 0
[(!((1 | (2 | ((4 | (5 | (6 | ((8 | (9 | ((11 | (12 | ((((((18 | 19) | !17) | !16) | !15) | !14) | !13))) | !10))) | !7)))) | !3))) | !0)) & (!(22 | !23))] 0
[(!((1 | (2 | ((4 | (5 | (6 | ((8 | ((10 | (11 | (12 | ((((((18 | 19) | !17) | !16) | !15) | !14) | !13)))) | !9)) | !7)))) | !3))) | !0)) & (!(23 | !22))] 0
[(!((1 | (2 | ((4 | (5 | (6 | ((8 | (((11 | (12 | ((((((18 | 19) | !17) | !16) | !15) | !14) | !13))) | !10) | !9)) | !7)))) | !3))) | !0)) & (t)] 0
[(!((1 | (2 | ((4 | (5 | (6 | (7 | (8 | ((10 | ((12 | ((((((19 | !18) | !17) | !16) | !15) | !14) | !13)) | !11)) | !9)))))) | !3))) | !0)) & (!(23 | !22))] 0
[(!((1 | (2 | ((4 | (5 | (6 | (7 | (8 | ((((12 | (((15 | (((19 | !18) | !17) | !16)) | !14) | !13)) | !11) | !10) | !9)))))) | !3))) | !0)) & (t)] 0
[(!((1 | (2 | ((4 | (5 | (6 | (7 | (8 | ((((12 | ((((((19 | !18) | !17) | !16) | !15) | !14) | !13)) | !11) | !10) | !9)))))) | !3))) | !0)) & (t)] 0
[(!(0 | (1 | (2 | (3 | (4 | (5 | (6 | (7 | (8 | (((11 | ((13 | ((((((19 | (20 | 21)) | !18) | !17) | !16) | !15) | !14)) | !12)) | !10) | !9))))))))))) & (t)] 0
[(!(0 | (1 | (2 | (3 | (4 | (5 | (6 | (7 | (8 | (((11 | ((13 | ((((((19 | (20 | !21)) | !18) | !17) | !16) | !15) | !14)) | !12)) | !10) | !9))))))))))) & (t)] 0
[(!(0 | (1 | (2 | (3 | (4 | (5 | (6 | (7 | (8 | (((11 | ((13 | ((((((19 | (21 | !20)) | !18) | !17) | !16) | !15) | !14)) | !12)) | !10) | !9))))))))))) & (t)] 0
[(!(0 | (1 | (2 | (3 | (4 | (5 | (6 | (7 | (8 | (((11 | ((13 | ((((((19 | !(20 & 21)) | !18) | !17) | !16) | !15) | !14)) | !12)) | !10) | !9))))))))))) & (t)] 0
[(!((1 | (2 | ((4 | (5 | (6 | ((8 | (9 | ((11 | (12 | ((((16 | ((18 | 19) | !17)) | !15) | !14) | !13))) | !10))) | !7)))) | !3))) | !0)) & (!(22 | !23))] 0
[(!((1 | (2 | ((4 | (5 | (6 | ((8 | (((11 | (12 | ((((16 | ((18 | 19) | !17)) | !15) | !14) | !13))) | !10) | !9)) | !7)))) | !3))) | !0)) & (t)] 0
[(!((1 | (2 | ((4 | (5 | (6 | (7 | (8 | ((10 | ((12 | ((((((18 | 19) | !17) | !16) | !15) | !14) | !13)) | !11)) | !9)))))) | !3))) | !0)) & (!(23 | !22))] 0
[(!((1 | (2 | ((4 | (5 | (6 | (7 | (8 | ((((12 | (((15 | (((18 | 19) | !17) | !16)) | !14) | !13)) | !11) | !10) | !9)))))) | !3))) | !0)) & (t)] 0
[(!((1 | (2 | ((4 | (5 | (6 | (7 | (8 | ((((12 | ((((((18 | 19) | !17) | !16) | !15) | !14) | !13)) | !11) | !10) | !9)))))) | !3))) | !0)) & (t)] 0
[(!(0 | (1 | (2 | (((((7 | (8 | (9 | ((11 | (12 | (13 | (((((18 | 19) | !17) | !16) | !15) | !14)))) | !10)))) | !6) | !5) | !4) | !3))))) & (!(22 | !23))] 0
[(!(0 | (1 | (2 | (((((7 | (8 | (((11 | (12 | (13 | ((((17 | (18 | 19)) | !16) | !15) | !14)))) | !10) | !9))) | !6) | !5) | !4) | !3))))) & (t)] 0
[(!(0 | (1 | (2 | (((((7 | (8 | (((11 | (12 | (13 | (((((18 | 19) | !17) | !16) | !15) | !14)))) | !10) | !9))) | !6) | !5) | !4) | !3))))) & (t)] 0
[(!(0 | (1 | (2 | (3 | (4 | (5 | (6 | (7 | (8 | (((11 | ((13 | (((((18 | (19 | (20 | 21))) | !17) | !16) | !15) | !14)) | !12)) | !10) | !9))))))))))) & (t)] 0
[(!(0 | (1 | (2 | (3 | (4 | (5 | (6 | (7 | (8 | (((11 | ((13 | (((((18 | (19 | (20 | !21))) | !17) | !16) | !15) | !14)) | !12)) | !10) | !9))))))))))) & (t)] 0
[(!(0 | (1 | (2 | (3 | (4 | (5 | (6 | (7 | (8 | (((11 | ((13 | (((((18 | (19 | (21 | !20))) | !17) | !16) | !15) | !14)) | !12)) | !10) | !9))))))))))) & (t)] 0
[(!(0 | (1 | (2 | (3 | (4 | (5 | (6 | (7 | (8 | (((11 | ((13 | (((((18 | (19 | !(20 & 21))) | !17) | !16) | !15) | !14)) | !12)) | !10) | !9))))))))))) & (t)] 0
[(!(0 | (1 | (2 | (3 | (4 | (5 | (6 | (7 | (8 | (((11 | ((13 | ((15 | ((((19 | (20 | 21)) | !18) | !17) | !16)) | !14)) | !12)) | !10) | !9))))))))))) & (t)] 0
[(!(0 | (1 | (2 | (3 | (4 | (5 | (6 | (7 | (8 | (((11 | ((13 | ((15 | ((((19 | (20 | !21)) | !18) | !17) | !16)) | !14)) | !12)) | !10) | !9))))))))))) & (t)] 0
[(!(0 | (1 | (2 | (3 | (4 | (5 | (6 | (7 | (8 | (((11 | ((13 | ((15 | ((((19 | (21 | !20)) | !18) | !17) | !16)) | !14)) | !12)) | !10) | !9))))))))))) & (t)] 0
[(!(0 | (1 | (2 | (3 | (4 | (5 | (6 | (7 | (8 | (((11 | ((13 | ((15 | ((((19 | !(20 & 21)) | !18) | !17) | !16)) | !14)) | !12)) | !10) | !9))))))))))) & (t)] 0
[(!(0 | (1 | ((3 | (4 | (5 | (6 | (7 | (8 | (((11 | ((13 | (((((18 | (19 | (20 | 21))) | !17) | !16) | !15) | !14)) | !12)) | !10) | !9))))))) | !2)))) & (t)] 0
[(!(0 | (1 | ((3 | (4 | (5 | (6 | (7 | (8 | (((11 | ((13 | (((((18 | (19 | (20 | !21))) | !17) | !16) | !15) | !14)) | !12)) | !10) | !9))))))) | !2)))) & (t)] 0
[(!(0 | (1 | ((3 | (4 | (5 | (6 | (7 | (8 | (((11 | ((13 | (((((18 | (19 | (21 | !20))) | !17) | !16) | !15) | !14)) | !12)) | !10) | !9))))))) | !2)))) & (t)] 0
[(!(0 | (1 | ((3 | (4 | (5 | (6 | (7 | (8 | (((11 | ((13 | (((((18 | (19 | !(20 & 21))) | !17) | !16) | !15) | !14)) | !12)) | !10) | !9))))))) | !2)))) & (t)] 0
[(!(0 | (1 | (2 | (3 | (4 | (5 | (6 | (7 | (8 | (((11 | ((13 | (14 | (((((21 | !19) | !18) | !17) | !16) | !15))) | !12)) | !10) | !9))))))))))) & (t)] 0
[(!(0 | (1 | (2 | (3 | (4 | (5 | (6 | (7 | (8 | (((11 | ((13 | (14 | ((((((20 | !21) | !19) | !18) | !17) | !16) | !15))) | !12)) | !10) | !9))))))))))) & (t)] 0
[(!(0 | (1 | (2 | (3 | (4 | (5 | (6 | (7 | (8 | (((11 | ((13 | (14 | !(15 & (16 & (17 & (18 & (19 & (20 & 21)))))))) | !12)) | !10) | !9))))))))))) & (t)] 0
[(!(0 | (1 | (2 | (3 | (4 | (5 | (6 | (7 | ((((11 | (12 | (13 | (((((19 | !18) | !17) | !16) | !15) | !14)))) | !10) | !9) | !8)))))))))) & (t)] 0
[(!(0 | (1 | (2 | (((((7 | (8 | (9 | ((11 | (12 | (13 | (((16 | ((18 | 19) | !17)) | !15) | !14)))) | !10)))) | !6) | !5) | !4) | !3))))) & (!(22 | !23))] 0
[(!(0 | (1 | (2 | (((((7 | (8 | (((11 | (12 | (13 | (((16 | (17 | (18 | 19))) | !15) | !14)))) | !10) | !9))) | !6) | !5) | !4) | !3))))) & (t)] 0
[(!(0 | (1 | (2 | (((((7 | (8 | (((11 | (12 | (13 | (((16 | ((18 | 19) | !17)) | !15) | !14)))) | !10) | !9))) | !6) | !5) | !4) | !3))))) & (t)] 0
[(!(0 | (1 | (2 | (3 | (4 | (5 | (6 | (7 | (8 | (((11 | ((13 | (((16 | ((18 | (19 | 20)) | !17)) | !15) | !14)) | !12)) | !10) | !9))))))))))) & (t)] 0
[(!(0 | (1 | (2 | (3 | (4 | (5 | (6 | (7 | (8 | (((11 | ((13 | (((16 | ((18 | (19 | (21 | !20))) | !17)) | !15) | !14)) | !12)) | !10) | !9))))))))))) & (t)] 0
[(!(0 | (1 | (2 | (3 | (4 | (5 | (6 | (7 | (8 | (((11 | ((13 | (((16 | ((18 | (19 | !(20 & 21))) | !17)) | !15) | !14)) | !12)) | !10) | !9))))))))))) & (t)] 0
[(!(0 | (1 | (2 | (3 | (4 | (5 | (6 | (7 | (8 | (((11 | ((13 | ((15 | (((18 | (19 | (20 | 21))) | !17) | !16)) | !14)) | !12)) | !10) | !9))))))))))) & (t)] 0
[(!(0 | (1 | (2 | (3 | (4 | (5 | (6 | (7 | (8 | (((11 | ((13 | ((15 | (((18 | (19 | (20 | !21))) | !17) | !16)) | !14)) | !12)) | !10) | !9))))))))))) & (t)] 0
[(!(0 | (1 | (2 | (3 | (4 | (5 | (6 | (7 | (8 | (((11 | ((13 | ((15 | (((18 | (19 | (21 | !20))) | !17) | !16)) | !14)) | !12)) | !10) | !9))))))))))) & (t)] 0
[(!(0 | (1 | (2 | (3 | (4 | (5 | (6 | (7 | (8 | (((11 | ((13 | ((15 | (((18 | (19 | !(20 & 21))) | !17) | !16)) | !14)) | !12)) | !10) | !9))))))))))) & (t)] 0
[(!(0 | (1 | (2 | (3 | (4 | (5 | (6 | (7 | (8 | (((11 | ((13 | ((((17 | (18 | (19 | (20 | 21)))) | !16) | !15) | !14)) | !12)) | !10) | !9))))))))))) & (t)] 0
[(!(0 | (1 | (2 | (3 | (4 | (5 | (6 | (7 | (8 | (((11 | ((13 | ((((17 | (18 | (19 | (20 | !21)))) | !16) | !15) | !14)) | !12)) | !10) | !9))))))))))) & (t)] 0
[(!(0 | (1 | (2 | (3 | (4 | (5 | (6 | (7 | (8 | (((11 | ((13 | ((((17 | (18 | (19 | (21 | !20)))) | !16) | !15) | !14)) | !12)) | !10) | !9))))))))))) & (t)] 0
[(!(0 | (1 | (2 | (3 | (4 | (5 | (6 | (7 | (8 | (((11 | ((13 | ((((17 | (18 | (19 | !(20 & 21)))) | !16) | !15) | !14)) | !12)) | !10) | !9))))))))))) & (t)] 0
[(!(0 | (1 | ((3 | (4 | (5 | (6 | (7 | (8 | (((11 | ((13 | (((16 | ((18 | (19 | 20)) | !17)) | !15) | !14)) | !12)) | !10) | !9))))))) | !2)))) & (t)] 0
[(!(0 | (1 | ((3 | (4 | (5 | (6 | (7 | (8 | (((11 | ((13 | (((16 | ((18 | (19 | (21 | !20))) | !17)) | !15) | !14)) | !12)) | !10) | !9))))))) | !2)))) & (t)] 0
[(!(0 | (1 | ((3 | (4 | (5 | (6 | (7 | (8 | (((11 | ((13 | (((16 | ((18 | (19 | !(20 & 21))) | !17)) | !15) | !14)) | !12)) | !10) | !9))))))) | !2)))) & (t)] 0
[(!(0 | (1 | (2 | (3 | (4 | (5 | (6 | (7 | (8 | (((11 | ((13 | (((((18 | ((20 | 21) | !19)) | !17) | !16) | !15) | !14)) | !12)) | !10) | !9))))))))))) & (t)] 0
[(!(0 | (1 | (2 | (3 | (4 | (5 | (6 | (7 | (8 | (((11 | ((13 | (((((18 | ((20 | !21) | !19)) | !17) | !16) | !15) | !14)) | !12)) | !10) | !9))))))))))) & (t)] 0
[(!(0 | (1 | (2 | (3 | (4 | (5 | (6 | (7 | (8 | (((11 | ((13 | (((((18 | ((21 | !20) | !19)) | !17) | !16) | !15) | !14)) | !12)) | !10) | !9))))))))))) & (t)] 0
[(!(0 | (1 | (2 | (3 | (4 | (5 | (6 | (7 | (8 | (((11 | ((13 | (((((18 | !(19 & (20 & 21))) | !17) | !16) | !15) | !14)) | !12)) | !10) | !9))))))))))) & (t)] 0
[(!(0 | (1 | (2 | (3 | (4 | (5 | (6 | (7 | (8 | (((11 | ((13 | (((((((20 | 21) | !19) | !18) | !17) | !16) | !15) | !14)) | !12)) | !10) | !9))))))))))) & (t)] 0
[(!(0 | (1 | (2 | (3 | (4 | (5 | (6 | (7 | (8 | (((11 | ((13 | (((((((20 | !21) | !19) | !18) | !17) | !16) | !15) | !14)) | !12)) | !10) | !9))))))))))) & (t)] 0
[(!(0 | (1 | (2 | (3 | (4 | (5 | (6 | (7 | (8 | (((11 | ((13 | (((((((21 | !20) | !19) | !18) | !17) | !16) | !15) | !14)) | !12)) | !10) | !9))))))))))) & (t)] 0
[(!(0 | (1 | (2 | (3 | (4 | (5 | (6 | (7 | (8 | (((11 | ((13 | !(14 & (15 & (16 & (17 & (18 & (19 & (20 & 21)))))))) | !12)) | !10) | !9))))))))))) & (t)] 0
[(!(0 | (1 | (2 | (3 | (4 | (5 | (6 | (7 | ((((11 | (12 | (13 | (((((18 | 19) | !17) | !16) | !15) | !14)))) | !10) | !9) | !8)))))))))) & (t)] 0
[(!(0 | (1 | ((3 | (4 | (5 | (6 | (7 | (8 | (((11 | ((13 | ((15 | (((18 | (19 | (20 | 21))) | !17) | !16)) | !14)) | !12)) | !10) | !9))))))) | !2)))) & (t)] 0
[(!(0 | (1 | ((3 | (4 | (5 | (6 | (7 | (8 | (((11 | ((13 | ((15 | (((18 | (19 | (20 | !21))) | !17) | !16)) | !14)) | !12)) | !10) | !9))))))) | !2)))) & (t)] 0
[(!(0 | (1 | ((3 | (4 | (5 | (6 | (7 | (8 | (((11 | ((13 | ((15 | (((18 | (19 | (21 | !20))) | !17) | !16)) | !14)) | !12)) | !10) | !9))))))) | !2)))) & (t)] 0
[(!(0 | (1 | ((3 | (4 | (5 | (6 | (7 | (8 | (((11 | ((13 | ((15 | (((18 | (19 | !(20 & 21))) | !17) | !16)) | !14)) | !12)) | !10) | !9))))))) | !2)))) & (t)] 0
[(!(0 | (1 | (2 | (3 | (4 | (5 | (6 | (7 | (8 | (((11 | ((13 | (14 | (15 | ((((21 | !19) | !18) | !17) | !16)))) | !12)) | !10) | !9))))))))))) & (t)] 0
[(!(0 | (1 | (2 | (3 | (4 | (5 | (6 | (7 | (8 | (((11 | ((13 | (14 | (15 | (((((20 | !21) | !19) | !18) | !17) | !16)))) | !12)) | !10) | !9))))))))))) & (t)] 0
[(!(0 | (1 | (2 | (3 | (4 | (5 | (6 | (7 | (8 | (((11 | ((13 | (14 | (15 | !(16 & (17 & (18 & (19 & (20 & 21)))))))) | !12)) | !10) | !9))))))))))) & (t)] 0
[(!(0 | (1 | (2 | (3 | (4 | (5 | (6 | (7 | ((((11 | (12 | (13 | ((15 | (((19 | !18) | !17) | !16)) | !14)))) | !10) | !9) | !8)))))))))) & (t)] 0
[(!(0 | (1 | (2 | (3 | (4 | (5 | (6 | (7 | (8 | (((11 | ((13 | (14 | (((((19 | 21) | !18) | !17) | !16) | !15))) | !12)) | !10) | !9))))))))))) & (t)] 0
[(!(0 | (1 | (2 | (3 | (4 | (5 | (6 | (7 | (8 | (((11 | ((13 | (14 | (((((19 | (20 | !21)) | !18) | !17) | !16) | !15))) | !12)) | !10) | !9))))))))))) & (t)] 0
[(!(0 | (1 | (2 | (3 | (4 | (5 | (6 | (7 | (8 | (((11 | ((13 | (14 | (((((19 | !(20 & 21)) | !18) | !17) | !16) | !15))) | !12)) | !10) | !9))))))))))) & (t)] 0
[(!(0 | (1 | ((3 | (4 | (5 | (6 | (7 | (8 | (((11 | ((13 | ((((((19 | (20 | 21)) | !18) | !17) | !16) | !15) | !14)) | !12)) | !10) | !9))))))) | !2)))) & (t)] 0
[(!(0 | (1 | ((3 | (4 | (5 | (6 | (7 | (8 | (((11 | ((13 | ((((((19 | (20 | !21)) | !18) | !17) | !16) | !15) | !14)) | !12)) | !10) | !9))))))) | !2)))) & (t)] 0
[(!(0 | (1 | ((3 | (4 | (5 | (6 | (7 | (8 | (((11 | ((13 | ((((((19 | (21 | !20)) | !18) | !17) | !16) | !15) | !14)) | !12)) | !10) | !9))))))) | !2)))) & (t)] 0
[(!(0 | (1 | ((3 | (4 | (5 | (6 | (7 | (8 | (((11 | ((13 | ((((((19 | !(20 & 21)) | !18) | !17) | !16) | !15) | !14)) | !12)) | !10) | !9))))))) | !2)))) & (t)] 0
[(!(0 | (1 | (2 | (3 | (4 | (5 | (6 | (7 | ((((11 | (12 | (13 | (14 | ((((19 | !18) | !17) | !16) | !15))))) | !10) | !9) | !8)))))))))) & (t)] 0
[(!(0 | (1 | (2 | ((4 | (5 | (6 | (7 | (8 | (((11 | (12 | (13 | (((((19 | !18) | !17) | !16) | !15) | !14)))) | !10) | !9)))))) | !3))))) & (t)] 0
[(!((1 | (2 | ((4 | (5 | (6 | ((8 | (9 | ((11 | (12 | ((((((19 | !18) | !17) | !16) | !15) | !14) | !13))) | !10))) | !7)))) | !3))) | !0)) & (!(22 | !23))] 0
[(!(0 | (1 | (2 | (3 | (4 | (5 | (6 | (7 | (8 | (((11 | ((13 | (((16 | (17 | (18 | (19 | 20)))) | !15) | !14)) | !12)) | !10) | !9))))))))))) & (t)] 0
[(!(0 | (1 | (2 | (3 | (4 | (5 | (6 | (7 | (8 | (((11 | ((13 | (((16 | (17 | (18 | (19 | (21 | !20))))) | !15) | !14)) | !12)) | !10) | !9))))))))))) & (t)] 0
[(!(0 | (1 | (2 | (3 | (4 | (5 | (6 | (7 | (8 | (((11 | ((13 | (((16 | (17 | (18 | (19 | !(20 & 21))))) | !15) | !14)) | !12)) | !10) | !9))))))))))) & (t)] 0
[(!(0 | (1 | (2 | (3 | (4 | (5 | (6 | (7 | ((((11 | (12 | (13 | (((16 | ((18 | 19) | !17)) | !15) | !14)))) | !10) | !9) | !8)))))))))) & (t)] 0
[(!(0 | (1 | ((3 | (4 | (5 | (6 | (7 | (8 | (((11 | ((13 | ((15 | (16 | ((18 | (19 | 20)) | !17))) | !14)) | !12)) | !10) | !9))))))) | !2)))) & (t)] 0
[(!(0 | (1 | ((3 | (4 | (5 | (6 | (7 | (8 | (((11 | ((13 | ((15 | (16 | ((18 | (19 | (21 | !20))) | !17))) | !14)) | !12)) | !10) | !9))))))) | !2)))) & (t)] 0
[(!(0 | (1 | ((3 | (4 | (5 | (6 | (7 | (8 | (((11 | ((13 | ((15 | (16 | ((18 | (19 | !(20 & 21))) | !17))) | !14)) | !12)) | !10) | !9))))))) | !2)))) & (t)] 0
[(!(0 | (1 | (2 | (3 | (4 | (5 | (6 | (7 | (8 | (((11 | ((13 | ((15 | (((18 | ((20 | 21) | !19)) | !17) | !16)) | !14)) | !12)) | !10) | !9))))))))))) & (t)] 0
[(!(0 | (1 | (2 | (3 | (4 | (5 | (6 | (7 | (8 | (((11 | ((13 | ((15 | (((18 | ((20 | !21) | !19)) | !17) | !16)) | !14)) | !12)) | !10) | !9))))))))))) & (t)] 0
[(!(0 | (1 | (2 | (3 | (4 | (5 | (6 | (7 | (8 | (((11 | ((13 | ((15 | (((18 | ((21 | !20) | !19)) | !17) | !16)) | !14)) | !12)) | !10) | !9))))))))))) & (t)] 0
[(!(0 | (1 | (2 | (3 | (4 | (5 | (6 | (7 | (8 | (((11 | ((13 | ((15 | (((18 | !(19 & (20 & 21))) | !17) | !16)) | !14)) | !12)) | !10) | !9))))))))))) & (t)] 0
[(!(0 | (1 | (2 | (3 | (4 | (5 | (6 | (7 | (8 | (((11 | ((13 | ((15 | (((((20 | 21) | !19) | !18) | !17) | !16)) | !14)) | !12)) | !10) | !9))))))))))) & (t)] 0
[(!(0 | (1 | (2 | (3 | (4 | (5 | (6 | (7 | (8 | (((11 | ((13 | ((15 | (((((20 | !21) | !19) | !18) | !17) | !16)) | !14)) | !12)) | !10) | !9))))))))))) & (t)] 0
[(!(0 | (1 | (2 | (3 | (4 | (5 | (6 | (7 | (8 | (((11 | ((13 | ((15 | (((((21 | !20) | !19) | !18) | !17) | !16)) | !14)) | !12)) | !10) | !9))))))))))) & (t)] 0
[(!(0 | (1 | (2 | (3 | (4 | (5 | (6 | (7 | (8 | (((11 | ((13 | ((15 | !(16 & (17 & (18 & (19 & (20 & 21)))))) | !14)) | !12)) | !10) | !9))))))))))) & (t)] 0
[(!(0 | (1 | (2 | (3 | (4 | (5 | (6 | (7 | ((((11 | (12 | (13 | ((15 | (((18 | 19) | !17) | !16)) | !14)))) | !10) | !9) | !8)))))))))) & (t)] 0
[(!(0 | (1 | ((3 | (4 | (5 | (6 | (7 | (8 | (((11 | ((13 | (((16 | (17 | (18 | (19 | 20)))) | !15) | !14)) | !12)) | !10) | !9))))))) | !2)))) & (t)] 0
[(!(0 | (1 | ((3 | (4 | (5 | (6 | (7 | (8 | (((11 | ((13 | (((16 | (17 | (18 | (19 | (21 | !20))))) | !15) | !14)) | !12)) | !10) | !9))))))) | !2)))) & (t)] 0
[(!(0 | (1 | ((3 | (4 | (5 | (6 | (7 | (8 | (((11 | ((13 | (((16 | (17 | (18 | (19 | !(20 & 21))))) | !15) | !14)) | !12)) | !10) | !9))))))) | !2)))) & (t)] 0
[(!(0 | (1 | ((3 | (4 | (5 | (6 | (7 | (8 | (((11 | ((13 | ((((17 | (18 | (19 | (20 | 21)))) | !16) | !15) | !14)) | !12)) | !10) | !9))))))) | !2)))) & (t)] 0
[(!(0 | (1 | ((3 | (4 | (5 | (6 | (7 | (8 | (((11 | ((13 | ((((17 | (18 | (19 | (20 | !21)))) | !16) | !15) | !14)) | !12)) | !10) | !9))))))) | !2)))) & (t)] 0
[(!(0 | (1 | ((3 | (4 | (5 | (6 | (7 | (8 | (((11 | ((13 | ((((17 | (18 | (19 | (21 | !20)))) | !16) | !15) | !14)) | !12)) | !10) | !9))))))) | !2)))) & (t)] 0
[(!(0 | (1 | ((3 | (4 | (5 | (6 | (7 | (8 | (((11 | ((13 | ((((17 | (18 | (19 | !(20 & 21)))) | !16) | !15) | !14)) | !12)) | !10) | !9))))))) | !2)))) & (t)] 0
[(!(0 | (1 | (2 | (3 | (4 | (5 | (6 | (7 | (8 | (((11 | ((13 | ((((17 | (18 | ((20 | 21) | !19))) | !16) | !15) | !14)) | !12)) | !10) | !9))))))))))) & (t)] 0
[(!(0 | (1 | (2 | (3 | (4 | (5 | (6 | (7 | (8 | (((11 | ((13 | ((((17 | (18 | ((20 | !21) | !19))) | !16) | !15) | !14)) | !12)) | !10) | !9))))))))))) & (t)] 0
[(!(0 | (1 | (2 | (3 | (4 | (5 | (6 | (7 | (8 | (((11 | ((13 | ((((17 | (18 | ((21 | !20) | !19))) | !16) | !15) | !14)) | !12)) | !10) | !9))))))))))) & (t)] 0
[(!(0 | (1 | (2 | (3 | (4 | (5 | (6 | (7 | (8 | (((11 | ((13 | ((((17 | (18 | !(19 & (20 & 21)))) | !16) | !15) | !14)) | !12)) | !10) | !9))))))))))) & (t)] 0
[(!(0 | (1 | (2 | (3 | (4 | (5 | (6 | (7 | (8 | (((11 | ((13 | ((((17 | (((20 | 21) | !19) | !18)) | !16) | !15) | !14)) | !12)) | !10) | !9))))))))))) & (t)] 0
[(!(0 | (1 | (2 | (3 | (4 | (5 | (6 | (7 | (8 | (((11 | ((13 | ((((17 | (((20 | !21) | !19) | !18)) | !16) | !15) | !14)) | !12)) | !10) | !9))))))))))) & (t)] 0
[(!(0 | (1 | (2 | (3 | (4 | (5 | (6 | (7 | (8 | (((11 | ((13 | ((((17 | (((21 | !20) | !19) | !18)) | !16) | !15) | !14)) | !12)) | !10) | !9))))))))))) & (t)] 0
[(!(0 | (1 | (2 | (3 | (4 | (5 | (6 | (7 | (8 | (((11 | ((13 | ((((17 | !(18 & (19 & (20 & 21)))) | !16) | !15) | !14)) | !12)) | !10) | !9))))))))))) & (t)] 0
[(!(0 | (1 | (2 | (3 | (4 | (5 | (6 | (7 | ((((11 | (12 | (13 | ((((17 | (18 | 19)) | !16) | !15) | !14)))) | !10) | !9) | !8)))))))))) & (t)] 0
[(!(0 | (1 | (2 | ((4 | (5 | (6 | (7 | (8 | (((11 | (12 | (13 | (((((18 | 19) | !17) | !16) | !15) | !14)))) | !10) | !9)))))) | !3))))) & (t)] 0
[(!(0 | (1 | (2 | (3 | (4 | (5 | (6 | (7 | (8 | (((11 | ((13 | (14 | (15 | ((((19 | 21) | !18) | !17) | !16)))) | !12)) | !10) | !9))))))))))) & (t)] 0
[(!(0 | (1 | (2 | (3 | (4 | (5 | (6 | (7 | (8 | (((11 | ((13 | (14 | (15 | ((((19 | (20 | !21)) | !18) | !17) | !16)))) | !12)) | !10) | !9))))))))))) & (t)] 0
[(!(0 | (1 | (2 | (3 | (4 | (5 | (6 | (7 | (8 | (((11 | ((13 | (14 | (15 | ((((19 | !(20 & 21)) | !18) | !17) | !16)))) | !12)) | !10) | !9))))))))))) & (t)] 0
[(!(0 | (1 | ((3 | (4 | (5 | (6 | (7 | (8 | (((11 | ((13 | ((15 | ((((19 | (20 | 21)) | !18) | !17) | !16)) | !14)) | !12)) | !10) | !9))))))) | !2)))) & (t)] 0
[(!(0 | (1 | ((3 | (4 | (5 | (6 | (7 | (8 | (((11 | ((13 | ((15 | ((((19 | (20 | !21)) | !18) | !17) | !16)) | !14)) | !12)) | !10) | !9))))))) | !2)))) & (t)] 0
[(!(0 | (1 | ((3 | (4 | (5 | (6 | (7 | (8 | (((11 | ((13 | ((15 | ((((19 | (21 | !20)) | !18) | !17) | !16)) | !14)) | !12)) | !10) | !9))))))) | !2)))) & (t)] 0
[(!(0 | (1 | ((3 | (4 | (5 | (6 | (7 | (8 | (((11 | ((13 | ((15 | ((((19 | !(20 & 21)) | !18) | !17) | !16)) | !14)) | !12)) | !10) | !9))))))) | !2)))) & (t)] 0
[(!(0 | (1 | (2 | (3 | (4 | (5 | (6 | (7 | ((((11 | (12 | (13 | (14 | (15 | (((19 | !18) | !17) | !16)))))) | !10) | !9) | !8)))))))))) & (t)] 0
[(!(0 | (1 | (2 | ((4 | (5 | (6 | (7 | (8 | (((11 | (12 | (13 | ((15 | (((19 | !18) | !17) | !16)) | !14)))) | !10) | !9)))))) | !3))))) & (t)] 0
[(!((1 | (2 | ((4 | (5 | (6 | ((8 | (9 | ((11 | (12 | (((15 | (((19 | !18) | !17) | !16)) | !14) | !13))) | !10))) | !7)))) | !3))) | !0)) & (!(22 | !23))] 0
[(!(0 | (1 | (2 | (((((7 | (8 | (9 | ((11 | (12 | (13 | (((((19 | !18) | !17) | !16) | !15) | !14)))) | !10)))) | !6) | !5) | !4) | !3))))) & (!(22 | !23))] 0
[(!(0 | (1 | (2 | (((((7 | (8 | (((11 | (12 | (13 | ((((17 | (19 | !18)) | !16) | !15) | !14)))) | !10) | !9))) | !6) | !5) | !4) | !3))))) & (t)] 0
[(!(0 | (1 | (2 | (((((7 | (8 | (((11 | (12 | (13 | (((((19 | !18) | !17) | !16) | !15) | !14)))) | !10) | !9))) | !6) | !5) | !4) | !3))))) & (t)] 0
[(!(0 | (1 | (2 | (3 | (4 | (5 | (6 | (7 | ((((11 | (12 | (13 | (((16 | (17 | (18 | 19))) | !15) | !14)))) | !10) | !9) | !8)))))))))) & (t)] 0
[(!(0 | (1 | (2 | ((4 | (5 | (6 | (7 | (8 | (((11 | (12 | (13 | (((16 | ((18 | 19) | !17)) | !15) | !14)))) | !10) | !9)))))) | !3))))) & (t)] 0
[(!(0 | (1 | (2 | (3 | (4 | (5 | (6 | (7 | (8 | (((11 | ((13 | ((15 | (16 | ((18 | (19 | 20)) | !17))) | !14)) | !12)) | !10) | !9))))))))))) & (t)] 0
[(!(0 | (1 | (2 | (3 | (4 | (5 | (6 | (7 | (8 | (((11 | ((13 | ((15 | (16 | ((18 | (19 | (21 | !20))) | !17))) | !14)) | !12)) | !10) | !9))))))))))) & (t)] 0
[(!(0 | (1 | (2 | (3 | (4 | (5 | (6 | (7 | (8 | (((11 | ((13 | ((15 | (16 | ((18 | (19 | !(20 & 21))) | !17))) | !14)) | !12)) | !10) | !9))))))))))) & (t)] 0
[(!(0 | (1 | (2 | (3 | (4 | (5 | (6 | (7 | ((((11 | (12 | (13 | ((15 | (16 | ((18 | 19) | !17))) | !14)))) | !10) | !9) | !8)))))))))) & (t)] 0
[(!(0 | (1 | (2 | ((4 | (5 | (6 | (7 | (8 | (((11 | (12 | (13 | ((15 | (((18 | 19) | !17) | !16)) | !14)))) | !10) | !9)))))) | !3))))) & (t)] 0
[(!((1 | (2 | ((4 | (5 | (6 | ((8 | (9 | ((11 | (12 | (((15 | (((18 | 19) | !17) | !16)) | !14) | !13))) | !10))) | !7)))) | !3))) | !0)) & (!(22 | !23))] 0
[(!(0 | (1 | (2 | (3 | (4 | (5 | (6 | (7 | (8 | (((11 | ((13 | ((((17 | ((19 | (20 | 21)) | !18)) | !16) | !15) | !14)) | !12)) | !10) | !9))))))))))) & (t)] 0
[(!(0 | (1 | (2 | (3 | (4 | (5 | (6 | (7 | (8 | (((11 | ((13 | ((((17 | ((19 | (20 | !21)) | !18)) | !16) | !15) | !14)) | !12)) | !10) | !9))))))))))) & (t)] 0
[(!(0 | (1 | (2 | (3 | (4 | (5 | (6 | (7 | (8 | (((11 | ((13 | ((((17 | ((19 | (21 | !20)) | !18)) | !16) | !15) | !14)) | !12)) | !10) | !9))))))))))) & (t)] 0
[(!(0 | (1 | (2 | (3 | (4 | (5 | (6 | (7 | (8 | (((11 | ((13 | ((((17 | ((19 | !(20 & 21)) | !18)) | !16) | !15) | !14)) | !12)) | !10) | !9))))))))))) & (t)] 0
[(!(0 | (1 | (2 | (3 | (4 | (5 | (6 | (7 | (8 | (((11 | ((13 | (14 | (((17 | ((21 | !19) | !18)) | !16) | !15))) | !12)) | !10) | !9))))))))))) & (t)] 0
[(!(0 | (1 | (2 | (3 | (4 | (5 | (6 | (7 | (8 | (((11 | ((13 | (14 | (((17 | (((20 | !21) | !19) | !18)) | !16) | !15))) | !12)) | !10) | !9))))))))))) & (t)] 0
[(!(0 | (1 | (2 | (3 | (4 | (5 | (6 | (7 | (8 | (((11 | ((13 | (14 | (((17 | !(18 & (19 & (20 & 21)))) | !16) | !15))) | !12)) | !10) | !9))))))))))) & (t)] 0
[(!(0 | (1 | (2 | (3 | (4 | (5 | (6 | (7 | ((((11 | (12 | (13 | ((((17 | (19 | !18)) | !16) | !15) | !14)))) | !10) | !9) | !8)))))))))) & (t)] 0
[(!(0 | (1 | (2 | ((4 | (5 | (6 | (7 | (8 | (((11 | (12 | (13 | ((((17 | (18 | 19)) | !16) | !15) | !14)))) | !10) | !9)))))) | !3))))) & (t)] 0
[(!(0 | ((2 | ((4 | (((7 | (8 | ((10 | (11 | (12 | (13 | ((((17 | (18 | 19)) | !16) | !15) | !14))))) | !9))) | !6) | !5)) | !3)) | !1))) & (!(23 | !22))] 0
[(!(0 | (1 | (2 | ((4 | (5 | (6 | (7 | (8 | (((11 | (12 | (13 | (((16 | (17 | (18 | 19))) | !15) | !14)))) | !10) | !9)))))) | !3))))) & (t)] 0
[(!(0 | (1 | (2 | ((4 | (5 | (6 | (7 | (8 | (((11 | (12 | (13 | ((15 | (16 | ((18 | 19) | !17))) | !14)))) | !10) | !9)))))) | !3))))) & (t)] 0
[(!((1 | (2 | ((4 | (5 | (6 | ((8 | (9 | ((11 | (12 | (((15 | (16 | ((18 | 19) | !17))) | !14) | !13))) | !10))) | !7)))) | !3))) | !0)) & (!(22 | !23))] 0
[(!(0 | (1 | (2 | (3 | (4 | (5 | (6 | (7 | (8 | (((11 | ((13 | (14 | (((17 | ((19 | 21) | !18)) | !16) | !15))) | !12)) | !10) | !9))))))))))) & (t)] 0
[(!(0 | (1 | (2 | (3 | (4 | (5 | (6 | (7 | (8 | (((11 | ((13 | (14 | (((17 | ((19 | (20 | !21)) | !18)) | !16) | !15))) | !12)) | !10) | !9))))))))))) & (t)] 0
[(!(0 | (1 | (2 | (3 | (4 | (5 | (6 | (7 | (8 | (((11 | ((13 | (14 | (((17 | ((19 | !(20 & 21)) | !18)) | !16) | !15))) | !12)) | !10) | !9))))))))))) & (t)] 0
[(!(0 | (1 | ((3 | (4 | (5 | (6 | (7 | (8 | (((11 | ((13 | ((((17 | ((19 | (20 | 21)) | !18)) | !16) | !15) | !14)) | !12)) | !10) | !9))))))) | !2)))) & (t)] 0
[(!(0 | (1 | ((3 | (4 | (5 | (6 | (7 | (8 | (((11 | ((13 | ((((17 | ((19 | (20 | !21)) | !18)) | !16) | !15) | !14)) | !12)) | !10) | !9))))))) | !2)))) & (t)] 0
[(!(0 | (1 | ((3 | (4 | (5 | (6 | (7 | (8 | (((11 | ((13 | ((((17 | ((19 | (21 | !20)) | !18)) | !16) | !15) | !14)) | !12)) | !10) | !9))))))) | !2)))) & (t)] 0
[(!(0 | (1 | ((3 | (4 | (5 | (6 | (7 | (8 | (((11 | ((13 | ((((17 | ((19 | !(20 & 21)) | !18)) | !16) | !15) | !14)) | !12)) | !10) | !9))))))) | !2)))) & (t)] 0
[(!(0 | (1 | (2 | (3 | (4 | (5 | (6 | (7 | ((((11 | (12 | (13 | (14 | (((17 | (19 | !18)) | !16) | !15))))) | !10) | !9) | !8)))))))))) & (t)] 0
[(!(0 | (1 | (2 | ((4 | (5 | (6 | (7 | (8 | (((11 | (12 | (13 | ((((17 | (19 | !18)) | !16) | !15) | !14)))) | !10) | !9)))))) | !3))))) & (t)] 0
[(!(0 | ((2 | ((4 | (((7 | (8 | ((10 | (11 | (12 | (13 | ((((17 | (19 | !18)) | !16) | !15) | !14))))) | !9))) | !6) | !5)) | !3)) | !1))) & (!(23 | !22))] 0
[(0 & (1 | (2 | ((4 | (5 | (6 | (7 & (8 | (9 & (10 & (11 | (12 | ((((16 & (19 | !17) | !16 & ((18 | 19) | !17)) | !15) | !14) | !13))) | !10 & (11 | (12 | (((((19 | !17) | !16) | !15) | !14) | !13)))) | !9 & ((11 | (12 | (((16 & (19 | !17) | !16 & ((18 | 19) | !17)) | !14) | !13))) | !10))) | !7 & (8 | ((10 & ((12 | ((((19 | !17) | !16) | !14) | !13)) | !11) | !10 & ((12 | (((((19 | !17) | !16) | !15) | !14) | !13)) | !11)) | !9)))))) | !3))) | !0 & (1 & (2 | ((4 | (((7 | (8 | ((10 | (11 | (12 | (13 | (((19 | !16) | !15) | !14))))) | !9))) | !6) | !5)) | !3)) | !1 & (2 & (3 | (4 | (5 | (6 | (7 | (8 | ((10 & (11 | ((13 | ((15 & (16 & 19 | !16 & (18 | 19)) | !15 & (16 & (19 | !17) | !16 & ((18 | 19) | !17))) | !14)) | !12)) | !10 & (11 | ((13 | (((16 & (19 | !17) | !16 & ((18 | 19) | !17)) | !15) | !14)) | !12))) | !9))))))) | !2 & (3 & (4 & (((7 | (8 | (9 & ((11 | (12 | (13 | (((16 & 19 | !16 & (18 | 19)) | !15) | !14)))) | !10) | !9 & ((11 | (12 | (13 | (((16 & (19 | !17) | !16 & ((18 | 19) | !17)) | !15) | !14)))) | !10)))) | !6) | !5) | !4 & (5 | (6 | (7 | (8 | ((10 & (11 | (12 | (13 | ((15 & (16 & 19 | !16 & (18 | 19)) | !15 & (16 & (19 | !17) | !16 & ((18 | 19) | !17))) | !14)))) | !10 & (11 | (12 | (13 | ((((19 | !17) | !16) | !15) | !14))))) | !9)))))) | !3 & (4 | (5 | (6 | (7 | (8 & ((10 & (11 | (12 | (13 | (14 & (15 & (16 & 19 | !16 & (18 | 19)) | !15 & (16 & (19 | !17) | !16 & ((18 | 19) | !17))) | !14 & (15 & ((19 | !18) | !16) | !15 & (((19 | !18) | !17) | !16)))))) | !10 & (11 | (12 | (13 | (14 & ((16 & (19 | !17) | !16 & ((18 | 19) | !17)) | !15) | !14 & ((((19 | !18) | !17) | !16) | !15)))))) | !9) | !8 & ((10 & (11 | ((13 | !(14 & (15 & (16 | !(18 | 19)) | !15 & (16 & 17 | !16 & !((18 | 19) | !17))) | !14 & (15 & (16 & 18) | !15 & (16 & (17 & 18))))) | !12)) | !10 & (11 | ((13 | !(14 & (15 & (16 & 17 | !16 & !((18 | 19) | !17))) | !14 & (15 & (16 & (17 & 18))))) | !12))) | !9)))))))))) & (t)] 0
--END--
Synthesis took:  8320.929288864136 ms
