Processing program.
spec contains 2 APs (['inc', '(y == 0)'])
simplified !(((x = 0) & (y > 0)) | ((x > 0) & (y > 0))) (len 44) to ((!((!(0 < y) & ((!(0 <= x) & (0 <= y)) | !(0 <= y))) | ((0 < y) & ((x = 0) | (!(x = 0) & ((!(0 <= x) & (0 <= y)) | !(0 <= y)))))) & !(0 < x)) | ((0 < x) & !((!(0 < y) & ((!(0 <= x) & (0 <= y)) | !(0 <= y))) | (0 < y)))) (len 220)
((!((!(0 < y) & ((!(0 <= x) & (0 <= y)) | !(0 <= y))) | ((0 < y) & ((x = 0) | (!(x = 0) & ((!(0 <= x) & (0 <= y)) | !(0 <= y)))))) & !(0 < x)) | ((0 < x) & !((!(0 < y) & ((!(0 <= x) & (0 <= y)) | !(0 <= y))) | (0 < y))))
Starting abstract synthesis loop.
adding (y_prev < y), (0 <= y), (y <= 0), ((0 - x_prev) < (0 - x)), (x <= 0), ((0 - x_prev) > (0 - x)), ((0 - y_prev) < (0 - y)), (x_prev < x), (x_prev > x), (y_prev > y), ((0 - y_prev) > (0 - y)) to predicate abstraction
constructing LTL abstraction
ltl abstraction took: 0.0014450550079345703
running LTL synthesis
Realizable.
REALIZABLE
HOA: v1
tool: "strix" "21.0.0"
States: 1
Start: 0
AP: 15 "pred___0_MINUS_yprev__LT__0_MINUS_y__" "envx" "pred__yprev_LT_y_" "pred__xprev_LT_x_" "pred__yprev_GT_y_" "pred__xprev_GT_x_" "pred___0_MINUS_xprev__LT__0_MINUS_x__" "pred___0_MINUS_yprev__GT__0_MINUS_y__" "pred__0_LTEQ_y_" "envy" "con" "pred__y_LTEQ_0_" "pred__x_LTEQ_0_" "pred___0_MINUS_xprev__GT__0_MINUS_x__" "inc"
controllable-AP:
acc-name: all
Acceptance: 0 t
--BODY--
State: 0 "[0]"
[(!(0 | (1 | (2 | (3 | (4 | (5 | (6 | (7 | (((10 | (11 | (12 | (13 | 14)))) | !9) | !8)))))))))) & (t)] 0
[(!(0 | (1 | (2 | (3 | (4 | (5 | (6 | (7 | (((10 | (11 | (12 | (13 | !14)))) | !9) | !8)))))))))) & (t)] 0
[(!(0 | ((2 | (3 | (4 | (5 | (6 | (7 | ((9 | (10 | (11 | (12 | (13 | 14))))) | !8))))))) | !1))) & (t)] 0
[(!(0 | ((2 | (3 | (4 | (5 | (6 | (7 | ((9 | (10 | (11 | (12 | (13 | !14))))) | !8))))))) | !1))) & (t)] 0
[(!(0 | (1 | ((3 | (4 | (5 | (6 | ((((10 | (11 | (12 | (13 | 14)))) | !9) | !8) | !7))))) | !2)))) & (t)] 0
[(!(0 | (1 | ((3 | (4 | (5 | (6 | ((((10 | (11 | (12 | (13 | !14)))) | !9) | !8) | !7))))) | !2)))) & (t)] 0
[(!(0 | (1 | (2 | (3 | (4 | (5 | (6 | (7 | ((9 | ((11 | (12 | (13 | 14))) | !10)) | !8)))))))))) & (t)] 0
[(!(0 | (1 | (2 | (3 | (4 | (5 | (6 | (7 | ((9 | ((11 | (12 | (13 | !14))) | !10)) | !8)))))))))) & (t)] 0
[(!(0 | ((2 | ((4 | (5 | (6 | (7 | ((9 | (10 | (11 | (12 | (14 | !13))))) | !8))))) | !3)) | !1))) & (t)] 0
[(!(0 | ((2 | ((4 | (5 | (6 | (7 | ((9 | (10 | (11 | (12 | !(13 & 14))))) | !8))))) | !3)) | !1))) & (t)] 0
[(!(0 | (1 | (2 | (3 | (4 | (((7 | ((9 | ((11 | (12 | 13)) | !10)) | !8)) | !6) | !5))))))) & (t)] 0
[(!(0 | (1 | (2 | (3 | (4 | (((7 | ((9 | ((11 | (13 | !12)) | !10)) | !8)) | !6) | !5))))))) & (t)] 0
[(!(((2 | (3 | ((5 | (6 | (7 | ((9 | (10 | (11 | ((13 | 14) | !12)))) | !8)))) | !4))) | !1) | !0)) & (t)] 0
[(!(((2 | (3 | ((5 | (6 | (7 | ((9 | (10 | (11 | ((13 | !14) | !12)))) | !8)))) | !4))) | !1) | !0)) & (t)] 0
[(!(0 | (1 | (2 | (3 | (4 | (5 | (6 | (7 | ((9 | ((11 | ((13 | 14) | !12)) | !10)) | !8)))))))))) & (t)] 0
[(!(0 | (1 | (2 | (3 | (4 | (5 | (6 | (7 | ((9 | ((11 | ((13 | !14) | !12)) | !10)) | !8)))))))))) & (t)] 0
[(0 & ((2 | (3 | ((5 | (6 | (7 | ((9 | (10 | (11 | (13 | !12)))) | !8)))) | !4))) | !1) | !0 & (1 & (2 | (3 & (4 | (5 | (6 | (7 | ((9 | (10 | (11 | (12 | !13)))) | !8))))) | !3 & (4 | (5 | (6 | (7 | ((9 | (10 | (11 | (12 | 13)))) | !8))))))) | !1 & (2 & (3 | (4 | (5 | (6 | ((((10 | (11 | (12 | 13))) | !9) | !8) | !7))))) | !2 & (3 | (4 | (5 & ((7 | ((9 | ((11 | 13) | !10)) | !8)) | !6) | !5 & (6 | (7 | ((9 & (10 | (11 | (12 | 13))) | !9 & ((11 | 13) | !10)) | !8))))))))) & (t)] 0
--END--
Synthesis took:  976.8855571746826 ms
