Processing program.
spec contains 11 APs (['exit_l', 'stop_r', 'entry_r', 'entry_l', '(cr > 0)', '(cl > 0)', '(cl == 0)', 'exit_r', '(cr == 0)', 'stop_l', 'l2r'])
Starting abstract synthesis loop.
adding (cr <= 0), (0 <= cl), (cl <= 0), (0 <= cr) to predicate abstraction
constructing LTL abstraction
ltl abstraction took: 0.002330303192138672
running LTL synthesis
massaging abstract counterstrategy
checking for compatibility of counterstrategy with program
trying fairness refinement
Structural Refinement: 
entry_cond:TRUE
exit_cond:(cl <= 0)
loop:(cl := (cl - 1))
adding (cl = cl_prev), (cl = (cl_prev - 1)) to predicate abstraction
constructing LTL abstraction
ltl abstraction took: 0.002418994903564453
running LTL synthesis
massaging abstract counterstrategy
checking for compatibility of counterstrategy with program
trying fairness refinement
trying safety refinement
adding (cr <= 1) to predicate abstraction
constructing LTL abstraction
ltl abstraction took: 0.0024995803833007812
running LTL synthesis
massaging abstract counterstrategy
checking for compatibility of counterstrategy with program
trying fairness refinement
Structural Refinement: 
entry_cond:TRUE
exit_cond:(cr <= 1)
loop:(cr := (cr - 1))
adding (cr = cr_prev), (cr = (cr_prev - 1)) to predicate abstraction
constructing LTL abstraction
ltl abstraction took: 0.0026040077209472656
running LTL synthesis
Realizable.
REALIZABLE
HOA: v1
tool: "strix" "21.0.0"
States: 3
Start: 1
AP: 19 "pred__cr_EQ__crprev_MINUS_1__" "pred__cl_EQ_clprev_" "pred__0_LTEQ_cl_" "pred__cl_LTEQ_0_" "pred__cr_LTEQ_0_" "pred__cr_EQ_crprev_" "pred__cl_EQ__clprev_MINUS_1__" "q0" "pred__cr_LTEQ_1_" "in_loop1_0" "pred__0_LTEQ_cr_" "in_loop0_0" "l2r" "exit_r" "exit_l" "entry_r" "entry_l" "stop_r" "stop_l"
controllable-AP: 17 18
acc-name: all
Acceptance: 0 t
--BODY--
State: 0 "[0]"
[(!(0 | (1 | (((((((9 | ((12 | ((15 | !16) | !13)) | !11)) | !8) | !7) | !6) | !5) | !4) | !3)))) & (!(17 | !18))] 1
[(!(0 | (1 | (((((((9 | ((((15 | !16) | !13) | !12) | !11)) | !8) | !7) | !6) | !5) | !4) | !3)))) & (!(18 | !17))] 2
[(!(((((5 | (6 | (((9 | (11 | (12 | ((15 | !16) | !13)))) | !8) | !7))) | !4) | !3) | !1) | !0)) & (t)] 0
[(!(((((5 | (6 | (((9 | (11 | (12 | ((16 | !15) | !14)))) | !8) | !7))) | !4) | !3) | !1) | !0)) & (!(17 | !18))] 1
[(!(((((5 | (6 | (((9 | (11 | (((15 | !16) | !13) | !12))) | !8) | !7))) | !4) | !3) | !1) | !0)) & (t)] 2
[(!(((((5 | (6 | (((9 | (11 | (((16 | !15) | !14) | !12))) | !8) | !7))) | !4) | !3) | !1) | !0)) & (!(17 | !18))] 0
[(0 & (((4 & (5 | (6 | (((9 | (11 | (15 & 16))) | !8) | !7))) | !4 & (5 | (6 | (((11 | 16) | !9) | !7)))) | !3) | !1) | !0 & (1 & (3 & (4 & ((6 | (((9 | (11 | (15 & 16))) | !8) | !7)) | !5) | !4 & (5 & (6 | ((8 & (9 | (11 | 16)) | !8 & (11 | 16)) | !7)) | !5 & (6 | ((9 | (11 | 16)) | !7)))) | !3 & (((6 | (((9 | 15) | !8) | !7)) | !5) | !4)) | !1 & (3 & ((5 & ((((9 | (15 | !11)) | !8) | !7) | !6) | !5 & (6 | (((9 | (11 | (13 | (14 | (15 | 16))))) | !8) | !7))) | !4) | !3 & (((6 & (((9 | (15 | !11)) | !8) | !7) | !6 & (((9 | (11 | 15)) | !8) | !7)) | !5) | !4)))) & (t)] 1
[(!(0 | (1 | (((5 | (6 | (((9 | (11 | (12 | (13 | (14 | (15 | 16)))))) | !8) | !7))) | !4) | !3)))) & (t)] 2
[(!(0 | (1 | (((5 | (6 | (((9 | (11 | ((13 | (14 | (15 | 16))) | !12))) | !8) | !7))) | !4) | !3)))) & (t)] 2
[(!(0 | (((((6 | (((9 | (11 | (12 | (14 | (16 | !15))))) | !8) | !7)) | !5) | !4) | !3) | !1))) & (!(17 | !18))] 0
[(!(0 | (((((6 | (((9 | (11 | ((14 | (16 | !15)) | !12))) | !8) | !7)) | !5) | !4) | !3) | !1))) & (17 & 18)] 1
[(!(0 | (((((6 | (((9 | (11 | (12 | (13 | (15 | !16))))) | !8) | !7)) | !5) | !4) | !3) | !1))) & (17 & 18)] 2
[(!(0 | (((((6 | (((9 | (11 | ((13 | (15 | !16)) | !12))) | !8) | !7)) | !5) | !4) | !3) | !1))) & (!(18 | !17))] 0
[(!(0 | (((((6 | (((9 | (11 | (12 | (15 | 16)))) | !8) | !7)) | !5) | !4) | !3) | !1))) & (!(17 | !18))] 1
[(!(0 | (((((6 | (((9 | (11 | ((15 | 16) | !12))) | !8) | !7)) | !5) | !4) | !3) | !1))) & (!(18 | !17))] 2
[(!(0 | (((4 | (5 | (6 | (((9 | (11 | (12 | (14 | (15 | 16))))) | !8) | !7)))) | !3) | !1))) & (!(17 | !18))] 2
[(!(0 | (((4 | (5 | (6 | (((9 | (11 | (12 | (14 | (16 | !15))))) | !8) | !7)))) | !3) | !1))) & (!(17 | !18))] 1
[(!(0 | (((4 | (5 | (6 | (((9 | (11 | (12 | ((15 | 16) | !14)))) | !8) | !7)))) | !3) | !1))) & (!(17 | !18))] 0
[(!(0 | (((4 | (5 | (6 | (((9 | (11 | (12 | ((16 | !15) | !14)))) | !8) | !7)))) | !3) | !1))) & (!(17 | !18))] 2
[(!(0 | (((4 | (5 | (6 | (((9 | (11 | ((14 | (15 | 16)) | !12))) | !8) | !7)))) | !3) | !1))) & (!(17 | !18))] 1
[(!(0 | (((4 | (5 | (6 | (((9 | (11 | ((14 | (16 | !15)) | !12))) | !8) | !7)))) | !3) | !1))) & (!(17 | !18))] 0
[(!(0 | (((4 | (5 | (6 | (((9 | (11 | (((15 | 16) | !14) | !12))) | !8) | !7)))) | !3) | !1))) & (!(17 | !18))] 1
[(!(0 | (((4 | (5 | (6 | (((9 | (11 | (((16 | !15) | !14) | !12))) | !8) | !7)))) | !3) | !1))) & (!(17 | !18))] 1
[(!(0 | (1 | (3 | (((6 | (((9 | (11 | (12 | (13 | (15 | 16))))) | !8) | !7)) | !5) | !4))))) & (!(18 | !17))] 1
[(!(0 | (1 | (3 | (((6 | (((9 | (11 | (12 | ((15 | 16) | !13)))) | !8) | !7)) | !5) | !4))))) & (!(18 | !17))] 0
[(!(0 | (1 | (3 | (((6 | (((9 | (11 | ((13 | (15 | 16)) | !12))) | !8) | !7)) | !5) | !4))))) & (!(18 | !17))] 0
[(!(0 | (1 | (3 | (((6 | (((9 | (11 | (((15 | 16) | !13) | !12))) | !8) | !7)) | !5) | !4))))) & (!(18 | !17))] 1
[(!(0 | (1 | (3 | (((6 | (((9 | (11 | (12 | (13 | (15 | !16))))) | !8) | !7)) | !5) | !4))))) & (!(18 | !17))] 1
[(!(0 | (1 | (3 | (((6 | (((9 | (11 | (12 | ((15 | !16) | !13)))) | !8) | !7)) | !5) | !4))))) & (!(18 | !17))] 1
[(!(0 | (1 | (3 | (((6 | (((9 | (11 | ((13 | (15 | !16)) | !12))) | !8) | !7)) | !5) | !4))))) & (!(18 | !17))] 0
[(!(0 | (1 | (3 | (((6 | (((9 | (11 | (((15 | !16) | !13) | !12))) | !8) | !7)) | !5) | !4))))) & (!(18 | !17))] 0
[(!(0 | (((4 | ((6 | (((9 | (11 | (12 | (14 | (15 | 16))))) | !8) | !7)) | !5)) | !3) | !1))) & (!(17 | !18))] 0
[(!(0 | (((4 | ((6 | (((9 | (11 | (12 | (14 | (16 | !15))))) | !8) | !7)) | !5)) | !3) | !1))) & (!(17 | !18))] 1
[(!(0 | (((4 | ((6 | (((9 | (11 | (12 | ((15 | 16) | !14)))) | !8) | !7)) | !5)) | !3) | !1))) & (!(17 | !18))] 0
[(!(0 | (((4 | ((6 | (((9 | (11 | (12 | ((16 | !15) | !14)))) | !8) | !7)) | !5)) | !3) | !1))) & (!(17 | !18))] 2
[(!(0 | (((4 | ((6 | (((9 | (11 | ((14 | (15 | 16)) | !12))) | !8) | !7)) | !5)) | !3) | !1))) & (!(17 | !18))] 1
[(!(0 | (((4 | ((6 | (((9 | (11 | ((14 | (16 | !15)) | !12))) | !8) | !7)) | !5)) | !3) | !1))) & (!(17 | !18))] 0
[(!(0 | (((4 | ((6 | (((9 | (11 | (((15 | 16) | !14) | !12))) | !8) | !7)) | !5)) | !3) | !1))) & (!(17 | !18))] 1
[(!(0 | (((4 | ((6 | (((9 | (11 | (((16 | !15) | !14) | !12))) | !8) | !7)) | !5)) | !3) | !1))) & (!(17 | !18))] 1
[(!(0 | (((4 | (5 | (6 | ((8 | (9 | (11 | (12 | (14 | (15 | 16)))))) | !7)))) | !3) | !1))) & (!(17 | !18))] 1
[(!(0 | (((4 | (5 | (6 | ((8 | (9 | (11 | (12 | (14 | (16 | !15)))))) | !7)))) | !3) | !1))) & (!(17 | !18))] 1
[(!(0 | (((4 | (5 | (6 | ((8 | (9 | (11 | (12 | ((15 | 16) | !14))))) | !7)))) | !3) | !1))) & (!(17 | !18))] 0
[(!(0 | (((4 | (5 | (6 | ((8 | (9 | (11 | (12 | ((16 | !15) | !14))))) | !7)))) | !3) | !1))) & (!(17 | !18))] 1
[(!(0 | (((4 | (5 | (6 | ((8 | (9 | (11 | ((14 | (15 | 16)) | !12)))) | !7)))) | !3) | !1))) & (17 & 18)] 0
[(!(0 | (((4 | (5 | (6 | ((8 | (9 | (11 | ((14 | (16 | !15)) | !12)))) | !7)))) | !3) | !1))) & (17 & 18)] 0
[(!(0 | (((4 | (5 | (6 | ((8 | (9 | (11 | (((15 | 16) | !14) | !12)))) | !7)))) | !3) | !1))) & (17 & 18)] 1
[(!(0 | (((4 | (5 | (6 | ((8 | (9 | (11 | (((16 | !15) | !14) | !12)))) | !7)))) | !3) | !1))) & (17 & 18)] 0
[(!(((((5 | (6 | (((9 | (11 | (12 | (14 | (16 | !15))))) | !8) | !7))) | !4) | !3) | !1) | !0)) & (!(17 | !18))] 0
[(!(((((5 | (6 | (((9 | (11 | ((14 | (16 | !15)) | !12))) | !8) | !7))) | !4) | !3) | !1) | !0)) & (!(17 | !18))] 1
[(!(((((5 | (6 | (((9 | (11 | (12 | (13 | (15 | !16))))) | !8) | !7))) | !4) | !3) | !1) | !0)) & (t)] 2
[(!(((((5 | (6 | (((9 | (11 | ((13 | (15 | !16)) | !12))) | !8) | !7))) | !4) | !3) | !1) | !0)) & (t)] 2
[(!(((((5 | (6 | (((9 | (11 | (12 | (15 | 16)))) | !8) | !7))) | !4) | !3) | !1) | !0)) & (!(17 | !18))] 1
[(!(((((5 | (6 | (((9 | (11 | ((15 | 16) | !12))) | !8) | !7))) | !4) | !3) | !1) | !0)) & (!(17 | !18))] 0
[(!(0 | ((3 | (((6 | (((9 | (11 | (12 | (13 | (15 | 16))))) | !8) | !7)) | !5) | !4)) | !1))) & (!(18 | !17))] 1
[(!(0 | ((3 | (((6 | (((9 | (11 | (12 | ((15 | 16) | !13)))) | !8) | !7)) | !5) | !4)) | !1))) & (!(18 | !17))] 0
[(!(0 | ((3 | (((6 | (((9 | (11 | ((13 | (15 | 16)) | !12))) | !8) | !7)) | !5) | !4)) | !1))) & (!(18 | !17))] 0
[(!(0 | ((3 | (((6 | (((9 | (11 | (((15 | 16) | !13) | !12))) | !8) | !7)) | !5) | !4)) | !1))) & (!(18 | !17))] 1
[(!(0 | (1 | (3 | ((((((9 | ((12 | (13 | (15 | 16))) | !11)) | !8) | !7) | !6) | !5) | !4))))) & (17 & 18)] 1
[(!(0 | (1 | (3 | ((((((9 | ((12 | ((15 | 16) | !13)) | !11)) | !8) | !7) | !6) | !5) | !4))))) & (17 & 18)] 0
[(!(0 | (1 | (3 | ((((((9 | (((13 | (15 | 16)) | !12) | !11)) | !8) | !7) | !6) | !5) | !4))))) & (!(18 | !17))] 0
[(!(0 | (1 | (3 | ((((((9 | ((((15 | 16) | !13) | !12) | !11)) | !8) | !7) | !6) | !5) | !4))))) & (!(18 | !17))] 1
[(!(0 | (1 | (((((((9 | ((12 | (15 | 16)) | !11)) | !8) | !7) | !6) | !5) | !4) | !3)))) & (!(17 | !18))] 1
[(!(0 | (1 | (((((((9 | (((15 | 16) | !12) | !11)) | !8) | !7) | !6) | !5) | !4) | !3)))) & (!(18 | !17))] 2
[(!(0 | ((3 | (((6 | (((9 | (11 | (12 | (13 | (15 | !16))))) | !8) | !7)) | !5) | !4)) | !1))) & (!(18 | !17))] 1
[(!(0 | ((3 | (((6 | (((9 | (11 | (12 | ((15 | !16) | !13)))) | !8) | !7)) | !5) | !4)) | !1))) & (!(18 | !17))] 1
[(!(0 | ((3 | (((6 | (((9 | (11 | ((13 | (15 | !16)) | !12))) | !8) | !7)) | !5) | !4)) | !1))) & (!(18 | !17))] 0
[(!(0 | ((3 | (((6 | (((9 | (11 | (((15 | !16) | !13) | !12))) | !8) | !7)) | !5) | !4)) | !1))) & (!(18 | !17))] 0
[(!(0 | (1 | (3 | ((((((9 | ((12 | (13 | (15 | !16))) | !11)) | !8) | !7) | !6) | !5) | !4))))) & (17 & 18)] 1
[(!(0 | (1 | (3 | ((((((9 | ((12 | ((15 | !16) | !13)) | !11)) | !8) | !7) | !6) | !5) | !4))))) & (17 & 18)] 1
[(!(0 | (1 | (3 | ((((((9 | (((13 | (15 | !16)) | !12) | !11)) | !8) | !7) | !6) | !5) | !4))))) & (!(18 | !17))] 0
[(!(0 | (1 | (3 | ((((((9 | ((((15 | !16) | !13) | !12) | !11)) | !8) | !7) | !6) | !5) | !4))))) & (!(18 | !17))] 0
[(!(0 | (1 | (((((((9 | ((12 | (13 | (15 | !16))) | !11)) | !8) | !7) | !6) | !5) | !4) | !3)))) & (17 & 18)] 2
[(!(0 | (1 | (((((((9 | (((13 | (15 | !16)) | !12) | !11)) | !8) | !7) | !6) | !5) | !4) | !3)))) & (!(18 | !17))] 0
[(!(0 | (((4 | ((6 | ((8 | (9 | (11 | (12 | (14 | (15 | 16)))))) | !7)) | !5)) | !3) | !1))) & (!(17 | !18))] 1
[(!(0 | (((4 | ((6 | ((8 | (9 | (11 | (12 | (14 | (16 | !15)))))) | !7)) | !5)) | !3) | !1))) & (!(17 | !18))] 1
[(!(0 | (((4 | ((6 | ((8 | (9 | (11 | (12 | ((15 | 16) | !14))))) | !7)) | !5)) | !3) | !1))) & (!(17 | !18))] 0
[(!(0 | (((4 | ((6 | ((8 | (9 | (11 | (12 | ((16 | !15) | !14))))) | !7)) | !5)) | !3) | !1))) & (!(17 | !18))] 1
[(!(0 | (((4 | ((6 | ((8 | (9 | (11 | ((14 | (15 | 16)) | !12)))) | !7)) | !5)) | !3) | !1))) & (17 & 18)] 0
[(!(0 | (((4 | ((6 | ((8 | (9 | (11 | ((14 | (16 | !15)) | !12)))) | !7)) | !5)) | !3) | !1))) & (17 & 18)] 0
[(!(0 | (((4 | ((6 | ((8 | (9 | (11 | (((15 | 16) | !14) | !12)))) | !7)) | !5)) | !3) | !1))) & (17 & 18)] 2
[(!(0 | (((4 | ((6 | ((8 | (9 | (11 | (((16 | !15) | !14) | !12)))) | !7)) | !5)) | !3) | !1))) & (17 & 18)] 0
[(!((((4 | (5 | (6 | ((8 | ((11 | (12 | (14 | (15 | 16)))) | !9)) | !7)))) | !3) | !1) | !0)) & (!(17 | !18))] 1
[(!((((4 | (5 | (6 | (((11 | (12 | (14 | (16 | !15)))) | !9) | !7)))) | !3) | !1) | !0)) & (!(17 | !18))] 1
[(!((((4 | (5 | (6 | ((8 | ((11 | (12 | ((15 | 16) | !14))) | !9)) | !7)))) | !3) | !1) | !0)) & (!(17 | !18))] 0
[(!((((4 | (5 | (6 | ((8 | ((11 | (12 | ((16 | !15) | !14))) | !9)) | !7)))) | !3) | !1) | !0)) & (!(17 | !18))] 1
[(!((((4 | (5 | (6 | ((8 | ((11 | ((14 | (15 | 16)) | !12)) | !9)) | !7)))) | !3) | !1) | !0)) & (!(17 | !18))] 2
[(!((((4 | (5 | (6 | (((11 | ((14 | (16 | !15)) | !12)) | !9) | !7)))) | !3) | !1) | !0)) & (!(17 | !18))] 2
[(!((((4 | (5 | (6 | ((8 | ((11 | (((15 | 16) | !14) | !12)) | !9)) | !7)))) | !3) | !1) | !0)) & (!(17 | !18))] 2
[(!((((4 | (5 | (6 | ((8 | ((11 | (((16 | !15) | !14) | !12)) | !9)) | !7)))) | !3) | !1) | !0)) & (!(17 | !18))] 0
[(!((((4 | (5 | (6 | ((((11 | (12 | (14 | (15 | 16)))) | !9) | !8) | !7)))) | !3) | !1) | !0)) & (!(17 | !18))] 2
[(!((((4 | (5 | (6 | ((((11 | (12 | ((15 | 16) | !14))) | !9) | !8) | !7)))) | !3) | !1) | !0)) & (!(17 | !18))] 0
[(!((((4 | (5 | (6 | ((((11 | (12 | ((16 | !15) | !14))) | !9) | !8) | !7)))) | !3) | !1) | !0)) & (!(17 | !18))] 2
[(!((((4 | (5 | (6 | ((((11 | ((14 | (15 | 16)) | !12)) | !9) | !8) | !7)))) | !3) | !1) | !0)) & (!(17 | !18))] 1
[(!((((4 | (5 | (6 | ((((11 | (((15 | 16) | !14) | !12)) | !9) | !8) | !7)))) | !3) | !1) | !0)) & (!(17 | !18))] 1
[(!((((4 | (5 | (6 | ((((11 | (((16 | !15) | !14) | !12)) | !9) | !8) | !7)))) | !3) | !1) | !0)) & (!(17 | !18))] 1
[(!(0 | ((3 | (((6 | (((9 | ((12 | (13 | (15 | 16))) | !11)) | !8) | !7)) | !5) | !4)) | !1))) & (!(18 | !17))] 1
[(!(0 | ((3 | (((6 | (((9 | ((12 | ((15 | 16) | !13)) | !11)) | !8) | !7)) | !5) | !4)) | !1))) & (!(18 | !17))] 0
[(!(0 | ((3 | (((6 | (((9 | (((13 | (15 | 16)) | !12) | !11)) | !8) | !7)) | !5) | !4)) | !1))) & (!(18 | !17))] 0
[(!(0 | ((3 | (((6 | (((9 | ((((15 | 16) | !13) | !12) | !11)) | !8) | !7)) | !5) | !4)) | !1))) & (!(18 | !17))] 1
[(!(0 | ((3 | (((6 | (((9 | ((12 | (13 | (15 | !16))) | !11)) | !8) | !7)) | !5) | !4)) | !1))) & (!(18 | !17))] 1
[(!(0 | ((3 | (((6 | (((9 | ((12 | ((15 | !16) | !13)) | !11)) | !8) | !7)) | !5) | !4)) | !1))) & (!(18 | !17))] 1
[(!(0 | ((3 | (((6 | (((9 | (((13 | (15 | !16)) | !12) | !11)) | !8) | !7)) | !5) | !4)) | !1))) & (!(18 | !17))] 0
[(!(0 | ((3 | (((6 | (((9 | ((((15 | !16) | !13) | !12) | !11)) | !8) | !7)) | !5) | !4)) | !1))) & (!(18 | !17))] 0
[(!(0 | (((4 | ((6 | ((8 | ((11 | (12 | (14 | (15 | 16)))) | !9)) | !7)) | !5)) | !3) | !1))) & (!(17 | !18))] 1
[(!(0 | (((4 | ((6 | ((8 | ((11 | (12 | (14 | (16 | !15)))) | !9)) | !7)) | !5)) | !3) | !1))) & (!(17 | !18))] 1
[(!(0 | (((4 | ((6 | ((8 | ((11 | (12 | ((15 | 16) | !14))) | !9)) | !7)) | !5)) | !3) | !1))) & (!(17 | !18))] 0
[(!(0 | (((4 | ((6 | ((8 | ((11 | (12 | ((16 | !15) | !14))) | !9)) | !7)) | !5)) | !3) | !1))) & (!(17 | !18))] 1
[(!(0 | (((4 | ((6 | ((8 | ((11 | ((14 | (15 | 16)) | !12)) | !9)) | !7)) | !5)) | !3) | !1))) & (17 & 18)] 0
[(!(0 | (((4 | ((6 | ((8 | ((11 | ((14 | (16 | !15)) | !12)) | !9)) | !7)) | !5)) | !3) | !1))) & (!(17 | !18))] 0
[(!(0 | (((4 | ((6 | ((8 | ((11 | (((15 | 16) | !14) | !12)) | !9)) | !7)) | !5)) | !3) | !1))) & (17 & 18)] 1
[(!(0 | (((4 | ((6 | ((8 | ((11 | (((16 | !15) | !14) | !12)) | !9)) | !7)) | !5)) | !3) | !1))) & (17 & 18)] 2
[(!(0 | (((((6 | (((9 | (11 | (12 | ((15 | !16) | !13)))) | !8) | !7)) | !5) | !4) | !3) | !1))) & (!(17 | !18))] 1
[(!(0 | (((((6 | (((9 | (11 | (((15 | !16) | !13) | !12))) | !8) | !7)) | !5) | !4) | !3) | !1))) & (!(18 | !17))] 2
[(!(0 | (((((6 | (((9 | (11 | (12 | ((16 | !15) | !14)))) | !8) | !7)) | !5) | !4) | !3) | !1))) & (!(17 | !18))] 1
[(!(0 | (((((6 | (((9 | (11 | (((16 | !15) | !14) | !12))) | !8) | !7)) | !5) | !4) | !3) | !1))) & (!(18 | !17))] 2
State: 1 "[1]"
[(!(0 | (1 | (((((((9 | ((12 | ((15 | !16) | !13)) | !11)) | !8) | !7) | !6) | !5) | !4) | !3)))) & (!(18 | !17))] 0
[(!(0 | (1 | (((((((9 | ((((15 | !16) | !13) | !12) | !11)) | !8) | !7) | !6) | !5) | !4) | !3)))) & (!(18 | !17))] 2
[(!(((((5 | (6 | (((9 | (11 | (12 | ((15 | !16) | !13)))) | !8) | !7))) | !4) | !3) | !1) | !0)) & (t)] 2
[(!(((((5 | (6 | (((9 | (11 | (12 | ((16 | !15) | !14)))) | !8) | !7))) | !4) | !3) | !1) | !0)) & (!(17 | !18))] 1
[(!(((((5 | (6 | (((9 | (11 | (((15 | !16) | !13) | !12))) | !8) | !7))) | !4) | !3) | !1) | !0)) & (t)] 0
[(!(((((5 | (6 | (((9 | (11 | (((16 | !15) | !14) | !12))) | !8) | !7))) | !4) | !3) | !1) | !0)) & (!(18 | !17))] 2
[(0 & (((4 & (5 | (6 | (((9 | (11 | (15 & 16))) | !8) | !7))) | !4 & (5 | (6 | (((11 | 16) | !9) | !7)))) | !3) | !1) | !0 & (1 & (3 & (4 & ((6 | (((9 | (11 | (15 & 16))) | !8) | !7)) | !5) | !4 & (5 & (6 | ((8 & (9 | (11 | 16)) | !8 & (11 | 16)) | !7)) | !5 & (6 | ((9 | (11 | 16)) | !7)))) | !3 & (((6 | (((9 | 15) | !8) | !7)) | !5) | !4)) | !1 & (3 & ((5 & ((((9 | (15 | !11)) | !8) | !7) | !6) | !5 & (6 | (((9 | (11 | (13 | (14 | (15 | 16))))) | !8) | !7))) | !4) | !3 & (((6 & (((9 | (15 | !11)) | !8) | !7) | !6 & (((9 | (11 | 15)) | !8) | !7)) | !5) | !4)))) & (t)] 1
[(!(0 | (1 | (((5 | (6 | (((9 | (11 | (12 | (13 | (14 | (15 | 16)))))) | !8) | !7))) | !4) | !3)))) & (!(17 | !18))] 1
[(!(0 | (1 | (((5 | (6 | (((9 | (11 | ((13 | (14 | (15 | 16))) | !12))) | !8) | !7))) | !4) | !3)))) & (!(18 | !17))] 2
[(!(0 | (((((6 | (((9 | (11 | (12 | (14 | (16 | !15))))) | !8) | !7)) | !5) | !4) | !3) | !1))) & (!(17 | !18))] 0
[(!(0 | (((((6 | (((9 | (11 | ((14 | (16 | !15)) | !12))) | !8) | !7)) | !5) | !4) | !3) | !1))) & (!(17 | !18))] 1
[(!(0 | (((((6 | (((9 | (11 | (12 | (13 | (15 | !16))))) | !8) | !7)) | !5) | !4) | !3) | !1))) & (t)] 0
[(!(0 | (((((6 | (((9 | (11 | ((13 | (15 | !16)) | !12))) | !8) | !7)) | !5) | !4) | !3) | !1))) & (t)] 1
[(!(0 | (((((6 | (((9 | (11 | (12 | (15 | 16)))) | !8) | !7)) | !5) | !4) | !3) | !1))) & (!(17 | !18))] 1
[(!(0 | (((((6 | (((9 | (11 | ((15 | 16) | !12))) | !8) | !7)) | !5) | !4) | !3) | !1))) & (!(17 | !18))] 0
[(!(0 | (((4 | (5 | (6 | (((9 | (11 | (12 | (14 | (15 | 16))))) | !8) | !7)))) | !3) | !1))) & (!(17 | !18))] 0
[(!(0 | (((4 | (5 | (6 | (((9 | (11 | (12 | (14 | (16 | !15))))) | !8) | !7)))) | !3) | !1))) & (!(17 | !18))] 1
[(!(0 | (((4 | (5 | (6 | (((9 | (11 | (12 | ((15 | 16) | !14)))) | !8) | !7)))) | !3) | !1))) & (!(17 | !18))] 0
[(!(0 | (((4 | (5 | (6 | (((9 | (11 | (12 | ((16 | !15) | !14)))) | !8) | !7)))) | !3) | !1))) & (!(17 | !18))] 0
[(!(0 | (((4 | (5 | (6 | (((9 | (11 | ((14 | (15 | 16)) | !12))) | !8) | !7)))) | !3) | !1))) & (17 & 18)] 1
[(!(0 | (((4 | (5 | (6 | (((9 | (11 | ((14 | (16 | !15)) | !12))) | !8) | !7)))) | !3) | !1))) & (17 & 18)] 2
[(!(0 | (((4 | (5 | (6 | (((9 | (11 | (((15 | 16) | !14) | !12))) | !8) | !7)))) | !3) | !1))) & (!(18 | !17))] 2
[(!(0 | (((4 | (5 | (6 | (((9 | (11 | (((16 | !15) | !14) | !12))) | !8) | !7)))) | !3) | !1))) & (17 & 18)] 1
[(!(0 | (1 | (3 | (((6 | (((9 | (11 | (12 | (13 | (15 | 16))))) | !8) | !7)) | !5) | !4))))) & (17 & 18)] 1
[(!(0 | (1 | (3 | (((6 | (((9 | (11 | (12 | ((15 | 16) | !13)))) | !8) | !7)) | !5) | !4))))) & (17 & 18)] 0
[(!(0 | (1 | (3 | (((6 | (((9 | (11 | ((13 | (15 | 16)) | !12))) | !8) | !7)) | !5) | !4))))) & (!(18 | !17))] 0
[(!(0 | (1 | (3 | (((6 | (((9 | (11 | (((15 | 16) | !13) | !12))) | !8) | !7)) | !5) | !4))))) & (!(18 | !17))] 1
[(!(0 | (1 | (3 | (((6 | (((9 | (11 | (12 | (13 | (15 | !16))))) | !8) | !7)) | !5) | !4))))) & (17 & 18)] 1
[(!(0 | (1 | (3 | (((6 | (((9 | (11 | (12 | ((15 | !16) | !13)))) | !8) | !7)) | !5) | !4))))) & (17 & 18)] 1
[(!(0 | (1 | (3 | (((6 | (((9 | (11 | ((13 | (15 | !16)) | !12))) | !8) | !7)) | !5) | !4))))) & (!(18 | !17))] 0
[(!(0 | (1 | (3 | (((6 | (((9 | (11 | (((15 | !16) | !13) | !12))) | !8) | !7)) | !5) | !4))))) & (!(18 | !17))] 0
[(!(0 | (((4 | ((6 | (((9 | (11 | (12 | (14 | (15 | 16))))) | !8) | !7)) | !5)) | !3) | !1))) & (!(17 | !18))] 2
[(!(0 | (((4 | ((6 | (((9 | (11 | (12 | (14 | (16 | !15))))) | !8) | !7)) | !5)) | !3) | !1))) & (!(17 | !18))] 1
[(!(0 | (((4 | ((6 | (((9 | (11 | (12 | ((15 | 16) | !14)))) | !8) | !7)) | !5)) | !3) | !1))) & (!(17 | !18))] 0
[(!(0 | (((4 | ((6 | (((9 | (11 | (12 | ((16 | !15) | !14)))) | !8) | !7)) | !5)) | !3) | !1))) & (!(17 | !18))] 2
[(!(0 | (((4 | ((6 | (((9 | (11 | ((14 | (15 | 16)) | !12))) | !8) | !7)) | !5)) | !3) | !1))) & (17 & 18)] 1
[(!(0 | (((4 | ((6 | (((9 | (11 | ((14 | (16 | !15)) | !12))) | !8) | !7)) | !5)) | !3) | !1))) & (17 & 18)] 2
[(!(0 | (((4 | ((6 | (((9 | (11 | (((15 | 16) | !14) | !12))) | !8) | !7)) | !5)) | !3) | !1))) & (!(18 | !17))] 2
[(!(0 | (((4 | ((6 | (((9 | (11 | (((16 | !15) | !14) | !12))) | !8) | !7)) | !5)) | !3) | !1))) & (17 & 18)] 1
[(!(0 | (((4 | (5 | (6 | ((8 | (9 | (11 | (12 | (14 | (15 | 16)))))) | !7)))) | !3) | !1))) & (!(17 | !18))] 1
[(!(0 | (((4 | (5 | (6 | ((8 | (9 | (11 | (12 | (14 | (16 | !15)))))) | !7)))) | !3) | !1))) & (!(17 | !18))] 1
[(!(0 | (((4 | (5 | (6 | ((8 | (9 | (11 | (12 | ((15 | 16) | !14))))) | !7)))) | !3) | !1))) & (!(17 | !18))] 0
[(!(0 | (((4 | (5 | (6 | ((8 | (9 | (11 | (12 | ((16 | !15) | !14))))) | !7)))) | !3) | !1))) & (!(17 | !18))] 1
[(!(0 | (((4 | (5 | (6 | ((8 | (9 | (11 | ((14 | (15 | 16)) | !12)))) | !7)))) | !3) | !1))) & (!(17 | !18))] 0
[(!(0 | (((4 | (5 | (6 | ((8 | (9 | (11 | ((14 | (16 | !15)) | !12)))) | !7)))) | !3) | !1))) & (!(17 | !18))] 0
[(!(0 | (((4 | (5 | (6 | ((8 | (9 | (11 | (((15 | 16) | !14) | !12)))) | !7)))) | !3) | !1))) & (!(17 | !18))] 1
[(!(0 | (((4 | (5 | (6 | ((8 | (9 | (11 | (((16 | !15) | !14) | !12)))) | !7)))) | !3) | !1))) & (!(17 | !18))] 0
[(!(((((5 | (6 | (((9 | (11 | (12 | (14 | (16 | !15))))) | !8) | !7))) | !4) | !3) | !1) | !0)) & (!(17 | !18))] 0
[(!(((((5 | (6 | (((9 | (11 | ((14 | (16 | !15)) | !12))) | !8) | !7))) | !4) | !3) | !1) | !0)) & (17 & 18)] 1
[(!(((((5 | (6 | (((9 | (11 | (12 | (13 | (15 | !16))))) | !8) | !7))) | !4) | !3) | !1) | !0)) & (t)] 1
[(!(((((5 | (6 | (((9 | (11 | ((13 | (15 | !16)) | !12))) | !8) | !7))) | !4) | !3) | !1) | !0)) & (t)] 2
[(!(((((5 | (6 | (((9 | (11 | (12 | (15 | 16)))) | !8) | !7))) | !4) | !3) | !1) | !0)) & (!(17 | !18))] 1
[(!(((((5 | (6 | (((9 | (11 | ((15 | 16) | !12))) | !8) | !7))) | !4) | !3) | !1) | !0)) & (!(18 | !17))] 2
[(!(0 | ((3 | (((6 | (((9 | (11 | (12 | (13 | (15 | 16))))) | !8) | !7)) | !5) | !4)) | !1))) & (17 & 18)] 1
[(!(0 | ((3 | (((6 | (((9 | (11 | (12 | ((15 | 16) | !13)))) | !8) | !7)) | !5) | !4)) | !1))) & (17 & 18)] 0
[(!(0 | ((3 | (((6 | (((9 | (11 | ((13 | (15 | 16)) | !12))) | !8) | !7)) | !5) | !4)) | !1))) & (!(18 | !17))] 0
[(!(0 | ((3 | (((6 | (((9 | (11 | (((15 | 16) | !13) | !12))) | !8) | !7)) | !5) | !4)) | !1))) & (!(18 | !17))] 1
[(!(0 | (1 | (3 | ((((((9 | ((12 | (13 | (15 | 16))) | !11)) | !8) | !7) | !6) | !5) | !4))))) & (!(18 | !17))] 1
[(!(0 | (1 | (3 | ((((((9 | ((12 | ((15 | 16) | !13)) | !11)) | !8) | !7) | !6) | !5) | !4))))) & (!(18 | !17))] 0
[(!(0 | (1 | (3 | ((((((9 | (((13 | (15 | 16)) | !12) | !11)) | !8) | !7) | !6) | !5) | !4))))) & (!(18 | !17))] 0
[(!(0 | (1 | (3 | ((((((9 | ((((15 | 16) | !13) | !12) | !11)) | !8) | !7) | !6) | !5) | !4))))) & (!(18 | !17))] 1
[(!(0 | (1 | (((((((9 | ((12 | (15 | 16)) | !11)) | !8) | !7) | !6) | !5) | !4) | !3)))) & (!(18 | !17))] 0
[(!(0 | (1 | (((((((9 | (((15 | 16) | !12) | !11)) | !8) | !7) | !6) | !5) | !4) | !3)))) & (!(18 | !17))] 2
[(!(0 | ((3 | (((6 | (((9 | (11 | (12 | (13 | (15 | !16))))) | !8) | !7)) | !5) | !4)) | !1))) & (17 & 18)] 1
[(!(0 | ((3 | (((6 | (((9 | (11 | (12 | ((15 | !16) | !13)))) | !8) | !7)) | !5) | !4)) | !1))) & (17 & 18)] 1
[(!(0 | ((3 | (((6 | (((9 | (11 | ((13 | (15 | !16)) | !12))) | !8) | !7)) | !5) | !4)) | !1))) & (!(18 | !17))] 0
[(!(0 | ((3 | (((6 | (((9 | (11 | (((15 | !16) | !13) | !12))) | !8) | !7)) | !5) | !4)) | !1))) & (!(18 | !17))] 0
[(!(0 | (1 | (3 | ((((((9 | ((12 | (13 | (15 | !16))) | !11)) | !8) | !7) | !6) | !5) | !4))))) & (!(18 | !17))] 2
[(!(0 | (1 | (3 | ((((((9 | ((12 | ((15 | !16) | !13)) | !11)) | !8) | !7) | !6) | !5) | !4))))) & (!(18 | !17))] 1
[(!(0 | (1 | (3 | ((((((9 | (((13 | (15 | !16)) | !12) | !11)) | !8) | !7) | !6) | !5) | !4))))) & (!(18 | !17))] 0
[(!(0 | (1 | (3 | ((((((9 | ((((15 | !16) | !13) | !12) | !11)) | !8) | !7) | !6) | !5) | !4))))) & (!(18 | !17))] 0
[(!(0 | (1 | (((((((9 | ((12 | (13 | (15 | !16))) | !11)) | !8) | !7) | !6) | !5) | !4) | !3)))) & (!(18 | !17))] 1
[(!(0 | (1 | (((((((9 | (((13 | (15 | !16)) | !12) | !11)) | !8) | !7) | !6) | !5) | !4) | !3)))) & (!(18 | !17))] 0
[(!(0 | (((4 | ((6 | ((8 | (9 | (11 | (12 | (14 | (15 | 16)))))) | !7)) | !5)) | !3) | !1))) & (!(17 | !18))] 1
[(!(0 | (((4 | ((6 | ((8 | (9 | (11 | (12 | (14 | (16 | !15)))))) | !7)) | !5)) | !3) | !1))) & (!(17 | !18))] 1
[(!(0 | (((4 | ((6 | ((8 | (9 | (11 | (12 | ((15 | 16) | !14))))) | !7)) | !5)) | !3) | !1))) & (!(17 | !18))] 0
[(!(0 | (((4 | ((6 | ((8 | (9 | (11 | (12 | ((16 | !15) | !14))))) | !7)) | !5)) | !3) | !1))) & (!(17 | !18))] 1
[(!(0 | (((4 | ((6 | ((8 | (9 | (11 | ((14 | (15 | 16)) | !12)))) | !7)) | !5)) | !3) | !1))) & (!(17 | !18))] 0
[(!(0 | (((4 | ((6 | ((8 | (9 | (11 | ((14 | (16 | !15)) | !12)))) | !7)) | !5)) | !3) | !1))) & (!(17 | !18))] 0
[(!(0 | (((4 | ((6 | ((8 | (9 | (11 | (((15 | 16) | !14) | !12)))) | !7)) | !5)) | !3) | !1))) & (!(17 | !18))] 1
[(!(0 | (((4 | ((6 | ((8 | (9 | (11 | (((16 | !15) | !14) | !12)))) | !7)) | !5)) | !3) | !1))) & (!(17 | !18))] 0
[(!((((4 | (5 | (6 | ((8 | ((11 | (12 | (14 | (15 | 16)))) | !9)) | !7)))) | !3) | !1) | !0)) & (!(17 | !18))] 1
[(!((((4 | (5 | (6 | (((11 | (12 | (14 | (16 | !15)))) | !9) | !7)))) | !3) | !1) | !0)) & (!(17 | !18))] 1
[(!((((4 | (5 | (6 | ((8 | ((11 | (12 | ((15 | 16) | !14))) | !9)) | !7)))) | !3) | !1) | !0)) & (!(17 | !18))] 0
[(!((((4 | (5 | (6 | ((8 | ((11 | (12 | ((16 | !15) | !14))) | !9)) | !7)))) | !3) | !1) | !0)) & (!(17 | !18))] 1
[(!((((4 | (5 | (6 | ((8 | ((11 | ((14 | (15 | 16)) | !12)) | !9)) | !7)))) | !3) | !1) | !0)) & (17 & 18)] 2
[(!((((4 | (5 | (6 | (((11 | ((14 | (16 | !15)) | !12)) | !9) | !7)))) | !3) | !1) | !0)) & (17 & 18)] 0
[(!((((4 | (5 | (6 | ((8 | ((11 | (((15 | 16) | !14) | !12)) | !9)) | !7)))) | !3) | !1) | !0)) & (17 & 18)] 2
[(!((((4 | (5 | (6 | ((8 | ((11 | (((16 | !15) | !14) | !12)) | !9)) | !7)))) | !3) | !1) | !0)) & (17 & 18)] 0
[(!((((4 | (5 | (6 | ((((11 | (12 | (14 | (15 | 16)))) | !9) | !8) | !7)))) | !3) | !1) | !0)) & (!(17 | !18))] 0
[(!((((4 | (5 | (6 | ((((11 | (12 | ((15 | 16) | !14))) | !9) | !8) | !7)))) | !3) | !1) | !0)) & (!(17 | !18))] 0
[(!((((4 | (5 | (6 | ((((11 | (12 | ((16 | !15) | !14))) | !9) | !8) | !7)))) | !3) | !1) | !0)) & (!(17 | !18))] 2
[(!((((4 | (5 | (6 | ((((11 | ((14 | (15 | 16)) | !12)) | !9) | !8) | !7)))) | !3) | !1) | !0)) & (17 & 18)] 1
[(!((((4 | (5 | (6 | ((((11 | (((15 | 16) | !14) | !12)) | !9) | !8) | !7)))) | !3) | !1) | !0)) & (!(18 | !17))] 2
[(!((((4 | (5 | (6 | ((((11 | (((16 | !15) | !14) | !12)) | !9) | !8) | !7)))) | !3) | !1) | !0)) & (17 & 18)] 1
[(!(0 | ((3 | (((6 | (((9 | ((12 | (13 | (15 | 16))) | !11)) | !8) | !7)) | !5) | !4)) | !1))) & (17 & 18)] 1
[(!(0 | ((3 | (((6 | (((9 | ((12 | ((15 | 16) | !13)) | !11)) | !8) | !7)) | !5) | !4)) | !1))) & (17 & 18)] 0
[(!(0 | ((3 | (((6 | (((9 | (((13 | (15 | 16)) | !12) | !11)) | !8) | !7)) | !5) | !4)) | !1))) & (!(18 | !17))] 0
[(!(0 | ((3 | (((6 | (((9 | ((((15 | 16) | !13) | !12) | !11)) | !8) | !7)) | !5) | !4)) | !1))) & (!(18 | !17))] 1
[(!(0 | ((3 | (((6 | (((9 | ((12 | (13 | (15 | !16))) | !11)) | !8) | !7)) | !5) | !4)) | !1))) & (17 & 18)] 1
[(!(0 | ((3 | (((6 | (((9 | ((12 | ((15 | !16) | !13)) | !11)) | !8) | !7)) | !5) | !4)) | !1))) & (17 & 18)] 1
[(!(0 | ((3 | (((6 | (((9 | (((13 | (15 | !16)) | !12) | !11)) | !8) | !7)) | !5) | !4)) | !1))) & (!(18 | !17))] 0
[(!(0 | ((3 | (((6 | (((9 | ((((15 | !16) | !13) | !12) | !11)) | !8) | !7)) | !5) | !4)) | !1))) & (!(18 | !17))] 0
[(!(0 | (((4 | ((6 | ((8 | ((11 | (12 | (14 | (15 | 16)))) | !9)) | !7)) | !5)) | !3) | !1))) & (!(17 | !18))] 1
[(!(0 | (((4 | ((6 | ((8 | ((11 | (12 | (14 | (16 | !15)))) | !9)) | !7)) | !5)) | !3) | !1))) & (!(17 | !18))] 1
[(!(0 | (((4 | ((6 | ((8 | ((11 | (12 | ((15 | 16) | !14))) | !9)) | !7)) | !5)) | !3) | !1))) & (!(17 | !18))] 0
[(!(0 | (((4 | ((6 | ((8 | ((11 | (12 | ((16 | !15) | !14))) | !9)) | !7)) | !5)) | !3) | !1))) & (!(17 | !18))] 1
[(!(0 | (((4 | ((6 | ((8 | ((11 | ((14 | (15 | 16)) | !12)) | !9)) | !7)) | !5)) | !3) | !1))) & (!(17 | !18))] 2
[(!(0 | (((4 | ((6 | ((8 | ((11 | ((14 | (16 | !15)) | !12)) | !9)) | !7)) | !5)) | !3) | !1))) & (!(17 | !18))] 2
[(!(0 | (((4 | ((6 | ((8 | ((11 | (((15 | 16) | !14) | !12)) | !9)) | !7)) | !5)) | !3) | !1))) & (!(17 | !18))] 2
[(!(0 | (((4 | ((6 | ((8 | ((11 | (((16 | !15) | !14) | !12)) | !9)) | !7)) | !5)) | !3) | !1))) & (!(17 | !18))] 0
[(!(0 | (((((6 | (((9 | (11 | (12 | ((15 | !16) | !13)))) | !8) | !7)) | !5) | !4) | !3) | !1))) & (t)] 1
[(!(0 | (((((6 | (((9 | (11 | (((15 | !16) | !13) | !12))) | !8) | !7)) | !5) | !4) | !3) | !1))) & (t)] 0
[(!(0 | (((((6 | (((9 | (11 | (12 | ((16 | !15) | !14)))) | !8) | !7)) | !5) | !4) | !3) | !1))) & (!(17 | !18))] 1
[(!(0 | (((((6 | (((9 | (11 | (((16 | !15) | !14) | !12))) | !8) | !7)) | !5) | !4) | !3) | !1))) & (!(17 | !18))] 0
State: 2 "[2]"
[(!(0 | (1 | (((((((9 | ((12 | ((15 | !16) | !13)) | !11)) | !8) | !7) | !6) | !5) | !4) | !3)))) & (t)] 1
[(!(0 | (1 | (((((((9 | ((((15 | !16) | !13) | !12) | !11)) | !8) | !7) | !6) | !5) | !4) | !3)))) & (t)] 2
[(!(((((5 | (6 | (((9 | (11 | (12 | ((15 | !16) | !13)))) | !8) | !7))) | !4) | !3) | !1) | !0)) & (!(18 | !17))] 0
[(!(((((5 | (6 | (((9 | (11 | (12 | ((16 | !15) | !14)))) | !8) | !7))) | !4) | !3) | !1) | !0)) & (t)] 2
[(!(((((5 | (6 | (((9 | (11 | (((15 | !16) | !13) | !12))) | !8) | !7))) | !4) | !3) | !1) | !0)) & (!(18 | !17))] 2
[(!(((((5 | (6 | (((9 | (11 | (((16 | !15) | !14) | !12))) | !8) | !7))) | !4) | !3) | !1) | !0)) & (t)] 2
[(0 & (((4 & (5 | (6 | (((9 | (11 | (15 & 16))) | !8) | !7))) | !4 & (5 | (6 | (((11 | 16) | !9) | !7)))) | !3) | !1) | !0 & (1 & (3 & (4 & ((6 | (((9 | (11 | (15 & 16))) | !8) | !7)) | !5) | !4 & (5 & (6 | ((8 & (9 | (11 | 16)) | !8 & (11 | 16)) | !7)) | !5 & (6 | ((9 | (11 | 16)) | !7)))) | !3 & (((6 | (((9 | 15) | !8) | !7)) | !5) | !4)) | !1 & (3 & ((5 & ((((9 | (15 | !11)) | !8) | !7) | !6) | !5 & (6 | (((9 | (11 | (13 | (14 | (15 | 16))))) | !8) | !7))) | !4) | !3 & (((6 & (((9 | (15 | !11)) | !8) | !7) | !6 & (((9 | (11 | 15)) | !8) | !7)) | !5) | !4)))) & (t)] 1
[(!(0 | (1 | (((5 | (6 | (((9 | (11 | (12 | (13 | (14 | (15 | 16)))))) | !8) | !7))) | !4) | !3)))) & (t)] 2
[(!(0 | (1 | (((5 | (6 | (((9 | (11 | ((13 | (14 | (15 | 16))) | !12))) | !8) | !7))) | !4) | !3)))) & (t)] 0
[(!(0 | (((((6 | (((9 | (11 | (12 | (14 | (16 | !15))))) | !8) | !7)) | !5) | !4) | !3) | !1))) & (t)] 2
[(!(0 | (((((6 | (((9 | (11 | ((14 | (16 | !15)) | !12))) | !8) | !7)) | !5) | !4) | !3) | !1))) & (t)] 1
[(!(0 | (((((6 | (((9 | (11 | (12 | (13 | (15 | !16))))) | !8) | !7)) | !5) | !4) | !3) | !1))) & (!(18 | !17))] 1
[(!(0 | (((((6 | (((9 | (11 | ((13 | (15 | !16)) | !12))) | !8) | !7)) | !5) | !4) | !3) | !1))) & (!(18 | !17))] 0
[(!(0 | (((((6 | (((9 | (11 | (12 | (15 | 16)))) | !8) | !7)) | !5) | !4) | !3) | !1))) & (!(18 | !17))] 0
[(!(0 | (((((6 | (((9 | (11 | ((15 | 16) | !12))) | !8) | !7)) | !5) | !4) | !3) | !1))) & (!(18 | !17))] 2
[(!(0 | (((4 | (5 | (6 | (((9 | (11 | (12 | (14 | (15 | 16))))) | !8) | !7)))) | !3) | !1))) & (t)] 2
[(!(0 | (((4 | (5 | (6 | (((9 | (11 | (12 | (14 | (16 | !15))))) | !8) | !7)))) | !3) | !1))) & (t)] 2
[(!(0 | (((4 | (5 | (6 | (((9 | (11 | (12 | ((15 | 16) | !14)))) | !8) | !7)))) | !3) | !1))) & (t)] 0
[(!(0 | (((4 | (5 | (6 | (((9 | (11 | (12 | ((16 | !15) | !14)))) | !8) | !7)))) | !3) | !1))) & (t)] 1
[(!(0 | (((4 | (5 | (6 | (((9 | (11 | ((14 | (15 | 16)) | !12))) | !8) | !7)))) | !3) | !1))) & (t)] 0
[(!(0 | (((4 | (5 | (6 | (((9 | (11 | ((14 | (16 | !15)) | !12))) | !8) | !7)))) | !3) | !1))) & (t)] 2
[(!(0 | (((4 | (5 | (6 | (((9 | (11 | (((15 | 16) | !14) | !12))) | !8) | !7)))) | !3) | !1))) & (t)] 0
[(!(0 | (((4 | (5 | (6 | (((9 | (11 | (((16 | !15) | !14) | !12))) | !8) | !7)))) | !3) | !1))) & (t)] 1
[(!(0 | (1 | (3 | (((6 | (((9 | (11 | (12 | (13 | (15 | 16))))) | !8) | !7)) | !5) | !4))))) & (17 & 18)] 1
[(!(0 | (1 | (3 | (((6 | (((9 | (11 | (12 | ((15 | 16) | !13)))) | !8) | !7)) | !5) | !4))))) & (17 & 18)] 0
[(!(0 | (1 | (3 | (((6 | (((9 | (11 | ((13 | (15 | 16)) | !12))) | !8) | !7)) | !5) | !4))))) & (!(18 | !17))] 0
[(!(0 | (1 | (3 | (((6 | (((9 | (11 | (((15 | 16) | !13) | !12))) | !8) | !7)) | !5) | !4))))) & (!(18 | !17))] 1
[(!(0 | (1 | (3 | (((6 | (((9 | (11 | (12 | (13 | (15 | !16))))) | !8) | !7)) | !5) | !4))))) & (17 & 18)] 1
[(!(0 | (1 | (3 | (((6 | (((9 | (11 | (12 | ((15 | !16) | !13)))) | !8) | !7)) | !5) | !4))))) & (17 & 18)] 1
[(!(0 | (1 | (3 | (((6 | (((9 | (11 | ((13 | (15 | !16)) | !12))) | !8) | !7)) | !5) | !4))))) & (!(18 | !17))] 0
[(!(0 | (1 | (3 | (((6 | (((9 | (11 | (((15 | !16) | !13) | !12))) | !8) | !7)) | !5) | !4))))) & (!(18 | !17))] 0
[(!(0 | (((4 | ((6 | (((9 | (11 | (12 | (14 | (15 | 16))))) | !8) | !7)) | !5)) | !3) | !1))) & (!(17 | !18))] 2
[(!(0 | (((4 | ((6 | (((9 | (11 | (12 | (14 | (16 | !15))))) | !8) | !7)) | !5)) | !3) | !1))) & (!(17 | !18))] 1
[(!(0 | (((4 | ((6 | (((9 | (11 | (12 | ((15 | 16) | !14)))) | !8) | !7)) | !5)) | !3) | !1))) & (!(17 | !18))] 0
[(!(0 | (((4 | ((6 | (((9 | (11 | (12 | ((16 | !15) | !14)))) | !8) | !7)) | !5)) | !3) | !1))) & (!(17 | !18))] 2
[(!(0 | (((4 | ((6 | (((9 | (11 | ((14 | (15 | 16)) | !12))) | !8) | !7)) | !5)) | !3) | !1))) & (!(17 | !18))] 1
[(!(0 | (((4 | ((6 | (((9 | (11 | ((14 | (16 | !15)) | !12))) | !8) | !7)) | !5)) | !3) | !1))) & (!(17 | !18))] 0
[(!(0 | (((4 | ((6 | (((9 | (11 | (((15 | 16) | !14) | !12))) | !8) | !7)) | !5)) | !3) | !1))) & (!(17 | !18))] 1
[(!(0 | (((4 | ((6 | (((9 | (11 | (((16 | !15) | !14) | !12))) | !8) | !7)) | !5)) | !3) | !1))) & (!(17 | !18))] 1
[(!(0 | (((4 | (5 | (6 | ((8 | (9 | (11 | (12 | (14 | (15 | 16)))))) | !7)))) | !3) | !1))) & (!(17 | !18))] 1
[(!(0 | (((4 | (5 | (6 | ((8 | (9 | (11 | (12 | (14 | (16 | !15)))))) | !7)))) | !3) | !1))) & (!(17 | !18))] 1
[(!(0 | (((4 | (5 | (6 | ((8 | (9 | (11 | (12 | ((15 | 16) | !14))))) | !7)))) | !3) | !1))) & (!(17 | !18))] 0
[(!(0 | (((4 | (5 | (6 | ((8 | (9 | (11 | (12 | ((16 | !15) | !14))))) | !7)))) | !3) | !1))) & (!(17 | !18))] 1
[(!(0 | (((4 | (5 | (6 | ((8 | (9 | (11 | ((14 | (15 | 16)) | !12)))) | !7)))) | !3) | !1))) & (17 & 18)] 0
[(!(0 | (((4 | (5 | (6 | ((8 | (9 | (11 | ((14 | (16 | !15)) | !12)))) | !7)))) | !3) | !1))) & (17 & 18)] 0
[(!(0 | (((4 | (5 | (6 | ((8 | (9 | (11 | (((15 | 16) | !14) | !12)))) | !7)))) | !3) | !1))) & (17 & 18)] 1
[(!(0 | (((4 | (5 | (6 | ((8 | (9 | (11 | (((16 | !15) | !14) | !12)))) | !7)))) | !3) | !1))) & (17 & 18)] 0
[(!(((((5 | (6 | (((9 | (11 | (12 | (14 | (16 | !15))))) | !8) | !7))) | !4) | !3) | !1) | !0)) & (t)] 2
[(!(((((5 | (6 | (((9 | (11 | ((14 | (16 | !15)) | !12))) | !8) | !7))) | !4) | !3) | !1) | !0)) & (t)] 0
[(!(((((5 | (6 | (((9 | (11 | (12 | (13 | (15 | !16))))) | !8) | !7))) | !4) | !3) | !1) | !0)) & (!(18 | !17))] 2
[(!(((((5 | (6 | (((9 | (11 | ((13 | (15 | !16)) | !12))) | !8) | !7))) | !4) | !3) | !1) | !0)) & (!(18 | !17))] 0
[(!(((((5 | (6 | (((9 | (11 | (12 | (15 | 16)))) | !8) | !7))) | !4) | !3) | !1) | !0)) & (!(18 | !17))] 0
[(!(((((5 | (6 | (((9 | (11 | ((15 | 16) | !12))) | !8) | !7))) | !4) | !3) | !1) | !0)) & (!(18 | !17))] 2
[(!(0 | ((3 | (((6 | (((9 | (11 | (12 | (13 | (15 | 16))))) | !8) | !7)) | !5) | !4)) | !1))) & (t)] 0
[(!(0 | ((3 | (((6 | (((9 | (11 | (12 | ((15 | 16) | !13)))) | !8) | !7)) | !5) | !4)) | !1))) & (t)] 1
[(!(0 | ((3 | (((6 | (((9 | (11 | ((13 | (15 | 16)) | !12))) | !8) | !7)) | !5) | !4)) | !1))) & (t)] 1
[(!(0 | ((3 | (((6 | (((9 | (11 | (((15 | 16) | !13) | !12))) | !8) | !7)) | !5) | !4)) | !1))) & (t)] 2
[(!(0 | (1 | (3 | ((((((9 | ((12 | (13 | (15 | 16))) | !11)) | !8) | !7) | !6) | !5) | !4))))) & (t)] 0
[(!(0 | (1 | (3 | ((((((9 | ((12 | ((15 | 16) | !13)) | !11)) | !8) | !7) | !6) | !5) | !4))))) & (t)] 1
[(!(0 | (1 | (3 | ((((((9 | (((13 | (15 | 16)) | !12) | !11)) | !8) | !7) | !6) | !5) | !4))))) & (t)] 2
[(!(0 | (1 | (3 | ((((((9 | ((((15 | 16) | !13) | !12) | !11)) | !8) | !7) | !6) | !5) | !4))))) & (t)] 2
[(!(0 | (1 | (((((((9 | ((12 | (15 | 16)) | !11)) | !8) | !7) | !6) | !5) | !4) | !3)))) & (t)] 0
[(!(0 | (1 | (((((((9 | (((15 | 16) | !12) | !11)) | !8) | !7) | !6) | !5) | !4) | !3)))) & (t)] 2
[(!(0 | ((3 | (((6 | (((9 | (11 | (12 | (13 | (15 | !16))))) | !8) | !7)) | !5) | !4)) | !1))) & (t)] 0
[(!(0 | ((3 | (((6 | (((9 | (11 | (12 | ((15 | !16) | !13)))) | !8) | !7)) | !5) | !4)) | !1))) & (t)] 1
[(!(0 | ((3 | (((6 | (((9 | (11 | ((13 | (15 | !16)) | !12))) | !8) | !7)) | !5) | !4)) | !1))) & (t)] 2
[(!(0 | ((3 | (((6 | (((9 | (11 | (((15 | !16) | !13) | !12))) | !8) | !7)) | !5) | !4)) | !1))) & (t)] 2
[(!(0 | (1 | (3 | ((((((9 | ((12 | (13 | (15 | !16))) | !11)) | !8) | !7) | !6) | !5) | !4))))) & (t)] 0
[(!(0 | (1 | (3 | ((((((9 | ((12 | ((15 | !16) | !13)) | !11)) | !8) | !7) | !6) | !5) | !4))))) & (t)] 2
[(!(0 | (1 | (3 | ((((((9 | (((13 | (15 | !16)) | !12) | !11)) | !8) | !7) | !6) | !5) | !4))))) & (t)] 0
[(!(0 | (1 | (3 | ((((((9 | ((((15 | !16) | !13) | !12) | !11)) | !8) | !7) | !6) | !5) | !4))))) & (t)] 1
[(!(0 | (1 | (((((((9 | ((12 | (13 | (15 | !16))) | !11)) | !8) | !7) | !6) | !5) | !4) | !3)))) & (t)] 0
[(!(0 | (1 | (((((((9 | (((13 | (15 | !16)) | !12) | !11)) | !8) | !7) | !6) | !5) | !4) | !3)))) & (t)] 2
[(!(0 | (((4 | ((6 | ((8 | (9 | (11 | (12 | (14 | (15 | 16)))))) | !7)) | !5)) | !3) | !1))) & (t)] 0
[(!(0 | (((4 | ((6 | ((8 | (9 | (11 | (12 | (14 | (16 | !15)))))) | !7)) | !5)) | !3) | !1))) & (t)] 1
[(!(0 | (((4 | ((6 | ((8 | (9 | (11 | (12 | ((15 | 16) | !14))))) | !7)) | !5)) | !3) | !1))) & (t)] 2
[(!(0 | (((4 | ((6 | ((8 | (9 | (11 | (12 | ((16 | !15) | !14))))) | !7)) | !5)) | !3) | !1))) & (t)] 1
[(!(0 | (((4 | ((6 | ((8 | (9 | (11 | ((14 | (15 | 16)) | !12)))) | !7)) | !5)) | !3) | !1))) & (t)] 0
[(!(0 | (((4 | ((6 | ((8 | (9 | (11 | ((14 | (16 | !15)) | !12)))) | !7)) | !5)) | !3) | !1))) & (t)] 1
[(!(0 | (((4 | ((6 | ((8 | (9 | (11 | (((15 | 16) | !14) | !12)))) | !7)) | !5)) | !3) | !1))) & (t)] 0
[(!(0 | (((4 | ((6 | ((8 | (9 | (11 | (((16 | !15) | !14) | !12)))) | !7)) | !5)) | !3) | !1))) & (t)] 0
[(!((((4 | (5 | (6 | ((8 | ((11 | (12 | (14 | (15 | 16)))) | !9)) | !7)))) | !3) | !1) | !0)) & (!(17 | !18))] 1
[(!((((4 | (5 | (6 | (((11 | (12 | (14 | (16 | !15)))) | !9) | !7)))) | !3) | !1) | !0)) & (!(17 | !18))] 1
[(!((((4 | (5 | (6 | ((8 | ((11 | (12 | ((15 | 16) | !14))) | !9)) | !7)))) | !3) | !1) | !0)) & (!(17 | !18))] 0
[(!((((4 | (5 | (6 | ((8 | ((11 | (12 | ((16 | !15) | !14))) | !9)) | !7)))) | !3) | !1) | !0)) & (!(17 | !18))] 1
[(!((((4 | (5 | (6 | ((8 | ((11 | ((14 | (15 | 16)) | !12)) | !9)) | !7)))) | !3) | !1) | !0)) & (17 & 18)] 0
[(!((((4 | (5 | (6 | (((11 | ((14 | (16 | !15)) | !12)) | !9) | !7)))) | !3) | !1) | !0)) & (!(17 | !18))] 2
[(!((((4 | (5 | (6 | ((8 | ((11 | (((15 | 16) | !14) | !12)) | !9)) | !7)))) | !3) | !1) | !0)) & (17 & 18)] 2
[(!((((4 | (5 | (6 | ((8 | ((11 | (((16 | !15) | !14) | !12)) | !9)) | !7)))) | !3) | !1) | !0)) & (17 & 18)] 0
[(!((((4 | (5 | (6 | ((((11 | (12 | (14 | (15 | 16)))) | !9) | !8) | !7)))) | !3) | !1) | !0)) & (!(17 | !18))] 2
[(!((((4 | (5 | (6 | ((((11 | (12 | ((15 | 16) | !14))) | !9) | !8) | !7)))) | !3) | !1) | !0)) & (!(17 | !18))] 0
[(!((((4 | (5 | (6 | ((((11 | (12 | ((16 | !15) | !14))) | !9) | !8) | !7)))) | !3) | !1) | !0)) & (!(17 | !18))] 0
[(!((((4 | (5 | (6 | ((((11 | ((14 | (15 | 16)) | !12)) | !9) | !8) | !7)))) | !3) | !1) | !0)) & (17 & 18)] 1
[(!((((4 | (5 | (6 | ((((11 | (((15 | 16) | !14) | !12)) | !9) | !8) | !7)))) | !3) | !1) | !0)) & (!(18 | !17))] 2
[(!((((4 | (5 | (6 | ((((11 | (((16 | !15) | !14) | !12)) | !9) | !8) | !7)))) | !3) | !1) | !0)) & (17 & 18)] 1
[(!(0 | ((3 | (((6 | (((9 | ((12 | (13 | (15 | 16))) | !11)) | !8) | !7)) | !5) | !4)) | !1))) & (t)] 1
[(!(0 | ((3 | (((6 | (((9 | ((12 | ((15 | 16) | !13)) | !11)) | !8) | !7)) | !5) | !4)) | !1))) & (t)] 2
[(!(0 | ((3 | (((6 | (((9 | (((13 | (15 | 16)) | !12) | !11)) | !8) | !7)) | !5) | !4)) | !1))) & (t)] 0
[(!(0 | ((3 | (((6 | (((9 | ((((15 | 16) | !13) | !12) | !11)) | !8) | !7)) | !5) | !4)) | !1))) & (t)] 1
[(!(0 | ((3 | (((6 | (((9 | ((12 | (13 | (15 | !16))) | !11)) | !8) | !7)) | !5) | !4)) | !1))) & (t)] 0
[(!(0 | ((3 | (((6 | (((9 | ((12 | ((15 | !16) | !13)) | !11)) | !8) | !7)) | !5) | !4)) | !1))) & (t)] 1
[(!(0 | ((3 | (((6 | (((9 | (((13 | (15 | !16)) | !12) | !11)) | !8) | !7)) | !5) | !4)) | !1))) & (t)] 1
[(!(0 | ((3 | (((6 | (((9 | ((((15 | !16) | !13) | !12) | !11)) | !8) | !7)) | !5) | !4)) | !1))) & (t)] 1
[(!(0 | (((4 | ((6 | ((8 | ((11 | (12 | (14 | (15 | 16)))) | !9)) | !7)) | !5)) | !3) | !1))) & (!(17 | !18))] 1
[(!(0 | (((4 | ((6 | ((8 | ((11 | (12 | (14 | (16 | !15)))) | !9)) | !7)) | !5)) | !3) | !1))) & (!(17 | !18))] 1
[(!(0 | (((4 | ((6 | ((8 | ((11 | (12 | ((15 | 16) | !14))) | !9)) | !7)) | !5)) | !3) | !1))) & (!(17 | !18))] 0
[(!(0 | (((4 | ((6 | ((8 | ((11 | (12 | ((16 | !15) | !14))) | !9)) | !7)) | !5)) | !3) | !1))) & (!(17 | !18))] 1
[(!(0 | (((4 | ((6 | ((8 | ((11 | ((14 | (15 | 16)) | !12)) | !9)) | !7)) | !5)) | !3) | !1))) & (17 & 18)] 2
[(!(0 | (((4 | ((6 | ((8 | ((11 | ((14 | (16 | !15)) | !12)) | !9)) | !7)) | !5)) | !3) | !1))) & (17 & 18)] 0
[(!(0 | (((4 | ((6 | ((8 | ((11 | (((15 | 16) | !14) | !12)) | !9)) | !7)) | !5)) | !3) | !1))) & (17 & 18)] 1
[(!(0 | (((4 | ((6 | ((8 | ((11 | (((16 | !15) | !14) | !12)) | !9)) | !7)) | !5)) | !3) | !1))) & (17 & 18)] 2
[(!(0 | (((((6 | (((9 | (11 | (12 | ((15 | !16) | !13)))) | !8) | !7)) | !5) | !4) | !3) | !1))) & (!(18 | !17))] 0
[(!(0 | (((((6 | (((9 | (11 | (((15 | !16) | !13) | !12))) | !8) | !7)) | !5) | !4) | !3) | !1))) & (!(18 | !17))] 2
[(!(0 | (((((6 | (((9 | (11 | (12 | ((16 | !15) | !14)))) | !8) | !7)) | !5) | !4) | !3) | !1))) & (t)] 1
[(!(0 | (((((6 | (((9 | (11 | (((16 | !15) | !14) | !12))) | !8) | !7)) | !5) | !4) | !3) | !1))) & (t)] 2
--END--
Synthesis took:  56237.22815513611 ms
