Processing program.
spec contains 5 APs (['up', '(at_floor < target)', 'down', '(at_floor > target)', 'dooropen'])
simplified !((!up & down & ((at_floor - 1) >= 0) & ((at_floor - 1) <= 10)) | (up & !down & ((at_floor + 1) >= 0) & ((at_floor + 1) <= 10)) | ((up <-> down) && !(dooropen && !(at_floor < target) && !(at_floor > target))) | (dooropen && !(at_floor < target) && !(at_floor > target) && !(up & !down) && !(!up & down))) (len 304) to ((!(down | (!down & (((0 <= (at_floor + 1)) & ((!((at_floor + 1) <= 10) & (((0 <= at_floor) & !((at_floor <= 10) & (target <= 10) & (0 <= target))) | !(0 <= at_floor))) | ((at_floor + 1) <= 10))) | ((((0 <= at_floor) & !((at_floor <= 10) & (target <= 10) & (0 <= target))) | !(0 <= at_floor)) & !(0 <= (at_floor + 1)))))) & up) | (!(!down | (down & ((((!((at_floor - 1) <= 10) & (((0 <= at_floor) & !((at_floor <= 10) & (target <= 10) & (0 <= target))) | !(0 <= at_floor))) | ((at_floor - 1) <= 10)) & (1 <= at_floor)) | (!(1 <= at_floor) & (((0 <= at_floor) & !((at_floor <= 10) & (target <= 10) & (0 <= target))) | !(0 <= at_floor)))))) & !up)) (len 646)
((!(down | (!down & (((0 <= (at_floor + 1)) & ((!((at_floor + 1) <= 10) & (((0 <= at_floor) & !((at_floor <= 10) & (target <= 10) & (0 <= target))) | !(0 <= at_floor))) | ((at_floor + 1) <= 10))) | ((((0 <= at_floor) & !((at_floor <= 10) & (target <= 10) & (0 <= target))) | !(0 <= at_floor)) & !(0 <= (at_floor + 1)))))) & up) | (!(!down | (down & ((((!((at_floor - 1) <= 10) & (((0 <= at_floor) & !((at_floor <= 10) & (target <= 10) & (0 <= target))) | !(0 <= at_floor))) | ((at_floor - 1) <= 10)) & (1 <= at_floor)) | (!(1 <= at_floor) & (((0 <= at_floor) & !((at_floor <= 10) & (target <= 10) & (0 <= target))) | !(0 <= at_floor)))))) & !up))
simplified !(!dooropen | (!inc & dooropen & ((target - 1) >= 0) & ((target - 1) <= 10)) | (inc & dooropen & ((target + 1) >= 0) & ((target + 1) <= 10))) (len 141) to ((inc & !(!dooropen | ((((0 <= target) & ((((target + 1) <= 10) & (0 <= (target + 1)) & (target <= 10)) | !(target <= 10))) | !(0 <= target)) & dooropen))) | (!(!dooropen | ((((((1 <= target) & (target <= 10) & ((target - 1) <= 10)) | !(target <= 10)) & (0 <= target)) | !(0 <= target)) & dooropen)) & !inc)) (len 308)
((inc & !(!dooropen | ((((0 <= target) & ((((target + 1) <= 10) & (0 <= (target + 1)) & (target <= 10)) | !(target <= 10))) | !(0 <= target)) & dooropen))) | (!(!dooropen | ((((((1 <= target) & (target <= 10) & ((target - 1) <= 10)) | !(target <= 10)) & (0 <= target)) | !(0 <= target)) & dooropen)) & !inc))
Starting abstract synthesis loop.
adding (target <= at_floor), ((at_floor + 1) <= 10), ((target_prev - at_floor_prev) > (target - at_floor)), (target_prev > target), ((target_prev - at_floor_prev) < (target - at_floor)), ((at_floor_prev - target_prev) < (at_floor - target)), (target_prev < target), ((at_floor_prev - target_prev) > (at_floor - target)), (0 <= (target - 1)), (at_floor_prev > at_floor), (at_floor_prev < at_floor), ((target + 1) <= 10), (0 <= (at_floor - 1)), (at_floor <= target) to predicate abstraction
constructing LTL abstraction
ltl abstraction took: 0.003002166748046875
running LTL synthesis
Realizable.
REALIZABLE
HOA: v1
tool: "strix" "21.0.0"
States: 3
Start: 1
AP: 21 "pred___atfloorprev_MINUS_targetprev__LT__atfloor_MINUS_target__" "pred___targetprev_MINUS_atfloorprev__LT__target_MINUS_atfloor__" "pred__atfloor_LTEQ_target_" "pred__atfloorprev_GT_atfloor_" "pred__0_LTEQ__atfloor_MINUS_1__" "q1" "q0" "pred___target_PLUS_1__LTEQ_10_" "pred__atfloorprev_LT_atfloor_" "pred__0_LTEQ__target_MINUS_1__" "pred__targetprev_LT_target_" "pred__target_LTEQ_atfloor_" "pred___atfloor_PLUS_1__LTEQ_10_" "pred__targetprev_GT_target_" "pred___targetprev_MINUS_atfloorprev__GT__target_MINUS_atfloor__" "pred___atfloorprev_MINUS_targetprev__GT__atfloor_MINUS_target__" "dooropen" "inc" "notify" "down" "up"
controllable-AP: 18 19 20
acc-name: all
Acceptance: 0 t
--BODY--
State: 0 "[0]"
[(!(0 | (1 | ((3 | (4 | (5 | (((8 | (9 | (10 | (((13 | (14 | (15 | 16))) | !12) | !11)))) | !7) | !6)))) | !2)))) & (t)] 0
[(!(0 | (1 | ((3 | (4 | (5 | (((8 | (9 | (10 | (((13 | (14 | (15 | (17 | !16)))) | !12) | !11)))) | !7) | !6)))) | !2)))) & (19 & 20)] 0
[(!(0 | (1 | ((3 | (4 | (5 | (((8 | (9 | (10 | (((13 | (14 | (15 | !(16 & 17)))) | !12) | !11)))) | !7) | !6)))) | !2)))) & (19 & 20)] 1
[(!(0 | (1 | ((3 | (4 | ((6 | ((8 | (9 | (10 | (((13 | (14 | (15 | 16))) | !12) | !11)))) | !7)) | !5))) | !2)))) & (!(19 | 20))] 1
[(!(0 | (1 | ((3 | (4 | ((6 | ((8 | (9 | (10 | (((13 | (14 | (15 | !16))) | !12) | !11)))) | !7)) | !5))) | !2)))) & (19 & 20)] 0
[(!(0 | (((3 | (4 | (5 | (((8 | (((11 | ((13 | (14 | (16 | !15))) | !12)) | !10) | !9)) | !7) | !6)))) | !2) | !1))) & (t)] 1
[(!(0 | (((3 | (4 | (5 | (((8 | (((11 | ((13 | (14 | ((17 | !16) | !15))) | !12)) | !10) | !9)) | !7) | !6)))) | !2) | !1))) & (19 & 20)] 1
[(!(0 | (((3 | (4 | (5 | (((8 | (((11 | ((13 | (14 | !(15 & (16 & 17)))) | !12)) | !10) | !9)) | !7) | !6)))) | !2) | !1))) & (19 & 20)] 0
[(!(0 | (1 | ((3 | (4 | ((6 | ((8 | ((10 | (11 | ((13 | (14 | (15 | 16))) | !12))) | !9)) | !7)) | !5))) | !2)))) & (!(19 | !20))] 2
[(!(0 | (1 | ((3 | (4 | ((6 | ((8 | ((10 | (11 | ((13 | (14 | (15 | !16))) | !12))) | !9)) | !7)) | !5))) | !2)))) & (19 & 20)] 0
[(!((1 | ((3 | (4 | (5 | (((8 | (9 | (10 | (((((15 | 16) | !14) | !13) | !12) | !11)))) | !7) | !6)))) | !2)) | !0)) & (t)] 0
[(!((1 | ((3 | (4 | (5 | (((8 | (9 | (10 | (((((15 | (17 | !16)) | !14) | !13) | !12) | !11)))) | !7) | !6)))) | !2)) | !0)) & (19 & 20)] 0
[(!((1 | ((3 | (4 | (5 | (((8 | (9 | (10 | (((((15 | !(16 & 17)) | !14) | !13) | !12) | !11)))) | !7) | !6)))) | !2)) | !0)) & (19 & 20)] 1
[(!((1 | ((3 | (4 | (5 | (((8 | ((10 | (11 | ((((15 | 16) | !14) | !13) | !12))) | !9)) | !7) | !6)))) | !2)) | !0)) & (t)] 0
[(!((1 | ((3 | (4 | (5 | (((8 | ((10 | (11 | ((((15 | (17 | !16)) | !14) | !13) | !12))) | !9)) | !7) | !6)))) | !2)) | !0)) & (19 & 20)] 0
[(!((1 | ((3 | (4 | (5 | (((8 | ((10 | (11 | ((((15 | !(16 & 17)) | !14) | !13) | !12))) | !9)) | !7) | !6)))) | !2)) | !0)) & (19 & 20)] 0
[(!((1 | ((3 | (4 | (5 | (((8 | ((10 | (((((15 | 16) | !14) | !13) | !12) | !11)) | !9)) | !7) | !6)))) | !2)) | !0)) & (t)] 1
[(!((1 | ((3 | (4 | (5 | (((8 | ((10 | (((((15 | (17 | !16)) | !14) | !13) | !12) | !11)) | !9)) | !7) | !6)))) | !2)) | !0)) & (19 & 20)] 0
[(!((1 | ((3 | (4 | (5 | (((8 | ((10 | (((((15 | !(16 & 17)) | !14) | !13) | !12) | !11)) | !9)) | !7) | !6)))) | !2)) | !0)) & (19 & 20)] 1
[(!(0 | (((3 | (4 | (5 | ((7 | (8 | (((11 | ((13 | (14 | (16 | !15))) | !12)) | !10) | !9))) | !6)))) | !2) | !1))) & (t)] 1
[(!(0 | (((3 | (4 | (5 | ((7 | (8 | (((11 | ((13 | (14 | ((17 | !16) | !15))) | !12)) | !10) | !9))) | !6)))) | !2) | !1))) & (19 & 20)] 1
[(!(0 | (((3 | (4 | (5 | ((7 | (8 | (((11 | ((13 | (14 | !(15 & (16 & 17)))) | !12)) | !10) | !9))) | !6)))) | !2) | !1))) & (19 & 20)] 2
[(!(0 | (1 | (2 | (3 | (((6 | ((8 | (9 | (10 | (((13 | (14 | (15 | 16))) | !12) | !11)))) | !7)) | !5) | !4)))))) & (!(20 | !19))] 1
[(!(0 | (1 | (2 | (3 | (((6 | ((8 | (9 | (10 | (((13 | (14 | (15 | !16))) | !12) | !11)))) | !7)) | !5) | !4)))))) & (19 & 20)] 0
[(!(0 | ((2 | ((((6 | ((8 | (9 | (10 | (((13 | (14 | (16 | !15))) | !12) | !11)))) | !7)) | !5) | !4) | !3)) | !1))) & (!(20 | !19))] 0
[(!(0 | ((2 | ((((6 | ((8 | (9 | (10 | (((13 | (14 | !(15 & 16))) | !12) | !11)))) | !7)) | !5) | !4) | !3)) | !1))) & (19 & 20)] 2
[(!(0 | ((((4 | ((6 | ((8 | (9 | (10 | (((13 | (14 | (16 | !15))) | !12) | !11)))) | !7)) | !5)) | !3) | !2) | !1))) & (!(19 | 20))] 1
[(!(0 | ((((4 | ((6 | ((8 | (9 | (10 | (((13 | (14 | !(15 & 16))) | !12) | !11)))) | !7)) | !5)) | !3) | !2) | !1))) & (19 & 20)] 1
[(!(0 | ((((((6 | ((8 | (9 | (10 | (((13 | (14 | (16 | !15))) | !12) | !11)))) | !7)) | !5) | !4) | !3) | !2) | !1))) & (19 & 20)] 1
[(!(0 | ((((((6 | ((8 | (9 | (10 | (((13 | (14 | !(15 & 16))) | !12) | !11)))) | !7)) | !5) | !4) | !3) | !2) | !1))) & (19 & 20)] 0
[(!((1 | ((3 | (((6 | ((((10 | (11 | ((13 | ((15 | 16) | !14)) | !12))) | !9) | !8) | !7)) | !5) | !4)) | !2)) | !0)) & (19 & 20)] 2
[(!((1 | ((3 | (((6 | ((((10 | (11 | ((13 | ((15 | !16) | !14)) | !12))) | !9) | !8) | !7)) | !5) | !4)) | !2)) | !0)) & (19 & 20)] 1
[(!((1 | ((3 | (((6 | ((((10 | (((13 | ((15 | 16) | !14)) | !12) | !11)) | !9) | !8) | !7)) | !5) | !4)) | !2)) | !0)) & (19 & 20)] 0
[(!((1 | ((3 | (((6 | ((((10 | (((13 | ((15 | !16) | !14)) | !12) | !11)) | !9) | !8) | !7)) | !5) | !4)) | !2)) | !0)) & (19 & 20)] 0
[(!(0 | (1 | ((3 | (4 | ((6 | ((8 | ((10 | (((13 | (14 | (15 | 16))) | !12) | !11)) | !9)) | !7)) | !5))) | !2)))) & (t)] 0
[(!(0 | (1 | ((3 | (4 | ((6 | ((8 | ((10 | (((13 | (14 | (15 | !16))) | !12) | !11)) | !9)) | !7)) | !5))) | !2)))) & (t)] 2
[(!((1 | (2 | (3 | (4 | (5 | (((8 | (9 | (10 | (((((15 | (17 | !16)) | !14) | !13) | !12) | !11)))) | !7) | !6)))))) | !0)) & (19 & 20)] 1
[(!((1 | (2 | (3 | (4 | (5 | (((8 | (9 | (10 | (((((15 | !(16 & 17)) | !14) | !13) | !12) | !11)))) | !7) | !6)))))) | !0)) & (19 & 20)] 0
[(!((1 | (2 | (3 | (4 | (5 | (((8 | ((10 | (((((15 | (17 | !16)) | !14) | !13) | !12) | !11)) | !9)) | !7) | !6)))))) | !0)) & (19 & 20)] 0
[(!((1 | (2 | (3 | (4 | (5 | (((8 | ((10 | (((((15 | !(16 & 17)) | !14) | !13) | !12) | !11)) | !9)) | !7) | !6)))))) | !0)) & (19 & 20)] 0
[(!(0 | (1 | ((3 | (4 | ((6 | (7 | (8 | ((10 | (11 | ((13 | (14 | (15 | 16))) | !12))) | !9)))) | !5))) | !2)))) & (!(19 | !20))] 1
[(!(0 | (1 | ((3 | (4 | ((6 | (7 | (8 | ((10 | (11 | ((13 | (14 | (15 | !16))) | !12))) | !9)))) | !5))) | !2)))) & (19 & 20)] 0
[(!(0 | (1 | ((3 | (4 | (5 | ((7 | (8 | ((10 | (11 | ((13 | (14 | (15 | 16))) | !12))) | !9))) | !6)))) | !2)))) & (t)] 1
[(!(0 | (1 | ((3 | (4 | (5 | ((7 | (8 | ((10 | (11 | ((13 | (14 | (15 | (17 | !16)))) | !12))) | !9))) | !6)))) | !2)))) & (19 & 20)] 1
[(!(0 | (1 | ((3 | (4 | (5 | ((7 | (8 | ((10 | (11 | ((13 | (14 | (15 | !(16 & 17)))) | !12))) | !9))) | !6)))) | !2)))) & (19 & 20)] 0
[(!(0 | (1 | (2 | (3 | (((6 | ((8 | (9 | (10 | ((12 | (13 | (14 | (15 | 16)))) | !11)))) | !7)) | !5) | !4)))))) & (!(20 | !19))] 1
[(!(0 | (1 | (2 | (3 | (((6 | ((8 | (9 | (10 | ((12 | (13 | (14 | (15 | !16)))) | !11)))) | !7)) | !5) | !4)))))) & (19 & 20)] 0
[(!(0 | (1 | ((3 | (((6 | ((8 | ((10 | (11 | ((13 | (14 | (15 | 16))) | !12))) | !9)) | !7)) | !5) | !4)) | !2)))) & (!(19 | !20))] 1
[(!(0 | (1 | ((3 | (((6 | ((8 | ((10 | (11 | ((13 | (14 | (15 | !16))) | !12))) | !9)) | !7)) | !5) | !4)) | !2)))) & (19 & 20)] 0
[(!((1 | ((3 | (((6 | ((((10 | ((12 | (13 | ((15 | 16) | !14))) | !11)) | !9) | !8) | !7)) | !5) | !4)) | !2)) | !0)) & (t)] 0
[(!((1 | ((3 | (((6 | ((((10 | ((12 | (13 | ((15 | !16) | !14))) | !11)) | !9) | !8) | !7)) | !5) | !4)) | !2)) | !0)) & (t)] 1
[(!(0 | (1 | ((3 | (((6 | ((8 | ((10 | (((13 | (14 | (15 | 16))) | !12) | !11)) | !9)) | !7)) | !5) | !4)) | !2)))) & (19 & 20)] 0
[(!(0 | (1 | ((3 | (((6 | ((8 | ((10 | (((13 | (14 | (15 | !16))) | !12) | !11)) | !9)) | !7)) | !5) | !4)) | !2)))) & (19 & 20)] 1
[(!(0 | (1 | ((3 | ((5 | (((8 | ((10 | (((13 | (14 | (15 | 16))) | !12) | !11)) | !9)) | !7) | !6)) | !4)) | !2)))) & (t)] 1
[(!(0 | (1 | ((3 | ((5 | (((8 | ((10 | (((13 | (14 | (15 | (17 | !16)))) | !12) | !11)) | !9)) | !7) | !6)) | !4)) | !2)))) & (19 & 20)] 1
[(!(0 | (1 | ((3 | ((5 | (((8 | ((10 | (((13 | (14 | (15 | !(16 & 17)))) | !12) | !11)) | !9)) | !7) | !6)) | !4)) | !2)))) & (19 & 20)] 2
[(!(0 | (1 | (2 | (3 | (4 | (5 | (((8 | (9 | (10 | (((13 | (14 | (15 | (17 | !16)))) | !12) | !11)))) | !7) | !6)))))))) & (19 & 20)] 0
[(!(0 | (1 | (2 | (3 | (4 | (5 | (((8 | (9 | (10 | (((13 | (14 | (15 | !(16 & 17)))) | !12) | !11)))) | !7) | !6)))))))) & (19 & 20)] 0
[(!(0 | ((2 | (3 | (4 | (5 | (((8 | (((((13 | (14 | ((17 | !16) | !15))) | !12) | !11) | !10) | !9)) | !7) | !6))))) | !1))) & (19 & 20)] 0
[(!(0 | ((2 | (3 | (4 | (5 | (((8 | (((((13 | (14 | !(15 & (16 & 17)))) | !12) | !11) | !10) | !9)) | !7) | !6))))) | !1))) & (19 & 20)] 0
[(!(0 | (((3 | (4 | (5 | (((8 | (((((13 | (14 | (16 | !15))) | !12) | !11) | !10) | !9)) | !7) | !6)))) | !2) | !1))) & (t)] 2
[(!(0 | (((3 | (4 | (5 | (((8 | (((((13 | (14 | ((17 | !16) | !15))) | !12) | !11) | !10) | !9)) | !7) | !6)))) | !2) | !1))) & (19 & 20)] 1
[(!(0 | (((3 | (4 | (5 | (((8 | (((((13 | (14 | !(15 & (16 & 17)))) | !12) | !11) | !10) | !9)) | !7) | !6)))) | !2) | !1))) & (19 & 20)] 1
[(!(0 | (((3 | (4 | (5 | ((7 | (8 | (((((13 | (14 | (16 | !15))) | !12) | !11) | !10) | !9))) | !6)))) | !2) | !1))) & (t)] 0
[(!(0 | (((3 | (4 | (5 | ((7 | (8 | (((((13 | (14 | ((17 | !16) | !15))) | !12) | !11) | !10) | !9))) | !6)))) | !2) | !1))) & (19 & 20)] 1
[(!(0 | (((3 | (4 | (5 | ((7 | (8 | (((((13 | (14 | !(15 & (16 & 17)))) | !12) | !11) | !10) | !9))) | !6)))) | !2) | !1))) & (19 & 20)] 0
[(!((1 | ((3 | (((6 | (7 | (((10 | (11 | ((13 | ((15 | 16) | !14)) | !12))) | !9) | !8))) | !5) | !4)) | !2)) | !0)) & (!(19 | !20))] 0
[(!((1 | ((3 | (((6 | (7 | (((10 | (11 | ((13 | ((15 | !16) | !14)) | !12))) | !9) | !8))) | !5) | !4)) | !2)) | !0)) & (19 & 20)] 1
[(!((1 | ((3 | (((6 | (7 | (((10 | (((13 | ((15 | 16) | !14)) | !12) | !11)) | !9) | !8))) | !5) | !4)) | !2)) | !0)) & (19 & 20)] 2
[(!((1 | ((3 | (((6 | (7 | (((10 | (((13 | ((15 | !16) | !14)) | !12) | !11)) | !9) | !8))) | !5) | !4)) | !2)) | !0)) & (19 & 20)] 2
[(!(0 | (1 | (2 | (3 | (((6 | ((8 | ((10 | ((12 | (13 | (14 | (15 | 16)))) | !11)) | !9)) | !7)) | !5) | !4)))))) & (!(20 | !19))] 2
[(!(0 | (1 | (2 | (3 | (((6 | ((8 | ((10 | ((12 | (13 | (14 | (15 | !16)))) | !11)) | !9)) | !7)) | !5) | !4)))))) & (19 & 20)] 0
[(!(0 | ((2 | ((((6 | ((8 | ((10 | (((13 | (14 | (16 | !15))) | !12) | !11)) | !9)) | !7)) | !5) | !4) | !3)) | !1))) & (!(20 | !19))] 0
[(!(0 | ((2 | ((((6 | ((8 | ((10 | (((13 | (14 | !(15 & 16))) | !12) | !11)) | !9)) | !7)) | !5) | !4) | !3)) | !1))) & (19 & 20)] 2
[(!(0 | ((((((6 | ((8 | ((10 | (((13 | (14 | (16 | !15))) | !12) | !11)) | !9)) | !7)) | !5) | !4) | !3) | !2) | !1))) & (19 & 20)] 0
[(!(0 | ((((((6 | ((8 | ((10 | (((13 | (14 | !(15 & 16))) | !12) | !11)) | !9)) | !7)) | !5) | !4) | !3) | !2) | !1))) & (19 & 20)] 1
[(!(0 | (1 | (2 | (3 | (((6 | ((8 | ((10 | (((13 | (14 | (15 | 16))) | !12) | !11)) | !9)) | !7)) | !5) | !4)))))) & (t)] 0
[(!(0 | (1 | (2 | (3 | (((6 | ((8 | ((10 | (((13 | (14 | (15 | !16))) | !12) | !11)) | !9)) | !7)) | !5) | !4)))))) & (t)] 2
[(!(0 | ((((4 | ((6 | ((8 | ((10 | (((13 | (14 | (16 | !15))) | !12) | !11)) | !9)) | !7)) | !5)) | !3) | !2) | !1))) & (!(19 | 20))] 2
[(!(0 | ((((4 | ((6 | ((8 | ((10 | (((13 | (14 | !(15 & 16))) | !12) | !11)) | !9)) | !7)) | !5)) | !3) | !2) | !1))) & (!(19 | 20))] 1
[(!((1 | (2 | (3 | ((5 | (((8 | (9 | (10 | (((((15 | 16) | !14) | !13) | !12) | !11)))) | !7) | !6)) | !4)))) | !0)) & (t)] 2
[(!((1 | (2 | (3 | ((5 | (((8 | (9 | (10 | (((((15 | (17 | !16)) | !14) | !13) | !12) | !11)))) | !7) | !6)) | !4)))) | !0)) & (19 & 20)] 0
[(!((1 | (2 | (3 | ((5 | (((8 | (9 | (10 | (((((15 | !(16 & 17)) | !14) | !13) | !12) | !11)))) | !7) | !6)) | !4)))) | !0)) & (19 & 20)] 0
[(!((1 | (2 | (3 | ((5 | (((8 | ((10 | (((((15 | 16) | !14) | !13) | !12) | !11)) | !9)) | !7) | !6)) | !4)))) | !0)) & (t)] 2
[(!((1 | (2 | (3 | ((5 | (((8 | ((10 | (((((15 | (17 | !16)) | !14) | !13) | !12) | !11)) | !9)) | !7) | !6)) | !4)))) | !0)) & (19 & 20)] 0
[(!((1 | (2 | (3 | ((5 | (((8 | ((10 | (((((15 | !(16 & 17)) | !14) | !13) | !12) | !11)) | !9)) | !7) | !6)) | !4)))) | !0)) & (19 & 20)] 0
[(!(0 | (((3 | ((5 | ((7 | (8 | (((11 | ((13 | (14 | (16 | !15))) | !12)) | !10) | !9))) | !6)) | !4)) | !2) | !1))) & (t)] 1
[(!(0 | (((3 | ((5 | ((7 | (8 | (((11 | ((13 | (14 | ((17 | !16) | !15))) | !12)) | !10) | !9))) | !6)) | !4)) | !2) | !1))) & (19 & 20)] 0
[(!(0 | (((3 | ((5 | ((7 | (8 | (((11 | ((13 | (14 | !(15 & (16 & 17)))) | !12)) | !10) | !9))) | !6)) | !4)) | !2) | !1))) & (19 & 20)] 1
[(!(0 | (((3 | ((5 | (((8 | (((11 | ((13 | (14 | (16 | !15))) | !12)) | !10) | !9)) | !7) | !6)) | !4)) | !2) | !1))) & (t)] 0
[(!(0 | (((3 | ((5 | (((8 | (((11 | ((13 | (14 | ((17 | !16) | !15))) | !12)) | !10) | !9)) | !7) | !6)) | !4)) | !2) | !1))) & (19 & 20)] 0
[(!(0 | (((3 | ((5 | (((8 | (((11 | ((13 | (14 | !(15 & (16 & 17)))) | !12)) | !10) | !9)) | !7) | !6)) | !4)) | !2) | !1))) & (19 & 20)] 0
[(!(0 | (1 | ((3 | (4 | ((6 | (7 | (8 | ((10 | (((13 | (14 | (15 | 16))) | !12) | !11)) | !9)))) | !5))) | !2)))) & (!(19 | 20))] 1
[(!(0 | (1 | ((3 | (4 | ((6 | (7 | (8 | ((10 | (((13 | (14 | (15 | !16))) | !12) | !11)) | !9)))) | !5))) | !2)))) & (!(19 | 20))] 0
[(!(0 | (1 | ((3 | (4 | (5 | ((7 | (8 | ((10 | (((13 | (14 | (15 | 16))) | !12) | !11)) | !9))) | !6)))) | !2)))) & (t)] 1
[(!(0 | (1 | ((3 | (4 | (5 | ((7 | (8 | ((10 | (((13 | (14 | (15 | (17 | !16)))) | !12) | !11)) | !9))) | !6)))) | !2)))) & (19 & 20)] 0
[(!(0 | (1 | ((3 | (4 | (5 | ((7 | (8 | ((10 | (((13 | (14 | (15 | !(16 & 17)))) | !12) | !11)) | !9))) | !6)))) | !2)))) & (19 & 20)] 0
[(!(0 | (1 | ((3 | (((6 | (7 | (8 | ((10 | (11 | ((13 | (14 | (15 | 16))) | !12))) | !9)))) | !5) | !4)) | !2)))) & (!(19 | !20))] 1
[(!(0 | (1 | ((3 | (((6 | (7 | (8 | ((10 | (11 | ((13 | (14 | (15 | !16))) | !12))) | !9)))) | !5) | !4)) | !2)))) & (19 & 20)] 0
[(!((1 | ((3 | (((6 | (7 | (((10 | ((12 | (13 | ((15 | 16) | !14))) | !11)) | !9) | !8))) | !5) | !4)) | !2)) | !0)) & (19 & 20)] 0
[(!((1 | ((3 | (((6 | (7 | (((10 | ((12 | (13 | ((15 | !16) | !14))) | !11)) | !9) | !8))) | !5) | !4)) | !2)) | !0)) & (19 & 20)] 0
[(!(0 | (1 | (2 | (3 | ((5 | (((8 | (9 | (10 | (((13 | (14 | (15 | 16))) | !12) | !11)))) | !7) | !6)) | !4)))))) & (t)] 2
[(!(0 | (1 | (2 | (3 | ((5 | (((8 | (9 | (10 | (((13 | (14 | (15 | (17 | !16)))) | !12) | !11)))) | !7) | !6)) | !4)))))) & (19 & 20)] 0
[(!(0 | (1 | (2 | (3 | ((5 | (((8 | (9 | (10 | (((13 | (14 | (15 | !(16 & 17)))) | !12) | !11)))) | !7) | !6)) | !4)))))) & (19 & 20)] 0
[(!(0 | ((2 | (3 | ((5 | (((8 | (((((13 | (14 | (16 | !15))) | !12) | !11) | !10) | !9)) | !7) | !6)) | !4))) | !1))) & (t)] 2
[(!(0 | ((2 | (3 | ((5 | (((8 | (((((13 | (14 | ((17 | !16) | !15))) | !12) | !11) | !10) | !9)) | !7) | !6)) | !4))) | !1))) & (19 & 20)] 0
[(!(0 | ((2 | (3 | ((5 | (((8 | (((((13 | (14 | !(15 & (16 & 17)))) | !12) | !11) | !10) | !9)) | !7) | !6)) | !4))) | !1))) & (19 & 20)] 0
[(!(0 | (((3 | ((5 | (((8 | (((((13 | (14 | (16 | !15))) | !12) | !11) | !10) | !9)) | !7) | !6)) | !4)) | !2) | !1))) & (t)] 1
[(!(0 | (((3 | ((5 | (((8 | (((((13 | (14 | ((17 | !16) | !15))) | !12) | !11) | !10) | !9)) | !7) | !6)) | !4)) | !2) | !1))) & (19 & 20)] 1
[(!(0 | (((3 | ((5 | (((8 | (((((13 | (14 | !(15 & (16 & 17)))) | !12) | !11) | !10) | !9)) | !7) | !6)) | !4)) | !2) | !1))) & (19 & 20)] 2
[(!(0 | (((3 | ((5 | ((7 | (8 | (((((13 | (14 | (16 | !15))) | !12) | !11) | !10) | !9))) | !6)) | !4)) | !2) | !1))) & (t)] 1
[(!(0 | (((3 | ((5 | ((7 | (8 | (((((13 | (14 | ((17 | !16) | !15))) | !12) | !11) | !10) | !9))) | !6)) | !4)) | !2) | !1))) & (19 & 20)] 1
[(!(0 | (((3 | ((5 | ((7 | (8 | (((((13 | (14 | !(15 & (16 & 17)))) | !12) | !11) | !10) | !9))) | !6)) | !4)) | !2) | !1))) & (19 & 20)] 0
[(!((1 | ((3 | ((5 | (((8 | ((10 | (11 | ((((15 | 16) | !14) | !13) | !12))) | !9)) | !7) | !6)) | !4)) | !2)) | !0)) & (t)] 0
[(!((1 | ((3 | ((5 | (((8 | ((10 | (11 | ((((15 | (17 | !16)) | !14) | !13) | !12))) | !9)) | !7) | !6)) | !4)) | !2)) | !0)) & (19 & 20)] 0
[(!((1 | ((3 | ((5 | (((8 | ((10 | (11 | ((((15 | !(16 & 17)) | !14) | !13) | !12))) | !9)) | !7) | !6)) | !4)) | !2)) | !0)) & (19 & 20)] 0
[(!((1 | ((3 | ((5 | (((8 | ((10 | (((((15 | 16) | !14) | !13) | !12) | !11)) | !9)) | !7) | !6)) | !4)) | !2)) | !0)) & (t)] 1
[(!((1 | ((3 | ((5 | (((8 | ((10 | (((((15 | (17 | !16)) | !14) | !13) | !12) | !11)) | !9)) | !7) | !6)) | !4)) | !2)) | !0)) & (19 & 20)] 1
[(!((1 | ((3 | ((5 | (((8 | ((10 | (((((15 | !(16 & 17)) | !14) | !13) | !12) | !11)) | !9)) | !7) | !6)) | !4)) | !2)) | !0)) & (19 & 20)] 2
[(!(0 | (1 | ((3 | ((5 | ((7 | (8 | ((10 | (11 | ((13 | (14 | (15 | 16))) | !12))) | !9))) | !6)) | !4)) | !2)))) & (t)] 0
[(!(0 | (1 | ((3 | ((5 | ((7 | (8 | ((10 | (11 | ((13 | (14 | (15 | (17 | !16)))) | !12))) | !9))) | !6)) | !4)) | !2)))) & (19 & 20)] 1
[(!(0 | (1 | ((3 | ((5 | ((7 | (8 | ((10 | (11 | ((13 | (14 | (15 | !(16 & 17)))) | !12))) | !9))) | !6)) | !4)) | !2)))) & (19 & 20)] 0
[(!((1 | ((3 | ((5 | (((8 | (9 | (10 | (((((15 | 16) | !14) | !13) | !12) | !11)))) | !7) | !6)) | !4)) | !2)) | !0)) & (t)] 2
[(!((1 | ((3 | ((5 | (((8 | (9 | (10 | (((((15 | (17 | !16)) | !14) | !13) | !12) | !11)))) | !7) | !6)) | !4)) | !2)) | !0)) & (19 & 20)] 0
[(!((1 | ((3 | ((5 | (((8 | (9 | (10 | (((((15 | !(16 & 17)) | !14) | !13) | !12) | !11)))) | !7) | !6)) | !4)) | !2)) | !0)) & (19 & 20)] 2
[(!(0 | (1 | ((3 | (((6 | (7 | (8 | ((10 | ((12 | (13 | (14 | (15 | 16)))) | !11)) | !9)))) | !5) | !4)) | !2)))) & (19 & 20)] 1
[(!(0 | (1 | ((3 | (((6 | (7 | (8 | ((10 | ((12 | (13 | (14 | (15 | !16)))) | !11)) | !9)))) | !5) | !4)) | !2)))) & (19 & 20)] 0
[(!(0 | (1 | ((3 | ((5 | ((7 | (8 | ((10 | ((12 | (13 | (14 | (15 | 16)))) | !11)) | !9))) | !6)) | !4)) | !2)))) & (t)] 1
[(!(0 | (1 | ((3 | ((5 | ((7 | (8 | ((10 | ((12 | (13 | (14 | (15 | (17 | !16))))) | !11)) | !9))) | !6)) | !4)) | !2)))) & (19 & 20)] 1
[(!(0 | (1 | ((3 | ((5 | ((7 | (8 | ((10 | ((12 | (13 | (14 | (15 | !(16 & 17))))) | !11)) | !9))) | !6)) | !4)) | !2)))) & (19 & 20)] 0
[(!(0 | (1 | ((3 | (((6 | (7 | (8 | ((10 | (((13 | (14 | (15 | 16))) | !12) | !11)) | !9)))) | !5) | !4)) | !2)))) & (t)] 1
[(!(0 | (1 | ((3 | (((6 | (7 | (8 | ((10 | (((13 | (14 | (15 | !16))) | !12) | !11)) | !9)))) | !5) | !4)) | !2)))) & (t)] 2
[(!(0 | (1 | ((3 | ((5 | ((7 | (8 | ((10 | (((13 | (14 | (15 | 16))) | !12) | !11)) | !9))) | !6)) | !4)) | !2)))) & (t)] 1
[(!(0 | (1 | ((3 | ((5 | ((7 | (8 | ((10 | (((13 | (14 | (15 | (17 | !16)))) | !12) | !11)) | !9))) | !6)) | !4)) | !2)))) & (19 & 20)] 1
[(!(0 | (1 | ((3 | ((5 | ((7 | (8 | ((10 | (((13 | (14 | (15 | !(16 & 17)))) | !12) | !11)) | !9))) | !6)) | !4)) | !2)))) & (19 & 20)] 0
[(!(0 | (1 | ((3 | (((6 | ((8 | (9 | (10 | (((13 | (14 | (15 | 16))) | !12) | !11)))) | !7)) | !5) | !4)) | !2)))) & (19 & 20)] 2
[(!(0 | (1 | ((3 | (((6 | ((8 | (9 | (10 | (((13 | (14 | (15 | !16))) | !12) | !11)))) | !7)) | !5) | !4)) | !2)))) & (19 & 20)] 2
[(!(0 | (1 | ((3 | ((5 | (((8 | (9 | (10 | (((13 | (14 | (15 | 16))) | !12) | !11)))) | !7) | !6)) | !4)) | !2)))) & (t)] 1
[(!(0 | (1 | ((3 | ((5 | (((8 | (9 | (10 | (((13 | (14 | (15 | (17 | !16)))) | !12) | !11)))) | !7) | !6)) | !4)) | !2)))) & (19 & 20)] 0
[(!(0 | (1 | ((3 | ((5 | (((8 | (9 | (10 | (((13 | (14 | (15 | !(16 & 17)))) | !12) | !11)))) | !7) | !6)) | !4)) | !2)))) & (19 & 20)] 2
[(!((1 | (2 | (3 | ((5 | (((8 | ((10 | ((12 | (((15 | 16) | !14) | !13)) | !11)) | !9)) | !7) | !6)) | !4)))) | !0)) & (t)] 2
[(!((1 | (2 | (3 | ((5 | (((8 | ((10 | ((12 | (((15 | (17 | !16)) | !14) | !13)) | !11)) | !9)) | !7) | !6)) | !4)))) | !0)) & (19 & 20)] 0
[(!((1 | (2 | (3 | ((5 | (((8 | ((10 | ((12 | (((15 | !(16 & 17)) | !14) | !13)) | !11)) | !9)) | !7) | !6)) | !4)))) | !0)) & (19 & 20)] 0
[(!((1 | (2 | (3 | ((5 | (((8 | (9 | (10 | ((12 | (((15 | 16) | !14) | !13)) | !11)))) | !7) | !6)) | !4)))) | !0)) & (t)] 1
[(!((1 | (2 | (3 | ((5 | (((8 | (9 | (10 | ((12 | (((15 | (17 | !16)) | !14) | !13)) | !11)))) | !7) | !6)) | !4)))) | !0)) & (19 & 20)] 0
[(!((1 | (2 | (3 | ((5 | (((8 | (9 | (10 | ((12 | (((15 | !(16 & 17)) | !14) | !13)) | !11)))) | !7) | !6)) | !4)))) | !0)) & (19 & 20)] 0
[(!(0 | ((2 | (3 | ((5 | (((8 | ((((12 | (13 | (14 | (16 | !15)))) | !11) | !10) | !9)) | !7) | !6)) | !4))) | !1))) & (t)] 2
[(!(0 | ((2 | (3 | ((5 | (((8 | ((((12 | (13 | (14 | ((17 | !16) | !15)))) | !11) | !10) | !9)) | !7) | !6)) | !4))) | !1))) & (19 & 20)] 0
[(!(0 | ((2 | (3 | ((5 | (((8 | ((((12 | (13 | (14 | !(15 & (16 & 17))))) | !11) | !10) | !9)) | !7) | !6)) | !4))) | !1))) & (19 & 20)] 0
[(!(0 | (((3 | ((5 | ((7 | (8 | ((((12 | (13 | (14 | (16 | !15)))) | !11) | !10) | !9))) | !6)) | !4)) | !2) | !1))) & (t)] 0
[(!(0 | (((3 | ((5 | ((7 | (8 | ((((12 | (13 | (14 | ((17 | !16) | !15)))) | !11) | !10) | !9))) | !6)) | !4)) | !2) | !1))) & (19 & 20)] 1
[(!(0 | (((3 | ((5 | ((7 | (8 | ((((12 | (13 | (14 | !(15 & (16 & 17))))) | !11) | !10) | !9))) | !6)) | !4)) | !2) | !1))) & (19 & 20)] 0
[(!(0 | (((3 | ((5 | (((8 | ((((12 | (13 | (14 | (16 | !15)))) | !11) | !10) | !9)) | !7) | !6)) | !4)) | !2) | !1))) & (t)] 0
[(!(0 | (((3 | ((5 | (((8 | ((((12 | (13 | (14 | ((17 | !16) | !15)))) | !11) | !10) | !9)) | !7) | !6)) | !4)) | !2) | !1))) & (19 & 20)] 1
[(!(0 | (((3 | ((5 | (((8 | ((((12 | (13 | (14 | !(15 & (16 & 17))))) | !11) | !10) | !9)) | !7) | !6)) | !4)) | !2) | !1))) & (19 & 20)] 0
[(!(0 | (1 | (2 | (3 | ((5 | (((8 | (9 | (10 | ((12 | (13 | (14 | (15 | 16)))) | !11)))) | !7) | !6)) | !4)))))) & (t)] 1
[(!(0 | (1 | (2 | (3 | ((5 | (((8 | (9 | (10 | ((12 | (13 | (14 | (15 | (17 | !16))))) | !11)))) | !7) | !6)) | !4)))))) & (19 & 20)] 0
[(!(0 | (1 | (2 | (3 | ((5 | (((8 | (9 | (10 | ((12 | (13 | (14 | (15 | !(16 & 17))))) | !11)))) | !7) | !6)) | !4)))))) & (19 & 20)] 0
[(!(0 | (1 | ((3 | (((6 | ((8 | ((10 | ((12 | (13 | (14 | (15 | 16)))) | !11)) | !9)) | !7)) | !5) | !4)) | !2)))) & (19 & 20)] 0
[(!(0 | (1 | ((3 | (((6 | ((8 | ((10 | ((12 | (13 | (14 | (15 | !16)))) | !11)) | !9)) | !7)) | !5) | !4)) | !2)))) & (19 & 20)] 2
[(0 & (1 | (2 & (3 | (4 & (5 & (6 | (((10 | (11 & (13 | (15 | !14)) | !11 & ((13 | (15 | !14)) | !12))) | !9) | !8)) | !5 & (((8 | (9 & (10 | (11 & ((15 | !14) | !13) | !11 & (12 & ((15 | !14) | !13) | !12 & (((15 | !16) | !14) | !13)))) | !9 & (10 | (((15 | !14) | !13) | !11)))) | !7) | !6)) | !4 & (5 | (((8 | (9 & (10 | (((15 | !14) | !13) | !12)) | !9 & (10 | ((((15 | !14) | !13) | !12) | !11)))) | !7) | !6)))) | !2 & (3 | (4 & (5 | (((8 | (10 | (((15 | !14) | !13) | !11))) | !7) | !6)) | !4 & (5 | (((8 | (10 | (((((15 | !16) | !14) | !13) | !12) | !11))) | !7) | !6)))))) | !0 & (1 & (2 & (3 & ((6 | ((8 | (10 | (((13 | (14 | !15)) | !12) | !11))) | !7)) | !5) | !3 & (4 & (5 | ((8 | (((11 & (13 | (14 | !15)) | !11 & (12 & (13 | (14 | !15)) | !12 & (13 | (14 | !(15 & 16))))) | !10) | !9)) | !6)) | !4 & (5 | ((8 | ((((13 | (14 | !15)) | !12) | !10) | !9)) | !6)))) | !2 & (3 & (((6 | ((8 | (10 | (((13 | (14 | !15)) | !12) | !11))) | !7)) | !5) | !4) | !3 & (4 & (5 | (((8 | ((((13 | (14 | !15)) | !11) | !10) | !9)) | !7) | !6)) | !4 & (5 | (((8 | (((((13 | (14 | !(15 & 16))) | !12) | !11) | !10) | !9)) | !7) | !6))))) | !1 & (2 & (3 | (4 & (5 & (6 | (7 & (8 | (9 & (10 | (11 & (13 | (14 | 15)) | !11 & ((13 | (14 | 15)) | !12))) | !9 & (10 | ((13 | (14 | 15)) | !11)))) | !7 & (8 | ((10 | (11 & (13 | (14 | 15)) | !11 & ((13 | (14 | 15)) | !12))) | !9)))) | !5 & ((7 & (8 | (9 & (10 | (((13 | (14 | 15)) | !12) | !11)) | !9 & (10 | ((13 | (14 | 15)) | !11)))) | !7 & (8 | ((10 | (11 & (13 | (14 | 15)) | !11 & (12 & (13 | (14 | 15)) | !12 & (13 | (14 | (15 | !16)))))) | !9))) | !6)) | !4 & (5 & (6 | (7 & (8 | (9 & (10 | ((13 | (14 | 15)) | !12)) | !9 & (10 | (((13 | (14 | 15)) | !12) | !11)))) | !7 & (8 | ((10 | ((13 | (14 | 15)) | !12)) | !9)))) | !5 & ((7 & (8 | (9 | (10 | (((13 | (14 | 15)) | !12) | !11)))) | !7 & (8 | ((10 | ((13 | (14 | 15)) | !12)) | !9))) | !6)))) | !2 & (3 | (4 & (5 & (6 | ((8 | (10 | ((13 | (14 | 15)) | !11))) | !7)) | !5 & (((8 | (9 | (10 | ((13 | (14 | 15)) | !11)))) | !7) | !6)) | !4 & (5 | (((8 | (9 | (10 | (((13 | (14 | (15 | !16))) | !12) | !11)))) | !7) | !6))))))) & (t)] 2
[(!(0 | (((3 | ((5 | ((7 | (8 | (((11 | (12 | (13 | (14 | ((17 | !16) | !15))))) | !10) | !9))) | !6)) | !4)) | !2) | !1))) & (19 & 20)] 0
[(!(0 | (((3 | ((5 | ((7 | (8 | (((11 | (12 | (13 | (14 | !(15 & (16 & 17)))))) | !10) | !9))) | !6)) | !4)) | !2) | !1))) & (19 & 20)] 0
[(!(0 | (((3 | ((5 | (((8 | (((11 | (12 | (13 | (14 | ((17 | !16) | !15))))) | !10) | !9)) | !7) | !6)) | !4)) | !2) | !1))) & (19 & 20)] 0
[(!(0 | (((3 | ((5 | (((8 | (((11 | (12 | (13 | (14 | !(15 & (16 & 17)))))) | !10) | !9)) | !7) | !6)) | !4)) | !2) | !1))) & (19 & 20)] 1
[(!((1 | ((3 | ((5 | (((8 | ((10 | (11 | (12 | (((15 | (17 | !16)) | !14) | !13)))) | !9)) | !7) | !6)) | !4)) | !2)) | !0)) & (19 & 20)] 0
[(!((1 | ((3 | ((5 | (((8 | ((10 | (11 | (12 | (((15 | !(16 & 17)) | !14) | !13)))) | !9)) | !7) | !6)) | !4)) | !2)) | !0)) & (19 & 20)] 0
[(!((1 | ((3 | ((5 | (((8 | ((10 | ((12 | (((15 | 16) | !14) | !13)) | !11)) | !9)) | !7) | !6)) | !4)) | !2)) | !0)) & (t)] 1
[(!((1 | ((3 | ((5 | (((8 | ((10 | ((12 | (((15 | (17 | !16)) | !14) | !13)) | !11)) | !9)) | !7) | !6)) | !4)) | !2)) | !0)) & (19 & 20)] 1
[(!((1 | ((3 | ((5 | (((8 | ((10 | ((12 | (((15 | !(16 & 17)) | !14) | !13)) | !11)) | !9)) | !7) | !6)) | !4)) | !2)) | !0)) & (19 & 20)] 0
[(!(0 | (1 | ((3 | ((5 | ((7 | (8 | ((10 | (11 | (12 | (13 | (14 | (15 | (17 | !16))))))) | !9))) | !6)) | !4)) | !2)))) & (19 & 20)] 0
[(!(0 | (1 | ((3 | ((5 | ((7 | (8 | ((10 | (11 | (12 | (13 | (14 | (15 | !(16 & 17))))))) | !9))) | !6)) | !4)) | !2)))) & (19 & 20)] 0
[(!((1 | ((3 | ((5 | (((8 | (9 | (10 | ((12 | (((15 | 16) | !14) | !13)) | !11)))) | !7) | !6)) | !4)) | !2)) | !0)) & (t)] 1
[(!((1 | ((3 | ((5 | (((8 | (9 | (10 | ((12 | (((15 | (17 | !16)) | !14) | !13)) | !11)))) | !7) | !6)) | !4)) | !2)) | !0)) & (19 & 20)] 1
[(!((1 | ((3 | ((5 | (((8 | (9 | (10 | ((12 | (((15 | !(16 & 17)) | !14) | !13)) | !11)))) | !7) | !6)) | !4)) | !2)) | !0)) & (19 & 20)] 1
[(!(0 | (1 | ((3 | (((6 | ((8 | (9 | (10 | ((12 | (13 | (14 | (15 | 16)))) | !11)))) | !7)) | !5) | !4)) | !2)))) & (19 & 20)] 2
[(!(0 | (1 | ((3 | (((6 | ((8 | (9 | (10 | ((12 | (13 | (14 | (15 | !16)))) | !11)))) | !7)) | !5) | !4)) | !2)))) & (19 & 20)] 0
[(!(0 | (1 | ((3 | ((5 | (((8 | (9 | (10 | ((12 | (13 | (14 | (15 | 16)))) | !11)))) | !7) | !6)) | !4)) | !2)))) & (t)] 2
[(!(0 | (1 | ((3 | ((5 | (((8 | (9 | (10 | ((12 | (13 | (14 | (15 | (17 | !16))))) | !11)))) | !7) | !6)) | !4)) | !2)))) & (t)] 0
[(!(0 | (1 | ((3 | ((5 | (((8 | (9 | (10 | ((12 | (13 | (14 | (15 | !(16 & 17))))) | !11)))) | !7) | !6)) | !4)) | !2)))) & (t)] 2
State: 1 "[1]"
[(!(0 | (1 | ((3 | (4 | (5 | (((8 | (9 | (10 | (((13 | (14 | (15 | 16))) | !12) | !11)))) | !7) | !6)))) | !2)))) & (t)] 0
[(!(0 | (1 | ((3 | (4 | (5 | (((8 | (9 | (10 | (((13 | (14 | (15 | (17 | !16)))) | !12) | !11)))) | !7) | !6)))) | !2)))) & (19 & 20)] 1
[(!(0 | (1 | ((3 | (4 | (5 | (((8 | (9 | (10 | (((13 | (14 | (15 | !(16 & 17)))) | !12) | !11)))) | !7) | !6)))) | !2)))) & (19 & 20)] 1
[(!(0 | (1 | ((3 | (4 | ((6 | ((8 | (9 | (10 | (((13 | (14 | (15 | 16))) | !12) | !11)))) | !7)) | !5))) | !2)))) & (!(19 | 20))] 2
[(!(0 | (1 | ((3 | (4 | ((6 | ((8 | (9 | (10 | (((13 | (14 | (15 | !16))) | !12) | !11)))) | !7)) | !5))) | !2)))) & (19 & 20)] 1
[(!(0 | (((3 | (4 | (5 | (((8 | (((11 | ((13 | (14 | (16 | !15))) | !12)) | !10) | !9)) | !7) | !6)))) | !2) | !1))) & (t)] 0
[(!(0 | (((3 | (4 | (5 | (((8 | (((11 | ((13 | (14 | ((17 | !16) | !15))) | !12)) | !10) | !9)) | !7) | !6)))) | !2) | !1))) & (19 & 20)] 0
[(!(0 | (((3 | (4 | (5 | (((8 | (((11 | ((13 | (14 | !(15 & (16 & 17)))) | !12)) | !10) | !9)) | !7) | !6)))) | !2) | !1))) & (19 & 20)] 1
[(!(0 | (1 | ((3 | (4 | ((6 | ((8 | ((10 | (11 | ((13 | (14 | (15 | 16))) | !12))) | !9)) | !7)) | !5))) | !2)))) & (!(19 | !20))] 1
[(!(0 | (1 | ((3 | (4 | ((6 | ((8 | ((10 | (11 | ((13 | (14 | (15 | !16))) | !12))) | !9)) | !7)) | !5))) | !2)))) & (19 & 20)] 1
[(!((1 | ((3 | (4 | (5 | (((8 | (9 | (10 | (((((15 | 16) | !14) | !13) | !12) | !11)))) | !7) | !6)))) | !2)) | !0)) & (t)] 0
[(!((1 | ((3 | (4 | (5 | (((8 | (9 | (10 | (((((15 | (17 | !16)) | !14) | !13) | !12) | !11)))) | !7) | !6)))) | !2)) | !0)) & (19 & 20)] 1
[(!((1 | ((3 | (4 | (5 | (((8 | (9 | (10 | (((((15 | !(16 & 17)) | !14) | !13) | !12) | !11)))) | !7) | !6)))) | !2)) | !0)) & (19 & 20)] 1
[(!((1 | ((3 | (4 | (5 | (((8 | ((10 | (11 | ((((15 | 16) | !14) | !13) | !12))) | !9)) | !7) | !6)))) | !2)) | !0)) & (t)] 1
[(!((1 | ((3 | (4 | (5 | (((8 | ((10 | (11 | ((((15 | (17 | !16)) | !14) | !13) | !12))) | !9)) | !7) | !6)))) | !2)) | !0)) & (19 & 20)] 1
[(!((1 | ((3 | (4 | (5 | (((8 | ((10 | (11 | ((((15 | !(16 & 17)) | !14) | !13) | !12))) | !9)) | !7) | !6)))) | !2)) | !0)) & (19 & 20)] 0
[(!((1 | ((3 | (4 | (5 | (((8 | ((10 | (((((15 | 16) | !14) | !13) | !12) | !11)) | !9)) | !7) | !6)))) | !2)) | !0)) & (t)] 2
[(!((1 | ((3 | (4 | (5 | (((8 | ((10 | (((((15 | (17 | !16)) | !14) | !13) | !12) | !11)) | !9)) | !7) | !6)))) | !2)) | !0)) & (19 & 20)] 0
[(!((1 | ((3 | (4 | (5 | (((8 | ((10 | (((((15 | !(16 & 17)) | !14) | !13) | !12) | !11)) | !9)) | !7) | !6)))) | !2)) | !0)) & (19 & 20)] 1
[(!(0 | (((3 | (4 | (5 | ((7 | (8 | (((11 | ((13 | (14 | (16 | !15))) | !12)) | !10) | !9))) | !6)))) | !2) | !1))) & (t)] 0
[(!(0 | (((3 | (4 | (5 | ((7 | (8 | (((11 | ((13 | (14 | ((17 | !16) | !15))) | !12)) | !10) | !9))) | !6)))) | !2) | !1))) & (19 & 20)] 0
[(!(0 | (((3 | (4 | (5 | ((7 | (8 | (((11 | ((13 | (14 | !(15 & (16 & 17)))) | !12)) | !10) | !9))) | !6)))) | !2) | !1))) & (19 & 20)] 1
[(!(0 | (1 | (2 | (3 | (((6 | ((8 | (9 | (10 | (((13 | (14 | (15 | 16))) | !12) | !11)))) | !7)) | !5) | !4)))))) & (19 & 20)] 0
[(!(0 | (1 | (2 | (3 | (((6 | ((8 | (9 | (10 | (((13 | (14 | (15 | !16))) | !12) | !11)))) | !7)) | !5) | !4)))))) & (19 & 20)] 0
[(!(0 | ((2 | ((((6 | ((8 | (9 | (10 | (((13 | (14 | (16 | !15))) | !12) | !11)))) | !7)) | !5) | !4) | !3)) | !1))) & (!(20 | !19))] 1
[(!(0 | ((2 | ((((6 | ((8 | (9 | (10 | (((13 | (14 | !(15 & 16))) | !12) | !11)))) | !7)) | !5) | !4) | !3)) | !1))) & (19 & 20)] 1
[(!(0 | ((((4 | ((6 | ((8 | (9 | (10 | (((13 | (14 | (16 | !15))) | !12) | !11)))) | !7)) | !5)) | !3) | !2) | !1))) & (!(19 | 20))] 1
[(!(0 | ((((4 | ((6 | ((8 | (9 | (10 | (((13 | (14 | !(15 & 16))) | !12) | !11)))) | !7)) | !5)) | !3) | !2) | !1))) & (19 & 20)] 0
[(!(0 | ((((((6 | ((8 | (9 | (10 | (((13 | (14 | (16 | !15))) | !12) | !11)))) | !7)) | !5) | !4) | !3) | !2) | !1))) & (19 & 20)] 2
[(!(0 | ((((((6 | ((8 | (9 | (10 | (((13 | (14 | !(15 & 16))) | !12) | !11)))) | !7)) | !5) | !4) | !3) | !2) | !1))) & (19 & 20)] 0
[(!((1 | ((3 | (((6 | ((((10 | (11 | ((13 | ((15 | 16) | !14)) | !12))) | !9) | !8) | !7)) | !5) | !4)) | !2)) | !0)) & (!(19 | !20))] 1
[(!((1 | ((3 | (((6 | ((((10 | (11 | ((13 | ((15 | !16) | !14)) | !12))) | !9) | !8) | !7)) | !5) | !4)) | !2)) | !0)) & (19 & 20)] 0
[(!((1 | ((3 | (((6 | ((((10 | (((13 | ((15 | 16) | !14)) | !12) | !11)) | !9) | !8) | !7)) | !5) | !4)) | !2)) | !0)) & (19 & 20)] 1
[(!((1 | ((3 | (((6 | ((((10 | (((13 | ((15 | !16) | !14)) | !12) | !11)) | !9) | !8) | !7)) | !5) | !4)) | !2)) | !0)) & (19 & 20)] 1
[(!(0 | (1 | ((3 | (4 | ((6 | ((8 | ((10 | (((13 | (14 | (15 | 16))) | !12) | !11)) | !9)) | !7)) | !5))) | !2)))) & (!(19 | 20))] 1
[(!(0 | (1 | ((3 | (4 | ((6 | ((8 | ((10 | (((13 | (14 | (15 | !16))) | !12) | !11)) | !9)) | !7)) | !5))) | !2)))) & (!(19 | 20))] 0
[(!((1 | (2 | (3 | (4 | (5 | (((8 | (9 | (10 | (((((15 | (17 | !16)) | !14) | !13) | !12) | !11)))) | !7) | !6)))))) | !0)) & (19 & 20)] 0
[(!((1 | (2 | (3 | (4 | (5 | (((8 | (9 | (10 | (((((15 | !(16 & 17)) | !14) | !13) | !12) | !11)))) | !7) | !6)))))) | !0)) & (19 & 20)] 0
[(!((1 | (2 | (3 | (4 | (5 | (((8 | ((10 | (((((15 | (17 | !16)) | !14) | !13) | !12) | !11)) | !9)) | !7) | !6)))))) | !0)) & (19 & 20)] 1
[(!((1 | (2 | (3 | (4 | (5 | (((8 | ((10 | (((((15 | !(16 & 17)) | !14) | !13) | !12) | !11)) | !9)) | !7) | !6)))))) | !0)) & (19 & 20)] 0
[(!(0 | (1 | ((3 | (4 | ((6 | (7 | (8 | ((10 | (11 | ((13 | (14 | (15 | 16))) | !12))) | !9)))) | !5))) | !2)))) & (!(19 | !20))] 0
[(!(0 | (1 | ((3 | (4 | ((6 | (7 | (8 | ((10 | (11 | ((13 | (14 | (15 | !16))) | !12))) | !9)))) | !5))) | !2)))) & (19 & 20)] 1
[(!(0 | (1 | ((3 | (4 | (5 | ((7 | (8 | ((10 | (11 | ((13 | (14 | (15 | 16))) | !12))) | !9))) | !6)))) | !2)))) & (t)] 0
[(!(0 | (1 | ((3 | (4 | (5 | ((7 | (8 | ((10 | (11 | ((13 | (14 | (15 | (17 | !16)))) | !12))) | !9))) | !6)))) | !2)))) & (19 & 20)] 0
[(!(0 | (1 | ((3 | (4 | (5 | ((7 | (8 | ((10 | (11 | ((13 | (14 | (15 | !(16 & 17)))) | !12))) | !9))) | !6)))) | !2)))) & (19 & 20)] 1
[(!(0 | (1 | (2 | (3 | (((6 | ((8 | (9 | (10 | ((12 | (13 | (14 | (15 | 16)))) | !11)))) | !7)) | !5) | !4)))))) & (!(20 | !19))] 2
[(!(0 | (1 | (2 | (3 | (((6 | ((8 | (9 | (10 | ((12 | (13 | (14 | (15 | !16)))) | !11)))) | !7)) | !5) | !4)))))) & (19 & 20)] 1
[(!(0 | (1 | ((3 | (((6 | ((8 | ((10 | (11 | ((13 | (14 | (15 | 16))) | !12))) | !9)) | !7)) | !5) | !4)) | !2)))) & (!(19 | !20))] 2
[(!(0 | (1 | ((3 | (((6 | ((8 | ((10 | (11 | ((13 | (14 | (15 | !16))) | !12))) | !9)) | !7)) | !5) | !4)) | !2)))) & (19 & 20)] 2
[(!((1 | ((3 | (((6 | ((((10 | ((12 | (13 | ((15 | 16) | !14))) | !11)) | !9) | !8) | !7)) | !5) | !4)) | !2)) | !0)) & (19 & 20)] 0
[(!((1 | ((3 | (((6 | ((((10 | ((12 | (13 | ((15 | !16) | !14))) | !11)) | !9) | !8) | !7)) | !5) | !4)) | !2)) | !0)) & (19 & 20)] 0
[(!(0 | (1 | ((3 | (((6 | ((8 | ((10 | (((13 | (14 | (15 | 16))) | !12) | !11)) | !9)) | !7)) | !5) | !4)) | !2)))) & (19 & 20)] 0
[(!(0 | (1 | ((3 | (((6 | ((8 | ((10 | (((13 | (14 | (15 | !16))) | !12) | !11)) | !9)) | !7)) | !5) | !4)) | !2)))) & (19 & 20)] 1
[(!(0 | (1 | ((3 | ((5 | (((8 | ((10 | (((13 | (14 | (15 | 16))) | !12) | !11)) | !9)) | !7) | !6)) | !4)) | !2)))) & (t)] 2
[(!(0 | (1 | ((3 | ((5 | (((8 | ((10 | (((13 | (14 | (15 | (17 | !16)))) | !12) | !11)) | !9)) | !7) | !6)) | !4)) | !2)))) & (19 & 20)] 1
[(!(0 | (1 | ((3 | ((5 | (((8 | ((10 | (((13 | (14 | (15 | !(16 & 17)))) | !12) | !11)) | !9)) | !7) | !6)) | !4)) | !2)))) & (19 & 20)] 2
[(!(0 | (1 | (2 | (3 | (4 | (5 | (((8 | (9 | (10 | (((13 | (14 | (15 | (17 | !16)))) | !12) | !11)))) | !7) | !6)))))))) & (19 & 20)] 0
[(!(0 | (1 | (2 | (3 | (4 | (5 | (((8 | (9 | (10 | (((13 | (14 | (15 | !(16 & 17)))) | !12) | !11)))) | !7) | !6)))))))) & (19 & 20)] 0
[(!(0 | ((2 | (3 | (4 | (5 | (((8 | (((((13 | (14 | ((17 | !16) | !15))) | !12) | !11) | !10) | !9)) | !7) | !6))))) | !1))) & (t)] 1
[(!(0 | ((2 | (3 | (4 | (5 | (((8 | (((((13 | (14 | !(15 & (16 & 17)))) | !12) | !11) | !10) | !9)) | !7) | !6))))) | !1))) & (t)] 0
[(!(0 | (((3 | (4 | (5 | (((8 | (((((13 | (14 | (16 | !15))) | !12) | !11) | !10) | !9)) | !7) | !6)))) | !2) | !1))) & (t)] 1
[(!(0 | (((3 | (4 | (5 | (((8 | (((((13 | (14 | ((17 | !16) | !15))) | !12) | !11) | !10) | !9)) | !7) | !6)))) | !2) | !1))) & (t)] 2
[(!(0 | (((3 | (4 | (5 | (((8 | (((((13 | (14 | !(15 & (16 & 17)))) | !12) | !11) | !10) | !9)) | !7) | !6)))) | !2) | !1))) & (t)] 2
[(!(0 | (((3 | (4 | (5 | ((7 | (8 | (((((13 | (14 | (16 | !15))) | !12) | !11) | !10) | !9))) | !6)))) | !2) | !1))) & (t)] 0
[(!(0 | (((3 | (4 | (5 | ((7 | (8 | (((((13 | (14 | ((17 | !16) | !15))) | !12) | !11) | !10) | !9))) | !6)))) | !2) | !1))) & (t)] 1
[(!(0 | (((3 | (4 | (5 | ((7 | (8 | (((((13 | (14 | !(15 & (16 & 17)))) | !12) | !11) | !10) | !9))) | !6)))) | !2) | !1))) & (t)] 0
[(!((1 | ((3 | (((6 | (7 | (((10 | (11 | ((13 | ((15 | 16) | !14)) | !12))) | !9) | !8))) | !5) | !4)) | !2)) | !0)) & (19 & 20)] 0
[(!((1 | ((3 | (((6 | (7 | (((10 | (11 | ((13 | ((15 | !16) | !14)) | !12))) | !9) | !8))) | !5) | !4)) | !2)) | !0)) & (19 & 20)] 2
[(!((1 | ((3 | (((6 | (7 | (((10 | (((13 | ((15 | 16) | !14)) | !12) | !11)) | !9) | !8))) | !5) | !4)) | !2)) | !0)) & (19 & 20)] 1
[(!((1 | ((3 | (((6 | (7 | (((10 | (((13 | ((15 | !16) | !14)) | !12) | !11)) | !9) | !8))) | !5) | !4)) | !2)) | !0)) & (19 & 20)] 0
[(!(0 | (1 | (2 | (3 | (((6 | ((8 | ((10 | ((12 | (13 | (14 | (15 | 16)))) | !11)) | !9)) | !7)) | !5) | !4)))))) & (!(20 | !19))] 1
[(!(0 | (1 | (2 | (3 | (((6 | ((8 | ((10 | ((12 | (13 | (14 | (15 | !16)))) | !11)) | !9)) | !7)) | !5) | !4)))))) & (19 & 20)] 0
[(!(0 | ((2 | ((((6 | ((8 | ((10 | (((13 | (14 | (16 | !15))) | !12) | !11)) | !9)) | !7)) | !5) | !4) | !3)) | !1))) & (!(20 | !19))] 0
[(!(0 | ((2 | ((((6 | ((8 | ((10 | (((13 | (14 | !(15 & 16))) | !12) | !11)) | !9)) | !7)) | !5) | !4) | !3)) | !1))) & (19 & 20)] 1
[(!(0 | ((((((6 | ((8 | ((10 | (((13 | (14 | (16 | !15))) | !12) | !11)) | !9)) | !7)) | !5) | !4) | !3) | !2) | !1))) & (19 & 20)] 0
[(!(0 | ((((((6 | ((8 | ((10 | (((13 | (14 | !(15 & 16))) | !12) | !11)) | !9)) | !7)) | !5) | !4) | !3) | !2) | !1))) & (19 & 20)] 0
[(!(0 | (1 | (2 | (3 | (((6 | ((8 | ((10 | (((13 | (14 | (15 | 16))) | !12) | !11)) | !9)) | !7)) | !5) | !4)))))) & (!(20 | !19))] 0
[(!(0 | (1 | (2 | (3 | (((6 | ((8 | ((10 | (((13 | (14 | (15 | !16))) | !12) | !11)) | !9)) | !7)) | !5) | !4)))))) & (19 & 20)] 1
[(!(0 | ((((4 | ((6 | ((8 | ((10 | (((13 | (14 | (16 | !15))) | !12) | !11)) | !9)) | !7)) | !5)) | !3) | !2) | !1))) & (t)] 0
[(!(0 | ((((4 | ((6 | ((8 | ((10 | (((13 | (14 | !(15 & 16))) | !12) | !11)) | !9)) | !7)) | !5)) | !3) | !2) | !1))) & (t)] 1
[(!((1 | (2 | (3 | ((5 | (((8 | (9 | (10 | (((((15 | 16) | !14) | !13) | !12) | !11)))) | !7) | !6)) | !4)))) | !0)) & (t)] 0
[(!((1 | (2 | (3 | ((5 | (((8 | (9 | (10 | (((((15 | (17 | !16)) | !14) | !13) | !12) | !11)))) | !7) | !6)) | !4)))) | !0)) & (19 & 20)] 2
[(!((1 | (2 | (3 | ((5 | (((8 | (9 | (10 | (((((15 | !(16 & 17)) | !14) | !13) | !12) | !11)))) | !7) | !6)) | !4)))) | !0)) & (19 & 20)] 0
[(!((1 | (2 | (3 | ((5 | (((8 | ((10 | (((((15 | 16) | !14) | !13) | !12) | !11)) | !9)) | !7) | !6)) | !4)))) | !0)) & (t)] 1
[(!((1 | (2 | (3 | ((5 | (((8 | ((10 | (((((15 | (17 | !16)) | !14) | !13) | !12) | !11)) | !9)) | !7) | !6)) | !4)))) | !0)) & (19 & 20)] 1
[(!((1 | (2 | (3 | ((5 | (((8 | ((10 | (((((15 | !(16 & 17)) | !14) | !13) | !12) | !11)) | !9)) | !7) | !6)) | !4)))) | !0)) & (19 & 20)] 0
[(!(0 | (((3 | ((5 | ((7 | (8 | (((11 | ((13 | (14 | (16 | !15))) | !12)) | !10) | !9))) | !6)) | !4)) | !2) | !1))) & (t)] 2
[(!(0 | (((3 | ((5 | ((7 | (8 | (((11 | ((13 | (14 | ((17 | !16) | !15))) | !12)) | !10) | !9))) | !6)) | !4)) | !2) | !1))) & (t)] 1
[(!(0 | (((3 | ((5 | ((7 | (8 | (((11 | ((13 | (14 | !(15 & (16 & 17)))) | !12)) | !10) | !9))) | !6)) | !4)) | !2) | !1))) & (t)] 0
[(!(0 | (((3 | ((5 | (((8 | (((11 | ((13 | (14 | (16 | !15))) | !12)) | !10) | !9)) | !7) | !6)) | !4)) | !2) | !1))) & (t)] 1
[(!(0 | (((3 | ((5 | (((8 | (((11 | ((13 | (14 | ((17 | !16) | !15))) | !12)) | !10) | !9)) | !7) | !6)) | !4)) | !2) | !1))) & (t)] 0
[(!(0 | (((3 | ((5 | (((8 | (((11 | ((13 | (14 | !(15 & (16 & 17)))) | !12)) | !10) | !9)) | !7) | !6)) | !4)) | !2) | !1))) & (t)] 2
[(!(0 | (1 | ((3 | (4 | ((6 | (7 | (8 | ((10 | (((13 | (14 | (15 | 16))) | !12) | !11)) | !9)))) | !5))) | !2)))) & (!(19 | 20))] 0
[(!(0 | (1 | ((3 | (4 | ((6 | (7 | (8 | ((10 | (((13 | (14 | (15 | !16))) | !12) | !11)) | !9)))) | !5))) | !2)))) & (!(19 | 20))] 1
[(!(0 | (1 | ((3 | (4 | (5 | ((7 | (8 | ((10 | (((13 | (14 | (15 | 16))) | !12) | !11)) | !9))) | !6)))) | !2)))) & (t)] 0
[(!(0 | (1 | ((3 | (4 | (5 | ((7 | (8 | ((10 | (((13 | (14 | (15 | (17 | !16)))) | !12) | !11)) | !9))) | !6)))) | !2)))) & (t)] 2
[(!(0 | (1 | ((3 | (4 | (5 | ((7 | (8 | ((10 | (((13 | (14 | (15 | !(16 & 17)))) | !12) | !11)) | !9))) | !6)))) | !2)))) & (t)] 2
[(!(0 | (1 | ((3 | (((6 | (7 | (8 | ((10 | (11 | ((13 | (14 | (15 | 16))) | !12))) | !9)))) | !5) | !4)) | !2)))) & (!(19 | !20))] 0
[(!(0 | (1 | ((3 | (((6 | (7 | (8 | ((10 | (11 | ((13 | (14 | (15 | !16))) | !12))) | !9)))) | !5) | !4)) | !2)))) & (19 & 20)] 1
[(!((1 | ((3 | (((6 | (7 | (((10 | ((12 | (13 | ((15 | 16) | !14))) | !11)) | !9) | !8))) | !5) | !4)) | !2)) | !0)) & (19 & 20)] 0
[(!((1 | ((3 | (((6 | (7 | (((10 | ((12 | (13 | ((15 | !16) | !14))) | !11)) | !9) | !8))) | !5) | !4)) | !2)) | !0)) & (19 & 20)] 0
[(!(0 | (1 | (2 | (3 | ((5 | (((8 | (9 | (10 | (((13 | (14 | (15 | 16))) | !12) | !11)))) | !7) | !6)) | !4)))))) & (t)] 0
[(!(0 | (1 | (2 | (3 | ((5 | (((8 | (9 | (10 | (((13 | (14 | (15 | (17 | !16)))) | !12) | !11)))) | !7) | !6)) | !4)))))) & (t)] 1
[(!(0 | (1 | (2 | (3 | ((5 | (((8 | (9 | (10 | (((13 | (14 | (15 | !(16 & 17)))) | !12) | !11)))) | !7) | !6)) | !4)))))) & (t)] 1
[(!(0 | ((2 | (3 | ((5 | (((8 | (((((13 | (14 | (16 | !15))) | !12) | !11) | !10) | !9)) | !7) | !6)) | !4))) | !1))) & (t)] 0
[(!(0 | ((2 | (3 | ((5 | (((8 | (((((13 | (14 | ((17 | !16) | !15))) | !12) | !11) | !10) | !9)) | !7) | !6)) | !4))) | !1))) & (t)] 0
[(!(0 | ((2 | (3 | ((5 | (((8 | (((((13 | (14 | !(15 & (16 & 17)))) | !12) | !11) | !10) | !9)) | !7) | !6)) | !4))) | !1))) & (t)] 0
[(!(0 | (((3 | ((5 | (((8 | (((((13 | (14 | (16 | !15))) | !12) | !11) | !10) | !9)) | !7) | !6)) | !4)) | !2) | !1))) & (t)] 0
[(!(0 | (((3 | ((5 | (((8 | (((((13 | (14 | ((17 | !16) | !15))) | !12) | !11) | !10) | !9)) | !7) | !6)) | !4)) | !2) | !1))) & (t)] 0
[(!(0 | (((3 | ((5 | (((8 | (((((13 | (14 | !(15 & (16 & 17)))) | !12) | !11) | !10) | !9)) | !7) | !6)) | !4)) | !2) | !1))) & (t)] 2
[(!(0 | (((3 | ((5 | ((7 | (8 | (((((13 | (14 | (16 | !15))) | !12) | !11) | !10) | !9))) | !6)) | !4)) | !2) | !1))) & (t)] 0
[(!(0 | (((3 | ((5 | ((7 | (8 | (((((13 | (14 | ((17 | !16) | !15))) | !12) | !11) | !10) | !9))) | !6)) | !4)) | !2) | !1))) & (t)] 0
[(!(0 | (((3 | ((5 | ((7 | (8 | (((((13 | (14 | !(15 & (16 & 17)))) | !12) | !11) | !10) | !9))) | !6)) | !4)) | !2) | !1))) & (t)] 0
[(!((1 | ((3 | ((5 | (((8 | ((10 | (11 | ((((15 | 16) | !14) | !13) | !12))) | !9)) | !7) | !6)) | !4)) | !2)) | !0)) & (t)] 1
[(!((1 | ((3 | ((5 | (((8 | ((10 | (11 | ((((15 | (17 | !16)) | !14) | !13) | !12))) | !9)) | !7) | !6)) | !4)) | !2)) | !0)) & (19 & 20)] 1
[(!((1 | ((3 | ((5 | (((8 | ((10 | (11 | ((((15 | !(16 & 17)) | !14) | !13) | !12))) | !9)) | !7) | !6)) | !4)) | !2)) | !0)) & (19 & 20)] 0
[(!((1 | ((3 | ((5 | (((8 | ((10 | (((((15 | 16) | !14) | !13) | !12) | !11)) | !9)) | !7) | !6)) | !4)) | !2)) | !0)) & (t)] 1
[(!((1 | ((3 | ((5 | (((8 | ((10 | (((((15 | (17 | !16)) | !14) | !13) | !12) | !11)) | !9)) | !7) | !6)) | !4)) | !2)) | !0)) & (19 & 20)] 1
[(!((1 | ((3 | ((5 | (((8 | ((10 | (((((15 | !(16 & 17)) | !14) | !13) | !12) | !11)) | !9)) | !7) | !6)) | !4)) | !2)) | !0)) & (19 & 20)] 2
[(!(0 | (1 | ((3 | ((5 | ((7 | (8 | ((10 | (11 | ((13 | (14 | (15 | 16))) | !12))) | !9))) | !6)) | !4)) | !2)))) & (t)] 1
[(!(0 | (1 | ((3 | ((5 | ((7 | (8 | ((10 | (11 | ((13 | (14 | (15 | (17 | !16)))) | !12))) | !9))) | !6)) | !4)) | !2)))) & (19 & 20)] 0
[(!(0 | (1 | ((3 | ((5 | ((7 | (8 | ((10 | (11 | ((13 | (14 | (15 | !(16 & 17)))) | !12))) | !9))) | !6)) | !4)) | !2)))) & (19 & 20)] 1
[(!((1 | ((3 | ((5 | (((8 | (9 | (10 | (((((15 | 16) | !14) | !13) | !12) | !11)))) | !7) | !6)) | !4)) | !2)) | !0)) & (t)] 1
[(!((1 | ((3 | ((5 | (((8 | (9 | (10 | (((((15 | (17 | !16)) | !14) | !13) | !12) | !11)))) | !7) | !6)) | !4)) | !2)) | !0)) & (19 & 20)] 0
[(!((1 | ((3 | ((5 | (((8 | (9 | (10 | (((((15 | !(16 & 17)) | !14) | !13) | !12) | !11)))) | !7) | !6)) | !4)) | !2)) | !0)) & (19 & 20)] 2
[(!(0 | (1 | ((3 | (((6 | (7 | (8 | ((10 | ((12 | (13 | (14 | (15 | 16)))) | !11)) | !9)))) | !5) | !4)) | !2)))) & (19 & 20)] 0
[(!(0 | (1 | ((3 | (((6 | (7 | (8 | ((10 | ((12 | (13 | (14 | (15 | !16)))) | !11)) | !9)))) | !5) | !4)) | !2)))) & (19 & 20)] 0
[(!(0 | (1 | ((3 | ((5 | ((7 | (8 | ((10 | ((12 | (13 | (14 | (15 | 16)))) | !11)) | !9))) | !6)) | !4)) | !2)))) & (t)] 2
[(!(0 | (1 | ((3 | ((5 | ((7 | (8 | ((10 | ((12 | (13 | (14 | (15 | (17 | !16))))) | !11)) | !9))) | !6)) | !4)) | !2)))) & (t)] 0
[(!(0 | (1 | ((3 | ((5 | ((7 | (8 | ((10 | ((12 | (13 | (14 | (15 | !(16 & 17))))) | !11)) | !9))) | !6)) | !4)) | !2)))) & (t)] 1
[(!(0 | (1 | ((3 | (((6 | (7 | (8 | ((10 | (((13 | (14 | (15 | 16))) | !12) | !11)) | !9)))) | !5) | !4)) | !2)))) & (19 & 20)] 2
[(!(0 | (1 | ((3 | (((6 | (7 | (8 | ((10 | (((13 | (14 | (15 | !16))) | !12) | !11)) | !9)))) | !5) | !4)) | !2)))) & (19 & 20)] 1
[(!(0 | (1 | ((3 | ((5 | ((7 | (8 | ((10 | (((13 | (14 | (15 | 16))) | !12) | !11)) | !9))) | !6)) | !4)) | !2)))) & (t)] 1
[(!(0 | (1 | ((3 | ((5 | ((7 | (8 | ((10 | (((13 | (14 | (15 | (17 | !16)))) | !12) | !11)) | !9))) | !6)) | !4)) | !2)))) & (t)] 0
[(!(0 | (1 | ((3 | ((5 | ((7 | (8 | ((10 | (((13 | (14 | (15 | !(16 & 17)))) | !12) | !11)) | !9))) | !6)) | !4)) | !2)))) & (t)] 2
[(!(0 | (1 | ((3 | (((6 | ((8 | (9 | (10 | (((13 | (14 | (15 | 16))) | !12) | !11)))) | !7)) | !5) | !4)) | !2)))) & (19 & 20)] 0
[(!(0 | (1 | ((3 | (((6 | ((8 | (9 | (10 | (((13 | (14 | (15 | !16))) | !12) | !11)))) | !7)) | !5) | !4)) | !2)))) & (19 & 20)] 0
[(!(0 | (1 | ((3 | ((5 | (((8 | (9 | (10 | (((13 | (14 | (15 | 16))) | !12) | !11)))) | !7) | !6)) | !4)) | !2)))) & (t)] 1
[(!(0 | (1 | ((3 | ((5 | (((8 | (9 | (10 | (((13 | (14 | (15 | (17 | !16)))) | !12) | !11)))) | !7) | !6)) | !4)) | !2)))) & (t)] 1
[(!(0 | (1 | ((3 | ((5 | (((8 | (9 | (10 | (((13 | (14 | (15 | !(16 & 17)))) | !12) | !11)))) | !7) | !6)) | !4)) | !2)))) & (t)] 0
[(!((1 | (2 | (3 | ((5 | (((8 | ((10 | ((12 | (((15 | 16) | !14) | !13)) | !11)) | !9)) | !7) | !6)) | !4)))) | !0)) & (t)] 1
[(!((1 | (2 | (3 | ((5 | (((8 | ((10 | ((12 | (((15 | (17 | !16)) | !14) | !13)) | !11)) | !9)) | !7) | !6)) | !4)))) | !0)) & (19 & 20)] 1
[(!((1 | (2 | (3 | ((5 | (((8 | ((10 | ((12 | (((15 | !(16 & 17)) | !14) | !13)) | !11)) | !9)) | !7) | !6)) | !4)))) | !0)) & (19 & 20)] 1
[(!((1 | (2 | (3 | ((5 | (((8 | (9 | (10 | ((12 | (((15 | 16) | !14) | !13)) | !11)))) | !7) | !6)) | !4)))) | !0)) & (t)] 2
[(!((1 | (2 | (3 | ((5 | (((8 | (9 | (10 | ((12 | (((15 | (17 | !16)) | !14) | !13)) | !11)))) | !7) | !6)) | !4)))) | !0)) & (19 & 20)] 1
[(!((1 | (2 | (3 | ((5 | (((8 | (9 | (10 | ((12 | (((15 | !(16 & 17)) | !14) | !13)) | !11)))) | !7) | !6)) | !4)))) | !0)) & (19 & 20)] 0
[(!(0 | ((2 | (3 | ((5 | (((8 | ((((12 | (13 | (14 | (16 | !15)))) | !11) | !10) | !9)) | !7) | !6)) | !4))) | !1))) & (t)] 0
[(!(0 | ((2 | (3 | ((5 | (((8 | ((((12 | (13 | (14 | ((17 | !16) | !15)))) | !11) | !10) | !9)) | !7) | !6)) | !4))) | !1))) & (19 & 20)] 0
[(!(0 | ((2 | (3 | ((5 | (((8 | ((((12 | (13 | (14 | !(15 & (16 & 17))))) | !11) | !10) | !9)) | !7) | !6)) | !4))) | !1))) & (19 & 20)] 0
[(!(0 | (((3 | ((5 | ((7 | (8 | ((((12 | (13 | (14 | (16 | !15)))) | !11) | !10) | !9))) | !6)) | !4)) | !2) | !1))) & (t)] 0
[(!(0 | (((3 | ((5 | ((7 | (8 | ((((12 | (13 | (14 | ((17 | !16) | !15)))) | !11) | !10) | !9))) | !6)) | !4)) | !2) | !1))) & (19 & 20)] 1
[(!(0 | (((3 | ((5 | ((7 | (8 | ((((12 | (13 | (14 | !(15 & (16 & 17))))) | !11) | !10) | !9))) | !6)) | !4)) | !2) | !1))) & (19 & 20)] 0
[(!(0 | (((3 | ((5 | (((8 | ((((12 | (13 | (14 | (16 | !15)))) | !11) | !10) | !9)) | !7) | !6)) | !4)) | !2) | !1))) & (t)] 0
[(!(0 | (((3 | ((5 | (((8 | ((((12 | (13 | (14 | ((17 | !16) | !15)))) | !11) | !10) | !9)) | !7) | !6)) | !4)) | !2) | !1))) & (19 & 20)] 1
[(!(0 | (((3 | ((5 | (((8 | ((((12 | (13 | (14 | !(15 & (16 & 17))))) | !11) | !10) | !9)) | !7) | !6)) | !4)) | !2) | !1))) & (19 & 20)] 0
[(!(0 | (1 | (2 | (3 | ((5 | (((8 | (9 | (10 | ((12 | (13 | (14 | (15 | 16)))) | !11)))) | !7) | !6)) | !4)))))) & (t)] 0
[(!(0 | (1 | (2 | (3 | ((5 | (((8 | (9 | (10 | ((12 | (13 | (14 | (15 | (17 | !16))))) | !11)))) | !7) | !6)) | !4)))))) & (19 & 20)] 1
[(!(0 | (1 | (2 | (3 | ((5 | (((8 | (9 | (10 | ((12 | (13 | (14 | (15 | !(16 & 17))))) | !11)))) | !7) | !6)) | !4)))))) & (19 & 20)] 0
[(!(0 | (1 | ((3 | (((6 | ((8 | ((10 | ((12 | (13 | (14 | (15 | 16)))) | !11)) | !9)) | !7)) | !5) | !4)) | !2)))) & (19 & 20)] 0
[(!(0 | (1 | ((3 | (((6 | ((8 | ((10 | ((12 | (13 | (14 | (15 | !16)))) | !11)) | !9)) | !7)) | !5) | !4)) | !2)))) & (19 & 20)] 0
[(0 & (1 | (2 & (3 | (4 & (5 & (6 | (((10 | (11 & (13 | (15 | !14)) | !11 & ((13 | (15 | !14)) | !12))) | !9) | !8)) | !5 & (((8 | (9 & (10 | (11 & ((15 | !14) | !13) | !11 & (12 & ((15 | !14) | !13) | !12 & (((15 | !16) | !14) | !13)))) | !9 & (10 | (((15 | !14) | !13) | !11)))) | !7) | !6)) | !4 & (5 | (((8 | (9 & (10 | (((15 | !14) | !13) | !12)) | !9 & (10 | ((((15 | !14) | !13) | !12) | !11)))) | !7) | !6)))) | !2 & (3 | (4 & (5 | (((8 | (10 | (((15 | !14) | !13) | !11))) | !7) | !6)) | !4 & (5 | (((8 | (10 | (((((15 | !16) | !14) | !13) | !12) | !11))) | !7) | !6)))))) | !0 & (1 & (2 & (3 & ((6 | ((8 | (10 | (((13 | (14 | !15)) | !12) | !11))) | !7)) | !5) | !3 & (4 & (5 | ((8 | (((11 & (13 | (14 | !15)) | !11 & (12 & (13 | (14 | !15)) | !12 & (13 | (14 | !(15 & 16))))) | !10) | !9)) | !6)) | !4 & (5 | ((8 | ((((13 | (14 | !15)) | !12) | !10) | !9)) | !6)))) | !2 & (3 & (((6 | ((8 | (10 | (((13 | (14 | !15)) | !12) | !11))) | !7)) | !5) | !4) | !3 & (4 & (5 | (((8 | ((((13 | (14 | !15)) | !11) | !10) | !9)) | !7) | !6)) | !4 & (5 | (((8 | (((((13 | (14 | !(15 & 16))) | !12) | !11) | !10) | !9)) | !7) | !6))))) | !1 & (2 & (3 | (4 & (5 & (6 | (7 & (8 | (9 & (10 | (11 & (13 | (14 | 15)) | !11 & ((13 | (14 | 15)) | !12))) | !9 & (10 | ((13 | (14 | 15)) | !11)))) | !7 & (8 | ((10 | (11 & (13 | (14 | 15)) | !11 & ((13 | (14 | 15)) | !12))) | !9)))) | !5 & ((7 & (8 | (9 & (10 | (((13 | (14 | 15)) | !12) | !11)) | !9 & (10 | ((13 | (14 | 15)) | !11)))) | !7 & (8 | ((10 | (11 & (13 | (14 | 15)) | !11 & (12 & (13 | (14 | 15)) | !12 & (13 | (14 | (15 | !16)))))) | !9))) | !6)) | !4 & (5 & (6 | (7 & (8 | (9 & (10 | ((13 | (14 | 15)) | !12)) | !9 & (10 | (((13 | (14 | 15)) | !12) | !11)))) | !7 & (8 | ((10 | ((13 | (14 | 15)) | !12)) | !9)))) | !5 & ((7 & (8 | (9 | (10 | (((13 | (14 | 15)) | !12) | !11)))) | !7 & (8 | ((10 | ((13 | (14 | 15)) | !12)) | !9))) | !6)))) | !2 & (3 | (4 & (5 & (6 | ((8 | (10 | ((13 | (14 | 15)) | !11))) | !7)) | !5 & (((8 | (9 | (10 | ((13 | (14 | 15)) | !11)))) | !7) | !6)) | !4 & (5 | (((8 | (9 | (10 | (((13 | (14 | (15 | !16))) | !12) | !11)))) | !7) | !6))))))) & (t)] 0
[(!(0 | (((3 | ((5 | ((7 | (8 | (((11 | (12 | (13 | (14 | ((17 | !16) | !15))))) | !10) | !9))) | !6)) | !4)) | !2) | !1))) & (19 & 20)] 0
[(!(0 | (((3 | ((5 | ((7 | (8 | (((11 | (12 | (13 | (14 | !(15 & (16 & 17)))))) | !10) | !9))) | !6)) | !4)) | !2) | !1))) & (19 & 20)] 0
[(!(0 | (((3 | ((5 | (((8 | (((11 | (12 | (13 | (14 | ((17 | !16) | !15))))) | !10) | !9)) | !7) | !6)) | !4)) | !2) | !1))) & (19 & 20)] 0
[(!(0 | (((3 | ((5 | (((8 | (((11 | (12 | (13 | (14 | !(15 & (16 & 17)))))) | !10) | !9)) | !7) | !6)) | !4)) | !2) | !1))) & (19 & 20)] 0
[(!((1 | ((3 | ((5 | (((8 | ((10 | (11 | (12 | (((15 | (17 | !16)) | !14) | !13)))) | !9)) | !7) | !6)) | !4)) | !2)) | !0)) & (t)] 1
[(!((1 | ((3 | ((5 | (((8 | ((10 | (11 | (12 | (((15 | !(16 & 17)) | !14) | !13)))) | !9)) | !7) | !6)) | !4)) | !2)) | !0)) & (t)] 2
[(!((1 | ((3 | ((5 | (((8 | ((10 | ((12 | (((15 | 16) | !14) | !13)) | !11)) | !9)) | !7) | !6)) | !4)) | !2)) | !0)) & (t)] 2
[(!((1 | ((3 | ((5 | (((8 | ((10 | ((12 | (((15 | (17 | !16)) | !14) | !13)) | !11)) | !9)) | !7) | !6)) | !4)) | !2)) | !0)) & (t)] 2
[(!((1 | ((3 | ((5 | (((8 | ((10 | ((12 | (((15 | !(16 & 17)) | !14) | !13)) | !11)) | !9)) | !7) | !6)) | !4)) | !2)) | !0)) & (t)] 2
[(!(0 | (1 | ((3 | ((5 | ((7 | (8 | ((10 | (11 | (12 | (13 | (14 | (15 | (17 | !16))))))) | !9))) | !6)) | !4)) | !2)))) & (t)] 2
[(!(0 | (1 | ((3 | ((5 | ((7 | (8 | ((10 | (11 | (12 | (13 | (14 | (15 | !(16 & 17))))))) | !9))) | !6)) | !4)) | !2)))) & (t)] 1
[(!((1 | ((3 | ((5 | (((8 | (9 | (10 | ((12 | (((15 | 16) | !14) | !13)) | !11)))) | !7) | !6)) | !4)) | !2)) | !0)) & (t)] 0
[(!((1 | ((3 | ((5 | (((8 | (9 | (10 | ((12 | (((15 | (17 | !16)) | !14) | !13)) | !11)))) | !7) | !6)) | !4)) | !2)) | !0)) & (t)] 0
[(!((1 | ((3 | ((5 | (((8 | (9 | (10 | ((12 | (((15 | !(16 & 17)) | !14) | !13)) | !11)))) | !7) | !6)) | !4)) | !2)) | !0)) & (t)] 2
[(!(0 | (1 | ((3 | (((6 | ((8 | (9 | (10 | ((12 | (13 | (14 | (15 | 16)))) | !11)))) | !7)) | !5) | !4)) | !2)))) & (19 & 20)] 1
[(!(0 | (1 | ((3 | (((6 | ((8 | (9 | (10 | ((12 | (13 | (14 | (15 | !16)))) | !11)))) | !7)) | !5) | !4)) | !2)))) & (19 & 20)] 1
[(!(0 | (1 | ((3 | ((5 | (((8 | (9 | (10 | ((12 | (13 | (14 | (15 | 16)))) | !11)))) | !7) | !6)) | !4)) | !2)))) & (t)] 0
[(!(0 | (1 | ((3 | ((5 | (((8 | (9 | (10 | ((12 | (13 | (14 | (15 | (17 | !16))))) | !11)))) | !7) | !6)) | !4)) | !2)))) & (19 & 20)] 1
[(!(0 | (1 | ((3 | ((5 | (((8 | (9 | (10 | ((12 | (13 | (14 | (15 | !(16 & 17))))) | !11)))) | !7) | !6)) | !4)) | !2)))) & (19 & 20)] 1
State: 2 "[2]"
[(!(0 | (1 | ((3 | (4 | (5 | (((8 | (9 | (10 | (((13 | (14 | (15 | 16))) | !12) | !11)))) | !7) | !6)))) | !2)))) & (t)] 2
[(!(0 | (1 | ((3 | (4 | (5 | (((8 | (9 | (10 | (((13 | (14 | (15 | (17 | !16)))) | !12) | !11)))) | !7) | !6)))) | !2)))) & (t)] 1
[(!(0 | (1 | ((3 | (4 | (5 | (((8 | (9 | (10 | (((13 | (14 | (15 | !(16 & 17)))) | !12) | !11)))) | !7) | !6)))) | !2)))) & (t)] 0
[(!(0 | (1 | ((3 | (4 | ((6 | ((8 | (9 | (10 | (((13 | (14 | (15 | 16))) | !12) | !11)))) | !7)) | !5))) | !2)))) & (!(19 | 20))] 1
[(!(0 | (1 | ((3 | (4 | ((6 | ((8 | (9 | (10 | (((13 | (14 | (15 | !16))) | !12) | !11)))) | !7)) | !5))) | !2)))) & (19 & 20)] 0
[(!(0 | (((3 | (4 | (5 | (((8 | (((11 | ((13 | (14 | (16 | !15))) | !12)) | !10) | !9)) | !7) | !6)))) | !2) | !1))) & (t)] 1
[(!(0 | (((3 | (4 | (5 | (((8 | (((11 | ((13 | (14 | ((17 | !16) | !15))) | !12)) | !10) | !9)) | !7) | !6)))) | !2) | !1))) & (t)] 2
[(!(0 | (((3 | (4 | (5 | (((8 | (((11 | ((13 | (14 | !(15 & (16 & 17)))) | !12)) | !10) | !9)) | !7) | !6)))) | !2) | !1))) & (t)] 2
[(!(0 | (1 | ((3 | (4 | ((6 | ((8 | ((10 | (11 | ((13 | (14 | (15 | 16))) | !12))) | !9)) | !7)) | !5))) | !2)))) & (t)] 1
[(!(0 | (1 | ((3 | (4 | ((6 | ((8 | ((10 | (11 | ((13 | (14 | (15 | !16))) | !12))) | !9)) | !7)) | !5))) | !2)))) & (t)] 0
[(!((1 | ((3 | (4 | (5 | (((8 | (9 | (10 | (((((15 | 16) | !14) | !13) | !12) | !11)))) | !7) | !6)))) | !2)) | !0)) & (t)] 2
[(!((1 | ((3 | (4 | (5 | (((8 | (9 | (10 | (((((15 | (17 | !16)) | !14) | !13) | !12) | !11)))) | !7) | !6)))) | !2)) | !0)) & (t)] 2
[(!((1 | ((3 | (4 | (5 | (((8 | (9 | (10 | (((((15 | !(16 & 17)) | !14) | !13) | !12) | !11)))) | !7) | !6)))) | !2)) | !0)) & (t)] 1
[(!((1 | ((3 | (4 | (5 | (((8 | ((10 | (11 | ((((15 | 16) | !14) | !13) | !12))) | !9)) | !7) | !6)))) | !2)) | !0)) & (t)] 0
[(!((1 | ((3 | (4 | (5 | (((8 | ((10 | (11 | ((((15 | (17 | !16)) | !14) | !13) | !12))) | !9)) | !7) | !6)))) | !2)) | !0)) & (t)] 1
[(!((1 | ((3 | (4 | (5 | (((8 | ((10 | (11 | ((((15 | !(16 & 17)) | !14) | !13) | !12))) | !9)) | !7) | !6)))) | !2)) | !0)) & (t)] 2
[(!((1 | ((3 | (4 | (5 | (((8 | ((10 | (((((15 | 16) | !14) | !13) | !12) | !11)) | !9)) | !7) | !6)))) | !2)) | !0)) & (t)] 2
[(!((1 | ((3 | (4 | (5 | (((8 | ((10 | (((((15 | (17 | !16)) | !14) | !13) | !12) | !11)) | !9)) | !7) | !6)))) | !2)) | !0)) & (t)] 2
[(!((1 | ((3 | (4 | (5 | (((8 | ((10 | (((((15 | !(16 & 17)) | !14) | !13) | !12) | !11)) | !9)) | !7) | !6)))) | !2)) | !0)) & (t)] 0
[(!(0 | (((3 | (4 | (5 | ((7 | (8 | (((11 | ((13 | (14 | (16 | !15))) | !12)) | !10) | !9))) | !6)))) | !2) | !1))) & (t)] 1
[(!(0 | (((3 | (4 | (5 | ((7 | (8 | (((11 | ((13 | (14 | ((17 | !16) | !15))) | !12)) | !10) | !9))) | !6)))) | !2) | !1))) & (t)] 0
[(!(0 | (((3 | (4 | (5 | ((7 | (8 | (((11 | ((13 | (14 | !(15 & (16 & 17)))) | !12)) | !10) | !9))) | !6)))) | !2) | !1))) & (t)] 0
[(!(0 | (1 | (2 | (3 | (((6 | ((8 | (9 | (10 | (((13 | (14 | (15 | 16))) | !12) | !11)))) | !7)) | !5) | !4)))))) & (!(20 | !19))] 2
[(!(0 | (1 | (2 | (3 | (((6 | ((8 | (9 | (10 | (((13 | (14 | (15 | !16))) | !12) | !11)))) | !7)) | !5) | !4)))))) & (19 & 20)] 2
[(!(0 | ((2 | ((((6 | ((8 | (9 | (10 | (((13 | (14 | (16 | !15))) | !12) | !11)))) | !7)) | !5) | !4) | !3)) | !1))) & (!(20 | !19))] 0
[(!(0 | ((2 | ((((6 | ((8 | (9 | (10 | (((13 | (14 | !(15 & 16))) | !12) | !11)))) | !7)) | !5) | !4) | !3)) | !1))) & (19 & 20)] 2
[(!(0 | ((((4 | ((6 | ((8 | (9 | (10 | (((13 | (14 | (16 | !15))) | !12) | !11)))) | !7)) | !5)) | !3) | !2) | !1))) & (!(19 | 20))] 2
[(!(0 | ((((4 | ((6 | ((8 | (9 | (10 | (((13 | (14 | !(15 & 16))) | !12) | !11)))) | !7)) | !5)) | !3) | !2) | !1))) & (19 & 20)] 1
[(!(0 | ((((((6 | ((8 | (9 | (10 | (((13 | (14 | (16 | !15))) | !12) | !11)))) | !7)) | !5) | !4) | !3) | !2) | !1))) & (19 & 20)] 1
[(!(0 | ((((((6 | ((8 | (9 | (10 | (((13 | (14 | !(15 & 16))) | !12) | !11)))) | !7)) | !5) | !4) | !3) | !2) | !1))) & (19 & 20)] 0
[(!((1 | ((3 | (((6 | ((((10 | (11 | ((13 | ((15 | 16) | !14)) | !12))) | !9) | !8) | !7)) | !5) | !4)) | !2)) | !0)) & (19 & 20)] 1
[(!((1 | ((3 | (((6 | ((((10 | (11 | ((13 | ((15 | !16) | !14)) | !12))) | !9) | !8) | !7)) | !5) | !4)) | !2)) | !0)) & (19 & 20)] 1
[(!((1 | ((3 | (((6 | ((((10 | (((13 | ((15 | 16) | !14)) | !12) | !11)) | !9) | !8) | !7)) | !5) | !4)) | !2)) | !0)) & (19 & 20)] 2
[(!((1 | ((3 | (((6 | ((((10 | (((13 | ((15 | !16) | !14)) | !12) | !11)) | !9) | !8) | !7)) | !5) | !4)) | !2)) | !0)) & (19 & 20)] 0
[(!(0 | (1 | ((3 | (4 | ((6 | ((8 | ((10 | (((13 | (14 | (15 | 16))) | !12) | !11)) | !9)) | !7)) | !5))) | !2)))) & (!(19 | 20))] 2
[(!(0 | (1 | ((3 | (4 | ((6 | ((8 | ((10 | (((13 | (14 | (15 | !16))) | !12) | !11)) | !9)) | !7)) | !5))) | !2)))) & (!(19 | 20))] 2
[(!((1 | (2 | (3 | (4 | (5 | (((8 | (9 | (10 | (((((15 | (17 | !16)) | !14) | !13) | !12) | !11)))) | !7) | !6)))))) | !0)) & (t)] 0
[(!((1 | (2 | (3 | (4 | (5 | (((8 | (9 | (10 | (((((15 | !(16 & 17)) | !14) | !13) | !12) | !11)))) | !7) | !6)))))) | !0)) & (t)] 1
[(!((1 | (2 | (3 | (4 | (5 | (((8 | ((10 | (((((15 | (17 | !16)) | !14) | !13) | !12) | !11)) | !9)) | !7) | !6)))))) | !0)) & (t)] 0
[(!((1 | (2 | (3 | (4 | (5 | (((8 | ((10 | (((((15 | !(16 & 17)) | !14) | !13) | !12) | !11)) | !9)) | !7) | !6)))))) | !0)) & (t)] 1
[(!(0 | (1 | ((3 | (4 | ((6 | (7 | (8 | ((10 | (11 | ((13 | (14 | (15 | 16))) | !12))) | !9)))) | !5))) | !2)))) & (t)] 1
[(!(0 | (1 | ((3 | (4 | ((6 | (7 | (8 | ((10 | (11 | ((13 | (14 | (15 | !16))) | !12))) | !9)))) | !5))) | !2)))) & (t)] 1
[(!(0 | (1 | ((3 | (4 | (5 | ((7 | (8 | ((10 | (11 | ((13 | (14 | (15 | 16))) | !12))) | !9))) | !6)))) | !2)))) & (t)] 1
[(!(0 | (1 | ((3 | (4 | (5 | ((7 | (8 | ((10 | (11 | ((13 | (14 | (15 | (17 | !16)))) | !12))) | !9))) | !6)))) | !2)))) & (19 & 20)] 1
[(!(0 | (1 | ((3 | (4 | (5 | ((7 | (8 | ((10 | (11 | ((13 | (14 | (15 | !(16 & 17)))) | !12))) | !9))) | !6)))) | !2)))) & (19 & 20)] 0
[(!(0 | (1 | (2 | (3 | (((6 | ((8 | (9 | (10 | ((12 | (13 | (14 | (15 | 16)))) | !11)))) | !7)) | !5) | !4)))))) & (!(20 | !19))] 1
[(!(0 | (1 | (2 | (3 | (((6 | ((8 | (9 | (10 | ((12 | (13 | (14 | (15 | !16)))) | !11)))) | !7)) | !5) | !4)))))) & (19 & 20)] 0
[(!(0 | (1 | ((3 | (((6 | ((8 | ((10 | (11 | ((13 | (14 | (15 | 16))) | !12))) | !9)) | !7)) | !5) | !4)) | !2)))) & (!(19 | !20))] 2
[(!(0 | (1 | ((3 | (((6 | ((8 | ((10 | (11 | ((13 | (14 | (15 | !16))) | !12))) | !9)) | !7)) | !5) | !4)) | !2)))) & (19 & 20)] 2
[(!((1 | ((3 | (((6 | ((((10 | ((12 | (13 | ((15 | 16) | !14))) | !11)) | !9) | !8) | !7)) | !5) | !4)) | !2)) | !0)) & (19 & 20)] 2
[(!((1 | ((3 | (((6 | ((((10 | ((12 | (13 | ((15 | !16) | !14))) | !11)) | !9) | !8) | !7)) | !5) | !4)) | !2)) | !0)) & (19 & 20)] 2
[(!(0 | (1 | ((3 | (((6 | ((8 | ((10 | (((13 | (14 | (15 | 16))) | !12) | !11)) | !9)) | !7)) | !5) | !4)) | !2)))) & (19 & 20)] 0
[(!(0 | (1 | ((3 | (((6 | ((8 | ((10 | (((13 | (14 | (15 | !16))) | !12) | !11)) | !9)) | !7)) | !5) | !4)) | !2)))) & (19 & 20)] 1
[(!(0 | (1 | ((3 | ((5 | (((8 | ((10 | (((13 | (14 | (15 | 16))) | !12) | !11)) | !9)) | !7) | !6)) | !4)) | !2)))) & (t)] 1
[(!(0 | (1 | ((3 | ((5 | (((8 | ((10 | (((13 | (14 | (15 | (17 | !16)))) | !12) | !11)) | !9)) | !7) | !6)) | !4)) | !2)))) & (t)] 2
[(!(0 | (1 | ((3 | ((5 | (((8 | ((10 | (((13 | (14 | (15 | !(16 & 17)))) | !12) | !11)) | !9)) | !7) | !6)) | !4)) | !2)))) & (t)] 2
[(!(0 | (1 | (2 | (3 | (4 | (5 | (((8 | (9 | (10 | (((13 | (14 | (15 | (17 | !16)))) | !12) | !11)))) | !7) | !6)))))))) & (t)] 1
[(!(0 | (1 | (2 | (3 | (4 | (5 | (((8 | (9 | (10 | (((13 | (14 | (15 | !(16 & 17)))) | !12) | !11)))) | !7) | !6)))))))) & (t)] 2
[(!(0 | ((2 | (3 | (4 | (5 | (((8 | (((((13 | (14 | ((17 | !16) | !15))) | !12) | !11) | !10) | !9)) | !7) | !6))))) | !1))) & (t)] 0
[(!(0 | ((2 | (3 | (4 | (5 | (((8 | (((((13 | (14 | !(15 & (16 & 17)))) | !12) | !11) | !10) | !9)) | !7) | !6))))) | !1))) & (t)] 0
[(!(0 | (((3 | (4 | (5 | (((8 | (((((13 | (14 | (16 | !15))) | !12) | !11) | !10) | !9)) | !7) | !6)))) | !2) | !1))) & (t)] 2
[(!(0 | (((3 | (4 | (5 | (((8 | (((((13 | (14 | ((17 | !16) | !15))) | !12) | !11) | !10) | !9)) | !7) | !6)))) | !2) | !1))) & (t)] 0
[(!(0 | (((3 | (4 | (5 | (((8 | (((((13 | (14 | !(15 & (16 & 17)))) | !12) | !11) | !10) | !9)) | !7) | !6)))) | !2) | !1))) & (t)] 0
[(!(0 | (((3 | (4 | (5 | ((7 | (8 | (((((13 | (14 | (16 | !15))) | !12) | !11) | !10) | !9))) | !6)))) | !2) | !1))) & (t)] 1
[(!(0 | (((3 | (4 | (5 | ((7 | (8 | (((((13 | (14 | ((17 | !16) | !15))) | !12) | !11) | !10) | !9))) | !6)))) | !2) | !1))) & (t)] 1
[(!(0 | (((3 | (4 | (5 | ((7 | (8 | (((((13 | (14 | !(15 & (16 & 17)))) | !12) | !11) | !10) | !9))) | !6)))) | !2) | !1))) & (t)] 1
[(!((1 | ((3 | (((6 | (7 | (((10 | (11 | ((13 | ((15 | 16) | !14)) | !12))) | !9) | !8))) | !5) | !4)) | !2)) | !0)) & (t)] 0
[(!((1 | ((3 | (((6 | (7 | (((10 | (11 | ((13 | ((15 | !16) | !14)) | !12))) | !9) | !8))) | !5) | !4)) | !2)) | !0)) & (t)] 0
[(!((1 | ((3 | (((6 | (7 | (((10 | (((13 | ((15 | 16) | !14)) | !12) | !11)) | !9) | !8))) | !5) | !4)) | !2)) | !0)) & (t)] 0
[(!((1 | ((3 | (((6 | (7 | (((10 | (((13 | ((15 | !16) | !14)) | !12) | !11)) | !9) | !8))) | !5) | !4)) | !2)) | !0)) & (t)] 1
[(!(0 | (1 | (2 | (3 | (((6 | ((8 | ((10 | ((12 | (13 | (14 | (15 | 16)))) | !11)) | !9)) | !7)) | !5) | !4)))))) & (!(20 | !19))] 2
[(!(0 | (1 | (2 | (3 | (((6 | ((8 | ((10 | ((12 | (13 | (14 | (15 | !16)))) | !11)) | !9)) | !7)) | !5) | !4)))))) & (19 & 20)] 1
[(!(0 | ((2 | ((((6 | ((8 | ((10 | (((13 | (14 | (16 | !15))) | !12) | !11)) | !9)) | !7)) | !5) | !4) | !3)) | !1))) & (!(20 | !19))] 0
[(!(0 | ((2 | ((((6 | ((8 | ((10 | (((13 | (14 | !(15 & 16))) | !12) | !11)) | !9)) | !7)) | !5) | !4) | !3)) | !1))) & (19 & 20)] 1
[(!(0 | ((((((6 | ((8 | ((10 | (((13 | (14 | (16 | !15))) | !12) | !11)) | !9)) | !7)) | !5) | !4) | !3) | !2) | !1))) & (19 & 20)] 0
[(!(0 | ((((((6 | ((8 | ((10 | (((13 | (14 | !(15 & 16))) | !12) | !11)) | !9)) | !7)) | !5) | !4) | !3) | !2) | !1))) & (19 & 20)] 1
[(!(0 | (1 | (2 | (3 | (((6 | ((8 | ((10 | (((13 | (14 | (15 | 16))) | !12) | !11)) | !9)) | !7)) | !5) | !4)))))) & (!(20 | !19))] 0
[(!(0 | (1 | (2 | (3 | (((6 | ((8 | ((10 | (((13 | (14 | (15 | !16))) | !12) | !11)) | !9)) | !7)) | !5) | !4)))))) & (19 & 20)] 1
[(!(0 | ((((4 | ((6 | ((8 | ((10 | (((13 | (14 | (16 | !15))) | !12) | !11)) | !9)) | !7)) | !5)) | !3) | !2) | !1))) & (t)] 2
[(!(0 | ((((4 | ((6 | ((8 | ((10 | (((13 | (14 | !(15 & 16))) | !12) | !11)) | !9)) | !7)) | !5)) | !3) | !2) | !1))) & (t)] 0
[(!((1 | (2 | (3 | ((5 | (((8 | (9 | (10 | (((((15 | 16) | !14) | !13) | !12) | !11)))) | !7) | !6)) | !4)))) | !0)) & (t)] 2
[(!((1 | (2 | (3 | ((5 | (((8 | (9 | (10 | (((((15 | (17 | !16)) | !14) | !13) | !12) | !11)))) | !7) | !6)) | !4)))) | !0)) & (t)] 2
[(!((1 | (2 | (3 | ((5 | (((8 | (9 | (10 | (((((15 | !(16 & 17)) | !14) | !13) | !12) | !11)))) | !7) | !6)) | !4)))) | !0)) & (t)] 1
[(!((1 | (2 | (3 | ((5 | (((8 | ((10 | (((((15 | 16) | !14) | !13) | !12) | !11)) | !9)) | !7) | !6)) | !4)))) | !0)) & (t)] 2
[(!((1 | (2 | (3 | ((5 | (((8 | ((10 | (((((15 | (17 | !16)) | !14) | !13) | !12) | !11)) | !9)) | !7) | !6)) | !4)))) | !0)) & (t)] 0
[(!((1 | (2 | (3 | ((5 | (((8 | ((10 | (((((15 | !(16 & 17)) | !14) | !13) | !12) | !11)) | !9)) | !7) | !6)) | !4)))) | !0)) & (t)] 0
[(!(0 | (((3 | ((5 | ((7 | (8 | (((11 | ((13 | (14 | (16 | !15))) | !12)) | !10) | !9))) | !6)) | !4)) | !2) | !1))) & (t)] 0
[(!(0 | (((3 | ((5 | ((7 | (8 | (((11 | ((13 | (14 | ((17 | !16) | !15))) | !12)) | !10) | !9))) | !6)) | !4)) | !2) | !1))) & (19 & 20)] 2
[(!(0 | (((3 | ((5 | ((7 | (8 | (((11 | ((13 | (14 | !(15 & (16 & 17)))) | !12)) | !10) | !9))) | !6)) | !4)) | !2) | !1))) & (19 & 20)] 0
[(!(0 | (((3 | ((5 | (((8 | (((11 | ((13 | (14 | (16 | !15))) | !12)) | !10) | !9)) | !7) | !6)) | !4)) | !2) | !1))) & (t)] 2
[(!(0 | (((3 | ((5 | (((8 | (((11 | ((13 | (14 | ((17 | !16) | !15))) | !12)) | !10) | !9)) | !7) | !6)) | !4)) | !2) | !1))) & (19 & 20)] 1
[(!(0 | (((3 | ((5 | (((8 | (((11 | ((13 | (14 | !(15 & (16 & 17)))) | !12)) | !10) | !9)) | !7) | !6)) | !4)) | !2) | !1))) & (19 & 20)] 2
[(!(0 | (1 | ((3 | (4 | ((6 | (7 | (8 | ((10 | (((13 | (14 | (15 | 16))) | !12) | !11)) | !9)))) | !5))) | !2)))) & (t)] 1
[(!(0 | (1 | ((3 | (4 | ((6 | (7 | (8 | ((10 | (((13 | (14 | (15 | !16))) | !12) | !11)) | !9)))) | !5))) | !2)))) & (t)] 2
[(!(0 | (1 | ((3 | (4 | (5 | ((7 | (8 | ((10 | (((13 | (14 | (15 | 16))) | !12) | !11)) | !9))) | !6)))) | !2)))) & (t)] 1
[(!(0 | (1 | ((3 | (4 | (5 | ((7 | (8 | ((10 | (((13 | (14 | (15 | (17 | !16)))) | !12) | !11)) | !9))) | !6)))) | !2)))) & (19 & 20)] 1
[(!(0 | (1 | ((3 | (4 | (5 | ((7 | (8 | ((10 | (((13 | (14 | (15 | !(16 & 17)))) | !12) | !11)) | !9))) | !6)))) | !2)))) & (19 & 20)] 0
[(!(0 | (1 | ((3 | (((6 | (7 | (8 | ((10 | (11 | ((13 | (14 | (15 | 16))) | !12))) | !9)))) | !5) | !4)) | !2)))) & (19 & 20)] 0
[(!(0 | (1 | ((3 | (((6 | (7 | (8 | ((10 | (11 | ((13 | (14 | (15 | !16))) | !12))) | !9)))) | !5) | !4)) | !2)))) & (19 & 20)] 0
[(!((1 | ((3 | (((6 | (7 | (((10 | ((12 | (13 | ((15 | 16) | !14))) | !11)) | !9) | !8))) | !5) | !4)) | !2)) | !0)) & (t)] 2
[(!((1 | ((3 | (((6 | (7 | (((10 | ((12 | (13 | ((15 | !16) | !14))) | !11)) | !9) | !8))) | !5) | !4)) | !2)) | !0)) & (t)] 0
[(!(0 | (1 | (2 | (3 | ((5 | (((8 | (9 | (10 | (((13 | (14 | (15 | 16))) | !12) | !11)))) | !7) | !6)) | !4)))))) & (t)] 0
[(!(0 | (1 | (2 | (3 | ((5 | (((8 | (9 | (10 | (((13 | (14 | (15 | (17 | !16)))) | !12) | !11)))) | !7) | !6)) | !4)))))) & (19 & 20)] 2
[(!(0 | (1 | (2 | (3 | ((5 | (((8 | (9 | (10 | (((13 | (14 | (15 | !(16 & 17)))) | !12) | !11)))) | !7) | !6)) | !4)))))) & (19 & 20)] 0
[(!(0 | ((2 | (3 | ((5 | (((8 | (((((13 | (14 | (16 | !15))) | !12) | !11) | !10) | !9)) | !7) | !6)) | !4))) | !1))) & (t)] 1
[(!(0 | ((2 | (3 | ((5 | (((8 | (((((13 | (14 | ((17 | !16) | !15))) | !12) | !11) | !10) | !9)) | !7) | !6)) | !4))) | !1))) & (t)] 1
[(!(0 | ((2 | (3 | ((5 | (((8 | (((((13 | (14 | !(15 & (16 & 17)))) | !12) | !11) | !10) | !9)) | !7) | !6)) | !4))) | !1))) & (t)] 1
[(!(0 | (((3 | ((5 | (((8 | (((((13 | (14 | (16 | !15))) | !12) | !11) | !10) | !9)) | !7) | !6)) | !4)) | !2) | !1))) & (t)] 0
[(!(0 | (((3 | ((5 | (((8 | (((((13 | (14 | ((17 | !16) | !15))) | !12) | !11) | !10) | !9)) | !7) | !6)) | !4)) | !2) | !1))) & (t)] 0
[(!(0 | (((3 | ((5 | (((8 | (((((13 | (14 | !(15 & (16 & 17)))) | !12) | !11) | !10) | !9)) | !7) | !6)) | !4)) | !2) | !1))) & (t)] 0
[(!(0 | (((3 | ((5 | ((7 | (8 | (((((13 | (14 | (16 | !15))) | !12) | !11) | !10) | !9))) | !6)) | !4)) | !2) | !1))) & (t)] 2
[(!(0 | (((3 | ((5 | ((7 | (8 | (((((13 | (14 | ((17 | !16) | !15))) | !12) | !11) | !10) | !9))) | !6)) | !4)) | !2) | !1))) & (t)] 0
[(!(0 | (((3 | ((5 | ((7 | (8 | (((((13 | (14 | !(15 & (16 & 17)))) | !12) | !11) | !10) | !9))) | !6)) | !4)) | !2) | !1))) & (t)] 1
[(!((1 | ((3 | ((5 | (((8 | ((10 | (11 | ((((15 | 16) | !14) | !13) | !12))) | !9)) | !7) | !6)) | !4)) | !2)) | !0)) & (t)] 2
[(!((1 | ((3 | ((5 | (((8 | ((10 | (11 | ((((15 | (17 | !16)) | !14) | !13) | !12))) | !9)) | !7) | !6)) | !4)) | !2)) | !0)) & (19 & 20)] 1
[(!((1 | ((3 | ((5 | (((8 | ((10 | (11 | ((((15 | !(16 & 17)) | !14) | !13) | !12))) | !9)) | !7) | !6)) | !4)) | !2)) | !0)) & (19 & 20)] 0
[(!((1 | ((3 | ((5 | (((8 | ((10 | (((((15 | 16) | !14) | !13) | !12) | !11)) | !9)) | !7) | !6)) | !4)) | !2)) | !0)) & (t)] 0
[(!((1 | ((3 | ((5 | (((8 | ((10 | (((((15 | (17 | !16)) | !14) | !13) | !12) | !11)) | !9)) | !7) | !6)) | !4)) | !2)) | !0)) & (19 & 20)] 1
[(!((1 | ((3 | ((5 | (((8 | ((10 | (((((15 | !(16 & 17)) | !14) | !13) | !12) | !11)) | !9)) | !7) | !6)) | !4)) | !2)) | !0)) & (19 & 20)] 2
[(!(0 | (1 | ((3 | ((5 | ((7 | (8 | ((10 | (11 | ((13 | (14 | (15 | 16))) | !12))) | !9))) | !6)) | !4)) | !2)))) & (t)] 2
[(!(0 | (1 | ((3 | ((5 | ((7 | (8 | ((10 | (11 | ((13 | (14 | (15 | (17 | !16)))) | !12))) | !9))) | !6)) | !4)) | !2)))) & (t)] 0
[(!(0 | (1 | ((3 | ((5 | ((7 | (8 | ((10 | (11 | ((13 | (14 | (15 | !(16 & 17)))) | !12))) | !9))) | !6)) | !4)) | !2)))) & (t)] 1
[(!((1 | ((3 | ((5 | (((8 | (9 | (10 | (((((15 | 16) | !14) | !13) | !12) | !11)))) | !7) | !6)) | !4)) | !2)) | !0)) & (t)] 0
[(!((1 | ((3 | ((5 | (((8 | (9 | (10 | (((((15 | (17 | !16)) | !14) | !13) | !12) | !11)))) | !7) | !6)) | !4)) | !2)) | !0)) & (t)] 2
[(!((1 | ((3 | ((5 | (((8 | (9 | (10 | (((((15 | !(16 & 17)) | !14) | !13) | !12) | !11)))) | !7) | !6)) | !4)) | !2)) | !0)) & (t)] 0
[(!(0 | (1 | ((3 | (((6 | (7 | (8 | ((10 | ((12 | (13 | (14 | (15 | 16)))) | !11)) | !9)))) | !5) | !4)) | !2)))) & (t)] 2
[(!(0 | (1 | ((3 | (((6 | (7 | (8 | ((10 | ((12 | (13 | (14 | (15 | !16)))) | !11)) | !9)))) | !5) | !4)) | !2)))) & (t)] 2
[(!(0 | (1 | ((3 | ((5 | ((7 | (8 | ((10 | ((12 | (13 | (14 | (15 | 16)))) | !11)) | !9))) | !6)) | !4)) | !2)))) & (t)] 0
[(!(0 | (1 | ((3 | ((5 | ((7 | (8 | ((10 | ((12 | (13 | (14 | (15 | (17 | !16))))) | !11)) | !9))) | !6)) | !4)) | !2)))) & (t)] 2
[(!(0 | (1 | ((3 | ((5 | ((7 | (8 | ((10 | ((12 | (13 | (14 | (15 | !(16 & 17))))) | !11)) | !9))) | !6)) | !4)) | !2)))) & (t)] 1
[(!(0 | (1 | ((3 | (((6 | (7 | (8 | ((10 | (((13 | (14 | (15 | 16))) | !12) | !11)) | !9)))) | !5) | !4)) | !2)))) & (t)] 2
[(!(0 | (1 | ((3 | (((6 | (7 | (8 | ((10 | (((13 | (14 | (15 | !16))) | !12) | !11)) | !9)))) | !5) | !4)) | !2)))) & (t)] 0
[(!(0 | (1 | ((3 | ((5 | ((7 | (8 | ((10 | (((13 | (14 | (15 | 16))) | !12) | !11)) | !9))) | !6)) | !4)) | !2)))) & (t)] 2
[(!(0 | (1 | ((3 | ((5 | ((7 | (8 | ((10 | (((13 | (14 | (15 | (17 | !16)))) | !12) | !11)) | !9))) | !6)) | !4)) | !2)))) & (t)] 0
[(!(0 | (1 | ((3 | ((5 | ((7 | (8 | ((10 | (((13 | (14 | (15 | !(16 & 17)))) | !12) | !11)) | !9))) | !6)) | !4)) | !2)))) & (t)] 0
[(!(0 | (1 | ((3 | (((6 | ((8 | (9 | (10 | (((13 | (14 | (15 | 16))) | !12) | !11)))) | !7)) | !5) | !4)) | !2)))) & (19 & 20)] 2
[(!(0 | (1 | ((3 | (((6 | ((8 | (9 | (10 | (((13 | (14 | (15 | !16))) | !12) | !11)))) | !7)) | !5) | !4)) | !2)))) & (19 & 20)] 0
[(!(0 | (1 | ((3 | ((5 | (((8 | (9 | (10 | (((13 | (14 | (15 | 16))) | !12) | !11)))) | !7) | !6)) | !4)) | !2)))) & (t)] 1
[(!(0 | (1 | ((3 | ((5 | (((8 | (9 | (10 | (((13 | (14 | (15 | (17 | !16)))) | !12) | !11)))) | !7) | !6)) | !4)) | !2)))) & (t)] 2
[(!(0 | (1 | ((3 | ((5 | (((8 | (9 | (10 | (((13 | (14 | (15 | !(16 & 17)))) | !12) | !11)))) | !7) | !6)) | !4)) | !2)))) & (t)] 0
[(!((1 | (2 | (3 | ((5 | (((8 | ((10 | ((12 | (((15 | 16) | !14) | !13)) | !11)) | !9)) | !7) | !6)) | !4)))) | !0)) & (t)] 0
[(!((1 | (2 | (3 | ((5 | (((8 | ((10 | ((12 | (((15 | (17 | !16)) | !14) | !13)) | !11)) | !9)) | !7) | !6)) | !4)))) | !0)) & (t)] 2
[(!((1 | (2 | (3 | ((5 | (((8 | ((10 | ((12 | (((15 | !(16 & 17)) | !14) | !13)) | !11)) | !9)) | !7) | !6)) | !4)))) | !0)) & (t)] 0
[(!((1 | (2 | (3 | ((5 | (((8 | (9 | (10 | ((12 | (((15 | 16) | !14) | !13)) | !11)))) | !7) | !6)) | !4)))) | !0)) & (t)] 2
[(!((1 | (2 | (3 | ((5 | (((8 | (9 | (10 | ((12 | (((15 | (17 | !16)) | !14) | !13)) | !11)))) | !7) | !6)) | !4)))) | !0)) & (t)] 2
[(!((1 | (2 | (3 | ((5 | (((8 | (9 | (10 | ((12 | (((15 | !(16 & 17)) | !14) | !13)) | !11)))) | !7) | !6)) | !4)))) | !0)) & (t)] 0
[(!(0 | ((2 | (3 | ((5 | (((8 | ((((12 | (13 | (14 | (16 | !15)))) | !11) | !10) | !9)) | !7) | !6)) | !4))) | !1))) & (t)] 1
[(!(0 | ((2 | (3 | ((5 | (((8 | ((((12 | (13 | (14 | ((17 | !16) | !15)))) | !11) | !10) | !9)) | !7) | !6)) | !4))) | !1))) & (t)] 1
[(!(0 | ((2 | (3 | ((5 | (((8 | ((((12 | (13 | (14 | !(15 & (16 & 17))))) | !11) | !10) | !9)) | !7) | !6)) | !4))) | !1))) & (t)] 0
[(!(0 | (((3 | ((5 | ((7 | (8 | ((((12 | (13 | (14 | (16 | !15)))) | !11) | !10) | !9))) | !6)) | !4)) | !2) | !1))) & (t)] 0
[(!(0 | (((3 | ((5 | ((7 | (8 | ((((12 | (13 | (14 | ((17 | !16) | !15)))) | !11) | !10) | !9))) | !6)) | !4)) | !2) | !1))) & (t)] 0
[(!(0 | (((3 | ((5 | ((7 | (8 | ((((12 | (13 | (14 | !(15 & (16 & 17))))) | !11) | !10) | !9))) | !6)) | !4)) | !2) | !1))) & (t)] 2
[(!(0 | (((3 | ((5 | (((8 | ((((12 | (13 | (14 | (16 | !15)))) | !11) | !10) | !9)) | !7) | !6)) | !4)) | !2) | !1))) & (t)] 0
[(!(0 | (((3 | ((5 | (((8 | ((((12 | (13 | (14 | ((17 | !16) | !15)))) | !11) | !10) | !9)) | !7) | !6)) | !4)) | !2) | !1))) & (t)] 0
[(!(0 | (((3 | ((5 | (((8 | ((((12 | (13 | (14 | !(15 & (16 & 17))))) | !11) | !10) | !9)) | !7) | !6)) | !4)) | !2) | !1))) & (t)] 0
[(!(0 | (1 | (2 | (3 | ((5 | (((8 | (9 | (10 | ((12 | (13 | (14 | (15 | 16)))) | !11)))) | !7) | !6)) | !4)))))) & (t)] 0
[(!(0 | (1 | (2 | (3 | ((5 | (((8 | (9 | (10 | ((12 | (13 | (14 | (15 | (17 | !16))))) | !11)))) | !7) | !6)) | !4)))))) & (t)] 1
[(!(0 | (1 | (2 | (3 | ((5 | (((8 | (9 | (10 | ((12 | (13 | (14 | (15 | !(16 & 17))))) | !11)))) | !7) | !6)) | !4)))))) & (t)] 2
[(!(0 | (1 | ((3 | (((6 | ((8 | ((10 | ((12 | (13 | (14 | (15 | 16)))) | !11)) | !9)) | !7)) | !5) | !4)) | !2)))) & (t)] 2
[(!(0 | (1 | ((3 | (((6 | ((8 | ((10 | ((12 | (13 | (14 | (15 | !16)))) | !11)) | !9)) | !7)) | !5) | !4)) | !2)))) & (t)] 2
[(0 & (1 | (2 & (3 | (4 & (5 & (6 | (((10 | (11 & (13 | (15 | !14)) | !11 & ((13 | (15 | !14)) | !12))) | !9) | !8)) | !5 & (((8 | (9 & (10 | (11 & ((15 | !14) | !13) | !11 & (12 & ((15 | !14) | !13) | !12 & (((15 | !16) | !14) | !13)))) | !9 & (10 | (((15 | !14) | !13) | !11)))) | !7) | !6)) | !4 & (5 | (((8 | (9 & (10 | (((15 | !14) | !13) | !12)) | !9 & (10 | ((((15 | !14) | !13) | !12) | !11)))) | !7) | !6)))) | !2 & (3 | (4 & (5 | (((8 | (10 | (((15 | !14) | !13) | !11))) | !7) | !6)) | !4 & (5 | (((8 | (10 | (((((15 | !16) | !14) | !13) | !12) | !11))) | !7) | !6)))))) | !0 & (1 & (2 & (3 & ((6 | ((8 | (10 | (((13 | (14 | !15)) | !12) | !11))) | !7)) | !5) | !3 & (4 & (5 | ((8 | (((11 & (13 | (14 | !15)) | !11 & (12 & (13 | (14 | !15)) | !12 & (13 | (14 | !(15 & 16))))) | !10) | !9)) | !6)) | !4 & (5 | ((8 | ((((13 | (14 | !15)) | !12) | !10) | !9)) | !6)))) | !2 & (3 & (((6 | ((8 | (10 | (((13 | (14 | !15)) | !12) | !11))) | !7)) | !5) | !4) | !3 & (4 & (5 | (((8 | ((((13 | (14 | !15)) | !11) | !10) | !9)) | !7) | !6)) | !4 & (5 | (((8 | (((((13 | (14 | !(15 & 16))) | !12) | !11) | !10) | !9)) | !7) | !6))))) | !1 & (2 & (3 | (4 & (5 & (6 | (7 & (8 | (9 & (10 | (11 & (13 | (14 | 15)) | !11 & ((13 | (14 | 15)) | !12))) | !9 & (10 | ((13 | (14 | 15)) | !11)))) | !7 & (8 | ((10 | (11 & (13 | (14 | 15)) | !11 & ((13 | (14 | 15)) | !12))) | !9)))) | !5 & ((7 & (8 | (9 & (10 | (((13 | (14 | 15)) | !12) | !11)) | !9 & (10 | ((13 | (14 | 15)) | !11)))) | !7 & (8 | ((10 | (11 & (13 | (14 | 15)) | !11 & (12 & (13 | (14 | 15)) | !12 & (13 | (14 | (15 | !16)))))) | !9))) | !6)) | !4 & (5 & (6 | (7 & (8 | (9 & (10 | ((13 | (14 | 15)) | !12)) | !9 & (10 | (((13 | (14 | 15)) | !12) | !11)))) | !7 & (8 | ((10 | ((13 | (14 | 15)) | !12)) | !9)))) | !5 & ((7 & (8 | (9 | (10 | (((13 | (14 | 15)) | !12) | !11)))) | !7 & (8 | ((10 | ((13 | (14 | 15)) | !12)) | !9))) | !6)))) | !2 & (3 | (4 & (5 & (6 | ((8 | (10 | ((13 | (14 | 15)) | !11))) | !7)) | !5 & (((8 | (9 | (10 | ((13 | (14 | 15)) | !11)))) | !7) | !6)) | !4 & (5 | (((8 | (9 | (10 | (((13 | (14 | (15 | !16))) | !12) | !11)))) | !7) | !6))))))) & (t)] 1
[(!(0 | (((3 | ((5 | ((7 | (8 | (((11 | (12 | (13 | (14 | ((17 | !16) | !15))))) | !10) | !9))) | !6)) | !4)) | !2) | !1))) & (t)] 2
[(!(0 | (((3 | ((5 | ((7 | (8 | (((11 | (12 | (13 | (14 | !(15 & (16 & 17)))))) | !10) | !9))) | !6)) | !4)) | !2) | !1))) & (t)] 0
[(!(0 | (((3 | ((5 | (((8 | (((11 | (12 | (13 | (14 | ((17 | !16) | !15))))) | !10) | !9)) | !7) | !6)) | !4)) | !2) | !1))) & (t)] 1
[(!(0 | (((3 | ((5 | (((8 | (((11 | (12 | (13 | (14 | !(15 & (16 & 17)))))) | !10) | !9)) | !7) | !6)) | !4)) | !2) | !1))) & (t)] 1
[(!((1 | ((3 | ((5 | (((8 | ((10 | (11 | (12 | (((15 | (17 | !16)) | !14) | !13)))) | !9)) | !7) | !6)) | !4)) | !2)) | !0)) & (t)] 2
[(!((1 | ((3 | ((5 | (((8 | ((10 | (11 | (12 | (((15 | !(16 & 17)) | !14) | !13)))) | !9)) | !7) | !6)) | !4)) | !2)) | !0)) & (t)] 0
[(!((1 | ((3 | ((5 | (((8 | ((10 | ((12 | (((15 | 16) | !14) | !13)) | !11)) | !9)) | !7) | !6)) | !4)) | !2)) | !0)) & (t)] 1
[(!((1 | ((3 | ((5 | (((8 | ((10 | ((12 | (((15 | (17 | !16)) | !14) | !13)) | !11)) | !9)) | !7) | !6)) | !4)) | !2)) | !0)) & (t)] 1
[(!((1 | ((3 | ((5 | (((8 | ((10 | ((12 | (((15 | !(16 & 17)) | !14) | !13)) | !11)) | !9)) | !7) | !6)) | !4)) | !2)) | !0)) & (t)] 1
[(!(0 | (1 | ((3 | ((5 | ((7 | (8 | ((10 | (11 | (12 | (13 | (14 | (15 | (17 | !16))))))) | !9))) | !6)) | !4)) | !2)))) & (t)] 1
[(!(0 | (1 | ((3 | ((5 | ((7 | (8 | ((10 | (11 | (12 | (13 | (14 | (15 | !(16 & 17))))))) | !9))) | !6)) | !4)) | !2)))) & (t)] 0
[(!((1 | ((3 | ((5 | (((8 | (9 | (10 | ((12 | (((15 | 16) | !14) | !13)) | !11)))) | !7) | !6)) | !4)) | !2)) | !0)) & (t)] 0
[(!((1 | ((3 | ((5 | (((8 | (9 | (10 | ((12 | (((15 | (17 | !16)) | !14) | !13)) | !11)))) | !7) | !6)) | !4)) | !2)) | !0)) & (t)] 2
[(!((1 | ((3 | ((5 | (((8 | (9 | (10 | ((12 | (((15 | !(16 & 17)) | !14) | !13)) | !11)))) | !7) | !6)) | !4)) | !2)) | !0)) & (t)] 2
[(!(0 | (1 | ((3 | (((6 | ((8 | (9 | (10 | ((12 | (13 | (14 | (15 | 16)))) | !11)))) | !7)) | !5) | !4)) | !2)))) & (t)] 2
[(!(0 | (1 | ((3 | (((6 | ((8 | (9 | (10 | ((12 | (13 | (14 | (15 | !16)))) | !11)))) | !7)) | !5) | !4)) | !2)))) & (t)] 2
[(!(0 | (1 | ((3 | ((5 | (((8 | (9 | (10 | ((12 | (13 | (14 | (15 | 16)))) | !11)))) | !7) | !6)) | !4)) | !2)))) & (t)] 0
[(!(0 | (1 | ((3 | ((5 | (((8 | (9 | (10 | ((12 | (13 | (14 | (15 | (17 | !16))))) | !11)))) | !7) | !6)) | !4)) | !2)))) & (t)] 1
[(!(0 | (1 | ((3 | ((5 | (((8 | (9 | (10 | ((12 | (13 | (14 | (15 | !(16 & 17))))) | !11)))) | !7) | !6)) | !4)) | !2)))) & (t)] 2
--END--
Synthesis took:  5612.8644943237305 ms
