Processing program.
spec contains 4 APs (['(cnt == 0)', 'success', 'finished', 'q1'])
simplified !(finished | (grant & !finished & success & ((cnt - 1) >= 0))) (len 62) to ((grant & !(finished | (((!success & !(0 <= cnt)) | ((((1 <= cnt) & (0 <= cnt)) | !(0 <= cnt)) & success)) & !finished))) | (!grant & !(finished | (!finished & !(0 <= cnt))))) (len 175)
((grant & !(finished | (((!success & !(0 <= cnt)) | ((((1 <= cnt) & (0 <= cnt)) | !(0 <= cnt)) & success)) & !finished))) | (!grant & !(finished | (!finished & !(0 <= cnt)))))
Starting abstract synthesis loop.
adding (cnt <= 0), (cnt_prev > cnt), ((0 - cnt_prev) < (0 - cnt)), (cnt_prev < cnt), ((0 - cnt_prev) > (0 - cnt)), roomA, (0 <= cnt) to predicate abstraction
constructing LTL abstraction
ltl abstraction took: 0.0008461475372314453
running LTL synthesis
Realizable.
REALIZABLE
HOA: v1
tool: "strix" "21.0.0"
States: 1
Start: 0
AP: 13 "pred__cntprev_LT_cnt_" "pred__0_LTEQ_cnt_" "q1" "pred___0_MINUS_cntprev__LT__0_MINUS_cnt__" "pred__cnt_LTEQ_0_" "q0" "pred_roomA" "pred___0_MINUS_cntprev__GT__0_MINUS_cnt__" "pred__cntprev_GT_cnt_" "success" "request" "finished" "grant"
controllable-AP: 11 12
acc-name: all
Acceptance: 0 t
--BODY--
State: 0 "[0]"
[(!(0 | ((2 | (3 | ((((7 | (8 | 10)) | !6) | !5) | !4))) | !1))) & (t)] 0
[(!(0 | ((2 | (3 | ((((7 | (8 | !10)) | !6) | !5) | !4))) | !1))) & (t)] 0
[(!(0 | (((3 | ((5 | ((7 | 8) | !6)) | !4)) | !2) | !1))) & (!11)] 0
[(!(((2 | (3 | (4 | ((((8 | 10) | !7) | !6) | !5)))) | !1) | !0)) & (t)] 0
[(!(((2 | (3 | (4 | ((((8 | !10) | !7) | !6) | !5)))) | !1) | !0)) & (t)] 0
[(!(0 | (((3 | (4 | (5 | ((7 | (8 | 9)) | !6)))) | !2) | !1))) & (!11)] 0
[(!(0 | (((3 | (4 | (5 | ((7 | (8 | !9)) | !6)))) | !2) | !1))) & (!(11 | 12))] 0
[(0 & ((2 | (3 | (4 | (((8 | !7) | !6) | !5)))) | !1) | !0 & ((2 & (3 | (5 | ((7 | 8) | !6))) | !2 & (3 | ((((7 | 8) | !6) | !5) | !4))) | !1)) & (t)] 0
--END--
Synthesis took:  680.8466911315918 ms
