Processing program.
spec contains 2 APs (['q0', 'q1'])
simplified !((!request & !changeRoom) | (!request & changeRoom) | (request & !changeRoom & ((cnt + 1) >= 0) & ((cnt + 1) <= 10))) (len 118) to (request & ((!changeRoom & ((((cnt + 1) <= 10) & !((0 <= (cnt + 1)) | (((!(cnt <= 10) & (0 <= cnt)) | !(0 <= cnt)) & !(0 <= (cnt + 1))))) | (!((cnt + 1) <= 10) & !((!(cnt <= 10) & (0 <= cnt)) | !(0 <= cnt))))) | (changeRoom & (cnt <= 10) & (0 <= cnt)))) (len 253)
(request & ((!changeRoom & ((((cnt + 1) <= 10) & !((0 <= (cnt + 1)) | (((!(cnt <= 10) & (0 <= cnt)) | !(0 <= cnt)) & !(0 <= (cnt + 1))))) | (!((cnt + 1) <= 10) & !((!(cnt <= 10) & (0 <= cnt)) | !(0 <= cnt))))) | (changeRoom & (cnt <= 10) & (0 <= cnt))))
Starting abstract synthesis loop.
adding roomA to predicate abstraction
constructing LTL abstraction
ltl abstraction took: 0.0010373592376708984
running LTL synthesis
massaging abstract counterstrategy
checking for compatibility of counterstrategy with program
trying fairness refinement
trying safety refinement
adding (cnt <= 0) to predicate abstraction
constructing LTL abstraction
ltl abstraction took: 0.0009212493896484375
running LTL synthesis
massaging abstract counterstrategy
checking for compatibility of counterstrategy with program
trying fairness refinement
Structural Refinement: 
entry_cond:TRUE
exit_cond:(cnt <= 0)
loop:(cnt := (cnt - 1))
adding (cnt = (cnt_prev - 1)), (cnt = cnt_prev) to predicate abstraction
constructing LTL abstraction
ltl abstraction took: 0.0010538101196289062
running LTL synthesis
Realizable.
REALIZABLE
HOA: v1
tool: "strix" "21.0.0"
States: 1
Start: 0
AP: 12 "pred__cnt_EQ_cntprev_" "pred__cnt_EQ__cntprev_MINUS_1__" "q0" "pred_roomA" "pred__cnt_LTEQ_0_" "in_loop0_0" "q1" "changeRoom" "request" "finished" "grantB" "grantA"
controllable-AP: 9 10 11
acc-name: all
Acceptance: 0 t
--BODY--
State: 0 "[0]"
[(!(0 | (1 | ((((5 | (6 | (7 | 8))) | !4) | !3) | !2)))) & (t)] 0
[(!(0 | (1 | ((((5 | (6 | (7 | !8))) | !4) | !3) | !2)))) & (t)] 0
[(!(0 | (1 | ((((5 | (6 | (8 | !7))) | !4) | !3) | !2)))) & (t)] 0
[(!(0 | (1 | ((((5 | (6 | !(7 & 8))) | !4) | !3) | !2)))) & (t)] 0
[(!((1 | (2 | (((5 | !6) | !4) | !3))) | !0)) & (9)] 0
[(!(0 | (1 | (((4 | (5 | (6 | (7 | 8)))) | !3) | !2)))) & (t)] 0
[(!(0 | (1 | (((4 | (5 | (6 | (7 | !8)))) | !3) | !2)))) & (t)] 0
[(!(0 | (1 | (((4 | (5 | (6 | (8 | !7)))) | !3) | !2)))) & (t)] 0
[(!(0 | (1 | (((4 | (5 | (6 | !(7 & 8)))) | !3) | !2)))) & (t)] 0
[(!((1 | ((3 | ((5 | (6 | (7 | 8))) | !4)) | !2)) | !0)) & (t)] 0
[(!((1 | ((3 | ((5 | (6 | (7 | !8))) | !4)) | !2)) | !0)) & (t)] 0
[(!((1 | ((3 | ((5 | (6 | (8 | !7))) | !4)) | !2)) | !0)) & (t)] 0
[(!((1 | ((3 | ((5 | (6 | !(7 & 8))) | !4)) | !2)) | !0)) & (t)] 0
[(!((1 | ((((5 | (6 | (7 | 8))) | !4) | !3) | !2)) | !0)) & (t)] 0
[(!((1 | ((((5 | (6 | (7 | !8))) | !4) | !3) | !2)) | !0)) & (t)] 0
[(!((1 | ((((5 | (6 | (8 | !7))) | !4) | !3) | !2)) | !0)) & (t)] 0
[(!((1 | ((((5 | (6 | !(7 & 8))) | !4) | !3) | !2)) | !0)) & (t)] 0
[(!((1 | (2 | ((4 | (5 | !6)) | !3))) | !0)) & (!(10 | !11))] 0
[(!((1 | ((3 | (4 | (5 | (6 | (7 | 8))))) | !2)) | !0)) & (t)] 0
[(!((1 | ((3 | (4 | (5 | (6 | (7 | !8))))) | !2)) | !0)) & (t)] 0
[(!((1 | ((3 | (4 | (5 | (6 | (8 | !7))))) | !2)) | !0)) & (t)] 0
[(!((1 | ((3 | (4 | (5 | (6 | !(7 & 8))))) | !2)) | !0)) & (t)] 0
[(!((1 | (((4 | (5 | (6 | (7 | 8)))) | !3) | !2)) | !0)) & (t)] 0
[(!((1 | (((4 | (5 | (6 | (7 | !8)))) | !3) | !2)) | !0)) & (t)] 0
[(!((1 | (((4 | (5 | (6 | (8 | !7)))) | !3) | !2)) | !0)) & (t)] 0
[(!((1 | (((4 | (5 | (6 | !(7 & 8)))) | !3) | !2)) | !0)) & (t)] 0
[(!((1 | (2 | (3 | ((5 | !6) | !4)))) | !0)) & (9)] 0
[(!(0 | (1 | ((3 | (4 | (5 | (6 | (7 | 8))))) | !2)))) & (t)] 0
[(!(0 | (1 | ((3 | (4 | (5 | (6 | (7 | !8))))) | !2)))) & (t)] 0
[(!(0 | (1 | ((3 | (4 | (5 | (6 | (8 | !7))))) | !2)))) & (t)] 0
[(!(0 | (1 | ((3 | (4 | (5 | (6 | !(7 & 8))))) | !2)))) & (t)] 0
[(!(0 | ((2 | ((4 | !(5 & 6)) | !3)) | !1))) & (!(10 | !11))] 0
[(!(0 | ((2 | !(3 & (4 & (5 & 6)))) | !1))) & (9)] 0
[(!((1 | (2 | (3 | (4 | (5 | !6))))) | !0)) & (!(11 | !10))] 0
[(!(0 | ((2 | (3 | (4 | !(5 & 6)))) | !1))) & (!(11 | !10))] 0
[(!(0 | ((2 | (3 | !(4 & (5 & 6)))) | !1))) & (9)] 0
[(0 & (1 | (2 & (5 | 6) | !2 & (5 | !6))) | !0 & (1 & (2 | !(5 & 6)) | !1 & ((3 & (5 | 6) | !3 & (4 | (5 | 6))) | !2))) & (t)] 0
--END--
Synthesis took:  4224.163770675659 ms
