Processing program.
spec contains 11 APs (['(cr > 0)', 'entry_r', 'exit_r', 'exit_l', '(cl == 0)', 'entry_l', 'l2r', '(cl > 0)', '(cr == 0)', 'stop_r', 'stop_l'])
Starting abstract synthesis loop.
adding (cl_prev < cl), ((cr + 1) <= 5), (0 <= cr), (cr <= 0), (0 <= cl), (cl_prev > cl), (cr_prev > cr), (cl <= 0), (cr_prev < cr), ((cl + 1) <= 5) to predicate abstraction
constructing LTL abstraction
ltl abstraction took: 0.0030837059020996094
running LTL synthesis
Realizable.
REALIZABLE
HOA: v1
tool: "strix" "21.0.0"
States: 5
Start: 4
AP: 18 "pred__cr_LTEQ_0_" "q0" "pred__clprev_GT_cl_" "pred__crprev_LT_cr_" "pred__0_LTEQ_cl_" "pred__crprev_GT_cr_" "pred__0_LTEQ_cr_" "pred__clprev_LT_cl_" "pred__cl_LTEQ_0_" "pred___cl_PLUS_1__LTEQ_5_" "pred___cr_PLUS_1__LTEQ_5_" "l2r" "exit_r" "exit_l" "entry_r" "entry_l" "stop_r" "stop_l"
controllable-AP: 16 17
acc-name: all
Acceptance: 0 t
--BODY--
State: 0 "[0]"
[(!(((2 | (3 | (5 | ((8 | (9 | (((12 | (14 | !15)) | !11) | !10))) | !7)))) | !1) | !0)) & (!(17 | !16))] 1
[(!((((3 | (5 | (7 | ((((11 | ((14 | !15) | !12)) | !10) | !9) | !8)))) | !2) | !1) | !0)) & (!(16 | !17))] 2
[(!((((3 | (5 | (7 | ((((((14 | !15) | !12) | !11) | !10) | !9) | !8)))) | !2) | !1) | !0)) & (!(17 | !16))] 3
[(!(0 | ((2 | (3 | (5 | (7 | (((10 | (11 | (13 | (15 | !14)))) | !9) | !8))))) | !1))) & (!(16 | !17))] 1
[(!(0 | ((2 | (3 | (5 | (7 | (((10 | ((13 | (15 | !14)) | !11)) | !9) | !8))))) | !1))) & (!(16 | !17))] 0
[(!(((2 | (3 | (5 | (7 | (8 | (9 | ((11 | (12 | (14 | !15))) | !10))))))) | !1) | !0)) & (!(17 | !16))] 0
[(!(((2 | (3 | (5 | (7 | (8 | (9 | (((12 | (14 | !15)) | !11) | !10))))))) | !1) | !0)) & (!(17 | !16))] 1
[(!(((2 | (3 | (5 | (7 | (((((12 & (14 | 15) | !12 & ((14 | 15) | !13)) | !11) | !10) | !9) | !8))))) | !1) | !0)) & (!(17 | !16))] 1
[(!(((2 | (3 | (5 | (7 | ((((11 | (12 & (14 | 15) | !12 & ((14 | 15) | !13))) | !10) | !9) | !8))))) | !1) | !0)) & (!(16 | !17))] 2
[(0 & ((2 & (3 | (5 | (7 | ((14 | !10) | !9)))) | !2 & (3 | (5 & (7 | (((15 | !10) | !9) | !8)) | !5 & (7 & (8 | (14 | !10)) | !7 & (8 & (((14 & 15) | !10) | !9) | !8 & (14 | !10)))))) | !1) | !0 & ((2 | (3 & (5 | (7 | ((15 | !9) | !8))) | !3 & (5 & (7 | (((15 | !10) | !9) | !8)) | !5 & (7 | ((15 | !9) | !8))))) | !1)) & (t)] 1
[(!(((2 | (3 | (5 | (7 | ((((11 | ((14 | !15) | !12)) | !10) | !9) | !8))))) | !1) | !0)) & (!(16 | !17))] 2
[(!(((2 | (3 | (5 | (7 | ((((((14 | !15) | !12) | !11) | !10) | !9) | !8))))) | !1) | !0)) & (!(17 | !16))] 1
[(!(((2 | (3 | (5 | (7 | ((((11 | ((15 | !14) | !13)) | !10) | !9) | !8))))) | !1) | !0)) & (!(16 | !17))] 2
[(!(((2 | (3 | (5 | (7 | ((((((15 | !14) | !13) | !11) | !10) | !9) | !8))))) | !1) | !0)) & (!(17 | !16))] 1
[(!(0 | ((2 | ((5 | (7 | (((10 | (11 | (13 | (15 | !14)))) | !9) | !8))) | !3)) | !1))) & (!(16 | !17))] 1
[(!(0 | ((2 | ((5 | (7 | (((10 | ((13 | (15 | !14)) | !11)) | !9) | !8))) | !3)) | !1))) & (!(16 | !17))] 0
[(!(((2 | (3 | ((7 | ((((11 | ((15 | !14) | !13)) | !10) | !9) | !8)) | !5))) | !1) | !0)) & (!(16 | !17))] 2
[(!(((2 | (3 | ((7 | ((((((15 | !14) | !13) | !11) | !10) | !9) | !8)) | !5))) | !1) | !0)) & (!(16 | !17))] 0
[(!(((2 | (3 | (5 | ((8 | (9 | ((11 | (12 | (14 | !15))) | !10))) | !7)))) | !1) | !0)) & (16 & 17)] 4
[(!(((2 | (3 | (5 | (7 | ((((11 | (12 | (13 | (14 | 15)))) | !10) | !9) | !8))))) | !1) | !0)) & (!(16 | !17))] 2
[(!(((2 | (3 | (5 | (7 | (((((12 | (13 | (14 | 15))) | !11) | !10) | !9) | !8))))) | !1) | !0)) & (!(17 | !16))] 1
[(!(((2 | (3 | (5 | (7 | ((((11 | (13 | (15 | !14))) | !10) | !9) | !8))))) | !1) | !0)) & (!(16 | !17))] 0
[(!(((2 | (3 | (5 | (7 | (((((13 | (15 | !14)) | !11) | !10) | !9) | !8))))) | !1) | !0)) & (!(16 | !17))] 1
[(!(((2 | (3 | (5 | (7 | ((((11 | (12 | (14 | !15))) | !10) | !9) | !8))))) | !1) | !0)) & (!(17 | !16))] 0
[(!(((2 | (3 | (5 | (7 | (((((12 | (14 | !15)) | !11) | !10) | !9) | !8))))) | !1) | !0)) & (!(17 | !16))] 2
[(!(0 | ((2 | ((5 | (7 | ((((11 | (13 | (14 | 15))) | !10) | !9) | !8))) | !3)) | !1))) & (!(16 | !17))] 1
[(!(0 | ((2 | ((5 | (7 | ((((11 | (13 | (15 | !14))) | !10) | !9) | !8))) | !3)) | !1))) & (!(16 | !17))] 0
[(!(0 | ((2 | ((5 | (7 | ((((11 | ((14 | 15) | !13)) | !10) | !9) | !8))) | !3)) | !1))) & (!(16 | !17))] 1
[(!(0 | ((2 | ((5 | (7 | ((((11 | ((15 | !14) | !13)) | !10) | !9) | !8))) | !3)) | !1))) & (!(16 | !17))] 1
[(!(0 | ((2 | ((5 | (7 | (((((13 | (14 | 15)) | !11) | !10) | !9) | !8))) | !3)) | !1))) & (!(16 | !17))] 2
[(!(0 | ((2 | ((5 | (7 | (((((13 | (15 | !14)) | !11) | !10) | !9) | !8))) | !3)) | !1))) & (!(16 | !17))] 3
[(!(0 | ((2 | ((5 | (7 | ((((((14 | 15) | !13) | !11) | !10) | !9) | !8))) | !3)) | !1))) & (!(16 | !17))] 2
[(!(0 | ((2 | ((5 | (7 | ((((((15 | !14) | !13) | !11) | !10) | !9) | !8))) | !3)) | !1))) & (!(16 | !17))] 2
[(!(((2 | (3 | (5 | ((8 | (((11 | (12 | (14 | 15))) | !10) | !9)) | !7)))) | !1) | !0)) & (16 & 17)] 0
[(!(((2 | (3 | (5 | ((8 | (((11 | (12 | (14 | !15))) | !10) | !9)) | !7)))) | !1) | !0)) & (!(17 | !16))] 0
[(!(((2 | (3 | (5 | ((8 | (((11 | ((14 | 15) | !12)) | !10) | !9)) | !7)))) | !1) | !0)) & (16 & 17)] 0
[(!(((2 | (3 | (5 | ((8 | (((11 | ((14 | !15) | !12)) | !10) | !9)) | !7)))) | !1) | !0)) & (!(17 | !16))] 0
[(!(((2 | (3 | (5 | ((8 | ((((12 | (14 | 15)) | !11) | !10) | !9)) | !7)))) | !1) | !0)) & (!(17 | !16))] 1
[(!(((2 | (3 | (5 | ((8 | ((((12 | (14 | !15)) | !11) | !10) | !9)) | !7)))) | !1) | !0)) & (!(17 | !16))] 2
[(!(((2 | (3 | (5 | ((8 | (((((14 | 15) | !12) | !11) | !10) | !9)) | !7)))) | !1) | !0)) & (!(17 | !16))] 2
[(!(((2 | (3 | (5 | ((8 | (((((14 | !15) | !12) | !11) | !10) | !9)) | !7)))) | !1) | !0)) & (!(17 | !16))] 1
[(!(0 | ((2 | (3 | (5 | (7 | ((((11 | (13 | (14 | 15))) | !10) | !9) | !8))))) | !1))) & (!(16 | !17))] 1
[(!(0 | ((2 | (3 | (5 | (7 | ((((11 | (13 | (15 | !14))) | !10) | !9) | !8))))) | !1))) & (!(16 | !17))] 0
[(!(0 | ((2 | (3 | (5 | (7 | ((((11 | ((14 | 15) | !13)) | !10) | !9) | !8))))) | !1))) & (!(16 | !17))] 0
[(!(0 | ((2 | (3 | (5 | (7 | ((((11 | ((15 | !14) | !13)) | !10) | !9) | !8))))) | !1))) & (!(16 | !17))] 1
[(!(0 | ((2 | (3 | (5 | (7 | (((((13 | (14 | 15)) | !11) | !10) | !9) | !8))))) | !1))) & (!(16 | !17))] 0
[(!(0 | ((2 | (3 | (5 | (7 | (((((13 | (15 | !14)) | !11) | !10) | !9) | !8))))) | !1))) & (16 & 17)] 1
[(!(0 | ((2 | (3 | (5 | (7 | ((((((14 | 15) | !13) | !11) | !10) | !9) | !8))))) | !1))) & (16 & 17)] 3
[(!(0 | ((2 | (3 | (5 | (7 | ((((((15 | !14) | !13) | !11) | !10) | !9) | !8))))) | !1))) & (16 & 17)] 4
[(!(0 | ((2 | ((5 | (7 | (((10 | (11 | ((14 | 15) | !13))) | !9) | !8))) | !3)) | !1))) & (!(16 | !17))] 1
[(!(0 | ((2 | ((5 | (7 | (((10 | (11 | ((15 | !14) | !13))) | !9) | !8))) | !3)) | !1))) & (!(16 | !17))] 1
[(!(0 | ((2 | ((5 | (7 | (((10 | (((14 | 15) | !13) | !11)) | !9) | !8))) | !3)) | !1))) & (!(16 | !17))] 2
[(!(0 | ((2 | ((5 | (7 | (((10 | (((15 | !14) | !13) | !11)) | !9) | !8))) | !3)) | !1))) & (!(16 | !17))] 0
[(!(0 | ((2 | (3 | ((7 | ((((11 | (13 | (14 | 15))) | !10) | !9) | !8)) | !5))) | !1))) & (!(16 | !17))] 1
[(!(0 | ((2 | (3 | ((7 | ((((11 | (13 | (15 | !14))) | !10) | !9) | !8)) | !5))) | !1))) & (!(16 | !17))] 0
[(!(0 | ((2 | (3 | ((7 | ((((11 | ((14 | 15) | !13)) | !10) | !9) | !8)) | !5))) | !1))) & (!(16 | !17))] 0
[(!(0 | ((2 | (3 | ((7 | ((((11 | ((15 | !14) | !13)) | !10) | !9) | !8)) | !5))) | !1))) & (!(16 | !17))] 1
[(!(0 | ((2 | (3 | ((7 | (((((13 | (14 | 15)) | !11) | !10) | !9) | !8)) | !5))) | !1))) & (!(16 | !17))] 2
[(!(0 | ((2 | (3 | ((7 | (((((13 | (15 | !14)) | !11) | !10) | !9) | !8)) | !5))) | !1))) & (!(16 | !17))] 3
[(!(0 | ((2 | (3 | ((7 | ((((((14 | 15) | !13) | !11) | !10) | !9) | !8)) | !5))) | !1))) & (!(16 | !17))] 2
[(!(0 | ((2 | (3 | ((7 | ((((((15 | !14) | !13) | !11) | !10) | !9) | !8)) | !5))) | !1))) & (!(16 | !17))] 4
[(!(((2 | (3 | ((7 | ((((11 | (13 | (15 | !14))) | !10) | !9) | !8)) | !5))) | !1) | !0)) & (!(16 | !17))] 0
[(!(((2 | (3 | ((7 | (((((13 | (15 | !14)) | !11) | !10) | !9) | !8)) | !5))) | !1) | !0)) & (!(16 | !17))] 1
[(!(0 | ((2 | ((5 | (7 | (((10 | (11 | (13 | (14 | 15)))) | !9) | !8))) | !3)) | !1))) & (!(16 | !17))] 1
[(!(0 | ((2 | ((5 | (7 | (((10 | ((13 | (14 | 15)) | !11)) | !9) | !8))) | !3)) | !1))) & (!(16 | !17))] 0
[(!(((2 | (3 | ((7 | ((((11 | (14 | 15)) | !10) | !9) | !8)) | !5))) | !1) | !0)) & (!(16 | !17))] 2
[(!(((2 | (3 | ((7 | (((((14 | 15) | !11) | !10) | !9) | !8)) | !5))) | !1) | !0)) & (!(16 | !17))] 0
[(!(((2 | (3 | (5 | (7 | (8 | (((11 | (12 | (14 | 15))) | !10) | !9)))))) | !1) | !0)) & (16 & 17)] 2
[(!(((2 | (3 | (5 | (7 | (8 | (((11 | (12 | (14 | !15))) | !10) | !9)))))) | !1) | !0)) & (!(17 | !16))] 0
[(!(((2 | (3 | (5 | (7 | (8 | (((11 | ((14 | 15) | !12)) | !10) | !9)))))) | !1) | !0)) & (16 & 17)] 0
[(!(((2 | (3 | (5 | (7 | (8 | (((11 | ((14 | !15) | !12)) | !10) | !9)))))) | !1) | !0)) & (16 & 17)] 2
[(!(((2 | (3 | (5 | (7 | (8 | ((((12 | (14 | 15)) | !11) | !10) | !9)))))) | !1) | !0)) & (!(17 | !16))] 1
[(!(((2 | (3 | (5 | (7 | (8 | ((((12 | (14 | !15)) | !11) | !10) | !9)))))) | !1) | !0)) & (!(17 | !16))] 2
[(!(((2 | (3 | (5 | (7 | (8 | (((((14 | 15) | !12) | !11) | !10) | !9)))))) | !1) | !0)) & (!(17 | !16))] 2
[(!(((2 | (3 | (5 | (7 | (8 | (((((14 | !15) | !12) | !11) | !10) | !9)))))) | !1) | !0)) & (!(17 | !16))] 1
[(!(((2 | (3 | (5 | ((8 | (9 | ((11 | ((14 | 15) | !12)) | !10))) | !7)))) | !1) | !0)) & (16 & 17)] 1
[(!(((2 | (3 | (5 | ((8 | (9 | ((11 | ((14 | !15) | !12)) | !10))) | !7)))) | !1) | !0)) & (16 & 17)] 2
[(!(((2 | (3 | (5 | ((8 | (9 | ((((14 | 15) | !12) | !11) | !10))) | !7)))) | !1) | !0)) & (!(17 | !16))] 2
[(!(((2 | (3 | (5 | ((8 | (9 | ((((14 | !15) | !12) | !11) | !10))) | !7)))) | !1) | !0)) & (!(17 | !16))] 1
[(!(((2 | (3 | (5 | ((8 | (9 | ((11 | (12 | (14 | 15))) | !10))) | !7)))) | !1) | !0)) & (16 & 17)] 2
[(!(((2 | (3 | (5 | ((8 | (9 | (((12 | (14 | 15)) | !11) | !10))) | !7)))) | !1) | !0)) & (!(17 | !16))] 1
[(!((((3 | (5 | (7 | (8 | (((11 | (12 | (14 | 15))) | !10) | !9))))) | !2) | !1) | !0)) & (16 & 17)] 0
[(!((((3 | (5 | (7 | (8 | (((11 | ((14 | 15) | !12)) | !10) | !9))))) | !2) | !1) | !0)) & (16 & 17)] 0
[(!((((3 | (5 | (7 | (8 | ((((12 | (14 | 15)) | !11) | !10) | !9))))) | !2) | !1) | !0)) & (!(17 | !16))] 1
[(!((((3 | (5 | (7 | (8 | (((((14 | 15) | !12) | !11) | !10) | !9))))) | !2) | !1) | !0)) & (!(17 | !16))] 2
[(!((((3 | (5 | (7 | ((((11 | (14 | 15)) | !10) | !9) | !8)))) | !2) | !1) | !0)) & (!(16 | !17))] 2
[(!((((3 | (5 | (7 | (((((14 | 15) | !11) | !10) | !9) | !8)))) | !2) | !1) | !0)) & (!(17 | !16))] 1
[(!((((3 | (5 | (7 | (8 | (((11 | (12 | (14 | !15))) | !10) | !9))))) | !2) | !1) | !0)) & (!(17 | !16))] 3
[(!((((3 | (5 | (7 | (8 | (((11 | ((14 | !15) | !12)) | !10) | !9))))) | !2) | !1) | !0)) & (16 & 17)] 0
[(!((((3 | (5 | (7 | (8 | ((((12 | (14 | !15)) | !11) | !10) | !9))))) | !2) | !1) | !0)) & (!(17 | !16))] 2
[(!((((3 | (5 | (7 | (8 | (((((14 | !15) | !12) | !11) | !10) | !9))))) | !2) | !1) | !0)) & (!(17 | !16))] 1
[(!((((3 | (5 | (7 | ((((11 | (12 | (14 | !15))) | !10) | !9) | !8)))) | !2) | !1) | !0)) & (!(17 | !16))] 0
[(!((((3 | (5 | (7 | (((((12 | (14 | !15)) | !11) | !10) | !9) | !8)))) | !2) | !1) | !0)) & (!(17 | !16))] 2
[(!(0 | ((2 | (3 | (5 | (7 | (((10 | (11 | ((14 | 15) | !13))) | !9) | !8))))) | !1))) & (!(16 | !17))] 0
[(!(0 | ((2 | (3 | (5 | (7 | (((10 | (11 | ((15 | !14) | !13))) | !9) | !8))))) | !1))) & (!(16 | !17))] 1
[(!(0 | ((2 | (3 | (5 | (7 | (((10 | (((14 | 15) | !13) | !11)) | !9) | !8))))) | !1))) & (16 & 17)] 2
[(!(0 | ((2 | (3 | (5 | (7 | (((10 | (((15 | !14) | !13) | !11)) | !9) | !8))))) | !1))) & (!(16 | !17))] 2
[(!(0 | ((2 | (3 | (5 | (7 | (((10 | (11 | (13 | (14 | 15)))) | !9) | !8))))) | !1))) & (!(16 | !17))] 1
[(!(0 | ((2 | (3 | (5 | (7 | (((10 | ((13 | (14 | 15)) | !11)) | !9) | !8))))) | !1))) & (!(16 | !17))] 0
[(!(((2 | (3 | (5 | (7 | (8 | (9 | ((11 | ((14 | 15) | !12)) | !10))))))) | !1) | !0)) & (16 & 17)] 3
[(!(((2 | (3 | (5 | (7 | (8 | (9 | ((11 | ((14 | !15) | !12)) | !10))))))) | !1) | !0)) & (!(17 | !16))] 2
[(!(((2 | (3 | (5 | (7 | (8 | (9 | ((((14 | 15) | !12) | !11) | !10))))))) | !1) | !0)) & (!(17 | !16))] 2
[(!(((2 | (3 | (5 | (7 | (8 | (9 | ((((14 | !15) | !12) | !11) | !10))))))) | !1) | !0)) & (!(17 | !16))] 1
[(!(((2 | (3 | (5 | (7 | (8 | (9 | ((11 | (12 | (14 | 15))) | !10))))))) | !1) | !0)) & (!(17 | !16))] 0
[(!(((2 | (3 | (5 | (7 | (8 | (9 | (((12 | (14 | 15)) | !11) | !10))))))) | !1) | !0)) & (!(17 | !16))] 1
State: 1 "[1]"
[(!(((2 | (3 | (5 | ((8 | (9 | (((12 | (14 | !15)) | !11) | !10))) | !7)))) | !1) | !0)) & (!(17 | !16))] 1
[(!((((3 | (5 | (7 | ((((11 | ((14 | !15) | !12)) | !10) | !9) | !8)))) | !2) | !1) | !0)) & (!(16 | !17))] 2
[(!((((3 | (5 | (7 | ((((((14 | !15) | !12) | !11) | !10) | !9) | !8)))) | !2) | !1) | !0)) & (!(17 | !16))] 1
[(!(0 | ((2 | (3 | (5 | (7 | (((10 | (11 | (13 | (15 | !14)))) | !9) | !8))))) | !1))) & (!(16 | !17))] 1
[(!(0 | ((2 | (3 | (5 | (7 | (((10 | ((13 | (15 | !14)) | !11)) | !9) | !8))))) | !1))) & (!(16 | !17))] 0
[(!(((2 | (3 | (5 | (7 | (8 | (9 | ((11 | (12 | (14 | !15))) | !10))))))) | !1) | !0)) & (!(17 | !16))] 0
[(!(((2 | (3 | (5 | (7 | (8 | (9 | (((12 | (14 | !15)) | !11) | !10))))))) | !1) | !0)) & (!(17 | !16))] 1
[(!(((2 | (3 | (5 | (7 | (((((12 & (14 | 15) | !12 & ((14 | 15) | !13)) | !11) | !10) | !9) | !8))))) | !1) | !0)) & (!(17 | !16))] 1
[(!(((2 | (3 | (5 | (7 | ((((11 | (12 & (14 | 15) | !12 & ((14 | 15) | !13))) | !10) | !9) | !8))))) | !1) | !0)) & (!(17 | !16))] 0
[(0 & ((2 & (3 | (5 | (7 | ((14 | !10) | !9)))) | !2 & (3 | (5 & (7 | (((15 | !10) | !9) | !8)) | !5 & (7 & (8 | (14 | !10)) | !7 & (8 & (((14 & 15) | !10) | !9) | !8 & (14 | !10)))))) | !1) | !0 & ((2 | (3 & (5 | (7 | ((15 | !9) | !8))) | !3 & (5 & (7 | (((15 | !10) | !9) | !8)) | !5 & (7 | ((15 | !9) | !8))))) | !1)) & (t)] 2
[(!(((2 | (3 | (5 | (7 | ((((11 | ((14 | !15) | !12)) | !10) | !9) | !8))))) | !1) | !0)) & (!(17 | !16))] 0
[(!(((2 | (3 | (5 | (7 | ((((((14 | !15) | !12) | !11) | !10) | !9) | !8))))) | !1) | !0)) & (!(17 | !16))] 1
[(!(((2 | (3 | (5 | (7 | ((((11 | ((15 | !14) | !13)) | !10) | !9) | !8))))) | !1) | !0)) & (t)] 4
[(!(((2 | (3 | (5 | (7 | ((((((15 | !14) | !13) | !11) | !10) | !9) | !8))))) | !1) | !0)) & (t)] 4
[(!(0 | ((2 | ((5 | (7 | (((10 | (11 | (13 | (15 | !14)))) | !9) | !8))) | !3)) | !1))) & (t)] 3
[(!(0 | ((2 | ((5 | (7 | (((10 | ((13 | (15 | !14)) | !11)) | !9) | !8))) | !3)) | !1))) & (t)] 2
[(!(((2 | (3 | ((7 | ((((11 | ((15 | !14) | !13)) | !10) | !9) | !8)) | !5))) | !1) | !0)) & (!(16 | !17))] 2
[(!(((2 | (3 | ((7 | ((((((15 | !14) | !13) | !11) | !10) | !9) | !8)) | !5))) | !1) | !0)) & (!(16 | !17))] 0
[(!(((2 | (3 | (5 | ((8 | (9 | ((11 | (12 | (14 | !15))) | !10))) | !7)))) | !1) | !0)) & (!(17 | !16))] 0
[(!(((2 | (3 | (5 | (7 | ((((11 | (12 | (13 | (14 | 15)))) | !10) | !9) | !8))))) | !1) | !0)) & (!(17 | !16))] 0
[(!(((2 | (3 | (5 | (7 | (((((12 | (13 | (14 | 15))) | !11) | !10) | !9) | !8))))) | !1) | !0)) & (!(17 | !16))] 3
[(!(((2 | (3 | (5 | (7 | ((((11 | (13 | (15 | !14))) | !10) | !9) | !8))))) | !1) | !0)) & (t)] 0
[(!(((2 | (3 | (5 | (7 | (((((13 | (15 | !14)) | !11) | !10) | !9) | !8))))) | !1) | !0)) & (t)] 0
[(!(((2 | (3 | (5 | (7 | ((((11 | (12 | (14 | !15))) | !10) | !9) | !8))))) | !1) | !0)) & (!(17 | !16))] 0
[(!(((2 | (3 | (5 | (7 | (((((12 | (14 | !15)) | !11) | !10) | !9) | !8))))) | !1) | !0)) & (!(17 | !16))] 2
[(!(0 | ((2 | ((5 | (7 | ((((11 | (13 | (14 | 15))) | !10) | !9) | !8))) | !3)) | !1))) & (!(16 | !17))] 1
[(!(0 | ((2 | ((5 | (7 | ((((11 | (13 | (15 | !14))) | !10) | !9) | !8))) | !3)) | !1))) & (!(16 | !17))] 0
[(!(0 | ((2 | ((5 | (7 | ((((11 | ((14 | 15) | !13)) | !10) | !9) | !8))) | !3)) | !1))) & (!(16 | !17))] 1
[(!(0 | ((2 | ((5 | (7 | ((((11 | ((15 | !14) | !13)) | !10) | !9) | !8))) | !3)) | !1))) & (!(16 | !17))] 1
[(!(0 | ((2 | ((5 | (7 | (((((13 | (14 | 15)) | !11) | !10) | !9) | !8))) | !3)) | !1))) & (!(16 | !17))] 0
[(!(0 | ((2 | ((5 | (7 | (((((13 | (15 | !14)) | !11) | !10) | !9) | !8))) | !3)) | !1))) & (16 & 17)] 1
[(!(0 | ((2 | ((5 | (7 | ((((((14 | 15) | !13) | !11) | !10) | !9) | !8))) | !3)) | !1))) & (16 & 17)] 3
[(!(0 | ((2 | ((5 | (7 | ((((((15 | !14) | !13) | !11) | !10) | !9) | !8))) | !3)) | !1))) & (16 & 17)] 4
[(!(((2 | (3 | (5 | ((8 | (((11 | (12 | (14 | 15))) | !10) | !9)) | !7)))) | !1) | !0)) & (!(17 | !16))] 3
[(!(((2 | (3 | (5 | ((8 | (((11 | (12 | (14 | !15))) | !10) | !9)) | !7)))) | !1) | !0)) & (!(17 | !16))] 1
[(!(((2 | (3 | (5 | ((8 | (((11 | ((14 | 15) | !12)) | !10) | !9)) | !7)))) | !1) | !0)) & (16 & 17)] 1
[(!(((2 | (3 | (5 | ((8 | (((11 | ((14 | !15) | !12)) | !10) | !9)) | !7)))) | !1) | !0)) & (!(17 | !16))] 0
[(!(((2 | (3 | (5 | ((8 | ((((12 | (14 | 15)) | !11) | !10) | !9)) | !7)))) | !1) | !0)) & (!(17 | !16))] 1
[(!(((2 | (3 | (5 | ((8 | ((((12 | (14 | !15)) | !11) | !10) | !9)) | !7)))) | !1) | !0)) & (!(17 | !16))] 2
[(!(((2 | (3 | (5 | ((8 | (((((14 | 15) | !12) | !11) | !10) | !9)) | !7)))) | !1) | !0)) & (!(17 | !16))] 2
[(!(((2 | (3 | (5 | ((8 | (((((14 | !15) | !12) | !11) | !10) | !9)) | !7)))) | !1) | !0)) & (!(17 | !16))] 1
[(!(0 | ((2 | (3 | (5 | (7 | ((((11 | (13 | (14 | 15))) | !10) | !9) | !8))))) | !1))) & (!(16 | !17))] 1
[(!(0 | ((2 | (3 | (5 | (7 | ((((11 | (13 | (15 | !14))) | !10) | !9) | !8))))) | !1))) & (!(16 | !17))] 0
[(!(0 | ((2 | (3 | (5 | (7 | ((((11 | ((14 | 15) | !13)) | !10) | !9) | !8))))) | !1))) & (!(16 | !17))] 1
[(!(0 | ((2 | (3 | (5 | (7 | ((((11 | ((15 | !14) | !13)) | !10) | !9) | !8))))) | !1))) & (!(16 | !17))] 1
[(!(0 | ((2 | (3 | (5 | (7 | (((((13 | (14 | 15)) | !11) | !10) | !9) | !8))))) | !1))) & (!(16 | !17))] 2
[(!(0 | ((2 | (3 | (5 | (7 | (((((13 | (15 | !14)) | !11) | !10) | !9) | !8))))) | !1))) & (!(16 | !17))] 3
[(!(0 | ((2 | (3 | (5 | (7 | ((((((14 | 15) | !13) | !11) | !10) | !9) | !8))))) | !1))) & (!(16 | !17))] 2
[(!(0 | ((2 | (3 | (5 | (7 | ((((((15 | !14) | !13) | !11) | !10) | !9) | !8))))) | !1))) & (!(16 | !17))] 3
[(!(0 | ((2 | ((5 | (7 | (((10 | (11 | ((14 | 15) | !13))) | !9) | !8))) | !3)) | !1))) & (!(16 | !17))] 1
[(!(0 | ((2 | ((5 | (7 | (((10 | (11 | ((15 | !14) | !13))) | !9) | !8))) | !3)) | !1))) & (t)] 0
[(!(0 | ((2 | ((5 | (7 | (((10 | (((14 | 15) | !13) | !11)) | !9) | !8))) | !3)) | !1))) & (16 & 17)] 3
[(!(0 | ((2 | ((5 | (7 | (((10 | (((15 | !14) | !13) | !11)) | !9) | !8))) | !3)) | !1))) & (t)] 4
[(!(0 | ((2 | (3 | ((7 | ((((11 | (13 | (14 | 15))) | !10) | !9) | !8)) | !5))) | !1))) & (!(16 | !17))] 1
[(!(0 | ((2 | (3 | ((7 | ((((11 | (13 | (15 | !14))) | !10) | !9) | !8)) | !5))) | !1))) & (!(16 | !17))] 0
[(!(0 | ((2 | (3 | ((7 | ((((11 | ((14 | 15) | !13)) | !10) | !9) | !8)) | !5))) | !1))) & (!(16 | !17))] 1
[(!(0 | ((2 | (3 | ((7 | ((((11 | ((15 | !14) | !13)) | !10) | !9) | !8)) | !5))) | !1))) & (!(16 | !17))] 1
[(!(0 | ((2 | (3 | ((7 | (((((13 | (14 | 15)) | !11) | !10) | !9) | !8)) | !5))) | !1))) & (!(16 | !17))] 2
[(!(0 | ((2 | (3 | ((7 | (((((13 | (15 | !14)) | !11) | !10) | !9) | !8)) | !5))) | !1))) & (!(16 | !17))] 3
[(!(0 | ((2 | (3 | ((7 | ((((((14 | 15) | !13) | !11) | !10) | !9) | !8)) | !5))) | !1))) & (!(16 | !17))] 2
[(!(0 | ((2 | (3 | ((7 | ((((((15 | !14) | !13) | !11) | !10) | !9) | !8)) | !5))) | !1))) & (!(16 | !17))] 4
[(!(((2 | (3 | ((7 | ((((11 | (13 | (15 | !14))) | !10) | !9) | !8)) | !5))) | !1) | !0)) & (!(16 | !17))] 0
[(!(((2 | (3 | ((7 | (((((13 | (15 | !14)) | !11) | !10) | !9) | !8)) | !5))) | !1) | !0)) & (!(16 | !17))] 1
[(!(0 | ((2 | ((5 | (7 | (((10 | (11 | (13 | (14 | 15)))) | !9) | !8))) | !3)) | !1))) & (!(16 | !17))] 1
[(!(0 | ((2 | ((5 | (7 | (((10 | ((13 | (14 | 15)) | !11)) | !9) | !8))) | !3)) | !1))) & (16 & 17)] 4
[(!(((2 | (3 | ((7 | ((((11 | (14 | 15)) | !10) | !9) | !8)) | !5))) | !1) | !0)) & (!(16 | !17))] 2
[(!(((2 | (3 | ((7 | (((((14 | 15) | !11) | !10) | !9) | !8)) | !5))) | !1) | !0)) & (!(16 | !17))] 0
[(!(((2 | (3 | (5 | (7 | (8 | (((11 | (12 | (14 | 15))) | !10) | !9)))))) | !1) | !0)) & (!(17 | !16))] 3
[(!(((2 | (3 | (5 | (7 | (8 | (((11 | (12 | (14 | !15))) | !10) | !9)))))) | !1) | !0)) & (!(17 | !16))] 1
[(!(((2 | (3 | (5 | (7 | (8 | (((11 | ((14 | 15) | !12)) | !10) | !9)))))) | !1) | !0)) & (!(17 | !16))] 1
[(!(((2 | (3 | (5 | (7 | (8 | (((11 | ((14 | !15) | !12)) | !10) | !9)))))) | !1) | !0)) & (!(17 | !16))] 2
[(!(((2 | (3 | (5 | (7 | (8 | ((((12 | (14 | 15)) | !11) | !10) | !9)))))) | !1) | !0)) & (!(17 | !16))] 1
[(!(((2 | (3 | (5 | (7 | (8 | ((((12 | (14 | !15)) | !11) | !10) | !9)))))) | !1) | !0)) & (!(17 | !16))] 2
[(!(((2 | (3 | (5 | (7 | (8 | (((((14 | 15) | !12) | !11) | !10) | !9)))))) | !1) | !0)) & (!(17 | !16))] 2
[(!(((2 | (3 | (5 | (7 | (8 | (((((14 | !15) | !12) | !11) | !10) | !9)))))) | !1) | !0)) & (!(17 | !16))] 1
[(!(((2 | (3 | (5 | ((8 | (9 | ((11 | ((14 | 15) | !12)) | !10))) | !7)))) | !1) | !0)) & (16 & 17)] 4
[(!(((2 | (3 | (5 | ((8 | (9 | ((11 | ((14 | !15) | !12)) | !10))) | !7)))) | !1) | !0)) & (16 & 17)] 2
[(!(((2 | (3 | (5 | ((8 | (9 | ((((14 | 15) | !12) | !11) | !10))) | !7)))) | !1) | !0)) & (!(17 | !16))] 2
[(!(((2 | (3 | (5 | ((8 | (9 | ((((14 | !15) | !12) | !11) | !10))) | !7)))) | !1) | !0)) & (!(17 | !16))] 1
[(!(((2 | (3 | (5 | ((8 | (9 | ((11 | (12 | (14 | 15))) | !10))) | !7)))) | !1) | !0)) & (!(17 | !16))] 0
[(!(((2 | (3 | (5 | ((8 | (9 | (((12 | (14 | 15)) | !11) | !10))) | !7)))) | !1) | !0)) & (!(17 | !16))] 1
[(!((((3 | (5 | (7 | (8 | (((11 | (12 | (14 | 15))) | !10) | !9))))) | !2) | !1) | !0)) & (16 & 17)] 0
[(!((((3 | (5 | (7 | (8 | (((11 | ((14 | 15) | !12)) | !10) | !9))))) | !2) | !1) | !0)) & (16 & 17)] 1
[(!((((3 | (5 | (7 | (8 | ((((12 | (14 | 15)) | !11) | !10) | !9))))) | !2) | !1) | !0)) & (!(17 | !16))] 1
[(!((((3 | (5 | (7 | (8 | (((((14 | 15) | !12) | !11) | !10) | !9))))) | !2) | !1) | !0)) & (!(17 | !16))] 2
[(!((((3 | (5 | (7 | ((((11 | (14 | 15)) | !10) | !9) | !8)))) | !2) | !1) | !0)) & (!(16 | !17))] 2
[(!((((3 | (5 | (7 | (((((14 | 15) | !11) | !10) | !9) | !8)))) | !2) | !1) | !0)) & (!(17 | !16))] 3
[(!((((3 | (5 | (7 | (8 | (((11 | (12 | (14 | !15))) | !10) | !9))))) | !2) | !1) | !0)) & (16 & 17)] 0
[(!((((3 | (5 | (7 | (8 | (((11 | ((14 | !15) | !12)) | !10) | !9))))) | !2) | !1) | !0)) & (16 & 17)] 2
[(!((((3 | (5 | (7 | (8 | ((((12 | (14 | !15)) | !11) | !10) | !9))))) | !2) | !1) | !0)) & (!(17 | !16))] 2
[(!((((3 | (5 | (7 | (8 | (((((14 | !15) | !12) | !11) | !10) | !9))))) | !2) | !1) | !0)) & (!(17 | !16))] 1
[(!((((3 | (5 | (7 | ((((11 | (12 | (14 | !15))) | !10) | !9) | !8)))) | !2) | !1) | !0)) & (!(17 | !16))] 0
[(!((((3 | (5 | (7 | (((((12 | (14 | !15)) | !11) | !10) | !9) | !8)))) | !2) | !1) | !0)) & (!(17 | !16))] 2
[(!(0 | ((2 | (3 | (5 | (7 | (((10 | (11 | ((14 | 15) | !13))) | !9) | !8))))) | !1))) & (!(16 | !17))] 0
[(!(0 | ((2 | (3 | (5 | (7 | (((10 | (11 | ((15 | !14) | !13))) | !9) | !8))))) | !1))) & (!(16 | !17))] 1
[(!(0 | ((2 | (3 | (5 | (7 | (((10 | (((14 | 15) | !13) | !11)) | !9) | !8))))) | !1))) & (!(16 | !17))] 2
[(!(0 | ((2 | (3 | (5 | (7 | (((10 | (((15 | !14) | !13) | !11)) | !9) | !8))))) | !1))) & (!(16 | !17))] 2
[(!(0 | ((2 | (3 | (5 | (7 | (((10 | (11 | (13 | (14 | 15)))) | !9) | !8))))) | !1))) & (!(16 | !17))] 1
[(!(0 | ((2 | (3 | (5 | (7 | (((10 | ((13 | (14 | 15)) | !11)) | !9) | !8))))) | !1))) & (!(16 | !17))] 0
[(!(((2 | (3 | (5 | (7 | (8 | (9 | ((11 | ((14 | 15) | !12)) | !10))))))) | !1) | !0)) & (!(17 | !16))] 1
[(!(((2 | (3 | (5 | (7 | (8 | (9 | ((11 | ((14 | !15) | !12)) | !10))))))) | !1) | !0)) & (!(17 | !16))] 2
[(!(((2 | (3 | (5 | (7 | (8 | (9 | ((((14 | 15) | !12) | !11) | !10))))))) | !1) | !0)) & (!(17 | !16))] 2
[(!(((2 | (3 | (5 | (7 | (8 | (9 | ((((14 | !15) | !12) | !11) | !10))))))) | !1) | !0)) & (!(17 | !16))] 1
[(!(((2 | (3 | (5 | (7 | (8 | (9 | ((11 | (12 | (14 | 15))) | !10))))))) | !1) | !0)) & (!(17 | !16))] 0
[(!(((2 | (3 | (5 | (7 | (8 | (9 | (((12 | (14 | 15)) | !11) | !10))))))) | !1) | !0)) & (!(17 | !16))] 1
State: 2 "[2]"
[(!(((2 | (3 | (5 | ((8 | (9 | (((12 | (14 | !15)) | !11) | !10))) | !7)))) | !1) | !0)) & (!(17 | !16))] 1
[(!((((3 | (5 | (7 | ((((11 | ((14 | !15) | !12)) | !10) | !9) | !8)))) | !2) | !1) | !0)) & (!(17 | !16))] 0
[(!((((3 | (5 | (7 | ((((((14 | !15) | !12) | !11) | !10) | !9) | !8)))) | !2) | !1) | !0)) & (!(17 | !16))] 3
[(!(0 | ((2 | (3 | (5 | (7 | (((10 | (11 | (13 | (15 | !14)))) | !9) | !8))))) | !1))) & (!(16 | !17))] 1
[(!(0 | ((2 | (3 | (5 | (7 | (((10 | ((13 | (15 | !14)) | !11)) | !9) | !8))))) | !1))) & (16 & 17)] 4
[(!(((2 | (3 | (5 | (7 | (8 | (9 | ((11 | (12 | (14 | !15))) | !10))))))) | !1) | !0)) & (16 & 17)] 2
[(!(((2 | (3 | (5 | (7 | (8 | (9 | (((12 | (14 | !15)) | !11) | !10))))))) | !1) | !0)) & (!(17 | !16))] 1
[(!(((2 | (3 | (5 | (7 | (((((12 & (14 | 15) | !12 & ((14 | 15) | !13)) | !11) | !10) | !9) | !8))))) | !1) | !0)) & (!(16 | !17))] 4
[(!(((2 | (3 | (5 | (7 | ((((11 | (12 & (14 | 15) | !12 & ((14 | 15) | !13))) | !10) | !9) | !8))))) | !1) | !0)) & (!(16 | !17))] 2
[(0 & ((2 & (3 | (5 | (7 | ((14 | !10) | !9)))) | !2 & (3 | (5 & (7 | (((15 | !10) | !9) | !8)) | !5 & (7 & (8 | (14 | !10)) | !7 & (8 & (((14 & 15) | !10) | !9) | !8 & (14 | !10)))))) | !1) | !0 & ((2 | (3 & (5 | (7 | ((15 | !9) | !8))) | !3 & (5 & (7 | (((15 | !10) | !9) | !8)) | !5 & (7 | ((15 | !9) | !8))))) | !1)) & (t)] 0
[(!(((2 | (3 | (5 | (7 | ((((11 | ((14 | !15) | !12)) | !10) | !9) | !8))))) | !1) | !0)) & (t)] 0
[(!(((2 | (3 | (5 | (7 | ((((((14 | !15) | !12) | !11) | !10) | !9) | !8))))) | !1) | !0)) & (t)] 4
[(!(((2 | (3 | (5 | (7 | ((((11 | ((15 | !14) | !13)) | !10) | !9) | !8))))) | !1) | !0)) & (!(16 | !17))] 2
[(!(((2 | (3 | (5 | (7 | ((((((15 | !14) | !13) | !11) | !10) | !9) | !8))))) | !1) | !0)) & (!(16 | !17))] 4
[(!(0 | ((2 | ((5 | (7 | (((10 | (11 | (13 | (15 | !14)))) | !9) | !8))) | !3)) | !1))) & (t)] 2
[(!(0 | ((2 | ((5 | (7 | (((10 | ((13 | (15 | !14)) | !11)) | !9) | !8))) | !3)) | !1))) & (t)] 2
[(!(((2 | (3 | ((7 | ((((11 | ((15 | !14) | !13)) | !10) | !9) | !8)) | !5))) | !1) | !0)) & (!(16 | !17))] 2
[(!(((2 | (3 | ((7 | ((((((15 | !14) | !13) | !11) | !10) | !9) | !8)) | !5))) | !1) | !0)) & (!(17 | !16))] 1
[(!(((2 | (3 | (5 | ((8 | (9 | ((11 | (12 | (14 | !15))) | !10))) | !7)))) | !1) | !0)) & (!(17 | !16))] 0
[(!(((2 | (3 | (5 | (7 | ((((11 | (12 | (13 | (14 | 15)))) | !10) | !9) | !8))))) | !1) | !0)) & (!(16 | !17))] 2
[(!(((2 | (3 | (5 | (7 | (((((12 | (13 | (14 | 15))) | !11) | !10) | !9) | !8))))) | !1) | !0)) & (!(16 | !17))] 4
[(!(((2 | (3 | (5 | (7 | ((((11 | (13 | (15 | !14))) | !10) | !9) | !8))))) | !1) | !0)) & (!(16 | !17))] 0
[(!(((2 | (3 | (5 | (7 | (((((13 | (15 | !14)) | !11) | !10) | !9) | !8))))) | !1) | !0)) & (!(16 | !17))] 3
[(!(((2 | (3 | (5 | (7 | ((((11 | (12 | (14 | !15))) | !10) | !9) | !8))))) | !1) | !0)) & (t)] 4
[(!(((2 | (3 | (5 | (7 | (((((12 | (14 | !15)) | !11) | !10) | !9) | !8))))) | !1) | !0)) & (t)] 1
[(!(0 | ((2 | ((5 | (7 | ((((11 | (13 | (14 | 15))) | !10) | !9) | !8))) | !3)) | !1))) & (!(16 | !17))] 1
[(!(0 | ((2 | ((5 | (7 | ((((11 | (13 | (15 | !14))) | !10) | !9) | !8))) | !3)) | !1))) & (!(16 | !17))] 0
[(!(0 | ((2 | ((5 | (7 | ((((11 | ((14 | 15) | !13)) | !10) | !9) | !8))) | !3)) | !1))) & (!(16 | !17))] 1
[(!(0 | ((2 | ((5 | (7 | ((((11 | ((15 | !14) | !13)) | !10) | !9) | !8))) | !3)) | !1))) & (!(16 | !17))] 1
[(!(0 | ((2 | ((5 | (7 | (((((13 | (14 | 15)) | !11) | !10) | !9) | !8))) | !3)) | !1))) & (!(16 | !17))] 2
[(!(0 | ((2 | ((5 | (7 | (((((13 | (15 | !14)) | !11) | !10) | !9) | !8))) | !3)) | !1))) & (!(16 | !17))] 3
[(!(0 | ((2 | ((5 | (7 | ((((((14 | 15) | !13) | !11) | !10) | !9) | !8))) | !3)) | !1))) & (!(16 | !17))] 2
[(!(0 | ((2 | ((5 | (7 | ((((((15 | !14) | !13) | !11) | !10) | !9) | !8))) | !3)) | !1))) & (!(16 | !17))] 2
[(!(((2 | (3 | (5 | ((8 | (((11 | (12 | (14 | 15))) | !10) | !9)) | !7)))) | !1) | !0)) & (!(17 | !16))] 3
[(!(((2 | (3 | (5 | ((8 | (((11 | (12 | (14 | !15))) | !10) | !9)) | !7)))) | !1) | !0)) & (!(17 | !16))] 1
[(!(((2 | (3 | (5 | ((8 | (((11 | ((14 | 15) | !12)) | !10) | !9)) | !7)))) | !1) | !0)) & (!(17 | !16))] 0
[(!(((2 | (3 | (5 | ((8 | (((11 | ((14 | !15) | !12)) | !10) | !9)) | !7)))) | !1) | !0)) & (!(17 | !16))] 0
[(!(((2 | (3 | (5 | ((8 | ((((12 | (14 | 15)) | !11) | !10) | !9)) | !7)))) | !1) | !0)) & (!(17 | !16))] 1
[(!(((2 | (3 | (5 | ((8 | ((((12 | (14 | !15)) | !11) | !10) | !9)) | !7)))) | !1) | !0)) & (!(17 | !16))] 2
[(!(((2 | (3 | (5 | ((8 | (((((14 | 15) | !12) | !11) | !10) | !9)) | !7)))) | !1) | !0)) & (!(17 | !16))] 2
[(!(((2 | (3 | (5 | ((8 | (((((14 | !15) | !12) | !11) | !10) | !9)) | !7)))) | !1) | !0)) & (!(17 | !16))] 1
[(!(0 | ((2 | (3 | (5 | (7 | ((((11 | (13 | (14 | 15))) | !10) | !9) | !8))))) | !1))) & (!(16 | !17))] 1
[(!(0 | ((2 | (3 | (5 | (7 | ((((11 | (13 | (15 | !14))) | !10) | !9) | !8))))) | !1))) & (!(16 | !17))] 0
[(!(0 | ((2 | (3 | (5 | (7 | ((((11 | ((14 | 15) | !13)) | !10) | !9) | !8))))) | !1))) & (!(16 | !17))] 0
[(!(0 | ((2 | (3 | (5 | (7 | ((((11 | ((15 | !14) | !13)) | !10) | !9) | !8))))) | !1))) & (!(16 | !17))] 1
[(!(0 | ((2 | (3 | (5 | (7 | (((((13 | (14 | 15)) | !11) | !10) | !9) | !8))))) | !1))) & (!(16 | !17))] 2
[(!(0 | ((2 | (3 | (5 | (7 | (((((13 | (15 | !14)) | !11) | !10) | !9) | !8))))) | !1))) & (!(16 | !17))] 3
[(!(0 | ((2 | (3 | (5 | (7 | ((((((14 | 15) | !13) | !11) | !10) | !9) | !8))))) | !1))) & (16 & 17)] 2
[(!(0 | ((2 | (3 | (5 | (7 | ((((((15 | !14) | !13) | !11) | !10) | !9) | !8))))) | !1))) & (!(16 | !17))] 3
[(!(0 | ((2 | ((5 | (7 | (((10 | (11 | ((14 | 15) | !13))) | !9) | !8))) | !3)) | !1))) & (t)] 2
[(!(0 | ((2 | ((5 | (7 | (((10 | (11 | ((15 | !14) | !13))) | !9) | !8))) | !3)) | !1))) & (t)] 0
[(!(0 | ((2 | ((5 | (7 | (((10 | (((14 | 15) | !13) | !11)) | !9) | !8))) | !3)) | !1))) & (t)] 3
[(!(0 | ((2 | ((5 | (7 | (((10 | (((15 | !14) | !13) | !11)) | !9) | !8))) | !3)) | !1))) & (t)] 3
[(!(0 | ((2 | (3 | ((7 | ((((11 | (13 | (14 | 15))) | !10) | !9) | !8)) | !5))) | !1))) & (!(16 | !17))] 1
[(!(0 | ((2 | (3 | ((7 | ((((11 | (13 | (15 | !14))) | !10) | !9) | !8)) | !5))) | !1))) & (!(16 | !17))] 0
[(!(0 | ((2 | (3 | ((7 | ((((11 | ((14 | 15) | !13)) | !10) | !9) | !8)) | !5))) | !1))) & (!(16 | !17))] 1
[(!(0 | ((2 | (3 | ((7 | ((((11 | ((15 | !14) | !13)) | !10) | !9) | !8)) | !5))) | !1))) & (!(16 | !17))] 1
[(!(0 | ((2 | (3 | ((7 | (((((13 | (14 | 15)) | !11) | !10) | !9) | !8)) | !5))) | !1))) & (16 & 17)] 4
[(!(0 | ((2 | (3 | ((7 | (((((13 | (15 | !14)) | !11) | !10) | !9) | !8)) | !5))) | !1))) & (16 & 17)] 1
[(!(0 | ((2 | (3 | ((7 | ((((((14 | 15) | !13) | !11) | !10) | !9) | !8)) | !5))) | !1))) & (16 & 17)] 2
[(!(0 | ((2 | (3 | ((7 | ((((((15 | !14) | !13) | !11) | !10) | !9) | !8)) | !5))) | !1))) & (16 & 17)] 4
[(!(((2 | (3 | ((7 | ((((11 | (13 | (15 | !14))) | !10) | !9) | !8)) | !5))) | !1) | !0)) & (!(16 | !17))] 0
[(!(((2 | (3 | ((7 | (((((13 | (15 | !14)) | !11) | !10) | !9) | !8)) | !5))) | !1) | !0)) & (!(16 | !17))] 1
[(!(0 | ((2 | ((5 | (7 | (((10 | (11 | (13 | (14 | 15)))) | !9) | !8))) | !3)) | !1))) & (t)] 2
[(!(0 | ((2 | ((5 | (7 | (((10 | ((13 | (14 | 15)) | !11)) | !9) | !8))) | !3)) | !1))) & (t)] 3
[(!(((2 | (3 | ((7 | ((((11 | (14 | 15)) | !10) | !9) | !8)) | !5))) | !1) | !0)) & (!(16 | !17))] 2
[(!(((2 | (3 | ((7 | (((((14 | 15) | !11) | !10) | !9) | !8)) | !5))) | !1) | !0)) & (!(17 | !16))] 1
[(!(((2 | (3 | (5 | (7 | (8 | (((11 | (12 | (14 | 15))) | !10) | !9)))))) | !1) | !0)) & (16 & 17)] 0
[(!(((2 | (3 | (5 | (7 | (8 | (((11 | (12 | (14 | !15))) | !10) | !9)))))) | !1) | !0)) & (16 & 17)] 0
[(!(((2 | (3 | (5 | (7 | (8 | (((11 | ((14 | 15) | !12)) | !10) | !9)))))) | !1) | !0)) & (16 & 17)] 3
[(!(((2 | (3 | (5 | (7 | (8 | (((11 | ((14 | !15) | !12)) | !10) | !9)))))) | !1) | !0)) & (16 & 17)] 0
[(!(((2 | (3 | (5 | (7 | (8 | ((((12 | (14 | 15)) | !11) | !10) | !9)))))) | !1) | !0)) & (!(17 | !16))] 1
[(!(((2 | (3 | (5 | (7 | (8 | ((((12 | (14 | !15)) | !11) | !10) | !9)))))) | !1) | !0)) & (!(17 | !16))] 2
[(!(((2 | (3 | (5 | (7 | (8 | (((((14 | 15) | !12) | !11) | !10) | !9)))))) | !1) | !0)) & (!(17 | !16))] 2
[(!(((2 | (3 | (5 | (7 | (8 | (((((14 | !15) | !12) | !11) | !10) | !9)))))) | !1) | !0)) & (!(17 | !16))] 1
[(!(((2 | (3 | (5 | ((8 | (9 | ((11 | ((14 | 15) | !12)) | !10))) | !7)))) | !1) | !0)) & (!(17 | !16))] 0
[(!(((2 | (3 | (5 | ((8 | (9 | ((11 | ((14 | !15) | !12)) | !10))) | !7)))) | !1) | !0)) & (!(17 | !16))] 2
[(!(((2 | (3 | (5 | ((8 | (9 | ((((14 | 15) | !12) | !11) | !10))) | !7)))) | !1) | !0)) & (!(17 | !16))] 2
[(!(((2 | (3 | (5 | ((8 | (9 | ((((14 | !15) | !12) | !11) | !10))) | !7)))) | !1) | !0)) & (!(17 | !16))] 1
[(!(((2 | (3 | (5 | ((8 | (9 | ((11 | (12 | (14 | 15))) | !10))) | !7)))) | !1) | !0)) & (!(17 | !16))] 0
[(!(((2 | (3 | (5 | ((8 | (9 | (((12 | (14 | 15)) | !11) | !10))) | !7)))) | !1) | !0)) & (!(17 | !16))] 1
[(!((((3 | (5 | (7 | (8 | (((11 | (12 | (14 | 15))) | !10) | !9))))) | !2) | !1) | !0)) & (!(17 | !16))] 3
[(!((((3 | (5 | (7 | (8 | (((11 | ((14 | 15) | !12)) | !10) | !9))))) | !2) | !1) | !0)) & (!(17 | !16))] 1
[(!((((3 | (5 | (7 | (8 | ((((12 | (14 | 15)) | !11) | !10) | !9))))) | !2) | !1) | !0)) & (!(17 | !16))] 1
[(!((((3 | (5 | (7 | (8 | (((((14 | 15) | !12) | !11) | !10) | !9))))) | !2) | !1) | !0)) & (!(17 | !16))] 2
[(!((((3 | (5 | (7 | ((((11 | (14 | 15)) | !10) | !9) | !8)))) | !2) | !1) | !0)) & (!(17 | !16))] 0
[(!((((3 | (5 | (7 | (((((14 | 15) | !11) | !10) | !9) | !8)))) | !2) | !1) | !0)) & (!(17 | !16))] 3
[(!((((3 | (5 | (7 | (8 | (((11 | (12 | (14 | !15))) | !10) | !9))))) | !2) | !1) | !0)) & (!(17 | !16))] 1
[(!((((3 | (5 | (7 | (8 | (((11 | ((14 | !15) | !12)) | !10) | !9))))) | !2) | !1) | !0)) & (!(17 | !16))] 2
[(!((((3 | (5 | (7 | (8 | ((((12 | (14 | !15)) | !11) | !10) | !9))))) | !2) | !1) | !0)) & (!(17 | !16))] 2
[(!((((3 | (5 | (7 | (8 | (((((14 | !15) | !12) | !11) | !10) | !9))))) | !2) | !1) | !0)) & (!(17 | !16))] 1
[(!((((3 | (5 | (7 | ((((11 | (12 | (14 | !15))) | !10) | !9) | !8)))) | !2) | !1) | !0)) & (!(17 | !16))] 0
[(!((((3 | (5 | (7 | (((((12 | (14 | !15)) | !11) | !10) | !9) | !8)))) | !2) | !1) | !0)) & (!(17 | !16))] 2
[(!(0 | ((2 | (3 | (5 | (7 | (((10 | (11 | ((14 | 15) | !13))) | !9) | !8))))) | !1))) & (!(16 | !17))] 1
[(!(0 | ((2 | (3 | (5 | (7 | (((10 | (11 | ((15 | !14) | !13))) | !9) | !8))))) | !1))) & (!(16 | !17))] 1
[(!(0 | ((2 | (3 | (5 | (7 | (((10 | (((14 | 15) | !13) | !11)) | !9) | !8))))) | !1))) & (16 & 17)] 2
[(!(0 | ((2 | (3 | (5 | (7 | (((10 | (((15 | !14) | !13) | !11)) | !9) | !8))))) | !1))) & (16 & 17)] 4
[(!(0 | ((2 | (3 | (5 | (7 | (((10 | (11 | (13 | (14 | 15)))) | !9) | !8))))) | !1))) & (!(16 | !17))] 1
[(!(0 | ((2 | (3 | (5 | (7 | (((10 | ((13 | (14 | 15)) | !11)) | !9) | !8))))) | !1))) & (16 & 17)] 4
[(!(((2 | (3 | (5 | (7 | (8 | (9 | ((11 | ((14 | 15) | !12)) | !10))))))) | !1) | !0)) & (16 & 17)] 4
[(!(((2 | (3 | (5 | (7 | (8 | (9 | ((11 | ((14 | !15) | !12)) | !10))))))) | !1) | !0)) & (16 & 17)] 2
[(!(((2 | (3 | (5 | (7 | (8 | (9 | ((((14 | 15) | !12) | !11) | !10))))))) | !1) | !0)) & (!(17 | !16))] 2
[(!(((2 | (3 | (5 | (7 | (8 | (9 | ((((14 | !15) | !12) | !11) | !10))))))) | !1) | !0)) & (!(17 | !16))] 1
[(!(((2 | (3 | (5 | (7 | (8 | (9 | ((11 | (12 | (14 | 15))) | !10))))))) | !1) | !0)) & (16 & 17)] 4
[(!(((2 | (3 | (5 | (7 | (8 | (9 | (((12 | (14 | 15)) | !11) | !10))))))) | !1) | !0)) & (!(17 | !16))] 1
State: 3 "[3]"
[(!(((2 | (3 | (5 | ((8 | (9 | (((12 | (14 | !15)) | !11) | !10))) | !7)))) | !1) | !0)) & (!(17 | !16))] 1
[(!((((3 | (5 | (7 | ((((11 | ((14 | !15) | !12)) | !10) | !9) | !8)))) | !2) | !1) | !0)) & (t)] 1
[(!((((3 | (5 | (7 | ((((((14 | !15) | !12) | !11) | !10) | !9) | !8)))) | !2) | !1) | !0)) & (t)] 2
[(!(0 | ((2 | (3 | (5 | (7 | (((10 | (11 | (13 | (15 | !14)))) | !9) | !8))))) | !1))) & (t)] 3
[(!(0 | ((2 | (3 | (5 | (7 | (((10 | ((13 | (15 | !14)) | !11)) | !9) | !8))))) | !1))) & (t)] 4
[(!(((2 | (3 | (5 | (7 | (8 | (9 | ((11 | (12 | (14 | !15))) | !10))))))) | !1) | !0)) & (t)] 1
[(!(((2 | (3 | (5 | (7 | (8 | (9 | (((12 | (14 | !15)) | !11) | !10))))))) | !1) | !0)) & (t)] 3
[(!(((2 | (3 | (5 | (7 | (((((12 & (14 | 15) | !12 & ((14 | 15) | !13)) | !11) | !10) | !9) | !8))))) | !1) | !0)) & (!(17 | !16))] 3
[(!(((2 | (3 | (5 | (7 | ((((11 | (12 & (14 | 15) | !12 & ((14 | 15) | !13))) | !10) | !9) | !8))))) | !1) | !0)) & (!(17 | !16))] 0
[(0 & ((2 & (3 | (5 | (7 | ((14 | !10) | !9)))) | !2 & (3 | (5 & (7 | (((15 | !10) | !9) | !8)) | !5 & (7 & (8 | (14 | !10)) | !7 & (8 & (((14 & 15) | !10) | !9) | !8 & (14 | !10)))))) | !1) | !0 & ((2 | (3 & (5 | (7 | ((15 | !9) | !8))) | !3 & (5 & (7 | (((15 | !10) | !9) | !8)) | !5 & (7 | ((15 | !9) | !8))))) | !1)) & (t)] 2
[(!(((2 | (3 | (5 | (7 | ((((11 | ((14 | !15) | !12)) | !10) | !9) | !8))))) | !1) | !0)) & (!(17 | !16))] 0
[(!(((2 | (3 | (5 | (7 | ((((((14 | !15) | !12) | !11) | !10) | !9) | !8))))) | !1) | !0)) & (!(17 | !16))] 1
[(!(((2 | (3 | (5 | (7 | ((((11 | ((15 | !14) | !13)) | !10) | !9) | !8))))) | !1) | !0)) & (t)] 4
[(!(((2 | (3 | (5 | (7 | ((((((15 | !14) | !13) | !11) | !10) | !9) | !8))))) | !1) | !0)) & (t)] 1
[(!(0 | ((2 | ((5 | (7 | (((10 | (11 | (13 | (15 | !14)))) | !9) | !8))) | !3)) | !1))) & (!(16 | !17))] 1
[(!(0 | ((2 | ((5 | (7 | (((10 | ((13 | (15 | !14)) | !11)) | !9) | !8))) | !3)) | !1))) & (!(16 | !17))] 0
[(!(((2 | (3 | ((7 | ((((11 | ((15 | !14) | !13)) | !10) | !9) | !8)) | !5))) | !1) | !0)) & (t)] 0
[(!(((2 | (3 | ((7 | ((((((15 | !14) | !13) | !11) | !10) | !9) | !8)) | !5))) | !1) | !0)) & (t)] 1
[(!(((2 | (3 | (5 | ((8 | (9 | ((11 | (12 | (14 | !15))) | !10))) | !7)))) | !1) | !0)) & (!(17 | !16))] 0
[(!(((2 | (3 | (5 | (7 | ((((11 | (12 | (13 | (14 | 15)))) | !10) | !9) | !8))))) | !1) | !0)) & (!(17 | !16))] 0
[(!(((2 | (3 | (5 | (7 | (((((12 | (13 | (14 | 15))) | !11) | !10) | !9) | !8))))) | !1) | !0)) & (!(17 | !16))] 3
[(!(((2 | (3 | (5 | (7 | ((((11 | (13 | (15 | !14))) | !10) | !9) | !8))))) | !1) | !0)) & (t)] 2
[(!(((2 | (3 | (5 | (7 | (((((13 | (15 | !14)) | !11) | !10) | !9) | !8))))) | !1) | !0)) & (t)] 1
[(!(((2 | (3 | (5 | (7 | ((((11 | (12 | (14 | !15))) | !10) | !9) | !8))))) | !1) | !0)) & (!(17 | !16))] 0
[(!(((2 | (3 | (5 | (7 | (((((12 | (14 | !15)) | !11) | !10) | !9) | !8))))) | !1) | !0)) & (!(17 | !16))] 2
[(!(0 | ((2 | ((5 | (7 | ((((11 | (13 | (14 | 15))) | !10) | !9) | !8))) | !3)) | !1))) & (!(16 | !17))] 1
[(!(0 | ((2 | ((5 | (7 | ((((11 | (13 | (15 | !14))) | !10) | !9) | !8))) | !3)) | !1))) & (!(16 | !17))] 0
[(!(0 | ((2 | ((5 | (7 | ((((11 | ((14 | 15) | !13)) | !10) | !9) | !8))) | !3)) | !1))) & (!(16 | !17))] 0
[(!(0 | ((2 | ((5 | (7 | ((((11 | ((15 | !14) | !13)) | !10) | !9) | !8))) | !3)) | !1))) & (!(16 | !17))] 1
[(!(0 | ((2 | ((5 | (7 | (((((13 | (14 | 15)) | !11) | !10) | !9) | !8))) | !3)) | !1))) & (!(16 | !17))] 2
[(!(0 | ((2 | ((5 | (7 | (((((13 | (15 | !14)) | !11) | !10) | !9) | !8))) | !3)) | !1))) & (!(16 | !17))] 3
[(!(0 | ((2 | ((5 | (7 | ((((((14 | 15) | !13) | !11) | !10) | !9) | !8))) | !3)) | !1))) & (16 & 17)] 2
[(!(0 | ((2 | ((5 | (7 | ((((((15 | !14) | !13) | !11) | !10) | !9) | !8))) | !3)) | !1))) & (!(16 | !17))] 2
[(!(((2 | (3 | (5 | ((8 | (((11 | (12 | (14 | 15))) | !10) | !9)) | !7)))) | !1) | !0)) & (16 & 17)] 0
[(!(((2 | (3 | (5 | ((8 | (((11 | (12 | (14 | !15))) | !10) | !9)) | !7)))) | !1) | !0)) & (!(17 | !16))] 3
[(!(((2 | (3 | (5 | ((8 | (((11 | ((14 | 15) | !12)) | !10) | !9)) | !7)))) | !1) | !0)) & (16 & 17)] 3
[(!(((2 | (3 | (5 | ((8 | (((11 | ((14 | !15) | !12)) | !10) | !9)) | !7)))) | !1) | !0)) & (!(17 | !16))] 0
[(!(((2 | (3 | (5 | ((8 | ((((12 | (14 | 15)) | !11) | !10) | !9)) | !7)))) | !1) | !0)) & (!(17 | !16))] 1
[(!(((2 | (3 | (5 | ((8 | ((((12 | (14 | !15)) | !11) | !10) | !9)) | !7)))) | !1) | !0)) & (!(17 | !16))] 2
[(!(((2 | (3 | (5 | ((8 | (((((14 | 15) | !12) | !11) | !10) | !9)) | !7)))) | !1) | !0)) & (!(17 | !16))] 2
[(!(((2 | (3 | (5 | ((8 | (((((14 | !15) | !12) | !11) | !10) | !9)) | !7)))) | !1) | !0)) & (!(17 | !16))] 1
[(!(0 | ((2 | (3 | (5 | (7 | ((((11 | (13 | (14 | 15))) | !10) | !9) | !8))))) | !1))) & (!(16 | !17))] 1
[(!(0 | ((2 | (3 | (5 | (7 | ((((11 | (13 | (15 | !14))) | !10) | !9) | !8))))) | !1))) & (!(16 | !17))] 0
[(!(0 | ((2 | (3 | (5 | (7 | ((((11 | ((14 | 15) | !13)) | !10) | !9) | !8))))) | !1))) & (!(16 | !17))] 0
[(!(0 | ((2 | (3 | (5 | (7 | ((((11 | ((15 | !14) | !13)) | !10) | !9) | !8))))) | !1))) & (!(16 | !17))] 1
[(!(0 | ((2 | (3 | (5 | (7 | (((((13 | (14 | 15)) | !11) | !10) | !9) | !8))))) | !1))) & (16 & 17)] 3
[(!(0 | ((2 | (3 | (5 | (7 | (((((13 | (15 | !14)) | !11) | !10) | !9) | !8))))) | !1))) & (!(16 | !17))] 3
[(!(0 | ((2 | (3 | (5 | (7 | ((((((14 | 15) | !13) | !11) | !10) | !9) | !8))))) | !1))) & (16 & 17)] 3
[(!(0 | ((2 | (3 | (5 | (7 | ((((((15 | !14) | !13) | !11) | !10) | !9) | !8))))) | !1))) & (16 & 17)] 4
[(!(0 | ((2 | ((5 | (7 | (((10 | (11 | ((14 | 15) | !13))) | !9) | !8))) | !3)) | !1))) & (!(16 | !17))] 0
[(!(0 | ((2 | ((5 | (7 | (((10 | (11 | ((15 | !14) | !13))) | !9) | !8))) | !3)) | !1))) & (!(16 | !17))] 1
[(!(0 | ((2 | ((5 | (7 | (((10 | (((14 | 15) | !13) | !11)) | !9) | !8))) | !3)) | !1))) & (16 & 17)] 3
[(!(0 | ((2 | ((5 | (7 | (((10 | (((15 | !14) | !13) | !11)) | !9) | !8))) | !3)) | !1))) & (!(16 | !17))] 0
[(!(0 | ((2 | (3 | ((7 | ((((11 | (13 | (14 | 15))) | !10) | !9) | !8)) | !5))) | !1))) & (!(16 | !17))] 1
[(!(0 | ((2 | (3 | ((7 | ((((11 | (13 | (15 | !14))) | !10) | !9) | !8)) | !5))) | !1))) & (t)] 2
[(!(0 | ((2 | (3 | ((7 | ((((11 | ((14 | 15) | !13)) | !10) | !9) | !8)) | !5))) | !1))) & (!(16 | !17))] 1
[(!(0 | ((2 | (3 | ((7 | ((((11 | ((15 | !14) | !13)) | !10) | !9) | !8)) | !5))) | !1))) & (t)] 4
[(!(0 | ((2 | (3 | ((7 | (((((13 | (14 | 15)) | !11) | !10) | !9) | !8)) | !5))) | !1))) & (16 & 17)] 4
[(!(0 | ((2 | (3 | ((7 | (((((13 | (15 | !14)) | !11) | !10) | !9) | !8)) | !5))) | !1))) & (t)] 1
[(!(0 | ((2 | (3 | ((7 | ((((((14 | 15) | !13) | !11) | !10) | !9) | !8)) | !5))) | !1))) & (16 & 17)] 2
[(!(0 | ((2 | (3 | ((7 | ((((((15 | !14) | !13) | !11) | !10) | !9) | !8)) | !5))) | !1))) & (t)] 1
[(!(((2 | (3 | ((7 | ((((11 | (13 | (15 | !14))) | !10) | !9) | !8)) | !5))) | !1) | !0)) & (t)] 4
[(!(((2 | (3 | ((7 | (((((13 | (15 | !14)) | !11) | !10) | !9) | !8)) | !5))) | !1) | !0)) & (t)] 3
[(!(0 | ((2 | ((5 | (7 | (((10 | (11 | (13 | (14 | 15)))) | !9) | !8))) | !3)) | !1))) & (!(16 | !17))] 1
[(!(0 | ((2 | ((5 | (7 | (((10 | ((13 | (14 | 15)) | !11)) | !9) | !8))) | !3)) | !1))) & (!(16 | !17))] 0
[(!(((2 | (3 | ((7 | ((((11 | (14 | 15)) | !10) | !9) | !8)) | !5))) | !1) | !0)) & (!(16 | !17))] 2
[(!(((2 | (3 | ((7 | (((((14 | 15) | !11) | !10) | !9) | !8)) | !5))) | !1) | !0)) & (!(17 | !16))] 1
[(!(((2 | (3 | (5 | (7 | (8 | (((11 | (12 | (14 | 15))) | !10) | !9)))))) | !1) | !0)) & (!(17 | !16))] 3
[(!(((2 | (3 | (5 | (7 | (8 | (((11 | (12 | (14 | !15))) | !10) | !9)))))) | !1) | !0)) & (!(17 | !16))] 1
[(!(((2 | (3 | (5 | (7 | (8 | (((11 | ((14 | 15) | !12)) | !10) | !9)))))) | !1) | !0)) & (16 & 17)] 0
[(!(((2 | (3 | (5 | (7 | (8 | (((11 | ((14 | !15) | !12)) | !10) | !9)))))) | !1) | !0)) & (16 & 17)] 0
[(!(((2 | (3 | (5 | (7 | (8 | ((((12 | (14 | 15)) | !11) | !10) | !9)))))) | !1) | !0)) & (!(17 | !16))] 1
[(!(((2 | (3 | (5 | (7 | (8 | ((((12 | (14 | !15)) | !11) | !10) | !9)))))) | !1) | !0)) & (!(17 | !16))] 2
[(!(((2 | (3 | (5 | (7 | (8 | (((((14 | 15) | !12) | !11) | !10) | !9)))))) | !1) | !0)) & (!(17 | !16))] 2
[(!(((2 | (3 | (5 | (7 | (8 | (((((14 | !15) | !12) | !11) | !10) | !9)))))) | !1) | !0)) & (!(17 | !16))] 1
[(!(((2 | (3 | (5 | ((8 | (9 | ((11 | ((14 | 15) | !12)) | !10))) | !7)))) | !1) | !0)) & (16 & 17)] 4
[(!(((2 | (3 | (5 | ((8 | (9 | ((11 | ((14 | !15) | !12)) | !10))) | !7)))) | !1) | !0)) & (16 & 17)] 2
[(!(((2 | (3 | (5 | ((8 | (9 | ((((14 | 15) | !12) | !11) | !10))) | !7)))) | !1) | !0)) & (!(17 | !16))] 2
[(!(((2 | (3 | (5 | ((8 | (9 | ((((14 | !15) | !12) | !11) | !10))) | !7)))) | !1) | !0)) & (!(17 | !16))] 1
[(!(((2 | (3 | (5 | ((8 | (9 | ((11 | (12 | (14 | 15))) | !10))) | !7)))) | !1) | !0)) & (!(17 | !16))] 0
[(!(((2 | (3 | (5 | ((8 | (9 | (((12 | (14 | 15)) | !11) | !10))) | !7)))) | !1) | !0)) & (!(17 | !16))] 1
[(!((((3 | (5 | (7 | (8 | (((11 | (12 | (14 | 15))) | !10) | !9))))) | !2) | !1) | !0)) & (16 & 17)] 2
[(!((((3 | (5 | (7 | (8 | (((11 | ((14 | 15) | !12)) | !10) | !9))))) | !2) | !1) | !0)) & (16 & 17)] 0
[(!((((3 | (5 | (7 | (8 | ((((12 | (14 | 15)) | !11) | !10) | !9))))) | !2) | !1) | !0)) & (!(17 | !16))] 1
[(!((((3 | (5 | (7 | (8 | (((((14 | 15) | !12) | !11) | !10) | !9))))) | !2) | !1) | !0)) & (!(17 | !16))] 2
[(!((((3 | (5 | (7 | ((((11 | (14 | 15)) | !10) | !9) | !8)))) | !2) | !1) | !0)) & (!(16 | !17))] 2
[(!((((3 | (5 | (7 | (((((14 | 15) | !11) | !10) | !9) | !8)))) | !2) | !1) | !0)) & (!(17 | !16))] 1
[(!((((3 | (5 | (7 | (8 | (((11 | (12 | (14 | !15))) | !10) | !9))))) | !2) | !1) | !0)) & (t)] 0
[(!((((3 | (5 | (7 | (8 | (((11 | ((14 | !15) | !12)) | !10) | !9))))) | !2) | !1) | !0)) & (t)] 3
[(!((((3 | (5 | (7 | (8 | ((((12 | (14 | !15)) | !11) | !10) | !9))))) | !2) | !1) | !0)) & (t)] 3
[(!((((3 | (5 | (7 | (8 | (((((14 | !15) | !12) | !11) | !10) | !9))))) | !2) | !1) | !0)) & (t)] 3
[(!((((3 | (5 | (7 | ((((11 | (12 | (14 | !15))) | !10) | !9) | !8)))) | !2) | !1) | !0)) & (t)] 0
[(!((((3 | (5 | (7 | (((((12 | (14 | !15)) | !11) | !10) | !9) | !8)))) | !2) | !1) | !0)) & (t)] 3
[(!(0 | ((2 | (3 | (5 | (7 | (((10 | (11 | ((14 | 15) | !13))) | !9) | !8))))) | !1))) & (t)] 0
[(!(0 | ((2 | (3 | (5 | (7 | (((10 | (11 | ((15 | !14) | !13))) | !9) | !8))))) | !1))) & (t)] 4
[(!(0 | ((2 | (3 | (5 | (7 | (((10 | (((14 | 15) | !13) | !11)) | !9) | !8))))) | !1))) & (t)] 1
[(!(0 | ((2 | (3 | (5 | (7 | (((10 | (((15 | !14) | !13) | !11)) | !9) | !8))))) | !1))) & (t)] 2
[(!(0 | ((2 | (3 | (5 | (7 | (((10 | (11 | (13 | (14 | 15)))) | !9) | !8))))) | !1))) & (t)] 3
[(!(0 | ((2 | (3 | (5 | (7 | (((10 | ((13 | (14 | 15)) | !11)) | !9) | !8))))) | !1))) & (t)] 4
[(!(((2 | (3 | (5 | (7 | (8 | (9 | ((11 | ((14 | 15) | !12)) | !10))))))) | !1) | !0)) & (t)] 0
[(!(((2 | (3 | (5 | (7 | (8 | (9 | ((11 | ((14 | !15) | !12)) | !10))))))) | !1) | !0)) & (t)] 3
[(!(((2 | (3 | (5 | (7 | (8 | (9 | ((((14 | 15) | !12) | !11) | !10))))))) | !1) | !0)) & (t)] 0
[(!(((2 | (3 | (5 | (7 | (8 | (9 | ((((14 | !15) | !12) | !11) | !10))))))) | !1) | !0)) & (t)] 0
[(!(((2 | (3 | (5 | (7 | (8 | (9 | ((11 | (12 | (14 | 15))) | !10))))))) | !1) | !0)) & (t)] 4
[(!(((2 | (3 | (5 | (7 | (8 | (9 | (((12 | (14 | 15)) | !11) | !10))))))) | !1) | !0)) & (t)] 4
State: 4 "[4]"
[(!(((2 | (3 | (5 | ((8 | (9 | (((12 | (14 | !15)) | !11) | !10))) | !7)))) | !1) | !0)) & (t)] 1
[(!((((3 | (5 | (7 | ((((11 | ((14 | !15) | !12)) | !10) | !9) | !8)))) | !2) | !1) | !0)) & (t)] 2
[(!((((3 | (5 | (7 | ((((((14 | !15) | !12) | !11) | !10) | !9) | !8)))) | !2) | !1) | !0)) & (t)] 3
[(!(0 | ((2 | (3 | (5 | (7 | (((10 | (11 | (13 | (15 | !14)))) | !9) | !8))))) | !1))) & (t)] 2
[(!(0 | ((2 | (3 | (5 | (7 | (((10 | ((13 | (15 | !14)) | !11)) | !9) | !8))))) | !1))) & (t)] 4
[(!(((2 | (3 | (5 | (7 | (8 | (9 | ((11 | (12 | (14 | !15))) | !10))))))) | !1) | !0)) & (t)] 1
[(!(((2 | (3 | (5 | (7 | (8 | (9 | (((12 | (14 | !15)) | !11) | !10))))))) | !1) | !0)) & (t)] 3
[(!(((2 | (3 | (5 | (7 | (((((12 & (14 | 15) | !12 & ((14 | 15) | !13)) | !11) | !10) | !9) | !8))))) | !1) | !0)) & (!(17 | !16))] 3
[(!(((2 | (3 | (5 | (7 | ((((11 | (12 & (14 | 15) | !12 & ((14 | 15) | !13))) | !10) | !9) | !8))))) | !1) | !0)) & (!(16 | !17))] 2
[(0 & ((2 & (3 | (5 | (7 | ((14 | !10) | !9)))) | !2 & (3 | (5 & (7 | (((15 | !10) | !9) | !8)) | !5 & (7 & (8 | (14 | !10)) | !7 & (8 & (((14 & 15) | !10) | !9) | !8 & (14 | !10)))))) | !1) | !0 & ((2 | (3 & (5 | (7 | ((15 | !9) | !8))) | !3 & (5 & (7 | (((15 | !10) | !9) | !8)) | !5 & (7 | ((15 | !9) | !8))))) | !1)) & (t)] 1
[(!(((2 | (3 | (5 | (7 | ((((11 | ((14 | !15) | !12)) | !10) | !9) | !8))))) | !1) | !0)) & (t)] 3
[(!(((2 | (3 | (5 | (7 | ((((((14 | !15) | !12) | !11) | !10) | !9) | !8))))) | !1) | !0)) & (t)] 3
[(!(((2 | (3 | (5 | (7 | ((((11 | ((15 | !14) | !13)) | !10) | !9) | !8))))) | !1) | !0)) & (!(16 | !17))] 2
[(!(((2 | (3 | (5 | (7 | ((((((15 | !14) | !13) | !11) | !10) | !9) | !8))))) | !1) | !0)) & (!(17 | !16))] 1
[(!(0 | ((2 | ((5 | (7 | (((10 | (11 | (13 | (15 | !14)))) | !9) | !8))) | !3)) | !1))) & (t)] 2
[(!(0 | ((2 | ((5 | (7 | (((10 | ((13 | (15 | !14)) | !11)) | !9) | !8))) | !3)) | !1))) & (t)] 0
[(!(((2 | (3 | ((7 | ((((11 | ((15 | !14) | !13)) | !10) | !9) | !8)) | !5))) | !1) | !0)) & (t)] 2
[(!(((2 | (3 | ((7 | ((((((15 | !14) | !13) | !11) | !10) | !9) | !8)) | !5))) | !1) | !0)) & (t)] 0
[(!(((2 | (3 | (5 | ((8 | (9 | ((11 | (12 | (14 | !15))) | !10))) | !7)))) | !1) | !0)) & (t)] 0
[(!(((2 | (3 | (5 | (7 | ((((11 | (12 | (13 | (14 | 15)))) | !10) | !9) | !8))))) | !1) | !0)) & (!(16 | !17))] 2
[(!(((2 | (3 | (5 | (7 | (((((12 | (13 | (14 | 15))) | !11) | !10) | !9) | !8))))) | !1) | !0)) & (!(17 | !16))] 3
[(!(((2 | (3 | (5 | (7 | ((((11 | (13 | (15 | !14))) | !10) | !9) | !8))))) | !1) | !0)) & (!(16 | !17))] 2
[(!(((2 | (3 | (5 | (7 | (((((13 | (15 | !14)) | !11) | !10) | !9) | !8))))) | !1) | !0)) & (!(16 | !17))] 3
[(!(((2 | (3 | (5 | (7 | ((((11 | (12 | (14 | !15))) | !10) | !9) | !8))))) | !1) | !0)) & (t)] 1
[(!(((2 | (3 | (5 | (7 | (((((12 | (14 | !15)) | !11) | !10) | !9) | !8))))) | !1) | !0)) & (t)] 2
[(!(0 | ((2 | ((5 | (7 | ((((11 | (13 | (14 | 15))) | !10) | !9) | !8))) | !3)) | !1))) & (t)] 3
[(!(0 | ((2 | ((5 | (7 | ((((11 | (13 | (15 | !14))) | !10) | !9) | !8))) | !3)) | !1))) & (t)] 1
[(!(0 | ((2 | ((5 | (7 | ((((11 | ((14 | 15) | !13)) | !10) | !9) | !8))) | !3)) | !1))) & (t)] 3
[(!(0 | ((2 | ((5 | (7 | ((((11 | ((15 | !14) | !13)) | !10) | !9) | !8))) | !3)) | !1))) & (t)] 1
[(!(0 | ((2 | ((5 | (7 | (((((13 | (14 | 15)) | !11) | !10) | !9) | !8))) | !3)) | !1))) & (t)] 2
[(!(0 | ((2 | ((5 | (7 | (((((13 | (15 | !14)) | !11) | !10) | !9) | !8))) | !3)) | !1))) & (t)] 0
[(!(0 | ((2 | ((5 | (7 | ((((((14 | 15) | !13) | !11) | !10) | !9) | !8))) | !3)) | !1))) & (t)] 3
[(!(0 | ((2 | ((5 | (7 | ((((((15 | !14) | !13) | !11) | !10) | !9) | !8))) | !3)) | !1))) & (t)] 4
[(!(((2 | (3 | (5 | ((8 | (((11 | (12 | (14 | 15))) | !10) | !9)) | !7)))) | !1) | !0)) & (t)] 4
[(!(((2 | (3 | (5 | ((8 | (((11 | (12 | (14 | !15))) | !10) | !9)) | !7)))) | !1) | !0)) & (t)] 1
[(!(((2 | (3 | (5 | ((8 | (((11 | ((14 | 15) | !12)) | !10) | !9)) | !7)))) | !1) | !0)) & (t)] 3
[(!(((2 | (3 | (5 | ((8 | (((11 | ((14 | !15) | !12)) | !10) | !9)) | !7)))) | !1) | !0)) & (t)] 0
[(!(((2 | (3 | (5 | ((8 | ((((12 | (14 | 15)) | !11) | !10) | !9)) | !7)))) | !1) | !0)) & (t)] 1
[(!(((2 | (3 | (5 | ((8 | ((((12 | (14 | !15)) | !11) | !10) | !9)) | !7)))) | !1) | !0)) & (t)] 4
[(!(((2 | (3 | (5 | ((8 | (((((14 | 15) | !12) | !11) | !10) | !9)) | !7)))) | !1) | !0)) & (t)] 3
[(!(((2 | (3 | (5 | ((8 | (((((14 | !15) | !12) | !11) | !10) | !9)) | !7)))) | !1) | !0)) & (t)] 2
[(!(0 | ((2 | (3 | (5 | (7 | ((((11 | (13 | (14 | 15))) | !10) | !9) | !8))))) | !1))) & (!(16 | !17))] 1
[(!(0 | ((2 | (3 | (5 | (7 | ((((11 | (13 | (15 | !14))) | !10) | !9) | !8))))) | !1))) & (!(16 | !17))] 0
[(!(0 | ((2 | (3 | (5 | (7 | ((((11 | ((14 | 15) | !13)) | !10) | !9) | !8))))) | !1))) & (!(16 | !17))] 0
[(!(0 | ((2 | (3 | (5 | (7 | ((((11 | ((15 | !14) | !13)) | !10) | !9) | !8))))) | !1))) & (!(16 | !17))] 1
[(!(0 | ((2 | (3 | (5 | (7 | (((((13 | (14 | 15)) | !11) | !10) | !9) | !8))))) | !1))) & (16 & 17)] 3
[(!(0 | ((2 | (3 | (5 | (7 | (((((13 | (15 | !14)) | !11) | !10) | !9) | !8))))) | !1))) & (16 & 17)] 1
[(!(0 | ((2 | (3 | (5 | (7 | ((((((14 | 15) | !13) | !11) | !10) | !9) | !8))))) | !1))) & (16 & 17)] 3
[(!(0 | ((2 | (3 | (5 | (7 | ((((((15 | !14) | !13) | !11) | !10) | !9) | !8))))) | !1))) & (16 & 17)] 4
[(!(0 | ((2 | ((5 | (7 | (((10 | (11 | ((14 | 15) | !13))) | !9) | !8))) | !3)) | !1))) & (t)] 3
[(!(0 | ((2 | ((5 | (7 | (((10 | (11 | ((15 | !14) | !13))) | !9) | !8))) | !3)) | !1))) & (t)] 1
[(!(0 | ((2 | ((5 | (7 | (((10 | (((14 | 15) | !13) | !11)) | !9) | !8))) | !3)) | !1))) & (t)] 4
[(!(0 | ((2 | ((5 | (7 | (((10 | (((15 | !14) | !13) | !11)) | !9) | !8))) | !3)) | !1))) & (t)] 0
[(!(0 | ((2 | (3 | ((7 | ((((11 | (13 | (14 | 15))) | !10) | !9) | !8)) | !5))) | !1))) & (t)] 0
[(!(0 | ((2 | (3 | ((7 | ((((11 | (13 | (15 | !14))) | !10) | !9) | !8)) | !5))) | !1))) & (t)] 2
[(!(0 | ((2 | (3 | ((7 | ((((11 | ((14 | 15) | !13)) | !10) | !9) | !8)) | !5))) | !1))) & (t)] 1
[(!(0 | ((2 | (3 | ((7 | ((((11 | ((15 | !14) | !13)) | !10) | !9) | !8)) | !5))) | !1))) & (t)] 3
[(!(0 | ((2 | (3 | ((7 | (((((13 | (14 | 15)) | !11) | !10) | !9) | !8)) | !5))) | !1))) & (t)] 4
[(!(0 | ((2 | (3 | ((7 | (((((13 | (15 | !14)) | !11) | !10) | !9) | !8)) | !5))) | !1))) & (t)] 3
[(!(0 | ((2 | (3 | ((7 | ((((((14 | 15) | !13) | !11) | !10) | !9) | !8)) | !5))) | !1))) & (t)] 3
[(!(0 | ((2 | (3 | ((7 | ((((((15 | !14) | !13) | !11) | !10) | !9) | !8)) | !5))) | !1))) & (t)] 0
[(!(((2 | (3 | ((7 | ((((11 | (13 | (15 | !14))) | !10) | !9) | !8)) | !5))) | !1) | !0)) & (t)] 4
[(!(((2 | (3 | ((7 | (((((13 | (15 | !14)) | !11) | !10) | !9) | !8)) | !5))) | !1) | !0)) & (t)] 3
[(!(0 | ((2 | ((5 | (7 | (((10 | (11 | (13 | (14 | 15)))) | !9) | !8))) | !3)) | !1))) & (t)] 1
[(!(0 | ((2 | ((5 | (7 | (((10 | ((13 | (14 | 15)) | !11)) | !9) | !8))) | !3)) | !1))) & (t)] 3
[(!(((2 | (3 | ((7 | ((((11 | (14 | 15)) | !10) | !9) | !8)) | !5))) | !1) | !0)) & (t)] 2
[(!(((2 | (3 | ((7 | (((((14 | 15) | !11) | !10) | !9) | !8)) | !5))) | !1) | !0)) & (t)] 3
[(!(((2 | (3 | (5 | (7 | (8 | (((11 | (12 | (14 | 15))) | !10) | !9)))))) | !1) | !0)) & (t)] 2
[(!(((2 | (3 | (5 | (7 | (8 | (((11 | (12 | (14 | !15))) | !10) | !9)))))) | !1) | !0)) & (t)] 1
[(!(((2 | (3 | (5 | (7 | (8 | (((11 | ((14 | 15) | !12)) | !10) | !9)))))) | !1) | !0)) & (t)] 3
[(!(((2 | (3 | (5 | (7 | (8 | (((11 | ((14 | !15) | !12)) | !10) | !9)))))) | !1) | !0)) & (t)] 3
[(!(((2 | (3 | (5 | (7 | (8 | ((((12 | (14 | 15)) | !11) | !10) | !9)))))) | !1) | !0)) & (t)] 4
[(!(((2 | (3 | (5 | (7 | (8 | ((((12 | (14 | !15)) | !11) | !10) | !9)))))) | !1) | !0)) & (t)] 3
[(!(((2 | (3 | (5 | (7 | (8 | (((((14 | 15) | !12) | !11) | !10) | !9)))))) | !1) | !0)) & (t)] 2
[(!(((2 | (3 | (5 | (7 | (8 | (((((14 | !15) | !12) | !11) | !10) | !9)))))) | !1) | !0)) & (t)] 3
[(!(((2 | (3 | (5 | ((8 | (9 | ((11 | ((14 | 15) | !12)) | !10))) | !7)))) | !1) | !0)) & (t)] 2
[(!(((2 | (3 | (5 | ((8 | (9 | ((11 | ((14 | !15) | !12)) | !10))) | !7)))) | !1) | !0)) & (t)] 0
[(!(((2 | (3 | (5 | ((8 | (9 | ((((14 | 15) | !12) | !11) | !10))) | !7)))) | !1) | !0)) & (t)] 4
[(!(((2 | (3 | (5 | ((8 | (9 | ((((14 | !15) | !12) | !11) | !10))) | !7)))) | !1) | !0)) & (t)] 3
[(!(((2 | (3 | (5 | ((8 | (9 | ((11 | (12 | (14 | 15))) | !10))) | !7)))) | !1) | !0)) & (t)] 0
[(!(((2 | (3 | (5 | ((8 | (9 | (((12 | (14 | 15)) | !11) | !10))) | !7)))) | !1) | !0)) & (t)] 3
[(!((((3 | (5 | (7 | (8 | (((11 | (12 | (14 | 15))) | !10) | !9))))) | !2) | !1) | !0)) & (16 & 17)] 2
[(!((((3 | (5 | (7 | (8 | (((11 | ((14 | 15) | !12)) | !10) | !9))))) | !2) | !1) | !0)) & (16 & 17)] 3
[(!((((3 | (5 | (7 | (8 | ((((12 | (14 | 15)) | !11) | !10) | !9))))) | !2) | !1) | !0)) & (!(17 | !16))] 1
[(!((((3 | (5 | (7 | (8 | (((((14 | 15) | !12) | !11) | !10) | !9))))) | !2) | !1) | !0)) & (!(17 | !16))] 2
[(!((((3 | (5 | (7 | ((((11 | (14 | 15)) | !10) | !9) | !8)))) | !2) | !1) | !0)) & (t)] 3
[(!((((3 | (5 | (7 | (((((14 | 15) | !11) | !10) | !9) | !8)))) | !2) | !1) | !0)) & (t)] 3
[(!((((3 | (5 | (7 | (8 | (((11 | (12 | (14 | !15))) | !10) | !9))))) | !2) | !1) | !0)) & (!(17 | !16))] 3
[(!((((3 | (5 | (7 | (8 | (((11 | ((14 | !15) | !12)) | !10) | !9))))) | !2) | !1) | !0)) & (16 & 17)] 2
[(!((((3 | (5 | (7 | (8 | ((((12 | (14 | !15)) | !11) | !10) | !9))))) | !2) | !1) | !0)) & (!(17 | !16))] 2
[(!((((3 | (5 | (7 | (8 | (((((14 | !15) | !12) | !11) | !10) | !9))))) | !2) | !1) | !0)) & (!(17 | !16))] 1
[(!((((3 | (5 | (7 | ((((11 | (12 | (14 | !15))) | !10) | !9) | !8)))) | !2) | !1) | !0)) & (t)] 3
[(!((((3 | (5 | (7 | (((((12 | (14 | !15)) | !11) | !10) | !9) | !8)))) | !2) | !1) | !0)) & (t)] 0
[(!(0 | ((2 | (3 | (5 | (7 | (((10 | (11 | ((14 | 15) | !13))) | !9) | !8))))) | !1))) & (!(16 | !17))] 0
[(!(0 | ((2 | (3 | (5 | (7 | (((10 | (11 | ((15 | !14) | !13))) | !9) | !8))))) | !1))) & (t)] 0
[(!(0 | ((2 | (3 | (5 | (7 | (((10 | (((14 | 15) | !13) | !11)) | !9) | !8))))) | !1))) & (16 & 17)] 3
[(!(0 | ((2 | (3 | (5 | (7 | (((10 | (((15 | !14) | !13) | !11)) | !9) | !8))))) | !1))) & (t)] 1
[(!(0 | ((2 | (3 | (5 | (7 | (((10 | (11 | (13 | (14 | 15)))) | !9) | !8))))) | !1))) & (!(16 | !17))] 1
[(!(0 | ((2 | (3 | (5 | (7 | (((10 | ((13 | (14 | 15)) | !11)) | !9) | !8))))) | !1))) & (16 & 17)] 4
[(!(((2 | (3 | (5 | (7 | (8 | (9 | ((11 | ((14 | 15) | !12)) | !10))))))) | !1) | !0)) & (16 & 17)] 4
[(!(((2 | (3 | (5 | (7 | (8 | (9 | ((11 | ((14 | !15) | !12)) | !10))))))) | !1) | !0)) & (t)] 4
[(!(((2 | (3 | (5 | (7 | (8 | (9 | ((((14 | 15) | !12) | !11) | !10))))))) | !1) | !0)) & (!(17 | !16))] 2
[(!(((2 | (3 | (5 | (7 | (8 | (9 | ((((14 | !15) | !12) | !11) | !10))))))) | !1) | !0)) & (t)] 0
[(!(((2 | (3 | (5 | (7 | (8 | (9 | ((11 | (12 | (14 | 15))) | !10))))))) | !1) | !0)) & (16 & 17)] 4
[(!(((2 | (3 | (5 | (7 | (8 | (9 | (((12 | (14 | 15)) | !11) | !10))))))) | !1) | !0)) & (!(17 | !16))] 1
--END--
Synthesis took:  17372.265815734863 ms
