Processing program.
spec contains 3 APs (['move', 'obstacle', 'goal'])
Starting abstract synthesis loop.
adding  to predicate abstraction
constructing LTL abstraction
ltl abstraction took: 0.0004405975341796875
running LTL synthesis
massaging abstract counterstrategy
checking for compatibility of counterstrategy with program
trying fairness refinement
trying safety refinement
adding (x >= 0), (x <= 0) to predicate abstraction
constructing LTL abstraction
ltl abstraction took: 0.0006220340728759766
running LTL synthesis
massaging abstract counterstrategy
checking for compatibility of counterstrategy with program
trying fairness refinement
Structural Refinement: 
entry_cond:TRUE
exit_cond:(x >= 0)
loop:(x := (x + 1))
adding (x = x_prev), (x = (x_prev + 1)) to predicate abstraction
constructing LTL abstraction
ltl abstraction took: 0.0011677742004394531
running LTL synthesis
massaging abstract counterstrategy
checking for compatibility of counterstrategy with program
trying fairness refinement
Structural Refinement: 
entry_cond:TRUE
exit_cond:(x <= 0)
loop:(x := (x - 1))
adding (x = (x_prev - 1)) to predicate abstraction
constructing LTL abstraction
ltl abstraction took: 0.0006327629089355469
running LTL synthesis
Realizable.
REALIZABLE
HOA: v1
tool: "strix" "21.0.0"
States: 2
Start: 1
AP: 15 "goal" "pred__x_EQ__xprev_MINUS_1__" "pred__x_LTEQ_0_" "pred__x_EQ_xprev_" "pred__x_EQ__xprev_PLUS_1__" "setvars" "in_loop1_0" "pred__x_GTEQ_0_" "in_loop0_0" "move" "obstacle" "estay" "einc" "cstay" "cinc"
controllable-AP: 13 14
acc-name: all
Acceptance: 0 t
--BODY--
State: 0 "[0]"
[(0 & (1 | (((4 | (5 | (6 | ((8 | 9) | !7)))) | !3) | !2)) | !0 & (1 & (2 & (3 | (4 | (5 & (6 & ((8 | 9) | !7) | !6 & (7 | (8 | 9))) | !5 & (((8 | !9) | !7) | !6)))) | !2 & (3 | (4 | (5 & (((8 | 9) | !7) | !6) | !5 & (((8 | !9) | !7) | !6))))) | !1 & (2 & (3 & (4 | (5 & (6 | ((8 | 9) | !7)) | !5 & (6 | (7 & (8 | !9) | !7 & !9)))) | !3 & (4 & (5 & (6 | (9 | !8)) | !5 & (6 | !(8 & 9))) | !4 & ((6 | ((8 | 9) | !7)) | !5))) | !2 & (3 & (4 | (5 | ((8 | !9) | !7))) | !3 & (((6 | ((8 | 9) | !7)) | !5) | !4))))) & (t)] 1
[(!(0 | (1 | ((3 | (4 | ((6 | ((8 | (9 | 11)) | !7)) | !5))) | !2)))) & (t)] 1
[(!(0 | (1 | ((3 | (4 | ((6 | ((8 | (9 | (12 | !11))) | !7)) | !5))) | !2)))) & (t)] 0
[(!(0 | (1 | ((3 | (4 | ((6 | ((8 | (9 | !(11 & 12))) | !7)) | !5))) | !2)))) & (t)] 0
[(!((1 | (((4 | (5 | (6 | ((8 | (9 | 10)) | !7)))) | !3) | !2)) | !0)) & (t)] 0
[(!((1 | (((4 | (5 | (6 | ((8 | (9 | !10)) | !7)))) | !3) | !2)) | !0)) & (t)] 0
[(!(0 | (1 | (((4 | (5 | (6 | (7 | (8 | (10 | !9)))))) | !3) | !2)))) & (13 & 14)] 1
[(!(0 | (1 | (((4 | (5 | (6 | (7 | (8 | !(9 & 10)))))) | !3) | !2)))) & (t)] 1
[(!(0 | (1 | (2 | ((4 | (5 | (6 | ((8 | (10 | !9)) | !7)))) | !3))))) & (!(14 | !13))] 0
[(!(0 | (1 | (2 | ((4 | (5 | (6 | ((8 | !(9 & 10)) | !7)))) | !3))))) & (t)] 0
[(!(0 | (1 | (((4 | ((6 | ((8 | (9 | (10 | 11))) | !7)) | !5)) | !3) | !2)))) & (t)] 0
[(!(0 | (1 | (((4 | ((6 | ((8 | (9 | (10 | (12 | !11)))) | !7)) | !5)) | !3) | !2)))) & (t)] 0
[(!(0 | (1 | (((4 | ((6 | ((8 | (9 | (10 | !(11 & 12)))) | !7)) | !5)) | !3) | !2)))) & (t)] 1
[(!(0 | (1 | (((4 | ((6 | ((8 | (9 | (11 | !10))) | !7)) | !5)) | !3) | !2)))) & (t)] 0
[(!(0 | (1 | (((4 | ((6 | ((8 | (9 | ((12 | !11) | !10))) | !7)) | !5)) | !3) | !2)))) & (t)] 0
[(!(0 | (1 | (((4 | ((6 | ((8 | (9 | !(10 & (11 & 12)))) | !7)) | !5)) | !3) | !2)))) & (t)] 1
[(!(0 | (1 | ((3 | ((5 | (6 | (7 | ((10 | !9) | !8)))) | !4)) | !2)))) & (!13)] 0
[(!(0 | (1 | ((3 | ((5 | (6 | (7 | !(8 & (9 & 10))))) | !4)) | !2)))) & (t)] 0
[(!(0 | (1 | ((3 | ((5 | (6 | (((10 | !9) | !8) | !7))) | !4)) | !2)))) & (t)] 1
[(!(0 | (1 | ((3 | ((5 | (6 | !(7 & (8 & (9 & 10))))) | !4)) | !2)))) & (t)] 1
[(!(0 | (1 | (((4 | (5 | (6 | (7 | ((10 | !9) | !8))))) | !3) | !2)))) & (13 & 14)] 0
[(!(0 | (1 | (((4 | (5 | (6 | (7 | !(8 & (9 & 10)))))) | !3) | !2)))) & (t)] 0
[(!(0 | ((2 | (3 | (4 | (5 | (((8 | (10 | !9)) | !7) | !6))))) | !1))) & (!13)] 0
[(!(0 | ((2 | (3 | (4 | (5 | (((8 | !(9 & 10)) | !7) | !6))))) | !1))) & (t)] 0
[(!(0 | (((3 | (4 | (5 | (((8 | (10 | !9)) | !7) | !6)))) | !2) | !1))) & (t)] 1
[(!(0 | (((3 | (4 | (5 | (((8 | !(9 & 10)) | !7) | !6)))) | !2) | !1))) & (t)] 1
[(!(0 | (1 | (2 | ((4 | (5 | (((8 | (10 | !9)) | !7) | !6))) | !3))))) & (!(14 | !13))] 0
[(!(0 | (1 | (2 | ((4 | (5 | (((8 | !(9 & 10)) | !7) | !6))) | !3))))) & (t)] 0
[(!(0 | (1 | (((4 | (5 | (6 | ((8 | (10 | !9)) | !7)))) | !3) | !2)))) & (t)] 1
[(!(0 | (1 | (((4 | (5 | (6 | ((8 | !(9 & 10)) | !7)))) | !3) | !2)))) & (t)] 1
[(!(0 | (((3 | (4 | ((6 | (7 | (8 | (9 | (10 | 11))))) | !5))) | !2) | !1))) & (t)] 0
[(!(0 | (((3 | (4 | ((6 | (7 | (8 | (9 | (10 | (12 | !11)))))) | !5))) | !2) | !1))) & (t)] 0
[(!(0 | (((3 | (4 | ((6 | (7 | (8 | (9 | (10 | !(11 & 12)))))) | !5))) | !2) | !1))) & (t)] 0
[(!(0 | (((3 | (4 | ((6 | (7 | (8 | (9 | (11 | !10))))) | !5))) | !2) | !1))) & (t)] 0
[(!(0 | (((3 | (4 | ((6 | (7 | (8 | (9 | ((12 | !11) | !10))))) | !5))) | !2) | !1))) & (t)] 0
[(!(0 | (((3 | (4 | ((6 | (7 | (8 | (9 | !(10 & (11 & 12)))))) | !5))) | !2) | !1))) & (t)] 0
[(!(0 | (1 | (2 | (3 | (((6 | ((8 | (9 | (10 | 11))) | !7)) | !5) | !4)))))) & (t)] 1
[(!(0 | (1 | (2 | (3 | (((6 | ((8 | (9 | (10 | (12 | !11)))) | !7)) | !5) | !4)))))) & (t)] 1
[(!(0 | (1 | (2 | (3 | (((6 | ((8 | (9 | (10 | !(11 & 12)))) | !7)) | !5) | !4)))))) & (t)] 1
[(!(0 | (1 | (2 | (3 | (((6 | ((8 | (9 | (11 | !10))) | !7)) | !5) | !4)))))) & (t)] 0
[(!(0 | (1 | (2 | (3 | (((6 | ((8 | (9 | ((12 | !11) | !10))) | !7)) | !5) | !4)))))) & (t)] 0
[(!(0 | (1 | (2 | (3 | (((6 | ((8 | (9 | !(10 & (11 & 12)))) | !7)) | !5) | !4)))))) & (t)] 0
[(!(0 | (1 | ((3 | (((6 | (7 | ((9 | (10 | 11)) | !8))) | !5) | !4)) | !2)))) & (t)] 1
[(!(0 | (1 | ((3 | (((6 | ((9 | (10 | (12 | !11))) | !8)) | !5) | !4)) | !2)))) & (t)] 0
[(!(0 | (1 | ((3 | (((6 | (7 | ((9 | (10 | !(11 & 12))) | !8))) | !5) | !4)) | !2)))) & (t)] 0
[(!(0 | (1 | ((3 | (((6 | (7 | ((9 | (11 | !10)) | !8))) | !5) | !4)) | !2)))) & (t)] 1
[(!(0 | (1 | ((3 | (((6 | ((9 | ((12 | !11) | !10)) | !8)) | !5) | !4)) | !2)))) & (t)] 0
[(!(0 | (1 | ((3 | (((6 | (7 | ((9 | !(10 & (11 & 12))) | !8))) | !5) | !4)) | !2)))) & (t)] 0
[(!(0 | (1 | ((3 | (((6 | (((9 | (10 | 11)) | !8) | !7)) | !5) | !4)) | !2)))) & (t)] 0
[(!(0 | (1 | ((3 | (((6 | (((9 | (10 | !(11 & 12))) | !8) | !7)) | !5) | !4)) | !2)))) & (t)] 1
[(!(0 | (1 | ((3 | (((6 | (((9 | (11 | !10)) | !8) | !7)) | !5) | !4)) | !2)))) & (t)] 0
[(!(0 | (1 | ((3 | (((6 | (((9 | !(10 & (11 & 12))) | !8) | !7)) | !5) | !4)) | !2)))) & (t)] 1
[(!(0 | ((2 | (3 | (4 | ((((8 | (9 | (10 | 11))) | !7) | !6) | !5)))) | !1))) & (t)] 1
[(!(0 | ((2 | (3 | (4 | ((((8 | (9 | (10 | (12 | !11)))) | !7) | !6) | !5)))) | !1))) & (t)] 1
[(!(0 | ((3 | (4 | ((((8 | (9 | (10 | !(11 & 12)))) | !7) | !6) | !5))) | !1))) & (t)] 1
[(!(0 | ((2 | (3 | (4 | ((((8 | (9 | (11 | !10))) | !7) | !6) | !5)))) | !1))) & (t)] 0
[(!(0 | ((2 | (3 | (4 | ((((8 | (9 | ((12 | !11) | !10))) | !7) | !6) | !5)))) | !1))) & (t)] 0
[(!(0 | ((3 | (4 | ((((8 | (9 | !(10 & (11 & 12)))) | !7) | !6) | !5))) | !1))) & (t)] 0
[(!(0 | (((3 | (4 | ((((8 | (9 | (10 | 11))) | !7) | !6) | !5))) | !2) | !1))) & (t)] 0
[(!(0 | (((3 | (4 | ((((8 | (9 | (10 | (12 | !11)))) | !7) | !6) | !5))) | !2) | !1))) & (t)] 0
[(!(0 | (((3 | (4 | ((((8 | (9 | (11 | !10))) | !7) | !6) | !5))) | !2) | !1))) & (t)] 1
[(!(0 | (((3 | (4 | ((((8 | (9 | ((12 | !11) | !10))) | !7) | !6) | !5))) | !2) | !1))) & (t)] 1
State: 1 "[1]"
[(0 & (1 | (((4 | (5 | (6 | ((8 | 9) | !7)))) | !3) | !2)) | !0 & (1 & (2 & (3 | (4 | (5 & (6 & ((8 | 9) | !7) | !6 & (7 | (8 | 9))) | !5 & (((8 | !9) | !7) | !6)))) | !2 & (3 | (4 | (5 & (((8 | 9) | !7) | !6) | !5 & (((8 | !9) | !7) | !6))))) | !1 & (2 & (3 & (4 | (5 & (6 | ((8 | 9) | !7)) | !5 & (6 | (7 & (8 | !9) | !7 & !9)))) | !3 & (4 & (5 & (6 | (9 | !8)) | !5 & (6 | !(8 & 9))) | !4 & ((6 | ((8 | 9) | !7)) | !5))) | !2 & (3 & (4 | (5 | ((8 | !9) | !7))) | !3 & (((6 | ((8 | 9) | !7)) | !5) | !4))))) & (t)] 0
[(!(0 | (1 | ((3 | (4 | ((6 | ((8 | (9 | 11)) | !7)) | !5))) | !2)))) & (t)] 0
[(!(0 | (1 | ((3 | (4 | ((6 | ((8 | (9 | (12 | !11))) | !7)) | !5))) | !2)))) & (t)] 0
[(!(0 | (1 | ((3 | (4 | ((6 | ((8 | (9 | !(11 & 12))) | !7)) | !5))) | !2)))) & (t)] 1
[(!((1 | (((4 | (5 | (6 | ((8 | (9 | 10)) | !7)))) | !3) | !2)) | !0)) & (t)] 0
[(!((1 | (((4 | (5 | (6 | ((8 | (9 | !10)) | !7)))) | !3) | !2)) | !0)) & (t)] 1
[(!(0 | (1 | (((4 | (5 | (6 | (7 | (8 | (10 | !9)))))) | !3) | !2)))) & (13 & 14)] 0
[(!(0 | (1 | (((4 | (5 | (6 | (7 | (8 | !(9 & 10)))))) | !3) | !2)))) & (t)] 1
[(!(0 | (1 | (2 | ((4 | (5 | (6 | ((8 | (10 | !9)) | !7)))) | !3))))) & (!(14 | !13))] 1
[(!(0 | (1 | (2 | ((4 | (5 | (6 | ((8 | !(9 & 10)) | !7)))) | !3))))) & (t)] 0
[(!(0 | (1 | (((4 | ((6 | ((8 | (9 | (10 | 11))) | !7)) | !5)) | !3) | !2)))) & (t)] 0
[(!(0 | (1 | (((4 | ((6 | ((8 | (9 | (10 | (12 | !11)))) | !7)) | !5)) | !3) | !2)))) & (t)] 0
[(!(0 | (1 | (((4 | ((6 | ((8 | (9 | (10 | !(11 & 12)))) | !7)) | !5)) | !3) | !2)))) & (t)] 1
[(!(0 | (1 | (((4 | ((6 | ((8 | (9 | (11 | !10))) | !7)) | !5)) | !3) | !2)))) & (t)] 1
[(!(0 | (1 | (((4 | ((6 | ((8 | (9 | ((12 | !11) | !10))) | !7)) | !5)) | !3) | !2)))) & (t)] 1
[(!(0 | (1 | (((4 | ((6 | ((8 | (9 | !(10 & (11 & 12)))) | !7)) | !5)) | !3) | !2)))) & (t)] 0
[(!(0 | (1 | ((3 | ((5 | (6 | (7 | ((10 | !9) | !8)))) | !4)) | !2)))) & (13 & 14)] 0
[(!(0 | (1 | ((3 | ((5 | (6 | (7 | !(8 & (9 & 10))))) | !4)) | !2)))) & (t)] 0
[(!(0 | (1 | ((3 | ((5 | (6 | (((10 | !9) | !8) | !7))) | !4)) | !2)))) & (t)] 0
[(!(0 | (1 | ((3 | ((5 | (6 | !(7 & (8 & (9 & 10))))) | !4)) | !2)))) & (t)] 1
[(!(0 | (1 | (((4 | (5 | (6 | (7 | ((10 | !9) | !8))))) | !3) | !2)))) & (!13)] 0
[(!(0 | (1 | (((4 | (5 | (6 | (7 | !(8 & (9 & 10)))))) | !3) | !2)))) & (t)] 0
[(!(0 | ((2 | (3 | (4 | (5 | (((8 | (10 | !9)) | !7) | !6))))) | !1))) & (!(14 | !13))] 0
[(!(0 | ((2 | (3 | (4 | (5 | (((8 | !(9 & 10)) | !7) | !6))))) | !1))) & (t)] 0
[(!(0 | (((3 | (4 | (5 | (((8 | (10 | !9)) | !7) | !6)))) | !2) | !1))) & (t)] 0
[(!(0 | (((3 | (4 | (5 | (((8 | !(9 & 10)) | !7) | !6)))) | !2) | !1))) & (t)] 1
[(!(0 | (1 | (2 | ((4 | (5 | (((8 | (10 | !9)) | !7) | !6))) | !3))))) & (!13)] 0
[(!(0 | (1 | (2 | ((4 | (5 | (((8 | !(9 & 10)) | !7) | !6))) | !3))))) & (t)] 0
[(!(0 | (1 | (((4 | (5 | (6 | ((8 | (10 | !9)) | !7)))) | !3) | !2)))) & (t)] 0
[(!(0 | (1 | (((4 | (5 | (6 | ((8 | !(9 & 10)) | !7)))) | !3) | !2)))) & (t)] 1
[(!(0 | (((3 | (4 | ((6 | (7 | (8 | (9 | (10 | 11))))) | !5))) | !2) | !1))) & (t)] 0
[(!(0 | (((3 | (4 | ((6 | (7 | (8 | (9 | (10 | (12 | !11)))))) | !5))) | !2) | !1))) & (t)] 0
[(!(0 | (((3 | (4 | ((6 | (7 | (8 | (9 | (10 | !(11 & 12)))))) | !5))) | !2) | !1))) & (t)] 0
[(!(0 | (((3 | (4 | ((6 | (7 | (8 | (9 | (11 | !10))))) | !5))) | !2) | !1))) & (t)] 1
[(!(0 | (((3 | (4 | ((6 | (7 | (8 | (9 | ((12 | !11) | !10))))) | !5))) | !2) | !1))) & (t)] 1
[(!(0 | (((3 | (4 | ((6 | (7 | (8 | (9 | !(10 & (11 & 12)))))) | !5))) | !2) | !1))) & (t)] 1
[(!(0 | (1 | (2 | (3 | (((6 | ((8 | (9 | (10 | 11))) | !7)) | !5) | !4)))))) & (t)] 1
[(!(0 | (1 | (2 | (3 | (((6 | ((8 | (9 | (10 | (12 | !11)))) | !7)) | !5) | !4)))))) & (t)] 1
[(!(0 | (1 | (2 | (3 | (((6 | ((8 | (9 | (10 | !(11 & 12)))) | !7)) | !5) | !4)))))) & (t)] 1
[(!(0 | (1 | (2 | (3 | (((6 | ((8 | (9 | (11 | !10))) | !7)) | !5) | !4)))))) & (t)] 1
[(!(0 | (1 | (2 | (3 | (((6 | ((8 | (9 | ((12 | !11) | !10))) | !7)) | !5) | !4)))))) & (t)] 1
[(!(0 | (1 | (2 | (3 | (((6 | ((8 | (9 | !(10 & (11 & 12)))) | !7)) | !5) | !4)))))) & (t)] 1
[(!(0 | (1 | ((3 | (((6 | (7 | ((9 | (10 | 11)) | !8))) | !5) | !4)) | !2)))) & (t)] 1
[(!(0 | (1 | ((3 | (((6 | ((9 | (10 | (12 | !11))) | !8)) | !5) | !4)) | !2)))) & (t)] 0
[(!(0 | (1 | ((3 | (((6 | (7 | ((9 | (10 | !(11 & 12))) | !8))) | !5) | !4)) | !2)))) & (t)] 0
[(!(0 | (1 | ((3 | (((6 | (7 | ((9 | (11 | !10)) | !8))) | !5) | !4)) | !2)))) & (t)] 0
[(!(0 | (1 | ((3 | (((6 | ((9 | ((12 | !11) | !10)) | !8)) | !5) | !4)) | !2)))) & (t)] 1
[(!(0 | (1 | ((3 | (((6 | (7 | ((9 | !(10 & (11 & 12))) | !8))) | !5) | !4)) | !2)))) & (t)] 1
[(!(0 | (1 | ((3 | (((6 | (((9 | (10 | 11)) | !8) | !7)) | !5) | !4)) | !2)))) & (t)] 0
[(!(0 | (1 | ((3 | (((6 | (((9 | (10 | !(11 & 12))) | !8) | !7)) | !5) | !4)) | !2)))) & (t)] 1
[(!(0 | (1 | ((3 | (((6 | (((9 | (11 | !10)) | !8) | !7)) | !5) | !4)) | !2)))) & (t)] 1
[(!(0 | (1 | ((3 | (((6 | (((9 | !(10 & (11 & 12))) | !8) | !7)) | !5) | !4)) | !2)))) & (t)] 0
[(!(0 | ((2 | (3 | (4 | ((((8 | (9 | (10 | 11))) | !7) | !6) | !5)))) | !1))) & (t)] 1
[(!(0 | ((2 | (3 | (4 | ((((8 | (9 | (10 | (12 | !11)))) | !7) | !6) | !5)))) | !1))) & (t)] 1
[(!(0 | ((3 | (4 | ((((8 | (9 | (10 | !(11 & 12)))) | !7) | !6) | !5))) | !1))) & (t)] 1
[(!(0 | ((2 | (3 | (4 | ((((8 | (9 | (11 | !10))) | !7) | !6) | !5)))) | !1))) & (t)] 1
[(!(0 | ((2 | (3 | (4 | ((((8 | (9 | ((12 | !11) | !10))) | !7) | !6) | !5)))) | !1))) & (t)] 1
[(!(0 | ((3 | (4 | ((((8 | (9 | !(10 & (11 & 12)))) | !7) | !6) | !5))) | !1))) & (t)] 1
[(!(0 | (((3 | (4 | ((((8 | (9 | (10 | 11))) | !7) | !6) | !5))) | !2) | !1))) & (t)] 0
[(!(0 | (((3 | (4 | ((((8 | (9 | (10 | (12 | !11)))) | !7) | !6) | !5))) | !2) | !1))) & (t)] 0
[(!(0 | (((3 | (4 | ((((8 | (9 | (11 | !10))) | !7) | !6) | !5))) | !2) | !1))) & (t)] 0
[(!(0 | (((3 | (4 | ((((8 | (9 | ((12 | !11) | !10))) | !7) | !6) | !5))) | !2) | !1))) & (t)] 0
--END--
Synthesis took:  7411.795377731323 ms
