Processing program.
spec contains 2 APs (['setntx', 'goal'])
simplified !((((x > tx) || (x < tx)) && !cinc && cdec) | (((x > tx) || (x < tx)) && cinc && !cdec) | !((x > tx) || (x < tx))) (len 114) to ((cdec & (((tx < x) & !(x < tx)) | (x < tx)) & cinc) | (!cdec & !cinc & !(!(tx < x) & !(x < tx)))) (len 98)
((cdec & (((tx < x) & !(x < tx)) | (x < tx)) & cinc) | (!cdec & !cinc & !(!(tx < x) & !(x < tx))))
Starting abstract synthesis loop.
adding (0 <= x), ((tx_prev - x_prev) > (tx - x)), (tx_prev < tx), ((tx_prev - x_prev) < (tx - x)), (x_prev > x), (tx <= x), (x >= 0), (x_prev < x), (x <= 0), ((x_prev - tx_prev) > (x - tx)), ((x_prev - tx_prev) < (x - tx)), (x <= tx), (tx <= 0), (tx >= 0), (tx_prev > tx) to predicate abstraction
constructing LTL abstraction
ltl abstraction took: 0.0020301342010498047
running LTL synthesis
Realizable.
REALIZABLE
HOA: v1
tool: "strix" "21.0.0"
States: 2
Start: 1
AP: 24 "pred__x_LTEQ_0_" "pred__x_GTEQ_0_" "movetarg" "pred__xprev_LT_x_" "setntx" "pred___txprev_MINUS_xprev__GT__tx_MINUS_x__" "pred__x_LTEQ_tx_" "pred___txprev_MINUS_xprev__LT__tx_MINUS_x__" "pred__txprev_GT_tx_" "pred__0_LTEQ_x_" "pred__tx_LTEQ_x_" "movezero" "pred___xprev_MINUS_txprev__GT__x_MINUS_tx__" "pred___xprev_MINUS_txprev__LT__x_MINUS_tx__" "pred__tx_GTEQ_0_" "pred__txprev_LT_tx_" "decntx" "goal" "pred__tx_LTEQ_0_" "pred__xprev_GT_x_" "inc" "stay" "cdec" "cinc"
controllable-AP: 22 23
acc-name: all
Acceptance: 0 t
--BODY--
State: 0 "[0]"
[(0 & (1 & (2 & (3 | (4 | (5 | (6 & (7 | (8 | ((10 & (11 | (12 | (13 | ((15 | (16 | (17 | (19 | !18)))) | !14)))) | !10 & (11 | (12 | (13 | ((15 | (16 | (17 | (18 | 19)))) | !14))))) | !9))) | !6 & (7 & (8 | (((11 | ((13 | (14 | (15 | (16 | (17 | !(18 & 19)))))) | !12)) | !10) | !9)) | !7 & (8 | (((11 | (12 | (13 | (14 | (15 | (16 | (17 | (19 | !18)))))))) | !10) | !9))))))) | !2 & (3 & (4 | ((6 | (7 | (8 | ((((12 | ((14 | (15 | (16 | (17 | (19 | !18))))) | !13)) | !11) | !10) | !9)))) | !5)) | !3 & (4 & (5 & (6 & (7 | (((10 & (11 | (12 | ((14 & (15 | (16 | (17 | (18 & 19 | !18 & (19 | !21))))) | !14 & (15 | (16 | (17 | ((19 | !21) | !18))))) | !13))) | !10 & (11 | (12 | ((14 & (15 | (16 | (17 | (18 & (19 | !21) | !18 & 19)))) | !14 & (15 | (16 | (17 | ((19 | !21) | !18))))) | !13)))) | !9) | !8)) | !6 & (7 | ((((11 | (12 | ((14 & (15 | (16 | (17 | (19 | !21)))) | !14 & (15 | (16 | (17 | (19 | !18))))) | !13))) | !10) | !9) | !8))) | !5 & (6 & (7 & (8 | ((10 & (11 | ((13 | (14 & ((16 | (17 | (18 & 19 | !18 & (19 | !21)))) | !15) | !14 & ((16 | (17 | ((19 | !21) | !18))) | !15))) | !12)) | !10 & (11 | ((13 | (14 & ((16 | (17 | (18 & (19 | !21) | !18 & 19))) | !15) | !14 & ((16 | (17 | ((19 | !21) | !18))) | !15))) | !12))) | !9)) | !7 & (8 | ((10 & (11 | (12 | (13 | ((15 | (16 | (17 | (19 | !18)))) | !14)))) | !10 & (11 | (12 | (13 | ((15 | (16 | (17 | (18 | 19)))) | !14))))) | !9))) | !6 & (7 & (8 | (((11 | ((13 | (14 & ((16 | (17 | (19 | !21))) | !15) | !14 & ((16 | (17 | (19 | !18))) | !15))) | !12)) | !10) | !9)) | !7 & (8 | (((11 | (12 | (13 | (14 | (15 | (16 | (17 | (19 | !18)))))))) | !10) | !9))))) | !4 & (5 | (6 & (7 & (8 | ((10 | (((13 | ((15 | (16 | (17 | (18 | !19)))) | !14)) | !12) | !11)) | !9)) | !7 & (8 | ((10 & (11 & (12 | (13 | ((15 | (16 | (17 | (19 | !18)))) | !14))) | !11 & (12 | (13 | ((15 | (16 | ((19 | !18) | !17))) | !14)))) | !10 & (11 | (12 | (13 | ((15 | (16 | ((18 | 19) | !17))) | !14))))) | !9))) | !6 & (7 | (8 | (((11 | (12 | (13 | (14 | (15 | (16 | ((19 | !18) | !17))))))) | !10) | !9)))))))) | !1 & (2 & (3 | (4 | (5 | ((8 | (9 | ((11 | ((13 | (14 | (15 | (16 | (17 | !(18 & 19)))))) | !12)) | !10))) | !7)))) | !2 & (3 & (4 | ((6 | (7 | (8 | (9 | (((12 | ((14 | (15 | (16 | (17 | (19 | !18))))) | !13)) | !11) | !10))))) | !5)) | !3 & (4 | (5 | ((7 | (8 | (9 | ((11 & (12 | (13 | (14 | (15 | (16 | (17 | (19 | !18))))))) | !11 & (12 | (13 | (14 | (15 | (16 | ((19 | !18) | !17))))))) | !10)))) | !6)))))) | !0 & ((2 & (3 & (4 | ((6 & (7 | (8 | ((11 | (12 | (((15 | (16 | (17 | (18 | 19)))) | !14) | !13))) | !9))) | !6 & (7 | (8 | (((11 | (12 | ((14 | (15 | (16 | (17 | (19 | !18))))) | !13))) | !10) | !9)))) | !5)) | !3 & (4 | (5 | (6 | ((8 | (((11 | ((13 | (14 | (15 | (16 | (17 | !(18 & 19)))))) | !12)) | !10) | !9)) | !7))))) | !2 & (3 | (4 | (5 | ((7 & (8 | ((10 | (((13 | ((15 | (16 | (17 | (18 | !19)))) | !14)) | !12) | !11)) | !9)) | !7 & (8 | (((11 & (12 | (13 | ((15 | (16 | (17 | (18 | 19)))) | !14))) | !11 & (12 | (13 | ((15 | (16 | ((18 | 19) | !17))) | !14)))) | !10) | !9))) | !6))))) | !1)) & (t)] 0
[(!(((2 | (3 | (4 | (5 | ((7 | (8 | ((((12 | (13 | ((15 | (16 | (17 | (19 | !18)))) | !14))) | !11) | !10) | !9))) | !6))))) | !1) | !0)) & (t)] 1
[(!(((2 | (3 | (4 | (5 | ((7 | (8 | (((11 | (12 | (13 | ((15 | (16 | ((19 | !18) | !17))) | !14)))) | !10) | !9))) | !6))))) | !1) | !0)) & (t)] 1
[(!(((2 | (3 | ((5 | ((7 | (8 | (((11 | (12 | (13 | ((15 | (16 | (17 | ((19 | 21) | !18)))) | !14)))) | !10) | !9))) | !6)) | !4))) | !1) | !0)) & (t)] 1
[(!(((2 | (3 | ((5 | ((7 | (8 | (((11 | (12 | (13 | ((15 | (16 | (17 | ((19 | (20 | !21)) | !18)))) | !14)))) | !10) | !9))) | !6)) | !4))) | !1) | !0)) & (t)] 1
[(!(((2 | (3 | ((5 | ((7 | (8 | (((11 | (12 | (13 | ((15 | (16 | (17 | ((19 | !(20 & 21)) | !18)))) | !14)))) | !10) | !9))) | !6)) | !4))) | !1) | !0)) & (t)] 0
[(!((((3 | (4 | (5 | ((7 | (8 | (((11 | (12 | (13 | ((15 | (16 | (17 | (19 | !18)))) | !14)))) | !10) | !9))) | !6)))) | !2) | !1) | !0)) & (t)] 0
[(!(((2 | (3 | (((6 | (7 | ((((11 | (12 | ((14 | (15 | (16 | (17 | ((19 | 21) | !18))))) | !13))) | !10) | !9) | !8))) | !5) | !4))) | !1) | !0)) & (t)] 0
[(!(((2 | (3 | (((6 | (7 | ((((11 | (12 | ((14 | (15 | (16 | (17 | ((19 | (20 | !21)) | !18))))) | !13))) | !10) | !9) | !8))) | !5) | !4))) | !1) | !0)) & (t)] 0
[(!(((2 | (3 | (((6 | (7 | ((((11 | (12 | ((14 | (15 | (16 | (17 | ((19 | !(20 & 21)) | !18))))) | !13))) | !10) | !9) | !8))) | !5) | !4))) | !1) | !0)) & (t)] 1
[(!(((2 | (3 | ((5 | (((8 | ((10 | (11 | ((13 | (((16 | (17 | (18 | (19 | 21)))) | !15) | !14)) | !12))) | !9)) | !7) | !6)) | !4))) | !1) | !0)) & (t)] 1
[(!(((2 | (3 | ((5 | (((8 | ((10 | (11 | ((13 | (((16 | (17 | (18 | (19 | (20 | !21))))) | !15) | !14)) | !12))) | !9)) | !7) | !6)) | !4))) | !1) | !0)) & (t)] 0
[(!(((2 | (3 | ((5 | (((8 | ((10 | (11 | ((13 | (((16 | (17 | (18 | (19 | !(20 & 21))))) | !15) | !14)) | !12))) | !9)) | !7) | !6)) | !4))) | !1) | !0)) & (t)] 1
[(!((((3 | (4 | (5 | (6 | (7 | (8 | (((11 | (12 | (13 | (14 | (15 | (16 | (17 | (19 | !18)))))))) | !10) | !9))))))) | !2) | !1) | !0)) & (!(22 | !23))] 1
[(!(((2 | (3 | ((5 | (6 | ((8 | (((11 | ((13 | (14 | ((16 | (17 | ((19 | 21) | !18))) | !15))) | !12)) | !10) | !9)) | !7))) | !4))) | !1) | !0)) & (t)] 1
[(!(((2 | (3 | ((5 | ((8 | (((11 | ((13 | ((16 | (17 | ((19 | (20 | !21)) | !18))) | !15)) | !12)) | !10) | !9)) | !7)) | !4))) | !1) | !0)) & (t)] 0
[(!(((2 | (3 | ((5 | (6 | ((8 | (((11 | ((13 | (14 | ((16 | (17 | ((19 | !(20 & 21)) | !18))) | !15))) | !12)) | !10) | !9)) | !7))) | !4))) | !1) | !0)) & (t)] 0
[(!(((2 | (3 | ((5 | (6 | ((8 | (((11 | ((13 | (((16 | (17 | ((19 | !(20 & 21)) | !18))) | !15) | !14)) | !12)) | !10) | !9)) | !7))) | !4))) | !1) | !0)) & (t)] 1
[(!(((2 | (3 | ((5 | (((8 | (((11 | ((13 | (14 | ((16 | (17 | ((19 | !(20 & 21)) | !18))) | !15))) | !12)) | !10) | !9)) | !7) | !6)) | !4))) | !1) | !0)) & (t)] 0
[(!(((2 | (3 | ((5 | (((8 | (((11 | ((13 | (((16 | (17 | ((19 | 21) | !18))) | !15) | !14)) | !12)) | !10) | !9)) | !7) | !6)) | !4))) | !1) | !0)) & (t)] 1
[(!(((2 | (3 | ((5 | (((8 | (((11 | ((13 | (((16 | (17 | ((19 | !(20 & 21)) | !18))) | !15) | !14)) | !12)) | !10) | !9)) | !7) | !6)) | !4))) | !1) | !0)) & (t)] 0
[(!((((3 | (4 | (5 | ((7 | (8 | ((10 | (11 | (12 | (13 | ((15 | (16 | (17 | (18 | 19)))) | !14))))) | !9))) | !6)))) | !2) | !1) | !0)) & (!(22 | !23))] 0
[(!(((2 | (3 | ((((7 | (((10 | (11 | (12 | (((15 | (16 | (17 | (18 | (19 | 21))))) | !14) | !13)))) | !9) | !8)) | !6) | !5) | !4))) | !1) | !0)) & (t)] 0
[(!(((2 | (3 | ((((7 | (((10 | (11 | (12 | (((15 | (16 | (17 | (18 | (19 | (20 | !21)))))) | !14) | !13)))) | !9) | !8)) | !6) | !5) | !4))) | !1) | !0)) & (t)] 1
[(!(((2 | (3 | ((((7 | (((11 | (12 | (((15 | (16 | (17 | (19 | !(20 & 21))))) | !14) | !13))) | !9) | !8)) | !6) | !5) | !4))) | !1) | !0)) & (t)] 0
[(!(((2 | (3 | ((((7 | (((10 | (11 | (12 | (((15 | (16 | (17 | ((19 | (20 | !21)) | !18)))) | !14) | !13)))) | !9) | !8)) | !6) | !5) | !4))) | !1) | !0)) & (t)] 1
[(!(((2 | (3 | ((((7 | ((((11 | (12 | (((15 | (16 | (17 | (18 | (19 | (20 | !21)))))) | !14) | !13))) | !10) | !9) | !8)) | !6) | !5) | !4))) | !1) | !0)) & (t)] 0
[(!(((2 | (3 | ((((7 | ((((11 | (12 | (((15 | (16 | (17 | ((19 | 21) | !18)))) | !14) | !13))) | !10) | !9) | !8)) | !6) | !5) | !4))) | !1) | !0)) & (t)] 0
[(!(((2 | (3 | ((((7 | ((((11 | (12 | (((15 | (16 | (17 | ((19 | (20 | !21)) | !18)))) | !14) | !13))) | !10) | !9) | !8)) | !6) | !5) | !4))) | !1) | !0)) & (t)] 0
[(!(0 | ((((4 | ((6 | (7 | (8 | (((11 | (12 | ((14 | (15 | (16 | (17 | (19 | !18))))) | !13))) | !10) | !9)))) | !5)) | !3) | !2) | !1))) & (t)] 0
[(!((1 | ((3 | (4 | (5 | (6 | ((8 | (9 | ((11 | ((13 | (14 | (15 | (16 | (17 | !(18 & 19)))))) | !12)) | !10))) | !7))))) | !2)) | !0)) & (!(23 | !22))] 0
[(!((1 | ((3 | (4 | (5 | (((8 | (9 | ((11 | ((13 | (14 | (15 | (16 | (17 | !(18 & 19)))))) | !12)) | !10))) | !7) | !6)))) | !2)) | !0)) & (t)] 0
[(!(((2 | (3 | ((5 | ((8 | (((11 | ((13 | (((16 | (17 | (18 | (19 | (20 | !21))))) | !15) | !14)) | !12)) | !10) | !9)) | !7)) | !4))) | !1) | !0)) & (t)] 0
[(!(((2 | (3 | ((5 | (6 | ((8 | (((11 | ((13 | (((16 | (17 | (18 | (19 | !(20 & 21))))) | !15) | !14)) | !12)) | !10) | !9)) | !7))) | !4))) | !1) | !0)) & (t)] 0
[(!(((2 | (3 | ((5 | (((8 | (((11 | ((13 | (((16 | (17 | (18 | (19 | !(20 & 21))))) | !15) | !14)) | !12)) | !10) | !9)) | !7) | !6)) | !4))) | !1) | !0)) & (t)] 0
[(!(((2 | (3 | ((5 | (((8 | ((10 | (11 | ((13 | ((16 | (17 | ((19 | (20 | !21)) | !18))) | !15)) | !12))) | !9)) | !7) | !6)) | !4))) | !1) | !0)) & (t)] 0
[(!(((2 | (3 | ((5 | (((8 | ((10 | (11 | ((13 | (14 | ((16 | (17 | ((19 | !(20 & 21)) | !18))) | !15))) | !12))) | !9)) | !7) | !6)) | !4))) | !1) | !0)) & (t)] 1
[(!(((2 | (3 | ((5 | (((8 | ((10 | (11 | ((13 | (((16 | (17 | ((19 | !(20 & 21)) | !18))) | !15) | !14)) | !12))) | !9)) | !7) | !6)) | !4))) | !1) | !0)) & (t)] 1
[(!(0 | ((((4 | (((7 | (8 | ((10 | (11 | (12 | (((15 | (16 | (17 | (18 | 19)))) | !14) | !13)))) | !9))) | !6) | !5)) | !3) | !2) | !1))) & (!(22 | !23))] 0
[(!(0 | ((((4 | (((7 | (8 | (((11 | (12 | (((15 | (16 | (17 | (18 | 19)))) | !14) | !13))) | !10) | !9))) | !6) | !5)) | !3) | !2) | !1))) & (t)] 1
[(!(((2 | (3 | ((((7 | (((10 | (11 | (12 | ((14 | (15 | (16 | (17 | ((19 | (20 | !21)) | !18))))) | !13)))) | !9) | !8)) | !6) | !5) | !4))) | !1) | !0)) & (t)] 0
[(!(((2 | (3 | ((((7 | (((11 | (12 | ((14 | (15 | (16 | (17 | ((19 | !(20 & 21)) | !18))))) | !13))) | !9) | !8)) | !6) | !5) | !4))) | !1) | !0)) & (t)] 0
[(!(((2 | (3 | ((((7 | ((((11 | (12 | ((14 | (15 | (16 | (17 | ((19 | (20 | !21)) | !18))))) | !13))) | !10) | !9) | !8)) | !6) | !5) | !4))) | !1) | !0)) & (t)] 0
[(!(((2 | (3 | (((6 | (7 | ((((11 | (12 | (((15 | (16 | (17 | (18 | (19 | (20 | !21)))))) | !14) | !13))) | !10) | !9) | !8))) | !5) | !4))) | !1) | !0)) & (t)] 0
[(!(((2 | (3 | (((6 | (7 | ((((11 | (12 | (((15 | (16 | (17 | (19 | !(20 & 21))))) | !14) | !13))) | !10) | !9) | !8))) | !5) | !4))) | !1) | !0)) & (t)] 1
[(!(((2 | (3 | (((6 | (7 | ((((11 | (12 | (((15 | (16 | (17 | ((19 | (20 | !21)) | !18)))) | !14) | !13))) | !10) | !9) | !8))) | !5) | !4))) | !1) | !0)) & (t)] 0
[(!(0 | (((3 | (4 | (5 | (6 | ((8 | (((11 | ((13 | (14 | (15 | (16 | (17 | !(18 & 19)))))) | !12)) | !10) | !9)) | !7))))) | !2) | !1))) & (!(23 | !22))] 1
[(!((((3 | (4 | (5 | (6 | ((8 | (((11 | ((13 | (14 | (15 | (16 | (17 | !(18 & 19)))))) | !12)) | !10) | !9)) | !7))))) | !2) | !1) | !0)) & (!(23 | !22))] 1
[(!((1 | (2 | (3 | (4 | (5 | ((7 | (8 | (9 | ((11 | (12 | (13 | (14 | (15 | (16 | ((19 | !18) | !17))))))) | !10)))) | !6)))))) | !0)) & (t)] 1
[(!(0 | ((2 | (3 | (4 | (5 | ((7 | (8 | (((11 | (12 | (13 | ((15 | (16 | ((18 | 19) | !17))) | !14)))) | !10) | !9))) | !6))))) | !1))) & (t)] 1
[(!((1 | (2 | (3 | (4 | (5 | ((7 | (8 | (9 | (((12 | (13 | (14 | (15 | (16 | (17 | (19 | !18))))))) | !11) | !10)))) | !6)))))) | !0)) & (!(22 | !23))] 0
[(!(0 | ((2 | (3 | (4 | (5 | ((7 | (8 | ((((12 | (13 | ((15 | (16 | (17 | (18 | 19)))) | !14))) | !11) | !10) | !9))) | !6))))) | !1))) & (t)] 0
[(!((1 | (2 | ((4 | ((6 | (7 | (8 | (9 | (((12 | ((14 | (15 | (16 | (17 | (19 | !18))))) | !13)) | !11) | !10))))) | !5)) | !3))) | !0)) & (!(22 | !23))] 0
[(!(((2 | ((4 | ((6 | (7 | (8 | ((((12 | ((14 | (15 | (16 | (17 | (19 | !18))))) | !13)) | !11) | !10) | !9)))) | !5)) | !3)) | !1) | !0)) & (t)] 0
[(!(0 | ((2 | (3 | (4 | (5 | (((8 | ((10 | (((13 | ((15 | (16 | (17 | (18 | !19)))) | !14)) | !12) | !11)) | !9)) | !7) | !6))))) | !1))) & (!(23 | !22))] 0
[(!(((2 | (3 | (4 | (5 | (((8 | ((10 | (((13 | ((15 | (16 | (17 | (18 | !19)))) | !14)) | !12) | !11)) | !9)) | !7) | !6))))) | !1) | !0)) & (t)] 0
[(!(((2 | (3 | (4 | (5 | (6 | (7 | (8 | (((11 | (12 | (13 | (14 | (15 | (16 | ((19 | !18) | !17))))))) | !10) | !9)))))))) | !1) | !0)) & (t)] 1
[(!(((2 | (3 | (4 | (5 | ((7 | (8 | ((10 | (11 | (12 | (13 | ((15 | (16 | ((18 | 19) | !17))) | !14))))) | !9))) | !6))))) | !1) | !0)) & (t)] 0
[(!(((2 | (3 | ((5 | (6 | (7 | (8 | (((11 | (12 | (13 | (14 | (15 | (16 | (17 | ((19 | 21) | !18)))))))) | !10) | !9))))) | !4))) | !1) | !0)) & (t)] 0
[(!(((2 | (3 | ((5 | (6 | (7 | (8 | (((11 | (12 | (13 | (14 | (15 | (16 | (17 | ((19 | (20 | !21)) | !18)))))))) | !10) | !9))))) | !4))) | !1) | !0)) & (t)] 0
[(!(((2 | (3 | ((5 | (6 | (7 | (8 | (((11 | (12 | (13 | (14 | (15 | (16 | (17 | ((19 | !(20 & 21)) | !18)))))))) | !10) | !9))))) | !4))) | !1) | !0)) & (t)] 1
[(!(((2 | (3 | ((5 | ((7 | (8 | ((10 | (11 | (12 | (13 | ((15 | (16 | (17 | (18 | (19 | 21))))) | !14))))) | !9))) | !6)) | !4))) | !1) | !0)) & (t)] 0
[(!(((2 | (3 | ((5 | ((7 | (8 | ((10 | (11 | (12 | (13 | ((15 | (16 | (17 | (18 | (19 | (20 | !21)))))) | !14))))) | !9))) | !6)) | !4))) | !1) | !0)) & (t)] 1
[(!(((2 | (3 | ((5 | ((7 | (8 | ((10 | (11 | (12 | (13 | ((15 | (16 | (17 | (18 | (19 | !(20 & 21)))))) | !14))))) | !9))) | !6)) | !4))) | !1) | !0)) & (t)] 0
State: 1 "[1]"
[(0 & (1 & (2 & (3 | (4 | (5 | (6 & (7 | (8 | ((10 & (11 | (12 | (13 | ((15 | (16 | (17 | (19 | !18)))) | !14)))) | !10 & (11 | (12 | (13 | ((15 | (16 | (17 | (18 | 19)))) | !14))))) | !9))) | !6 & (7 & (8 | (((11 | ((13 | (14 | (15 | (16 | (17 | !(18 & 19)))))) | !12)) | !10) | !9)) | !7 & (8 | (((11 | (12 | (13 | (14 | (15 | (16 | (17 | (19 | !18)))))))) | !10) | !9))))))) | !2 & (3 & (4 | ((6 | (7 | (8 | ((((12 | ((14 | (15 | (16 | (17 | (19 | !18))))) | !13)) | !11) | !10) | !9)))) | !5)) | !3 & (4 & (5 & (6 & (7 | (((10 & (11 | (12 | ((14 & (15 | (16 | (17 | (18 & 19 | !18 & (19 | !21))))) | !14 & (15 | (16 | (17 | ((19 | !21) | !18))))) | !13))) | !10 & (11 | (12 | ((14 & (15 | (16 | (17 | (18 & (19 | !21) | !18 & 19)))) | !14 & (15 | (16 | (17 | ((19 | !21) | !18))))) | !13)))) | !9) | !8)) | !6 & (7 | ((((11 | (12 | ((14 & (15 | (16 | (17 | (19 | !21)))) | !14 & (15 | (16 | (17 | (19 | !18))))) | !13))) | !10) | !9) | !8))) | !5 & (6 & (7 & (8 | ((10 & (11 | ((13 | (14 & ((16 | (17 | (18 & 19 | !18 & (19 | !21)))) | !15) | !14 & ((16 | (17 | ((19 | !21) | !18))) | !15))) | !12)) | !10 & (11 | ((13 | (14 & ((16 | (17 | (18 & (19 | !21) | !18 & 19))) | !15) | !14 & ((16 | (17 | ((19 | !21) | !18))) | !15))) | !12))) | !9)) | !7 & (8 | ((10 & (11 | (12 | (13 | ((15 | (16 | (17 | (19 | !18)))) | !14)))) | !10 & (11 | (12 | (13 | ((15 | (16 | (17 | (18 | 19)))) | !14))))) | !9))) | !6 & (7 & (8 | (((11 | ((13 | (14 & ((16 | (17 | (19 | !21))) | !15) | !14 & ((16 | (17 | (19 | !18))) | !15))) | !12)) | !10) | !9)) | !7 & (8 | (((11 | (12 | (13 | (14 | (15 | (16 | (17 | (19 | !18)))))))) | !10) | !9))))) | !4 & (5 | (6 & (7 & (8 | ((10 | (((13 | ((15 | (16 | (17 | (18 | !19)))) | !14)) | !12) | !11)) | !9)) | !7 & (8 | ((10 & (11 & (12 | (13 | ((15 | (16 | (17 | (19 | !18)))) | !14))) | !11 & (12 | (13 | ((15 | (16 | ((19 | !18) | !17))) | !14)))) | !10 & (11 | (12 | (13 | ((15 | (16 | ((18 | 19) | !17))) | !14))))) | !9))) | !6 & (7 | (8 | (((11 | (12 | (13 | (14 | (15 | (16 | ((19 | !18) | !17))))))) | !10) | !9)))))))) | !1 & (2 & (3 | (4 | (5 | ((8 | (9 | ((11 | ((13 | (14 | (15 | (16 | (17 | !(18 & 19)))))) | !12)) | !10))) | !7)))) | !2 & (3 & (4 | ((6 | (7 | (8 | (9 | (((12 | ((14 | (15 | (16 | (17 | (19 | !18))))) | !13)) | !11) | !10))))) | !5)) | !3 & (4 | (5 | ((7 | (8 | (9 | ((11 & (12 | (13 | (14 | (15 | (16 | (17 | (19 | !18))))))) | !11 & (12 | (13 | (14 | (15 | (16 | ((19 | !18) | !17))))))) | !10)))) | !6)))))) | !0 & ((2 & (3 & (4 | ((6 & (7 | (8 | ((11 | (12 | (((15 | (16 | (17 | (18 | 19)))) | !14) | !13))) | !9))) | !6 & (7 | (8 | (((11 | (12 | ((14 | (15 | (16 | (17 | (19 | !18))))) | !13))) | !10) | !9)))) | !5)) | !3 & (4 | (5 | (6 | ((8 | (((11 | ((13 | (14 | (15 | (16 | (17 | !(18 & 19)))))) | !12)) | !10) | !9)) | !7))))) | !2 & (3 | (4 | (5 | ((7 & (8 | ((10 | (((13 | ((15 | (16 | (17 | (18 | !19)))) | !14)) | !12) | !11)) | !9)) | !7 & (8 | (((11 & (12 | (13 | ((15 | (16 | (17 | (18 | 19)))) | !14))) | !11 & (12 | (13 | ((15 | (16 | ((18 | 19) | !17))) | !14)))) | !10) | !9))) | !6))))) | !1)) & (t)] 1
[(!(((2 | (3 | (4 | (5 | ((7 | (8 | ((((12 | (13 | ((15 | (16 | (17 | (19 | !18)))) | !14))) | !11) | !10) | !9))) | !6))))) | !1) | !0)) & (t)] 0
[(!(((2 | (3 | (4 | (5 | ((7 | (8 | (((11 | (12 | (13 | ((15 | (16 | ((19 | !18) | !17))) | !14)))) | !10) | !9))) | !6))))) | !1) | !0)) & (t)] 0
[(!(((2 | (3 | ((5 | ((7 | (8 | (((11 | (12 | (13 | ((15 | (16 | (17 | ((19 | 21) | !18)))) | !14)))) | !10) | !9))) | !6)) | !4))) | !1) | !0)) & (t)] 0
[(!(((2 | (3 | ((5 | ((7 | (8 | (((11 | (12 | (13 | ((15 | (16 | (17 | ((19 | (20 | !21)) | !18)))) | !14)))) | !10) | !9))) | !6)) | !4))) | !1) | !0)) & (t)] 0
[(!(((2 | (3 | ((5 | ((7 | (8 | (((11 | (12 | (13 | ((15 | (16 | (17 | ((19 | !(20 & 21)) | !18)))) | !14)))) | !10) | !9))) | !6)) | !4))) | !1) | !0)) & (t)] 0
[(!((((3 | (4 | (5 | ((7 | (8 | (((11 | (12 | (13 | ((15 | (16 | (17 | (19 | !18)))) | !14)))) | !10) | !9))) | !6)))) | !2) | !1) | !0)) & (t)] 0
[(!(((2 | (3 | (((6 | (7 | ((((11 | (12 | ((14 | (15 | (16 | (17 | ((19 | 21) | !18))))) | !13))) | !10) | !9) | !8))) | !5) | !4))) | !1) | !0)) & (t)] 0
[(!(((2 | (3 | (((6 | (7 | ((((11 | (12 | ((14 | (15 | (16 | (17 | ((19 | (20 | !21)) | !18))))) | !13))) | !10) | !9) | !8))) | !5) | !4))) | !1) | !0)) & (t)] 0
[(!(((2 | (3 | (((6 | (7 | ((((11 | (12 | ((14 | (15 | (16 | (17 | ((19 | !(20 & 21)) | !18))))) | !13))) | !10) | !9) | !8))) | !5) | !4))) | !1) | !0)) & (t)] 1
[(!(((2 | (3 | ((5 | (((8 | ((10 | (11 | ((13 | (((16 | (17 | (18 | (19 | 21)))) | !15) | !14)) | !12))) | !9)) | !7) | !6)) | !4))) | !1) | !0)) & (t)] 0
[(!(((2 | (3 | ((5 | (((8 | ((10 | (11 | ((13 | (((16 | (17 | (18 | (19 | (20 | !21))))) | !15) | !14)) | !12))) | !9)) | !7) | !6)) | !4))) | !1) | !0)) & (t)] 1
[(!(((2 | (3 | ((5 | (((8 | ((10 | (11 | ((13 | (((16 | (17 | (18 | (19 | !(20 & 21))))) | !15) | !14)) | !12))) | !9)) | !7) | !6)) | !4))) | !1) | !0)) & (t)] 0
[(!((((3 | (4 | (5 | (6 | (7 | (8 | (((11 | (12 | (13 | (14 | (15 | (16 | (17 | (19 | !18)))))))) | !10) | !9))))))) | !2) | !1) | !0)) & (!(23 | !22))] 1
[(!(((2 | (3 | ((5 | (6 | ((8 | (((11 | ((13 | (14 | ((16 | (17 | ((19 | 21) | !18))) | !15))) | !12)) | !10) | !9)) | !7))) | !4))) | !1) | !0)) & (t)] 0
[(!(((2 | (3 | ((5 | ((8 | (((11 | ((13 | ((16 | (17 | ((19 | (20 | !21)) | !18))) | !15)) | !12)) | !10) | !9)) | !7)) | !4))) | !1) | !0)) & (t)] 0
[(!(((2 | (3 | ((5 | (6 | ((8 | (((11 | ((13 | (14 | ((16 | (17 | ((19 | !(20 & 21)) | !18))) | !15))) | !12)) | !10) | !9)) | !7))) | !4))) | !1) | !0)) & (t)] 1
[(!(((2 | (3 | ((5 | (6 | ((8 | (((11 | ((13 | (((16 | (17 | ((19 | !(20 & 21)) | !18))) | !15) | !14)) | !12)) | !10) | !9)) | !7))) | !4))) | !1) | !0)) & (t)] 0
[(!(((2 | (3 | ((5 | (((8 | (((11 | ((13 | (14 | ((16 | (17 | ((19 | !(20 & 21)) | !18))) | !15))) | !12)) | !10) | !9)) | !7) | !6)) | !4))) | !1) | !0)) & (t)] 0
[(!(((2 | (3 | ((5 | (((8 | (((11 | ((13 | (((16 | (17 | ((19 | 21) | !18))) | !15) | !14)) | !12)) | !10) | !9)) | !7) | !6)) | !4))) | !1) | !0)) & (t)] 0
[(!(((2 | (3 | ((5 | (((8 | (((11 | ((13 | (((16 | (17 | ((19 | !(20 & 21)) | !18))) | !15) | !14)) | !12)) | !10) | !9)) | !7) | !6)) | !4))) | !1) | !0)) & (t)] 1
[(!((((3 | (4 | (5 | ((7 | (8 | ((10 | (11 | (12 | (13 | ((15 | (16 | (17 | (18 | 19)))) | !14))))) | !9))) | !6)))) | !2) | !1) | !0)) & (!(22 | !23))] 0
[(!(((2 | (3 | ((((7 | (((10 | (11 | (12 | (((15 | (16 | (17 | (18 | (19 | 21))))) | !14) | !13)))) | !9) | !8)) | !6) | !5) | !4))) | !1) | !0)) & (t)] 1
[(!(((2 | (3 | ((((7 | (((10 | (11 | (12 | (((15 | (16 | (17 | (18 | (19 | (20 | !21)))))) | !14) | !13)))) | !9) | !8)) | !6) | !5) | !4))) | !1) | !0)) & (t)] 1
[(!(((2 | (3 | ((((7 | (((11 | (12 | (((15 | (16 | (17 | (19 | !(20 & 21))))) | !14) | !13))) | !9) | !8)) | !6) | !5) | !4))) | !1) | !0)) & (t)] 0
[(!(((2 | (3 | ((((7 | (((10 | (11 | (12 | (((15 | (16 | (17 | ((19 | (20 | !21)) | !18)))) | !14) | !13)))) | !9) | !8)) | !6) | !5) | !4))) | !1) | !0)) & (t)] 1
[(!(((2 | (3 | ((((7 | ((((11 | (12 | (((15 | (16 | (17 | (18 | (19 | (20 | !21)))))) | !14) | !13))) | !10) | !9) | !8)) | !6) | !5) | !4))) | !1) | !0)) & (t)] 1
[(!(((2 | (3 | ((((7 | ((((11 | (12 | (((15 | (16 | (17 | ((19 | 21) | !18)))) | !14) | !13))) | !10) | !9) | !8)) | !6) | !5) | !4))) | !1) | !0)) & (t)] 1
[(!(((2 | (3 | ((((7 | ((((11 | (12 | (((15 | (16 | (17 | ((19 | (20 | !21)) | !18)))) | !14) | !13))) | !10) | !9) | !8)) | !6) | !5) | !4))) | !1) | !0)) & (t)] 0
[(!(0 | ((((4 | ((6 | (7 | (8 | (((11 | (12 | ((14 | (15 | (16 | (17 | (19 | !18))))) | !13))) | !10) | !9)))) | !5)) | !3) | !2) | !1))) & (!(23 | !22))] 0
[(!((1 | ((3 | (4 | (5 | (6 | ((8 | (9 | ((11 | ((13 | (14 | (15 | (16 | (17 | !(18 & 19)))))) | !12)) | !10))) | !7))))) | !2)) | !0)) & (!(23 | !22))] 0
[(!((1 | ((3 | (4 | (5 | (((8 | (9 | ((11 | ((13 | (14 | (15 | (16 | (17 | !(18 & 19)))))) | !12)) | !10))) | !7) | !6)))) | !2)) | !0)) & (t)] 1
[(!(((2 | (3 | ((5 | ((8 | (((11 | ((13 | (((16 | (17 | (18 | (19 | (20 | !21))))) | !15) | !14)) | !12)) | !10) | !9)) | !7)) | !4))) | !1) | !0)) & (t)] 0
[(!(((2 | (3 | ((5 | (6 | ((8 | (((11 | ((13 | (((16 | (17 | (18 | (19 | !(20 & 21))))) | !15) | !14)) | !12)) | !10) | !9)) | !7))) | !4))) | !1) | !0)) & (t)] 0
[(!(((2 | (3 | ((5 | (((8 | (((11 | ((13 | (((16 | (17 | (18 | (19 | !(20 & 21))))) | !15) | !14)) | !12)) | !10) | !9)) | !7) | !6)) | !4))) | !1) | !0)) & (t)] 1
[(!(((2 | (3 | ((5 | (((8 | ((10 | (11 | ((13 | ((16 | (17 | ((19 | (20 | !21)) | !18))) | !15)) | !12))) | !9)) | !7) | !6)) | !4))) | !1) | !0)) & (t)] 1
[(!(((2 | (3 | ((5 | (((8 | ((10 | (11 | ((13 | (14 | ((16 | (17 | ((19 | !(20 & 21)) | !18))) | !15))) | !12))) | !9)) | !7) | !6)) | !4))) | !1) | !0)) & (t)] 1
[(!(((2 | (3 | ((5 | (((8 | ((10 | (11 | ((13 | (((16 | (17 | ((19 | !(20 & 21)) | !18))) | !15) | !14)) | !12))) | !9)) | !7) | !6)) | !4))) | !1) | !0)) & (t)] 1
[(!(0 | ((((4 | (((7 | (8 | ((10 | (11 | (12 | (((15 | (16 | (17 | (18 | 19)))) | !14) | !13)))) | !9))) | !6) | !5)) | !3) | !2) | !1))) & (t)] 0
[(!(0 | ((((4 | (((7 | (8 | (((11 | (12 | (((15 | (16 | (17 | (18 | 19)))) | !14) | !13))) | !10) | !9))) | !6) | !5)) | !3) | !2) | !1))) & (t)] 0
[(!(((2 | (3 | ((((7 | (((10 | (11 | (12 | ((14 | (15 | (16 | (17 | ((19 | (20 | !21)) | !18))))) | !13)))) | !9) | !8)) | !6) | !5) | !4))) | !1) | !0)) & (t)] 0
[(!(((2 | (3 | ((((7 | (((11 | (12 | ((14 | (15 | (16 | (17 | ((19 | !(20 & 21)) | !18))))) | !13))) | !9) | !8)) | !6) | !5) | !4))) | !1) | !0)) & (t)] 1
[(!(((2 | (3 | ((((7 | ((((11 | (12 | ((14 | (15 | (16 | (17 | ((19 | (20 | !21)) | !18))))) | !13))) | !10) | !9) | !8)) | !6) | !5) | !4))) | !1) | !0)) & (t)] 0
[(!(((2 | (3 | (((6 | (7 | ((((11 | (12 | (((15 | (16 | (17 | (18 | (19 | (20 | !21)))))) | !14) | !13))) | !10) | !9) | !8))) | !5) | !4))) | !1) | !0)) & (t)] 0
[(!(((2 | (3 | (((6 | (7 | ((((11 | (12 | (((15 | (16 | (17 | (19 | !(20 & 21))))) | !14) | !13))) | !10) | !9) | !8))) | !5) | !4))) | !1) | !0)) & (t)] 1
[(!(((2 | (3 | (((6 | (7 | ((((11 | (12 | (((15 | (16 | (17 | ((19 | (20 | !21)) | !18)))) | !14) | !13))) | !10) | !9) | !8))) | !5) | !4))) | !1) | !0)) & (t)] 1
[(!(0 | (((3 | (4 | (5 | (6 | ((8 | (((11 | ((13 | (14 | (15 | (16 | (17 | !(18 & 19)))))) | !12)) | !10) | !9)) | !7))))) | !2) | !1))) & (!(23 | !22))] 1
[(!((((3 | (4 | (5 | (6 | ((8 | (((11 | ((13 | (14 | (15 | (16 | (17 | !(18 & 19)))))) | !12)) | !10) | !9)) | !7))))) | !2) | !1) | !0)) & (!(23 | !22))] 1
[(!((1 | (2 | (3 | (4 | (5 | ((7 | (8 | (9 | ((11 | (12 | (13 | (14 | (15 | (16 | ((19 | !18) | !17))))))) | !10)))) | !6)))))) | !0)) & (t)] 0
[(!(0 | ((2 | (3 | (4 | (5 | ((7 | (8 | (((11 | (12 | (13 | ((15 | (16 | ((18 | 19) | !17))) | !14)))) | !10) | !9))) | !6))))) | !1))) & (t)] 1
[(!((1 | (2 | (3 | (4 | (5 | ((7 | (8 | (9 | (((12 | (13 | (14 | (15 | (16 | (17 | (19 | !18))))))) | !11) | !10)))) | !6)))))) | !0)) & (!(22 | !23))] 0
[(!(0 | ((2 | (3 | (4 | (5 | ((7 | (8 | ((((12 | (13 | ((15 | (16 | (17 | (18 | 19)))) | !14))) | !11) | !10) | !9))) | !6))))) | !1))) & (!(23 | !22))] 0
[(!((1 | (2 | ((4 | ((6 | (7 | (8 | (9 | (((12 | ((14 | (15 | (16 | (17 | (19 | !18))))) | !13)) | !11) | !10))))) | !5)) | !3))) | !0)) & (t)] 1
[(!(((2 | ((4 | ((6 | (7 | (8 | ((((12 | ((14 | (15 | (16 | (17 | (19 | !18))))) | !13)) | !11) | !10) | !9)))) | !5)) | !3)) | !1) | !0)) & (t)] 0
[(!(0 | ((2 | (3 | (4 | (5 | (((8 | ((10 | (((13 | ((15 | (16 | (17 | (18 | !19)))) | !14)) | !12) | !11)) | !9)) | !7) | !6))))) | !1))) & (t)] 1
[(!(((2 | (3 | (4 | (5 | (((8 | ((10 | (((13 | ((15 | (16 | (17 | (18 | !19)))) | !14)) | !12) | !11)) | !9)) | !7) | !6))))) | !1) | !0)) & (t)] 0
[(!(((2 | (3 | (4 | (5 | (6 | (7 | (8 | (((11 | (12 | (13 | (14 | (15 | (16 | ((19 | !18) | !17))))))) | !10) | !9)))))))) | !1) | !0)) & (t)] 0
[(!(((2 | (3 | (4 | (5 | ((7 | (8 | ((10 | (11 | (12 | (13 | ((15 | (16 | ((18 | 19) | !17))) | !14))))) | !9))) | !6))))) | !1) | !0)) & (t)] 1
[(!(((2 | (3 | ((5 | (6 | (7 | (8 | (((11 | (12 | (13 | (14 | (15 | (16 | (17 | ((19 | 21) | !18)))))))) | !10) | !9))))) | !4))) | !1) | !0)) & (t)] 1
[(!(((2 | (3 | ((5 | (6 | (7 | (8 | (((11 | (12 | (13 | (14 | (15 | (16 | (17 | ((19 | (20 | !21)) | !18)))))))) | !10) | !9))))) | !4))) | !1) | !0)) & (t)] 0
[(!(((2 | (3 | ((5 | (6 | (7 | (8 | (((11 | (12 | (13 | (14 | (15 | (16 | (17 | ((19 | !(20 & 21)) | !18)))))))) | !10) | !9))))) | !4))) | !1) | !0)) & (t)] 0
[(!(((2 | (3 | ((5 | ((7 | (8 | ((10 | (11 | (12 | (13 | ((15 | (16 | (17 | (18 | (19 | 21))))) | !14))))) | !9))) | !6)) | !4))) | !1) | !0)) & (t)] 1
[(!(((2 | (3 | ((5 | ((7 | (8 | ((10 | (11 | (12 | (13 | ((15 | (16 | (17 | (18 | (19 | (20 | !21)))))) | !14))))) | !9))) | !6)) | !4))) | !1) | !0)) & (t)] 1
[(!(((2 | (3 | ((5 | ((7 | (8 | ((10 | (11 | (12 | (13 | ((15 | (16 | (17 | (18 | (19 | !(20 & 21)))))) | !14))))) | !9))) | !6)) | !4))) | !1) | !0)) & (t)] 1
--END--
Synthesis took:  10805.224418640137 ms
