Processing program.
spec contains 2 APs (['q1', 'q0'])
simplified !((!request & !changeRoom) | (!request & changeRoom) | (request & !changeRoom)) (len 79) to (request & changeRoom) (len 22)
(request & changeRoom)
Starting abstract synthesis loop.
adding roomA to predicate abstraction
constructing LTL abstraction
ltl abstraction took: 0.0014519691467285156
running LTL synthesis
massaging abstract counterstrategy
checking for compatibility of counterstrategy with program
trying fairness refinement
trying safety refinement
adding (cnt <= 0) to predicate abstraction
constructing LTL abstraction
ltl abstraction took: 0.0008876323699951172
running LTL synthesis
massaging abstract counterstrategy
checking for compatibility of counterstrategy with program
trying fairness refinement
Structural Refinement: 
entry_cond:TRUE
exit_cond:(cnt <= 0)
loop:(cnt := (cnt - 1))
adding (cnt = cnt_prev), (cnt = (cnt_prev - 1)) to predicate abstraction
constructing LTL abstraction
ltl abstraction took: 0.0016102790832519531
running LTL synthesis
Realizable.
REALIZABLE
HOA: v1
tool: "strix" "21.0.0"
States: 1
Start: 0
AP: 12 "pred__cnt_EQ__cntprev_MINUS_1__" "in_loop0_0" "pred__cnt_EQ_cntprev_" "pred__cnt_LTEQ_0_" "q1" "pred_roomA" "q0" "changeRoom" "request" "finished" "grantB" "grantA"
controllable-AP: 9 10 11
acc-name: all
Acceptance: 0 t
--BODY--
State: 0 "[0]"
[(!(0 | (1 | (2 | ((4 | (((7 | 8) | !6) | !5)) | !3))))) & (t)] 0
[(!(0 | (1 | (2 | ((4 | (((7 | !8) | !6) | !5)) | !3))))) & (t)] 0
[(!(0 | (1 | (2 | ((4 | (((8 | !7) | !6) | !5)) | !3))))) & (t)] 0
[(!(0 | (1 | (2 | ((4 | !(5 & (6 & (7 & 8)))) | !3))))) & (t)] 0
[(!(0 | (1 | ((((6 | !5) | !4) | !3) | !2)))) & (9)] 0
[(!(0 | (1 | (2 | (3 | (4 | (((7 | 8) | !6) | !5))))))) & (t)] 0
[(!(0 | (1 | (2 | (3 | (4 | (((7 | !8) | !6) | !5))))))) & (t)] 0
[(!(0 | (1 | (2 | (3 | (4 | (((8 | !7) | !6) | !5))))))) & (t)] 0
[(!(0 | (1 | (2 | (3 | (4 | !(5 & (6 & (7 & 8))))))))) & (t)] 0
[(!(0 | (1 | (((4 | (5 | ((7 | 8) | !6))) | !3) | !2)))) & (t)] 0
[(!(0 | (1 | (((4 | (5 | ((7 | !8) | !6))) | !3) | !2)))) & (t)] 0
[(!(0 | (1 | (((4 | (5 | ((8 | !7) | !6))) | !3) | !2)))) & (t)] 0
[(!(0 | (1 | (((4 | (5 | !(6 & (7 & 8)))) | !3) | !2)))) & (t)] 0
[(!(0 | (1 | (((4 | (((7 | 8) | !6) | !5)) | !3) | !2)))) & (t)] 0
[(!(0 | (1 | (((4 | (((7 | !8) | !6) | !5)) | !3) | !2)))) & (t)] 0
[(!(0 | (1 | (((4 | (((8 | !7) | !6) | !5)) | !3) | !2)))) & (t)] 0
[(!(0 | (1 | (((4 | !(5 & (6 & (7 & 8)))) | !3) | !2)))) & (t)] 0
[(!(0 | (1 | ((3 | ((6 | !5) | !4)) | !2)))) & (!(10 | !11))] 0
[(!(0 | (1 | ((3 | (4 | (5 | ((7 | 8) | !6)))) | !2)))) & (t)] 0
[(!(0 | (1 | ((3 | (4 | (5 | ((7 | !8) | !6)))) | !2)))) & (t)] 0
[(!(0 | (1 | ((3 | (4 | (5 | ((8 | !7) | !6)))) | !2)))) & (t)] 0
[(!(0 | (1 | ((3 | (4 | (5 | !(6 & (7 & 8))))) | !2)))) & (t)] 0
[(!(0 | (1 | ((3 | (4 | (((7 | 8) | !6) | !5))) | !2)))) & (t)] 0
[(!(0 | (1 | ((3 | (4 | (((7 | !8) | !6) | !5))) | !2)))) & (t)] 0
[(!(0 | (1 | ((3 | (4 | (((8 | !7) | !6) | !5))) | !2)))) & (t)] 0
[(!(0 | (1 | ((3 | (4 | !(5 & (6 & (7 & 8))))) | !2)))) & (t)] 0
[(!(0 | (1 | ((((5 | 6) | !4) | !3) | !2)))) & (9)] 0
[(!(0 | (1 | (2 | (3 | (4 | (5 | ((7 | 8) | !6)))))))) & (t)] 0
[(!(0 | (1 | (2 | (3 | (4 | (5 | ((7 | !8) | !6)))))))) & (t)] 0
[(!(0 | (1 | (2 | (3 | (4 | (5 | ((8 | !7) | !6)))))))) & (t)] 0
[(!(0 | (1 | (2 | (3 | (4 | (5 | !(6 & (7 & 8))))))))) & (t)] 0
[(!(((2 | (3 | ((6 | !5) | !4))) | !1) | !0)) & (!(10 | !11))] 0
[(!(((2 | (((6 | !5) | !4) | !3)) | !1) | !0)) & (9)] 0
[(!(0 | (1 | ((3 | ((5 | 6) | !4)) | !2)))) & (!(11 | !10))] 0
[(!(((2 | (3 | ((5 | 6) | !4))) | !1) | !0)) & (!(11 | !10))] 0
[(!(((2 | (((5 | 6) | !4) | !3)) | !1) | !0)) & (9)] 0
[(0 & ((2 | (6 | !4)) | !1) | !0 & (1 | (2 & (4 & 6 | !4 & !6) | !2 & (3 & (4 | !(5 & 6)) | !3 & (4 | !6))))) & (t)] 0
--END--
Synthesis took:  5856.40811920166 ms
