Processing program.
spec contains 5 APs (['(at_floor == 0)', '(at_floor == 1)', '(at_floor == 2)', '(at_floor == 4)', '(at_floor == 3)'])
simplified !((!cinc & (at_floor >= 0) & (at_floor <= 9) & (!cinc | (at_floor < 0) | (at_floor > 9)) & ((at_floor - 1) >= 0) & ((at_floor - 1) <= 9)) | (cinc & (at_floor >= 0) & (at_floor <= 9) & (cinc | (at_floor < 0) | (at_floor > 9)) & ((at_floor + 1) >= 0) & ((at_floor + 1) <= 9))) (len 274) to ((!(!(0 <= at_floor) | ((0 <= at_floor) & (((at_floor <= 9) & ((at_floor - 1) <= 9) & (1 <= at_floor)) | !(at_floor <= 9)))) & !cinc) | (!(!(0 <= at_floor) | ((0 <= at_floor) & (((at_floor <= 9) & ((at_floor + 1) <= 9) & (0 <= (at_floor + 1))) | !(at_floor <= 9)))) & cinc)) (len 274)
((!(!(0 <= at_floor) | ((0 <= at_floor) & (((at_floor <= 9) & ((at_floor - 1) <= 9) & (1 <= at_floor)) | !(at_floor <= 9)))) & !cinc) | (!(!(0 <= at_floor) | ((0 <= at_floor) & (((at_floor <= 9) & ((at_floor + 1) <= 9) & (0 <= (at_floor + 1))) | !(at_floor <= 9)))) & cinc))
Starting abstract synthesis loop.
adding (at_floor <= 3), (2 <= at_floor), (at_floor <= 2), (at_floor <= 4), (0 <= at_floor), (at_floor <= 0), (3 <= at_floor), (4 <= at_floor), (1 <= at_floor), (at_floor <= 1) to predicate abstraction
constructing LTL abstraction
ltl abstraction took: 0.0005724430084228516
running LTL synthesis
Realizable.
REALIZABLE
HOA: v1
tool: "strix" "21.0.0"
States: 3
Start: 1
AP: 12 "pred__atfloor_LTEQ_1_" "pred__atfloor_LTEQ_4_" "pred__atfloor_LTEQ_2_" "pred__atfloor_LTEQ_3_" "pred__3_LTEQ_atfloor_" "pred__4_LTEQ_atfloor_" "pred__atfloor_LTEQ_0_" "pred__2_LTEQ_atfloor_" "pred__1_LTEQ_atfloor_" "pred__0_LTEQ_atfloor_" "move" "cinc"
controllable-AP: 11
acc-name: all
Acceptance: 0 t
--BODY--
State: 0 "[0]"
[(!(((((4 | (5 | (6 | (7 | !(8 & (9 & 10)))))) | !3) | !2) | !1) | !0)) & (!11)] 2
[(!(((((4 | (5 | ((7 | (8 | !(9 & 10))) | !6))) | !3) | !2) | !1) | !0)) & (t)] 0
[(!(0 | ((((4 | (5 | (6 | !(7 & (8 & (9 & 10)))))) | !3) | !2) | !1))) & (11)] 2
[(!(0 | ((2 | (((5 | (6 | !(7 & (8 & (9 & 10))))) | !4) | !3)) | !1))) & (!11)] 2
[(!(0 | ((2 | (3 | (((6 | !(7 & (8 & (9 & 10)))) | !5) | !4))) | !1))) & (t)] 1
[(0 & ((((4 | (5 | (6 & (7 | (8 | !(9 & 10))) | !6 & (7 | !(8 & (9 & 10)))))) | !3) | !2) | !1) | !0 & ((2 & ((4 | (5 | (6 | !(7 & (8 & (9 & 10)))))) | !3) | !2 & (3 & ((5 | (6 | !(7 & (8 & (9 & 10))))) | !4) | !3 & (((6 | !(7 & (8 & (9 & 10)))) | !5) | !4))) | !1)) & (t)] 2
State: 1 "[1]"
[(!(((((4 | (5 | (6 | (7 | !(8 & (9 & 10)))))) | !3) | !2) | !1) | !0)) & (11)] 0
[(!(((((4 | (5 | ((7 | (8 | !(9 & 10))) | !6))) | !3) | !2) | !1) | !0)) & (t)] 1
[(!(0 | ((((4 | (5 | (6 | !(7 & (8 & (9 & 10)))))) | !3) | !2) | !1))) & (11)] 0
[(!(0 | ((2 | (((5 | (6 | !(7 & (8 & (9 & 10))))) | !4) | !3)) | !1))) & (!11)] 1
[(!(0 | ((2 | (3 | (((6 | !(7 & (8 & (9 & 10)))) | !5) | !4))) | !1))) & (!11)] 1
[(0 & ((((4 | (5 | (6 & (7 | (8 | !(9 & 10))) | !6 & (7 | !(8 & (9 & 10)))))) | !3) | !2) | !1) | !0 & ((2 & ((4 | (5 | (6 | !(7 & (8 & (9 & 10)))))) | !3) | !2 & (3 & ((5 | (6 | !(7 & (8 & (9 & 10))))) | !4) | !3 & (((6 | !(7 & (8 & (9 & 10)))) | !5) | !4))) | !1)) & (t)] 2
State: 2 "[2]"
[(!(((((4 | (5 | (6 | (7 | !(8 & (9 & 10)))))) | !3) | !2) | !1) | !0)) & (t)] 1
[(!(((((4 | (5 | ((7 | (8 | !(9 & 10))) | !6))) | !3) | !2) | !1) | !0)) & (11)] 1
[(!(0 | ((((4 | (5 | (6 | !(7 & (8 & (9 & 10)))))) | !3) | !2) | !1))) & (!11)] 0
[(!(0 | ((2 | (((5 | (6 | !(7 & (8 & (9 & 10))))) | !4) | !3)) | !1))) & (11)] 1
[(!(0 | ((2 | (3 | (((6 | !(7 & (8 & (9 & 10)))) | !5) | !4))) | !1))) & (t)] 0
[(0 & ((((4 | (5 | (6 & (7 | (8 | !(9 & 10))) | !6 & (7 | !(8 & (9 & 10)))))) | !3) | !2) | !1) | !0 & ((2 & ((4 | (5 | (6 | !(7 & (8 & (9 & 10)))))) | !3) | !2 & (3 & ((5 | (6 | !(7 & (8 & (9 & 10))))) | !4) | !3 & (((6 | !(7 & (8 & (9 & 10)))) | !5) | !4))) | !1)) & (t)] 0
--END--
Synthesis took:  2441.4427280426025 ms
