Processing program.
spec contains 2 APs (['q0', 'q1'])
simplified !((!request & !changeRoom) | (!request & changeRoom) | (redrequest & request & !changeRoom & ((cnt - 1) >= 0) & ((cnt - 1) <= 50)) | (request & !redrequest & !changeRoom & ((cnt + 1) >= 0) & ((cnt + 1) <= 50))) (len 210) to (request & (((((((1 <= cnt) & !(((!(0 <= cnt) | ((0 <= cnt) & !(cnt <= 50))) & !((cnt - 1) <= 50)) | ((cnt - 1) <= 50))) | (!(1 <= cnt) & !(!(0 <= cnt) | ((0 <= cnt) & !(cnt <= 50))))) & !changeRoom) | ((cnt <= 50) & (0 <= cnt) & changeRoom)) & redrequest) | (((((!(0 <= (cnt + 1)) & !(!(0 <= cnt) | ((0 <= cnt) & !(cnt <= 50)))) | ((0 <= (cnt + 1)) & !(((!(0 <= cnt) | ((0 <= cnt) & !(cnt <= 50))) & !((cnt + 1) <= 50)) | ((cnt + 1) <= 50)))) & !changeRoom) | ((cnt <= 50) & (0 <= cnt) & changeRoom)) & !redrequest))) (len 518)
(request & (((((((1 <= cnt) & !(((!(0 <= cnt) | ((0 <= cnt) & !(cnt <= 50))) & !((cnt - 1) <= 50)) | ((cnt - 1) <= 50))) | (!(1 <= cnt) & !(!(0 <= cnt) | ((0 <= cnt) & !(cnt <= 50))))) & !changeRoom) | ((cnt <= 50) & (0 <= cnt) & changeRoom)) & redrequest) | (((((!(0 <= (cnt + 1)) & !(!(0 <= cnt) | ((0 <= cnt) & !(cnt <= 50)))) | ((0 <= (cnt + 1)) & !(((!(0 <= cnt) | ((0 <= cnt) & !(cnt <= 50))) & !((cnt + 1) <= 50)) | ((cnt + 1) <= 50)))) & !changeRoom) | ((cnt <= 50) & (0 <= cnt) & changeRoom)) & !redrequest)))
Starting abstract synthesis loop.
adding roomA to predicate abstraction
constructing LTL abstraction
ltl abstraction took: 0.0011425018310546875
running LTL synthesis
massaging abstract counterstrategy
checking for compatibility of counterstrategy with program
trying fairness refinement
trying safety refinement
adding (cnt <= 0) to predicate abstraction
constructing LTL abstraction
ltl abstraction took: 0.0010600090026855469
running LTL synthesis
massaging abstract counterstrategy
checking for compatibility of counterstrategy with program
trying fairness refinement
Structural Refinement: 
entry_cond:TRUE
exit_cond:(cnt <= 0)
loop:(cnt := (cnt - 1))
adding (cnt = cnt_prev), (cnt = (cnt_prev - 1)) to predicate abstraction
constructing LTL abstraction
ltl abstraction took: 0.0012156963348388672
running LTL synthesis
massaging abstract counterstrategy
checking for compatibility of counterstrategy with program
Unrealizable.
digraph MooreMachine {
	graph [nodesep=0.5 overlap=scalexy ranksep=0.8 splines=true]
	node [shape=circle]
	edge [fontname=mono]
	init [label="" shape=point]
	st_1 [label="(!pred__cnt_EQ_cntprev_ & !pred__cnt_EQ__cntprev_MINUS_1__ & !q1 & !pred__cnt_LTEQ_0_ & !in_loop0_0 & !request & changeRoom & q0 & pred_roomA)"]
	st_3 [label="(!pred__cnt_EQ__cntprev_MINUS_1__ & !pred_roomA & !q0 & !pred__cnt_LTEQ_0_ & !in_loop0_0 & q1 & pred__cnt_EQ_cntprev_)"]
	st_2 [label="(!pred__cnt_EQ__cntprev_MINUS_1__ & !pred_roomA & !q1 & !pred__cnt_LTEQ_0_ & !in_loop0_0 & !changeRoom & !request & q0 & pred__cnt_EQ_cntprev_)"]
	st_0 [label="(!pred__cnt_EQ_cntprev_ & !pred__cnt_EQ__cntprev_MINUS_1__ & !q1 & !in_loop0_0 & !changeRoom & !redrequest & request & pred__cnt_LTEQ_0_ & q0 & pred_roomA)"]
	init -> st_0 [style=solid]
	st_0 -> st_1 [label=TRUE]
	st_1 -> st_2 [label=TRUE]
	st_2 -> st_3 [label=TRUE]
	st_3 -> st_3 [label=TRUE]
}
Synthesis took:  4727.37717628479 ms
