Processing program.
spec contains 2 APs (['i', 'goal'])
simplified !FALSE (len 6) to True (len 4)
True
simplified !FALSE (len 6) to True (len 4)
True
Starting abstract synthesis loop.
adding  to predicate abstraction
constructing LTL abstraction
ltl abstraction took: 0.0012440681457519531
running LTL synthesis
massaging abstract counterstrategy
checking for compatibility of counterstrategy with program
trying fairness refinement
trying safety refinement
adding (ox >= 0), (ox <= 0) to predicate abstraction
constructing LTL abstraction
ltl abstraction took: 0.0013320446014404297
running LTL synthesis
massaging abstract counterstrategy
checking for compatibility of counterstrategy with program
trying fairness refinement
trying safety refinement
adding (rx >= 0), (rx <= 0), (ox >= -1) to predicate abstraction
constructing LTL abstraction
ltl abstraction took: 0.0012500286102294922
running LTL synthesis
massaging abstract counterstrategy
checking for compatibility of counterstrategy with program
trying fairness refinement
trying safety refinement
adding (ox <= rx), (ox <= 1), (ox >= rx), (1 >= rx) to predicate abstraction
constructing LTL abstraction
ltl abstraction took: 0.0013065338134765625
running LTL synthesis
massaging abstract counterstrategy
checking for compatibility of counterstrategy with program
trying fairness refinement
trying safety refinement
adding (rx = 0), (ox = 0) to predicate abstraction
constructing LTL abstraction
ltl abstraction took: 0.0014302730560302734
running LTL synthesis
massaging abstract counterstrategy
