Processing program.
spec contains 2 APs (['(y <= 2)', '(y >= 0)'])
Starting abstract synthesis loop.
adding (y <= 2), (0 <= y) to predicate abstraction
constructing LTL abstraction
ltl abstraction took: 0.0009622573852539062
running LTL synthesis
Realizable.
REALIZABLE
HOA: v1
tool: "strix" "21.0.0"
States: 1
Start: 0
AP: 7 "pred__y_LTEQ_2_" "pred__0_LTEQ_y_" "move0" "eincx" "stax" "decy" "incy"
controllable-AP: 5 6
acc-name: all
Acceptance: 0 t
--BODY--
State: 0 "[0]"
[(0 & (1 & 2)) & (5 & 6)] 0
[(!(0 & (1 & 2))) & (t)] 0
--END--
Synthesis took:  833.7337970733643 ms
