Processing program.
spec contains 2 APs (['goal', 'move'])
simplified !FALSE (len 6) to True (len 4)
True
simplified !(((x != 0) & cstay & cinc & (x >= 0) & (x <= 50) & (cinc | (x < 0) | (x > 50)) & ((x + 1) >= 0) & ((x + 1) <= 50)) | ((x != 0) & cstay & !cinc & (x >= 0) & (x <= 50) & (!cinc | (x < 0) | (x > 50))) | ((x != 0) && !cstay) | (x = 0)) (len 232) to (cstay & !((((x = 0) | ((((!(x <= 50) | ((x <= 50) & (0 <= (x + 1)) & ((x + 1) <= 50))) & (0 <= x)) | !(0 <= x)) & !(x = 0))) & cinc) | !cinc)) (len 143)
(cstay & !((((x = 0) | ((((!(x <= 50) | ((x <= 50) & (0 <= (x + 1)) & ((x + 1) <= 50))) & (0 <= x)) | !(0 <= x)) & !(x = 0))) & cinc) | !cinc))
simplified !(!estay | (estay & !einc & (x >= 0) & (x <= 50) & (!einc | (x < 0) | (x > 50)) & ((x - 1) >= 0) & ((x - 1) <= 50)) | (estay & einc & (x >= 0) & (x <= 50) & (einc | (x < 0) | (x > 50)) & ((x + 1) >= 0) & ((x + 1) <= 50))) (len 221) to (!(((((!(x <= 50) | (((x - 1) <= 50) & (1 <= x) & (x <= 50))) & (0 <= x)) | !(0 <= x)) & !einc) | ((!(0 <= x) | ((!(x <= 50) | (((x + 1) <= 50) & (0 <= (x + 1)) & (x <= 50))) & (0 <= x))) & einc)) & estay) (len 205)
(!(((((!(x <= 50) | (((x - 1) <= 50) & (1 <= x) & (x <= 50))) & (0 <= x)) | !(0 <= x)) & !einc) | ((!(0 <= x) | ((!(x <= 50) | (((x + 1) <= 50) & (0 <= (x + 1)) & (x <= 50))) & (0 <= x))) & einc)) & estay)
Starting abstract synthesis loop.
adding (x_prev > x), ((x + 1) <= 50), (x_prev < x), (x <= 0) to predicate abstraction
constructing LTL abstraction
ltl abstraction took: 0.0011014938354492188
running LTL synthesis
Realizable.
REALIZABLE
HOA: v1
tool: "strix" "21.0.0"
States: 1
Start: 0
AP: 11 "setvars" "pred__xprev_GT_x_" "pred___x_PLUS_1__LTEQ_50_" "pred__xprev_LT_x_" "move" "goal" "pred__x_LTEQ_0_" "estay" "einc" "cstay" "cinc"
controllable-AP: 9 10
acc-name: all
Acceptance: 0 t
--BODY--
State: 0 "[0]"
[(!((1 | ((3 | (4 | (5 | (7 | !6)))) | !2)) | !0)) & (t)] 0
[(!((1 | ((3 | (4 | (5 | ((8 | !7) | !6)))) | !2)) | !0)) & (t)] 0
[(!((1 | ((3 | (4 | (5 | !(6 & (7 & 8))))) | !2)) | !0)) & (t)] 0
[(!((1 | (((4 | (5 | (6 | 7))) | !3) | !2)) | !0)) & (t)] 0
[(!((1 | (((4 | (5 | (6 | (8 | !7)))) | !3) | !2)) | !0)) & (t)] 0
[(!((1 | (((4 | (5 | (6 | !(7 & 8)))) | !3) | !2)) | !0)) & (t)] 0
[(!(0 | (1 | ((3 | ((5 | 6) | !4)) | !2)))) & (!(10 | !9))] 0
[(!((((3 | (4 | (5 | (6 | 7)))) | !2) | !1) | !0)) & (t)] 0
[(!((((3 | (4 | (5 | (6 | (8 | !7))))) | !2) | !1) | !0)) & (t)] 0
[(!((((3 | (4 | (5 | (6 | !(7 & 8))))) | !2) | !1) | !0)) & (t)] 0
[(!((((3 | (4 | (5 | (7 | !6)))) | !2) | !1) | !0)) & (t)] 0
[(!((((3 | (4 | (5 | ((8 | !7) | !6)))) | !2) | !1) | !0)) & (t)] 0
[(!((((3 | (4 | (5 | !(6 & (7 & 8))))) | !2) | !1) | !0)) & (t)] 0
[(!((1 | (2 | ((4 | (5 | (6 | 7))) | !3))) | !0)) & (t)] 0
[(!((1 | (2 | ((4 | (5 | (6 | (8 | !7)))) | !3))) | !0)) & (t)] 0
[(!((1 | (2 | ((4 | (5 | (6 | !(7 & 8)))) | !3))) | !0)) & (t)] 0
[(!(0 | (((3 | ((5 | 6) | !4)) | !2) | !1))) & (!9)] 0
[(!(0 | (1 | (2 | (3 | ((5 | 6) | !4)))))) & (!(10 | !9))] 0
[(!((1 | (2 | (3 | (4 | (5 | (6 | 7)))))) | !0)) & (t)] 0
[(!((1 | (2 | (3 | (4 | (5 | (6 | (8 | !7))))))) | !0)) & (t)] 0
[(!((1 | (2 | (3 | (4 | (5 | (6 | !(7 & 8))))))) | !0)) & (t)] 0
[(0 & (1 & ((3 | (4 | 5)) | !2) | !1 & (2 & (3 & (4 | (5 | 6)) | !3 & (4 | (5 | !6))) | !2 & (4 | (5 | 6)))) | !0 & (1 & ((3 | ((5 | 6) | !4)) | !2) | !1 & (3 | ((5 | 6) | !4)))) & (t)] 0
--END--
Synthesis took:  1252.781629562378 ms
