Processing program.
spec contains 2 APs (['q0', 'q1'])
simplified !((!request & !changeRoom) | (!request & changeRoom) | (request & !changeRoom & ((cnt + 1) >= 0) & ((cnt + 1) <= 50))) (len 118) to (request & (((0 <= cnt) & (cnt <= 50) & changeRoom) | (((!(((cnt + 1) <= 50) | ((((0 <= cnt) & !(cnt <= 50)) | !(0 <= cnt)) & !((cnt + 1) <= 50))) & (0 <= (cnt + 1))) | (!(0 <= (cnt + 1)) & !(((0 <= cnt) & !(cnt <= 50)) | !(0 <= cnt)))) & !changeRoom))) (len 253)
(request & (((0 <= cnt) & (cnt <= 50) & changeRoom) | (((!(((cnt + 1) <= 50) | ((((0 <= cnt) & !(cnt <= 50)) | !(0 <= cnt)) & !((cnt + 1) <= 50))) & (0 <= (cnt + 1))) | (!(0 <= (cnt + 1)) & !(((0 <= cnt) & !(cnt <= 50)) | !(0 <= cnt)))) & !changeRoom)))
Starting abstract synthesis loop.
adding (cnt_prev < cnt), (cnt_prev > cnt), ((cnt + 1) <= 50), (cnt <= 0), roomA to predicate abstraction
constructing LTL abstraction
ltl abstraction took: 0.001069784164428711
running LTL synthesis
Realizable.
REALIZABLE
HOA: v1
tool: "strix" "21.0.0"
States: 1
Start: 0
AP: 12 "pred__cntprev_GT_cnt_" "pred__cntprev_LT_cnt_" "pred__cnt_LTEQ_0_" "q0" "pred_roomA" "pred___cnt_PLUS_1__LTEQ_50_" "q1" "changeRoom" "request" "finished" "grantB" "grantA"
controllable-AP: 9 10 11
acc-name: all
Acceptance: 0 t
--BODY--
State: 0 "[0]"
[(0 & (1 | (3 | !(5 & 6))) | !0 & (1 & (2 | (6 | !3)) | !1 & (2 & (3 & (6 | !5) | !3 & !(5 & 6)) | !2 & (3 & 6 | !3 & !6)))) & (t)] 0
[(!(0 | (1 | (((((6 | (7 | 8)) | !5) | !4) | !3) | !2)))) & (t)] 0
[(!(0 | (1 | (((((6 | (7 | !8)) | !5) | !4) | !3) | !2)))) & (t)] 0
[(!(0 | (1 | (((((6 | (8 | !7)) | !5) | !4) | !3) | !2)))) & (t)] 0
[(!(0 | (1 | (((((6 | !(7 & 8)) | !5) | !4) | !3) | !2)))) & (t)] 0
[(!(0 | (1 | ((3 | !(4 & (5 & 6))) | !2)))) & (9)] 0
[(!(0 | ((2 | ((((6 | (7 | 8)) | !5) | !4) | !3)) | !1))) & (t)] 0
[(!(0 | ((2 | ((((6 | (7 | !8)) | !5) | !4) | !3)) | !1))) & (t)] 0
[(!(0 | ((2 | ((((6 | (8 | !7)) | !5) | !4) | !3)) | !1))) & (t)] 0
[(!(0 | ((2 | ((((6 | !(7 & 8)) | !5) | !4) | !3)) | !1))) & (t)] 0
[(!(0 | (1 | (((4 | ((6 | (7 | 8)) | !5)) | !3) | !2)))) & (t)] 0
[(!(0 | (1 | (((4 | ((6 | (7 | !8)) | !5)) | !3) | !2)))) & (t)] 0
[(!(0 | (1 | (((4 | ((6 | (8 | !7)) | !5)) | !3) | !2)))) & (t)] 0
[(!(0 | (1 | (((4 | ((6 | !(7 & 8)) | !5)) | !3) | !2)))) & (t)] 0
[(!(0 | (1 | (2 | (3 | !(4 & (5 & 6))))))) & (!(10 | !11))] 0
[(!(0 | ((2 | (((5 | (6 | (7 | 8))) | !4) | !3)) | !1))) & (t)] 0
[(!(0 | ((2 | (((5 | (6 | !8)) | !4) | !3)) | !1))) & (t)] 0
[(!(0 | ((2 | (((5 | (6 | (8 | !7))) | !4) | !3)) | !1))) & (t)] 0
[(!(0 | (1 | (2 | ((4 | ((6 | (7 | 8)) | !5)) | !3))))) & (t)] 0
[(!(0 | (1 | (2 | ((4 | ((6 | (7 | !8)) | !5)) | !3))))) & (t)] 0
[(!(0 | (1 | (2 | ((4 | ((6 | (8 | !7)) | !5)) | !3))))) & (t)] 0
[(!(0 | (1 | (2 | ((4 | ((6 | !(7 & 8)) | !5)) | !3))))) & (t)] 0
[(!(0 | (1 | (2 | ((((6 | (7 | 8)) | !5) | !4) | !3))))) & (t)] 0
[(!(0 | (1 | (2 | ((((6 | (7 | !8)) | !5) | !4) | !3))))) & (t)] 0
[(!(0 | (1 | (2 | ((((6 | (8 | !7)) | !5) | !4) | !3))))) & (t)] 0
[(!(0 | (1 | (2 | ((((6 | !(7 & 8)) | !5) | !4) | !3))))) & (t)] 0
[(!(0 | (1 | ((3 | (4 | !(5 & 6))) | !2)))) & (9)] 0
[(!(0 | ((2 | ((4 | ((6 | (7 | 8)) | !5)) | !3)) | !1))) & (t)] 0
[(!(0 | ((2 | ((4 | ((6 | (7 | !8)) | !5)) | !3)) | !1))) & (t)] 0
[(!(0 | ((2 | ((4 | ((6 | (8 | !7)) | !5)) | !3)) | !1))) & (t)] 0
[(!(0 | ((2 | ((4 | ((6 | !(7 & 8)) | !5)) | !3)) | !1))) & (t)] 0
[(!((1 | (2 | (3 | !(4 & (5 & 6))))) | !0)) & (10)] 0
[(!((1 | ((3 | !(4 & (5 & 6))) | !2)) | !0)) & (9)] 0
[(!(0 | (1 | (2 | (3 | ((5 | !6) | !4)))))) & (!(10 | !11))] 0
[(!(0 | (1 | (2 | (((5 | (6 | (7 | 8))) | !4) | !3))))) & (t)] 0
[(!(0 | (1 | (2 | (((5 | (6 | !8)) | !4) | !3))))) & (t)] 0
[(!(0 | (1 | (2 | (((5 | (6 | (8 | !7))) | !4) | !3))))) & (t)] 0
[(!(0 | (1 | (2 | ((4 | (5 | (6 | (7 | 8)))) | !3))))) & (t)] 0
[(!(0 | (1 | (2 | ((4 | (5 | (6 | !8))) | !3))))) & (t)] 0
[(!(0 | (1 | (2 | ((4 | (5 | (6 | (8 | !7)))) | !3))))) & (t)] 0
[(!(0 | (1 | (2 | (3 | (4 | !(5 & 6))))))) & (!(11 | !10))] 0
[(!(0 | ((2 | ((4 | (5 | (6 | (7 | 8)))) | !3)) | !1))) & (t)] 0
[(!(0 | ((2 | ((4 | (5 | (6 | !8))) | !3)) | !1))) & (t)] 0
[(!(0 | ((2 | ((4 | (5 | (6 | (8 | !7)))) | !3)) | !1))) & (t)] 0
[(!(0 | (1 | (2 | (3 | (4 | (5 | !6))))))) & (!(11 | !10))] 0
[(!((1 | (2 | (3 | (4 | !(5 & 6))))) | !0)) & (10 & 11)] 0
[(!((1 | ((3 | (4 | !(5 & 6))) | !2)) | !0)) & (9)] 0
--END--
Synthesis took:  1500.7479190826416 ms
