Processing program.
spec contains 2 APs (['q0', 'q1'])
simplified !((!request & !changeRoom) | (!request & changeRoom) | (request & !changeRoom & ((cnt + 1) >= 0) & ((cnt + 1) <= 5))) (len 117) to (request & ((!changeRoom & ((((cnt + 1) <= 5) & !((0 <= (cnt + 1)) | (((!(cnt <= 5) & (0 <= cnt)) | !(0 <= cnt)) & !(0 <= (cnt + 1))))) | (!((cnt + 1) <= 5) & !((!(cnt <= 5) & (0 <= cnt)) | !(0 <= cnt))))) | (changeRoom & (cnt <= 5) & (0 <= cnt)))) (len 248)
(request & ((!changeRoom & ((((cnt + 1) <= 5) & !((0 <= (cnt + 1)) | (((!(cnt <= 5) & (0 <= cnt)) | !(0 <= cnt)) & !(0 <= (cnt + 1))))) | (!((cnt + 1) <= 5) & !((!(cnt <= 5) & (0 <= cnt)) | !(0 <= cnt))))) | (changeRoom & (cnt <= 5) & (0 <= cnt))))
Starting abstract synthesis loop.
adding (cnt_prev > cnt), ((cnt + 1) <= 5), (cnt_prev < cnt), roomA, (cnt <= 0) to predicate abstraction
constructing LTL abstraction
ltl abstraction took: 0.0010707378387451172
running LTL synthesis
Realizable.
REALIZABLE
HOA: v1
tool: "strix" "21.0.0"
States: 1
Start: 0
AP: 12 "pred___cnt_PLUS_1__LTEQ_5_" "q1" "q0" "pred__cntprev_LT_cnt_" "pred__cnt_LTEQ_0_" "pred_roomA" "pred__cntprev_GT_cnt_" "changeRoom" "request" "finished" "grantB" "grantA"
controllable-AP: 9 10 11
acc-name: all
Acceptance: 0 t
--BODY--
State: 0 "[0]"
[(!((1 | ((3 | (((6 | (7 | 8)) | !5) | !4)) | !2)) | !0)) & (t)] 0
[(!((1 | ((3 | (((6 | (7 | !8)) | !5) | !4)) | !2)) | !0)) & (t)] 0
[(!((1 | ((3 | (((6 | (8 | !7)) | !5) | !4)) | !2)) | !0)) & (t)] 0
[(!((1 | ((3 | (((6 | !(7 & 8)) | !5) | !4)) | !2)) | !0)) & (t)] 0
[(!(((2 | (3 | ((6 | !5) | !4))) | !1) | !0)) & (9)] 0
[(!((1 | (((4 | ((6 | (7 | 8)) | !5)) | !3) | !2)) | !0)) & (t)] 0
[(!((1 | (((4 | ((6 | (7 | !8)) | !5)) | !3) | !2)) | !0)) & (t)] 0
[(!((1 | (((4 | ((6 | (8 | !7)) | !5)) | !3) | !2)) | !0)) & (t)] 0
[(!((1 | (((4 | ((6 | !(7 & 8)) | !5)) | !3) | !2)) | !0)) & (t)] 0
[(!((1 | ((3 | ((5 | (6 | (7 | 8))) | !4)) | !2)) | !0)) & (t)] 0
[(!((1 | ((3 | ((5 | (6 | (7 | !8))) | !4)) | !2)) | !0)) & (t)] 0
[(!((1 | ((3 | ((5 | (6 | (8 | !7))) | !4)) | !2)) | !0)) & (t)] 0
[(!((1 | ((3 | ((5 | (6 | !(7 & 8))) | !4)) | !2)) | !0)) & (t)] 0
[(!(((2 | (3 | (4 | (6 | !5)))) | !1) | !0)) & (!(10 | !11))] 0
[(!(0 | (1 | (((4 | ((6 | (7 | 8)) | !5)) | !3) | !2)))) & (t)] 0
[(!(0 | (1 | (((4 | ((6 | !8) | !5)) | !3) | !2)))) & (t)] 0
[(!(0 | (1 | (((4 | ((6 | (8 | !7)) | !5)) | !3) | !2)))) & (t)] 0
[(!((1 | ((3 | (4 | (5 | (6 | (7 | 8))))) | !2)) | !0)) & (t)] 0
[(!((1 | ((3 | (4 | (5 | (6 | (7 | !8))))) | !2)) | !0)) & (t)] 0
[(!((1 | ((3 | (4 | (5 | (6 | (8 | !7))))) | !2)) | !0)) & (t)] 0
[(!((1 | ((3 | (4 | (5 | (6 | !(7 & 8))))) | !2)) | !0)) & (t)] 0
[(!((1 | ((3 | (4 | ((6 | (7 | 8)) | !5))) | !2)) | !0)) & (t)] 0
[(!((1 | ((3 | (4 | ((6 | (7 | !8)) | !5))) | !2)) | !0)) & (t)] 0
[(!((1 | ((3 | (4 | ((6 | (8 | !7)) | !5))) | !2)) | !0)) & (t)] 0
[(!((1 | ((3 | (4 | ((6 | !(7 & 8)) | !5))) | !2)) | !0)) & (t)] 0
[(!(((2 | (3 | ((5 | 6) | !4))) | !1) | !0)) & (9)] 0
[(!((1 | (((4 | (5 | (6 | (7 | 8)))) | !3) | !2)) | !0)) & (t)] 0
[(!((1 | (((4 | (5 | (6 | (7 | !8)))) | !3) | !2)) | !0)) & (t)] 0
[(!((1 | (((4 | (5 | (6 | (8 | !7)))) | !3) | !2)) | !0)) & (t)] 0
[(!((1 | (((4 | (5 | (6 | !(7 & 8)))) | !3) | !2)) | !0)) & (t)] 0
[(!(((2 | (3 | (4 | !(5 & 6)))) | !1) | !0)) & (!(10 | !11))] 0
[(!(((2 | (3 | !(4 & (5 & 6)))) | !1) | !0)) & (9)] 0
[(!(0 | ((2 | (3 | (4 | (6 | !5)))) | !1))) & (!(10 | !11))] 0
[(!(0 | (1 | ((3 | (4 | ((6 | (7 | 8)) | !5))) | !2)))) & (t)] 0
[(!(0 | (1 | ((3 | (4 | ((6 | !8) | !5))) | !2)))) & (t)] 0
[(!(0 | (1 | ((3 | (4 | ((6 | (8 | !7)) | !5))) | !2)))) & (t)] 0
[(!(0 | (1 | ((3 | (4 | (5 | (6 | (7 | 8))))) | !2)))) & (t)] 0
[(!(0 | (1 | ((3 | (4 | (5 | (6 | !8)))) | !2)))) & (t)] 0
[(!(0 | (1 | ((3 | (4 | (5 | (6 | (8 | !7))))) | !2)))) & (t)] 0
[(!(((2 | (3 | (4 | (5 | 6)))) | !1) | !0)) & (!(11 | !10))] 0
[(!(0 | (1 | (((4 | (5 | (6 | (7 | 8)))) | !3) | !2)))) & (t)] 0
[(!(0 | (1 | (((4 | (5 | (6 | !8))) | !3) | !2)))) & (t)] 0
[(!(0 | (1 | (((4 | (5 | (6 | (8 | !7)))) | !3) | !2)))) & (t)] 0
[(!(0 | ((2 | (3 | (4 | (5 | 6)))) | !1))) & (!(11 | !10))] 0
[(!(((2 | (3 | (4 | (5 | !6)))) | !1) | !0)) & (!(11 | !10))] 0
[(!(((2 | (3 | ((5 | !6) | !4))) | !1) | !0)) & (9)] 0
[(0 & (1 & (2 | 3) | !1 & ((3 & (4 | 6) | !3 & 6) | !2)) | !0 & (1 & (2 | (3 | (4 | 6))) | !1 & ((4 | 6) | !2))) & (t)] 0
--END--
Synthesis took:  1478.0464172363281 ms
