Processing program.
spec contains 11 APs (['l2r', 'stop_l', 'entry_r', 'exit_r', '(cl > 0)', 'stop_r', 'exit_l', '(cr > 0)', '(cl == 0)', 'entry_l', '(cr == 0)'])
Starting abstract synthesis loop.
adding ((cr + 1) <= 50), (cl_prev > cl), (cr_prev < cr), (cl <= 0), (cr_prev > cr), (cr <= 0), (0 <= cl), (cl_prev < cl), (50 <= cl), (0 <= cr) to predicate abstraction
constructing LTL abstraction
ltl abstraction took: 0.0031273365020751953
running LTL synthesis
Realizable.
REALIZABLE
HOA: v1
tool: "strix" "21.0.0"
States: 5
Start: 2
AP: 18 "pred__crprev_GT_cr_" "pred__clprev_LT_cl_" "pred__0_LTEQ_cr_" "pred__cr_LTEQ_0_" "q0" "pred__clprev_GT_cl_" "pred___cr_PLUS_1__LTEQ_50_" "pred__50_LTEQ_cl_" "pred__cl_LTEQ_0_" "pred__crprev_LT_cr_" "pred__0_LTEQ_cl_" "l2r" "exit_r" "exit_l" "entry_r" "entry_l" "stop_r" "stop_l"
controllable-AP: 16 17
acc-name: all
Acceptance: 0 t
--BODY--
State: 0 "[0]"
[(!(0 | (1 | (((5 | ((7 | ((9 | (11 | ((14 | !15) | !12))) | !8)) | !6)) | !4) | !3)))) & (t)] 1
[(!(0 | (1 | (((5 | ((7 | ((9 | (((14 | !15) | !12) | !11)) | !8)) | !6)) | !4) | !3)))) & (t)] 0
[(!(0 | (1 | (((5 | ((7 | ((9 | (11 | ((15 | !14) | !13))) | !8)) | !6)) | !4) | !3)))) & (!(16 | !17))] 0
[(!(0 | (1 | (((5 | ((7 | ((9 | (((15 | !14) | !13) | !11)) | !8)) | !6)) | !4) | !3)))) & (!(16 | !17))] 1
[(!((1 | (((5 | ((7 | ((9 | (11 | ((15 | !14) | !13))) | !8)) | !6)) | !4) | !3)) | !0)) & (!(16 | !17))] 0
[(!((1 | (((5 | ((7 | ((9 | (((15 | !14) | !13) | !11)) | !8)) | !6)) | !4) | !3)) | !0)) & (!(16 | !17))] 1
[(!(0 | (1 | (((((7 | ((9 | (11 | ((14 | !15) | !12))) | !8)) | !6) | !5) | !4) | !3)))) & (!(17 | !16))] 1
[(!(0 | (1 | (((((7 | ((9 | (((14 | !15) | !12) | !11)) | !8)) | !6) | !5) | !4) | !3)))) & (!(17 | !16))] 3
[(!(0 | (1 | (3 | ((5 | (6 | (7 | ((9 | (11 | (13 | (15 | !14)))) | !8)))) | !4))))) & (!(16 | !17))] 0
[(!(0 | (1 | (3 | ((5 | (6 | (7 | ((9 | ((13 | (15 | !14)) | !11)) | !8)))) | !4))))) & (!(16 | !17))] 2
[(!(0 | (1 | (((5 | (((8 | (9 | (11 | (12 | (14 | !15))))) | !7) | !6)) | !4) | !3)))) & (!(17 | !16))] 2
[(!(0 | (1 | (((5 | (((8 | (9 | ((12 | (14 | !15)) | !11))) | !7) | !6)) | !4) | !3)))) & (!(17 | !16))] 0
[(!(0 | (1 | (((5 | ((7 | ((9 | (11 | (12 & (14 | 15) | !12 & ((14 | 15) | !13)))) | !8)) | !6)) | !4) | !3)))) & (!(16 | !17))] 0
[(!(0 | ((((5 | (((8 | (9 | (11 | (12 | (14 | !15))))) | !7) | !6)) | !4) | !3) | !1))) & (!(17 | !16))] 2
[(!(0 | ((((5 | (((8 | (9 | ((12 | (14 | !15)) | !11))) | !7) | !6)) | !4) | !3) | !1))) & (!(17 | !16))] 0
[(0 & (1 | ((5 | ((7 | ((9 | 15) | !8)) | !6)) | !4)) | !0 & (1 & (((5 | ((8 | (9 | 14)) | !6)) | !4) | !3) | !1 & (3 & ((5 & ((7 | (9 | 14)) | !6) | !5 & ((7 & (8 | (9 | 14)) | !7 & (8 & (9 | (14 & 15)) | !8 & (9 | 14))) | !6)) | !4) | !3 & ((5 | (7 | (15 | !8))) | !4)))) & (t)] 4
[(!(0 | (1 | (((5 | ((7 | ((9 | ((12 & (14 | 15) | !12 & ((14 | 15) | !13)) | !11)) | !8)) | !6)) | !4) | !3)))) & (!(16 | !17))] 1
[(!(0 | (1 | (((5 | ((7 | ((9 | (11 | (12 | (13 | (14 | 15))))) | !8)) | !6)) | !4) | !3)))) & (!(16 | !17))] 0
[(!(0 | (1 | (((5 | ((7 | ((9 | ((12 | (13 | (14 | 15))) | !11)) | !8)) | !6)) | !4) | !3)))) & (!(16 | !17))] 1
[(!(0 | (1 | (((5 | ((7 | ((9 | (11 | (13 | (15 | !14)))) | !8)) | !6)) | !4) | !3)))) & (!(16 | !17))] 3
[(!(0 | (1 | (((5 | ((7 | ((9 | ((13 | (15 | !14)) | !11)) | !8)) | !6)) | !4) | !3)))) & (!(16 | !17))] 1
[(!(0 | (1 | (((5 | ((7 | ((9 | (11 | (12 | (14 | !15)))) | !8)) | !6)) | !4) | !3)))) & (t)] 4
[(!(0 | (1 | (((5 | ((7 | ((9 | ((12 | (14 | !15)) | !11)) | !8)) | !6)) | !4) | !3)))) & (t)] 3
[(!(0 | (1 | (3 | ((5 | ((7 | (((11 | (13 | (14 | 15))) | !9) | !8)) | !6)) | !4))))) & (!(16 | !17))] 0
[(!(0 | (1 | (3 | ((5 | ((7 | (((11 | (13 | (15 | !14))) | !9) | !8)) | !6)) | !4))))) & (!(16 | !17))] 3
[(!(0 | (1 | (3 | ((5 | ((7 | (((11 | ((14 | 15) | !13)) | !9) | !8)) | !6)) | !4))))) & (!(16 | !17))] 0
[(!(0 | (1 | (3 | ((5 | ((7 | (((11 | ((15 | !14) | !13)) | !9) | !8)) | !6)) | !4))))) & (!(16 | !17))] 2
[(!(0 | (1 | (3 | ((5 | ((7 | ((((13 | (14 | 15)) | !11) | !9) | !8)) | !6)) | !4))))) & (!(16 | !17))] 1
[(!(0 | (1 | (3 | ((5 | ((7 | ((((13 | (15 | !14)) | !11) | !9) | !8)) | !6)) | !4))))) & (!(16 | !17))] 0
[(!(0 | (1 | (3 | ((5 | ((7 | (((((14 | 15) | !13) | !11) | !9) | !8)) | !6)) | !4))))) & (16 & 17)] 2
[(!(0 | (1 | (3 | ((5 | ((7 | (((((15 | !14) | !13) | !11) | !9) | !8)) | !6)) | !4))))) & (16 & 17)] 3
[(!(0 | ((((5 | ((7 | (8 | (9 | (11 | (12 | (14 | 15)))))) | !6)) | !4) | !3) | !1))) & (!(17 | !16))] 2
[(!(0 | ((((5 | ((7 | (8 | (9 | (11 | (12 | (14 | !15)))))) | !6)) | !4) | !3) | !1))) & (!(17 | !16))] 2
[(!(0 | ((((5 | ((7 | (8 | (9 | (11 | ((14 | 15) | !12))))) | !6)) | !4) | !3) | !1))) & (!(17 | !16))] 1
[(!(0 | ((((5 | ((7 | (8 | (9 | (11 | ((14 | !15) | !12))))) | !6)) | !4) | !3) | !1))) & (!(17 | !16))] 2
[(!(0 | ((((5 | ((7 | (8 | (9 | ((12 | (14 | 15)) | !11)))) | !6)) | !4) | !3) | !1))) & (!(17 | !16))] 1
[(!(0 | ((((5 | ((7 | (8 | (9 | ((12 | (14 | !15)) | !11)))) | !6)) | !4) | !3) | !1))) & (!(17 | !16))] 1
[(!(0 | ((((5 | ((7 | (8 | (9 | (((14 | 15) | !12) | !11)))) | !6)) | !4) | !3) | !1))) & (!(17 | !16))] 0
[(!(0 | ((((5 | ((7 | (8 | (9 | (((14 | !15) | !12) | !11)))) | !6)) | !4) | !3) | !1))) & (!(17 | !16))] 1
[(!(0 | (1 | (3 | ((5 | ((7 | ((9 | (11 | (13 | (14 | 15)))) | !8)) | !6)) | !4))))) & (!(16 | !17))] 0
[(!(0 | (1 | (3 | ((5 | ((7 | ((9 | (11 | (13 | (15 | !14)))) | !8)) | !6)) | !4))))) & (!(16 | !17))] 3
[(!(0 | (1 | (3 | ((5 | ((7 | ((9 | (11 | ((14 | 15) | !13))) | !8)) | !6)) | !4))))) & (!(16 | !17))] 0
[(!(0 | (1 | (3 | ((5 | ((7 | ((9 | (11 | ((15 | !14) | !13))) | !8)) | !6)) | !4))))) & (!(16 | !17))] 0
[(!(0 | (1 | (3 | ((5 | ((7 | ((9 | ((13 | (14 | 15)) | !11)) | !8)) | !6)) | !4))))) & (!(16 | !17))] 1
[(!(0 | (1 | (3 | ((5 | ((7 | ((9 | ((13 | (15 | !14)) | !11)) | !8)) | !6)) | !4))))) & (!(16 | !17))] 0
[(!(0 | (1 | (3 | ((5 | ((7 | ((9 | (((14 | 15) | !13) | !11)) | !8)) | !6)) | !4))))) & (!(16 | !17))] 1
[(!(0 | (1 | (3 | ((5 | ((7 | ((9 | (((15 | !14) | !13) | !11)) | !8)) | !6)) | !4))))) & (!(16 | !17))] 3
[(!(0 | (1 | (3 | ((5 | (6 | (7 | (((11 | (13 | 15)) | !9) | !8)))) | !4))))) & (!(16 | !17))] 0
[(!(0 | (1 | (3 | ((5 | (6 | (7 | (((11 | ((14 | 15) | !13)) | !9) | !8)))) | !4))))) & (!(16 | !17))] 0
[(!(0 | (1 | (3 | ((5 | (6 | (7 | (((11 | ((15 | !14) | !13)) | !9) | !8)))) | !4))))) & (!(16 | !17))] 0
[(!(0 | (1 | (3 | ((5 | (6 | (7 | ((((13 | 15) | !11) | !9) | !8)))) | !4))))) & (!(16 | !17))] 2
[(!(0 | (1 | (3 | ((5 | (6 | (7 | (((((14 | 15) | !13) | !11) | !9) | !8)))) | !4))))) & (16 & 17)] 1
[(!(0 | (1 | (3 | ((5 | (6 | (7 | (((((15 | !14) | !13) | !11) | !9) | !8)))) | !4))))) & (16 & 17)] 1
[(!((1 | (3 | ((5 | ((7 | ((9 | (11 | (13 | (14 | 15)))) | !8)) | !6)) | !4))) | !0)) & (!(16 | !17))] 2
[(!((1 | (3 | ((5 | ((7 | ((9 | (11 | (13 | (15 | !14)))) | !8)) | !6)) | !4))) | !0)) & (!(16 | !17))] 3
[(!((1 | (3 | ((5 | ((7 | ((9 | (11 | ((14 | 15) | !13))) | !8)) | !6)) | !4))) | !0)) & (!(16 | !17))] 0
[(!((1 | (3 | ((5 | ((7 | ((9 | (11 | ((15 | !14) | !13))) | !8)) | !6)) | !4))) | !0)) & (!(16 | !17))] 0
[(!((1 | (3 | ((5 | ((7 | ((9 | ((13 | (14 | 15)) | !11)) | !8)) | !6)) | !4))) | !0)) & (!(16 | !17))] 1
[(!((1 | (3 | ((5 | ((7 | ((9 | ((13 | (15 | !14)) | !11)) | !8)) | !6)) | !4))) | !0)) & (!(16 | !17))] 0
[(!((1 | (3 | ((5 | ((7 | ((9 | (((14 | 15) | !13) | !11)) | !8)) | !6)) | !4))) | !0)) & (!(16 | !17))] 1
[(!((1 | (3 | ((5 | ((7 | ((9 | (((15 | !14) | !13) | !11)) | !8)) | !6)) | !4))) | !0)) & (!(16 | !17))] 3
[(!((1 | (((5 | ((7 | ((9 | (11 | (13 | (15 | !14)))) | !8)) | !6)) | !4) | !3)) | !0)) & (!(16 | !17))] 3
[(!((1 | (((5 | ((7 | ((9 | ((13 | (15 | !14)) | !11)) | !8)) | !6)) | !4) | !3)) | !0)) & (!(16 | !17))] 1
[(!((1 | (((5 | ((7 | ((9 | (11 | (14 | 15))) | !8)) | !6)) | !4) | !3)) | !0)) & (!(16 | !17))] 0
[(!((1 | (((5 | ((7 | ((9 | ((14 | 15) | !11)) | !8)) | !6)) | !4) | !3)) | !0)) & (!(16 | !17))] 1
[(!(0 | (1 | (((5 | ((7 | (8 | (9 | (11 | (12 | (14 | 15)))))) | !6)) | !4) | !3)))) & (!(17 | !16))] 0
[(!(0 | (1 | (((5 | ((7 | (8 | (9 | (11 | (12 | (14 | !15)))))) | !6)) | !4) | !3)))) & (16 & 17)] 4
[(!(0 | (1 | (((5 | ((7 | (8 | (9 | (11 | ((14 | 15) | !12))))) | !6)) | !4) | !3)))) & (16 & 17)] 2
[(!(0 | (1 | (((5 | ((7 | (8 | (9 | (11 | ((14 | !15) | !12))))) | !6)) | !4) | !3)))) & (16 & 17)] 3
[(!(0 | (1 | (((5 | ((7 | (8 | (9 | ((12 | (14 | 15)) | !11)))) | !6)) | !4) | !3)))) & (!(17 | !16))] 1
[(!(0 | (1 | (((5 | ((7 | (8 | (9 | ((12 | (14 | !15)) | !11)))) | !6)) | !4) | !3)))) & (!(17 | !16))] 0
[(!(0 | (1 | (((5 | ((7 | (8 | (9 | (((14 | 15) | !12) | !11)))) | !6)) | !4) | !3)))) & (!(17 | !16))] 0
[(!(0 | (1 | (((5 | ((7 | (8 | (9 | (((14 | !15) | !12) | !11)))) | !6)) | !4) | !3)))) & (!(17 | !16))] 1
[(!(0 | ((((5 | (((8 | (9 | (11 | ((14 | 15) | !12)))) | !7) | !6)) | !4) | !3) | !1))) & (!(17 | !16))] 1
[(!(0 | ((((5 | (((8 | (9 | (11 | ((14 | !15) | !12)))) | !7) | !6)) | !4) | !3) | !1))) & (!(17 | !16))] 2
[(!(0 | ((((5 | (((8 | (9 | (((14 | 15) | !12) | !11))) | !7) | !6)) | !4) | !3) | !1))) & (!(17 | !16))] 4
[(!(0 | ((((5 | (((8 | (9 | (((14 | !15) | !12) | !11))) | !7) | !6)) | !4) | !3) | !1))) & (!(17 | !16))] 0
[(!(0 | ((((5 | (((8 | (9 | (11 | (12 | (14 | 15))))) | !7) | !6)) | !4) | !3) | !1))) & (!(17 | !16))] 2
[(!(0 | ((((5 | (((8 | (9 | ((12 | (14 | 15)) | !11))) | !7) | !6)) | !4) | !3) | !1))) & (!(17 | !16))] 0
[(!(0 | (1 | (((((7 | (8 | (9 | (11 | (12 | (14 | 15)))))) | !6) | !5) | !4) | !3)))) & (!(17 | !16))] 2
[(!(0 | (1 | (((((7 | (8 | (9 | (11 | ((14 | 15) | !12))))) | !6) | !5) | !4) | !3)))) & (!(17 | !16))] 1
[(!(0 | (1 | (((((7 | (8 | (9 | ((12 | (14 | 15)) | !11)))) | !6) | !5) | !4) | !3)))) & (!(17 | !16))] 1
[(!(0 | (1 | (((((7 | (8 | (9 | (((14 | 15) | !12) | !11)))) | !6) | !5) | !4) | !3)))) & (!(17 | !16))] 4
[(!(0 | (1 | (((((7 | ((9 | (11 | (14 | 15))) | !8)) | !6) | !5) | !4) | !3)))) & (!(17 | !16))] 1
[(!(0 | (1 | (((((7 | ((9 | ((14 | 15) | !11)) | !8)) | !6) | !5) | !4) | !3)))) & (!(17 | !16))] 3
[(!(0 | (1 | (((((7 | (8 | (9 | (11 | (12 | (14 | !15)))))) | !6) | !5) | !4) | !3)))) & (!(17 | !16))] 2
[(!(0 | (1 | (((((7 | (8 | (9 | (11 | ((14 | !15) | !12))))) | !6) | !5) | !4) | !3)))) & (!(17 | !16))] 4
[(!(0 | (1 | (((((7 | (8 | (9 | ((12 | (14 | !15)) | !11)))) | !6) | !5) | !4) | !3)))) & (!(17 | !16))] 0
[(!(0 | (1 | (((((7 | (8 | (9 | (((14 | !15) | !12) | !11)))) | !6) | !5) | !4) | !3)))) & (!(17 | !16))] 1
[(!(0 | (1 | (((((7 | ((9 | (11 | (12 | (14 | !15)))) | !8)) | !6) | !5) | !4) | !3)))) & (!(17 | !16))] 3
[(!(0 | (1 | (((((7 | ((9 | ((12 | (14 | !15)) | !11)) | !8)) | !6) | !5) | !4) | !3)))) & (!(17 | !16))] 0
[(!(0 | (1 | (3 | ((5 | (6 | (7 | ((9 | (11 | ((14 | 15) | !13))) | !8)))) | !4))))) & (!(16 | !17))] 0
[(!(0 | (1 | (3 | ((5 | (6 | (7 | ((9 | (11 | ((15 | !14) | !13))) | !8)))) | !4))))) & (!(16 | !17))] 0
[(!(0 | (1 | (3 | ((5 | (6 | (7 | ((9 | (((14 | 15) | !13) | !11)) | !8)))) | !4))))) & (!(16 | !17))] 1
[(!(0 | (1 | (3 | ((5 | (6 | (7 | ((9 | (((15 | !14) | !13) | !11)) | !8)))) | !4))))) & (!(16 | !17))] 1
[(!(0 | (1 | (3 | ((5 | (6 | (7 | ((9 | (11 | (13 | (14 | 15)))) | !8)))) | !4))))) & (!(16 | !17))] 0
[(!(0 | (1 | (3 | ((5 | (6 | (7 | ((9 | ((13 | (14 | 15)) | !11)) | !8)))) | !4))))) & (!(16 | !17))] 2
[(!(0 | (1 | (((5 | (((8 | (9 | (11 | ((14 | 15) | !12)))) | !7) | !6)) | !4) | !3)))) & (!(17 | !16))] 1
[(!(0 | (1 | (((5 | (((8 | (9 | (11 | ((14 | !15) | !12)))) | !7) | !6)) | !4) | !3)))) & (!(17 | !16))] 1
[(!(0 | (1 | (((5 | (((8 | (9 | (((14 | 15) | !12) | !11))) | !7) | !6)) | !4) | !3)))) & (!(17 | !16))] 0
[(!(0 | (1 | (((5 | (((8 | (9 | (((14 | !15) | !12) | !11))) | !7) | !6)) | !4) | !3)))) & (!(17 | !16))] 0
[(!(0 | (1 | (((5 | (((8 | (9 | (11 | (12 | (14 | 15))))) | !7) | !6)) | !4) | !3)))) & (!(17 | !16))] 2
[(!(0 | (1 | (((5 | (((8 | (9 | ((12 | (14 | 15)) | !11))) | !7) | !6)) | !4) | !3)))) & (!(17 | !16))] 0
State: 1 "[1]"
[(!(0 | (1 | (((5 | ((7 | ((9 | (11 | ((14 | !15) | !12))) | !8)) | !6)) | !4) | !3)))) & (!(16 | !17))] 0
[(!(0 | (1 | (((5 | ((7 | ((9 | (((14 | !15) | !12) | !11)) | !8)) | !6)) | !4) | !3)))) & (!(17 | !16))] 3
[(!(0 | (1 | (((5 | ((7 | ((9 | (11 | ((15 | !14) | !13))) | !8)) | !6)) | !4) | !3)))) & (!(16 | !17))] 0
[(!(0 | (1 | (((5 | ((7 | ((9 | (((15 | !14) | !13) | !11)) | !8)) | !6)) | !4) | !3)))) & (!(17 | !16))] 3
[(!((1 | (((5 | ((7 | ((9 | (11 | ((15 | !14) | !13))) | !8)) | !6)) | !4) | !3)) | !0)) & (!(16 | !17))] 0
[(!((1 | (((5 | ((7 | ((9 | (((15 | !14) | !13) | !11)) | !8)) | !6)) | !4) | !3)) | !0)) & (!(17 | !16))] 3
[(!(0 | (1 | (((((7 | ((9 | (11 | ((14 | !15) | !12))) | !8)) | !6) | !5) | !4) | !3)))) & (!(16 | !17))] 0
[(!(0 | (1 | (((((7 | ((9 | (((14 | !15) | !12) | !11)) | !8)) | !6) | !5) | !4) | !3)))) & (!(17 | !16))] 3
[(!(0 | (1 | (3 | ((5 | (6 | (7 | ((9 | (11 | (13 | (15 | !14)))) | !8)))) | !4))))) & (!(16 | !17))] 0
[(!(0 | (1 | (3 | ((5 | (6 | (7 | ((9 | ((13 | (15 | !14)) | !11)) | !8)))) | !4))))) & (16 & 17)] 1
[(!(0 | (1 | (((5 | (((8 | (9 | (11 | (12 | (14 | !15))))) | !7) | !6)) | !4) | !3)))) & (16 & 17)] 1
[(!(0 | (1 | (((5 | (((8 | (9 | ((12 | (14 | !15)) | !11))) | !7) | !6)) | !4) | !3)))) & (!(17 | !16))] 0
[(!(0 | (1 | (((5 | ((7 | ((9 | (11 | (12 & (14 | 15) | !12 & ((14 | 15) | !13)))) | !8)) | !6)) | !4) | !3)))) & (!(16 | !17))] 0
[(!(0 | ((((5 | (((8 | (9 | (11 | (12 | (14 | !15))))) | !7) | !6)) | !4) | !3) | !1))) & (!(17 | !16))] 2
[(!(0 | ((((5 | (((8 | (9 | ((12 | (14 | !15)) | !11))) | !7) | !6)) | !4) | !3) | !1))) & (!(17 | !16))] 0
[(0 & (1 | ((5 | ((7 | ((9 | 15) | !8)) | !6)) | !4)) | !0 & (1 & (((5 | ((8 | (9 | 14)) | !6)) | !4) | !3) | !1 & (3 & ((5 & ((7 | (9 | 14)) | !6) | !5 & ((7 & (8 | (9 | 14)) | !7 & (8 & (9 | (14 & 15)) | !8 & (9 | 14))) | !6)) | !4) | !3 & ((5 | (7 | (15 | !8))) | !4)))) & (t)] 1
[(!(0 | (1 | (((5 | ((7 | ((9 | ((12 & (14 | 15) | !12 & ((14 | 15) | !13)) | !11)) | !8)) | !6)) | !4) | !3)))) & (!(17 | !16))] 3
[(!(0 | (1 | (((5 | ((7 | ((9 | (11 | (12 | (13 | (14 | 15))))) | !8)) | !6)) | !4) | !3)))) & (!(16 | !17))] 0
[(!(0 | (1 | (((5 | ((7 | ((9 | ((12 | (13 | (14 | 15))) | !11)) | !8)) | !6)) | !4) | !3)))) & (!(17 | !16))] 3
[(!(0 | (1 | (((5 | ((7 | ((9 | (11 | (13 | (15 | !14)))) | !8)) | !6)) | !4) | !3)))) & (!(16 | !17))] 3
[(!(0 | (1 | (((5 | ((7 | ((9 | ((13 | (15 | !14)) | !11)) | !8)) | !6)) | !4) | !3)))) & (!(16 | !17))] 1
[(!(0 | (1 | (((5 | ((7 | ((9 | (11 | (12 | (14 | !15)))) | !8)) | !6)) | !4) | !3)))) & (!(17 | !16))] 3
[(!(0 | (1 | (((5 | ((7 | ((9 | ((12 | (14 | !15)) | !11)) | !8)) | !6)) | !4) | !3)))) & (!(17 | !16))] 1
[(!(0 | (1 | (3 | ((5 | ((7 | (((11 | (13 | (14 | 15))) | !9) | !8)) | !6)) | !4))))) & (!(16 | !17))] 0
[(!(0 | (1 | (3 | ((5 | ((7 | (((11 | (13 | (15 | !14))) | !9) | !8)) | !6)) | !4))))) & (!(16 | !17))] 3
[(!(0 | (1 | (3 | ((5 | ((7 | (((11 | ((14 | 15) | !13)) | !9) | !8)) | !6)) | !4))))) & (!(16 | !17))] 0
[(!(0 | (1 | (3 | ((5 | ((7 | (((11 | ((15 | !14) | !13)) | !9) | !8)) | !6)) | !4))))) & (!(16 | !17))] 0
[(!(0 | (1 | (3 | ((5 | ((7 | ((((13 | (14 | 15)) | !11) | !9) | !8)) | !6)) | !4))))) & (!(16 | !17))] 3
[(!(0 | (1 | (3 | ((5 | ((7 | ((((13 | (15 | !14)) | !11) | !9) | !8)) | !6)) | !4))))) & (!(16 | !17))] 1
[(!(0 | (1 | (3 | ((5 | ((7 | (((((14 | 15) | !13) | !11) | !9) | !8)) | !6)) | !4))))) & (16 & 17)] 2
[(!(0 | (1 | (3 | ((5 | ((7 | (((((15 | !14) | !13) | !11) | !9) | !8)) | !6)) | !4))))) & (16 & 17)] 3
[(!(0 | ((((5 | ((7 | (8 | (9 | (11 | (12 | (14 | 15)))))) | !6)) | !4) | !3) | !1))) & (!(17 | !16))] 2
[(!(0 | ((((5 | ((7 | (8 | (9 | (11 | (12 | (14 | !15)))))) | !6)) | !4) | !3) | !1))) & (!(17 | !16))] 2
[(!(0 | ((((5 | ((7 | (8 | (9 | (11 | ((14 | 15) | !12))))) | !6)) | !4) | !3) | !1))) & (!(17 | !16))] 1
[(!(0 | ((((5 | ((7 | (8 | (9 | (11 | ((14 | !15) | !12))))) | !6)) | !4) | !3) | !1))) & (!(17 | !16))] 2
[(!(0 | ((((5 | ((7 | (8 | (9 | ((12 | (14 | 15)) | !11)))) | !6)) | !4) | !3) | !1))) & (!(17 | !16))] 1
[(!(0 | ((((5 | ((7 | (8 | (9 | ((12 | (14 | !15)) | !11)))) | !6)) | !4) | !3) | !1))) & (!(17 | !16))] 1
[(!(0 | ((((5 | ((7 | (8 | (9 | (((14 | 15) | !12) | !11)))) | !6)) | !4) | !3) | !1))) & (!(17 | !16))] 4
[(!(0 | ((((5 | ((7 | (8 | (9 | (((14 | !15) | !12) | !11)))) | !6)) | !4) | !3) | !1))) & (!(17 | !16))] 1
[(!(0 | (1 | (3 | ((5 | ((7 | ((9 | (11 | (13 | (14 | 15)))) | !8)) | !6)) | !4))))) & (!(16 | !17))] 0
[(!(0 | (1 | (3 | ((5 | ((7 | ((9 | (11 | (13 | (15 | !14)))) | !8)) | !6)) | !4))))) & (!(16 | !17))] 3
[(!(0 | (1 | (3 | ((5 | ((7 | ((9 | (11 | ((14 | 15) | !13))) | !8)) | !6)) | !4))))) & (!(16 | !17))] 0
[(!(0 | (1 | (3 | ((5 | ((7 | ((9 | (11 | ((15 | !14) | !13))) | !8)) | !6)) | !4))))) & (!(16 | !17))] 0
[(!(0 | (1 | (3 | ((5 | ((7 | ((9 | ((13 | (14 | 15)) | !11)) | !8)) | !6)) | !4))))) & (!(16 | !17))] 1
[(!(0 | (1 | (3 | ((5 | ((7 | ((9 | ((13 | (15 | !14)) | !11)) | !8)) | !6)) | !4))))) & (!(16 | !17))] 0
[(!(0 | (1 | (3 | ((5 | ((7 | ((9 | (((14 | 15) | !13) | !11)) | !8)) | !6)) | !4))))) & (16 & 17)] 2
[(!(0 | (1 | (3 | ((5 | ((7 | ((9 | (((15 | !14) | !13) | !11)) | !8)) | !6)) | !4))))) & (16 & 17)] 3
[(!(0 | (1 | (3 | ((5 | (6 | (7 | (((11 | (13 | 15)) | !9) | !8)))) | !4))))) & (!(16 | !17))] 0
[(!(0 | (1 | (3 | ((5 | (6 | (7 | (((11 | ((14 | 15) | !13)) | !9) | !8)))) | !4))))) & (!(16 | !17))] 0
[(!(0 | (1 | (3 | ((5 | (6 | (7 | (((11 | ((15 | !14) | !13)) | !9) | !8)))) | !4))))) & (!(16 | !17))] 0
[(!(0 | (1 | (3 | ((5 | (6 | (7 | ((((13 | 15) | !11) | !9) | !8)))) | !4))))) & (!(16 | !17))] 1
[(!(0 | (1 | (3 | ((5 | (6 | (7 | (((((14 | 15) | !13) | !11) | !9) | !8)))) | !4))))) & (16 & 17)] 1
[(!(0 | (1 | (3 | ((5 | (6 | (7 | (((((15 | !14) | !13) | !11) | !9) | !8)))) | !4))))) & (16 & 17)] 1
[(!((1 | (3 | ((5 | ((7 | ((9 | (11 | (13 | (14 | 15)))) | !8)) | !6)) | !4))) | !0)) & (!(16 | !17))] 2
[(!((1 | (3 | ((5 | ((7 | ((9 | (11 | (13 | (15 | !14)))) | !8)) | !6)) | !4))) | !0)) & (!(16 | !17))] 3
[(!((1 | (3 | ((5 | ((7 | ((9 | (11 | ((14 | 15) | !13))) | !8)) | !6)) | !4))) | !0)) & (!(16 | !17))] 0
[(!((1 | (3 | ((5 | ((7 | ((9 | (11 | ((15 | !14) | !13))) | !8)) | !6)) | !4))) | !0)) & (!(16 | !17))] 2
[(!((1 | (3 | ((5 | ((7 | ((9 | ((13 | (14 | 15)) | !11)) | !8)) | !6)) | !4))) | !0)) & (16 & 17)] 3
[(!((1 | (3 | ((5 | ((7 | ((9 | ((13 | (15 | !14)) | !11)) | !8)) | !6)) | !4))) | !0)) & (!(16 | !17))] 1
[(!((1 | (3 | ((5 | ((7 | ((9 | (((14 | 15) | !13) | !11)) | !8)) | !6)) | !4))) | !0)) & (16 & 17)] 2
[(!((1 | (3 | ((5 | ((7 | ((9 | (((15 | !14) | !13) | !11)) | !8)) | !6)) | !4))) | !0)) & (16 & 17)] 3
[(!((1 | (((5 | ((7 | ((9 | (11 | (13 | (15 | !14)))) | !8)) | !6)) | !4) | !3)) | !0)) & (!(16 | !17))] 3
[(!((1 | (((5 | ((7 | ((9 | ((13 | (15 | !14)) | !11)) | !8)) | !6)) | !4) | !3)) | !0)) & (!(16 | !17))] 1
[(!((1 | (((5 | ((7 | ((9 | (11 | (14 | 15))) | !8)) | !6)) | !4) | !3)) | !0)) & (!(16 | !17))] 0
[(!((1 | (((5 | ((7 | ((9 | ((14 | 15) | !11)) | !8)) | !6)) | !4) | !3)) | !0)) & (!(17 | !16))] 3
[(!(0 | (1 | (((5 | ((7 | (8 | (9 | (11 | (12 | (14 | 15)))))) | !6)) | !4) | !3)))) & (!(17 | !16))] 2
[(!(0 | (1 | (((5 | ((7 | (8 | (9 | (11 | (12 | (14 | !15)))))) | !6)) | !4) | !3)))) & (!(17 | !16))] 2
[(!(0 | (1 | (((5 | ((7 | (8 | (9 | (11 | ((14 | 15) | !12))))) | !6)) | !4) | !3)))) & (!(17 | !16))] 1
[(!(0 | (1 | (((5 | ((7 | (8 | (9 | (11 | ((14 | !15) | !12))))) | !6)) | !4) | !3)))) & (!(17 | !16))] 3
[(!(0 | (1 | (((5 | ((7 | (8 | (9 | ((12 | (14 | 15)) | !11)))) | !6)) | !4) | !3)))) & (!(17 | !16))] 1
[(!(0 | (1 | (((5 | ((7 | (8 | (9 | ((12 | (14 | !15)) | !11)))) | !6)) | !4) | !3)))) & (!(17 | !16))] 0
[(!(0 | (1 | (((5 | ((7 | (8 | (9 | (((14 | 15) | !12) | !11)))) | !6)) | !4) | !3)))) & (!(17 | !16))] 4
[(!(0 | (1 | (((5 | ((7 | (8 | (9 | (((14 | !15) | !12) | !11)))) | !6)) | !4) | !3)))) & (!(17 | !16))] 1
[(!(0 | ((((5 | (((8 | (9 | (11 | ((14 | 15) | !12)))) | !7) | !6)) | !4) | !3) | !1))) & (!(17 | !16))] 1
[(!(0 | ((((5 | (((8 | (9 | (11 | ((14 | !15) | !12)))) | !7) | !6)) | !4) | !3) | !1))) & (!(17 | !16))] 2
[(!(0 | ((((5 | (((8 | (9 | (((14 | 15) | !12) | !11))) | !7) | !6)) | !4) | !3) | !1))) & (!(17 | !16))] 4
[(!(0 | ((((5 | (((8 | (9 | (((14 | !15) | !12) | !11))) | !7) | !6)) | !4) | !3) | !1))) & (!(17 | !16))] 0
[(!(0 | ((((5 | (((8 | (9 | (11 | (12 | (14 | 15))))) | !7) | !6)) | !4) | !3) | !1))) & (!(17 | !16))] 2
[(!(0 | ((((5 | (((8 | (9 | ((12 | (14 | 15)) | !11))) | !7) | !6)) | !4) | !3) | !1))) & (!(17 | !16))] 0
[(!(0 | (1 | (((((7 | (8 | (9 | (11 | (12 | (14 | 15)))))) | !6) | !5) | !4) | !3)))) & (16 & 17)] 3
[(!(0 | (1 | (((((7 | (8 | (9 | (11 | ((14 | 15) | !12))))) | !6) | !5) | !4) | !3)))) & (16 & 17)] 1
[(!(0 | (1 | (((((7 | (8 | (9 | ((12 | (14 | 15)) | !11)))) | !6) | !5) | !4) | !3)))) & (!(17 | !16))] 1
[(!(0 | (1 | (((((7 | (8 | (9 | (((14 | 15) | !12) | !11)))) | !6) | !5) | !4) | !3)))) & (!(17 | !16))] 0
[(!(0 | (1 | (((((7 | ((9 | (11 | (14 | 15))) | !8)) | !6) | !5) | !4) | !3)))) & (!(16 | !17))] 0
[(!(0 | (1 | (((((7 | ((9 | ((14 | 15) | !11)) | !8)) | !6) | !5) | !4) | !3)))) & (!(17 | !16))] 3
[(!(0 | (1 | (((((7 | (8 | (9 | (11 | (12 | (14 | !15)))))) | !6) | !5) | !4) | !3)))) & (16 & 17)] 4
[(!(0 | (1 | (((((7 | (8 | (9 | (11 | ((14 | !15) | !12))))) | !6) | !5) | !4) | !3)))) & (16 & 17)] 4
[(!(0 | (1 | (((((7 | (8 | (9 | ((12 | (14 | !15)) | !11)))) | !6) | !5) | !4) | !3)))) & (!(17 | !16))] 1
[(!(0 | (1 | (((((7 | (8 | (9 | (((14 | !15) | !12) | !11)))) | !6) | !5) | !4) | !3)))) & (!(17 | !16))] 1
[(!(0 | (1 | (((((7 | ((9 | (11 | (12 | (14 | !15)))) | !8)) | !6) | !5) | !4) | !3)))) & (!(17 | !16))] 3
[(!(0 | (1 | (((((7 | ((9 | ((12 | (14 | !15)) | !11)) | !8)) | !6) | !5) | !4) | !3)))) & (!(17 | !16))] 0
[(!(0 | (1 | (3 | ((5 | (6 | (7 | ((9 | (11 | ((14 | 15) | !13))) | !8)))) | !4))))) & (!(16 | !17))] 0
[(!(0 | (1 | (3 | ((5 | (6 | (7 | ((9 | (11 | ((15 | !14) | !13))) | !8)))) | !4))))) & (!(16 | !17))] 0
[(!(0 | (1 | (3 | ((5 | (6 | (7 | ((9 | (((14 | 15) | !13) | !11)) | !8)))) | !4))))) & (16 & 17)] 2
[(!(0 | (1 | (3 | ((5 | (6 | (7 | ((9 | (((15 | !14) | !13) | !11)) | !8)))) | !4))))) & (16 & 17)] 1
[(!(0 | (1 | (3 | ((5 | (6 | (7 | ((9 | (11 | (13 | (14 | 15)))) | !8)))) | !4))))) & (!(16 | !17))] 0
[(!(0 | (1 | (3 | ((5 | (6 | (7 | ((9 | ((13 | (14 | 15)) | !11)) | !8)))) | !4))))) & (16 & 17)] 1
[(!(0 | (1 | (((5 | (((8 | (9 | (11 | ((14 | 15) | !12)))) | !7) | !6)) | !4) | !3)))) & (16 & 17)] 1
[(!(0 | (1 | (((5 | (((8 | (9 | (11 | ((14 | !15) | !12)))) | !7) | !6)) | !4) | !3)))) & (16 & 17)] 4
[(!(0 | (1 | (((5 | (((8 | (9 | (((14 | 15) | !12) | !11))) | !7) | !6)) | !4) | !3)))) & (!(17 | !16))] 4
[(!(0 | (1 | (((5 | (((8 | (9 | (((14 | !15) | !12) | !11))) | !7) | !6)) | !4) | !3)))) & (!(17 | !16))] 0
[(!(0 | (1 | (((5 | (((8 | (9 | (11 | (12 | (14 | 15))))) | !7) | !6)) | !4) | !3)))) & (16 & 17)] 1
[(!(0 | (1 | (((5 | (((8 | (9 | ((12 | (14 | 15)) | !11))) | !7) | !6)) | !4) | !3)))) & (!(17 | !16))] 0
State: 2 "[2]"
[(!(0 | (1 | (((5 | ((7 | ((9 | (11 | ((14 | !15) | !12))) | !8)) | !6)) | !4) | !3)))) & (!(16 | !17))] 0
[(!(0 | (1 | (((5 | ((7 | ((9 | (((14 | !15) | !12) | !11)) | !8)) | !6)) | !4) | !3)))) & (!(17 | !16))] 3
[(!(0 | (1 | (((5 | ((7 | ((9 | (11 | ((15 | !14) | !13))) | !8)) | !6)) | !4) | !3)))) & (t)] 0
[(!(0 | (1 | (((5 | ((7 | ((9 | (((15 | !14) | !13) | !11)) | !8)) | !6)) | !4) | !3)))) & (t)] 4
[(!((1 | (((5 | ((7 | ((9 | (11 | ((15 | !14) | !13))) | !8)) | !6)) | !4) | !3)) | !0)) & (!(16 | !17))] 0
[(!((1 | (((5 | ((7 | ((9 | (((15 | !14) | !13) | !11)) | !8)) | !6)) | !4) | !3)) | !0)) & (!(17 | !16))] 3
[(!(0 | (1 | (((((7 | ((9 | (11 | ((14 | !15) | !12))) | !8)) | !6) | !5) | !4) | !3)))) & (t)] 0
[(!(0 | (1 | (((((7 | ((9 | (((14 | !15) | !12) | !11)) | !8)) | !6) | !5) | !4) | !3)))) & (t)] 4
[(!(0 | (1 | (3 | ((5 | (6 | (7 | ((9 | (11 | (13 | (15 | !14)))) | !8)))) | !4))))) & (!(16 | !17))] 0
[(!(0 | (1 | (3 | ((5 | (6 | (7 | ((9 | ((13 | (15 | !14)) | !11)) | !8)))) | !4))))) & (!(16 | !17))] 2
[(!(0 | (1 | (((5 | (((8 | (9 | (11 | (12 | (14 | !15))))) | !7) | !6)) | !4) | !3)))) & (!(17 | !16))] 2
[(!(0 | (1 | (((5 | (((8 | (9 | ((12 | (14 | !15)) | !11))) | !7) | !6)) | !4) | !3)))) & (!(17 | !16))] 0
[(!(0 | (1 | (((5 | ((7 | ((9 | (11 | (12 & (14 | 15) | !12 & ((14 | 15) | !13)))) | !8)) | !6)) | !4) | !3)))) & (!(16 | !17))] 0
[(!(0 | ((((5 | (((8 | (9 | (11 | (12 | (14 | !15))))) | !7) | !6)) | !4) | !3) | !1))) & (!(17 | !16))] 2
[(!(0 | ((((5 | (((8 | (9 | ((12 | (14 | !15)) | !11))) | !7) | !6)) | !4) | !3) | !1))) & (!(17 | !16))] 0
[(0 & (1 | ((5 | ((7 | ((9 | 15) | !8)) | !6)) | !4)) | !0 & (1 & (((5 | ((8 | (9 | 14)) | !6)) | !4) | !3) | !1 & (3 & ((5 & ((7 | (9 | 14)) | !6) | !5 & ((7 & (8 | (9 | 14)) | !7 & (8 & (9 | (14 & 15)) | !8 & (9 | 14))) | !6)) | !4) | !3 & ((5 | (7 | (15 | !8))) | !4)))) & (t)] 3
[(!(0 | (1 | (((5 | ((7 | ((9 | ((12 & (14 | 15) | !12 & ((14 | 15) | !13)) | !11)) | !8)) | !6)) | !4) | !3)))) & (!(17 | !16))] 3
[(!(0 | (1 | (((5 | ((7 | ((9 | (11 | (12 | (13 | (14 | 15))))) | !8)) | !6)) | !4) | !3)))) & (!(16 | !17))] 0
[(!(0 | (1 | (((5 | ((7 | ((9 | ((12 | (13 | (14 | 15))) | !11)) | !8)) | !6)) | !4) | !3)))) & (!(17 | !16))] 3
[(!(0 | (1 | (((5 | ((7 | ((9 | (11 | (13 | (15 | !14)))) | !8)) | !6)) | !4) | !3)))) & (t)] 3
[(!(0 | (1 | (((5 | ((7 | ((9 | ((13 | (15 | !14)) | !11)) | !8)) | !6)) | !4) | !3)))) & (t)] 3
[(!(0 | (1 | (((5 | ((7 | ((9 | (11 | (12 | (14 | !15)))) | !8)) | !6)) | !4) | !3)))) & (!(17 | !16))] 2
[(!(0 | (1 | (((5 | ((7 | ((9 | ((12 | (14 | !15)) | !11)) | !8)) | !6)) | !4) | !3)))) & (!(17 | !16))] 0
[(!(0 | (1 | (3 | ((5 | ((7 | (((11 | (13 | (14 | 15))) | !9) | !8)) | !6)) | !4))))) & (!(16 | !17))] 2
[(!(0 | (1 | (3 | ((5 | ((7 | (((11 | (13 | (15 | !14))) | !9) | !8)) | !6)) | !4))))) & (!(16 | !17))] 3
[(!(0 | (1 | (3 | ((5 | ((7 | (((11 | ((14 | 15) | !13)) | !9) | !8)) | !6)) | !4))))) & (!(16 | !17))] 0
[(!(0 | (1 | (3 | ((5 | ((7 | (((11 | ((15 | !14) | !13)) | !9) | !8)) | !6)) | !4))))) & (!(16 | !17))] 0
[(!(0 | (1 | (3 | ((5 | ((7 | ((((13 | (14 | 15)) | !11) | !9) | !8)) | !6)) | !4))))) & (16 & 17)] 3
[(!(0 | (1 | (3 | ((5 | ((7 | ((((13 | (15 | !14)) | !11) | !9) | !8)) | !6)) | !4))))) & (!(16 | !17))] 2
[(!(0 | (1 | (3 | ((5 | ((7 | (((((14 | 15) | !13) | !11) | !9) | !8)) | !6)) | !4))))) & (16 & 17)] 2
[(!(0 | (1 | (3 | ((5 | ((7 | (((((15 | !14) | !13) | !11) | !9) | !8)) | !6)) | !4))))) & (16 & 17)] 3
[(!(0 | ((((5 | ((7 | (8 | (9 | (11 | (12 | (14 | 15)))))) | !6)) | !4) | !3) | !1))) & (!(17 | !16))] 2
[(!(0 | ((((5 | ((7 | (8 | (9 | (11 | (12 | (14 | !15)))))) | !6)) | !4) | !3) | !1))) & (!(17 | !16))] 2
[(!(0 | ((((5 | ((7 | (8 | (9 | (11 | ((14 | 15) | !12))))) | !6)) | !4) | !3) | !1))) & (16 & 17)] 1
[(!(0 | ((((5 | ((7 | (8 | (9 | (11 | ((14 | !15) | !12))))) | !6)) | !4) | !3) | !1))) & (!(17 | !16))] 2
[(!(0 | ((((5 | ((7 | (8 | (9 | ((12 | (14 | 15)) | !11)))) | !6)) | !4) | !3) | !1))) & (!(17 | !16))] 1
[(!(0 | ((((5 | ((7 | (8 | (9 | ((12 | (14 | !15)) | !11)))) | !6)) | !4) | !3) | !1))) & (!(17 | !16))] 0
[(!(0 | ((((5 | ((7 | (8 | (9 | (((14 | 15) | !12) | !11)))) | !6)) | !4) | !3) | !1))) & (!(17 | !16))] 0
[(!(0 | ((((5 | ((7 | (8 | (9 | (((14 | !15) | !12) | !11)))) | !6)) | !4) | !3) | !1))) & (!(17 | !16))] 1
[(!(0 | (1 | (3 | ((5 | ((7 | ((9 | (11 | (13 | (14 | 15)))) | !8)) | !6)) | !4))))) & (!(16 | !17))] 0
[(!(0 | (1 | (3 | ((5 | ((7 | ((9 | (11 | (13 | (15 | !14)))) | !8)) | !6)) | !4))))) & (!(16 | !17))] 3
[(!(0 | (1 | (3 | ((5 | ((7 | ((9 | (11 | ((14 | 15) | !13))) | !8)) | !6)) | !4))))) & (!(16 | !17))] 0
[(!(0 | (1 | (3 | ((5 | ((7 | ((9 | (11 | ((15 | !14) | !13))) | !8)) | !6)) | !4))))) & (!(16 | !17))] 0
[(!(0 | (1 | (3 | ((5 | ((7 | ((9 | ((13 | (14 | 15)) | !11)) | !8)) | !6)) | !4))))) & (!(16 | !17))] 1
[(!(0 | (1 | (3 | ((5 | ((7 | ((9 | ((13 | (15 | !14)) | !11)) | !8)) | !6)) | !4))))) & (!(16 | !17))] 0
[(!(0 | (1 | (3 | ((5 | ((7 | ((9 | (((14 | 15) | !13) | !11)) | !8)) | !6)) | !4))))) & (!(16 | !17))] 1
[(!(0 | (1 | (3 | ((5 | ((7 | ((9 | (((15 | !14) | !13) | !11)) | !8)) | !6)) | !4))))) & (!(16 | !17))] 3
[(!(0 | (1 | (3 | ((5 | (6 | (7 | (((11 | (13 | 15)) | !9) | !8)))) | !4))))) & (!(16 | !17))] 0
[(!(0 | (1 | (3 | ((5 | (6 | (7 | (((11 | ((14 | 15) | !13)) | !9) | !8)))) | !4))))) & (!(16 | !17))] 0
[(!(0 | (1 | (3 | ((5 | (6 | (7 | (((11 | ((15 | !14) | !13)) | !9) | !8)))) | !4))))) & (!(16 | !17))] 0
[(!(0 | (1 | (3 | ((5 | (6 | (7 | ((((13 | 15) | !11) | !9) | !8)))) | !4))))) & (!(16 | !17))] 2
[(!(0 | (1 | (3 | ((5 | (6 | (7 | (((((14 | 15) | !13) | !11) | !9) | !8)))) | !4))))) & (16 & 17)] 2
[(!(0 | (1 | (3 | ((5 | (6 | (7 | (((((15 | !14) | !13) | !11) | !9) | !8)))) | !4))))) & (16 & 17)] 1
[(!((1 | (3 | ((5 | ((7 | ((9 | (11 | (13 | (14 | 15)))) | !8)) | !6)) | !4))) | !0)) & (!(16 | !17))] 0
[(!((1 | (3 | ((5 | ((7 | ((9 | (11 | (13 | (15 | !14)))) | !8)) | !6)) | !4))) | !0)) & (!(16 | !17))] 3
[(!((1 | (3 | ((5 | ((7 | ((9 | (11 | ((14 | 15) | !13))) | !8)) | !6)) | !4))) | !0)) & (!(16 | !17))] 0
[(!((1 | (3 | ((5 | ((7 | ((9 | (11 | ((15 | !14) | !13))) | !8)) | !6)) | !4))) | !0)) & (!(16 | !17))] 0
[(!((1 | (3 | ((5 | ((7 | ((9 | ((13 | (14 | 15)) | !11)) | !8)) | !6)) | !4))) | !0)) & (16 & 17)] 3
[(!((1 | (3 | ((5 | ((7 | ((9 | ((13 | (15 | !14)) | !11)) | !8)) | !6)) | !4))) | !0)) & (!(16 | !17))] 2
[(!((1 | (3 | ((5 | ((7 | ((9 | (((14 | 15) | !13) | !11)) | !8)) | !6)) | !4))) | !0)) & (16 & 17)] 1
[(!((1 | (3 | ((5 | ((7 | ((9 | (((15 | !14) | !13) | !11)) | !8)) | !6)) | !4))) | !0)) & (16 & 17)] 3
[(!((1 | (((5 | ((7 | ((9 | (11 | (13 | (15 | !14)))) | !8)) | !6)) | !4) | !3)) | !0)) & (!(16 | !17))] 3
[(!((1 | (((5 | ((7 | ((9 | ((13 | (15 | !14)) | !11)) | !8)) | !6)) | !4) | !3)) | !0)) & (!(16 | !17))] 1
[(!((1 | (((5 | ((7 | ((9 | (11 | (14 | 15))) | !8)) | !6)) | !4) | !3)) | !0)) & (!(16 | !17))] 0
[(!((1 | (((5 | ((7 | ((9 | ((14 | 15) | !11)) | !8)) | !6)) | !4) | !3)) | !0)) & (!(17 | !16))] 3
[(!(0 | (1 | (((5 | ((7 | (8 | (9 | (11 | (12 | (14 | 15)))))) | !6)) | !4) | !3)))) & (!(17 | !16))] 2
[(!(0 | (1 | (((5 | ((7 | (8 | (9 | (11 | (12 | (14 | !15)))))) | !6)) | !4) | !3)))) & (!(17 | !16))] 2
[(!(0 | (1 | (((5 | ((7 | (8 | (9 | (11 | ((14 | 15) | !12))))) | !6)) | !4) | !3)))) & (16 & 17)] 1
[(!(0 | (1 | (((5 | ((7 | (8 | (9 | (11 | ((14 | !15) | !12))))) | !6)) | !4) | !3)))) & (!(17 | !16))] 3
[(!(0 | (1 | (((5 | ((7 | (8 | (9 | ((12 | (14 | 15)) | !11)))) | !6)) | !4) | !3)))) & (!(17 | !16))] 1
[(!(0 | (1 | (((5 | ((7 | (8 | (9 | ((12 | (14 | !15)) | !11)))) | !6)) | !4) | !3)))) & (!(17 | !16))] 0
[(!(0 | (1 | (((5 | ((7 | (8 | (9 | (((14 | 15) | !12) | !11)))) | !6)) | !4) | !3)))) & (!(17 | !16))] 0
[(!(0 | (1 | (((5 | ((7 | (8 | (9 | (((14 | !15) | !12) | !11)))) | !6)) | !4) | !3)))) & (!(17 | !16))] 1
[(!(0 | ((((5 | (((8 | (9 | (11 | ((14 | 15) | !12)))) | !7) | !6)) | !4) | !3) | !1))) & (16 & 17)] 1
[(!(0 | ((((5 | (((8 | (9 | (11 | ((14 | !15) | !12)))) | !7) | !6)) | !4) | !3) | !1))) & (!(17 | !16))] 2
[(!(0 | ((((5 | (((8 | (9 | (((14 | 15) | !12) | !11))) | !7) | !6)) | !4) | !3) | !1))) & (!(17 | !16))] 4
[(!(0 | ((((5 | (((8 | (9 | (((14 | !15) | !12) | !11))) | !7) | !6)) | !4) | !3) | !1))) & (!(17 | !16))] 0
[(!(0 | ((((5 | (((8 | (9 | (11 | (12 | (14 | 15))))) | !7) | !6)) | !4) | !3) | !1))) & (!(17 | !16))] 2
[(!(0 | ((((5 | (((8 | (9 | ((12 | (14 | 15)) | !11))) | !7) | !6)) | !4) | !3) | !1))) & (!(17 | !16))] 0
[(!(0 | (1 | (((((7 | (8 | (9 | (11 | (12 | (14 | 15)))))) | !6) | !5) | !4) | !3)))) & (16 & 17)] 4
[(!(0 | (1 | (((((7 | (8 | (9 | (11 | ((14 | 15) | !12))))) | !6) | !5) | !4) | !3)))) & (16 & 17)] 1
[(!(0 | (1 | (((((7 | (8 | (9 | ((12 | (14 | 15)) | !11)))) | !6) | !5) | !4) | !3)))) & (!(17 | !16))] 1
[(!(0 | (1 | (((((7 | (8 | (9 | (((14 | 15) | !12) | !11)))) | !6) | !5) | !4) | !3)))) & (!(17 | !16))] 0
[(!(0 | (1 | (((((7 | ((9 | (11 | (14 | 15))) | !8)) | !6) | !5) | !4) | !3)))) & (!(16 | !17))] 0
[(!(0 | (1 | (((((7 | ((9 | ((14 | 15) | !11)) | !8)) | !6) | !5) | !4) | !3)))) & (!(17 | !16))] 3
[(!(0 | (1 | (((((7 | (8 | (9 | (11 | (12 | (14 | !15)))))) | !6) | !5) | !4) | !3)))) & (t)] 2
[(!(0 | (1 | (((((7 | (8 | (9 | (11 | ((14 | !15) | !12))))) | !6) | !5) | !4) | !3)))) & (t)] 4
[(!(0 | (1 | (((((7 | (8 | (9 | ((12 | (14 | !15)) | !11)))) | !6) | !5) | !4) | !3)))) & (t)] 1
[(!(0 | (1 | (((((7 | (8 | (9 | (((14 | !15) | !12) | !11)))) | !6) | !5) | !4) | !3)))) & (t)] 3
[(!(0 | (1 | (((((7 | ((9 | (11 | (12 | (14 | !15)))) | !8)) | !6) | !5) | !4) | !3)))) & (t)] 3
[(!(0 | (1 | (((((7 | ((9 | ((12 | (14 | !15)) | !11)) | !8)) | !6) | !5) | !4) | !3)))) & (t)] 2
[(!(0 | (1 | (3 | ((5 | (6 | (7 | ((9 | (11 | ((14 | 15) | !13))) | !8)))) | !4))))) & (!(16 | !17))] 0
[(!(0 | (1 | (3 | ((5 | (6 | (7 | ((9 | (11 | ((15 | !14) | !13))) | !8)))) | !4))))) & (!(16 | !17))] 0
[(!(0 | (1 | (3 | ((5 | (6 | (7 | ((9 | (((14 | 15) | !13) | !11)) | !8)))) | !4))))) & (16 & 17)] 2
[(!(0 | (1 | (3 | ((5 | (6 | (7 | ((9 | (((15 | !14) | !13) | !11)) | !8)))) | !4))))) & (!(16 | !17))] 1
[(!(0 | (1 | (3 | ((5 | (6 | (7 | ((9 | (11 | (13 | (14 | 15)))) | !8)))) | !4))))) & (!(16 | !17))] 0
[(!(0 | (1 | (3 | ((5 | (6 | (7 | ((9 | ((13 | (14 | 15)) | !11)) | !8)))) | !4))))) & (!(16 | !17))] 2
[(!(0 | (1 | (((5 | (((8 | (9 | (11 | ((14 | 15) | !12)))) | !7) | !6)) | !4) | !3)))) & (16 & 17)] 1
[(!(0 | (1 | (((5 | (((8 | (9 | (11 | ((14 | !15) | !12)))) | !7) | !6)) | !4) | !3)))) & (!(17 | !16))] 1
[(!(0 | (1 | (((5 | (((8 | (9 | (((14 | 15) | !12) | !11))) | !7) | !6)) | !4) | !3)))) & (!(17 | !16))] 0
[(!(0 | (1 | (((5 | (((8 | (9 | (((14 | !15) | !12) | !11))) | !7) | !6)) | !4) | !3)))) & (!(17 | !16))] 0
[(!(0 | (1 | (((5 | (((8 | (9 | (11 | (12 | (14 | 15))))) | !7) | !6)) | !4) | !3)))) & (!(17 | !16))] 2
[(!(0 | (1 | (((5 | (((8 | (9 | ((12 | (14 | 15)) | !11))) | !7) | !6)) | !4) | !3)))) & (!(17 | !16))] 0
State: 3 "[3]"
[(!(0 | (1 | (((5 | ((7 | ((9 | (11 | ((14 | !15) | !12))) | !8)) | !6)) | !4) | !3)))) & (!(17 | !16))] 2
[(!(0 | (1 | (((5 | ((7 | ((9 | (((14 | !15) | !12) | !11)) | !8)) | !6)) | !4) | !3)))) & (!(17 | !16))] 3
[(!(0 | (1 | (((5 | ((7 | ((9 | (11 | ((15 | !14) | !13))) | !8)) | !6)) | !4) | !3)))) & (t)] 2
[(!(0 | (1 | (((5 | ((7 | ((9 | (((15 | !14) | !13) | !11)) | !8)) | !6)) | !4) | !3)))) & (t)] 4
[(!((1 | (((5 | ((7 | ((9 | (11 | ((15 | !14) | !13))) | !8)) | !6)) | !4) | !3)) | !0)) & (t)] 1
[(!((1 | (((5 | ((7 | ((9 | (((15 | !14) | !13) | !11)) | !8)) | !6)) | !4) | !3)) | !0)) & (t)] 3
[(!(0 | (1 | (((((7 | ((9 | (11 | ((14 | !15) | !12))) | !8)) | !6) | !5) | !4) | !3)))) & (t)] 2
[(!(0 | (1 | (((((7 | ((9 | (((14 | !15) | !12) | !11)) | !8)) | !6) | !5) | !4) | !3)))) & (t)] 2
[(!(0 | (1 | (3 | ((5 | (6 | (7 | ((9 | (11 | (13 | (15 | !14)))) | !8)))) | !4))))) & (t)] 2
[(!(0 | (1 | (3 | ((5 | (6 | (7 | ((9 | ((13 | (15 | !14)) | !11)) | !8)))) | !4))))) & (t)] 1
[(!(0 | (1 | (((5 | (((8 | (9 | (11 | (12 | (14 | !15))))) | !7) | !6)) | !4) | !3)))) & (t)] 0
[(!(0 | (1 | (((5 | (((8 | (9 | ((12 | (14 | !15)) | !11))) | !7) | !6)) | !4) | !3)))) & (t)] 4
[(!(0 | (1 | (((5 | ((7 | ((9 | (11 | (12 & (14 | 15) | !12 & ((14 | 15) | !13)))) | !8)) | !6)) | !4) | !3)))) & (!(17 | !16))] 2
[(!(0 | ((((5 | (((8 | (9 | (11 | (12 | (14 | !15))))) | !7) | !6)) | !4) | !3) | !1))) & (t)] 1
[(!(0 | ((((5 | (((8 | (9 | ((12 | (14 | !15)) | !11))) | !7) | !6)) | !4) | !3) | !1))) & (t)] 2
[(0 & (1 | ((5 | ((7 | ((9 | 15) | !8)) | !6)) | !4)) | !0 & (1 & (((5 | ((8 | (9 | 14)) | !6)) | !4) | !3) | !1 & (3 & ((5 & ((7 | (9 | 14)) | !6) | !5 & ((7 & (8 | (9 | 14)) | !7 & (8 & (9 | (14 & 15)) | !8 & (9 | 14))) | !6)) | !4) | !3 & ((5 | (7 | (15 | !8))) | !4)))) & (t)] 3
[(!(0 | (1 | (((5 | ((7 | ((9 | ((12 & (14 | 15) | !12 & ((14 | 15) | !13)) | !11)) | !8)) | !6)) | !4) | !3)))) & (!(17 | !16))] 3
[(!(0 | (1 | (((5 | ((7 | ((9 | (11 | (12 | (13 | (14 | 15))))) | !8)) | !6)) | !4) | !3)))) & (!(17 | !16))] 2
[(!(0 | (1 | (((5 | ((7 | ((9 | ((12 | (13 | (14 | 15))) | !11)) | !8)) | !6)) | !4) | !3)))) & (!(17 | !16))] 3
[(!(0 | (1 | (((5 | ((7 | ((9 | (11 | (13 | (15 | !14)))) | !8)) | !6)) | !4) | !3)))) & (t)] 2
[(!(0 | (1 | (((5 | ((7 | ((9 | ((13 | (15 | !14)) | !11)) | !8)) | !6)) | !4) | !3)))) & (t)] 0
[(!(0 | (1 | (((5 | ((7 | ((9 | (11 | (12 | (14 | !15)))) | !8)) | !6)) | !4) | !3)))) & (!(17 | !16))] 2
[(!(0 | (1 | (((5 | ((7 | ((9 | ((12 | (14 | !15)) | !11)) | !8)) | !6)) | !4) | !3)))) & (!(17 | !16))] 1
[(!(0 | (1 | (3 | ((5 | ((7 | (((11 | (13 | (14 | 15))) | !9) | !8)) | !6)) | !4))))) & (!(16 | !17))] 2
[(!(0 | (1 | (3 | ((5 | ((7 | (((11 | (13 | (15 | !14))) | !9) | !8)) | !6)) | !4))))) & (!(16 | !17))] 3
[(!(0 | (1 | (3 | ((5 | ((7 | (((11 | ((14 | 15) | !13)) | !9) | !8)) | !6)) | !4))))) & (!(16 | !17))] 0
[(!(0 | (1 | (3 | ((5 | ((7 | (((11 | ((15 | !14) | !13)) | !9) | !8)) | !6)) | !4))))) & (!(16 | !17))] 0
[(!(0 | (1 | (3 | ((5 | ((7 | ((((13 | (14 | 15)) | !11) | !9) | !8)) | !6)) | !4))))) & (!(16 | !17))] 1
[(!(0 | (1 | (3 | ((5 | ((7 | ((((13 | (15 | !14)) | !11) | !9) | !8)) | !6)) | !4))))) & (!(16 | !17))] 0
[(!(0 | (1 | (3 | ((5 | ((7 | (((((14 | 15) | !13) | !11) | !9) | !8)) | !6)) | !4))))) & (!(16 | !17))] 2
[(!(0 | (1 | (3 | ((5 | ((7 | (((((15 | !14) | !13) | !11) | !9) | !8)) | !6)) | !4))))) & (!(16 | !17))] 3
[(!(0 | ((((5 | ((7 | (8 | (9 | (11 | (12 | (14 | 15)))))) | !6)) | !4) | !3) | !1))) & (!(17 | !16))] 0
[(!(0 | ((((5 | ((7 | (8 | (9 | (11 | (12 | (14 | !15)))))) | !6)) | !4) | !3) | !1))) & (16 & 17)] 4
[(!(0 | ((((5 | ((7 | (8 | (9 | (11 | ((14 | 15) | !12))))) | !6)) | !4) | !3) | !1))) & (16 & 17)] 2
[(!(0 | ((((5 | ((7 | (8 | (9 | (11 | ((14 | !15) | !12))))) | !6)) | !4) | !3) | !1))) & (16 & 17)] 4
[(!(0 | ((((5 | ((7 | (8 | (9 | ((12 | (14 | 15)) | !11)))) | !6)) | !4) | !3) | !1))) & (!(17 | !16))] 1
[(!(0 | ((((5 | ((7 | (8 | (9 | ((12 | (14 | !15)) | !11)))) | !6)) | !4) | !3) | !1))) & (!(17 | !16))] 0
[(!(0 | ((((5 | ((7 | (8 | (9 | (((14 | 15) | !12) | !11)))) | !6)) | !4) | !3) | !1))) & (!(17 | !16))] 0
[(!(0 | ((((5 | ((7 | (8 | (9 | (((14 | !15) | !12) | !11)))) | !6)) | !4) | !3) | !1))) & (!(17 | !16))] 1
[(!(0 | (1 | (3 | ((5 | ((7 | ((9 | (11 | (13 | (14 | 15)))) | !8)) | !6)) | !4))))) & (!(16 | !17))] 2
[(!(0 | (1 | (3 | ((5 | ((7 | ((9 | (11 | (13 | (15 | !14)))) | !8)) | !6)) | !4))))) & (!(16 | !17))] 3
[(!(0 | (1 | (3 | ((5 | ((7 | ((9 | (11 | ((14 | 15) | !13))) | !8)) | !6)) | !4))))) & (!(16 | !17))] 0
[(!(0 | (1 | (3 | ((5 | ((7 | ((9 | (11 | ((15 | !14) | !13))) | !8)) | !6)) | !4))))) & (!(16 | !17))] 0
[(!(0 | (1 | (3 | ((5 | ((7 | ((9 | ((13 | (14 | 15)) | !11)) | !8)) | !6)) | !4))))) & (16 & 17)] 3
[(!(0 | (1 | (3 | ((5 | ((7 | ((9 | ((13 | (15 | !14)) | !11)) | !8)) | !6)) | !4))))) & (!(16 | !17))] 1
[(!(0 | (1 | (3 | ((5 | ((7 | ((9 | (((14 | 15) | !13) | !11)) | !8)) | !6)) | !4))))) & (16 & 17)] 2
[(!(0 | (1 | (3 | ((5 | ((7 | ((9 | (((15 | !14) | !13) | !11)) | !8)) | !6)) | !4))))) & (16 & 17)] 3
[(!(0 | (1 | (3 | ((5 | (6 | (7 | (((11 | (13 | 15)) | !9) | !8)))) | !4))))) & (!(16 | !17))] 0
[(!(0 | (1 | (3 | ((5 | (6 | (7 | (((11 | ((14 | 15) | !13)) | !9) | !8)))) | !4))))) & (!(16 | !17))] 0
[(!(0 | (1 | (3 | ((5 | (6 | (7 | (((11 | ((15 | !14) | !13)) | !9) | !8)))) | !4))))) & (!(16 | !17))] 0
[(!(0 | (1 | (3 | ((5 | (6 | (7 | ((((13 | 15) | !11) | !9) | !8)))) | !4))))) & (!(16 | !17))] 2
[(!(0 | (1 | (3 | ((5 | (6 | (7 | (((((14 | 15) | !13) | !11) | !9) | !8)))) | !4))))) & (!(16 | !17))] 2
[(!(0 | (1 | (3 | ((5 | (6 | (7 | (((((15 | !14) | !13) | !11) | !9) | !8)))) | !4))))) & (!(16 | !17))] 1
[(!((1 | (3 | ((5 | ((7 | ((9 | (11 | (13 | (14 | 15)))) | !8)) | !6)) | !4))) | !0)) & (t)] 1
[(!((1 | (3 | ((5 | ((7 | ((9 | (11 | (13 | (15 | !14)))) | !8)) | !6)) | !4))) | !0)) & (t)] 0
[(!((1 | (3 | ((5 | ((7 | ((9 | (11 | ((14 | 15) | !13))) | !8)) | !6)) | !4))) | !0)) & (t)] 3
[(!((1 | (3 | ((5 | ((7 | ((9 | (11 | ((15 | !14) | !13))) | !8)) | !6)) | !4))) | !0)) & (t)] 4
[(!((1 | (3 | ((5 | ((7 | ((9 | ((13 | (14 | 15)) | !11)) | !8)) | !6)) | !4))) | !0)) & (t)] 1
[(!((1 | (3 | ((5 | ((7 | ((9 | ((13 | (15 | !14)) | !11)) | !8)) | !6)) | !4))) | !0)) & (t)] 2
[(!((1 | (3 | ((5 | ((7 | ((9 | (((14 | 15) | !13) | !11)) | !8)) | !6)) | !4))) | !0)) & (t)] 0
[(!((1 | (3 | ((5 | ((7 | ((9 | (((15 | !14) | !13) | !11)) | !8)) | !6)) | !4))) | !0)) & (t)] 3
[(!((1 | (((5 | ((7 | ((9 | (11 | (13 | (15 | !14)))) | !8)) | !6)) | !4) | !3)) | !0)) & (t)] 2
[(!((1 | (((5 | ((7 | ((9 | ((13 | (15 | !14)) | !11)) | !8)) | !6)) | !4) | !3)) | !0)) & (t)] 4
[(!((1 | (((5 | ((7 | ((9 | (11 | (14 | 15))) | !8)) | !6)) | !4) | !3)) | !0)) & (t)] 4
[(!((1 | (((5 | ((7 | ((9 | ((14 | 15) | !11)) | !8)) | !6)) | !4) | !3)) | !0)) & (t)] 0
[(!(0 | (1 | (((5 | ((7 | (8 | (9 | (11 | (12 | (14 | 15)))))) | !6)) | !4) | !3)))) & (16 & 17)] 4
[(!(0 | (1 | (((5 | ((7 | (8 | (9 | (11 | (12 | (14 | !15)))))) | !6)) | !4) | !3)))) & (!(17 | !16))] 2
[(!(0 | (1 | (((5 | ((7 | (8 | (9 | (11 | ((14 | 15) | !12))))) | !6)) | !4) | !3)))) & (16 & 17)] 1
[(!(0 | (1 | (((5 | ((7 | (8 | (9 | (11 | ((14 | !15) | !12))))) | !6)) | !4) | !3)))) & (16 & 17)] 4
[(!(0 | (1 | (((5 | ((7 | (8 | (9 | ((12 | (14 | 15)) | !11)))) | !6)) | !4) | !3)))) & (!(17 | !16))] 1
[(!(0 | (1 | (((5 | ((7 | (8 | (9 | ((12 | (14 | !15)) | !11)))) | !6)) | !4) | !3)))) & (!(17 | !16))] 1
[(!(0 | (1 | (((5 | ((7 | (8 | (9 | (((14 | 15) | !12) | !11)))) | !6)) | !4) | !3)))) & (!(17 | !16))] 0
[(!(0 | (1 | (((5 | ((7 | (8 | (9 | (((14 | !15) | !12) | !11)))) | !6)) | !4) | !3)))) & (!(17 | !16))] 1
[(!(0 | ((((5 | (((8 | (9 | (11 | ((14 | 15) | !12)))) | !7) | !6)) | !4) | !3) | !1))) & (t)] 0
[(!(0 | ((((5 | (((8 | (9 | (11 | ((14 | !15) | !12)))) | !7) | !6)) | !4) | !3) | !1))) & (t)] 3
[(!(0 | ((((5 | (((8 | (9 | (((14 | 15) | !12) | !11))) | !7) | !6)) | !4) | !3) | !1))) & (t)] 3
[(!(0 | ((((5 | (((8 | (9 | (((14 | !15) | !12) | !11))) | !7) | !6)) | !4) | !3) | !1))) & (t)] 2
[(!(0 | ((((5 | (((8 | (9 | (11 | (12 | (14 | 15))))) | !7) | !6)) | !4) | !3) | !1))) & (t)] 3
[(!(0 | ((((5 | (((8 | (9 | ((12 | (14 | 15)) | !11))) | !7) | !6)) | !4) | !3) | !1))) & (t)] 0
[(!(0 | (1 | (((((7 | (8 | (9 | (11 | (12 | (14 | 15)))))) | !6) | !5) | !4) | !3)))) & (16 & 17)] 4
[(!(0 | (1 | (((((7 | (8 | (9 | (11 | ((14 | 15) | !12))))) | !6) | !5) | !4) | !3)))) & (16 & 17)] 3
[(!(0 | (1 | (((((7 | (8 | (9 | ((12 | (14 | 15)) | !11)))) | !6) | !5) | !4) | !3)))) & (!(17 | !16))] 1
[(!(0 | (1 | (((((7 | (8 | (9 | (((14 | 15) | !12) | !11)))) | !6) | !5) | !4) | !3)))) & (!(17 | !16))] 0
[(!(0 | (1 | (((((7 | ((9 | (11 | (14 | 15))) | !8)) | !6) | !5) | !4) | !3)))) & (!(16 | !17))] 0
[(!(0 | (1 | (((((7 | ((9 | ((14 | 15) | !11)) | !8)) | !6) | !5) | !4) | !3)))) & (!(17 | !16))] 3
[(!(0 | (1 | (((((7 | (8 | (9 | (11 | (12 | (14 | !15)))))) | !6) | !5) | !4) | !3)))) & (t)] 2
[(!(0 | (1 | (((((7 | (8 | (9 | (11 | ((14 | !15) | !12))))) | !6) | !5) | !4) | !3)))) & (t)] 3
[(!(0 | (1 | (((((7 | (8 | (9 | ((12 | (14 | !15)) | !11)))) | !6) | !5) | !4) | !3)))) & (t)] 1
[(!(0 | (1 | (((((7 | (8 | (9 | (((14 | !15) | !12) | !11)))) | !6) | !5) | !4) | !3)))) & (t)] 3
[(!(0 | (1 | (((((7 | ((9 | (11 | (12 | (14 | !15)))) | !8)) | !6) | !5) | !4) | !3)))) & (t)] 0
[(!(0 | (1 | (((((7 | ((9 | ((12 | (14 | !15)) | !11)) | !8)) | !6) | !5) | !4) | !3)))) & (t)] 4
[(!(0 | (1 | (3 | ((5 | (6 | (7 | ((9 | (11 | ((14 | 15) | !13))) | !8)))) | !4))))) & (t)] 0
[(!(0 | (1 | (3 | ((5 | (6 | (7 | ((9 | (11 | ((15 | !14) | !13))) | !8)))) | !4))))) & (t)] 4
[(!(0 | (1 | (3 | ((5 | (6 | (7 | ((9 | (((14 | 15) | !13) | !11)) | !8)))) | !4))))) & (t)] 2
[(!(0 | (1 | (3 | ((5 | (6 | (7 | ((9 | (((15 | !14) | !13) | !11)) | !8)))) | !4))))) & (t)] 3
[(!(0 | (1 | (3 | ((5 | (6 | (7 | ((9 | (11 | (13 | (14 | 15)))) | !8)))) | !4))))) & (t)] 2
[(!(0 | (1 | (3 | ((5 | (6 | (7 | ((9 | ((13 | (14 | 15)) | !11)) | !8)))) | !4))))) & (t)] 2
[(!(0 | (1 | (((5 | (((8 | (9 | (11 | ((14 | 15) | !12)))) | !7) | !6)) | !4) | !3)))) & (t)] 1
[(!(0 | (1 | (((5 | (((8 | (9 | (11 | ((14 | !15) | !12)))) | !7) | !6)) | !4) | !3)))) & (t)] 0
[(!(0 | (1 | (((5 | (((8 | (9 | (((14 | 15) | !12) | !11))) | !7) | !6)) | !4) | !3)))) & (t)] 2
[(!(0 | (1 | (((5 | (((8 | (9 | (((14 | !15) | !12) | !11))) | !7) | !6)) | !4) | !3)))) & (t)] 2
[(!(0 | (1 | (((5 | (((8 | (9 | (11 | (12 | (14 | 15))))) | !7) | !6)) | !4) | !3)))) & (t)] 4
[(!(0 | (1 | (((5 | (((8 | (9 | ((12 | (14 | 15)) | !11))) | !7) | !6)) | !4) | !3)))) & (t)] 2
State: 4 "[4]"
[(!(0 | (1 | (((5 | ((7 | ((9 | (11 | ((14 | !15) | !12))) | !8)) | !6)) | !4) | !3)))) & (t)] 3
[(!(0 | (1 | (((5 | ((7 | ((9 | (((14 | !15) | !12) | !11)) | !8)) | !6)) | !4) | !3)))) & (t)] 1
[(!(0 | (1 | (((5 | ((7 | ((9 | (11 | ((15 | !14) | !13))) | !8)) | !6)) | !4) | !3)))) & (t)] 2
[(!(0 | (1 | (((5 | ((7 | ((9 | (((15 | !14) | !13) | !11)) | !8)) | !6)) | !4) | !3)))) & (t)] 2
[(!((1 | (((5 | ((7 | ((9 | (11 | ((15 | !14) | !13))) | !8)) | !6)) | !4) | !3)) | !0)) & (t)] 2
[(!((1 | (((5 | ((7 | ((9 | (((15 | !14) | !13) | !11)) | !8)) | !6)) | !4) | !3)) | !0)) & (t)] 2
[(!(0 | (1 | (((((7 | ((9 | (11 | ((14 | !15) | !12))) | !8)) | !6) | !5) | !4) | !3)))) & (!(17 | !16))] 1
[(!(0 | (1 | (((((7 | ((9 | (((14 | !15) | !12) | !11)) | !8)) | !6) | !5) | !4) | !3)))) & (!(17 | !16))] 3
[(!(0 | (1 | (3 | ((5 | (6 | (7 | ((9 | (11 | (13 | (15 | !14)))) | !8)))) | !4))))) & (t)] 1
[(!(0 | (1 | (3 | ((5 | (6 | (7 | ((9 | ((13 | (15 | !14)) | !11)) | !8)))) | !4))))) & (t)] 0
[(!(0 | (1 | (((5 | (((8 | (9 | (11 | (12 | (14 | !15))))) | !7) | !6)) | !4) | !3)))) & (t)] 2
[(!(0 | (1 | (((5 | (((8 | (9 | ((12 | (14 | !15)) | !11))) | !7) | !6)) | !4) | !3)))) & (t)] 3
[(!(0 | (1 | (((5 | ((7 | ((9 | (11 | (12 & (14 | 15) | !12 & ((14 | 15) | !13)))) | !8)) | !6)) | !4) | !3)))) & (t)] 4
[(!(0 | ((((5 | (((8 | (9 | (11 | (12 | (14 | !15))))) | !7) | !6)) | !4) | !3) | !1))) & (t)] 0
[(!(0 | ((((5 | (((8 | (9 | ((12 | (14 | !15)) | !11))) | !7) | !6)) | !4) | !3) | !1))) & (t)] 0
[(0 & (1 | ((5 | ((7 | ((9 | 15) | !8)) | !6)) | !4)) | !0 & (1 & (((5 | ((8 | (9 | 14)) | !6)) | !4) | !3) | !1 & (3 & ((5 & ((7 | (9 | 14)) | !6) | !5 & ((7 & (8 | (9 | 14)) | !7 & (8 & (9 | (14 & 15)) | !8 & (9 | 14))) | !6)) | !4) | !3 & ((5 | (7 | (15 | !8))) | !4)))) & (t)] 0
[(!(0 | (1 | (((5 | ((7 | ((9 | ((12 & (14 | 15) | !12 & ((14 | 15) | !13)) | !11)) | !8)) | !6)) | !4) | !3)))) & (t)] 0
[(!(0 | (1 | (((5 | ((7 | ((9 | (11 | (12 | (13 | (14 | 15))))) | !8)) | !6)) | !4) | !3)))) & (t)] 4
[(!(0 | (1 | (((5 | ((7 | ((9 | ((12 | (13 | (14 | 15))) | !11)) | !8)) | !6)) | !4) | !3)))) & (t)] 4
[(!(0 | (1 | (((5 | ((7 | ((9 | (11 | (13 | (15 | !14)))) | !8)) | !6)) | !4) | !3)))) & (t)] 0
[(!(0 | (1 | (((5 | ((7 | ((9 | ((13 | (15 | !14)) | !11)) | !8)) | !6)) | !4) | !3)))) & (t)] 0
[(!(0 | (1 | (((5 | ((7 | ((9 | (11 | (12 | (14 | !15)))) | !8)) | !6)) | !4) | !3)))) & (t)] 1
[(!(0 | (1 | (((5 | ((7 | ((9 | ((12 | (14 | !15)) | !11)) | !8)) | !6)) | !4) | !3)))) & (t)] 0
[(!(0 | (1 | (3 | ((5 | ((7 | (((11 | (13 | (14 | 15))) | !9) | !8)) | !6)) | !4))))) & (t)] 0
[(!(0 | (1 | (3 | ((5 | ((7 | (((11 | (13 | (15 | !14))) | !9) | !8)) | !6)) | !4))))) & (t)] 2
[(!(0 | (1 | (3 | ((5 | ((7 | (((11 | ((14 | 15) | !13)) | !9) | !8)) | !6)) | !4))))) & (t)] 4
[(!(0 | (1 | (3 | ((5 | ((7 | (((11 | ((15 | !14) | !13)) | !9) | !8)) | !6)) | !4))))) & (t)] 1
[(!(0 | (1 | (3 | ((5 | ((7 | ((((13 | (14 | 15)) | !11) | !9) | !8)) | !6)) | !4))))) & (t)] 4
[(!(0 | (1 | (3 | ((5 | ((7 | ((((13 | (15 | !14)) | !11) | !9) | !8)) | !6)) | !4))))) & (t)] 1
[(!(0 | (1 | (3 | ((5 | ((7 | (((((14 | 15) | !13) | !11) | !9) | !8)) | !6)) | !4))))) & (t)] 2
[(!(0 | (1 | (3 | ((5 | ((7 | (((((15 | !14) | !13) | !11) | !9) | !8)) | !6)) | !4))))) & (t)] 0
[(!(0 | ((((5 | ((7 | (8 | (9 | (11 | (12 | (14 | 15)))))) | !6)) | !4) | !3) | !1))) & (!(17 | !16))] 0
[(!(0 | ((((5 | ((7 | (8 | (9 | (11 | (12 | (14 | !15)))))) | !6)) | !4) | !3) | !1))) & (t)] 4
[(!(0 | ((((5 | ((7 | (8 | (9 | (11 | ((14 | 15) | !12))))) | !6)) | !4) | !3) | !1))) & (16 & 17)] 3
[(!(0 | ((((5 | ((7 | (8 | (9 | (11 | ((14 | !15) | !12))))) | !6)) | !4) | !3) | !1))) & (t)] 0
[(!(0 | ((((5 | ((7 | (8 | (9 | ((12 | (14 | 15)) | !11)))) | !6)) | !4) | !3) | !1))) & (!(17 | !16))] 1
[(!(0 | ((((5 | ((7 | (8 | (9 | ((12 | (14 | !15)) | !11)))) | !6)) | !4) | !3) | !1))) & (t)] 3
[(!(0 | ((((5 | ((7 | (8 | (9 | (((14 | 15) | !12) | !11)))) | !6)) | !4) | !3) | !1))) & (!(17 | !16))] 4
[(!(0 | ((((5 | ((7 | (8 | (9 | (((14 | !15) | !12) | !11)))) | !6)) | !4) | !3) | !1))) & (t)] 2
[(!(0 | (1 | (3 | ((5 | ((7 | ((9 | (11 | (13 | (14 | 15)))) | !8)) | !6)) | !4))))) & (t)] 4
[(!(0 | (1 | (3 | ((5 | ((7 | ((9 | (11 | (13 | (15 | !14)))) | !8)) | !6)) | !4))))) & (t)] 0
[(!(0 | (1 | (3 | ((5 | ((7 | ((9 | (11 | ((14 | 15) | !13))) | !8)) | !6)) | !4))))) & (t)] 0
[(!(0 | (1 | (3 | ((5 | ((7 | ((9 | (11 | ((15 | !14) | !13))) | !8)) | !6)) | !4))))) & (t)] 1
[(!(0 | (1 | (3 | ((5 | ((7 | ((9 | ((13 | (14 | 15)) | !11)) | !8)) | !6)) | !4))))) & (t)] 2
[(!(0 | (1 | (3 | ((5 | ((7 | ((9 | ((13 | (15 | !14)) | !11)) | !8)) | !6)) | !4))))) & (t)] 0
[(!(0 | (1 | (3 | ((5 | ((7 | ((9 | (((14 | 15) | !13) | !11)) | !8)) | !6)) | !4))))) & (t)] 0
[(!(0 | (1 | (3 | ((5 | ((7 | ((9 | (((15 | !14) | !13) | !11)) | !8)) | !6)) | !4))))) & (t)] 1
[(!(0 | (1 | (3 | ((5 | (6 | (7 | (((11 | (13 | 15)) | !9) | !8)))) | !4))))) & (t)] 2
[(!(0 | (1 | (3 | ((5 | (6 | (7 | (((11 | ((14 | 15) | !13)) | !9) | !8)))) | !4))))) & (t)] 2
[(!(0 | (1 | (3 | ((5 | (6 | (7 | (((11 | ((15 | !14) | !13)) | !9) | !8)))) | !4))))) & (t)] 2
[(!(0 | (1 | (3 | ((5 | (6 | (7 | ((((13 | 15) | !11) | !9) | !8)))) | !4))))) & (t)] 0
[(!(0 | (1 | (3 | ((5 | (6 | (7 | (((((14 | 15) | !13) | !11) | !9) | !8)))) | !4))))) & (t)] 3
[(!(0 | (1 | (3 | ((5 | (6 | (7 | (((((15 | !14) | !13) | !11) | !9) | !8)))) | !4))))) & (t)] 0
[(!((1 | (3 | ((5 | ((7 | ((9 | (11 | (13 | (14 | 15)))) | !8)) | !6)) | !4))) | !0)) & (t)] 2
[(!((1 | (3 | ((5 | ((7 | ((9 | (11 | (13 | (15 | !14)))) | !8)) | !6)) | !4))) | !0)) & (t)] 3
[(!((1 | (3 | ((5 | ((7 | ((9 | (11 | ((14 | 15) | !13))) | !8)) | !6)) | !4))) | !0)) & (t)] 0
[(!((1 | (3 | ((5 | ((7 | ((9 | (11 | ((15 | !14) | !13))) | !8)) | !6)) | !4))) | !0)) & (t)] 1
[(!((1 | (3 | ((5 | ((7 | ((9 | ((13 | (14 | 15)) | !11)) | !8)) | !6)) | !4))) | !0)) & (t)] 0
[(!((1 | (3 | ((5 | ((7 | ((9 | ((13 | (15 | !14)) | !11)) | !8)) | !6)) | !4))) | !0)) & (t)] 0
[(!((1 | (3 | ((5 | ((7 | ((9 | (((14 | 15) | !13) | !11)) | !8)) | !6)) | !4))) | !0)) & (t)] 0
[(!((1 | (3 | ((5 | ((7 | ((9 | (((15 | !14) | !13) | !11)) | !8)) | !6)) | !4))) | !0)) & (t)] 0
[(!((1 | (((5 | ((7 | ((9 | (11 | (13 | (15 | !14)))) | !8)) | !6)) | !4) | !3)) | !0)) & (t)] 1
[(!((1 | (((5 | ((7 | ((9 | ((13 | (15 | !14)) | !11)) | !8)) | !6)) | !4) | !3)) | !0)) & (t)] 0
[(!((1 | (((5 | ((7 | ((9 | (11 | (14 | 15))) | !8)) | !6)) | !4) | !3)) | !0)) & (t)] 0
[(!((1 | (((5 | ((7 | ((9 | ((14 | 15) | !11)) | !8)) | !6)) | !4) | !3)) | !0)) & (t)] 1
[(!(0 | (1 | (((5 | ((7 | (8 | (9 | (11 | (12 | (14 | 15)))))) | !6)) | !4) | !3)))) & (16 & 17)] 4
[(!(0 | (1 | (((5 | ((7 | (8 | (9 | (11 | (12 | (14 | !15)))))) | !6)) | !4) | !3)))) & (16 & 17)] 4
[(!(0 | (1 | (((5 | ((7 | (8 | (9 | (11 | ((14 | 15) | !12))))) | !6)) | !4) | !3)))) & (16 & 17)] 2
[(!(0 | (1 | (((5 | ((7 | (8 | (9 | (11 | ((14 | !15) | !12))))) | !6)) | !4) | !3)))) & (16 & 17)] 3
[(!(0 | (1 | (((5 | ((7 | (8 | (9 | ((12 | (14 | 15)) | !11)))) | !6)) | !4) | !3)))) & (!(17 | !16))] 1
[(!(0 | (1 | (((5 | ((7 | (8 | (9 | ((12 | (14 | !15)) | !11)))) | !6)) | !4) | !3)))) & (!(17 | !16))] 0
[(!(0 | (1 | (((5 | ((7 | (8 | (9 | (((14 | 15) | !12) | !11)))) | !6)) | !4) | !3)))) & (!(17 | !16))] 4
[(!(0 | (1 | (((5 | ((7 | (8 | (9 | (((14 | !15) | !12) | !11)))) | !6)) | !4) | !3)))) & (!(17 | !16))] 1
[(!(0 | ((((5 | (((8 | (9 | (11 | ((14 | 15) | !12)))) | !7) | !6)) | !4) | !3) | !1))) & (16 & 17)] 2
[(!(0 | ((((5 | (((8 | (9 | (11 | ((14 | !15) | !12)))) | !7) | !6)) | !4) | !3) | !1))) & (t)] 0
[(!(0 | ((((5 | (((8 | (9 | (((14 | 15) | !12) | !11))) | !7) | !6)) | !4) | !3) | !1))) & (!(17 | !16))] 4
[(!(0 | ((((5 | (((8 | (9 | (((14 | !15) | !12) | !11))) | !7) | !6)) | !4) | !3) | !1))) & (t)] 3
[(!(0 | ((((5 | (((8 | (9 | (11 | (12 | (14 | 15))))) | !7) | !6)) | !4) | !3) | !1))) & (16 & 17)] 4
[(!(0 | ((((5 | (((8 | (9 | ((12 | (14 | 15)) | !11))) | !7) | !6)) | !4) | !3) | !1))) & (!(17 | !16))] 0
[(!(0 | (1 | (((((7 | (8 | (9 | (11 | (12 | (14 | 15)))))) | !6) | !5) | !4) | !3)))) & (!(17 | !16))] 2
[(!(0 | (1 | (((((7 | (8 | (9 | (11 | ((14 | 15) | !12))))) | !6) | !5) | !4) | !3)))) & (!(17 | !16))] 1
[(!(0 | (1 | (((((7 | (8 | (9 | ((12 | (14 | 15)) | !11)))) | !6) | !5) | !4) | !3)))) & (!(17 | !16))] 1
[(!(0 | (1 | (((((7 | (8 | (9 | (((14 | 15) | !12) | !11)))) | !6) | !5) | !4) | !3)))) & (!(17 | !16))] 0
[(!(0 | (1 | (((((7 | ((9 | (11 | (14 | 15))) | !8)) | !6) | !5) | !4) | !3)))) & (!(17 | !16))] 1
[(!(0 | (1 | (((((7 | ((9 | ((14 | 15) | !11)) | !8)) | !6) | !5) | !4) | !3)))) & (!(17 | !16))] 3
[(!(0 | (1 | (((((7 | (8 | (9 | (11 | (12 | (14 | !15)))))) | !6) | !5) | !4) | !3)))) & (!(17 | !16))] 2
[(!(0 | (1 | (((((7 | (8 | (9 | (11 | ((14 | !15) | !12))))) | !6) | !5) | !4) | !3)))) & (!(17 | !16))] 4
[(!(0 | (1 | (((((7 | (8 | (9 | ((12 | (14 | !15)) | !11)))) | !6) | !5) | !4) | !3)))) & (!(17 | !16))] 1
[(!(0 | (1 | (((((7 | (8 | (9 | (((14 | !15) | !12) | !11)))) | !6) | !5) | !4) | !3)))) & (!(17 | !16))] 1
[(!(0 | (1 | (((((7 | ((9 | (11 | (12 | (14 | !15)))) | !8)) | !6) | !5) | !4) | !3)))) & (!(17 | !16))] 3
[(!(0 | (1 | (((((7 | ((9 | ((12 | (14 | !15)) | !11)) | !8)) | !6) | !5) | !4) | !3)))) & (!(17 | !16))] 1
[(!(0 | (1 | (3 | ((5 | (6 | (7 | ((9 | (11 | ((14 | 15) | !13))) | !8)))) | !4))))) & (t)] 4
[(!(0 | (1 | (3 | ((5 | (6 | (7 | ((9 | (11 | ((15 | !14) | !13))) | !8)))) | !4))))) & (t)] 4
[(!(0 | (1 | (3 | ((5 | (6 | (7 | ((9 | (((14 | 15) | !13) | !11)) | !8)))) | !4))))) & (t)] 4
[(!(0 | (1 | (3 | ((5 | (6 | (7 | ((9 | (((15 | !14) | !13) | !11)) | !8)))) | !4))))) & (t)] 4
[(!(0 | (1 | (3 | ((5 | (6 | (7 | ((9 | (11 | (13 | (14 | 15)))) | !8)))) | !4))))) & (t)] 0
[(!(0 | (1 | (3 | ((5 | (6 | (7 | ((9 | ((13 | (14 | 15)) | !11)) | !8)))) | !4))))) & (t)] 2
[(!(0 | (1 | (((5 | (((8 | (9 | (11 | ((14 | 15) | !12)))) | !7) | !6)) | !4) | !3)))) & (16 & 17)] 1
[(!(0 | (1 | (((5 | (((8 | (9 | (11 | ((14 | !15) | !12)))) | !7) | !6)) | !4) | !3)))) & (t)] 4
[(!(0 | (1 | (((5 | (((8 | (9 | (((14 | 15) | !12) | !11))) | !7) | !6)) | !4) | !3)))) & (!(17 | !16))] 0
[(!(0 | (1 | (((5 | (((8 | (9 | (((14 | !15) | !12) | !11))) | !7) | !6)) | !4) | !3)))) & (t)] 3
[(!(0 | (1 | (((5 | (((8 | (9 | (11 | (12 | (14 | 15))))) | !7) | !6)) | !4) | !3)))) & (16 & 17)] 1
[(!(0 | (1 | (((5 | (((8 | (9 | ((12 | (14 | 15)) | !11))) | !7) | !6)) | !4) | !3)))) & (!(17 | !16))] 0
--END--
Synthesis took:  18497.72024154663 ms
