Processing program.
spec contains 2 APs (['move', 'goal'])
simplified !FALSE (len 6) to True (len 4)
True
Starting abstract synthesis loop.
adding  to predicate abstraction
constructing LTL abstraction
ltl abstraction took: 0.0016019344329833984
running LTL synthesis
massaging abstract counterstrategy
checking for compatibility of counterstrategy with program
trying fairness refinement
trying safety refinement
adding (x <= 0), (y <= 0) to predicate abstraction
constructing LTL abstraction
ltl abstraction took: 0.0016303062438964844
running LTL synthesis
massaging abstract counterstrategy
checking for compatibility of counterstrategy with program
trying fairness refinement
Structural Refinement: 
entry_cond:TRUE
exit_cond:(y <= 0)
loop:(y := (y - 1))
adding (y = y_prev), (y = (y_prev - 1)) to predicate abstraction
constructing LTL abstraction
ltl abstraction took: 0.0019266605377197266
running LTL synthesis
massaging abstract counterstrategy
checking for compatibility of counterstrategy with program
trying fairness refinement
Structural Refinement: 
entry_cond:TRUE
exit_cond:(x <= 0)
loop:(x := (x - 1))
adding (x = (x_prev - 1)), (x = x_prev) to predicate abstraction
constructing LTL abstraction
ltl abstraction took: 0.001758575439453125
running LTL synthesis
Realizable.
REALIZABLE
HOA: v1
tool: "strix" "21.0.0"
States: 1
Start: 0
AP: 17 "goal" "move" "pred__x_EQ__xprev_MINUS_1__" "setvars" "in_loop1_0" "pred__y_EQ_yprev_" "pred__y_LTEQ_0_" "pred__y_EQ__yprev_MINUS_1__" "pred__x_LTEQ_0_" "in_loop0_0" "pred__x_EQ_xprev_" "estay" "exory" "einc" "cstay" "xory" "cinc"
controllable-AP: 14 15 16
acc-name: all
Acceptance: 0 t
--BODY--
State: 0 "[0]"
[(!(0 | (1 | (2 | ((4 | ((6 | (7 | (8 | (9 | (11 | !10))))) | !5)) | !3))))) & (t)] 0
[(!(0 | (1 | (2 | ((4 | ((6 | (7 | (8 | (9 | (((12 | 13) | !11) | !10))))) | !5)) | !3))))) & (t)] 0
[(!(0 | (1 | (2 | ((4 | ((6 | (7 | (8 | (9 | (((12 | !13) | !11) | !10))))) | !5)) | !3))))) & (t)] 0
[(!(0 | (1 | (2 | ((4 | ((6 | (7 | (8 | (9 | (((13 | !12) | !11) | !10))))) | !5)) | !3))))) & (t)] 0
[(!(0 | (1 | (2 | ((4 | ((6 | (7 | (8 | (9 | !(10 & (11 & (12 & 13))))))) | !5)) | !3))))) & (t)] 0
[(0 | (1 & (2 & (3 | (((6 & (7 | (8 | (9 | 10))) | !6 & (7 | (10 | !9))) | !5) | !4)) | !2 & (3 | (4 & (5 & (6 & (7 | (8 | (9 | !10))) | !6 & (7 | (8 | !10))) | !5 & ((8 | !(9 & 10)) | !7)) | !4 & (5 & (6 & (7 | (8 | (9 | !10))) | !6 & (7 | !10)) | !5 & (6 & ((8 | !(9 & 10)) | !7) | !6 & !(7 & (9 & 10))))))) | !1 & (2 & ((((6 & (7 | (9 | 10)) | !6 & (7 | 10)) | !5) | !4) | !3) | !2 & ((4 & (5 & (6 & (7 | (8 | (9 | !10))) | !6 & (7 | (8 | !10))) | !5 & (6 & ((8 | !(9 & 10)) | !7) | !6 & (7 & (8 | !(9 & 10)) | !7 & (8 | (9 | !10))))) | !4 & (5 & (6 & (7 | (8 & (9 | !10) | !8 & 9)) | !6 & (7 | !(10 | !8))) | !5 & !(6 & (7 & (9 & 10) | !7 & !((9 | 10) | !8)) | !6 & (7 & (9 & 10) | !7 & !(9 | !10))))) | !3)))) & (t)] 0
[(!(0 | (1 | (2 | ((4 | ((6 | (7 | (8 | ((((12 | 13) | !11) | !10) | !9)))) | !5)) | !3))))) & (t)] 0
[(!(0 | (1 | (2 | ((((6 | (7 | (8 | (9 | (((13 | !12) | !11) | !10))))) | !5) | !4) | !3))))) & (t)] 0
[(!(0 | (1 | (2 | ((4 | (5 | ((7 | ((9 | (10 | 11)) | !8)) | !6))) | !3))))) & (t)] 0
[(!(0 | (1 | (2 | ((4 | (5 | ((7 | ((9 | (10 | (13 | !11))) | !8)) | !6))) | !3))))) & (t)] 0
[(!(0 | (1 | (2 | ((4 | (5 | ((7 | ((9 | (10 | ((12 | !13) | !11))) | !8)) | !6))) | !3))))) & (t)] 0
[(!(0 | (1 | (2 | ((4 | (5 | ((7 | ((9 | (10 | !(11 & (12 & 13)))) | !8)) | !6))) | !3))))) & (t)] 0
[(!(0 | (1 | (2 | ((4 | (((7 | ((9 | (11 | !10)) | !8)) | !6) | !5)) | !3))))) & (t)] 0
[(!(0 | (1 | (2 | ((4 | (((7 | ((9 | ((13 | !11) | !10)) | !8)) | !6) | !5)) | !3))))) & (t)] 0
[(!(0 | (1 | (2 | ((4 | (((7 | ((9 | (((12 | !13) | !11) | !10)) | !8)) | !6) | !5)) | !3))))) & (t)] 0
[(!(0 | (1 | (2 | ((4 | (((7 | ((9 | !(10 & (11 & (12 & 13)))) | !8)) | !6) | !5)) | !3))))) & (t)] 0
[(!(0 | (1 | (2 | ((4 | (5 | (6 | (7 | ((9 | (11 | !10)) | !8))))) | !3))))) & (t)] 0
[(!(0 | (1 | (2 | ((4 | (5 | (6 | (7 | ((9 | (((12 | 13) | !11) | !10)) | !8))))) | !3))))) & (t)] 0
[(!(0 | (1 | (2 | ((4 | (5 | (6 | (7 | ((9 | (((12 | !13) | !11) | !10)) | !8))))) | !3))))) & (t)] 0
[(!(0 | (1 | (2 | ((4 | (5 | (6 | (7 | ((9 | (((13 | !12) | !11) | !10)) | !8))))) | !3))))) & (t)] 0
[(!(0 | (1 | (2 | ((4 | (5 | (6 | (7 | ((9 | !(10 & (11 & (12 & 13)))) | !8))))) | !3))))) & (t)] 0
[(!(0 | (1 | (2 | ((4 | (((7 | (8 | (9 | (10 | 11)))) | !6) | !5)) | !3))))) & (t)] 0
[(!(0 | (1 | (2 | ((4 | (((7 | (8 | (9 | (10 | ((12 | 13) | !11))))) | !6) | !5)) | !3))))) & (t)] 0
[(!(0 | (1 | (2 | ((4 | (((7 | (8 | (9 | (10 | ((12 | !13) | !11))))) | !6) | !5)) | !3))))) & (t)] 0
[(!(0 | (1 | (2 | ((4 | (((7 | (8 | (9 | (10 | ((13 | !12) | !11))))) | !6) | !5)) | !3))))) & (t)] 0
[(!(0 | (1 | (2 | ((4 | (((7 | (8 | (9 | (10 | !(11 & (12 & 13)))))) | !6) | !5)) | !3))))) & (t)] 0
[(!(0 | ((2 | (3 | (4 | ((6 | (7 | ((9 | !10) | !8))) | !5)))) | !1))) & (!((15 | 16) | !14))] 0
[(!(0 | (1 | (2 | ((4 | (5 | (6 | ((((11 | !10) | !9) | !8) | !7)))) | !3))))) & (t)] 0
[(!(0 | (1 | (2 | ((4 | (5 | (6 | ((((((12 | 13) | !11) | !10) | !9) | !8) | !7)))) | !3))))) & (t)] 0
[(!(0 | (1 | (2 | ((4 | (5 | ((((((12 | !13) | !11) | !10) | !9) | !8) | !7))) | !3))))) & (t)] 0
[(!(0 | (1 | (2 | ((4 | (5 | (6 | ((((((13 | !12) | !11) | !10) | !9) | !8) | !7)))) | !3))))) & (t)] 0
[(!(0 | (1 | (2 | ((4 | (5 | (6 | !(7 & (8 & (9 & (10 & (11 & (12 & 13))))))))) | !3))))) & (t)] 0
[(!(0 | (1 | (2 | ((4 | (5 | (((((11 | !10) | !9) | !8) | !7) | !6))) | !3))))) & (t)] 0
[(!(0 | (1 | (2 | ((4 | (5 | ((((((13 | !11) | !10) | !9) | !8) | !7) | !6))) | !3))))) & (t)] 0
[(!(0 | (1 | (2 | ((4 | (5 | !(6 & (7 & (8 & (9 & (10 & (11 & (12 & 13))))))))) | !3))))) & (t)] 0
[(!(0 | (1 | (2 | ((4 | ((6 | (7 | ((9 | (11 | !10)) | !8))) | !5)) | !3))))) & (t)] 0
[(!(0 | (1 | (2 | ((4 | ((6 | (7 | ((9 | (((12 | 13) | !11) | !10)) | !8))) | !5)) | !3))))) & (t)] 0
[(!(0 | (1 | (2 | ((4 | ((6 | (7 | ((9 | (((12 | !13) | !11) | !10)) | !8))) | !5)) | !3))))) & (t)] 0
[(!(0 | (1 | (2 | ((4 | ((6 | (7 | ((9 | (((13 | !12) | !11) | !10)) | !8))) | !5)) | !3))))) & (t)] 0
[(!(0 | (1 | (2 | ((4 | ((6 | (7 | ((9 | !(10 & (11 & (12 & 13)))) | !8))) | !5)) | !3))))) & (t)] 0
[(!(0 | (1 | (2 | ((4 | ((6 | (7 | (8 | (9 | (10 | 11))))) | !5)) | !3))))) & (t)] 0
[(!(0 | (1 | (2 | ((4 | ((6 | (7 | (8 | (9 | (10 | ((12 | 13) | !11)))))) | !5)) | !3))))) & (t)] 0
[(!(0 | (1 | (2 | ((4 | ((6 | (7 | (8 | (9 | (10 | ((12 | !13) | !11)))))) | !5)) | !3))))) & (t)] 0
[(!(0 | (1 | (2 | ((4 | ((6 | (7 | (8 | (9 | (10 | ((13 | !12) | !11)))))) | !5)) | !3))))) & (t)] 0
[(!(0 | (1 | (2 | ((4 | ((6 | (7 | (8 | (9 | (10 | !(11 & (12 & 13))))))) | !5)) | !3))))) & (t)] 0
[(!(0 | ((2 | (3 | (4 | (((7 | (8 | (9 | !10))) | !6) | !5)))) | !1))) & (!((16 | !15) | !14))] 0
[(!(0 | (1 | (2 | ((4 | (((7 | (8 | (9 | (11 | !10)))) | !6) | !5)) | !3))))) & (t)] 0
[(!(0 | (1 | (2 | ((4 | (((7 | (8 | (9 | (((12 | 13) | !11) | !10)))) | !6) | !5)) | !3))))) & (t)] 0
[(!(0 | (1 | (2 | ((4 | (((7 | (8 | (9 | (((12 | !13) | !11) | !10)))) | !6) | !5)) | !3))))) & (t)] 0
[(!(0 | (1 | (2 | ((4 | (((7 | (8 | (9 | (((13 | !12) | !11) | !10)))) | !6) | !5)) | !3))))) & (t)] 0
[(!(0 | (1 | (2 | ((4 | (((7 | (8 | (9 | !(10 & (11 & (12 & 13)))))) | !6) | !5)) | !3))))) & (t)] 0
[(!(0 | (1 | (2 | ((4 | (5 | (6 | (7 | (8 | (9 | (11 | !10))))))) | !3))))) & (t)] 0
[(!(0 | (1 | (2 | ((4 | (5 | (6 | (7 | (8 | (9 | (((12 | 13) | !11) | !10))))))) | !3))))) & (t)] 0
[(!(0 | (1 | (2 | ((4 | (5 | (6 | (7 | (8 | (9 | (((12 | !13) | !11) | !10))))))) | !3))))) & (t)] 0
[(!(0 | (1 | (2 | ((4 | (5 | (6 | (7 | (8 | (9 | (((13 | !12) | !11) | !10))))))) | !3))))) & (t)] 0
[(!(0 | (1 | (2 | ((4 | (5 | (6 | (7 | (8 | (9 | !(10 & (11 & (12 & 13))))))))) | !3))))) & (t)] 0
[(!(0 | (1 | ((((((7 | (8 | (9 | (10 | 11)))) | !6) | !5) | !4) | !3) | !2)))) & (t)] 0
[(!(0 | (1 | ((((((7 | (8 | (9 | (10 | ((12 | 13) | !11))))) | !6) | !5) | !4) | !3) | !2)))) & (t)] 0
[(!(0 | (1 | ((((((7 | (8 | (9 | (10 | ((12 | !13) | !11))))) | !6) | !5) | !4) | !3) | !2)))) & (t)] 0
[(!(0 | (1 | ((((((7 | (8 | (9 | (10 | ((13 | !12) | !11))))) | !6) | !5) | !4) | !3) | !2)))) & (t)] 0
[(!(0 | (1 | ((((((7 | (9 | (10 | !(11 & (12 & 13))))) | !6) | !5) | !4) | !3) | !2)))) & (t)] 0
[(!(0 | (1 | ((((((7 | ((9 | (10 | 11)) | !8)) | !6) | !5) | !4) | !3) | !2)))) & (t)] 0
[(!(0 | (1 | ((((((7 | ((9 | (10 | (13 | !11))) | !8)) | !6) | !5) | !4) | !3) | !2)))) & (t)] 0
[(!(0 | (1 | ((((((7 | ((9 | (10 | ((12 | !13) | !11))) | !8)) | !6) | !5) | !4) | !3) | !2)))) & (t)] 0
[(!(0 | ((2 | (3 | (4 | (5 | (6 | !(7 & (8 & (9 & 10)))))))) | !1))) & (!((16 | !15) | !14))] 0
[(!(0 | ((2 | (3 | (4 | ((6 | (7 | !(8 & (9 & 10)))) | !5)))) | !1))) & (!((15 | 16) | !14))] 0
[(!(0 | (1 | (2 | ((4 | ((6 | (7 | (((11 | !10) | !9) | !8))) | !5)) | !3))))) & (t)] 0
[(!(0 | (1 | (2 | ((4 | ((6 | (7 | (((((12 | 13) | !11) | !10) | !9) | !8))) | !5)) | !3))))) & (t)] 0
[(!(0 | (1 | (2 | ((4 | ((6 | (7 | (((((12 | !13) | !11) | !10) | !9) | !8))) | !5)) | !3))))) & (t)] 0
[(!(0 | (1 | (2 | ((4 | ((6 | (7 | (((((13 | !12) | !11) | !10) | !9) | !8))) | !5)) | !3))))) & (t)] 0
[(!(0 | (1 | (2 | ((4 | ((6 | (7 | !(8 & (9 & (10 & (11 & (12 & 13))))))) | !5)) | !3))))) & (t)] 0
[(!(0 | (1 | (2 | ((4 | ((6 | (7 | (8 | ((10 | 11) | !9)))) | !5)) | !3))))) & (t)] 0
[(!(0 | (1 | (2 | ((4 | ((6 | (7 | (8 | ((10 | ((12 | 13) | !11)) | !9)))) | !5)) | !3))))) & (t)] 0
[(!(0 | (1 | (2 | ((4 | ((6 | (7 | (8 | ((10 | ((12 | !13) | !11)) | !9)))) | !5)) | !3))))) & (t)] 0
[(!(0 | (1 | (2 | ((4 | ((6 | (7 | (8 | ((10 | ((13 | !12) | !11)) | !9)))) | !5)) | !3))))) & (t)] 0
[(!(0 | (1 | (2 | ((4 | ((6 | (7 | (8 | ((10 | !(11 & (12 & 13))) | !9)))) | !5)) | !3))))) & (t)] 0
[(!(0 | ((2 | (3 | (4 | ((6 | (7 | (8 | (9 | !10)))) | !5)))) | !1))) & (!((15 | 16) | !14))] 0
[(!(0 | (1 | (2 | ((4 | (5 | (6 | ((8 | ((11 | !10) | !9)) | !7)))) | !3))))) & (t)] 0
[(!(0 | (1 | (2 | ((4 | (5 | (6 | ((8 | ((((12 | 13) | !11) | !10) | !9)) | !7)))) | !3))))) & (t)] 0
[(!(0 | (1 | (2 | ((4 | (5 | ((8 | ((((12 | !13) | !11) | !10) | !9)) | !7))) | !3))))) & (t)] 0
[(!(0 | (1 | (2 | ((4 | (5 | (6 | ((8 | ((((13 | !12) | !11) | !10) | !9)) | !7)))) | !3))))) & (t)] 0
[(!(0 | (1 | (2 | ((4 | (5 | (6 | ((8 | !(9 & (10 & (11 & (12 & 13))))) | !7)))) | !3))))) & (t)] 0
[(!(0 | (1 | (2 | ((4 | (5 | (((8 | ((11 | !10) | !9)) | !7) | !6))) | !3))))) & (t)] 0
[(!(0 | (1 | (2 | ((4 | (5 | (((8 | ((((12 | 13) | !11) | !10) | !9)) | !7) | !6))) | !3))))) & (t)] 0
[(!(0 | (1 | (2 | ((4 | (5 | (((8 | ((((13 | !12) | !11) | !10) | !9)) | !7) | !6))) | !3))))) & (t)] 0
[(!(0 | (1 | (2 | ((4 | (5 | (((8 | !(9 & (10 & (11 & (12 & 13))))) | !7) | !6))) | !3))))) & (t)] 0
[(!(0 | (1 | (((((6 | (7 | (8 | (9 | (10 | 11))))) | !5) | !4) | !3) | !2)))) & (t)] 0
[(!(0 | (1 | (((((6 | (7 | (8 | (9 | (10 | ((12 | 13) | !11)))))) | !5) | !4) | !3) | !2)))) & (t)] 0
[(!(0 | (1 | (((((6 | (7 | (8 | (9 | (10 | ((12 | !13) | !11)))))) | !5) | !4) | !3) | !2)))) & (t)] 0
[(!(0 | (1 | (((((6 | (7 | (8 | (9 | (10 | ((13 | !12) | !11)))))) | !5) | !4) | !3) | !2)))) & (t)] 0
[(!(0 | (1 | (((((6 | (7 | (9 | (10 | !(11 & (12 & 13)))))) | !5) | !4) | !3) | !2)))) & (t)] 0
[(!(0 | (1 | (((((6 | (7 | ((9 | (10 | 11)) | !8))) | !5) | !4) | !3) | !2)))) & (t)] 0
[(!(0 | (1 | (((((6 | (7 | ((9 | (10 | ((12 | 13) | !11))) | !8))) | !5) | !4) | !3) | !2)))) & (t)] 0
[(!(0 | (1 | (((((6 | (7 | ((9 | (10 | ((12 | !13) | !11))) | !8))) | !5) | !4) | !3) | !2)))) & (t)] 0
[(!(0 | (1 | (((((6 | (7 | ((9 | (10 | ((13 | !12) | !11))) | !8))) | !5) | !4) | !3) | !2)))) & (t)] 0
[(!(0 | (((3 | ((((7 | (8 | (9 | 10))) | !6) | !5) | !4)) | !2) | !1))) & (!((16 | !15) | !14))] 0
[(!(0 | ((2 | (3 | ((((7 | (8 | (9 | !10))) | !6) | !5) | !4))) | !1))) & (!((16 | !15) | !14))] 0
[(!(0 | (1 | (2 | (((((7 | (8 | (9 | (11 | !10)))) | !6) | !5) | !4) | !3))))) & (t)] 0
[(!(0 | (1 | (2 | (((((7 | (8 | (9 | (((12 | 13) | !11) | !10)))) | !6) | !5) | !4) | !3))))) & (t)] 0
[(!(0 | (1 | (2 | (((((7 | (8 | (9 | (((12 | !13) | !11) | !10)))) | !6) | !5) | !4) | !3))))) & (t)] 0
[(!(0 | (1 | (2 | (((((7 | (8 | (9 | (((13 | !12) | !11) | !10)))) | !6) | !5) | !4) | !3))))) & (t)] 0
[(!(0 | (1 | (2 | (((((7 | (8 | (9 | !(10 & (11 & (12 & 13)))))) | !6) | !5) | !4) | !3))))) & (t)] 0
[(!(0 | (1 | (2 | (((5 | (6 | (7 | (8 | (9 | (11 | !10)))))) | !4) | !3))))) & (t)] 0
[(!(0 | (1 | (2 | (((5 | (6 | (7 | (8 | (9 | (((12 | 13) | !11) | !10)))))) | !4) | !3))))) & (t)] 0
[(!(0 | (1 | (2 | (((5 | (6 | (7 | (8 | (9 | (((12 | !13) | !11) | !10)))))) | !4) | !3))))) & (t)] 0
[(!(0 | (1 | (2 | (((5 | (6 | (7 | (8 | (9 | (((13 | !12) | !11) | !10)))))) | !4) | !3))))) & (t)] 0
[(!(0 | (1 | (2 | (((5 | (6 | (7 | (8 | (9 | !(10 & (11 & (12 & 13)))))))) | !4) | !3))))) & (t)] 0
[(!(0 | ((2 | (3 | (4 | ((6 | (7 | (8 | !(9 & 10)))) | !5)))) | !1))) & (!((16 | !15) | !14))] 0
[(!(0 | (1 | (2 | ((4 | ((6 | (7 | (8 | ((11 | !10) | !9)))) | !5)) | !3))))) & (t)] 0
[(!(0 | (1 | (2 | ((4 | ((6 | (7 | (8 | ((((12 | !13) | !11) | !10) | !9)))) | !5)) | !3))))) & (t)] 0
[(!(0 | (1 | (2 | ((4 | ((6 | (7 | (8 | ((((13 | !12) | !11) | !10) | !9)))) | !5)) | !3))))) & (t)] 0
[(!(0 | (1 | (2 | ((4 | ((6 | (7 | (8 | !(9 & (10 & (11 & (12 & 13))))))) | !5)) | !3))))) & (t)] 0
[(!(0 | (1 | (((((6 | (7 | (8 | ((10 | 11) | !9)))) | !5) | !4) | !3) | !2)))) & (t)] 0
[(!(0 | (1 | (((((6 | (7 | (8 | ((10 | ((12 | 13) | !11)) | !9)))) | !5) | !4) | !3) | !2)))) & (t)] 0
[(!(0 | (1 | (((((6 | (7 | (8 | ((10 | ((12 | !13) | !11)) | !9)))) | !5) | !4) | !3) | !2)))) & (t)] 0
[(!(0 | (1 | (((((6 | (7 | (8 | ((10 | ((13 | !12) | !11)) | !9)))) | !5) | !4) | !3) | !2)))) & (t)] 0
[(!(0 | (1 | (((((6 | (7 | ((10 | !(11 & (12 & 13))) | !9))) | !5) | !4) | !3) | !2)))) & (t)] 0
[(!(0 | (1 | (((((6 | (7 | (((10 | 11) | !9) | !8))) | !5) | !4) | !3) | !2)))) & (t)] 0
[(!(0 | (1 | (((((6 | (7 | (((10 | ((12 | 13) | !11)) | !9) | !8))) | !5) | !4) | !3) | !2)))) & (t)] 0
[(!(0 | (1 | (((((6 | (7 | (((10 | ((12 | !13) | !11)) | !9) | !8))) | !5) | !4) | !3) | !2)))) & (t)] 0
[(!(0 | (1 | (((((6 | (7 | (((10 | ((13 | !12) | !11)) | !9) | !8))) | !5) | !4) | !3) | !2)))) & (t)] 0
[(!(0 | ((2 | (3 | (4 | (5 | (6 | ((8 | !(9 & 10)) | !7)))))) | !1))) & (!14)] 0
[(!(0 | ((2 | (3 | (4 | (5 | (((8 | !(9 & 10)) | !7) | !6))))) | !1))) & (!((16 | !15) | !14))] 0
[(!(0 | ((2 | (3 | (((6 | (7 | (8 | (9 | !10)))) | !5) | !4))) | !1))) & (!((15 | 16) | !14))] 0
[(!(0 | (1 | (2 | (((5 | (6 | ((8 | ((11 | !10) | !9)) | !7))) | !4) | !3))))) & (t)] 0
[(!(0 | (1 | (2 | (((5 | (6 | ((8 | ((((12 | 13) | !11) | !10) | !9)) | !7))) | !4) | !3))))) & (t)] 0
[(!(0 | (1 | (2 | (((5 | ((8 | ((((12 | !13) | !11) | !10) | !9)) | !7)) | !4) | !3))))) & (t)] 0
[(!(0 | (1 | (2 | (((5 | (6 | ((8 | ((((13 | !12) | !11) | !10) | !9)) | !7))) | !4) | !3))))) & (t)] 0
[(!(0 | (1 | (2 | (((5 | (6 | ((8 | !(9 & (10 & (11 & (12 & 13))))) | !7))) | !4) | !3))))) & (t)] 0
[(!(0 | (1 | (2 | (((5 | (((8 | ((11 | !10) | !9)) | !7) | !6)) | !4) | !3))))) & (t)] 0
[(!(0 | (1 | (2 | (((5 | (((8 | ((((12 | 13) | !11) | !10) | !9)) | !7) | !6)) | !4) | !3))))) & (t)] 0
[(!(0 | (1 | (2 | (((5 | (((8 | ((((13 | !12) | !11) | !10) | !9)) | !7) | !6)) | !4) | !3))))) & (t)] 0
[(!(0 | (1 | (2 | (((5 | (((8 | !(9 & (10 & (11 & (12 & 13))))) | !7) | !6)) | !4) | !3))))) & (t)] 0
[(!(0 | (1 | (2 | ((((6 | (7 | (8 | (9 | (11 | !10))))) | !5) | !4) | !3))))) & (t)] 0
[(!(0 | (1 | (2 | ((((6 | (7 | (8 | (9 | (((12 | 13) | !11) | !10))))) | !5) | !4) | !3))))) & (t)] 0
[(!(0 | (1 | (2 | ((((6 | (7 | (8 | (9 | (((12 | !13) | !11) | !10))))) | !5) | !4) | !3))))) & (t)] 0
[(!(0 | (1 | (2 | ((((6 | (7 | (8 | (9 | !(10 & (11 & (12 & 13))))))) | !5) | !4) | !3))))) & (t)] 0
[(!(0 | (((3 | (((6 | (7 | (8 | (10 | !9)))) | !5) | !4)) | !2) | !1))) & (!14)] 0
[(!(0 | (((3 | (((6 | (7 | ((10 | !9) | !8))) | !5) | !4)) | !2) | !1))) & (!((15 | 16) | !14))] 0
[(!(0 | ((2 | (3 | (((6 | (7 | (8 | !(9 & 10)))) | !5) | !4))) | !1))) & (!((16 | !15) | !14))] 0
[(!(0 | (1 | (2 | ((((6 | (7 | (8 | ((11 | !10) | !9)))) | !5) | !4) | !3))))) & (t)] 0
[(!(0 | (1 | (2 | ((((6 | (7 | (8 | ((((12 | !13) | !11) | !10) | !9)))) | !5) | !4) | !3))))) & (t)] 0
[(!(0 | (1 | (2 | ((((6 | (7 | (8 | ((((13 | !12) | !11) | !10) | !9)))) | !5) | !4) | !3))))) & (t)] 0
[(!(0 | (1 | (2 | ((((6 | (7 | (8 | !(9 & (10 & (11 & (12 & 13))))))) | !5) | !4) | !3))))) & (t)] 0
[(!(0 | ((2 | (3 | ((5 | (6 | ((8 | !(9 & 10)) | !7))) | !4))) | !1))) & (!((15 | 16) | !14))] 0
[(!(0 | ((2 | (3 | ((5 | (((8 | !(9 & 10)) | !7) | !6)) | !4))) | !1))) & (!((16 | !15) | !14))] 0
[(!(0 | (1 | (2 | ((((6 | (7 | (8 | ((((12 | 13) | !11) | !10) | !9)))) | !5) | !4) | !3))))) & (t)] 0
--END--
Synthesis took:  12353.14965248108 ms
