Processing program.
spec contains 2 APs (['goal', 'move'])
simplified !FALSE (len 6) to True (len 4)
True
Starting abstract synthesis loop.
adding (x_prev < x), (x_prev > x), (y <= 0), (y_prev < y), ((y + 1) <= 5), (5 <= x), (0 <= (x - 1)), (y_prev > y) to predicate abstraction
constructing LTL abstraction
ltl abstraction took: 0.0024492740631103516
running LTL synthesis
Realizable.
REALIZABLE
HOA: v1
tool: "strix" "21.0.0"
States: 1
Start: 0
AP: 17 "pred__xprev_LT_x_" "pred__5_LTEQ_x_" "pred__xprev_GT_x_" "pred__yprev_LT_y_" "pred__0_LTEQ__x_MINUS_1__" "pred__y_LTEQ_0_" "pred__yprev_GT_y_" "goal" "pred___y_PLUS_1__LTEQ_5_" "setvars" "move" "estay" "exory" "einc" "cstay" "xory" "cinc"
controllable-AP: 14 15 16
acc-name: all
Acceptance: 0 t
--BODY--
State: 0 "[0]"
[(0 & (1 & (2 | (3 | ((5 & (6 | (7 | ((9 & 10 | !9 & !10) | !8))) | !5 & (6 | (7 | (8 & (10 | !9) | !8 & (9 & 10 | !9 & !10))))) | !4))) | !1 & (2 | (3 | ((5 & (6 | (7 | ((9 & 10 | !9 & !10) | !8))) | !5 & (6 | (7 | (9 & 10 | !9 & !10)))) | !4)))) | !0 & (1 & (2 | (3 & ((5 | (6 | (7 | (9 & 10 | !9 & !10)))) | !4) | !3 & ((5 & (7 | ((9 & 10 | !9 & !10) | !8)) | !5 & (6 & (7 | ((9 & 10 | !9 & !10) | !8)) | !6 & (7 | (9 & 10 | !9 & !10)))) | !4))) | !1 & (2 & (3 | (4 & (5 & (6 | (7 | ((9 & 10 | !9 & !10) | !8))) | !5 & (6 | (7 | (10 | !9)))) | !4 & (5 & (6 | (7 | ((10 | !9) | !8))) | !5 & (6 | (7 | (10 | !9)))))) | !2 & (3 & (4 & (5 | (6 | (7 | (9 & 10 | !9 & !10)))) | !4 & (5 | (6 | (7 | (10 | !9))))) | !3 & (4 & (5 & (6 & (7 | ((10 | !9) | !8)) | !6 & (7 | ((9 & 10 | !9 & !10) | !8))) | !5 & (6 & (7 | ((10 | !9) | !8)) | !6 & (7 | (8 & (9 | !10) | !8 & (9 & 10 | !9 & !10))))) | !4 & (5 & (7 | ((10 | !9) | !8)) | !5 & (6 & (7 | ((10 | !9) | !8)) | !6 & (7 | (9 & 10 | !9 & !10))))))))) & (t)] 0
[(!(0 | (1 | (2 | (3 | (4 | ((6 | (7 | (((10 | 11) | !9) | !8))) | !5))))))) & (t)] 0
[(!(0 | (1 | (2 | (3 | (4 | ((6 | (7 | (((10 | (13 | !11)) | !9) | !8))) | !5))))))) & (t)] 0
[(!(0 | (1 | (2 | (3 | (4 | ((6 | (7 | (((10 | ((12 | !13) | !11)) | !9) | !8))) | !5))))))) & (t)] 0
[(!(0 | (1 | (2 | (3 | (4 | ((6 | (7 | (((10 | !(11 & (12 & 13))) | !9) | !8))) | !5))))))) & (t)] 0
[(!(0 | (1 | (2 | ((4 | (5 | (6 | (7 | (((10 | 11) | !9) | !8))))) | !3))))) & (t)] 0
[(!(0 | (1 | (2 | ((4 | (5 | (6 | (7 | (((10 | ((12 | 13) | !11)) | !9) | !8))))) | !3))))) & (t)] 0
[(!(0 | (1 | (2 | ((4 | (5 | (6 | (7 | (((10 | ((12 | !13) | !11)) | !9) | !8))))) | !3))))) & (t)] 0
[(!(0 | (1 | (2 | ((4 | (5 | (6 | (7 | (((10 | ((13 | !12) | !11)) | !9) | !8))))) | !3))))) & (t)] 0
[(!(0 | (1 | (2 | ((4 | (5 | (6 | (7 | (((10 | !(11 & (12 & 13))) | !9) | !8))))) | !3))))) & (t)] 0
[(!((1 | (2 | (3 | (((6 | (7 | (((10 | 11) | !9) | !8))) | !5) | !4)))) | !0)) & (t)] 0
[(!((1 | (2 | (3 | (((6 | (7 | (((10 | ((12 | 13) | !11)) | !9) | !8))) | !5) | !4)))) | !0)) & (t)] 0
[(!((1 | (2 | (3 | (((6 | (7 | (((10 | ((12 | !13) | !11)) | !9) | !8))) | !5) | !4)))) | !0)) & (t)] 0
[(!((1 | (2 | (3 | (((6 | (7 | (((10 | ((13 | !12) | !11)) | !9) | !8))) | !5) | !4)))) | !0)) & (t)] 0
[(!((1 | (2 | (3 | (((6 | (7 | (((10 | !(11 & (12 & 13))) | !9) | !8))) | !5) | !4)))) | !0)) & (t)] 0
[(!(0 | (1 | (2 | (3 | (4 | (5 | (6 | (7 | ((9 | !10) | !8)))))))))) & (14 & (15 & 16))] 0
[(!(0 | (1 | (2 | (3 | (4 | (5 | ((7 | (((10 | 11) | !9) | !8)) | !6)))))))) & (t)] 0
[(!(0 | (1 | (2 | (3 | (4 | (5 | ((7 | (((10 | ((12 | 13) | !11)) | !9) | !8)) | !6)))))))) & (t)] 0
[(!(0 | (1 | (2 | (3 | (4 | (5 | ((7 | (((10 | ((12 | !13) | !11)) | !9) | !8)) | !6)))))))) & (t)] 0
[(!(0 | (1 | (2 | (3 | (4 | (5 | ((7 | (((10 | ((13 | !12) | !11)) | !9) | !8)) | !6)))))))) & (t)] 0
[(!(0 | (1 | (2 | (3 | (4 | (5 | ((7 | (((10 | !(11 & (12 & 13))) | !9) | !8)) | !6)))))))) & (t)] 0
[(!(0 | (1 | (2 | (3 | (4 | (((7 | (((10 | 11) | !9) | !8)) | !6) | !5))))))) & (t)] 0
[(!(0 | (1 | (2 | (3 | (4 | (((7 | (((10 | (13 | !11)) | !9) | !8)) | !6) | !5))))))) & (t)] 0
[(!(0 | (1 | (2 | (3 | (4 | (((7 | (((10 | ((12 | !13) | !11)) | !9) | !8)) | !6) | !5))))))) & (t)] 0
[(!(0 | (1 | (2 | (3 | (4 | (((7 | (((10 | !(11 & (12 & 13))) | !9) | !8)) | !6) | !5))))))) & (t)] 0
[(!(0 | (1 | (2 | ((4 | (5 | (6 | (7 | (8 | ((10 | 11) | !9)))))) | !3))))) & (t)] 0
[(!(0 | (1 | (2 | ((4 | (5 | (6 | (7 | (8 | ((10 | ((12 | 13) | !11)) | !9)))))) | !3))))) & (t)] 0
[(!(0 | (1 | (2 | ((4 | (5 | (6 | (7 | (8 | ((10 | ((12 & 13 | !12 & !13) | !11)) | !9)))))) | !3))))) & (t)] 0
[(!(0 | (1 | (2 | ((4 | (5 | (6 | (7 | (8 | ((10 | !(11 & (12 & 13))) | !9)))))) | !3))))) & (t)] 0
[(!(0 | (1 | (2 | (3 | (4 | (5 | (6 | (7 | (((10 | 11) | !9) | !8)))))))))) & (t)] 0
[(!(0 | (1 | (2 | (3 | (4 | (5 | (6 | (7 | (((10 | ((12 | 13) | !11)) | !9) | !8)))))))))) & (t)] 0
[(!(0 | (1 | (2 | (3 | (4 | (5 | (6 | (7 | (((10 | ((12 | !13) | !11)) | !9) | !8)))))))))) & (t)] 0
[(!(0 | (1 | (2 | (3 | (4 | (5 | (6 | (7 | (((10 | ((13 | !12) | !11)) | !9) | !8)))))))))) & (t)] 0
[(!(0 | (1 | (2 | (3 | (4 | (5 | (6 | (7 | (((10 | !(11 & (12 & 13))) | !9) | !8)))))))))) & (t)] 0
[(!((1 | (2 | (3 | ((5 | (6 | (7 | (((10 | 11) | !9) | !8)))) | !4)))) | !0)) & (t)] 0
[(!((1 | (2 | (3 | ((5 | (6 | (7 | (((10 | ((12 | 13) | !11)) | !9) | !8)))) | !4)))) | !0)) & (t)] 0
[(!((1 | (2 | (3 | ((5 | (6 | (7 | (((10 | ((12 | !13) | !11)) | !9) | !8)))) | !4)))) | !0)) & (t)] 0
[(!((1 | (2 | (3 | ((5 | (6 | (7 | (((10 | ((13 | !12) | !11)) | !9) | !8)))) | !4)))) | !0)) & (t)] 0
[(!((1 | (2 | (3 | ((5 | (6 | (7 | (((10 | !(11 & (12 & 13))) | !9) | !8)))) | !4)))) | !0)) & (t)] 0
[(!(0 | (1 | (2 | (3 | (((6 | (7 | ((9 | !10) | !8))) | !5) | !4)))))) & (14 & (15 & 16))] 0
[(!(0 | (1 | (2 | (3 | (((6 | (7 | (((10 | 11) | !9) | !8))) | !5) | !4)))))) & (t)] 0
[(!(0 | (1 | (2 | (3 | (((6 | (7 | (((10 | ((12 | 13) | !11)) | !9) | !8))) | !5) | !4)))))) & (t)] 0
[(!(0 | (1 | (2 | (3 | (((6 | (7 | (((10 | ((12 | !13) | !11)) | !9) | !8))) | !5) | !4)))))) & (t)] 0
[(!(0 | (1 | (2 | (3 | (((6 | (7 | (((10 | ((13 | !12) | !11)) | !9) | !8))) | !5) | !4)))))) & (t)] 0
[(!(0 | (1 | (2 | (3 | (((6 | (7 | (((10 | !(11 & (12 & 13))) | !9) | !8))) | !5) | !4)))))) & (t)] 0
[(!(0 | (1 | (2 | (((5 | (6 | (7 | (((10 | 11) | !9) | !8)))) | !4) | !3))))) & (t)] 0
[(!(0 | (1 | (2 | (((5 | (6 | (7 | (((10 | ((12 | 13) | !11)) | !9) | !8)))) | !4) | !3))))) & (t)] 0
[(!(0 | (1 | (2 | (((5 | (6 | (7 | (((10 | ((12 | !13) | !11)) | !9) | !8)))) | !4) | !3))))) & (t)] 0
[(!(0 | (1 | (2 | (((5 | (6 | (7 | (((10 | ((13 | !12) | !11)) | !9) | !8)))) | !4) | !3))))) & (t)] 0
[(!(0 | (1 | (2 | (((5 | (6 | (7 | (((10 | !(11 & (12 & 13))) | !9) | !8)))) | !4) | !3))))) & (t)] 0
[(!(0 | (1 | ((3 | (4 | ((6 | (7 | (((10 | 11) | !9) | !8))) | !5))) | !2)))) & (t)] 0
[(!(0 | (1 | ((3 | (4 | ((6 | (7 | (((10 | (13 | !11)) | !9) | !8))) | !5))) | !2)))) & (t)] 0
[(!(0 | (1 | ((3 | (4 | ((6 | (7 | (((10 | ((12 | !13) | !11)) | !9) | !8))) | !5))) | !2)))) & (t)] 0
[(!(0 | (1 | ((3 | (4 | ((6 | (7 | (((10 | !(11 & (12 & 13))) | !9) | !8))) | !5))) | !2)))) & (t)] 0
[(!(0 | (1 | ((3 | (((6 | (7 | (((10 | 11) | !9) | !8))) | !5) | !4)) | !2)))) & (t)] 0
[(!(0 | (1 | ((3 | (((6 | (7 | (((10 | ((12 | 13) | !11)) | !9) | !8))) | !5) | !4)) | !2)))) & (t)] 0
[(!(0 | (1 | ((3 | (((6 | (7 | (((10 | ((12 | !13) | !11)) | !9) | !8))) | !5) | !4)) | !2)))) & (t)] 0
[(!(0 | (1 | ((3 | (((6 | (7 | (((10 | ((13 | !12) | !11)) | !9) | !8))) | !5) | !4)) | !2)))) & (t)] 0
[(!(0 | (1 | ((3 | (((6 | (7 | (((10 | !(11 & (12 & 13))) | !9) | !8))) | !5) | !4)) | !2)))) & (t)] 0
[(!(((2 | (3 | (((6 | (7 | (((10 | 11) | !9) | !8))) | !5) | !4))) | !1) | !0)) & (t)] 0
[(!(((2 | (3 | (((6 | (7 | (((10 | !(11 & (12 & 13 | !12 & !13))) | !9) | !8))) | !5) | !4))) | !1) | !0)) & (t)] 0
[(!(((2 | (3 | (((6 | (7 | (((10 | ((12 | !13) | !11)) | !9) | !8))) | !5) | !4))) | !1) | !0)) & (t)] 0
[(!(((2 | (3 | (((6 | (7 | (((10 | ((13 | !12) | !11)) | !9) | !8))) | !5) | !4))) | !1) | !0)) & (t)] 0
[(!((1 | (2 | (3 | ((5 | (6 | (7 | ((9 | !10) | !8)))) | !4)))) | !0)) & (!14)] 0
[(!(0 | (1 | (2 | (3 | (4 | (5 | (6 | (7 | (8 | (9 | !10))))))))))) & (14 & (15 & 16))] 0
[(!(0 | (1 | (2 | (3 | (4 | (5 | (6 | (7 | (8 | ((10 | 11) | !9))))))))))) & (t)] 0
[(!(0 | (1 | (2 | (3 | (4 | (5 | (6 | (7 | (8 | ((10 | ((12 | 13) | !11)) | !9))))))))))) & (t)] 0
[(!(0 | (1 | (2 | (3 | (4 | (5 | (6 | (7 | (8 | ((10 | ((12 & 13 | !12 & !13) | !11)) | !9))))))))))) & (t)] 0
[(!(0 | (1 | (2 | (3 | (4 | (5 | (6 | (7 | (8 | ((10 | !(11 & (12 & 13))) | !9))))))))))) & (t)] 0
[(!((1 | (2 | (3 | ((5 | (6 | (7 | (8 | ((10 | 11) | !9))))) | !4)))) | !0)) & (t)] 0
[(!((1 | (2 | (3 | ((5 | (6 | (7 | (8 | ((10 | ((12 | 13) | !11)) | !9))))) | !4)))) | !0)) & (t)] 0
[(!((1 | (2 | (3 | ((5 | (6 | (7 | (8 | ((10 | ((12 | !13) | !11)) | !9))))) | !4)))) | !0)) & (t)] 0
[(!((1 | (2 | (3 | ((5 | (6 | (7 | (8 | ((10 | ((13 | !12) | !11)) | !9))))) | !4)))) | !0)) & (t)] 0
[(!((1 | (2 | (3 | ((5 | (6 | (7 | (8 | ((10 | !(11 & (12 & 13))) | !9))))) | !4)))) | !0)) & (t)] 0
[(!(0 | (1 | (2 | (3 | ((5 | (6 | (7 | ((9 | !10) | !8)))) | !4)))))) & (!((15 | !16) | !14))] 0
[(!(0 | (1 | (2 | (3 | ((5 | ((7 | (((10 | 11) | !9) | !8)) | !6)) | !4)))))) & (t)] 0
[(!(0 | (1 | (2 | (3 | ((5 | ((7 | (((10 | ((12 | 13) | !11)) | !9) | !8)) | !6)) | !4)))))) & (t)] 0
[(!(0 | (1 | (2 | (3 | ((5 | ((7 | (((10 | ((12 | !13) | !11)) | !9) | !8)) | !6)) | !4)))))) & (t)] 0
[(!(0 | (1 | (2 | (3 | ((5 | ((7 | (((10 | ((13 | !12) | !11)) | !9) | !8)) | !6)) | !4)))))) & (t)] 0
[(!(0 | (1 | (2 | (3 | ((5 | ((7 | (((10 | !(11 & (12 & 13))) | !9) | !8)) | !6)) | !4)))))) & (t)] 0
[(!(0 | (1 | (2 | (3 | ((((7 | (((10 | 11) | !9) | !8)) | !6) | !5) | !4)))))) & (t)] 0
[(!(0 | (1 | (2 | (3 | ((((7 | (((10 | ((12 | 13) | !11)) | !9) | !8)) | !6) | !5) | !4)))))) & (t)] 0
[(!(0 | (1 | (2 | (3 | ((((7 | (((10 | ((12 | !13) | !11)) | !9) | !8)) | !6) | !5) | !4)))))) & (t)] 0
[(!(0 | (1 | (2 | (3 | ((((7 | (((10 | ((13 | !12) | !11)) | !9) | !8)) | !6) | !5) | !4)))))) & (t)] 0
[(!(0 | (1 | (2 | (3 | ((((7 | (((10 | !(11 & (12 & 13))) | !9) | !8)) | !6) | !5) | !4)))))) & (t)] 0
[(!(0 | (1 | (2 | (((5 | (6 | (7 | (8 | ((10 | 11) | !9))))) | !4) | !3))))) & (t)] 0
[(!(0 | (1 | (2 | (((5 | (6 | (7 | (8 | ((10 | ((12 | 13) | !11)) | !9))))) | !4) | !3))))) & (t)] 0
[(!(0 | (1 | (2 | (((5 | (6 | (7 | (8 | ((10 | ((12 | !13) | !11)) | !9))))) | !4) | !3))))) & (t)] 0
[(!(0 | (1 | (2 | (((5 | (6 | (7 | (8 | ((10 | ((13 | !12) | !11)) | !9))))) | !4) | !3))))) & (t)] 0
[(!(0 | (1 | (2 | (((5 | (6 | (7 | (8 | ((10 | !(11 & (12 & 13))) | !9))))) | !4) | !3))))) & (t)] 0
[(!(0 | (1 | ((3 | (4 | (5 | (6 | (7 | (((10 | 11) | !9) | !8)))))) | !2)))) & (t)] 0
[(!(0 | (1 | ((3 | (4 | (5 | (6 | (7 | (((10 | ((12 | 13) | !11)) | !9) | !8)))))) | !2)))) & (t)] 0
[(!(0 | (1 | ((3 | (4 | (5 | (6 | (7 | (((10 | ((12 | !13) | !11)) | !9) | !8)))))) | !2)))) & (t)] 0
[(!(0 | (1 | ((3 | (4 | (5 | (6 | (7 | (((10 | ((13 | !12) | !11)) | !9) | !8)))))) | !2)))) & (t)] 0
[(!(0 | (1 | ((3 | (4 | (5 | (6 | (7 | (((10 | !(11 & (12 & 13))) | !9) | !8)))))) | !2)))) & (t)] 0
[(!(0 | (1 | ((3 | ((5 | (6 | (7 | (((10 | 11) | !9) | !8)))) | !4)) | !2)))) & (t)] 0
[(!(0 | (1 | ((3 | ((5 | (6 | (7 | (((10 | ((12 | 13) | !11)) | !9) | !8)))) | !4)) | !2)))) & (t)] 0
[(!(0 | (1 | ((3 | ((5 | (6 | (7 | (((10 | ((12 | !13) | !11)) | !9) | !8)))) | !4)) | !2)))) & (t)] 0
[(!(0 | (1 | ((3 | ((5 | (6 | (7 | (((10 | ((13 | !12) | !11)) | !9) | !8)))) | !4)) | !2)))) & (t)] 0
[(!(0 | (1 | ((3 | ((5 | (6 | (7 | (((10 | !(11 & (12 & 13))) | !9) | !8)))) | !4)) | !2)))) & (t)] 0
[(!(((2 | (3 | ((5 | (6 | (7 | (((10 | 11) | !9) | !8)))) | !4))) | !1) | !0)) & (t)] 0
[(!(((2 | (3 | ((5 | (6 | (7 | (((10 | ((12 | 13) | !11)) | !9) | !8)))) | !4))) | !1) | !0)) & (t)] 0
[(!(((2 | (3 | ((5 | (6 | (7 | (((10 | ((12 | !13) | !11)) | !9) | !8)))) | !4))) | !1) | !0)) & (t)] 0
[(!(((2 | (3 | ((5 | (6 | (7 | (((10 | ((13 | !12) | !11)) | !9) | !8)))) | !4))) | !1) | !0)) & (t)] 0
[(!(((2 | (3 | ((5 | (6 | (7 | (((10 | !(11 & (12 & 13))) | !9) | !8)))) | !4))) | !1) | !0)) & (t)] 0
[(!(0 | (1 | ((3 | (((6 | (7 | ((9 | !10) | !8))) | !5) | !4)) | !2)))) & (!((16 | !15) | !14))] 0
[(!((1 | (2 | (3 | (((6 | (7 | ((9 | !10) | !8))) | !5) | !4)))) | !0)) & (!14)] 0
[(!(((2 | (3 | (((6 | (7 | ((9 | !10) | !8))) | !5) | !4))) | !1) | !0)) & (14 & (15 & 16))] 0
[(!(0 | ((2 | (3 | (((6 | (7 | ((9 | !10) | !8))) | !5) | !4))) | !1))) & (!((16 | !15) | !14))] 0
[(!(0 | ((2 | (3 | (((6 | (7 | (((10 | 11) | !9) | !8))) | !5) | !4))) | !1))) & (t)] 0
[(!(0 | ((2 | (3 | (((6 | (7 | (((10 | !(11 & (12 & 13 | !12 & !13))) | !9) | !8))) | !5) | !4))) | !1))) & (t)] 0
[(!(0 | ((2 | (3 | (((6 | (7 | (((10 | ((12 | !13) | !11)) | !9) | !8))) | !5) | !4))) | !1))) & (t)] 0
[(!(0 | ((2 | (3 | (((6 | (7 | (((10 | ((13 | !12) | !11)) | !9) | !8))) | !5) | !4))) | !1))) & (t)] 0
[(!(0 | ((2 | (((5 | (6 | (7 | (((10 | 11) | !9) | !8)))) | !4) | !3)) | !1))) & (t)] 0
[(!(0 | ((2 | (((5 | (6 | (7 | (((10 | ((12 | 13) | !11)) | !9) | !8)))) | !4) | !3)) | !1))) & (t)] 0
[(!(0 | ((2 | (((5 | (6 | (7 | (((10 | ((12 | !13) | !11)) | !9) | !8)))) | !4) | !3)) | !1))) & (t)] 0
[(!(0 | ((2 | (((5 | (6 | (7 | (((10 | ((13 | !12) | !11)) | !9) | !8)))) | !4) | !3)) | !1))) & (t)] 0
[(!(0 | ((2 | (((5 | (6 | (7 | (((10 | !(11 & (12 & 13))) | !9) | !8)))) | !4) | !3)) | !1))) & (t)] 0
[(!((1 | (2 | (3 | ((5 | (6 | (7 | (8 | (9 | !10))))) | !4)))) | !0)) & (!14)] 0
[(!(0 | (1 | (2 | (((5 | (6 | (7 | (8 | (9 | !10))))) | !4) | !3))))) & (!14)] 0
[(!(0 | (1 | (2 | (((5 | (6 | (7 | ((9 | !10) | !8)))) | !4) | !3))))) & (!14)] 0
[(!(0 | (1 | (2 | (3 | ((5 | (6 | (7 | (8 | (9 | !10))))) | !4)))))) & (14 & (15 & 16))] 0
[(!(0 | (1 | (2 | (3 | ((5 | (6 | (7 | (8 | ((10 | 11) | !9))))) | !4)))))) & (t)] 0
[(!(0 | (1 | (2 | (3 | ((5 | (6 | (7 | (8 | ((10 | ((12 | 13) | !11)) | !9))))) | !4)))))) & (t)] 0
[(!(0 | (1 | (2 | (3 | ((5 | (6 | (7 | (8 | ((10 | ((12 | !13) | !11)) | !9))))) | !4)))))) & (t)] 0
[(!(0 | (1 | (2 | (3 | ((5 | (6 | (7 | (8 | ((10 | ((13 | !12) | !11)) | !9))))) | !4)))))) & (t)] 0
[(!(0 | (1 | (2 | (3 | ((5 | (6 | (7 | (8 | ((10 | !(11 & (12 & 13))) | !9))))) | !4)))))) & (t)] 0
[(!(0 | (1 | ((3 | (4 | (5 | (6 | (7 | (8 | ((10 | 11) | !9))))))) | !2)))) & (t)] 0
[(!(0 | (1 | ((3 | (4 | (5 | (6 | (7 | (8 | ((10 | ((12 | 13) | !11)) | !9))))))) | !2)))) & (t)] 0
[(!(0 | (1 | ((3 | (4 | (5 | (6 | (7 | (8 | ((10 | ((12 & 13 | !12 & !13) | !11)) | !9))))))) | !2)))) & (t)] 0
[(!(0 | (1 | ((3 | (4 | (5 | (6 | (7 | (8 | ((10 | !(11 & (12 & 13))) | !9))))))) | !2)))) & (t)] 0
[(!(0 | (1 | ((3 | ((5 | (6 | (7 | (8 | ((10 | 11) | !9))))) | !4)) | !2)))) & (t)] 0
[(!(0 | (1 | ((3 | ((5 | (6 | (7 | (8 | ((10 | ((12 | 13) | !11)) | !9))))) | !4)) | !2)))) & (t)] 0
[(!(0 | (1 | ((3 | ((5 | (6 | (7 | (8 | ((10 | ((12 | !13) | !11)) | !9))))) | !4)) | !2)))) & (t)] 0
[(!(0 | (1 | ((3 | ((5 | (6 | (7 | (8 | ((10 | ((13 | !12) | !11)) | !9))))) | !4)) | !2)))) & (t)] 0
[(!(0 | (1 | ((3 | ((5 | (6 | (7 | (8 | ((10 | !(11 & (12 & 13))) | !9))))) | !4)) | !2)))) & (t)] 0
[(!(((2 | (3 | ((5 | (6 | (7 | (8 | ((10 | 11) | !9))))) | !4))) | !1) | !0)) & (t)] 0
[(!(((2 | (3 | ((5 | (6 | (7 | (8 | ((10 | ((12 | 13) | !11)) | !9))))) | !4))) | !1) | !0)) & (t)] 0
[(!(((2 | (3 | ((5 | (6 | (7 | (8 | ((10 | !(11 & 13)) | !9))))) | !4))) | !1) | !0)) & (t)] 0
[(!(((2 | (3 | ((5 | (6 | (7 | (8 | ((10 | ((13 | !12) | !11)) | !9))))) | !4))) | !1) | !0)) & (t)] 0
[(!(0 | ((2 | (3 | ((5 | (6 | (7 | ((9 | !10) | !8)))) | !4))) | !1))) & (!((15 | !16) | !14))] 0
[(!(0 | ((2 | (3 | ((5 | ((7 | (((10 | 11) | !9) | !8)) | !6)) | !4))) | !1))) & (t)] 0
[(!(0 | ((2 | (3 | ((5 | ((7 | (((10 | ((12 | 13) | !11)) | !9) | !8)) | !6)) | !4))) | !1))) & (t)] 0
[(!(0 | ((2 | (3 | ((5 | ((7 | (((10 | ((12 | !13) | !11)) | !9) | !8)) | !6)) | !4))) | !1))) & (t)] 0
[(!(0 | ((2 | (3 | ((5 | ((7 | (((10 | ((13 | !12) | !11)) | !9) | !8)) | !6)) | !4))) | !1))) & (t)] 0
[(!(0 | ((2 | (3 | ((5 | ((7 | (((10 | !(11 & (12 & 13))) | !9) | !8)) | !6)) | !4))) | !1))) & (t)] 0
[(!(0 | ((2 | (3 | ((((7 | (((10 | 11) | !9) | !8)) | !6) | !5) | !4))) | !1))) & (t)] 0
[(!(0 | ((2 | (3 | ((((7 | (((10 | !(11 & (12 & 13 | !12 & !13))) | !9) | !8)) | !6) | !5) | !4))) | !1))) & (t)] 0
[(!(0 | ((2 | (3 | ((((7 | (((10 | ((12 | !13) | !11)) | !9) | !8)) | !6) | !5) | !4))) | !1))) & (t)] 0
[(!(0 | ((2 | (3 | ((((7 | (((10 | ((13 | !12) | !11)) | !9) | !8)) | !6) | !5) | !4))) | !1))) & (t)] 0
[(!(0 | ((2 | (((5 | (6 | (7 | (8 | ((10 | 11) | !9))))) | !4) | !3)) | !1))) & (t)] 0
[(!(0 | ((2 | (((5 | (6 | (7 | (8 | ((10 | ((12 | 13) | !11)) | !9))))) | !4) | !3)) | !1))) & (t)] 0
[(!(0 | ((2 | (((5 | (6 | (7 | (8 | ((10 | !(11 & 13)) | !9))))) | !4) | !3)) | !1))) & (t)] 0
[(!(0 | ((2 | (((5 | (6 | (7 | (8 | ((10 | ((13 | !12) | !11)) | !9))))) | !4) | !3)) | !1))) & (t)] 0
[(!(0 | ((2 | (3 | ((5 | (6 | (7 | (((10 | 11) | !9) | !8)))) | !4))) | !1))) & (t)] 0
[(!(0 | ((2 | (3 | ((5 | (6 | (7 | (((10 | ((12 | 13) | !11)) | !9) | !8)))) | !4))) | !1))) & (t)] 0
[(!(0 | ((2 | (3 | ((5 | (6 | (7 | (((10 | ((12 | !13) | !11)) | !9) | !8)))) | !4))) | !1))) & (t)] 0
[(!(0 | ((2 | (3 | ((5 | (6 | (7 | (((10 | ((13 | !12) | !11)) | !9) | !8)))) | !4))) | !1))) & (t)] 0
[(!(0 | ((2 | (3 | ((5 | (6 | (7 | (((10 | !(11 & (12 & 13))) | !9) | !8)))) | !4))) | !1))) & (t)] 0
[(!(((2 | (3 | ((5 | (6 | (7 | (8 | (9 | !10))))) | !4))) | !1) | !0)) & (!14)] 0
[(!(0 | ((2 | (3 | ((5 | ((7 | ((9 | !10) | !8)) | !6)) | !4))) | !1))) & (!((15 | 16) | !14))] 0
[(!(0 | ((2 | (3 | ((((7 | ((9 | !10) | !8)) | !6) | !5) | !4))) | !1))) & (!((16 | !15) | !14))] 0
[(!(0 | ((2 | (((5 | (6 | (7 | (8 | (9 | !10))))) | !4) | !3)) | !1))) & (!14)] 0
[(!(0 | ((2 | (((5 | (6 | (7 | ((9 | !10) | !8)))) | !4) | !3)) | !1))) & (14 & (15 & 16))] 0
[(!(0 | ((2 | (3 | ((5 | (6 | (7 | (8 | (9 | !10))))) | !4))) | !1))) & (!((15 | 16) | !14))] 0
[(!(0 | ((2 | (3 | ((5 | (6 | (7 | (8 | ((10 | 11) | !9))))) | !4))) | !1))) & (t)] 0
[(!(0 | ((2 | (3 | ((5 | (6 | (7 | (8 | ((10 | ((12 | 13) | !11)) | !9))))) | !4))) | !1))) & (t)] 0
[(!(0 | ((2 | (3 | ((5 | (6 | (7 | (8 | ((10 | !(11 & 13)) | !9))))) | !4))) | !1))) & (t)] 0
[(!(0 | ((2 | (3 | ((5 | (6 | (7 | (8 | ((10 | ((13 | !12) | !11)) | !9))))) | !4))) | !1))) & (t)] 0
--END--
Synthesis took:  4474.1270542144775 ms
