Processing program.
spec contains 4 APs (['(y > 4)', '(y < 0)', '(x < 0)', '(x > 4)'])
Starting abstract synthesis loop.
adding (0 <= x), (y_prev > y), (x <= 4), (x_prev > x), (4 <= y), (y >= 0), (x >= 0), (x <= 0), (x_prev < x), (y <= 0), (4 <= x), (y <= 4), (0 <= y), (y_prev < y) to predicate abstraction
constructing LTL abstraction
ltl abstraction took: 0.0032715797424316406
running LTL synthesis
Realizable.
REALIZABLE
HOA: v1
tool: "strix" "21.0.0"
States: 1
Start: 0
AP: 24 "pred__y_GTEQ_0_" "pred__yprev_GT_y_" "pred__x_LTEQ_0_" "pred__0_LTEQ_y_" "pred__4_LTEQ_y_" "pred__y_LTEQ_4_" "move0" "pred__y_LTEQ_0_" "pred__xprev_LT_x_" "pred__0_LTEQ_x_" "pred__4_LTEQ_x_" "move1" "pred__x_GTEQ_0_" "pred__x_LTEQ_4_" "pred__xprev_GT_x_" "pred__yprev_LT_y_" "decye" "incye" "decxe" "incxe" "decyc" "incyc" "decxc" "incxc"
controllable-AP: 20 21 22 23
acc-name: all
Acceptance: 0 t
--BODY--
State: 0 "[0]"
[((1 & (2 & ((4 | (((8 | ((10 | (11 | (((15 | !14) | !13) | !12))) | !9)) | !6) | !5)) | !3) | !2 & ((4 | ((6 & (8 & ((11 | (((14 | 15) | !13) | !12)) | !9) | !8 & ((10 | (11 | ((15 | !13) | !12))) | !9)) | !6 & (7 | (8 & ((10 | ((((14 | 15) | !13) | !12) | !11)) | !9) | !8 & ((10 | (((15 | !13) | !12) | !11)) | !9)))) | !5)) | !3)) | !1 & (2 & ((4 & (((7 | (8 | ((10 | (11 | !(12 & (13 & (14 & 15))))) | !9))) | !6) | !5) | !4 & (((7 | (8 | ((10 | (11 | !(12 & (13 & 14)))) | !9))) | !6) | !5)) | !3) | !2 & ((4 & (((7 | (8 & ((11 | (((14 | !15) | !13) | !12)) | !9) | !8 & ((10 | (11 | !(12 & (13 & 15)))) | !9))) | !6) | !5) | !4 & ((6 & (7 | (8 & ((11 | ((14 | !13) | !12)) | !9) | !8 & ((10 | (11 | !(12 & 13))) | !9))) | !6 & (7 | (8 & ((10 | (((14 | !13) | !12) | !11)) | !9) | !8 & ((10 | !(11 & (12 & 13))) | !9)))) | !5)) | !3))) | !0) & (t)] 0
[(!((1 | (2 | ((4 | (((7 | (8 | ((10 | (11 | (((14 | 15) | !13) | !12))) | !9))) | !6) | !5)) | !3))) | !0)) & (20 & (21 & (22 & 23)))] 0
[(!((1 | (2 | ((4 | ((6 | (7 | (8 | ((10 | ((((14 | (15 | !(16 & (17 & (18 & 19 | !18 & !19)) | !16 & !(17 | !(18 & 19 | !18 & !19))))) | !13) | !12) | !11)) | !9)))) | !5)) | !3))) | !0)) & (t)] 0
[(!((1 | (2 | ((4 | ((6 | (7 | (8 | ((10 | ((((14 | (15 | (16 & ((18 | !19) | !17) | !16 & (17 | (18 | !19))))) | !13) | !12) | !11)) | !9)))) | !5)) | !3))) | !0)) & (t)] 0
[(!((1 | (2 | ((4 | ((6 | (7 | (8 | ((10 | ((((14 | (15 | (16 & ((19 | !18) | !17) | !16 & (17 | (19 | !18))))) | !13) | !12) | !11)) | !9)))) | !5)) | !3))) | !0)) & (t)] 0
[(!((1 | (2 | ((4 | ((6 | (7 | (8 | ((10 | ((((14 | (15 | (16 | !(17 & (18 & 19 | !18 & !19))))) | !13) | !12) | !11)) | !9)))) | !5)) | !3))) | !0)) & (t)] 0
[(!((1 | (2 | ((4 | ((6 | (7 | (8 | ((10 | ((((14 | (15 | (16 | ((18 | !19) | !17)))) | !13) | !12) | !11)) | !9)))) | !5)) | !3))) | !0)) & (t)] 0
[(!((1 | (2 | ((4 | ((6 | (7 | (8 | ((10 | ((((14 | (15 | (16 | ((19 | !18) | !17)))) | !13) | !12) | !11)) | !9)))) | !5)) | !3))) | !0)) & (t)] 0
[(!((1 | (2 | ((4 | ((6 | (7 | (8 | ((10 | ((((14 | (15 | ((17 | !(18 & 19 | !18 & !19)) | !16))) | !13) | !12) | !11)) | !9)))) | !5)) | !3))) | !0)) & (t)] 0
[(!((1 | (2 | ((4 | ((6 | (7 | (8 | ((10 | ((((14 | (15 | ((17 | (18 | !19)) | !16))) | !13) | !12) | !11)) | !9)))) | !5)) | !3))) | !0)) & (t)] 0
[(!((1 | (2 | ((4 | ((6 | (7 | (8 | ((10 | ((((14 | (15 | ((17 | (19 | !18)) | !16))) | !13) | !12) | !11)) | !9)))) | !5)) | !3))) | !0)) & (t)] 0
[(!((1 | (2 | ((4 | ((6 | (7 | (((10 | ((((14 | (15 | !(16 & (17 & (18 & 19 | !18 & !19)) | !16 & !(17 | !(18 & 19 | !18 & !19))))) | !13) | !12) | !11)) | !9) | !8))) | !5)) | !3))) | !0)) & (t)] 0
[(!((1 | (2 | ((4 | ((6 | (7 | (((10 | ((((14 | (15 | (16 & ((18 | !19) | !17) | !16 & (17 | (18 | !19))))) | !13) | !12) | !11)) | !9) | !8))) | !5)) | !3))) | !0)) & (t)] 0
[(!((1 | (2 | ((4 | ((6 | (7 | (((10 | ((((14 | (15 | (16 & ((19 | !18) | !17) | !16 & (17 | (19 | !18))))) | !13) | !12) | !11)) | !9) | !8))) | !5)) | !3))) | !0)) & (t)] 0
[(!((1 | (2 | ((4 | ((6 | (7 | (((10 | ((((14 | (15 | (16 | !(17 & (18 & 19 | !18 & !19))))) | !13) | !12) | !11)) | !9) | !8))) | !5)) | !3))) | !0)) & (t)] 0
[(!((1 | (2 | ((4 | ((6 | (7 | (((10 | ((((14 | (15 | (16 | ((18 | !19) | !17)))) | !13) | !12) | !11)) | !9) | !8))) | !5)) | !3))) | !0)) & (t)] 0
[(!((1 | (2 | ((4 | ((6 | (7 | (((10 | ((((14 | (15 | (16 | ((19 | !18) | !17)))) | !13) | !12) | !11)) | !9) | !8))) | !5)) | !3))) | !0)) & (t)] 0
[(!((1 | (2 | ((4 | ((6 | (7 | (((10 | ((((14 | (15 | ((17 | !(18 & 19 | !18 & !19)) | !16))) | !13) | !12) | !11)) | !9) | !8))) | !5)) | !3))) | !0)) & (t)] 0
[(!((1 | (2 | ((4 | ((6 | (7 | (((10 | ((((14 | (15 | ((17 | (18 | !19)) | !16))) | !13) | !12) | !11)) | !9) | !8))) | !5)) | !3))) | !0)) & (t)] 0
[(!((1 | (2 | ((4 | ((6 | (7 | (((10 | ((((14 | (15 | ((17 | (19 | !18)) | !16))) | !13) | !12) | !11)) | !9) | !8))) | !5)) | !3))) | !0)) & (t)] 0
[(!((1 | (2 | ((4 | ((6 | (7 | (8 | ((10 | ((((14 | !(15 & (16 & (17 & (18 & 19 | !18 & !19)) | !16 & !(17 | !(18 & 19 | !18 & !19))))) | !13) | !12) | !11)) | !9)))) | !5)) | !3))) | !0)) & (t)] 0
[(!((1 | (2 | ((4 | ((6 | (7 | (8 | ((10 | ((((14 | ((16 & ((18 | !19) | !17) | !16 & (17 | (18 | !19))) | !15)) | !13) | !12) | !11)) | !9)))) | !5)) | !3))) | !0)) & (t)] 0
[(!((1 | (2 | ((4 | ((6 | (7 | (8 | ((10 | ((((14 | ((16 & ((19 | !18) | !17) | !16 & (17 | (19 | !18))) | !15)) | !13) | !12) | !11)) | !9)))) | !5)) | !3))) | !0)) & (t)] 0
[(!((1 | (2 | ((4 | ((6 | (7 | (8 | ((10 | ((((14 | ((16 | !(17 & (18 & 19 | !18 & !19))) | !15)) | !13) | !12) | !11)) | !9)))) | !5)) | !3))) | !0)) & (t)] 0
[(!((1 | (2 | ((4 | ((6 | (7 | (8 | ((10 | ((((14 | ((16 | ((18 | !19) | !17)) | !15)) | !13) | !12) | !11)) | !9)))) | !5)) | !3))) | !0)) & (t)] 0
[(!((1 | (2 | ((4 | ((6 | (7 | (8 | ((10 | ((((14 | ((16 | ((19 | !18) | !17)) | !15)) | !13) | !12) | !11)) | !9)))) | !5)) | !3))) | !0)) & (t)] 0
[(!((1 | (2 | ((4 | ((6 | (7 | (8 | ((10 | ((((14 | (((17 | !(18 & 19 | !18 & !19)) | !16) | !15)) | !13) | !12) | !11)) | !9)))) | !5)) | !3))) | !0)) & (t)] 0
[(!((1 | (2 | ((4 | ((6 | (7 | (8 | ((10 | ((((14 | (((17 | (18 | !19)) | !16) | !15)) | !13) | !12) | !11)) | !9)))) | !5)) | !3))) | !0)) & (t)] 0
[(!((1 | (2 | ((4 | ((6 | (7 | (8 | ((10 | ((((14 | (((17 | (19 | !18)) | !16) | !15)) | !13) | !12) | !11)) | !9)))) | !5)) | !3))) | !0)) & (t)] 0
[(!((1 | (2 | ((4 | ((6 | (7 | (((10 | ((((14 | !(15 & (16 & (17 & (18 & 19 | !18 & !19)) | !16 & !(17 | !(18 & 19 | !18 & !19))))) | !13) | !12) | !11)) | !9) | !8))) | !5)) | !3))) | !0)) & (t)] 0
[(!((1 | (2 | ((4 | ((6 | (7 | (((10 | ((((14 | ((16 & ((18 | !19) | !17) | !16 & (17 | (18 | !19))) | !15)) | !13) | !12) | !11)) | !9) | !8))) | !5)) | !3))) | !0)) & (t)] 0
[(!((1 | (2 | ((4 | ((6 | (7 | (((10 | ((((14 | ((16 & ((19 | !18) | !17) | !16 & (17 | (19 | !18))) | !15)) | !13) | !12) | !11)) | !9) | !8))) | !5)) | !3))) | !0)) & (t)] 0
[(!((1 | (2 | ((4 | ((6 | (7 | (((10 | ((((14 | ((16 | !(17 & (18 & 19 | !18 & !19))) | !15)) | !13) | !12) | !11)) | !9) | !8))) | !5)) | !3))) | !0)) & (t)] 0
[(!((1 | (2 | ((4 | ((6 | (7 | (((10 | ((((14 | ((16 | ((18 | !19) | !17)) | !15)) | !13) | !12) | !11)) | !9) | !8))) | !5)) | !3))) | !0)) & (t)] 0
[(!((1 | (2 | ((4 | ((6 | (7 | (((10 | ((((14 | ((16 | ((19 | !18) | !17)) | !15)) | !13) | !12) | !11)) | !9) | !8))) | !5)) | !3))) | !0)) & (t)] 0
[(!((1 | (2 | ((4 | ((6 | (7 | (((10 | ((((14 | (((17 | !(18 & 19 | !18 & !19)) | !16) | !15)) | !13) | !12) | !11)) | !9) | !8))) | !5)) | !3))) | !0)) & (t)] 0
[(!((1 | (2 | ((4 | ((6 | (7 | (((10 | ((((14 | (((17 | (18 | !19)) | !16) | !15)) | !13) | !12) | !11)) | !9) | !8))) | !5)) | !3))) | !0)) & (t)] 0
[(!((1 | (2 | ((4 | ((6 | (7 | (((10 | ((((14 | (((17 | (19 | !18)) | !16) | !15)) | !13) | !12) | !11)) | !9) | !8))) | !5)) | !3))) | !0)) & (t)] 0
[(!((1 | (2 | ((4 | (((7 | (((10 | (11 | (((14 | 15) | !13) | !12))) | !9) | !8)) | !6) | !5)) | !3))) | !0)) & (20 & (21 & (22 & 23)))] 0
[(!((1 | (2 | ((4 | (((7 | ((((11 | (((14 | 15) | !13) | !12)) | !10) | !9) | !8)) | !6) | !5)) | !3))) | !0)) & (!(((23 | !22) | !21) | !20))] 0
[(!((1 | (2 | ((4 | (((7 | (8 | ((10 | (11 | (((15 | !14) | !13) | !12))) | !9))) | !6) | !5)) | !3))) | !0)) & (20 & (21 & (22 & 23)))] 0
[(!((1 | (((4 | (((7 | (8 | ((10 | (11 | (((15 | !14) | !13) | !12))) | !9))) | !6) | !5)) | !3) | !2)) | !0)) & (!(((22 | !23) | !21) | !20))] 0
[(!((1 | (2 | ((4 | (((7 | (8 | ((10 | (11 | (((14 | !15) | !13) | !12))) | !9))) | !6) | !5)) | !3))) | !0)) & (20 & (21 & (22 & 23)))] 0
[(!((1 | (2 | (((((7 | (8 | ((10 | (11 | (((14 | !15) | !13) | !12))) | !9))) | !6) | !5) | !4) | !3))) | !0)) & (!((21 | !(22 & 23)) | !20))] 0
[(!((1 | (2 | ((4 | (((7 | (((10 | (11 | (((14 | !15) | !13) | !12))) | !9) | !8)) | !6) | !5)) | !3))) | !0)) & (20 & (21 & (22 & 23)))] 0
[(!((1 | (2 | ((4 | (((7 | ((((11 | (((14 | !15) | !13) | !12)) | !10) | !9) | !8)) | !6) | !5)) | !3))) | !0)) & (!(((23 | !22) | !21) | !20))] 0
[(!((1 | (2 | (((((7 | (((10 | (11 | (((14 | !15) | !13) | !12))) | !9) | !8)) | !6) | !5) | !4) | !3))) | !0)) & (!((21 | !(22 & 23)) | !20))] 0
[(!((1 | (2 | (((((7 | ((((11 | (((14 | !15) | !13) | !12)) | !10) | !9) | !8)) | !6) | !5) | !4) | !3))) | !0)) & (!((21 | (23 | !22)) | !20))] 0
[(!((1 | (2 | ((4 | (((7 | (8 | ((10 | (11 | !(12 & (13 & (14 & 15))))) | !9))) | !6) | !5)) | !3))) | !0)) & (20 & (21 & (22 & 23)))] 0
[(!((1 | (2 | (((((7 | (8 | ((10 | (11 | !(12 & (13 & (14 & 15))))) | !9))) | !6) | !5) | !4) | !3))) | !0)) & (!((21 | !(22 & 23)) | !20))] 0
[(!((1 | (((4 | (((7 | (8 | ((10 | (11 | !(12 & (13 & (14 & 15))))) | !9))) | !6) | !5)) | !3) | !2)) | !0)) & (!(((22 | !23) | !21) | !20))] 0
[(!((1 | ((((((7 | (8 | ((10 | (11 | !(12 & (13 & (14 & 15))))) | !9))) | !6) | !5) | !4) | !3) | !2)) | !0)) & (!((21 | (22 | !23)) | !20))] 0
[(!(((2 | ((4 | (((7 | (8 | ((10 | (11 | (((14 | 15) | !13) | !12))) | !9))) | !6) | !5)) | !3)) | !1) | !0)) & (20 & (21 & (22 & 23)))] 0
[(!(((2 | ((4 | ((((8 | ((10 | (11 | (((14 | 15) | !13) | !12))) | !9)) | !7) | !6) | !5)) | !3)) | !1) | !0)) & (!(20 | !(21 & (22 & 23))))] 0
[(!(((2 | ((4 | (((7 | (((10 | (11 | (((14 | 15) | !13) | !12))) | !9) | !8)) | !6) | !5)) | !3)) | !1) | !0)) & (20 & (21 & (22 & 23)))] 0
[(!(((2 | ((4 | (((7 | ((((11 | (((14 | 15) | !13) | !12)) | !10) | !9) | !8)) | !6) | !5)) | !3)) | !1) | !0)) & (!(((23 | !22) | !21) | !20))] 0
[(!(((2 | ((4 | ((((((10 | (11 | (((14 | 15) | !13) | !12))) | !9) | !8) | !7) | !6) | !5)) | !3)) | !1) | !0)) & (!(20 | !(21 & (22 & 23))))] 0
[(!(((2 | ((4 | (((((((11 | (((14 | 15) | !13) | !12)) | !10) | !9) | !8) | !7) | !6) | !5)) | !3)) | !1) | !0)) & (!(20 | ((23 | !22) | !21)))] 0
[(!(((2 | ((4 | (((7 | (8 | ((10 | (11 | (((15 | !14) | !13) | !12))) | !9))) | !6) | !5)) | !3)) | !1) | !0)) & (20 & (21 & (22 & 23)))] 0
[(!(((2 | ((4 | ((((8 | ((10 | (11 | (((15 | !14) | !13) | !12))) | !9)) | !7) | !6) | !5)) | !3)) | !1) | !0)) & (!(20 | !(21 & (22 & 23))))] 0
[(!(((((4 | (((7 | (8 | ((10 | (11 | (((15 | !14) | !13) | !12))) | !9))) | !6) | !5)) | !3) | !2) | !1) | !0)) & (!(((22 | !23) | !21) | !20))] 0
[(!(((((4 | ((((8 | ((10 | (11 | (((15 | !14) | !13) | !12))) | !9)) | !7) | !6) | !5)) | !3) | !2) | !1) | !0)) & (!(20 | ((22 | !23) | !21)))] 0
[(!((1 | (2 | ((4 | ((6 | (7 | (8 | ((10 | (((((15 | !(16 & (17 & (18 & 19 | !18 & !19)) | !16 & !(17 | !(18 & 19 | !18 & !19)))) | !14) | !13) | !12) | !11)) | !9)))) | !5)) | !3))) | !0)) & (t)] 0
[(!((1 | (2 | ((4 | ((6 | (7 | (8 | ((10 | (((((15 | (16 & ((18 | !19) | !17) | !16 & (17 | (18 | !19)))) | !14) | !13) | !12) | !11)) | !9)))) | !5)) | !3))) | !0)) & (t)] 0
[(!((1 | (2 | ((4 | ((6 | (7 | (8 | ((10 | (((((15 | (16 & ((19 | !18) | !17) | !16 & (17 | (19 | !18)))) | !14) | !13) | !12) | !11)) | !9)))) | !5)) | !3))) | !0)) & (t)] 0
[(!((1 | (2 | ((4 | ((6 | (7 | (8 | ((10 | (((((15 | (16 | !(17 & (18 & 19 | !18 & !19)))) | !14) | !13) | !12) | !11)) | !9)))) | !5)) | !3))) | !0)) & (t)] 0
[(!((1 | (2 | ((4 | ((6 | (7 | (8 | ((10 | (((((15 | (16 | ((18 | !19) | !17))) | !14) | !13) | !12) | !11)) | !9)))) | !5)) | !3))) | !0)) & (t)] 0
[(!((1 | (2 | ((4 | ((6 | (7 | (8 | ((10 | (((((15 | (16 | ((19 | !18) | !17))) | !14) | !13) | !12) | !11)) | !9)))) | !5)) | !3))) | !0)) & (t)] 0
[(!((1 | (2 | ((4 | ((6 | (7 | (8 | ((10 | (((((15 | ((17 | !(18 & 19 | !18 & !19)) | !16)) | !14) | !13) | !12) | !11)) | !9)))) | !5)) | !3))) | !0)) & (t)] 0
[(!((1 | (2 | ((4 | ((6 | (7 | (8 | ((10 | (((((15 | ((17 | (18 | !19)) | !16)) | !14) | !13) | !12) | !11)) | !9)))) | !5)) | !3))) | !0)) & (t)] 0
[(!((1 | (2 | ((4 | ((6 | (7 | (8 | ((10 | (((((15 | ((17 | (19 | !18)) | !16)) | !14) | !13) | !12) | !11)) | !9)))) | !5)) | !3))) | !0)) & (t)] 0
[(!(((2 | ((4 | ((6 | (7 | (8 | ((10 | ((((14 | (15 | !(16 & (17 & (18 & 19 | !18 & !19)) | !16 & !(17 | !(18 & 19 | !18 & !19))))) | !13) | !12) | !11)) | !9)))) | !5)) | !3)) | !1) | !0)) & (t)] 0
[(!(((2 | ((4 | ((6 | (7 | (8 | ((10 | ((((14 | (15 | (16 & ((18 | !19) | !17) | !16 & (17 | (18 | !19))))) | !13) | !12) | !11)) | !9)))) | !5)) | !3)) | !1) | !0)) & (t)] 0
[(!(((2 | ((4 | ((6 | (7 | (8 | ((10 | ((((14 | (15 | (16 & ((19 | !18) | !17) | !16 & (17 | (19 | !18))))) | !13) | !12) | !11)) | !9)))) | !5)) | !3)) | !1) | !0)) & (t)] 0
[(!(((2 | ((4 | ((6 | (7 | (8 | ((10 | ((((14 | (15 | (16 | !(17 & (18 & 19 | !18 & !19))))) | !13) | !12) | !11)) | !9)))) | !5)) | !3)) | !1) | !0)) & (t)] 0
[(!(((2 | ((4 | ((6 | (7 | (8 | ((10 | ((((14 | (15 | (16 | ((18 | !19) | !17)))) | !13) | !12) | !11)) | !9)))) | !5)) | !3)) | !1) | !0)) & (t)] 0
[(!(((2 | ((4 | ((6 | (7 | (8 | ((10 | ((((14 | (15 | (16 | ((19 | !18) | !17)))) | !13) | !12) | !11)) | !9)))) | !5)) | !3)) | !1) | !0)) & (t)] 0
[(!(((2 | ((4 | ((6 | (7 | (8 | ((10 | ((((14 | (15 | ((17 | !(18 & 19 | !18 & !19)) | !16))) | !13) | !12) | !11)) | !9)))) | !5)) | !3)) | !1) | !0)) & (t)] 0
[(!(((2 | ((4 | ((6 | (7 | (8 | ((10 | ((((14 | (15 | ((17 | (18 | !19)) | !16))) | !13) | !12) | !11)) | !9)))) | !5)) | !3)) | !1) | !0)) & (t)] 0
[(!(((2 | ((4 | ((6 | (7 | (8 | ((10 | ((((14 | (15 | ((17 | (19 | !18)) | !16))) | !13) | !12) | !11)) | !9)))) | !5)) | !3)) | !1) | !0)) & (t)] 0
[(!(((2 | ((4 | ((6 | (7 | (8 | ((10 | (((((15 | !(16 & (17 & (18 & 19 | !18 & !19)) | !16 & !(17 | !(18 & 19 | !18 & !19)))) | !14) | !13) | !12) | !11)) | !9)))) | !5)) | !3)) | !1) | !0)) & (t)] 0
[(!(((2 | ((4 | ((6 | (7 | (8 | ((10 | (((((15 | (16 & ((18 | !19) | !17) | !16 & (17 | (18 | !19)))) | !14) | !13) | !12) | !11)) | !9)))) | !5)) | !3)) | !1) | !0)) & (t)] 0
[(!(((2 | ((4 | ((6 | (7 | (8 | ((10 | (((((15 | (16 & ((19 | !18) | !17) | !16 & (17 | (19 | !18)))) | !14) | !13) | !12) | !11)) | !9)))) | !5)) | !3)) | !1) | !0)) & (t)] 0
[(!(((2 | ((4 | ((6 | (7 | (8 | ((10 | (((((15 | (16 | !(17 & (18 & 19 | !18 & !19)))) | !14) | !13) | !12) | !11)) | !9)))) | !5)) | !3)) | !1) | !0)) & (t)] 0
[(!(((2 | ((4 | ((6 | (7 | (8 | ((10 | (((((15 | (16 | ((18 | !19) | !17))) | !14) | !13) | !12) | !11)) | !9)))) | !5)) | !3)) | !1) | !0)) & (t)] 0
[(!(((2 | ((4 | ((6 | (7 | (8 | ((10 | (((((15 | (16 | ((19 | !18) | !17))) | !14) | !13) | !12) | !11)) | !9)))) | !5)) | !3)) | !1) | !0)) & (t)] 0
[(!(((2 | ((4 | ((6 | (7 | (8 | ((10 | (((((15 | ((17 | !(18 & 19 | !18 & !19)) | !16)) | !14) | !13) | !12) | !11)) | !9)))) | !5)) | !3)) | !1) | !0)) & (t)] 0
[(!(((2 | ((4 | ((6 | (7 | (8 | ((10 | (((((15 | ((17 | (18 | !19)) | !16)) | !14) | !13) | !12) | !11)) | !9)))) | !5)) | !3)) | !1) | !0)) & (t)] 0
[(!(((2 | ((4 | ((6 | (7 | (8 | ((10 | (((((15 | ((17 | (19 | !18)) | !16)) | !14) | !13) | !12) | !11)) | !9)))) | !5)) | !3)) | !1) | !0)) & (t)] 0
[(!(((2 | ((4 | ((6 | (7 | (((10 | ((((14 | (15 | !(16 & (17 & (18 & 19 | !18 & !19)) | !16 & !(17 | !(18 & 19 | !18 & !19))))) | !13) | !12) | !11)) | !9) | !8))) | !5)) | !3)) | !1) | !0)) & (t)] 0
[(!(((2 | ((4 | ((6 | (7 | (((10 | ((((14 | (15 | (16 & ((18 | !19) | !17) | !16 & (17 | (18 | !19))))) | !13) | !12) | !11)) | !9) | !8))) | !5)) | !3)) | !1) | !0)) & (t)] 0
[(!(((2 | ((4 | ((6 | (7 | (((10 | ((((14 | (15 | (16 & ((19 | !18) | !17) | !16 & (17 | (19 | !18))))) | !13) | !12) | !11)) | !9) | !8))) | !5)) | !3)) | !1) | !0)) & (t)] 0
[(!(((2 | ((4 | ((6 | (7 | (((10 | ((((14 | (15 | (16 | !(17 & (18 & 19 | !18 & !19))))) | !13) | !12) | !11)) | !9) | !8))) | !5)) | !3)) | !1) | !0)) & (t)] 0
[(!(((2 | ((4 | ((6 | (7 | (((10 | ((((14 | (15 | (16 | ((18 | !19) | !17)))) | !13) | !12) | !11)) | !9) | !8))) | !5)) | !3)) | !1) | !0)) & (t)] 0
[(!(((2 | ((4 | ((6 | (7 | (((10 | ((((14 | (15 | (16 | ((19 | !18) | !17)))) | !13) | !12) | !11)) | !9) | !8))) | !5)) | !3)) | !1) | !0)) & (t)] 0
[(!(((2 | ((4 | ((6 | (7 | (((10 | ((((14 | (15 | ((17 | !(18 & 19 | !18 & !19)) | !16))) | !13) | !12) | !11)) | !9) | !8))) | !5)) | !3)) | !1) | !0)) & (t)] 0
[(!(((2 | ((4 | ((6 | (7 | (((10 | ((((14 | (15 | ((17 | (18 | !19)) | !16))) | !13) | !12) | !11)) | !9) | !8))) | !5)) | !3)) | !1) | !0)) & (t)] 0
[(!(((2 | ((4 | ((6 | (7 | (((10 | ((((14 | (15 | ((17 | (19 | !18)) | !16))) | !13) | !12) | !11)) | !9) | !8))) | !5)) | !3)) | !1) | !0)) & (t)] 0
[(!((1 | (2 | ((4 | ((6 | (7 | (8 | ((10 | !(11 & (12 & (13 & (14 & (15 & (16 & (17 & (18 & 19 | !18 & !19)) | !16 & !(17 | !(18 & 19 | !18 & !19))))))))) | !9)))) | !5)) | !3))) | !0)) & (t)] 0
[(!((1 | (2 | ((4 | ((6 | (7 | (8 | ((10 | ((((((16 & ((18 | !19) | !17) | !16 & (17 | (18 | !19))) | !15) | !14) | !13) | !12) | !11)) | !9)))) | !5)) | !3))) | !0)) & (t)] 0
[(!((1 | (2 | ((4 | ((6 | (7 | (8 | ((10 | ((((((16 & ((19 | !18) | !17) | !16 & (17 | (19 | !18))) | !15) | !14) | !13) | !12) | !11)) | !9)))) | !5)) | !3))) | !0)) & (t)] 0
[(!((1 | (2 | ((4 | ((6 | (7 | (8 | ((10 | ((((((16 | !(17 & (18 & 19 | !18 & !19))) | !15) | !14) | !13) | !12) | !11)) | !9)))) | !5)) | !3))) | !0)) & (t)] 0
[(!((1 | (2 | ((4 | ((6 | (7 | (8 | ((10 | ((((((16 | ((18 | !19) | !17)) | !15) | !14) | !13) | !12) | !11)) | !9)))) | !5)) | !3))) | !0)) & (t)] 0
[(!((1 | (2 | ((4 | ((6 | (7 | (8 | ((10 | ((((((16 | ((19 | !18) | !17)) | !15) | !14) | !13) | !12) | !11)) | !9)))) | !5)) | !3))) | !0)) & (t)] 0
[(!((1 | (2 | ((4 | ((6 | (7 | (8 | ((10 | (((((((17 | !(18 & 19 | !18 & !19)) | !16) | !15) | !14) | !13) | !12) | !11)) | !9)))) | !5)) | !3))) | !0)) & (t)] 0
[(!((1 | (2 | ((4 | ((6 | (7 | (8 | ((10 | (((((((17 | (18 | !19)) | !16) | !15) | !14) | !13) | !12) | !11)) | !9)))) | !5)) | !3))) | !0)) & (t)] 0
[(!((1 | (2 | ((4 | ((6 | (7 | (8 | ((10 | (((((((17 | (19 | !18)) | !16) | !15) | !14) | !13) | !12) | !11)) | !9)))) | !5)) | !3))) | !0)) & (t)] 0
--END--
Synthesis took:  81020.77150344849 ms
