Processing program.
spec contains 2 APs (['q0', 'q1'])
simplified !((!request & !changeRoom) | (!request & changeRoom) | (request & !changeRoom & ((cnt + 1) >= 0) & ((cnt + 1) <= 50))) (len 118) to (request & (((0 <= cnt) & (cnt <= 50) & changeRoom) | (((!(((cnt + 1) <= 50) | ((((0 <= cnt) & !(cnt <= 50)) | !(0 <= cnt)) & !((cnt + 1) <= 50))) & (0 <= (cnt + 1))) | (!(0 <= (cnt + 1)) & !(((0 <= cnt) & !(cnt <= 50)) | !(0 <= cnt)))) & !changeRoom))) (len 253)
(request & (((0 <= cnt) & (cnt <= 50) & changeRoom) | (((!(((cnt + 1) <= 50) | ((((0 <= cnt) & !(cnt <= 50)) | !(0 <= cnt)) & !((cnt + 1) <= 50))) & (0 <= (cnt + 1))) | (!(0 <= (cnt + 1)) & !(((0 <= cnt) & !(cnt <= 50)) | !(0 <= cnt)))) & !changeRoom)))
Starting abstract synthesis loop.
adding roomA to predicate abstraction
constructing LTL abstraction
ltl abstraction took: 0.0010344982147216797
running LTL synthesis
massaging abstract counterstrategy
checking for compatibility of counterstrategy with program
trying fairness refinement
trying safety refinement
adding (cnt <= 0) to predicate abstraction
constructing LTL abstraction
ltl abstraction took: 0.0008854866027832031
running LTL synthesis
massaging abstract counterstrategy
checking for compatibility of counterstrategy with program
trying fairness refinement
Structural Refinement: 
entry_cond:TRUE
exit_cond:(cnt <= 0)
loop:(cnt := (cnt - 1))
adding (cnt = (cnt_prev - 1)), (cnt = cnt_prev) to predicate abstraction
constructing LTL abstraction
ltl abstraction took: 0.0009293556213378906
running LTL synthesis
Realizable.
REALIZABLE
HOA: v1
tool: "strix" "21.0.0"
States: 1
Start: 0
AP: 12 "pred__cnt_LTEQ_0_" "q0" "pred__cnt_EQ_cntprev_" "pred_roomA" "q1" "pred__cnt_EQ__cntprev_MINUS_1__" "in_loop0_0" "changeRoom" "request" "finished" "grantB" "grantA"
controllable-AP: 9 10 11
acc-name: all
Acceptance: 0 t
--BODY--
State: 0 "[0]"
[(!(((2 | ((4 | (5 | (6 | (7 | 8)))) | !3)) | !1) | !0)) & (t)] 0
[(!(((2 | ((4 | (5 | (6 | (7 | !8)))) | !3)) | !1) | !0)) & (t)] 0
[(!(((2 | ((4 | (5 | (6 | (8 | !7)))) | !3)) | !1) | !0)) & (t)] 0
[(!(((2 | ((4 | (5 | (6 | !(7 & 8)))) | !3)) | !1) | !0)) & (t)] 0
[(!((1 | ((((5 | 6) | !4) | !3) | !2)) | !0)) & (9)] 0
[(!(0 | ((2 | ((4 | (5 | (6 | (7 | 8)))) | !3)) | !1))) & (t)] 0
[(!(0 | ((2 | ((4 | (5 | (6 | (7 | !8)))) | !3)) | !1))) & (t)] 0
[(!(0 | ((2 | ((4 | (5 | (6 | (8 | !7)))) | !3)) | !1))) & (t)] 0
[(!(0 | ((2 | ((4 | (5 | (6 | !(7 & 8)))) | !3)) | !1))) & (t)] 0
[(!((((3 | (4 | (5 | (6 | (7 | 8))))) | !2) | !1) | !0)) & (t)] 0
[(!((((3 | (4 | (5 | (6 | (7 | !8))))) | !2) | !1) | !0)) & (t)] 0
[(!((((3 | (4 | (5 | (6 | (8 | !7))))) | !2) | !1) | !0)) & (t)] 0
[(!((((3 | (4 | (5 | (6 | !(7 & 8))))) | !2) | !1) | !0)) & (t)] 0
[(!(((((4 | (5 | (6 | (7 | 8)))) | !3) | !2) | !1) | !0)) & (t)] 0
[(!(((((4 | (5 | (6 | (7 | !8)))) | !3) | !2) | !1) | !0)) & (t)] 0
[(!(((((4 | (5 | (6 | (8 | !7)))) | !3) | !2) | !1) | !0)) & (t)] 0
[(!(((((4 | (5 | (6 | !(7 & 8)))) | !3) | !2) | !1) | !0)) & (t)] 0
[(!(0 | (1 | ((((5 | 6) | !4) | !3) | !2)))) & (!(10 | !11))] 0
[(!(0 | (((3 | (4 | (5 | (6 | (7 | 8))))) | !2) | !1))) & (t)] 0
[(!(0 | (((3 | (4 | (5 | (6 | (7 | !8))))) | !2) | !1))) & (t)] 0
[(!(0 | (((3 | (4 | (5 | (6 | (8 | !7))))) | !2) | !1))) & (t)] 0
[(!(0 | (((3 | (4 | (5 | (6 | !(7 & 8))))) | !2) | !1))) & (t)] 0
[(!(0 | ((((4 | (5 | (6 | (7 | 8)))) | !3) | !2) | !1))) & (t)] 0
[(!(0 | ((((4 | (5 | (6 | (7 | !8)))) | !3) | !2) | !1))) & (t)] 0
[(!(0 | ((((4 | (5 | (6 | (8 | !7)))) | !3) | !2) | !1))) & (t)] 0
[(!(0 | ((((4 | (5 | (6 | !(7 & 8)))) | !3) | !2) | !1))) & (t)] 0
[(!((1 | ((3 | ((5 | 6) | !4)) | !2)) | !0)) & (9)] 0
[(!(0 | ((2 | (3 | (4 | (5 | (6 | (7 | 8)))))) | !1))) & (t)] 0
[(!(0 | ((2 | (3 | (4 | (5 | (6 | (7 | !8)))))) | !1))) & (t)] 0
[(!(0 | ((2 | (3 | (4 | (5 | (6 | (8 | !7)))))) | !1))) & (t)] 0
[(!(0 | ((2 | (3 | (4 | (5 | (6 | !(7 & 8)))))) | !1))) & (t)] 0
[(!(0 | (1 | (2 | !(3 & (4 & (5 & 6))))))) & (!(10 | !11))] 0
[(!((1 | (2 | !(3 & (4 & (5 & 6))))) | !0)) & (9)] 0
[(!(0 | (1 | ((3 | ((5 | 6) | !4)) | !2)))) & (!(11 | !10))] 0
[(!(0 | (1 | (2 | (3 | !(4 & (5 & 6))))))) & (!(11 | !10))] 0
[(!((1 | (2 | (3 | !(4 & (5 & 6))))) | !0)) & (9)] 0
[(0 & (1 & (2 & (4 | (5 | 6)) | !2 & ((4 | (5 | 6)) | !3)) | !1 & (2 & ((5 | 6) | !4) | !2 & !(4 & (5 & 6)))) | !0 & (1 & (4 | (5 | 6)) | !1 & (2 & ((5 | 6) | !4) | !2 & !(4 & (5 & 6))))) & (t)] 0
--END--
Synthesis took:  4322.769403457642 ms
