Processing program.
spec contains 4 APs (['(y < 0)', '(y > 4)', '(x < 0)', '(x > 4)'])
Starting abstract synthesis loop.
adding (y <= 4), (0 <= x), (x <= 0), (0 <= y), (4 <= x), (y <= 0), (4 <= y), (x <= 4) to predicate abstraction
constructing LTL abstraction
ltl abstraction took: 0.0018727779388427734
running LTL synthesis
Realizable.
REALIZABLE
HOA: v1
tool: "strix" "21.0.0"
States: 1
Start: 0
AP: 18 "pred__4_LTEQ_y_" "pred__x_LTEQ_0_" "pred__0_LTEQ_y_" "pred__x_LTEQ_4_" "pred__y_LTEQ_0_" "move1" "pred__0_LTEQ_x_" "move0" "pred__4_LTEQ_x_" "pred__y_LTEQ_4_" "decye" "incye" "decxe" "incxe" "decyc" "incyc" "decxc" "incxc"
controllable-AP: 14 15 16 17
acc-name: all
Acceptance: 0 t
--BODY--
State: 0 "[0]"
[(!(0 | (1 | (((4 | (5 | (((8 | !9) | !7) | !6))) | !3) | !2)))) & (14 & (15 & (16 & 17)))] 0
[(!(0 | (1 | (((4 | (((7 | (8 | !(9 & (10 & (11 & (12 & 13 | !12 & !13)) | !10 & !(11 | !(12 & 13 | !12 & !13)))))) | !6) | !5)) | !3) | !2)))) & (t)] 0
[(!(0 | (1 | (((4 | (((7 | (8 | ((10 & ((12 | !13) | !11) | !10 & (11 | (12 | !13))) | !9))) | !6) | !5)) | !3) | !2)))) & (t)] 0
[(!(0 | (1 | (((4 | (((7 | (8 | ((10 & ((13 | !12) | !11) | !10 & (11 | (13 | !12))) | !9))) | !6) | !5)) | !3) | !2)))) & (t)] 0
[(!(0 | (1 | (((4 | (((7 | (8 | ((10 | !(11 & (12 & 13 | !12 & !13))) | !9))) | !6) | !5)) | !3) | !2)))) & (t)] 0
[(!(0 | (1 | (((4 | (((7 | (8 | ((10 | ((12 | !13) | !11)) | !9))) | !6) | !5)) | !3) | !2)))) & (t)] 0
[(!(0 | (1 | (((4 | (((7 | (8 | ((10 | ((13 | !12) | !11)) | !9))) | !6) | !5)) | !3) | !2)))) & (t)] 0
[(!(0 | (1 | (((4 | (((7 | (8 | (((11 | !(12 & 13 | !12 & !13)) | !10) | !9))) | !6) | !5)) | !3) | !2)))) & (t)] 0
[(!(0 | (1 | (((4 | (((7 | (8 | (((11 | (12 | !13)) | !10) | !9))) | !6) | !5)) | !3) | !2)))) & (t)] 0
[(!(0 | (1 | (((4 | (((7 | (8 | (((11 | (13 | !12)) | !10) | !9))) | !6) | !5)) | !3) | !2)))) & (t)] 0
[(!(0 | (1 | (((4 | (5 | !(6 & (7 & (8 & 9))))) | !3) | !2)))) & (!(((17 | !16) | !15) | !14))] 0
[(!(0 | ((((4 | (5 | (((8 | !9) | !7) | !6))) | !3) | !2) | !1))) & (!(((16 | !17) | !15) | !14))] 0
[(!((1 | (((4 | (5 | (((8 | !9) | !7) | !6))) | !3) | !2)) | !0)) & (!((15 | !(16 & 17)) | !14))] 0
[(!((1 | (((4 | (5 | !(6 & (7 & (8 & 9))))) | !3) | !2)) | !0)) & (!((15 | (17 | !16)) | !14))] 0
[(!(((((4 | (5 | (((8 | !9) | !7) | !6))) | !3) | !2) | !1) | !0)) & (!((15 | (16 | !17)) | !14))] 0
[(!(0 | (1 | ((((5 | (((8 | !9) | !7) | !6)) | !4) | !3) | !2)))) & (!(14 | !(15 & (16 & 17))))] 0
[(!(0 | (1 | ((((5 | !(6 & (7 & (8 & 9)))) | !4) | !3) | !2)))) & (!(14 | ((17 | !16) | !15)))] 0
[(!(0 | (((((5 | (((8 | !9) | !7) | !6)) | !4) | !3) | !2) | !1))) & (!(14 | ((16 | !17) | !15)))] 0
[(0 & (1 & (((4 | (5 | (((8 | !9) | !7) | !6))) | !3) | !2) | !1 & (((4 | (5 | !(6 & (7 & 9)))) | !3) | !2)) | !0 & (1 & (((5 | (((8 | !9) | !7) | !6)) | !3) | !2) | !1 & (((4 & (5 | !(6 & (7 & 9))) | !4 & (5 & ((7 | (8 | !9)) | !6) | !5 & !(6 & (7 & 9)))) | !3) | !2))) & (t)] 0
--END--
Synthesis took:  46585.96873283386 ms
