Processing program.
spec contains 2 APs (['start', 'l01'])
Starting abstract synthesis loop.
adding (x_prev < x), (x_prev > x), (x >= 0), (x <= 0), (0 <= x) to predicate abstraction
constructing LTL abstraction
ltl abstraction took: 0.0022084712982177734
running LTL synthesis
massaging abstract counterstrategy
checking for compatibility of counterstrategy with program
Unrealizable.
digraph MooreMachine {
	graph [nodesep=0.5 overlap=scalexy ranksep=0.8 splines=true]
	node [shape=circle]
	edge [fontname=mono]
	init [label="" shape=point]
	st_2 [label="(!pred__xprev_GT_x_ & !l32 & !l12 & !l02 & !l22 & !l01 & !l & !pred__xprev_LT_x_ & !l31 & !l21 & pred__0_LTEQ_x_ & l11 & pred__x_GTEQ_0_ & pred__x_LTEQ_0_)"]
	st_1 [label="(!pred__xprev_GT_x_ & !l32 & !l12 & !l02 & !l22 & !l & !l11 & !pred__xprev_LT_x_ & !l31 & !l21 & pred__0_LTEQ_x_ & l01 & pred__x_GTEQ_0_ & pred__x_LTEQ_0_)"]
	st_3 [label="(!l32 & !l12 & !l02 & !pred__x_GTEQ_0_ & !l22 & !l01 & !l & !l11 & !pred__0_LTEQ_x_ & !pred__xprev_LT_x_ & !l31 & l21 & pred__x_LTEQ_0_ & pred__xprev_GT_x_)"]
	st_0 [label="(!pred__xprev_GT_x_ & !l32 & !l12 & !l02 & !l22 & !l01 & !l11 & !pred__xprev_LT_x_ & !l31 & !l21 & start & pred__0_LTEQ_x_ & l & pred__x_GTEQ_0_ & pred__x_LTEQ_0_)"]
	st_4 [label="(!pred__xprev_GT_x_ & !l32 & !l12 & !l02 & !pred__x_GTEQ_0_ & !l22 & !l01 & !l & !l11 & !pred__0_LTEQ_x_ & !pred__xprev_LT_x_ & !l21 & l31 & pred__x_LTEQ_0_)"]
	init -> st_0 [style=solid]
	st_0 -> st_1 [label=TRUE]
	st_1 -> st_2 [label=TRUE]
	st_2 -> st_3 [label=cdec]
	st_2 -> st_2 [label="!cdec"]
	st_3 -> st_4 [label=TRUE]
	st_4 -> st_4 [label=TRUE]
}
Synthesis took:  1259.7432136535645 ms
