Processing program.
spec contains 2 APs (['setsignal', 'goal'])
simplified !((inc && dec) | (!inc & dec & ((signal - 1) >= 0) & ((signal - 1) <= 5)) | (inc & !dec & ((signal + 1) >= 0) & ((signal + 1) <= 5))) (len 133) to ((!((((!(signal <= 5) & (0 <= signal)) | !(0 <= signal)) & !dec) | ((((!(signal <= 5) | (((signal - 1) <= 5) & (1 <= signal) & (signal <= 5))) & (0 <= signal)) | !(0 <= signal)) & dec)) & !inc) | (inc & !(((!(0 <= signal) | ((!(signal <= 5) | (((signal + 1) <= 5) & (0 <= (signal + 1)) & (signal <= 5))) & (0 <= signal))) & !dec) | dec))) (len 338)
((!((((!(signal <= 5) & (0 <= signal)) | !(0 <= signal)) & !dec) | ((((!(signal <= 5) | (((signal - 1) <= 5) & (1 <= signal) & (signal <= 5))) & (0 <= signal)) | !(0 <= signal)) & dec)) & !inc) | (inc & !(((!(0 <= signal) | ((!(signal <= 5) | (((signal + 1) <= 5) & (0 <= (signal + 1)) & (signal <= 5))) & (0 <= signal))) & !dec) | dec)))
Starting abstract synthesis loop.
adding (1 <= signal), (at_floor <= target), (0 <= (at_floor - 1)), ((at_floor + 1) <= 5), (signal_prev > signal), ((at_floor_prev - target_prev) < (at_floor - target)), (signal_prev < signal), (signal <= 1), ((at_floor_prev - target_prev) > (at_floor - target)), (at_floor_prev > at_floor), (target_prev < target), (target <= at_floor), (target_prev > target), (at_floor_prev < at_floor), ((signal + 1) <= 5), ((target_prev - at_floor_prev) > (target - at_floor)), ((target_prev - at_floor_prev) < (target - at_floor)) to predicate abstraction
constructing LTL abstraction
ltl abstraction took: 0.002780914306640625
running LTL synthesis
Realizable.
REALIZABLE
HOA: v1
tool: "strix" "21.0.0"
States: 2
Start: 1
AP: 24 "pred__atfloor_LTEQ_target_" "pred__atfloorprev_LT_atfloor_" "pred___targetprev_MINUS_atfloorprev__GT__target_MINUS_atfloor__" "pred___signal_PLUS_1__LTEQ_5_" "pred__atfloorprev_GT_atfloor_" "pred__signalprev_LT_signal_" "pred___atfloorprev_MINUS_targetprev__GT__atfloor_MINUS_target__" "pred__targetprev_LT_target_" "move" "pred__1_LTEQ_signal_" "pred__target_LTEQ_atfloor_" "pred__signal_LTEQ_1_" "goal" "pred___targetprev_MINUS_atfloorprev__LT__target_MINUS_atfloor__" "pred___atfloor_PLUS_1__LTEQ_5_" "pred__targetprev_GT_target_" "pred__0_LTEQ__atfloor_MINUS_1__" "pred___atfloorprev_MINUS_targetprev__LT__atfloor_MINUS_target__" "pred__signalprev_GT_signal_" "setsignal" "dec" "inc" "cdec" "cinc"
controllable-AP: 22 23
acc-name: all
Acceptance: 0 t
--BODY--
State: 0 "[0]"
[(!(0 | (1 | (2 | ((4 | (5 | (6 | (7 | (8 | (9 | (((12 | (13 | ((15 | ((17 | (18 | (21 | !19))) | !16)) | !14))) | !11) | !10))))))) | !3))))) & (t)] 0
[(!(0 | (1 | (2 | ((4 | (5 | (6 | (7 | (8 | (9 | (((12 | (13 | ((15 | ((17 | (18 | ((20 | !21) | !19))) | !16)) | !14))) | !11) | !10))))))) | !3))))) & (t)] 1
[(!(0 | (1 | (2 | ((4 | (5 | (6 | (7 | (8 | (9 | (((12 | (13 | ((15 | ((17 | (18 | !(19 & (20 & 21)))) | !16)) | !14))) | !11) | !10))))))) | !3))))) & (t)] 0
[(!(0 | (1 | (2 | ((4 | ((6 | (7 | (8 | ((((12 | (13 | ((15 | ((17 | (18 | ((20 | 21) | !19))) | !16)) | !14))) | !11) | !10) | !9)))) | !5)) | !3))))) & (t)] 0
[(!(0 | (1 | (2 | ((4 | ((6 | (7 | (8 | ((((12 | (13 | ((15 | ((17 | (18 | ((20 | !21) | !19))) | !16)) | !14))) | !11) | !10) | !9)))) | !5)) | !3))))) & (t)] 0
[(!(0 | (1 | (2 | ((4 | ((6 | (7 | (8 | ((((12 | (13 | ((15 | ((17 | (18 | ((21 | !20) | !19))) | !16)) | !14))) | !11) | !10) | !9)))) | !5)) | !3))))) & (t)] 0
[(!(0 | (1 | (2 | ((4 | ((6 | (7 | (8 | ((((12 | (13 | ((15 | ((17 | (18 | !(19 & (20 & 21)))) | !16)) | !14))) | !11) | !10) | !9)))) | !5)) | !3))))) & (t)] 0
[(!(0 | (1 | (2 | ((4 | (5 | (6 | (7 | (8 | (9 | ((((13 | ((15 | ((17 | (18 | 19)) | !16)) | !14)) | !12) | !11) | !10))))))) | !3))))) & (t)] 0
[(!(0 | (1 | (2 | ((4 | (5 | (6 | (7 | (8 | ((((12 | (13 | ((15 | ((17 | (18 | ((20 | 21) | !19))) | !16)) | !14))) | !11) | !10) | !9)))))) | !3))))) & (t)] 0
[(!(0 | (1 | (2 | ((4 | (5 | (6 | (7 | (8 | ((((12 | (13 | ((15 | ((17 | (18 | ((20 | !21) | !19))) | !16)) | !14))) | !11) | !10) | !9)))))) | !3))))) & (t)] 1
[(!(0 | (1 | (2 | ((4 | (5 | (6 | (7 | (8 | ((((12 | (13 | ((15 | ((17 | (18 | ((21 | !20) | !19))) | !16)) | !14))) | !11) | !10) | !9)))))) | !3))))) & (t)] 1
[(!(0 | (1 | (2 | ((4 | (5 | (6 | (7 | (8 | ((((12 | (13 | ((15 | ((17 | (18 | !(19 & (20 & 21)))) | !16)) | !14))) | !11) | !10) | !9)))))) | !3))))) & (t)] 1
[(!(0 | (1 | (2 | ((4 | ((6 | (7 | (8 | (((11 | (12 | (13 | ((15 | ((17 | (18 | ((20 | 21) | !19))) | !16)) | !14)))) | !10) | !9)))) | !5)) | !3))))) & (t)] 0
[(!(0 | (1 | (2 | ((4 | ((6 | (7 | (8 | (((11 | (12 | (13 | ((15 | ((17 | (18 | ((20 | !21) | !19))) | !16)) | !14)))) | !10) | !9)))) | !5)) | !3))))) & (t)] 0
[(!(0 | (1 | (2 | ((4 | ((6 | (7 | (8 | (((11 | (12 | (13 | ((15 | ((17 | (18 | ((21 | !20) | !19))) | !16)) | !14)))) | !10) | !9)))) | !5)) | !3))))) & (t)] 1
[(!(0 | (1 | (2 | ((4 | ((6 | (7 | (8 | (((11 | (12 | (13 | ((15 | ((17 | (18 | !(19 & (20 & 21)))) | !16)) | !14)))) | !10) | !9)))) | !5)) | !3))))) & (t)] 1
[(!(0 | (1 | (2 | ((4 | (5 | (6 | (7 | (8 | (9 | (((12 | (13 | ((15 | ((17 | ((21 | !19) | !18)) | !16)) | !14))) | !11) | !10))))))) | !3))))) & (t)] 0
[(!(0 | (1 | (2 | ((4 | (5 | (6 | (7 | (8 | (9 | (((12 | (13 | ((15 | ((17 | (((20 | !21) | !19) | !18)) | !16)) | !14))) | !11) | !10))))))) | !3))))) & (t)] 1
[(!(0 | (1 | (2 | ((4 | (5 | (6 | (7 | (8 | (9 | (((12 | (13 | ((15 | ((17 | !(18 & (19 & (20 & 21)))) | !16)) | !14))) | !11) | !10))))))) | !3))))) & (t)] 0
[(!(0 | (1 | (2 | ((4 | (5 | (6 | (7 | (8 | (((((13 | ((15 | ((17 | (18 | 19)) | !16)) | !14)) | !12) | !11) | !10) | !9)))))) | !3))))) & (t)] 0
[(!(0 | (1 | (2 | ((4 | (5 | (6 | (7 | (8 | (((11 | (12 | (13 | ((15 | ((17 | (18 | ((20 | 21) | !19))) | !16)) | !14)))) | !10) | !9)))))) | !3))))) & (t)] 1
[(!(0 | (1 | (2 | ((4 | (5 | (6 | (7 | (8 | (((11 | (12 | (13 | ((15 | ((17 | (18 | ((20 | !21) | !19))) | !16)) | !14)))) | !10) | !9)))))) | !3))))) & (t)] 1
[(!(0 | (1 | (2 | ((4 | (5 | (6 | (7 | (8 | (((11 | (12 | (13 | ((15 | ((17 | (18 | ((21 | !20) | !19))) | !16)) | !14)))) | !10) | !9)))))) | !3))))) & (t)] 0
[(!(0 | (1 | (2 | ((4 | (5 | (6 | (7 | (8 | (((11 | (12 | (13 | ((15 | ((17 | (18 | !(19 & (20 & 21)))) | !16)) | !14)))) | !10) | !9)))))) | !3))))) & (t)] 1
[(!(0 | (1 | (2 | (3 | (4 | ((6 | (7 | (8 | (((11 | (12 | (13 | ((15 | ((17 | (18 | (20 | !19))) | !16)) | !14)))) | !10) | !9)))) | !5))))))) & (t)] 0
[(!(0 | (1 | (2 | (3 | (4 | ((6 | (7 | (8 | (((11 | (12 | (13 | ((15 | ((17 | (18 | ((21 | !20) | !19))) | !16)) | !14)))) | !10) | !9)))) | !5))))))) & (t)] 1
[(!(0 | (1 | (2 | (3 | (4 | ((6 | (7 | (8 | (((11 | (12 | (13 | ((15 | ((17 | (18 | !(19 & (20 & 21)))) | !16)) | !14)))) | !10) | !9)))) | !5))))))) & (t)] 1
[(!(0 | (1 | (2 | ((4 | (5 | (6 | (7 | (8 | (((11 | (12 | (13 | ((15 | ((17 | (((20 | 21) | !19) | !18)) | !16)) | !14)))) | !10) | !9)))))) | !3))))) & (t)] 0
[(!(0 | (1 | (2 | ((4 | (5 | (6 | (7 | (8 | (((11 | (12 | (13 | ((15 | ((17 | (((20 | !21) | !19) | !18)) | !16)) | !14)))) | !10) | !9)))))) | !3))))) & (t)] 1
[(!(0 | (1 | (2 | ((4 | (5 | (6 | (7 | (8 | (((11 | (12 | (13 | ((15 | ((17 | (((21 | !20) | !19) | !18)) | !16)) | !14)))) | !10) | !9)))))) | !3))))) & (t)] 0
[(!(0 | (1 | (2 | ((4 | (5 | (6 | (7 | (8 | (((11 | (12 | (13 | ((15 | ((17 | !(18 & (19 & (20 & 21)))) | !16)) | !14)))) | !10) | !9)))))) | !3))))) & (t)] 1
[(!(0 | (1 | (2 | ((4 | (5 | (6 | (7 | (8 | ((((12 | (13 | ((15 | ((17 | (((20 | 21) | !19) | !18)) | !16)) | !14))) | !11) | !10) | !9)))))) | !3))))) & (t)] 0
[(!(0 | (1 | (2 | ((4 | (5 | (6 | (7 | (8 | ((((12 | (13 | ((15 | ((17 | (((20 | !21) | !19) | !18)) | !16)) | !14))) | !11) | !10) | !9)))))) | !3))))) & (t)] 1
[(!(0 | (1 | (2 | ((4 | (5 | (6 | (7 | (8 | ((((12 | (13 | ((15 | ((17 | (((21 | !20) | !19) | !18)) | !16)) | !14))) | !11) | !10) | !9)))))) | !3))))) & (t)] 0
[(!(0 | (1 | (2 | ((4 | (5 | (6 | (7 | (8 | ((((12 | (13 | ((15 | ((17 | !(18 & (19 & (20 & 21)))) | !16)) | !14))) | !11) | !10) | !9)))))) | !3))))) & (t)] 0
[(!(0 | (1 | (2 | ((4 | (5 | (6 | (7 | (8 | (((11 | ((13 | ((15 | ((17 | (18 | 19)) | !16)) | !14)) | !12)) | !10) | !9)))))) | !3))))) & (t)] 0
[(!(0 | (1 | (2 | ((4 | (5 | (6 | (7 | (((((12 | (13 | ((15 | ((17 | (18 | 19)) | !16)) | !14))) | !11) | !10) | !9) | !8))))) | !3))))) & (!(23 | !22))] 0
[(!(0 | (1 | (2 | ((4 | (5 | (((((((12 | (((15 | ((17 | (18 | 19)) | !16)) | !14) | !13)) | !11) | !10) | !9) | !8) | !7) | !6))) | !3))))) & (22 & 23)] 0
[(!(0 | (1 | (((4 | (5 | (6 | (7 | (((((12 | (13 | (((((18 | 19) | !17) | !16) | !15) | !14))) | !11) | !10) | !9) | !8))))) | !3) | !2)))) & (!(23 | !22))] 1
[(!((1 | (2 | ((4 | (5 | (((((((12 | (((15 | ((17 | (18 | 19)) | !16)) | !14) | !13)) | !11) | !10) | !9) | !8) | !7) | !6))) | !3))) | !0)) & (t)] 0
[(!(0 | (1 | (2 | (3 | (4 | (5 | (6 | (7 | (8 | (((11 | (12 | (13 | ((15 | ((17 | (18 | (20 | !19))) | !16)) | !14)))) | !10) | !9))))))))))) & (t)] 0
[(!(0 | (1 | (2 | (3 | (4 | (5 | (6 | (7 | (8 | (((11 | (12 | (13 | ((15 | ((17 | (18 | ((21 | !20) | !19))) | !16)) | !14)))) | !10) | !9))))))))))) & (t)] 0
[(!(0 | (1 | (2 | (3 | (4 | (5 | (6 | (7 | (8 | (((11 | (12 | (13 | ((15 | ((17 | (18 | !(19 & (20 & 21)))) | !16)) | !14)))) | !10) | !9))))))))))) & (t)] 1
[(!(0 | (1 | (2 | (3 | (4 | (5 | (6 | (7 | (8 | (((11 | ((13 | ((15 | ((17 | (18 | 19)) | !16)) | !14)) | !12)) | !10) | !9))))))))))) & (t)] 1
[(!(0 | (1 | (2 | ((4 | (5 | (6 | (7 | ((((11 | (12 | (13 | ((15 | ((17 | (18 | 19)) | !16)) | !14)))) | !10) | !9) | !8))))) | !3))))) & (!(23 | !22))] 0
[(!(0 | (1 | (2 | ((4 | (5 | ((((((11 | (12 | (((15 | ((17 | (18 | 19)) | !16)) | !14) | !13))) | !10) | !9) | !8) | !7) | !6))) | !3))))) & (!(23 | !22))] 0
[(!(0 | (1 | (((4 | (5 | (6 | (7 | ((((11 | (12 | (13 | (((((18 | 19) | !17) | !16) | !15) | !14)))) | !10) | !9) | !8))))) | !3) | !2)))) & (!(23 | !22))] 0
[(!((1 | (2 | ((4 | (5 | (((((10 | (11 | (12 | (((15 | ((17 | (18 | 19)) | !16)) | !14) | !13)))) | !9) | !8) | !7) | !6))) | !3))) | !0)) & (!(22 | !23))] 1
[(!((1 | (2 | ((4 | (5 | ((((((11 | (12 | (((15 | ((17 | (18 | 19)) | !16)) | !14) | !13))) | !10) | !9) | !8) | !7) | !6))) | !3))) | !0)) & (t)] 1
[(!(0 | (1 | (2 | (((5 | ((7 | (((((12 | (((15 | ((17 | (18 | 19)) | !16)) | !14) | !13)) | !11) | !10) | !9) | !8)) | !6)) | !4) | !3))))) & (22 & 23)] 0
[(!((1 | (2 | (((5 | ((7 | (((((12 | (((15 | (16 | (17 | (18 | 19)))) | !14) | !13)) | !11) | !10) | !9) | !8)) | !6)) | !4) | !3))) | !0)) & (t)] 0
[(!((1 | (2 | (((5 | ((7 | (((((12 | (((15 | ((17 | (18 | 19)) | !16)) | !14) | !13)) | !11) | !10) | !9) | !8)) | !6)) | !4) | !3))) | !0)) & (t)] 0
[(!((1 | (2 | ((4 | (5 | (6 | (7 | (8 | ((((12 | (13 | ((15 | ((17 | (18 | ((20 | 21) | !19))) | !16)) | !14))) | !11) | !10) | !9)))))) | !3))) | !0)) & (t)] 0
[(!((1 | (2 | ((4 | (5 | (6 | (7 | (8 | ((((12 | (13 | ((15 | ((17 | (18 | ((20 | !21) | !19))) | !16)) | !14))) | !11) | !10) | !9)))))) | !3))) | !0)) & (t)] 0
[(!((1 | (2 | ((4 | (5 | (6 | (7 | (8 | ((((12 | (13 | ((15 | ((17 | (18 | ((21 | !20) | !19))) | !16)) | !14))) | !11) | !10) | !9)))))) | !3))) | !0)) & (t)] 1
[(!((1 | (2 | ((4 | (5 | (6 | (7 | (8 | ((((12 | (13 | ((15 | ((17 | (18 | !(19 & (20 & 21)))) | !16)) | !14))) | !11) | !10) | !9)))))) | !3))) | !0)) & (t)] 0
[(!((1 | (2 | (3 | (4 | (5 | (((((10 | (11 | (12 | (((15 | ((17 | (18 | 19)) | !16)) | !14) | !13)))) | !9) | !8) | !7) | !6)))))) | !0)) & (t)] 0
[(!((1 | (2 | (3 | (4 | (5 | ((((((11 | (12 | (((15 | ((17 | (18 | 19)) | !16)) | !14) | !13))) | !10) | !9) | !8) | !7) | !6)))))) | !0)) & (t)] 1
[(!(0 | (1 | (2 | (((5 | ((7 | ((((11 | (12 | (((15 | ((17 | (18 | 19)) | !16)) | !14) | !13))) | !10) | !9) | !8)) | !6)) | !4) | !3))))) & (!(23 | !22))] 0
[(!((1 | (2 | (((5 | ((7 | ((((11 | (12 | (((15 | (16 | (17 | (18 | 19)))) | !14) | !13))) | !10) | !9) | !8)) | !6)) | !4) | !3))) | !0)) & (t)] 1
[(!((1 | (2 | (((5 | ((7 | ((((11 | (12 | (((15 | ((17 | (18 | 19)) | !16)) | !14) | !13))) | !10) | !9) | !8)) | !6)) | !4) | !3))) | !0)) & (t)] 1
[(!(((((4 | (5 | (6 | (7 | (((10 | (11 | (12 | (13 | ((15 | (((18 | 19) | !17) | !16)) | !14))))) | !9) | !8))))) | !3) | !2) | !1) | !0)) & (!(22 | !23))] 0
[(!(((((4 | (5 | (6 | (7 | ((((11 | (12 | (13 | (14 | (15 | (((18 | 19) | !17) | !16)))))) | !10) | !9) | !8))))) | !3) | !2) | !1) | !0)) & (t)] 0
[(!(((((4 | (5 | (6 | (7 | ((((11 | (12 | (13 | ((15 | (((18 | 19) | !17) | !16)) | !14)))) | !10) | !9) | !8))))) | !3) | !2) | !1) | !0)) & (t)] 1
[(!((1 | (2 | ((4 | (5 | (6 | (7 | (8 | (((11 | (12 | (13 | ((15 | ((17 | (18 | ((20 | 21) | !19))) | !16)) | !14)))) | !10) | !9)))))) | !3))) | !0)) & (t)] 0
[(!((1 | (2 | ((4 | (5 | (6 | (7 | (8 | (((11 | (12 | (13 | ((15 | ((17 | (18 | ((20 | !21) | !19))) | !16)) | !14)))) | !10) | !9)))))) | !3))) | !0)) & (t)] 0
[(!((1 | (2 | ((4 | (5 | (6 | (7 | (8 | (((11 | (12 | (13 | ((15 | ((17 | (18 | ((21 | !20) | !19))) | !16)) | !14)))) | !10) | !9)))))) | !3))) | !0)) & (t)] 0
[(!((1 | (2 | ((4 | (5 | (6 | (7 | (8 | (((11 | (12 | (13 | ((15 | ((17 | (18 | !(19 & (20 & 21)))) | !16)) | !14)))) | !10) | !9)))))) | !3))) | !0)) & (t)] 0
[(!((1 | (2 | ((4 | (5 | (6 | (7 | (8 | ((((12 | (13 | ((15 | (16 | (17 | (18 | ((20 | 21) | !19))))) | !14))) | !11) | !10) | !9)))))) | !3))) | !0)) & (t)] 1
[(!((1 | (2 | ((4 | (5 | (6 | (7 | (8 | ((((12 | (13 | ((15 | (16 | (17 | (18 | ((20 | !21) | !19))))) | !14))) | !11) | !10) | !9)))))) | !3))) | !0)) & (t)] 1
[(0 & (1 & ((3 & (4 | (5 | (6 | (7 | (((10 & (12 | (13 | (15 | (((18 | 19) | !17) | !16)))) | !10 & (12 | (13 | ((15 | (((18 | 19) | !17) | !16)) | !14)))) | !9) | !8))))) | !3 & (4 | (5 | (6 | (7 | (((10 & (11 | (12 | (13 | (15 | (((18 | 19) | !17) | !16))))) | !10 & (11 | (12 | (13 | ((15 | (((18 | 19) | !17) | !16)) | !14))))) | !9) | !8)))))) | !2) | !1 & (2 | (3 & (4 & (5 | ((7 | ((((12 | (((15 | (17 | (18 | 19))) | !14) | !13)) | !10) | !9) | !8)) | !6)) | !4 & (5 & (6 | (7 | (8 | (((12 | (13 | (14 & (15 | (17 | (18 | !19))) | !14 & (15 | ((17 | (18 | !19)) | !16))))) | !10) | !9)))) | !5 & (6 & ((((10 & (12 | (((15 | ((17 | (18 | 19)) | !16)) | !14) | !13)) | !10 & (12 | (((15 | (17 | (18 | 19))) | !14) | !13))) | !9) | !8) | !7) | !6 & (7 | (8 & (((12 | (13 | (14 & (15 | (17 | (18 | 19))) | !14 & (15 | ((17 | (18 | 19)) | !16))))) | !10) | !9) | !8 & (9 & ((12 & (13 | (14 & (15 | (17 | (18 | 19))) | !14 & (15 | ((17 | (18 | 19)) | !16)))) | !12 & (13 | (14 & (15 | (17 | !19)) | !14 & (15 | ((17 | !19) | !16))))) | !10) | !9 & (((12 & (13 | (14 & (15 | (17 | (18 | 19))) | !14 & (15 | ((17 | (18 | 19)) | !16)))) | !12 & (13 | (14 & (15 | (17 | !19)) | !14 & (15 | ((17 | !19) | !16))))) | !11) | !10))))))) | !3 & (4 | (5 & (6 | (7 | (8 | (((11 | (12 | (13 | (14 & (15 | (17 | (18 | !19))) | !14 & (15 | ((17 | (18 | !19)) | !16)))))) | !10) | !9)))) | !5 & (6 & ((((10 & (11 | (12 | (((15 | ((17 | (18 | 19)) | !16)) | !14) | !13))) | !10 & (11 | (12 | (((15 | (17 | (18 | 19))) | !14) | !13)))) | !9) | !8) | !7) | !6 & (7 | (8 & (((11 | (12 | (13 | (14 & (15 | (17 | (18 | 19))) | !14 & (15 | ((17 | (18 | 19)) | !16)))))) | !10) | !9) | !8 & (((11 | (12 & (13 | (14 & (15 | (17 | (18 | 19))) | !14 & (15 | ((17 | (18 | 19)) | !16)))) | !12 & (13 | (14 & (15 | (17 | (18 | !19))) | !14 & (15 | ((17 | (18 | !19)) | !16)))))) | !10) | !9))))))))) | !0 & (1 | (2 & ((4 | (5 | (6 | (7 | ((((12 | (13 | ((((18 | 19) | !17) | !16) | !15))) | !10) | !9) | !8))))) | !3) | !2 & (3 & (4 & (5 | ((7 | ((((12 | (((15 | ((17 | (18 | 19)) | !16)) | !14) | !13)) | !10) | !9) | !8)) | !6)) | !4 & (5 & (6 | (7 | (8 | (((12 | (13 | ((15 | ((17 | (18 | !19)) | !16)) | !14))) | !10) | !9)))) | !5 & (6 & (((((12 | (((15 | ((17 | (18 | 19)) | !16)) | !14) | !13)) | !10) | !9) | !8) | !7) | !6 & (7 | (8 & (((12 | (13 | ((15 | ((17 | (18 | 19)) | !16)) | !14))) | !10) | !9) | !8 & (9 & ((12 & (13 | ((15 | ((17 | (18 | 19)) | !16)) | !14)) | !12 & (13 | ((15 | ((17 | !19) | !16)) | !14))) | !10) | !9 & (((12 & (13 | ((15 | ((17 | (18 | 19)) | !16)) | !14)) | !12 & (13 | ((15 | ((17 | !19) | !16)) | !14))) | !11) | !10))))))) | !3 & (4 | (5 & (6 | (7 | (8 | (((11 | (12 | (13 | ((15 | ((17 | (18 | !19)) | !16)) | !14)))) | !10) | !9)))) | !5 & (6 | (7 | (8 | (((11 | (12 & (13 | ((15 | ((17 | (18 | 19)) | !16)) | !14)) | !12 & (13 | ((15 | ((17 | (18 | !19)) | !16)) | !14)))) | !10) | !9)))))))))) & (t)] 1
[(!((1 | (2 | ((4 | (5 | (6 | (7 | (8 | ((((12 | (13 | ((15 | (16 | (17 | (18 | ((21 | !20) | !19))))) | !14))) | !11) | !10) | !9)))))) | !3))) | !0)) & (t)] 0
[(!((1 | (2 | ((4 | (5 | (6 | (7 | (8 | ((((12 | (13 | ((15 | (16 | (17 | (18 | !(19 & (20 & 21)))))) | !14))) | !11) | !10) | !9)))))) | !3))) | !0)) & (t)] 0
[(!((1 | (2 | ((4 | ((6 | (7 | (8 | (((11 | (12 | (13 | ((15 | ((17 | (18 | ((20 | 21) | !19))) | !16)) | !14)))) | !10) | !9)))) | !5)) | !3))) | !0)) & (t)] 1
[(!((1 | (2 | ((4 | ((6 | (7 | (8 | (((11 | (12 | (13 | ((15 | ((17 | (18 | ((20 | !21) | !19))) | !16)) | !14)))) | !10) | !9)))) | !5)) | !3))) | !0)) & (t)] 0
[(!((1 | (2 | ((4 | ((6 | (7 | (8 | (((11 | (12 | (13 | ((15 | ((17 | (18 | ((21 | !20) | !19))) | !16)) | !14)))) | !10) | !9)))) | !5)) | !3))) | !0)) & (t)] 0
[(!((1 | (2 | ((4 | ((6 | (7 | (8 | (((11 | (12 | (13 | ((15 | ((17 | (18 | !(19 & (20 & 21)))) | !16)) | !14)))) | !10) | !9)))) | !5)) | !3))) | !0)) & (t)] 0
[(!((1 | (2 | ((4 | (5 | (6 | (7 | (8 | (9 | (((12 | (13 | ((15 | ((17 | ((21 | !19) | !18)) | !16)) | !14))) | !11) | !10))))))) | !3))) | !0)) & (t)] 0
[(!((1 | (2 | ((4 | (5 | (6 | (7 | (8 | (9 | (((12 | (13 | ((15 | ((17 | (((20 | !21) | !19) | !18)) | !16)) | !14))) | !11) | !10))))))) | !3))) | !0)) & (t)] 0
[(!((1 | (2 | ((4 | (5 | (6 | (7 | (8 | (9 | (((12 | (13 | ((15 | ((17 | !(18 & (19 & (20 & 21)))) | !16)) | !14))) | !11) | !10))))))) | !3))) | !0)) & (t)] 0
[(!((1 | (2 | ((4 | (5 | (6 | (7 | (8 | (((((13 | ((15 | ((17 | (18 | 19)) | !16)) | !14)) | !12) | !11) | !10) | !9)))))) | !3))) | !0)) & (t)] 0
[(!((((3 | (4 | (5 | (6 | (7 | (((10 | (11 | (12 | (13 | ((15 | (((18 | 19) | !17) | !16)) | !14))))) | !9) | !8)))))) | !2) | !1) | !0)) & (!(22 | !23))] 0
[(!((((3 | (4 | (5 | (6 | (7 | ((((11 | (12 | (13 | (14 | (15 | (((18 | 19) | !17) | !16)))))) | !10) | !9) | !8)))))) | !2) | !1) | !0)) & (t)] 0
[(!((((3 | (4 | (5 | (6 | (7 | ((((11 | (12 | (13 | ((15 | (((18 | 19) | !17) | !16)) | !14)))) | !10) | !9) | !8)))))) | !2) | !1) | !0)) & (t)] 1
[(!((1 | (2 | (3 | (4 | (5 | (6 | (7 | (8 | (((11 | (12 | (13 | ((15 | ((17 | (18 | (20 | !19))) | !16)) | !14)))) | !10) | !9))))))))) | !0)) & (t)] 0
[(!((1 | (2 | (3 | (4 | (5 | (6 | (7 | (8 | (((11 | (12 | (13 | ((15 | ((17 | (18 | ((21 | !20) | !19))) | !16)) | !14)))) | !10) | !9))))))))) | !0)) & (t)] 1
[(!((1 | (2 | (3 | (4 | (5 | (6 | (7 | (8 | (((11 | (12 | (13 | ((15 | ((17 | (18 | !(19 & (20 & 21)))) | !16)) | !14)))) | !10) | !9))))))))) | !0)) & (t)] 1
[(!((1 | (2 | ((4 | (5 | (6 | (7 | (8 | (((11 | (12 | (13 | ((15 | (16 | (17 | (18 | ((20 | 21) | !19))))) | !14)))) | !10) | !9)))))) | !3))) | !0)) & (t)] 0
[(!((1 | (2 | ((4 | (5 | (6 | (7 | (8 | (((11 | (12 | (13 | ((15 | (16 | (17 | (18 | ((20 | !21) | !19))))) | !14)))) | !10) | !9)))))) | !3))) | !0)) & (t)] 1
[(!((1 | (2 | ((4 | (5 | (6 | (7 | (8 | (((11 | (12 | (13 | ((15 | (16 | (17 | (18 | ((21 | !20) | !19))))) | !14)))) | !10) | !9)))))) | !3))) | !0)) & (t)] 0
[(!((1 | (2 | ((4 | (5 | (6 | (7 | (8 | (((11 | (12 | (13 | ((15 | (16 | (17 | (18 | !(19 & (20 & 21)))))) | !14)))) | !10) | !9)))))) | !3))) | !0)) & (t)] 0
[(!((1 | (2 | ((4 | (5 | (6 | (7 | (8 | (((11 | (12 | (13 | (14 | (15 | ((17 | (18 | ((20 | 21) | !19))) | !16)))))) | !10) | !9)))))) | !3))) | !0)) & (t)] 1
[(!((1 | (2 | ((4 | (5 | (6 | (7 | (8 | (((11 | (12 | (13 | (14 | (15 | ((17 | (18 | ((20 | !21) | !19))) | !16)))))) | !10) | !9)))))) | !3))) | !0)) & (t)] 1
[(!((1 | (2 | ((4 | (5 | (6 | (7 | (8 | (((11 | (12 | (13 | (14 | (15 | ((17 | (18 | ((21 | !20) | !19))) | !16)))))) | !10) | !9)))))) | !3))) | !0)) & (t)] 0
[(!((1 | (2 | ((4 | (5 | (6 | (7 | (8 | (((11 | (12 | (13 | (14 | (15 | ((17 | (18 | !(19 & (20 & 21)))) | !16)))))) | !10) | !9)))))) | !3))) | !0)) & (t)] 1
[(!((1 | (2 | (3 | (4 | ((6 | (7 | (8 | (((11 | (12 | (13 | ((15 | ((17 | (18 | (20 | !19))) | !16)) | !14)))) | !10) | !9)))) | !5))))) | !0)) & (t)] 0
[(!((1 | (2 | (3 | (4 | ((6 | (7 | (8 | (((11 | (12 | (13 | ((15 | ((17 | (18 | ((21 | !20) | !19))) | !16)) | !14)))) | !10) | !9)))) | !5))))) | !0)) & (t)] 0
[(!((1 | (2 | (3 | (4 | ((6 | (7 | (8 | (((11 | (12 | (13 | ((15 | ((17 | (18 | !(19 & (20 & 21)))) | !16)) | !14)))) | !10) | !9)))) | !5))))) | !0)) & (t)] 1
[(!((1 | (2 | ((4 | (5 | (6 | (7 | (8 | (((11 | (12 | (13 | ((15 | ((17 | (((20 | 21) | !19) | !18)) | !16)) | !14)))) | !10) | !9)))))) | !3))) | !0)) & (t)] 0
[(!((1 | (2 | ((4 | (5 | (6 | (7 | (8 | (((11 | (12 | (13 | ((15 | ((17 | (((20 | !21) | !19) | !18)) | !16)) | !14)))) | !10) | !9)))))) | !3))) | !0)) & (t)] 0
[(!((1 | (2 | ((4 | (5 | (6 | (7 | (8 | (((11 | (12 | (13 | ((15 | ((17 | (((21 | !20) | !19) | !18)) | !16)) | !14)))) | !10) | !9)))))) | !3))) | !0)) & (t)] 0
[(!((1 | (2 | ((4 | (5 | (6 | (7 | (8 | (((11 | (12 | (13 | ((15 | ((17 | !(18 & (19 & (20 & 21)))) | !16)) | !14)))) | !10) | !9)))))) | !3))) | !0)) & (t)] 1
[(!((1 | (2 | ((4 | (5 | (6 | (7 | (8 | ((((12 | (13 | ((15 | ((17 | (((20 | 21) | !19) | !18)) | !16)) | !14))) | !11) | !10) | !9)))))) | !3))) | !0)) & (t)] 0
[(!((1 | (2 | ((4 | (5 | (6 | (7 | (8 | ((((12 | (13 | ((15 | ((17 | (((20 | !21) | !19) | !18)) | !16)) | !14))) | !11) | !10) | !9)))))) | !3))) | !0)) & (t)] 0
[(!((1 | (2 | ((4 | (5 | (6 | (7 | (8 | ((((12 | (13 | ((15 | ((17 | (((21 | !20) | !19) | !18)) | !16)) | !14))) | !11) | !10) | !9)))))) | !3))) | !0)) & (t)] 0
[(!((1 | (2 | ((4 | (5 | (6 | (7 | (8 | ((((12 | (13 | ((15 | ((17 | !(18 & (19 & (20 & 21)))) | !16)) | !14))) | !11) | !10) | !9)))))) | !3))) | !0)) & (t)] 0
[(!((1 | (2 | ((4 | (5 | (6 | (7 | (8 | (((11 | ((13 | ((15 | ((17 | (18 | 19)) | !16)) | !14)) | !12)) | !10) | !9)))))) | !3))) | !0)) & (t)] 1
[(!((1 | (2 | ((4 | ((6 | (7 | (8 | (((11 | (12 | (13 | ((15 | (16 | (17 | (18 | ((20 | 21) | !19))))) | !14)))) | !10) | !9)))) | !5)) | !3))) | !0)) & (t)] 1
[(!((1 | (2 | ((4 | ((6 | (7 | (8 | (((11 | (12 | (13 | ((15 | (16 | (17 | (18 | ((20 | !21) | !19))))) | !14)))) | !10) | !9)))) | !5)) | !3))) | !0)) & (t)] 0
[(!((1 | (2 | ((4 | ((6 | (7 | (8 | (((11 | (12 | (13 | ((15 | (16 | (17 | (18 | ((21 | !20) | !19))))) | !14)))) | !10) | !9)))) | !5)) | !3))) | !0)) & (t)] 1
[(!((1 | (2 | ((4 | ((6 | (7 | (8 | (((11 | (12 | (13 | ((15 | (16 | (17 | (18 | !(19 & (20 & 21)))))) | !14)))) | !10) | !9)))) | !5)) | !3))) | !0)) & (t)] 1
[(!((1 | (2 | ((4 | (5 | (6 | (7 | (8 | (9 | (((12 | (13 | ((15 | (16 | (17 | ((21 | !19) | !18)))) | !14))) | !11) | !10))))))) | !3))) | !0)) & (t)] 0
[(!((1 | (2 | ((4 | (5 | (6 | (7 | (8 | (9 | (((12 | (13 | ((15 | (16 | (17 | (((20 | !21) | !19) | !18)))) | !14))) | !11) | !10))))))) | !3))) | !0)) & (t)] 0
[(!((1 | (2 | ((4 | (5 | (6 | (7 | (8 | (9 | (((12 | (13 | ((15 | (16 | (17 | !(18 & (19 & (20 & 21)))))) | !14))) | !11) | !10))))))) | !3))) | !0)) & (t)] 0
[(!((1 | (2 | ((4 | (5 | (6 | (7 | (8 | (((((13 | ((15 | (16 | (17 | (18 | 19)))) | !14)) | !12) | !11) | !10) | !9)))))) | !3))) | !0)) & (t)] 1
[(!((1 | (2 | ((4 | (5 | (6 | (7 | (8 | (9 | (((12 | (13 | ((15 | ((17 | (18 | (21 | !19))) | !16)) | !14))) | !11) | !10))))))) | !3))) | !0)) & (t)] 1
[(!((1 | (2 | ((4 | (5 | (6 | (7 | (8 | (9 | (((12 | (13 | ((15 | ((17 | (18 | ((20 | !21) | !19))) | !16)) | !14))) | !11) | !10))))))) | !3))) | !0)) & (t)] 0
[(!((1 | (2 | ((4 | (5 | (6 | (7 | (8 | (9 | (((12 | (13 | ((15 | ((17 | (18 | !(19 & (20 & 21)))) | !16)) | !14))) | !11) | !10))))))) | !3))) | !0)) & (t)] 1
[(!((1 | (2 | ((4 | ((6 | (7 | (8 | ((((12 | (13 | ((15 | ((17 | (18 | ((20 | 21) | !19))) | !16)) | !14))) | !11) | !10) | !9)))) | !5)) | !3))) | !0)) & (t)] 0
[(!((1 | (2 | ((4 | ((6 | (7 | (8 | ((((12 | (13 | ((15 | ((17 | (18 | ((20 | !21) | !19))) | !16)) | !14))) | !11) | !10) | !9)))) | !5)) | !3))) | !0)) & (t)] 0
[(!((1 | (2 | ((4 | ((6 | (7 | (8 | ((((12 | (13 | ((15 | ((17 | (18 | ((21 | !20) | !19))) | !16)) | !14))) | !11) | !10) | !9)))) | !5)) | !3))) | !0)) & (t)] 0
[(!((1 | (2 | ((4 | ((6 | (7 | (8 | ((((12 | (13 | ((15 | ((17 | (18 | !(19 & (20 & 21)))) | !16)) | !14))) | !11) | !10) | !9)))) | !5)) | !3))) | !0)) & (t)] 0
[(!((1 | (2 | ((4 | (5 | (6 | (7 | (8 | (9 | ((((13 | ((15 | ((17 | (18 | 19)) | !16)) | !14)) | !12) | !11) | !10))))))) | !3))) | !0)) & (t)] 1
[(!((1 | (2 | ((4 | (5 | (6 | (7 | (((((12 | (13 | ((15 | ((17 | (18 | 19)) | !16)) | !14))) | !11) | !10) | !9) | !8))))) | !3))) | !0)) & (t)] 0
[(!((1 | (2 | ((4 | (5 | (((((10 | ((12 | (((15 | ((17 | (18 | 19)) | !16)) | !14) | !13)) | !11)) | !9) | !8) | !7) | !6))) | !3))) | !0)) & (!(22 | !23))] 1
[(!((1 | (2 | (3 | (4 | (5 | (6 | (7 | (8 | (((11 | (12 | (13 | (14 | (15 | ((17 | (18 | (20 | !19))) | !16)))))) | !10) | !9))))))))) | !0)) & (t)] 1
[(!((1 | (2 | (3 | (4 | (5 | (6 | (7 | (8 | (((11 | (12 | (13 | (14 | (15 | ((17 | (18 | ((21 | !20) | !19))) | !16)))))) | !10) | !9))))))))) | !0)) & (t)] 0
[(!((1 | (2 | (3 | (4 | (5 | (6 | (7 | (8 | (((11 | (12 | (13 | (14 | (15 | ((17 | (18 | !(19 & (20 & 21)))) | !16)))))) | !10) | !9))))))))) | !0)) & (t)] 1
[(!((1 | (2 | (3 | (4 | (5 | (6 | (7 | (8 | (((11 | ((13 | ((15 | ((17 | (18 | 19)) | !16)) | !14)) | !12)) | !10) | !9))))))))) | !0)) & (t)] 1
[(!((1 | (2 | (3 | (4 | ((6 | (7 | (8 | (((11 | (12 | (13 | ((15 | (16 | (17 | (18 | (20 | !19))))) | !14)))) | !10) | !9)))) | !5))))) | !0)) & (t)] 0
[(!((1 | (2 | (3 | (4 | ((6 | (7 | (8 | (((11 | (12 | (13 | ((15 | (16 | (17 | (18 | ((21 | !20) | !19))))) | !14)))) | !10) | !9)))) | !5))))) | !0)) & (t)] 0
[(!((1 | (2 | (3 | (4 | ((6 | (7 | (8 | (((11 | (12 | (13 | ((15 | (16 | (17 | (18 | !(19 & (20 & 21)))))) | !14)))) | !10) | !9)))) | !5))))) | !0)) & (t)] 1
[(!((1 | (2 | ((4 | (5 | (6 | (7 | (8 | (((11 | (12 | (13 | ((15 | (16 | (17 | (((20 | 21) | !19) | !18)))) | !14)))) | !10) | !9)))))) | !3))) | !0)) & (t)] 1
[(!((1 | (2 | ((4 | (5 | (6 | (7 | (8 | (((11 | (12 | (13 | ((15 | (16 | (17 | (((20 | !21) | !19) | !18)))) | !14)))) | !10) | !9)))))) | !3))) | !0)) & (t)] 0
[(!((1 | (2 | ((4 | (5 | (6 | (7 | (8 | (((11 | (12 | (13 | ((15 | (16 | (17 | (((21 | !20) | !19) | !18)))) | !14)))) | !10) | !9)))))) | !3))) | !0)) & (t)] 0
[(!((1 | (2 | ((4 | (5 | (6 | (7 | (8 | (((11 | (12 | (13 | ((15 | (16 | (17 | !(18 & (19 & (20 & 21)))))) | !14)))) | !10) | !9)))))) | !3))) | !0)) & (t)] 0
[(!((1 | (2 | ((4 | (5 | (6 | (7 | (8 | ((((12 | (13 | ((15 | (16 | (17 | (((20 | 21) | !19) | !18)))) | !14))) | !11) | !10) | !9)))))) | !3))) | !0)) & (t)] 0
[(!((1 | (2 | ((4 | (5 | (6 | (7 | (8 | ((((12 | (13 | ((15 | (16 | (17 | (((20 | !21) | !19) | !18)))) | !14))) | !11) | !10) | !9)))))) | !3))) | !0)) & (t)] 1
[(!((1 | (2 | ((4 | (5 | (6 | (7 | (8 | ((((12 | (13 | ((15 | (16 | (17 | (((21 | !20) | !19) | !18)))) | !14))) | !11) | !10) | !9)))))) | !3))) | !0)) & (t)] 0
[(!((1 | (2 | ((4 | (5 | (6 | (7 | (8 | ((((12 | (13 | ((15 | (16 | (17 | !(18 & (19 & (20 & 21)))))) | !14))) | !11) | !10) | !9)))))) | !3))) | !0)) & (t)] 0
[(!((1 | (2 | ((4 | (5 | (6 | (7 | (8 | (((11 | ((13 | ((15 | (16 | (17 | (18 | 19)))) | !14)) | !12)) | !10) | !9)))))) | !3))) | !0)) & (t)] 0
[(!((1 | (2 | (3 | (4 | ((6 | (7 | (8 | (((11 | (12 | (13 | (14 | (15 | ((17 | (18 | (20 | !19))) | !16)))))) | !10) | !9)))) | !5))))) | !0)) & (t)] 1
[(!((1 | (2 | (3 | (4 | ((6 | (7 | (8 | (((11 | (12 | (13 | (14 | (15 | ((17 | (18 | ((21 | !20) | !19))) | !16)))))) | !10) | !9)))) | !5))))) | !0)) & (t)] 0
[(!((1 | (2 | (3 | (4 | ((6 | (7 | (8 | (((11 | (12 | (13 | (14 | (15 | ((17 | (18 | !(19 & (20 & 21)))) | !16)))))) | !10) | !9)))) | !5))))) | !0)) & (t)] 0
[(!((1 | (2 | ((4 | ((6 | (7 | (8 | (((11 | (12 | (13 | (14 | (15 | ((17 | (18 | ((20 | 21) | !19))) | !16)))))) | !10) | !9)))) | !5)) | !3))) | !0)) & (t)] 1
[(!((1 | (2 | ((4 | ((6 | (7 | (8 | (((11 | (12 | (13 | (14 | (15 | ((17 | (18 | ((20 | !21) | !19))) | !16)))))) | !10) | !9)))) | !5)) | !3))) | !0)) & (t)] 0
[(!((1 | (2 | ((4 | ((6 | (7 | (8 | (((11 | (12 | (13 | (14 | (15 | ((17 | (18 | ((21 | !20) | !19))) | !16)))))) | !10) | !9)))) | !5)) | !3))) | !0)) & (t)] 0
[(!((1 | (2 | ((4 | ((6 | (7 | (8 | (((11 | (12 | (13 | (14 | (15 | ((17 | (18 | !(19 & (20 & 21)))) | !16)))))) | !10) | !9)))) | !5)) | !3))) | !0)) & (t)] 0
[(!((1 | (2 | ((4 | (5 | (6 | (7 | (8 | (((11 | (12 | (13 | (14 | (15 | ((17 | (((20 | 21) | !19) | !18)) | !16)))))) | !10) | !9)))))) | !3))) | !0)) & (t)] 0
[(!((1 | (2 | ((4 | (5 | (6 | (7 | (8 | (((11 | (12 | (13 | (14 | (15 | ((17 | (((20 | !21) | !19) | !18)) | !16)))))) | !10) | !9)))))) | !3))) | !0)) & (t)] 1
[(!((1 | (2 | ((4 | (5 | (6 | (7 | (8 | (((11 | (12 | (13 | (14 | (15 | ((17 | (((21 | !20) | !19) | !18)) | !16)))))) | !10) | !9)))))) | !3))) | !0)) & (t)] 1
[(!((1 | (2 | ((4 | (5 | (6 | (7 | (8 | (((11 | (12 | (13 | (14 | (15 | ((17 | !(18 & (19 & (20 & 21)))) | !16)))))) | !10) | !9)))))) | !3))) | !0)) & (t)] 1
[(!((1 | (2 | ((4 | (5 | (6 | (7 | (8 | ((((12 | (13 | (14 | (15 | ((17 | (((20 | 21) | !19) | !18)) | !16))))) | !11) | !10) | !9)))))) | !3))) | !0)) & (t)] 0
[(!((1 | (2 | ((4 | (5 | (6 | (7 | (8 | ((((12 | (13 | (14 | (15 | ((17 | (((20 | !21) | !19) | !18)) | !16))))) | !11) | !10) | !9)))))) | !3))) | !0)) & (t)] 1
[(!((1 | (2 | ((4 | (5 | (6 | (7 | (8 | ((((12 | (13 | (14 | (15 | ((17 | (((21 | !20) | !19) | !18)) | !16))))) | !11) | !10) | !9)))))) | !3))) | !0)) & (t)] 0
[(!((1 | (2 | ((4 | (5 | (6 | (7 | (8 | ((((12 | (13 | (14 | (15 | ((17 | !(18 & (19 & (20 & 21)))) | !16))))) | !11) | !10) | !9)))))) | !3))) | !0)) & (t)] 1
[(!((1 | (2 | ((4 | (5 | (6 | (7 | (8 | (((11 | ((13 | (14 | (15 | ((17 | (18 | 19)) | !16)))) | !12)) | !10) | !9)))))) | !3))) | !0)) & (t)] 0
[(!((1 | (2 | ((4 | (5 | (6 | (7 | ((((11 | (12 | (13 | ((15 | ((17 | (18 | 19)) | !16)) | !14)))) | !10) | !9) | !8))))) | !3))) | !0)) & (t)] 1
[(!((1 | (2 | ((4 | (5 | (6 | (7 | (8 | (9 | (((12 | (13 | ((15 | (16 | (17 | (18 | (21 | !19))))) | !14))) | !11) | !10))))))) | !3))) | !0)) & (t)] 0
[(!((1 | (2 | ((4 | (5 | (6 | (7 | (8 | (9 | (((12 | (13 | ((15 | (16 | (17 | (18 | ((20 | !21) | !19))))) | !14))) | !11) | !10))))))) | !3))) | !0)) & (t)] 1
[(!((1 | (2 | ((4 | (5 | (6 | (7 | (8 | (9 | (((12 | (13 | ((15 | (16 | (17 | (18 | !(19 & (20 & 21)))))) | !14))) | !11) | !10))))))) | !3))) | !0)) & (t)] 0
[(!((1 | (2 | ((4 | ((6 | (7 | (8 | ((((12 | (13 | ((15 | (16 | (17 | (18 | ((20 | 21) | !19))))) | !14))) | !11) | !10) | !9)))) | !5)) | !3))) | !0)) & (t)] 1
[(!((1 | (2 | ((4 | ((6 | (7 | (8 | ((((12 | (13 | ((15 | (16 | (17 | (18 | ((20 | !21) | !19))))) | !14))) | !11) | !10) | !9)))) | !5)) | !3))) | !0)) & (t)] 0
[(!((1 | (2 | ((4 | ((6 | (7 | (8 | ((((12 | (13 | ((15 | (16 | (17 | (18 | ((21 | !20) | !19))))) | !14))) | !11) | !10) | !9)))) | !5)) | !3))) | !0)) & (t)] 1
[(!((1 | (2 | ((4 | ((6 | (7 | (8 | ((((12 | (13 | ((15 | (16 | (17 | (18 | !(19 & (20 & 21)))))) | !14))) | !11) | !10) | !9)))) | !5)) | !3))) | !0)) & (t)] 0
[(!((1 | (2 | ((4 | (5 | (6 | (7 | (8 | (9 | ((((13 | ((15 | (16 | (17 | (18 | 19)))) | !14)) | !12) | !11) | !10))))))) | !3))) | !0)) & (t)] 1
[(!((1 | (2 | ((4 | (5 | (6 | (7 | (((((12 | (13 | ((15 | (16 | (17 | (18 | 19)))) | !14))) | !11) | !10) | !9) | !8))))) | !3))) | !0)) & (t)] 0
[(!((1 | (2 | ((4 | (5 | (((((10 | ((12 | (((15 | (16 | (17 | (18 | 19)))) | !14) | !13)) | !11)) | !9) | !8) | !7) | !6))) | !3))) | !0)) & (!(22 | !23))] 0
[(!(((((4 | (5 | (6 | (7 | (((10 | ((12 | (13 | ((15 | (((18 | 19) | !17) | !16)) | !14))) | !11)) | !9) | !8))))) | !3) | !2) | !1) | !0)) & (!(22 | !23))] 0
[(!(((((4 | (5 | (6 | (7 | (((((12 | (13 | (14 | (15 | (((18 | 19) | !17) | !16))))) | !11) | !10) | !9) | !8))))) | !3) | !2) | !1) | !0)) & (t)] 1
[(!(((((4 | (5 | (6 | (7 | (((((12 | (13 | ((15 | (((18 | 19) | !17) | !16)) | !14))) | !11) | !10) | !9) | !8))))) | !3) | !2) | !1) | !0)) & (t)] 0
[(!((1 | (2 | (3 | (4 | (5 | (6 | (7 | (8 | (((11 | ((13 | (14 | (15 | ((17 | (18 | 19)) | !16)))) | !12)) | !10) | !9))))))))) | !0)) & (t)] 0
[(!((1 | (2 | (3 | (4 | (5 | (6 | (7 | ((((11 | (12 | (13 | ((15 | ((17 | (18 | 19)) | !16)) | !14)))) | !10) | !9) | !8)))))))) | !0)) & (t)] 0
[(!((1 | (2 | (3 | (4 | (5 | (6 | (7 | (8 | (((11 | (12 | (13 | ((15 | (16 | (17 | (18 | (20 | !19))))) | !14)))) | !10) | !9))))))))) | !0)) & (t)] 0
[(!((1 | (2 | (3 | (4 | (5 | (6 | (7 | (8 | (((11 | (12 | (13 | ((15 | (16 | (17 | (18 | ((21 | !20) | !19))))) | !14)))) | !10) | !9))))))))) | !0)) & (t)] 0
[(!((1 | (2 | (3 | (4 | (5 | (6 | (7 | (8 | (((11 | (12 | (13 | ((15 | (16 | (17 | (18 | !(19 & (20 & 21)))))) | !14)))) | !10) | !9))))))))) | !0)) & (t)] 0
[(!((1 | (2 | (3 | (4 | (5 | (6 | (7 | (8 | (((11 | ((13 | ((15 | (16 | (17 | (18 | 19)))) | !14)) | !12)) | !10) | !9))))))))) | !0)) & (t)] 0
[(!((1 | (2 | ((4 | (5 | (6 | (7 | ((((11 | (12 | (13 | ((15 | (16 | (17 | (18 | 19)))) | !14)))) | !10) | !9) | !8))))) | !3))) | !0)) & (t)] 0
[(!((1 | (2 | ((4 | (5 | (((((10 | (11 | (12 | (((15 | (16 | (17 | (18 | 19)))) | !14) | !13)))) | !9) | !8) | !7) | !6))) | !3))) | !0)) & (!(22 | !23))] 1
[(!((1 | (2 | ((4 | (5 | (6 | (7 | (8 | ((((12 | (13 | (14 | (15 | ((17 | (18 | ((20 | 21) | !19))) | !16))))) | !11) | !10) | !9)))))) | !3))) | !0)) & (t)] 1
[(!((1 | (2 | ((4 | (5 | (6 | (7 | (8 | ((((12 | (13 | (14 | (15 | ((17 | (18 | ((20 | !21) | !19))) | !16))))) | !11) | !10) | !9)))))) | !3))) | !0)) & (t)] 1
[(!((1 | (2 | ((4 | (5 | (6 | (7 | (8 | ((((12 | (13 | (14 | (15 | ((17 | (18 | ((21 | !20) | !19))) | !16))))) | !11) | !10) | !9)))))) | !3))) | !0)) & (t)] 1
[(!((1 | (2 | ((4 | (5 | (6 | (7 | (8 | ((((12 | (13 | (14 | (15 | ((17 | (18 | !(19 & (20 & 21)))) | !16))))) | !11) | !10) | !9)))))) | !3))) | !0)) & (t)] 0
[(!((1 | (2 | ((4 | (5 | (6 | (7 | (8 | (9 | (((12 | (13 | (14 | (15 | ((17 | ((21 | !19) | !18)) | !16))))) | !11) | !10))))))) | !3))) | !0)) & (t)] 1
[(!((1 | (2 | ((4 | (5 | (6 | (7 | (8 | (9 | (((12 | (13 | (14 | (15 | ((17 | (((20 | !21) | !19) | !18)) | !16))))) | !11) | !10))))))) | !3))) | !0)) & (t)] 1
[(!((1 | (2 | ((4 | (5 | (6 | (7 | (8 | (9 | (((12 | (13 | (14 | (15 | ((17 | !(18 & (19 & (20 & 21)))) | !16))))) | !11) | !10))))))) | !3))) | !0)) & (t)] 0
[(!((1 | (2 | ((4 | (5 | (6 | (7 | (8 | (((((13 | (14 | (15 | ((17 | (18 | 19)) | !16)))) | !12) | !11) | !10) | !9)))))) | !3))) | !0)) & (t)] 1
[(!(0 | (1 | (((4 | (5 | (6 | (7 | ((((11 | (12 | (13 | (14 | ((((18 | 19) | !17) | !16) | !15))))) | !10) | !9) | !8))))) | !3) | !2)))) & (!(23 | !22))] 0
[(!((1 | (2 | ((4 | (5 | (6 | (7 | ((((11 | (12 | (13 | (14 | (15 | ((17 | (18 | 19)) | !16)))))) | !10) | !9) | !8))))) | !3))) | !0)) & (t)] 0
[(!((1 | (2 | (3 | (4 | (5 | (6 | (7 | ((((11 | (12 | (13 | (14 | (15 | ((17 | (18 | 19)) | !16)))))) | !10) | !9) | !8)))))))) | !0)) & (t)] 0
[(!((1 | (2 | (3 | (4 | (5 | (6 | (7 | ((((11 | (12 | (13 | ((15 | (16 | (17 | (18 | 19)))) | !14)))) | !10) | !9) | !8)))))))) | !0)) & (t)] 1
[(!((1 | (2 | (3 | (4 | (5 | (((((10 | (11 | (12 | (((15 | (16 | (17 | (18 | 19)))) | !14) | !13)))) | !9) | !8) | !7) | !6)))))) | !0)) & (!(22 | !23))] 1
[(!((1 | (2 | ((4 | (5 | (6 | (7 | (8 | (9 | (((12 | (13 | (14 | (15 | ((17 | (18 | (21 | !19))) | !16))))) | !11) | !10))))))) | !3))) | !0)) & (t)] 0
[(!((1 | (2 | ((4 | (5 | (6 | (7 | (8 | (9 | (((12 | (13 | (14 | (15 | ((17 | (18 | ((20 | !21) | !19))) | !16))))) | !11) | !10))))))) | !3))) | !0)) & (t)] 0
[(!((1 | (2 | ((4 | (5 | (6 | (7 | (8 | (9 | (((12 | (13 | (14 | (15 | ((17 | (18 | !(19 & (20 & 21)))) | !16))))) | !11) | !10))))))) | !3))) | !0)) & (t)] 1
[(!((1 | (2 | ((4 | ((6 | (7 | (8 | ((((12 | (13 | (14 | (15 | ((17 | (18 | ((20 | 21) | !19))) | !16))))) | !11) | !10) | !9)))) | !5)) | !3))) | !0)) & (t)] 1
[(!((1 | (2 | ((4 | ((6 | (7 | (8 | ((((12 | (13 | (14 | (15 | ((17 | (18 | ((20 | !21) | !19))) | !16))))) | !11) | !10) | !9)))) | !5)) | !3))) | !0)) & (t)] 0
[(!((1 | (2 | ((4 | ((6 | (7 | (8 | ((((12 | (13 | (14 | (15 | ((17 | (18 | ((21 | !20) | !19))) | !16))))) | !11) | !10) | !9)))) | !5)) | !3))) | !0)) & (t)] 1
[(!((1 | (2 | ((4 | ((6 | (7 | (8 | ((((12 | (13 | (14 | (15 | ((17 | (18 | !(19 & (20 & 21)))) | !16))))) | !11) | !10) | !9)))) | !5)) | !3))) | !0)) & (t)] 1
[(!((1 | (2 | ((4 | (5 | (6 | (7 | (8 | (9 | ((((13 | (14 | (15 | ((17 | (18 | 19)) | !16)))) | !12) | !11) | !10))))))) | !3))) | !0)) & (t)] 0
[(!(0 | (1 | (((4 | (5 | (6 | (7 | (((((12 | (13 | (14 | ((((18 | 19) | !17) | !16) | !15)))) | !11) | !10) | !9) | !8))))) | !3) | !2)))) & (t)] 0
[(!((1 | (2 | ((4 | (5 | (6 | (7 | (((((12 | (13 | (14 | (15 | ((17 | (18 | 19)) | !16))))) | !11) | !10) | !9) | !8))))) | !3))) | !0)) & (t)] 0
State: 1 "[1]"
[(!(0 | (1 | (2 | ((4 | (5 | (6 | (7 | (8 | (9 | (((12 | (13 | ((15 | ((17 | (18 | (21 | !19))) | !16)) | !14))) | !11) | !10))))))) | !3))))) & (t)] 1
[(!(0 | (1 | (2 | ((4 | (5 | (6 | (7 | (8 | (9 | (((12 | (13 | ((15 | ((17 | (18 | ((20 | !21) | !19))) | !16)) | !14))) | !11) | !10))))))) | !3))))) & (t)] 1
[(!(0 | (1 | (2 | ((4 | (5 | (6 | (7 | (8 | (9 | (((12 | (13 | ((15 | ((17 | (18 | !(19 & (20 & 21)))) | !16)) | !14))) | !11) | !10))))))) | !3))))) & (t)] 1
[(!(0 | (1 | (2 | ((4 | ((6 | (7 | (8 | ((((12 | (13 | ((15 | ((17 | (18 | ((20 | 21) | !19))) | !16)) | !14))) | !11) | !10) | !9)))) | !5)) | !3))))) & (t)] 0
[(!(0 | (1 | (2 | ((4 | ((6 | (7 | (8 | ((((12 | (13 | ((15 | ((17 | (18 | ((20 | !21) | !19))) | !16)) | !14))) | !11) | !10) | !9)))) | !5)) | !3))))) & (t)] 0
[(!(0 | (1 | (2 | ((4 | ((6 | (7 | (8 | ((((12 | (13 | ((15 | ((17 | (18 | ((21 | !20) | !19))) | !16)) | !14))) | !11) | !10) | !9)))) | !5)) | !3))))) & (t)] 1
[(!(0 | (1 | (2 | ((4 | ((6 | (7 | (8 | ((((12 | (13 | ((15 | ((17 | (18 | !(19 & (20 & 21)))) | !16)) | !14))) | !11) | !10) | !9)))) | !5)) | !3))))) & (t)] 0
[(!(0 | (1 | (2 | ((4 | (5 | (6 | (7 | (8 | (9 | ((((13 | ((15 | ((17 | (18 | 19)) | !16)) | !14)) | !12) | !11) | !10))))))) | !3))))) & (t)] 0
[(!(0 | (1 | (2 | ((4 | (5 | (6 | (7 | (8 | ((((12 | (13 | ((15 | ((17 | (18 | ((20 | 21) | !19))) | !16)) | !14))) | !11) | !10) | !9)))))) | !3))))) & (t)] 1
[(!(0 | (1 | (2 | ((4 | (5 | (6 | (7 | (8 | ((((12 | (13 | ((15 | ((17 | (18 | ((20 | !21) | !19))) | !16)) | !14))) | !11) | !10) | !9)))))) | !3))))) & (t)] 0
[(!(0 | (1 | (2 | ((4 | (5 | (6 | (7 | (8 | ((((12 | (13 | ((15 | ((17 | (18 | ((21 | !20) | !19))) | !16)) | !14))) | !11) | !10) | !9)))))) | !3))))) & (t)] 1
[(!(0 | (1 | (2 | ((4 | (5 | (6 | (7 | (8 | ((((12 | (13 | ((15 | ((17 | (18 | !(19 & (20 & 21)))) | !16)) | !14))) | !11) | !10) | !9)))))) | !3))))) & (t)] 0
[(!(0 | (1 | (2 | ((4 | ((6 | (7 | (8 | (((11 | (12 | (13 | ((15 | ((17 | (18 | ((20 | 21) | !19))) | !16)) | !14)))) | !10) | !9)))) | !5)) | !3))))) & (t)] 0
[(!(0 | (1 | (2 | ((4 | ((6 | (7 | (8 | (((11 | (12 | (13 | ((15 | ((17 | (18 | ((20 | !21) | !19))) | !16)) | !14)))) | !10) | !9)))) | !5)) | !3))))) & (t)] 1
[(!(0 | (1 | (2 | ((4 | ((6 | (7 | (8 | (((11 | (12 | (13 | ((15 | ((17 | (18 | ((21 | !20) | !19))) | !16)) | !14)))) | !10) | !9)))) | !5)) | !3))))) & (t)] 0
[(!(0 | (1 | (2 | ((4 | ((6 | (7 | (8 | (((11 | (12 | (13 | ((15 | ((17 | (18 | !(19 & (20 & 21)))) | !16)) | !14)))) | !10) | !9)))) | !5)) | !3))))) & (t)] 0
[(!(0 | (1 | (2 | ((4 | (5 | (6 | (7 | (8 | (9 | (((12 | (13 | ((15 | ((17 | ((21 | !19) | !18)) | !16)) | !14))) | !11) | !10))))))) | !3))))) & (t)] 1
[(!(0 | (1 | (2 | ((4 | (5 | (6 | (7 | (8 | (9 | (((12 | (13 | ((15 | ((17 | (((20 | !21) | !19) | !18)) | !16)) | !14))) | !11) | !10))))))) | !3))))) & (t)] 1
[(!(0 | (1 | (2 | ((4 | (5 | (6 | (7 | (8 | (9 | (((12 | (13 | ((15 | ((17 | !(18 & (19 & (20 & 21)))) | !16)) | !14))) | !11) | !10))))))) | !3))))) & (t)] 0
[(!(0 | (1 | (2 | ((4 | (5 | (6 | (7 | (8 | (((((13 | ((15 | ((17 | (18 | 19)) | !16)) | !14)) | !12) | !11) | !10) | !9)))))) | !3))))) & (t)] 0
[(!(0 | (1 | (2 | ((4 | (5 | (6 | (7 | (8 | (((11 | (12 | (13 | ((15 | ((17 | (18 | ((20 | 21) | !19))) | !16)) | !14)))) | !10) | !9)))))) | !3))))) & (t)] 1
[(!(0 | (1 | (2 | ((4 | (5 | (6 | (7 | (8 | (((11 | (12 | (13 | ((15 | ((17 | (18 | ((20 | !21) | !19))) | !16)) | !14)))) | !10) | !9)))))) | !3))))) & (t)] 1
[(!(0 | (1 | (2 | ((4 | (5 | (6 | (7 | (8 | (((11 | (12 | (13 | ((15 | ((17 | (18 | ((21 | !20) | !19))) | !16)) | !14)))) | !10) | !9)))))) | !3))))) & (t)] 0
[(!(0 | (1 | (2 | ((4 | (5 | (6 | (7 | (8 | (((11 | (12 | (13 | ((15 | ((17 | (18 | !(19 & (20 & 21)))) | !16)) | !14)))) | !10) | !9)))))) | !3))))) & (t)] 0
[(!(0 | (1 | (2 | (3 | (4 | ((6 | (7 | (8 | (((11 | (12 | (13 | ((15 | ((17 | (18 | (20 | !19))) | !16)) | !14)))) | !10) | !9)))) | !5))))))) & (t)] 1
[(!(0 | (1 | (2 | (3 | (4 | ((6 | (7 | (8 | (((11 | (12 | (13 | ((15 | ((17 | (18 | ((21 | !20) | !19))) | !16)) | !14)))) | !10) | !9)))) | !5))))))) & (t)] 1
[(!(0 | (1 | (2 | (3 | (4 | ((6 | (7 | (8 | (((11 | (12 | (13 | ((15 | ((17 | (18 | !(19 & (20 & 21)))) | !16)) | !14)))) | !10) | !9)))) | !5))))))) & (t)] 1
[(!(0 | (1 | (2 | ((4 | (5 | (6 | (7 | (8 | (((11 | (12 | (13 | ((15 | ((17 | (((20 | 21) | !19) | !18)) | !16)) | !14)))) | !10) | !9)))))) | !3))))) & (t)] 1
[(!(0 | (1 | (2 | ((4 | (5 | (6 | (7 | (8 | (((11 | (12 | (13 | ((15 | ((17 | (((20 | !21) | !19) | !18)) | !16)) | !14)))) | !10) | !9)))))) | !3))))) & (t)] 0
[(!(0 | (1 | (2 | ((4 | (5 | (6 | (7 | (8 | (((11 | (12 | (13 | ((15 | ((17 | (((21 | !20) | !19) | !18)) | !16)) | !14)))) | !10) | !9)))))) | !3))))) & (t)] 1
[(!(0 | (1 | (2 | ((4 | (5 | (6 | (7 | (8 | (((11 | (12 | (13 | ((15 | ((17 | !(18 & (19 & (20 & 21)))) | !16)) | !14)))) | !10) | !9)))))) | !3))))) & (t)] 0
[(!(0 | (1 | (2 | ((4 | (5 | (6 | (7 | (8 | ((((12 | (13 | ((15 | ((17 | (((20 | 21) | !19) | !18)) | !16)) | !14))) | !11) | !10) | !9)))))) | !3))))) & (t)] 0
[(!(0 | (1 | (2 | ((4 | (5 | (6 | (7 | (8 | ((((12 | (13 | ((15 | ((17 | (((20 | !21) | !19) | !18)) | !16)) | !14))) | !11) | !10) | !9)))))) | !3))))) & (t)] 1
[(!(0 | (1 | (2 | ((4 | (5 | (6 | (7 | (8 | ((((12 | (13 | ((15 | ((17 | (((21 | !20) | !19) | !18)) | !16)) | !14))) | !11) | !10) | !9)))))) | !3))))) & (t)] 1
[(!(0 | (1 | (2 | ((4 | (5 | (6 | (7 | (8 | ((((12 | (13 | ((15 | ((17 | !(18 & (19 & (20 & 21)))) | !16)) | !14))) | !11) | !10) | !9)))))) | !3))))) & (t)] 1
[(!(0 | (1 | (2 | ((4 | (5 | (6 | (7 | (8 | (((11 | ((13 | ((15 | ((17 | (18 | 19)) | !16)) | !14)) | !12)) | !10) | !9)))))) | !3))))) & (t)] 0
[(!(0 | (1 | (2 | ((4 | (5 | (6 | (7 | (((((12 | (13 | ((15 | ((17 | (18 | 19)) | !16)) | !14))) | !11) | !10) | !9) | !8))))) | !3))))) & (t)] 1
[(!(0 | (1 | (2 | ((4 | (5 | (((((((12 | (((15 | ((17 | (18 | 19)) | !16)) | !14) | !13)) | !11) | !10) | !9) | !8) | !7) | !6))) | !3))))) & (t)] 0
[(!(0 | (1 | (((4 | (5 | (6 | (7 | (((((12 | (13 | (((((18 | 19) | !17) | !16) | !15) | !14))) | !11) | !10) | !9) | !8))))) | !3) | !2)))) & (t)] 0
[(!((1 | (2 | ((4 | (5 | (((((((12 | (((15 | ((17 | (18 | 19)) | !16)) | !14) | !13)) | !11) | !10) | !9) | !8) | !7) | !6))) | !3))) | !0)) & (t)] 1
[(!(0 | (1 | (2 | (3 | (4 | (5 | (6 | (7 | (8 | (((11 | (12 | (13 | ((15 | ((17 | (18 | (20 | !19))) | !16)) | !14)))) | !10) | !9))))))))))) & (t)] 0
[(!(0 | (1 | (2 | (3 | (4 | (5 | (6 | (7 | (8 | (((11 | (12 | (13 | ((15 | ((17 | (18 | ((21 | !20) | !19))) | !16)) | !14)))) | !10) | !9))))))))))) & (t)] 0
[(!(0 | (1 | (2 | (3 | (4 | (5 | (6 | (7 | (8 | (((11 | (12 | (13 | ((15 | ((17 | (18 | !(19 & (20 & 21)))) | !16)) | !14)))) | !10) | !9))))))))))) & (t)] 1
[(!(0 | (1 | (2 | (3 | (4 | (5 | (6 | (7 | (8 | (((11 | ((13 | ((15 | ((17 | (18 | 19)) | !16)) | !14)) | !12)) | !10) | !9))))))))))) & (t)] 1
[(!(0 | (1 | (2 | ((4 | (5 | (6 | (7 | ((((11 | (12 | (13 | ((15 | ((17 | (18 | 19)) | !16)) | !14)))) | !10) | !9) | !8))))) | !3))))) & (t)] 0
[(!(0 | (1 | (2 | ((4 | (5 | ((((((11 | (12 | (((15 | ((17 | (18 | 19)) | !16)) | !14) | !13))) | !10) | !9) | !8) | !7) | !6))) | !3))))) & (t)] 0
[(!(0 | (1 | (((4 | (5 | (6 | (7 | ((((11 | (12 | (13 | (((((18 | 19) | !17) | !16) | !15) | !14)))) | !10) | !9) | !8))))) | !3) | !2)))) & (!(23 | !22))] 0
[(!((1 | (2 | ((4 | (5 | (((((10 | (11 | (12 | (((15 | ((17 | (18 | 19)) | !16)) | !14) | !13)))) | !9) | !8) | !7) | !6))) | !3))) | !0)) & (!(22 | !23))] 1
[(!((1 | (2 | ((4 | (5 | ((((((11 | (12 | (((15 | ((17 | (18 | 19)) | !16)) | !14) | !13))) | !10) | !9) | !8) | !7) | !6))) | !3))) | !0)) & (t)] 1
[(!(0 | (1 | (2 | (((5 | ((7 | (((((12 | (((15 | ((17 | (18 | 19)) | !16)) | !14) | !13)) | !11) | !10) | !9) | !8)) | !6)) | !4) | !3))))) & (!(23 | !22))] 1
[(!((1 | (2 | (((5 | ((7 | (((((12 | (((15 | (16 | (17 | (18 | 19)))) | !14) | !13)) | !11) | !10) | !9) | !8)) | !6)) | !4) | !3))) | !0)) & (t)] 1
[(!((1 | (2 | (((5 | ((7 | (((((12 | (((15 | ((17 | (18 | 19)) | !16)) | !14) | !13)) | !11) | !10) | !9) | !8)) | !6)) | !4) | !3))) | !0)) & (t)] 0
[(!((1 | (2 | ((4 | (5 | (6 | (7 | (8 | ((((12 | (13 | ((15 | ((17 | (18 | ((20 | 21) | !19))) | !16)) | !14))) | !11) | !10) | !9)))))) | !3))) | !0)) & (t)] 0
[(!((1 | (2 | ((4 | (5 | (6 | (7 | (8 | ((((12 | (13 | ((15 | ((17 | (18 | ((20 | !21) | !19))) | !16)) | !14))) | !11) | !10) | !9)))))) | !3))) | !0)) & (t)] 1
[(!((1 | (2 | ((4 | (5 | (6 | (7 | (8 | ((((12 | (13 | ((15 | ((17 | (18 | ((21 | !20) | !19))) | !16)) | !14))) | !11) | !10) | !9)))))) | !3))) | !0)) & (t)] 0
[(!((1 | (2 | ((4 | (5 | (6 | (7 | (8 | ((((12 | (13 | ((15 | ((17 | (18 | !(19 & (20 & 21)))) | !16)) | !14))) | !11) | !10) | !9)))))) | !3))) | !0)) & (t)] 1
[(!((1 | (2 | (3 | (4 | (5 | (((((10 | (11 | (12 | (((15 | ((17 | (18 | 19)) | !16)) | !14) | !13)))) | !9) | !8) | !7) | !6)))))) | !0)) & (!(22 | !23))] 1
[(!((1 | (2 | (3 | (4 | (5 | ((((((11 | (12 | (((15 | ((17 | (18 | 19)) | !16)) | !14) | !13))) | !10) | !9) | !8) | !7) | !6)))))) | !0)) & (t)] 1
[(!(0 | (1 | (2 | (((5 | ((7 | ((((11 | (12 | (((15 | ((17 | (18 | 19)) | !16)) | !14) | !13))) | !10) | !9) | !8)) | !6)) | !4) | !3))))) & (t)] 1
[(!((1 | (2 | (((5 | ((7 | ((((11 | (12 | (((15 | (16 | (17 | (18 | 19)))) | !14) | !13))) | !10) | !9) | !8)) | !6)) | !4) | !3))) | !0)) & (t)] 0
[(!((1 | (2 | (((5 | ((7 | ((((11 | (12 | (((15 | ((17 | (18 | 19)) | !16)) | !14) | !13))) | !10) | !9) | !8)) | !6)) | !4) | !3))) | !0)) & (t)] 1
[(!(((((4 | (5 | (6 | (7 | (((10 | (11 | (12 | (13 | ((15 | (((18 | 19) | !17) | !16)) | !14))))) | !9) | !8))))) | !3) | !2) | !1) | !0)) & (!(22 | !23))] 0
[(!(((((4 | (5 | (6 | (7 | ((((11 | (12 | (13 | (14 | (15 | (((18 | 19) | !17) | !16)))))) | !10) | !9) | !8))))) | !3) | !2) | !1) | !0)) & (t)] 1
[(!(((((4 | (5 | (6 | (7 | ((((11 | (12 | (13 | ((15 | (((18 | 19) | !17) | !16)) | !14)))) | !10) | !9) | !8))))) | !3) | !2) | !1) | !0)) & (t)] 1
[(!((1 | (2 | ((4 | (5 | (6 | (7 | (8 | (((11 | (12 | (13 | ((15 | ((17 | (18 | ((20 | 21) | !19))) | !16)) | !14)))) | !10) | !9)))))) | !3))) | !0)) & (t)] 0
[(!((1 | (2 | ((4 | (5 | (6 | (7 | (8 | (((11 | (12 | (13 | ((15 | ((17 | (18 | ((20 | !21) | !19))) | !16)) | !14)))) | !10) | !9)))))) | !3))) | !0)) & (t)] 0
[(!((1 | (2 | ((4 | (5 | (6 | (7 | (8 | (((11 | (12 | (13 | ((15 | ((17 | (18 | ((21 | !20) | !19))) | !16)) | !14)))) | !10) | !9)))))) | !3))) | !0)) & (t)] 0
[(!((1 | (2 | ((4 | (5 | (6 | (7 | (8 | (((11 | (12 | (13 | ((15 | ((17 | (18 | !(19 & (20 & 21)))) | !16)) | !14)))) | !10) | !9)))))) | !3))) | !0)) & (t)] 0
[(!((1 | (2 | ((4 | (5 | (6 | (7 | (8 | ((((12 | (13 | ((15 | (16 | (17 | (18 | ((20 | 21) | !19))))) | !14))) | !11) | !10) | !9)))))) | !3))) | !0)) & (t)] 0
[(!((1 | (2 | ((4 | (5 | (6 | (7 | (8 | ((((12 | (13 | ((15 | (16 | (17 | (18 | ((20 | !21) | !19))))) | !14))) | !11) | !10) | !9)))))) | !3))) | !0)) & (t)] 1
[(0 & (1 & ((3 & (4 | (5 | (6 | (7 | (((10 & (12 | (13 | (15 | (((18 | 19) | !17) | !16)))) | !10 & (12 | (13 | ((15 | (((18 | 19) | !17) | !16)) | !14)))) | !9) | !8))))) | !3 & (4 | (5 | (6 | (7 | (((10 & (11 | (12 | (13 | (15 | (((18 | 19) | !17) | !16))))) | !10 & (11 | (12 | (13 | ((15 | (((18 | 19) | !17) | !16)) | !14))))) | !9) | !8)))))) | !2) | !1 & (2 | (3 & (4 & (5 | ((7 | ((((12 | (((15 | (17 | (18 | 19))) | !14) | !13)) | !10) | !9) | !8)) | !6)) | !4 & (5 & (6 | (7 | (8 | (((12 | (13 | (14 & (15 | (17 | (18 | !19))) | !14 & (15 | ((17 | (18 | !19)) | !16))))) | !10) | !9)))) | !5 & (6 & ((((10 & (12 | (((15 | ((17 | (18 | 19)) | !16)) | !14) | !13)) | !10 & (12 | (((15 | (17 | (18 | 19))) | !14) | !13))) | !9) | !8) | !7) | !6 & (7 | (8 & (((12 | (13 | (14 & (15 | (17 | (18 | 19))) | !14 & (15 | ((17 | (18 | 19)) | !16))))) | !10) | !9) | !8 & (9 & ((12 & (13 | (14 & (15 | (17 | (18 | 19))) | !14 & (15 | ((17 | (18 | 19)) | !16)))) | !12 & (13 | (14 & (15 | (17 | !19)) | !14 & (15 | ((17 | !19) | !16))))) | !10) | !9 & (((12 & (13 | (14 & (15 | (17 | (18 | 19))) | !14 & (15 | ((17 | (18 | 19)) | !16)))) | !12 & (13 | (14 & (15 | (17 | !19)) | !14 & (15 | ((17 | !19) | !16))))) | !11) | !10))))))) | !3 & (4 | (5 & (6 | (7 | (8 | (((11 | (12 | (13 | (14 & (15 | (17 | (18 | !19))) | !14 & (15 | ((17 | (18 | !19)) | !16)))))) | !10) | !9)))) | !5 & (6 & ((((10 & (11 | (12 | (((15 | ((17 | (18 | 19)) | !16)) | !14) | !13))) | !10 & (11 | (12 | (((15 | (17 | (18 | 19))) | !14) | !13)))) | !9) | !8) | !7) | !6 & (7 | (8 & (((11 | (12 | (13 | (14 & (15 | (17 | (18 | 19))) | !14 & (15 | ((17 | (18 | 19)) | !16)))))) | !10) | !9) | !8 & (((11 | (12 & (13 | (14 & (15 | (17 | (18 | 19))) | !14 & (15 | ((17 | (18 | 19)) | !16)))) | !12 & (13 | (14 & (15 | (17 | (18 | !19))) | !14 & (15 | ((17 | (18 | !19)) | !16)))))) | !10) | !9))))))))) | !0 & (1 | (2 & ((4 | (5 | (6 | (7 | ((((12 | (13 | ((((18 | 19) | !17) | !16) | !15))) | !10) | !9) | !8))))) | !3) | !2 & (3 & (4 & (5 | ((7 | ((((12 | (((15 | ((17 | (18 | 19)) | !16)) | !14) | !13)) | !10) | !9) | !8)) | !6)) | !4 & (5 & (6 | (7 | (8 | (((12 | (13 | ((15 | ((17 | (18 | !19)) | !16)) | !14))) | !10) | !9)))) | !5 & (6 & (((((12 | (((15 | ((17 | (18 | 19)) | !16)) | !14) | !13)) | !10) | !9) | !8) | !7) | !6 & (7 | (8 & (((12 | (13 | ((15 | ((17 | (18 | 19)) | !16)) | !14))) | !10) | !9) | !8 & (9 & ((12 & (13 | ((15 | ((17 | (18 | 19)) | !16)) | !14)) | !12 & (13 | ((15 | ((17 | !19) | !16)) | !14))) | !10) | !9 & (((12 & (13 | ((15 | ((17 | (18 | 19)) | !16)) | !14)) | !12 & (13 | ((15 | ((17 | !19) | !16)) | !14))) | !11) | !10))))))) | !3 & (4 | (5 & (6 | (7 | (8 | (((11 | (12 | (13 | ((15 | ((17 | (18 | !19)) | !16)) | !14)))) | !10) | !9)))) | !5 & (6 | (7 | (8 | (((11 | (12 & (13 | ((15 | ((17 | (18 | 19)) | !16)) | !14)) | !12 & (13 | ((15 | ((17 | (18 | !19)) | !16)) | !14)))) | !10) | !9)))))))))) & (t)] 1
[(!((1 | (2 | ((4 | (5 | (6 | (7 | (8 | ((((12 | (13 | ((15 | (16 | (17 | (18 | ((21 | !20) | !19))))) | !14))) | !11) | !10) | !9)))))) | !3))) | !0)) & (t)] 1
[(!((1 | (2 | ((4 | (5 | (6 | (7 | (8 | ((((12 | (13 | ((15 | (16 | (17 | (18 | !(19 & (20 & 21)))))) | !14))) | !11) | !10) | !9)))))) | !3))) | !0)) & (t)] 1
[(!((1 | (2 | ((4 | ((6 | (7 | (8 | (((11 | (12 | (13 | ((15 | ((17 | (18 | ((20 | 21) | !19))) | !16)) | !14)))) | !10) | !9)))) | !5)) | !3))) | !0)) & (t)] 0
[(!((1 | (2 | ((4 | ((6 | (7 | (8 | (((11 | (12 | (13 | ((15 | ((17 | (18 | ((20 | !21) | !19))) | !16)) | !14)))) | !10) | !9)))) | !5)) | !3))) | !0)) & (t)] 1
[(!((1 | (2 | ((4 | ((6 | (7 | (8 | (((11 | (12 | (13 | ((15 | ((17 | (18 | ((21 | !20) | !19))) | !16)) | !14)))) | !10) | !9)))) | !5)) | !3))) | !0)) & (t)] 1
[(!((1 | (2 | ((4 | ((6 | (7 | (8 | (((11 | (12 | (13 | ((15 | ((17 | (18 | !(19 & (20 & 21)))) | !16)) | !14)))) | !10) | !9)))) | !5)) | !3))) | !0)) & (t)] 1
[(!((1 | (2 | ((4 | (5 | (6 | (7 | (8 | (9 | (((12 | (13 | ((15 | ((17 | ((21 | !19) | !18)) | !16)) | !14))) | !11) | !10))))))) | !3))) | !0)) & (t)] 0
[(!((1 | (2 | ((4 | (5 | (6 | (7 | (8 | (9 | (((12 | (13 | ((15 | ((17 | (((20 | !21) | !19) | !18)) | !16)) | !14))) | !11) | !10))))))) | !3))) | !0)) & (t)] 0
[(!((1 | (2 | ((4 | (5 | (6 | (7 | (8 | (9 | (((12 | (13 | ((15 | ((17 | !(18 & (19 & (20 & 21)))) | !16)) | !14))) | !11) | !10))))))) | !3))) | !0)) & (t)] 0
[(!((1 | (2 | ((4 | (5 | (6 | (7 | (8 | (((((13 | ((15 | ((17 | (18 | 19)) | !16)) | !14)) | !12) | !11) | !10) | !9)))))) | !3))) | !0)) & (t)] 1
[(!((((3 | (4 | (5 | (6 | (7 | (((10 | (11 | (12 | (13 | ((15 | (((18 | 19) | !17) | !16)) | !14))))) | !9) | !8)))))) | !2) | !1) | !0)) & (!(22 | !23))] 0
[(!((((3 | (4 | (5 | (6 | (7 | ((((11 | (12 | (13 | (14 | (15 | (((18 | 19) | !17) | !16)))))) | !10) | !9) | !8)))))) | !2) | !1) | !0)) & (t)] 0
[(!((((3 | (4 | (5 | (6 | (7 | ((((11 | (12 | (13 | ((15 | (((18 | 19) | !17) | !16)) | !14)))) | !10) | !9) | !8)))))) | !2) | !1) | !0)) & (t)] 0
[(!((1 | (2 | (3 | (4 | (5 | (6 | (7 | (8 | (((11 | (12 | (13 | ((15 | ((17 | (18 | (20 | !19))) | !16)) | !14)))) | !10) | !9))))))))) | !0)) & (t)] 1
[(!((1 | (2 | (3 | (4 | (5 | (6 | (7 | (8 | (((11 | (12 | (13 | ((15 | ((17 | (18 | ((21 | !20) | !19))) | !16)) | !14)))) | !10) | !9))))))))) | !0)) & (t)] 1
[(!((1 | (2 | (3 | (4 | (5 | (6 | (7 | (8 | (((11 | (12 | (13 | ((15 | ((17 | (18 | !(19 & (20 & 21)))) | !16)) | !14)))) | !10) | !9))))))))) | !0)) & (t)] 0
[(!((1 | (2 | ((4 | (5 | (6 | (7 | (8 | (((11 | (12 | (13 | ((15 | (16 | (17 | (18 | ((20 | 21) | !19))))) | !14)))) | !10) | !9)))))) | !3))) | !0)) & (t)] 1
[(!((1 | (2 | ((4 | (5 | (6 | (7 | (8 | (((11 | (12 | (13 | ((15 | (16 | (17 | (18 | ((20 | !21) | !19))))) | !14)))) | !10) | !9)))))) | !3))) | !0)) & (t)] 0
[(!((1 | (2 | ((4 | (5 | (6 | (7 | (8 | (((11 | (12 | (13 | ((15 | (16 | (17 | (18 | ((21 | !20) | !19))))) | !14)))) | !10) | !9)))))) | !3))) | !0)) & (t)] 0
[(!((1 | (2 | ((4 | (5 | (6 | (7 | (8 | (((11 | (12 | (13 | ((15 | (16 | (17 | (18 | !(19 & (20 & 21)))))) | !14)))) | !10) | !9)))))) | !3))) | !0)) & (t)] 1
[(!((1 | (2 | ((4 | (5 | (6 | (7 | (8 | (((11 | (12 | (13 | (14 | (15 | ((17 | (18 | ((20 | 21) | !19))) | !16)))))) | !10) | !9)))))) | !3))) | !0)) & (t)] 0
[(!((1 | (2 | ((4 | (5 | (6 | (7 | (8 | (((11 | (12 | (13 | (14 | (15 | ((17 | (18 | ((20 | !21) | !19))) | !16)))))) | !10) | !9)))))) | !3))) | !0)) & (t)] 1
[(!((1 | (2 | ((4 | (5 | (6 | (7 | (8 | (((11 | (12 | (13 | (14 | (15 | ((17 | (18 | ((21 | !20) | !19))) | !16)))))) | !10) | !9)))))) | !3))) | !0)) & (t)] 1
[(!((1 | (2 | ((4 | (5 | (6 | (7 | (8 | (((11 | (12 | (13 | (14 | (15 | ((17 | (18 | !(19 & (20 & 21)))) | !16)))))) | !10) | !9)))))) | !3))) | !0)) & (t)] 1
[(!((1 | (2 | (3 | (4 | ((6 | (7 | (8 | (((11 | (12 | (13 | ((15 | ((17 | (18 | (20 | !19))) | !16)) | !14)))) | !10) | !9)))) | !5))))) | !0)) & (t)] 1
[(!((1 | (2 | (3 | (4 | ((6 | (7 | (8 | (((11 | (12 | (13 | ((15 | ((17 | (18 | ((21 | !20) | !19))) | !16)) | !14)))) | !10) | !9)))) | !5))))) | !0)) & (t)] 0
[(!((1 | (2 | (3 | (4 | ((6 | (7 | (8 | (((11 | (12 | (13 | ((15 | ((17 | (18 | !(19 & (20 & 21)))) | !16)) | !14)))) | !10) | !9)))) | !5))))) | !0)) & (t)] 0
[(!((1 | (2 | ((4 | (5 | (6 | (7 | (8 | (((11 | (12 | (13 | ((15 | ((17 | (((20 | 21) | !19) | !18)) | !16)) | !14)))) | !10) | !9)))))) | !3))) | !0)) & (t)] 0
[(!((1 | (2 | ((4 | (5 | (6 | (7 | (8 | (((11 | (12 | (13 | ((15 | ((17 | (((20 | !21) | !19) | !18)) | !16)) | !14)))) | !10) | !9)))))) | !3))) | !0)) & (t)] 0
[(!((1 | (2 | ((4 | (5 | (6 | (7 | (8 | (((11 | (12 | (13 | ((15 | ((17 | (((21 | !20) | !19) | !18)) | !16)) | !14)))) | !10) | !9)))))) | !3))) | !0)) & (t)] 0
[(!((1 | (2 | ((4 | (5 | (6 | (7 | (8 | (((11 | (12 | (13 | ((15 | ((17 | !(18 & (19 & (20 & 21)))) | !16)) | !14)))) | !10) | !9)))))) | !3))) | !0)) & (t)] 1
[(!((1 | (2 | ((4 | (5 | (6 | (7 | (8 | ((((12 | (13 | ((15 | ((17 | (((20 | 21) | !19) | !18)) | !16)) | !14))) | !11) | !10) | !9)))))) | !3))) | !0)) & (t)] 1
[(!((1 | (2 | ((4 | (5 | (6 | (7 | (8 | ((((12 | (13 | ((15 | ((17 | (((20 | !21) | !19) | !18)) | !16)) | !14))) | !11) | !10) | !9)))))) | !3))) | !0)) & (t)] 1
[(!((1 | (2 | ((4 | (5 | (6 | (7 | (8 | ((((12 | (13 | ((15 | ((17 | (((21 | !20) | !19) | !18)) | !16)) | !14))) | !11) | !10) | !9)))))) | !3))) | !0)) & (t)] 0
[(!((1 | (2 | ((4 | (5 | (6 | (7 | (8 | ((((12 | (13 | ((15 | ((17 | !(18 & (19 & (20 & 21)))) | !16)) | !14))) | !11) | !10) | !9)))))) | !3))) | !0)) & (t)] 0
[(!((1 | (2 | ((4 | (5 | (6 | (7 | (8 | (((11 | ((13 | ((15 | ((17 | (18 | 19)) | !16)) | !14)) | !12)) | !10) | !9)))))) | !3))) | !0)) & (t)] 1
[(!((1 | (2 | ((4 | ((6 | (7 | (8 | (((11 | (12 | (13 | ((15 | (16 | (17 | (18 | ((20 | 21) | !19))))) | !14)))) | !10) | !9)))) | !5)) | !3))) | !0)) & (t)] 0
[(!((1 | (2 | ((4 | ((6 | (7 | (8 | (((11 | (12 | (13 | ((15 | (16 | (17 | (18 | ((20 | !21) | !19))))) | !14)))) | !10) | !9)))) | !5)) | !3))) | !0)) & (t)] 1
[(!((1 | (2 | ((4 | ((6 | (7 | (8 | (((11 | (12 | (13 | ((15 | (16 | (17 | (18 | ((21 | !20) | !19))))) | !14)))) | !10) | !9)))) | !5)) | !3))) | !0)) & (t)] 1
[(!((1 | (2 | ((4 | ((6 | (7 | (8 | (((11 | (12 | (13 | ((15 | (16 | (17 | (18 | !(19 & (20 & 21)))))) | !14)))) | !10) | !9)))) | !5)) | !3))) | !0)) & (t)] 1
[(!((1 | (2 | ((4 | (5 | (6 | (7 | (8 | (9 | (((12 | (13 | ((15 | (16 | (17 | ((21 | !19) | !18)))) | !14))) | !11) | !10))))))) | !3))) | !0)) & (t)] 1
[(!((1 | (2 | ((4 | (5 | (6 | (7 | (8 | (9 | (((12 | (13 | ((15 | (16 | (17 | (((20 | !21) | !19) | !18)))) | !14))) | !11) | !10))))))) | !3))) | !0)) & (t)] 0
[(!((1 | (2 | ((4 | (5 | (6 | (7 | (8 | (9 | (((12 | (13 | ((15 | (16 | (17 | !(18 & (19 & (20 & 21)))))) | !14))) | !11) | !10))))))) | !3))) | !0)) & (t)] 1
[(!((1 | (2 | ((4 | (5 | (6 | (7 | (8 | (((((13 | ((15 | (16 | (17 | (18 | 19)))) | !14)) | !12) | !11) | !10) | !9)))))) | !3))) | !0)) & (t)] 0
[(!((1 | (2 | ((4 | (5 | (6 | (7 | (8 | (9 | (((12 | (13 | ((15 | ((17 | (18 | (21 | !19))) | !16)) | !14))) | !11) | !10))))))) | !3))) | !0)) & (t)] 0
[(!((1 | (2 | ((4 | (5 | (6 | (7 | (8 | (9 | (((12 | (13 | ((15 | ((17 | (18 | ((20 | !21) | !19))) | !16)) | !14))) | !11) | !10))))))) | !3))) | !0)) & (t)] 0
[(!((1 | (2 | ((4 | (5 | (6 | (7 | (8 | (9 | (((12 | (13 | ((15 | ((17 | (18 | !(19 & (20 & 21)))) | !16)) | !14))) | !11) | !10))))))) | !3))) | !0)) & (t)] 0
[(!((1 | (2 | ((4 | ((6 | (7 | (8 | ((((12 | (13 | ((15 | ((17 | (18 | ((20 | 21) | !19))) | !16)) | !14))) | !11) | !10) | !9)))) | !5)) | !3))) | !0)) & (t)] 1
[(!((1 | (2 | ((4 | ((6 | (7 | (8 | ((((12 | (13 | ((15 | ((17 | (18 | ((20 | !21) | !19))) | !16)) | !14))) | !11) | !10) | !9)))) | !5)) | !3))) | !0)) & (t)] 0
[(!((1 | (2 | ((4 | ((6 | (7 | (8 | ((((12 | (13 | ((15 | ((17 | (18 | ((21 | !20) | !19))) | !16)) | !14))) | !11) | !10) | !9)))) | !5)) | !3))) | !0)) & (t)] 1
[(!((1 | (2 | ((4 | ((6 | (7 | (8 | ((((12 | (13 | ((15 | ((17 | (18 | !(19 & (20 & 21)))) | !16)) | !14))) | !11) | !10) | !9)))) | !5)) | !3))) | !0)) & (t)] 0
[(!((1 | (2 | ((4 | (5 | (6 | (7 | (8 | (9 | ((((13 | ((15 | ((17 | (18 | 19)) | !16)) | !14)) | !12) | !11) | !10))))))) | !3))) | !0)) & (t)] 1
[(!((1 | (2 | ((4 | (5 | (6 | (7 | (((((12 | (13 | ((15 | ((17 | (18 | 19)) | !16)) | !14))) | !11) | !10) | !9) | !8))))) | !3))) | !0)) & (t)] 0
[(!((1 | (2 | ((4 | (5 | (((((10 | ((12 | (((15 | ((17 | (18 | 19)) | !16)) | !14) | !13)) | !11)) | !9) | !8) | !7) | !6))) | !3))) | !0)) & (t)] 1
[(!((1 | (2 | (3 | (4 | (5 | (6 | (7 | (8 | (((11 | (12 | (13 | (14 | (15 | ((17 | (18 | (20 | !19))) | !16)))))) | !10) | !9))))))))) | !0)) & (t)] 1
[(!((1 | (2 | (3 | (4 | (5 | (6 | (7 | (8 | (((11 | (12 | (13 | (14 | (15 | ((17 | (18 | ((21 | !20) | !19))) | !16)))))) | !10) | !9))))))))) | !0)) & (t)] 0
[(!((1 | (2 | (3 | (4 | (5 | (6 | (7 | (8 | (((11 | (12 | (13 | (14 | (15 | ((17 | (18 | !(19 & (20 & 21)))) | !16)))))) | !10) | !9))))))))) | !0)) & (t)] 1
[(!((1 | (2 | (3 | (4 | (5 | (6 | (7 | (8 | (((11 | ((13 | ((15 | ((17 | (18 | 19)) | !16)) | !14)) | !12)) | !10) | !9))))))))) | !0)) & (t)] 1
[(!((1 | (2 | (3 | (4 | ((6 | (7 | (8 | (((11 | (12 | (13 | ((15 | (16 | (17 | (18 | (20 | !19))))) | !14)))) | !10) | !9)))) | !5))))) | !0)) & (t)] 1
[(!((1 | (2 | (3 | (4 | ((6 | (7 | (8 | (((11 | (12 | (13 | ((15 | (16 | (17 | (18 | ((21 | !20) | !19))))) | !14)))) | !10) | !9)))) | !5))))) | !0)) & (t)] 1
[(!((1 | (2 | (3 | (4 | ((6 | (7 | (8 | (((11 | (12 | (13 | ((15 | (16 | (17 | (18 | !(19 & (20 & 21)))))) | !14)))) | !10) | !9)))) | !5))))) | !0)) & (t)] 0
[(!((1 | (2 | ((4 | (5 | (6 | (7 | (8 | (((11 | (12 | (13 | ((15 | (16 | (17 | (((20 | 21) | !19) | !18)))) | !14)))) | !10) | !9)))))) | !3))) | !0)) & (t)] 1
[(!((1 | (2 | ((4 | (5 | (6 | (7 | (8 | (((11 | (12 | (13 | ((15 | (16 | (17 | (((20 | !21) | !19) | !18)))) | !14)))) | !10) | !9)))))) | !3))) | !0)) & (t)] 0
[(!((1 | (2 | ((4 | (5 | (6 | (7 | (8 | (((11 | (12 | (13 | ((15 | (16 | (17 | (((21 | !20) | !19) | !18)))) | !14)))) | !10) | !9)))))) | !3))) | !0)) & (t)] 0
[(!((1 | (2 | ((4 | (5 | (6 | (7 | (8 | (((11 | (12 | (13 | ((15 | (16 | (17 | !(18 & (19 & (20 & 21)))))) | !14)))) | !10) | !9)))))) | !3))) | !0)) & (t)] 1
[(!((1 | (2 | ((4 | (5 | (6 | (7 | (8 | ((((12 | (13 | ((15 | (16 | (17 | (((20 | 21) | !19) | !18)))) | !14))) | !11) | !10) | !9)))))) | !3))) | !0)) & (t)] 0
[(!((1 | (2 | ((4 | (5 | (6 | (7 | (8 | ((((12 | (13 | ((15 | (16 | (17 | (((20 | !21) | !19) | !18)))) | !14))) | !11) | !10) | !9)))))) | !3))) | !0)) & (t)] 0
[(!((1 | (2 | ((4 | (5 | (6 | (7 | (8 | ((((12 | (13 | ((15 | (16 | (17 | (((21 | !20) | !19) | !18)))) | !14))) | !11) | !10) | !9)))))) | !3))) | !0)) & (t)] 1
[(!((1 | (2 | ((4 | (5 | (6 | (7 | (8 | ((((12 | (13 | ((15 | (16 | (17 | !(18 & (19 & (20 & 21)))))) | !14))) | !11) | !10) | !9)))))) | !3))) | !0)) & (t)] 0
[(!((1 | (2 | ((4 | (5 | (6 | (7 | (8 | (((11 | ((13 | ((15 | (16 | (17 | (18 | 19)))) | !14)) | !12)) | !10) | !9)))))) | !3))) | !0)) & (t)] 1
[(!((1 | (2 | (3 | (4 | ((6 | (7 | (8 | (((11 | (12 | (13 | (14 | (15 | ((17 | (18 | (20 | !19))) | !16)))))) | !10) | !9)))) | !5))))) | !0)) & (t)] 0
[(!((1 | (2 | (3 | (4 | ((6 | (7 | (8 | (((11 | (12 | (13 | (14 | (15 | ((17 | (18 | ((21 | !20) | !19))) | !16)))))) | !10) | !9)))) | !5))))) | !0)) & (t)] 0
[(!((1 | (2 | (3 | (4 | ((6 | (7 | (8 | (((11 | (12 | (13 | (14 | (15 | ((17 | (18 | !(19 & (20 & 21)))) | !16)))))) | !10) | !9)))) | !5))))) | !0)) & (t)] 1
[(!((1 | (2 | ((4 | ((6 | (7 | (8 | (((11 | (12 | (13 | (14 | (15 | ((17 | (18 | ((20 | 21) | !19))) | !16)))))) | !10) | !9)))) | !5)) | !3))) | !0)) & (t)] 0
[(!((1 | (2 | ((4 | ((6 | (7 | (8 | (((11 | (12 | (13 | (14 | (15 | ((17 | (18 | ((20 | !21) | !19))) | !16)))))) | !10) | !9)))) | !5)) | !3))) | !0)) & (t)] 1
[(!((1 | (2 | ((4 | ((6 | (7 | (8 | (((11 | (12 | (13 | (14 | (15 | ((17 | (18 | ((21 | !20) | !19))) | !16)))))) | !10) | !9)))) | !5)) | !3))) | !0)) & (t)] 1
[(!((1 | (2 | ((4 | ((6 | (7 | (8 | (((11 | (12 | (13 | (14 | (15 | ((17 | (18 | !(19 & (20 & 21)))) | !16)))))) | !10) | !9)))) | !5)) | !3))) | !0)) & (t)] 1
[(!((1 | (2 | ((4 | (5 | (6 | (7 | (8 | (((11 | (12 | (13 | (14 | (15 | ((17 | (((20 | 21) | !19) | !18)) | !16)))))) | !10) | !9)))))) | !3))) | !0)) & (t)] 0
[(!((1 | (2 | ((4 | (5 | (6 | (7 | (8 | (((11 | (12 | (13 | (14 | (15 | ((17 | (((20 | !21) | !19) | !18)) | !16)))))) | !10) | !9)))))) | !3))) | !0)) & (t)] 0
[(!((1 | (2 | ((4 | (5 | (6 | (7 | (8 | (((11 | (12 | (13 | (14 | (15 | ((17 | (((21 | !20) | !19) | !18)) | !16)))))) | !10) | !9)))))) | !3))) | !0)) & (t)] 0
[(!((1 | (2 | ((4 | (5 | (6 | (7 | (8 | (((11 | (12 | (13 | (14 | (15 | ((17 | !(18 & (19 & (20 & 21)))) | !16)))))) | !10) | !9)))))) | !3))) | !0)) & (t)] 1
[(!((1 | (2 | ((4 | (5 | (6 | (7 | (8 | ((((12 | (13 | (14 | (15 | ((17 | (((20 | 21) | !19) | !18)) | !16))))) | !11) | !10) | !9)))))) | !3))) | !0)) & (t)] 0
[(!((1 | (2 | ((4 | (5 | (6 | (7 | (8 | ((((12 | (13 | (14 | (15 | ((17 | (((20 | !21) | !19) | !18)) | !16))))) | !11) | !10) | !9)))))) | !3))) | !0)) & (t)] 0
[(!((1 | (2 | ((4 | (5 | (6 | (7 | (8 | ((((12 | (13 | (14 | (15 | ((17 | (((21 | !20) | !19) | !18)) | !16))))) | !11) | !10) | !9)))))) | !3))) | !0)) & (t)] 1
[(!((1 | (2 | ((4 | (5 | (6 | (7 | (8 | ((((12 | (13 | (14 | (15 | ((17 | !(18 & (19 & (20 & 21)))) | !16))))) | !11) | !10) | !9)))))) | !3))) | !0)) & (t)] 1
[(!((1 | (2 | ((4 | (5 | (6 | (7 | (8 | (((11 | ((13 | (14 | (15 | ((17 | (18 | 19)) | !16)))) | !12)) | !10) | !9)))))) | !3))) | !0)) & (t)] 0
[(!((1 | (2 | ((4 | (5 | (6 | (7 | ((((11 | (12 | (13 | ((15 | ((17 | (18 | 19)) | !16)) | !14)))) | !10) | !9) | !8))))) | !3))) | !0)) & (t)] 1
[(!((1 | (2 | ((4 | (5 | (6 | (7 | (8 | (9 | (((12 | (13 | ((15 | (16 | (17 | (18 | (21 | !19))))) | !14))) | !11) | !10))))))) | !3))) | !0)) & (t)] 1
[(!((1 | (2 | ((4 | (5 | (6 | (7 | (8 | (9 | (((12 | (13 | ((15 | (16 | (17 | (18 | ((20 | !21) | !19))))) | !14))) | !11) | !10))))))) | !3))) | !0)) & (t)] 0
[(!((1 | (2 | ((4 | (5 | (6 | (7 | (8 | (9 | (((12 | (13 | ((15 | (16 | (17 | (18 | !(19 & (20 & 21)))))) | !14))) | !11) | !10))))))) | !3))) | !0)) & (t)] 0
[(!((1 | (2 | ((4 | ((6 | (7 | (8 | ((((12 | (13 | ((15 | (16 | (17 | (18 | ((20 | 21) | !19))))) | !14))) | !11) | !10) | !9)))) | !5)) | !3))) | !0)) & (t)] 1
[(!((1 | (2 | ((4 | ((6 | (7 | (8 | ((((12 | (13 | ((15 | (16 | (17 | (18 | ((20 | !21) | !19))))) | !14))) | !11) | !10) | !9)))) | !5)) | !3))) | !0)) & (t)] 0
[(!((1 | (2 | ((4 | ((6 | (7 | (8 | ((((12 | (13 | ((15 | (16 | (17 | (18 | ((21 | !20) | !19))))) | !14))) | !11) | !10) | !9)))) | !5)) | !3))) | !0)) & (t)] 0
[(!((1 | (2 | ((4 | ((6 | (7 | (8 | ((((12 | (13 | ((15 | (16 | (17 | (18 | !(19 & (20 & 21)))))) | !14))) | !11) | !10) | !9)))) | !5)) | !3))) | !0)) & (t)] 0
[(!((1 | (2 | ((4 | (5 | (6 | (7 | (8 | (9 | ((((13 | ((15 | (16 | (17 | (18 | 19)))) | !14)) | !12) | !11) | !10))))))) | !3))) | !0)) & (t)] 0
[(!((1 | (2 | ((4 | (5 | (6 | (7 | (((((12 | (13 | ((15 | (16 | (17 | (18 | 19)))) | !14))) | !11) | !10) | !9) | !8))))) | !3))) | !0)) & (t)] 0
[(!((1 | (2 | ((4 | (5 | (((((10 | ((12 | (((15 | (16 | (17 | (18 | 19)))) | !14) | !13)) | !11)) | !9) | !8) | !7) | !6))) | !3))) | !0)) & (!(22 | !23))] 0
[(!(((((4 | (5 | (6 | (7 | (((10 | ((12 | (13 | ((15 | (((18 | 19) | !17) | !16)) | !14))) | !11)) | !9) | !8))))) | !3) | !2) | !1) | !0)) & (!(22 | !23))] 0
[(!(((((4 | (5 | (6 | (7 | (((((12 | (13 | (14 | (15 | (((18 | 19) | !17) | !16))))) | !11) | !10) | !9) | !8))))) | !3) | !2) | !1) | !0)) & (t)] 0
[(!(((((4 | (5 | (6 | (7 | (((((12 | (13 | ((15 | (((18 | 19) | !17) | !16)) | !14))) | !11) | !10) | !9) | !8))))) | !3) | !2) | !1) | !0)) & (t)] 0
[(!((1 | (2 | (3 | (4 | (5 | (6 | (7 | (8 | (((11 | ((13 | (14 | (15 | ((17 | (18 | 19)) | !16)))) | !12)) | !10) | !9))))))))) | !0)) & (t)] 0
[(!((1 | (2 | (3 | (4 | (5 | (6 | (7 | ((((11 | (12 | (13 | ((15 | ((17 | (18 | 19)) | !16)) | !14)))) | !10) | !9) | !8)))))))) | !0)) & (t)] 1
[(!((1 | (2 | (3 | (4 | (5 | (6 | (7 | (8 | (((11 | (12 | (13 | ((15 | (16 | (17 | (18 | (20 | !19))))) | !14)))) | !10) | !9))))))))) | !0)) & (t)] 0
[(!((1 | (2 | (3 | (4 | (5 | (6 | (7 | (8 | (((11 | (12 | (13 | ((15 | (16 | (17 | (18 | ((21 | !20) | !19))))) | !14)))) | !10) | !9))))))))) | !0)) & (t)] 0
[(!((1 | (2 | (3 | (4 | (5 | (6 | (7 | (8 | (((11 | (12 | (13 | ((15 | (16 | (17 | (18 | !(19 & (20 & 21)))))) | !14)))) | !10) | !9))))))))) | !0)) & (t)] 1
[(!((1 | (2 | (3 | (4 | (5 | (6 | (7 | (8 | (((11 | ((13 | ((15 | (16 | (17 | (18 | 19)))) | !14)) | !12)) | !10) | !9))))))))) | !0)) & (t)] 0
[(!((1 | (2 | ((4 | (5 | (6 | (7 | ((((11 | (12 | (13 | ((15 | (16 | (17 | (18 | 19)))) | !14)))) | !10) | !9) | !8))))) | !3))) | !0)) & (t)] 0
[(!((1 | (2 | ((4 | (5 | (((((10 | (11 | (12 | (((15 | (16 | (17 | (18 | 19)))) | !14) | !13)))) | !9) | !8) | !7) | !6))) | !3))) | !0)) & (!(22 | !23))] 0
[(!((1 | (2 | ((4 | (5 | (6 | (7 | (8 | ((((12 | (13 | (14 | (15 | ((17 | (18 | ((20 | 21) | !19))) | !16))))) | !11) | !10) | !9)))))) | !3))) | !0)) & (t)] 1
[(!((1 | (2 | ((4 | (5 | (6 | (7 | (8 | ((((12 | (13 | (14 | (15 | ((17 | (18 | ((20 | !21) | !19))) | !16))))) | !11) | !10) | !9)))))) | !3))) | !0)) & (t)] 1
[(!((1 | (2 | ((4 | (5 | (6 | (7 | (8 | ((((12 | (13 | (14 | (15 | ((17 | (18 | ((21 | !20) | !19))) | !16))))) | !11) | !10) | !9)))))) | !3))) | !0)) & (t)] 0
[(!((1 | (2 | ((4 | (5 | (6 | (7 | (8 | ((((12 | (13 | (14 | (15 | ((17 | (18 | !(19 & (20 & 21)))) | !16))))) | !11) | !10) | !9)))))) | !3))) | !0)) & (t)] 0
[(!((1 | (2 | ((4 | (5 | (6 | (7 | (8 | (9 | (((12 | (13 | (14 | (15 | ((17 | ((21 | !19) | !18)) | !16))))) | !11) | !10))))))) | !3))) | !0)) & (t)] 0
[(!((1 | (2 | ((4 | (5 | (6 | (7 | (8 | (9 | (((12 | (13 | (14 | (15 | ((17 | (((20 | !21) | !19) | !18)) | !16))))) | !11) | !10))))))) | !3))) | !0)) & (t)] 0
[(!((1 | (2 | ((4 | (5 | (6 | (7 | (8 | (9 | (((12 | (13 | (14 | (15 | ((17 | !(18 & (19 & (20 & 21)))) | !16))))) | !11) | !10))))))) | !3))) | !0)) & (t)] 0
[(!((1 | (2 | ((4 | (5 | (6 | (7 | (8 | (((((13 | (14 | (15 | ((17 | (18 | 19)) | !16)))) | !12) | !11) | !10) | !9)))))) | !3))) | !0)) & (t)] 1
[(!(0 | (1 | (((4 | (5 | (6 | (7 | ((((11 | (12 | (13 | (14 | ((((18 | 19) | !17) | !16) | !15))))) | !10) | !9) | !8))))) | !3) | !2)))) & (t)] 0
[(!((1 | (2 | ((4 | (5 | (6 | (7 | ((((11 | (12 | (13 | (14 | (15 | ((17 | (18 | 19)) | !16)))))) | !10) | !9) | !8))))) | !3))) | !0)) & (t)] 1
[(!((1 | (2 | (3 | (4 | (5 | (6 | (7 | ((((11 | (12 | (13 | (14 | (15 | ((17 | (18 | 19)) | !16)))))) | !10) | !9) | !8)))))))) | !0)) & (t)] 1
[(!((1 | (2 | (3 | (4 | (5 | (6 | (7 | ((((11 | (12 | (13 | ((15 | (16 | (17 | (18 | 19)))) | !14)))) | !10) | !9) | !8)))))))) | !0)) & (t)] 0
[(!((1 | (2 | (3 | (4 | (5 | (((((10 | (11 | (12 | (((15 | (16 | (17 | (18 | 19)))) | !14) | !13)))) | !9) | !8) | !7) | !6)))))) | !0)) & (t)] 0
[(!((1 | (2 | ((4 | (5 | (6 | (7 | (8 | (9 | (((12 | (13 | (14 | (15 | ((17 | (18 | (21 | !19))) | !16))))) | !11) | !10))))))) | !3))) | !0)) & (t)] 0
[(!((1 | (2 | ((4 | (5 | (6 | (7 | (8 | (9 | (((12 | (13 | (14 | (15 | ((17 | (18 | ((20 | !21) | !19))) | !16))))) | !11) | !10))))))) | !3))) | !0)) & (t)] 0
[(!((1 | (2 | ((4 | (5 | (6 | (7 | (8 | (9 | (((12 | (13 | (14 | (15 | ((17 | (18 | !(19 & (20 & 21)))) | !16))))) | !11) | !10))))))) | !3))) | !0)) & (t)] 1
[(!((1 | (2 | ((4 | ((6 | (7 | (8 | ((((12 | (13 | (14 | (15 | ((17 | (18 | ((20 | 21) | !19))) | !16))))) | !11) | !10) | !9)))) | !5)) | !3))) | !0)) & (t)] 0
[(!((1 | (2 | ((4 | ((6 | (7 | (8 | ((((12 | (13 | (14 | (15 | ((17 | (18 | ((20 | !21) | !19))) | !16))))) | !11) | !10) | !9)))) | !5)) | !3))) | !0)) & (t)] 0
[(!((1 | (2 | ((4 | ((6 | (7 | (8 | ((((12 | (13 | (14 | (15 | ((17 | (18 | ((21 | !20) | !19))) | !16))))) | !11) | !10) | !9)))) | !5)) | !3))) | !0)) & (t)] 1
[(!((1 | (2 | ((4 | ((6 | (7 | (8 | ((((12 | (13 | (14 | (15 | ((17 | (18 | !(19 & (20 & 21)))) | !16))))) | !11) | !10) | !9)))) | !5)) | !3))) | !0)) & (t)] 1
[(!((1 | (2 | ((4 | (5 | (6 | (7 | (8 | (9 | ((((13 | (14 | (15 | ((17 | (18 | 19)) | !16)))) | !12) | !11) | !10))))))) | !3))) | !0)) & (t)] 1
[(!(0 | (1 | (((4 | (5 | (6 | (7 | (((((12 | (13 | (14 | ((((18 | 19) | !17) | !16) | !15)))) | !11) | !10) | !9) | !8))))) | !3) | !2)))) & (!(23 | !22))] 1
[(!((1 | (2 | ((4 | (5 | (6 | (7 | (((((12 | (13 | (14 | (15 | ((17 | (18 | 19)) | !16))))) | !11) | !10) | !9) | !8))))) | !3))) | !0)) & (t)] 0
--END--
Synthesis took:  7852.848291397095 ms
