Processing program.
spec contains 5 APs (['(at_floor > target)', 'down', 'dooropen', 'up', '(at_floor < target)'])
simplified !(!dooropen | (!inc & dooropen & ((target - 1) >= 0) & ((target - 1) <= 5)) | (inc & dooropen & ((target + 1) >= 0) & ((target + 1) <= 5))) (len 139) to ((inc & !(!dooropen | ((((0 <= target) & ((((target + 1) <= 5) & (0 <= (target + 1)) & (target <= 5)) | !(target <= 5))) | !(0 <= target)) & dooropen))) | (!(!dooropen | ((((((1 <= target) & (target <= 5) & ((target - 1) <= 5)) | !(target <= 5)) & (0 <= target)) | !(0 <= target)) & dooropen)) & !inc)) (len 302)
((inc & !(!dooropen | ((((0 <= target) & ((((target + 1) <= 5) & (0 <= (target + 1)) & (target <= 5)) | !(target <= 5))) | !(0 <= target)) & dooropen))) | (!(!dooropen | ((((((1 <= target) & (target <= 5) & ((target - 1) <= 5)) | !(target <= 5)) & (0 <= target)) | !(0 <= target)) & dooropen)) & !inc))
Starting abstract synthesis loop.
adding (at_floor_prev > at_floor), (0 <= (target - 1)), (at_floor_prev < at_floor), (at_floor <= target), ((at_floor_prev - target_prev) > (at_floor - target)), ((target_prev - at_floor_prev) > (target - at_floor)), (0 <= (at_floor - 1)), (target <= at_floor), (target_prev < target), ((target + 1) <= 5), ((target_prev - at_floor_prev) < (target - at_floor)), ((at_floor + 1) <= 5), (target_prev > target), ((at_floor_prev - target_prev) < (at_floor - target)) to predicate abstraction
constructing LTL abstraction
ltl abstraction took: 0.0023839473724365234
running LTL synthesis
Realizable.
REALIZABLE
HOA: v1
tool: "strix" "21.0.0"
States: 3
Start: 1
AP: 21 "pred__0_LTEQ__atfloor_MINUS_1__" "pred__atfloorprev_LT_atfloor_" "q1" "pred___atfloorprev_MINUS_targetprev__LT__atfloor_MINUS_target__" "q0" "pred___targetprev_MINUS_atfloorprev__LT__target_MINUS_atfloor__" "pred___atfloor_PLUS_1__LTEQ_5_" "pred__0_LTEQ__target_MINUS_1__" "pred___target_PLUS_1__LTEQ_5_" "pred__targetprev_GT_target_" "pred___targetprev_MINUS_atfloorprev__GT__target_MINUS_atfloor__" "pred__target_LTEQ_atfloor_" "pred___atfloorprev_MINUS_targetprev__GT__atfloor_MINUS_target__" "pred__atfloor_LTEQ_target_" "pred__targetprev_LT_target_" "pred__atfloorprev_GT_atfloor_" "dooropen" "inc" "notify" "down" "up"
controllable-AP: 18 19 20
acc-name: all
Acceptance: 0 t
--BODY--
State: 0 "[0]"
[(0 & (1 & (((4 | (5 | (6 & ((9 | ((12 | ((14 | 15) | !13)) | !10)) | !7) | !6 & ((9 | (((12 | ((14 | 15) | !13)) | !11) | !10)) | !7)))) | !3) | !2) | !1 & (2 & (3 | (4 | (5 & (((9 | (10 | (((14 | !15) | !12) | !11))) | !8) | !6) | !5 & (6 & (7 & (8 & (9 | (10 | (11 & (12 | (14 | 15)) | !11 & (12 | ((14 | 15) | !13))))) | !8 & (9 | (10 | (12 | ((14 | 15) | !13))))) | !7 & ((9 | (10 | ((12 | (14 | 15)) | !11))) | !8)) | !6 & (7 & (8 & (9 | (10 | ((12 | (14 | 15)) | !11))) | !8 & (9 | (10 | ((12 | ((14 | 15) | !13)) | !11)))) | !7 & ((9 | (10 | ((12 | (14 | 15)) | !11))) | !8)))))) | !2 & (3 & ((5 | (6 & (7 & ((((11 & (12 | (14 | 15)) | !11 & (12 | ((14 | 15) | !13))) | !10) | !9) | !8) | !7 & (((((12 | (14 | 15)) | !11) | !10) | !9) | !8)) | !6 & (7 & ((((11 & (12 | (14 | 15)) | !11 & (12 | ((14 | (15 | !16)) | !13))) | !10) | !9) | !8) | !7 & (((((12 | (14 | 15)) | !11) | !10) | !9) | !8)))) | !4) | !3 & ((5 & (6 & ((8 & (9 | (10 | (11 & ((15 | !14) | !12) | !11 & (((15 | !14) | !13) | !12)))) | !8 & (9 | (10 | (((15 | !14) | !13) | !12)))) | !7) | !6 & ((8 & (9 | (10 | (11 & ((15 | !14) | !12) | !11 & ((((15 | !16) | !14) | !13) | !12)))) | !8 & (9 | (10 | (11 & (((15 | !14) | !13) | !12) | !11 & ((((15 | !16) | !14) | !13) | !12))))) | !7)) | !5 & (6 & (7 & (8 & (9 | (10 | ((12 | ((14 | 15) | !13)) | !11))) | !8 & (9 | (10 | (12 | ((14 | 15) | !13))))) | !7 & ((9 | (10 | ((12 | (14 | 15)) | !11))) | !8)) | !6 & (7 & (8 | (9 | (10 | (11 & (12 | ((14 | 15) | !13)) | !11 & (12 | ((14 | (15 | !16)) | !13)))))) | !7 & ((9 | (10 | ((12 | (14 | 15)) | !11))) | !8)))) | !4)))) | !0 & (1 | (2 & (3 | (4 | (5 & (((9 | (10 | ((((14 | !15) | !13) | !12) | !11))) | !8) | !6) | !5 & ((7 & (9 | (10 | (12 | ((14 | 15) | !13)))) | !7 & ((9 | (10 | ((12 | ((14 | 15) | !13)) | !11))) | !8)) | !6)))) | !2 & (3 & ((5 | ((7 & ((((11 & (12 | (13 & (14 | 15) | !13 & (14 | (15 | !16)))) | !11 & (12 | ((14 | 15) | !13))) | !10) | !9) | !8) | !7 & (((((12 | (13 & (14 | 15) | !13 & (14 | (15 | !16)))) | !11) | !10) | !9) | !8)) | !6)) | !4) | !3 & ((5 & (((8 & (9 | (10 | (11 & ((13 & (15 | !14) | !13 & ((15 | !16) | !14)) | !12) | !11 & (((15 | !14) | !13) | !12)))) | !8 & (9 | (10 | (((15 | !14) | !13) | !12)))) | !7) | !6) | !5 & ((7 & (8 | (9 | (10 | (12 | ((14 | 15) | !13))))) | !7 & ((9 | (10 | ((12 | (13 & (14 | 15) | !13 & (14 | (15 | !16)))) | !11))) | !8)) | !6)) | !4))))) & (t)] 0
[(!(0 | (1 | (2 | (3 | ((5 | ((7 | ((9 | (10 | ((12 | ((14 | (15 | 16)) | !13)) | !11))) | !8)) | !6)) | !4)))))) & (t)] 0
[(!(0 | (1 | (2 | (3 | ((5 | ((7 | ((9 | (10 | ((12 | ((14 | (15 | (17 | !16))) | !13)) | !11))) | !8)) | !6)) | !4)))))) & (!(19 | 20))] 1
[(!(0 | (1 | (2 | (3 | ((5 | ((7 | ((9 | (10 | ((12 | ((14 | (15 | !(16 & 17))) | !13)) | !11))) | !8)) | !6)) | !4)))))) & (!(19 | 20))] 0
[(!(0 | (1 | ((3 | (4 | (5 | ((7 | ((9 | (10 | ((12 | ((14 | (15 | 16)) | !13)) | !11))) | !8)) | !6)))) | !2)))) & (!(19 | 20))] 1
[(!(0 | (1 | ((3 | (4 | (5 | ((7 | ((9 | (10 | ((12 | ((14 | (15 | !16)) | !13)) | !11))) | !8)) | !6)))) | !2)))) & (!(19 | 20))] 0
[(!(0 | (1 | (2 | (3 | ((((((9 | (10 | (11 | ((((15 | 16) | !14) | !13) | !12)))) | !8) | !7) | !6) | !5) | !4)))))) & (t)] 0
[(!(0 | (1 | (2 | (3 | ((((((9 | (10 | (11 | ((((15 | (17 | !16)) | !14) | !13) | !12)))) | !8) | !7) | !6) | !5) | !4)))))) & (!(19 | 20))] 0
[(!(0 | (1 | (2 | (3 | ((((((9 | (10 | (11 | ((((15 | !(16 & 17)) | !14) | !13) | !12)))) | !8) | !7) | !6) | !5) | !4)))))) & (!(19 | 20))] 0
[(!(0 | (1 | ((3 | (4 | (5 | ((((9 | (10 | (11 | (12 | ((14 | (15 | 16)) | !13))))) | !8) | !7) | !6)))) | !2)))) & (!(19 | !20))] 0
[(!(0 | (1 | ((3 | (4 | (5 | ((((9 | (10 | (11 | (12 | ((14 | (15 | !16)) | !13))))) | !8) | !7) | !6)))) | !2)))) & (!(19 | 20))] 0
[(!(0 | (1 | (2 | (((5 | ((7 | (((((12 | ((14 | (15 | 16)) | !13)) | !11) | !10) | !9) | !8)) | !6)) | !4) | !3))))) & (t)] 2
[(!(0 | (1 | (2 | (((5 | ((7 | (((((12 | ((14 | (15 | (17 | !16))) | !13)) | !11) | !10) | !9) | !8)) | !6)) | !4) | !3))))) & (!(19 | 20))] 0
[(!(0 | (1 | (2 | (((5 | ((7 | (((((12 | ((14 | (15 | !(16 & 17))) | !13)) | !11) | !10) | !9) | !8)) | !6)) | !4) | !3))))) & (!(19 | 20))] 0
[(!(0 | (1 | (2 | (((5 | ((((((11 | (12 | ((14 | (15 | 16)) | !13))) | !10) | !9) | !8) | !7) | !6)) | !4) | !3))))) & (t)] 2
[(!(0 | (1 | (2 | (((5 | ((((((11 | (12 | ((14 | (15 | (17 | !16))) | !13))) | !10) | !9) | !8) | !7) | !6)) | !4) | !3))))) & (!(19 | 20))] 0
[(!(0 | (1 | (2 | (((5 | ((((((11 | (12 | ((14 | (15 | !(16 & 17))) | !13))) | !10) | !9) | !8) | !7) | !6)) | !4) | !3))))) & (!(19 | 20))] 1
[(!(0 | (1 | (2 | (((5 | (((((((12 | ((14 | (15 | 16)) | !13)) | !11) | !10) | !9) | !8) | !7) | !6)) | !4) | !3))))) & (t)] 2
[(!(0 | (1 | (2 | (((5 | (((((((12 | ((14 | (15 | (17 | !16))) | !13)) | !11) | !10) | !9) | !8) | !7) | !6)) | !4) | !3))))) & (!(19 | 20))] 0
[(!(0 | (1 | (2 | (((5 | (((((((12 | ((14 | (15 | !(16 & 17))) | !13)) | !11) | !10) | !9) | !8) | !7) | !6)) | !4) | !3))))) & (!(19 | 20))] 0
[(!(0 | (1 | (2 | (3 | (((((8 | (9 | (10 | (11 | ((((15 | 16) | !14) | !13) | !12))))) | !7) | !6) | !5) | !4)))))) & (t)] 0
[(!(0 | (1 | (2 | (3 | (((((8 | (9 | (10 | (11 | ((((15 | (17 | !16)) | !14) | !13) | !12))))) | !7) | !6) | !5) | !4)))))) & (!(19 | 20))] 0
[(!(0 | (1 | (2 | (3 | (((((8 | (9 | (10 | (11 | ((((15 | !(16 & 17)) | !14) | !13) | !12))))) | !7) | !6) | !5) | !4)))))) & (!(19 | 20))] 1
[(!((1 | ((3 | (4 | (5 | ((7 | ((9 | (10 | ((12 | (13 | (14 | (15 | 16)))) | !11))) | !8)) | !6)))) | !2)) | !0)) & (!(19 | 20))] 1
[(!((1 | ((3 | (4 | (5 | ((7 | ((9 | (10 | ((12 | (13 | (14 | (15 | !16)))) | !11))) | !8)) | !6)))) | !2)) | !0)) & (!(19 | 20))] 1
[(!(0 | (1 | ((3 | (4 | (((7 | ((9 | (10 | ((((14 | (16 | !15)) | !13) | !12) | !11))) | !8)) | !6) | !5))) | !2)))) & (!(19 | 20))] 1
[(!(0 | (1 | ((3 | (4 | (((7 | ((9 | (10 | ((((14 | !(15 & 16)) | !13) | !12) | !11))) | !8)) | !6) | !5))) | !2)))) & (!(19 | 20))] 1
[(!((1 | ((3 | (4 | (((7 | ((9 | (10 | (((13 | (14 | (16 | !15))) | !12) | !11))) | !8)) | !6) | !5))) | !2)) | !0)) & (!(20 | !19))] 0
[(!((1 | ((3 | (4 | (((7 | ((9 | (10 | (((13 | (14 | !(15 & 16))) | !12) | !11))) | !8)) | !6) | !5))) | !2)) | !0)) & (!(19 | 20))] 2
[(!((1 | ((3 | (4 | (((7 | ((9 | (10 | ((((14 | (16 | !15)) | !13) | !12) | !11))) | !8)) | !6) | !5))) | !2)) | !0)) & (!(19 | 20))] 0
[(!((1 | ((3 | (4 | (((7 | ((9 | (10 | ((((14 | !(15 & 16)) | !13) | !12) | !11))) | !8)) | !6) | !5))) | !2)) | !0)) & (!(19 | 20))] 0
[(!(((((4 | (5 | ((((9 | ((11 | (12 | ((14 | (15 | 16)) | !13))) | !10)) | !8) | !7) | !6))) | !3) | !2) | !1) | !0)) & (!(19 | 20))] 2
[(!(((((4 | (5 | ((((9 | ((11 | (12 | ((14 | (15 | !16)) | !13))) | !10)) | !8) | !7) | !6))) | !3) | !2) | !1) | !0)) & (!(19 | 20))] 2
[(!(((((4 | (5 | ((((9 | (((12 | ((14 | (15 | 16)) | !13)) | !11) | !10)) | !8) | !7) | !6))) | !3) | !2) | !1) | !0)) & (!(19 | 20))] 0
[(!(((((4 | (5 | ((((9 | (((12 | ((14 | (15 | !16)) | !13)) | !11) | !10)) | !8) | !7) | !6))) | !3) | !2) | !1) | !0)) & (!(19 | 20))] 0
[(!(0 | (1 | ((3 | (4 | (5 | ((((9 | (10 | ((12 | ((14 | (15 | 16)) | !13)) | !11))) | !8) | !7) | !6)))) | !2)))) & (t)] 0
[(!(0 | (1 | ((3 | (4 | (5 | ((((9 | (10 | ((12 | ((14 | (15 | !16)) | !13)) | !11))) | !8) | !7) | !6)))) | !2)))) & (t)] 2
[(!(0 | (1 | (2 | (((5 | ((7 | (((((12 | (13 | (14 | (15 | (17 | !16))))) | !11) | !10) | !9) | !8)) | !6)) | !4) | !3))))) & (!(19 | 20))] 0
[(!(0 | (1 | (2 | (((5 | ((7 | (((((12 | (13 | (14 | (15 | !(16 & 17))))) | !11) | !10) | !9) | !8)) | !6)) | !4) | !3))))) & (!(19 | 20))] 2
[(!(0 | (1 | (2 | (((5 | (((((((12 | (13 | (14 | (15 | (17 | !16))))) | !11) | !10) | !9) | !8) | !7) | !6)) | !4) | !3))))) & (!(19 | 20))] 0
[(!(0 | (1 | (2 | (((5 | (((((((12 | (13 | (14 | (15 | !(16 & 17))))) | !11) | !10) | !9) | !8) | !7) | !6)) | !4) | !3))))) & (!(19 | 20))] 0
[(!(0 | (1 | ((3 | (4 | (5 | (((8 | (9 | (10 | (11 | (12 | ((14 | (15 | 16)) | !13)))))) | !7) | !6)))) | !2)))) & (!(19 | !20))] 1
[(!(0 | (1 | ((3 | (4 | (5 | (((8 | (9 | (10 | (11 | (12 | ((14 | (15 | !16)) | !13)))))) | !7) | !6)))) | !2)))) & (!(19 | 20))] 0
[(!(0 | (1 | (2 | (3 | ((5 | (((8 | (9 | (10 | (11 | (12 | ((14 | (15 | 16)) | !13)))))) | !7) | !6)) | !4)))))) & (t)] 1
[(!(0 | (1 | (2 | (3 | ((5 | (((8 | (9 | (10 | (11 | (12 | ((14 | (15 | (17 | !16))) | !13)))))) | !7) | !6)) | !4)))))) & (!(19 | 20))] 1
[(!(0 | (1 | (2 | (3 | ((5 | (((8 | (9 | (10 | (11 | (12 | ((14 | (15 | !(16 & 17))) | !13)))))) | !7) | !6)) | !4)))))) & (!(19 | 20))] 0
[(!((1 | ((3 | (4 | (5 | (6 | (7 | ((9 | (10 | ((12 | (13 | (14 | (15 | 16)))) | !11))) | !8)))))) | !2)) | !0)) & (!(20 | !19))] 0
[(!((1 | ((3 | (4 | (5 | (6 | (7 | ((9 | (10 | ((12 | (13 | (14 | (15 | !16)))) | !11))) | !8)))))) | !2)) | !0)) & (!(19 | 20))] 0
[(!((1 | ((3 | (4 | (5 | ((((9 | (10 | (11 | (12 | ((14 | (15 | 16)) | !13))))) | !8) | !7) | !6)))) | !2)) | !0)) & (!(19 | !20))] 1
[(!((1 | ((3 | (4 | (5 | ((((9 | (10 | (11 | (12 | ((14 | (15 | !16)) | !13))))) | !8) | !7) | !6)))) | !2)) | !0)) & (!(19 | 20))] 0
[(!(((((4 | (5 | (6 | (((9 | (((12 | ((14 | (15 | 16)) | !13)) | !11) | !10)) | !8) | !7)))) | !3) | !2) | !1) | !0)) & (t)] 0
[(!(((((4 | (5 | (6 | (((9 | (((12 | ((14 | (15 | !16)) | !13)) | !11) | !10)) | !8) | !7)))) | !3) | !2) | !1) | !0)) & (t)] 2
[(!((1 | ((3 | (4 | (5 | ((((9 | (10 | ((12 | ((14 | (15 | 16)) | !13)) | !11))) | !8) | !7) | !6)))) | !2)) | !0)) & (!(19 | 20))] 2
[(!((1 | ((3 | (4 | (5 | ((((9 | (10 | ((12 | ((14 | (15 | !16)) | !13)) | !11))) | !8) | !7) | !6)))) | !2)) | !0)) & (!(19 | 20))] 1
[(!((1 | (2 | (3 | ((5 | ((((9 | (10 | ((12 | ((14 | (15 | 16)) | !13)) | !11))) | !8) | !7) | !6)) | !4)))) | !0)) & (t)] 2
[(!((1 | (2 | (3 | ((5 | ((((9 | (10 | ((12 | ((14 | (15 | (17 | !16))) | !13)) | !11))) | !8) | !7) | !6)) | !4)))) | !0)) & (!(19 | 20))] 2
[(!((1 | (2 | (3 | ((5 | ((((9 | (10 | ((12 | ((14 | (15 | !(16 & 17))) | !13)) | !11))) | !8) | !7) | !6)) | !4)))) | !0)) & (!(19 | 20))] 0
[(!(0 | (1 | (2 | (3 | ((5 | ((7 | ((9 | (10 | ((12 | (13 | (14 | (15 | (17 | !16))))) | !11))) | !8)) | !6)) | !4)))))) & (!(19 | 20))] 2
[(!(0 | (1 | (2 | (3 | ((5 | ((7 | ((9 | (10 | ((12 | (13 | (14 | (15 | !(16 & 17))))) | !11))) | !8)) | !6)) | !4)))))) & (!(19 | 20))] 2
[(!(0 | (1 | (2 | (3 | ((((((9 | (10 | (((13 | ((15 | (17 | !16)) | !14)) | !12) | !11))) | !8) | !7) | !6) | !5) | !4)))))) & (!(19 | 20))] 0
[(!(0 | (1 | (2 | (3 | ((((((9 | (10 | (((13 | ((15 | !(16 & 17)) | !14)) | !12) | !11))) | !8) | !7) | !6) | !5) | !4)))))) & (!(19 | 20))] 2
[(!(0 | (1 | (2 | (3 | ((((((9 | (10 | (((((15 | 16) | !14) | !13) | !12) | !11))) | !8) | !7) | !6) | !5) | !4)))))) & (t)] 2
[(!(0 | (1 | (2 | (3 | ((((((9 | (10 | (((((15 | (17 | !16)) | !14) | !13) | !12) | !11))) | !8) | !7) | !6) | !5) | !4)))))) & (!(19 | 20))] 1
[(!(0 | (1 | (2 | (3 | ((((((9 | (10 | (((((15 | !(16 & 17)) | !14) | !13) | !12) | !11))) | !8) | !7) | !6) | !5) | !4)))))) & (!(19 | 20))] 0
[(!(0 | (1 | (2 | (3 | (((((8 | (9 | (10 | (((((15 | 16) | !14) | !13) | !12) | !11)))) | !7) | !6) | !5) | !4)))))) & (t)] 2
[(!(0 | (1 | (2 | (3 | (((((8 | (9 | (10 | (((((15 | (17 | !16)) | !14) | !13) | !12) | !11)))) | !7) | !6) | !5) | !4)))))) & (!(19 | 20))] 0
[(!(0 | (1 | (2 | (3 | (((((8 | (9 | (10 | (((((15 | !(16 & 17)) | !14) | !13) | !12) | !11)))) | !7) | !6) | !5) | !4)))))) & (!(19 | 20))] 1
[(!(((((4 | (5 | (((8 | (9 | ((11 | (12 | ((14 | (15 | 16)) | !13))) | !10))) | !7) | !6))) | !3) | !2) | !1) | !0)) & (!(19 | !20))] 0
[(!(((((4 | (5 | (((8 | (9 | ((11 | (12 | ((14 | (15 | !16)) | !13))) | !10))) | !7) | !6))) | !3) | !2) | !1) | !0)) & (!(19 | 20))] 1
[(!(((((4 | (5 | (((8 | (9 | (((12 | ((14 | (15 | 16)) | !13)) | !11) | !10))) | !7) | !6))) | !3) | !2) | !1) | !0)) & (!(19 | 20))] 0
[(!(((((4 | (5 | (((8 | (9 | (((12 | ((14 | (15 | !16)) | !13)) | !11) | !10))) | !7) | !6))) | !3) | !2) | !1) | !0)) & (!(19 | 20))] 0
[(!((1 | ((3 | (4 | (5 | (6 | (((9 | (10 | ((12 | (13 | (14 | (15 | 16)))) | !11))) | !8) | !7))))) | !2)) | !0)) & (!(20 | !19))] 2
[(!((1 | ((3 | (4 | (5 | (6 | (((9 | (10 | ((12 | (13 | (14 | (15 | !16)))) | !11))) | !8) | !7))))) | !2)) | !0)) & (!(19 | 20))] 0
[(!((1 | ((3 | (4 | (((((9 | (10 | (((13 | (14 | (16 | !15))) | !12) | !11))) | !8) | !7) | !6) | !5))) | !2)) | !0)) & (!(20 | !19))] 0
[(!((1 | ((3 | (4 | (((((9 | (10 | (((13 | (14 | !(15 & 16))) | !12) | !11))) | !8) | !7) | !6) | !5))) | !2)) | !0)) & (!(19 | 20))] 0
[(!((1 | ((3 | (4 | (((((9 | (10 | ((((14 | (16 | !15)) | !13) | !12) | !11))) | !8) | !7) | !6) | !5))) | !2)) | !0)) & (!(19 | 20))] 0
[(!((1 | ((3 | (4 | (((((9 | (10 | ((((14 | !(15 & 16)) | !13) | !12) | !11))) | !8) | !7) | !6) | !5))) | !2)) | !0)) & (!(19 | 20))] 0
[(!((1 | ((3 | (4 | (5 | ((((9 | (10 | ((12 | (13 | (14 | (15 | 16)))) | !11))) | !8) | !7) | !6)))) | !2)) | !0)) & (!(20 | !19))] 0
[(!((1 | ((3 | (4 | (5 | ((((9 | (10 | ((12 | (13 | (14 | (15 | !16)))) | !11))) | !8) | !7) | !6)))) | !2)) | !0)) & (!(19 | 20))] 0
[(!(0 | (1 | ((3 | (4 | (((((9 | (10 | ((((14 | (16 | !15)) | !13) | !12) | !11))) | !8) | !7) | !6) | !5))) | !2)))) & (!(19 | 20))] 2
[(!(0 | (1 | ((3 | (4 | (((((9 | (10 | ((((14 | !(15 & 16)) | !13) | !12) | !11))) | !8) | !7) | !6) | !5))) | !2)))) & (!(19 | 20))] 1
[(!((1 | (2 | (((5 | ((7 | (((((12 | (13 | (14 | (15 | 16)))) | !11) | !10) | !9) | !8)) | !6)) | !4) | !3))) | !0)) & (t)] 1
[(!((1 | (2 | (((5 | ((7 | (((((12 | (13 | (14 | (15 | (17 | !16))))) | !11) | !10) | !9) | !8)) | !6)) | !4) | !3))) | !0)) & (!(19 | 20))] 1
[(!((1 | (2 | (((5 | ((7 | (((((12 | (13 | (14 | (15 | !(16 & 17))))) | !11) | !10) | !9) | !8)) | !6)) | !4) | !3))) | !0)) & (!(19 | 20))] 0
[(!((1 | (2 | (((5 | (((((((12 | (13 | (14 | (15 | 16)))) | !11) | !10) | !9) | !8) | !7) | !6)) | !4) | !3))) | !0)) & (t)] 0
[(!((1 | (2 | (((5 | (((((((12 | (13 | (14 | (15 | (17 | !16))))) | !11) | !10) | !9) | !8) | !7) | !6)) | !4) | !3))) | !0)) & (!(19 | 20))] 0
[(!((1 | (2 | (((5 | (((((((12 | (13 | (14 | (15 | !(16 & 17))))) | !11) | !10) | !9) | !8) | !7) | !6)) | !4) | !3))) | !0)) & (!(19 | 20))] 0
[(!((1 | (2 | (3 | (((((8 | (9 | (10 | (11 | ((((15 | 16) | !14) | !13) | !12))))) | !7) | !6) | !5) | !4)))) | !0)) & (t)] 0
[(!((1 | (2 | (3 | (((((8 | (9 | (10 | (11 | ((((15 | (17 | !16)) | !14) | !13) | !12))))) | !7) | !6) | !5) | !4)))) | !0)) & (!(19 | 20))] 1
[(!((1 | (2 | (3 | (((((8 | (9 | (10 | (11 | ((((15 | !(16 & 17)) | !14) | !13) | !12))))) | !7) | !6) | !5) | !4)))) | !0)) & (!(19 | 20))] 0
[(!((1 | (2 | (3 | ((((((9 | (10 | (11 | ((((15 | 16) | !14) | !13) | !12)))) | !8) | !7) | !6) | !5) | !4)))) | !0)) & (t)] 2
[(!((1 | (2 | (3 | ((((((9 | (10 | (11 | ((((15 | (17 | !16)) | !14) | !13) | !12)))) | !8) | !7) | !6) | !5) | !4)))) | !0)) & (!(19 | 20))] 1
[(!((1 | (2 | (3 | ((((((9 | (10 | (11 | ((((15 | !(16 & 17)) | !14) | !13) | !12)))) | !8) | !7) | !6) | !5) | !4)))) | !0)) & (!(19 | 20))] 0
[(!(0 | (1 | ((3 | (4 | (5 | (((8 | (9 | (10 | ((12 | ((14 | (15 | 16)) | !13)) | !11)))) | !7) | !6)))) | !2)))) & (!(19 | 20))] 0
[(!(0 | (1 | ((3 | (4 | (5 | (((8 | (9 | (10 | ((12 | ((14 | (15 | !16)) | !13)) | !11)))) | !7) | !6)))) | !2)))) & (!(19 | 20))] 0
[(!(0 | (1 | (2 | (3 | ((5 | (((8 | (9 | (10 | ((12 | ((14 | (15 | 16)) | !13)) | !11)))) | !7) | !6)) | !4)))))) & (t)] 0
[(!(0 | (1 | (2 | (3 | ((5 | (((8 | (9 | (10 | ((12 | ((14 | (15 | (17 | !16))) | !13)) | !11)))) | !7) | !6)) | !4)))))) & (!(19 | 20))] 0
[(!(0 | (1 | (2 | (3 | ((5 | (((8 | (9 | (10 | ((12 | ((14 | (15 | !(16 & 17))) | !13)) | !11)))) | !7) | !6)) | !4)))))) & (!(19 | 20))] 0
[(!((1 | ((3 | (4 | (5 | (((8 | (9 | (10 | (11 | (12 | ((14 | (15 | 16)) | !13)))))) | !7) | !6)))) | !2)) | !0)) & (!(19 | !20))] 1
[(!((1 | ((3 | (4 | (5 | (((8 | (9 | (10 | (11 | (12 | ((14 | (15 | !16)) | !13)))))) | !7) | !6)))) | !2)) | !0)) & (!(19 | 20))] 0
[(!(((((4 | (5 | (6 | ((8 | (9 | (((12 | ((14 | (15 | 16)) | !13)) | !11) | !10))) | !7)))) | !3) | !2) | !1) | !0)) & (19 & 20)] 1
[(!(((((4 | (5 | (6 | ((8 | (9 | (((12 | ((14 | (15 | !16)) | !13)) | !11) | !10))) | !7)))) | !3) | !2) | !1) | !0)) & (!(19 | 20))] 1
[(!((1 | (2 | (3 | ((5 | ((7 | ((9 | (10 | ((12 | (13 | (14 | (15 | 16)))) | !11))) | !8)) | !6)) | !4)))) | !0)) & (t)] 2
[(!((1 | (2 | (3 | ((5 | ((7 | ((9 | (10 | ((12 | (13 | (14 | (15 | (17 | !16))))) | !11))) | !8)) | !6)) | !4)))) | !0)) & (!(19 | 20))] 0
[(!((1 | (2 | (3 | ((5 | ((7 | ((9 | (10 | ((12 | (13 | (14 | (15 | !(16 & 17))))) | !11))) | !8)) | !6)) | !4)))) | !0)) & (!(19 | 20))] 0
[(!((1 | (2 | (3 | ((((((9 | (10 | (((13 | ((15 | 16) | !14)) | !12) | !11))) | !8) | !7) | !6) | !5) | !4)))) | !0)) & (t)] 0
[(!((1 | (2 | (3 | ((((((9 | (10 | (((13 | ((15 | (17 | !16)) | !14)) | !12) | !11))) | !8) | !7) | !6) | !5) | !4)))) | !0)) & (!(19 | 20))] 1
[(!((1 | (2 | (3 | ((((((9 | (10 | (((13 | ((15 | !(16 & 17)) | !14)) | !12) | !11))) | !8) | !7) | !6) | !5) | !4)))) | !0)) & (!(19 | 20))] 0
[(!((1 | (2 | (3 | ((((((9 | (10 | (((((15 | 16) | !14) | !13) | !12) | !11))) | !8) | !7) | !6) | !5) | !4)))) | !0)) & (t)] 1
[(!((1 | (2 | (3 | ((((((9 | (10 | (((((15 | (17 | !16)) | !14) | !13) | !12) | !11))) | !8) | !7) | !6) | !5) | !4)))) | !0)) & (!(19 | 20))] 2
[(!((1 | (2 | (3 | ((((((9 | (10 | (((((15 | !(16 & 17)) | !14) | !13) | !12) | !11))) | !8) | !7) | !6) | !5) | !4)))) | !0)) & (!(19 | 20))] 2
[(!((1 | (2 | (3 | (((((8 | (9 | (10 | (((((15 | 16) | !14) | !13) | !12) | !11)))) | !7) | !6) | !5) | !4)))) | !0)) & (t)] 2
[(!((1 | (2 | (3 | (((((8 | (9 | (10 | (((((15 | (17 | !16)) | !14) | !13) | !12) | !11)))) | !7) | !6) | !5) | !4)))) | !0)) & (!(19 | 20))] 0
[(!((1 | (2 | (3 | (((((8 | (9 | (10 | (((((15 | !(16 & 17)) | !14) | !13) | !12) | !11)))) | !7) | !6) | !5) | !4)))) | !0)) & (!(19 | 20))] 1
[(!((1 | (2 | (((5 | ((((((11 | (12 | ((14 | (15 | 16)) | !13))) | !10) | !9) | !8) | !7) | !6)) | !4) | !3))) | !0)) & (t)] 0
[(!((1 | (2 | (((5 | ((((((11 | (12 | ((14 | (15 | (17 | !16))) | !13))) | !10) | !9) | !8) | !7) | !6)) | !4) | !3))) | !0)) & (!(19 | 20))] 0
[(!((1 | (2 | (((5 | ((((((11 | (12 | ((14 | (15 | !(16 & 17))) | !13))) | !10) | !9) | !8) | !7) | !6)) | !4) | !3))) | !0)) & (!(19 | 20))] 1
[(!((1 | (2 | (((5 | (((((((12 | ((14 | (15 | 16)) | !13)) | !11) | !10) | !9) | !8) | !7) | !6)) | !4) | !3))) | !0)) & (t)] 1
[(!((1 | (2 | (((5 | (((((((12 | ((14 | (15 | (17 | !16))) | !13)) | !11) | !10) | !9) | !8) | !7) | !6)) | !4) | !3))) | !0)) & (!(19 | 20))] 2
[(!((1 | (2 | (((5 | (((((((12 | ((14 | (15 | !(16 & 17))) | !13)) | !11) | !10) | !9) | !8) | !7) | !6)) | !4) | !3))) | !0)) & (!(19 | 20))] 0
[(!((1 | (2 | (3 | ((5 | (((8 | (9 | (10 | (11 | (12 | ((14 | (15 | 16)) | !13)))))) | !7) | !6)) | !4)))) | !0)) & (t)] 0
[(!((1 | (2 | (3 | ((5 | (((8 | (9 | (10 | (11 | (12 | ((14 | (15 | (17 | !16))) | !13)))))) | !7) | !6)) | !4)))) | !0)) & (!(19 | 20))] 0
[(!((1 | (2 | (3 | ((5 | (((8 | (9 | (10 | (11 | (12 | ((14 | (15 | !(16 & 17))) | !13)))))) | !7) | !6)) | !4)))) | !0)) & (!(19 | 20))] 0
[(!((1 | (2 | (((5 | ((7 | (((((12 | ((14 | (15 | 16)) | !13)) | !11) | !10) | !9) | !8)) | !6)) | !4) | !3))) | !0)) & (t)] 0
[(!((1 | (2 | (((5 | ((7 | (((((12 | ((14 | (15 | (17 | !16))) | !13)) | !11) | !10) | !9) | !8)) | !6)) | !4) | !3))) | !0)) & (!(19 | 20))] 1
[(!((1 | (2 | (((5 | ((7 | (((((12 | ((14 | (15 | !(16 & 17))) | !13)) | !11) | !10) | !9) | !8)) | !6)) | !4) | !3))) | !0)) & (!(19 | 20))] 2
[(!((1 | ((3 | (4 | (5 | (6 | ((8 | (9 | (10 | ((12 | ((14 | (15 | 16)) | !13)) | !11)))) | !7))))) | !2)) | !0)) & (19 & 20)] 0
[(!((1 | ((3 | (4 | (5 | (6 | ((8 | (9 | (10 | ((12 | ((14 | (15 | !16)) | !13)) | !11)))) | !7))))) | !2)) | !0)) & (!(19 | 20))] 1
[(!((1 | (2 | (3 | ((5 | (6 | ((8 | (9 | (10 | ((12 | ((14 | (15 | 16)) | !13)) | !11)))) | !7))) | !4)))) | !0)) & (t)] 1
[(!((1 | (2 | (3 | ((5 | (6 | ((8 | (9 | (10 | ((12 | ((14 | (15 | (17 | !16))) | !13)) | !11)))) | !7))) | !4)))) | !0)) & (t)] 2
[(!((1 | (2 | (3 | ((5 | (6 | ((8 | (9 | (10 | ((12 | ((14 | (15 | !(16 & 17))) | !13)) | !11)))) | !7))) | !4)))) | !0)) & (t)] 1
[(!((1 | ((3 | (4 | (5 | (((8 | (9 | (10 | ((12 | ((14 | (15 | 16)) | !13)) | !11)))) | !7) | !6)))) | !2)) | !0)) & (t)] 0
[(!((1 | ((3 | (4 | (5 | (((8 | (9 | (10 | ((12 | ((14 | (15 | !16)) | !13)) | !11)))) | !7) | !6)))) | !2)) | !0)) & (t)] 2
[(!((1 | (2 | (3 | ((5 | (((8 | (9 | (10 | ((12 | ((14 | (15 | 16)) | !13)) | !11)))) | !7) | !6)) | !4)))) | !0)) & (t)] 1
[(!((1 | (2 | (3 | ((5 | (((8 | (9 | (10 | ((12 | ((14 | (15 | (17 | !16))) | !13)) | !11)))) | !7) | !6)) | !4)))) | !0)) & (t)] 1
[(!((1 | (2 | (3 | ((5 | (((8 | (9 | (10 | ((12 | ((14 | (15 | !(16 & 17))) | !13)) | !11)))) | !7) | !6)) | !4)))) | !0)) & (t)] 0
[(!((1 | ((3 | (4 | (5 | ((7 | ((9 | (10 | ((12 | ((14 | (15 | 16)) | !13)) | !11))) | !8)) | !6)))) | !2)) | !0)) & (!(19 | 20))] 1
[(!((1 | ((3 | (4 | (5 | ((7 | ((9 | (10 | ((12 | ((14 | (15 | !16)) | !13)) | !11))) | !8)) | !6)))) | !2)) | !0)) & (!(19 | 20))] 2
[(!((1 | (2 | (3 | ((5 | ((7 | ((9 | (10 | ((12 | ((14 | (15 | 16)) | !13)) | !11))) | !8)) | !6)) | !4)))) | !0)) & (t)] 1
[(!((1 | (2 | (3 | ((5 | ((7 | ((9 | (10 | ((12 | ((14 | (15 | (17 | !16))) | !13)) | !11))) | !8)) | !6)) | !4)))) | !0)) & (t)] 1
[(!((1 | (2 | (3 | ((5 | ((7 | ((9 | (10 | ((12 | ((14 | (15 | !(16 & 17))) | !13)) | !11))) | !8)) | !6)) | !4)))) | !0)) & (t)] 0
[(!((1 | (2 | (((5 | (6 | ((((((12 | (13 | (14 | (15 | 16)))) | !11) | !10) | !9) | !8) | !7))) | !4) | !3))) | !0)) & (t)] 0
[(!((1 | (2 | (((5 | (6 | ((((((12 | (13 | (14 | (15 | (17 | !16))))) | !11) | !10) | !9) | !8) | !7))) | !4) | !3))) | !0)) & (!(19 | 20))] 0
[(!((1 | (2 | (((5 | (6 | ((((((12 | (13 | (14 | (15 | !(16 & 17))))) | !11) | !10) | !9) | !8) | !7))) | !4) | !3))) | !0)) & (!(19 | 20))] 0
[(!((1 | (2 | (((5 | (6 | (7 | (((((12 | (13 | (14 | (15 | 16)))) | !11) | !10) | !9) | !8)))) | !4) | !3))) | !0)) & (t)] 0
[(!((1 | (2 | (((5 | (6 | (7 | (((((12 | (13 | (14 | (15 | (17 | !16))))) | !11) | !10) | !9) | !8)))) | !4) | !3))) | !0)) & (!(19 | 20))] 1
[(!((1 | (2 | (((5 | (6 | (7 | (((((12 | (13 | (14 | (15 | !(16 & 17))))) | !11) | !10) | !9) | !8)))) | !4) | !3))) | !0)) & (!(19 | 20))] 0
[(!((1 | (2 | (3 | (((6 | ((8 | (9 | (10 | (((((15 | 16) | !14) | !13) | !12) | !11)))) | !7)) | !5) | !4)))) | !0)) & (t)] 0
[(!((1 | (2 | (3 | (((6 | ((8 | (9 | (10 | (((((15 | (17 | !16)) | !14) | !13) | !12) | !11)))) | !7)) | !5) | !4)))) | !0)) & (!(19 | 20))] 1
[(!((1 | (2 | (3 | (((6 | ((8 | (9 | (10 | (((((15 | !(16 & 17)) | !14) | !13) | !12) | !11)))) | !7)) | !5) | !4)))) | !0)) & (!(19 | 20))] 1
[(!((1 | (2 | (3 | (((6 | (((9 | (10 | (((13 | ((15 | 16) | !14)) | !12) | !11))) | !8) | !7)) | !5) | !4)))) | !0)) & (t)] 1
[(!((1 | (2 | (3 | (((6 | (((9 | (10 | (((13 | ((15 | (17 | !16)) | !14)) | !12) | !11))) | !8) | !7)) | !5) | !4)))) | !0)) & (!(19 | 20))] 0
[(!((1 | (2 | (3 | (((6 | (((9 | (10 | (((13 | ((15 | !(16 & 17)) | !14)) | !12) | !11))) | !8) | !7)) | !5) | !4)))) | !0)) & (!(19 | 20))] 0
[(!((1 | (2 | (3 | (((6 | (((9 | (10 | (((((15 | 16) | !14) | !13) | !12) | !11))) | !8) | !7)) | !5) | !4)))) | !0)) & (t)] 2
[(!((1 | (2 | (3 | (((6 | (((9 | (10 | (((((15 | (17 | !16)) | !14) | !13) | !12) | !11))) | !8) | !7)) | !5) | !4)))) | !0)) & (!(19 | 20))] 1
[(!((1 | (2 | (3 | (((6 | (((9 | (10 | (((((15 | !(16 & 17)) | !14) | !13) | !12) | !11))) | !8) | !7)) | !5) | !4)))) | !0)) & (!(19 | 20))] 2
[(!((1 | (2 | (3 | ((5 | (6 | (7 | ((9 | (10 | ((12 | (13 | (14 | (15 | 16)))) | !11))) | !8)))) | !4)))) | !0)) & (t)] 1
[(!((1 | (2 | (3 | ((5 | (6 | (7 | ((9 | (10 | ((12 | (13 | (14 | (15 | (17 | !16))))) | !11))) | !8)))) | !4)))) | !0)) & (!(19 | 20))] 0
[(!((1 | (2 | (3 | ((5 | (6 | (7 | ((9 | (10 | ((12 | (13 | (14 | (15 | !(16 & 17))))) | !11))) | !8)))) | !4)))) | !0)) & (!(19 | 20))] 0
[(!((1 | ((3 | (4 | (5 | (6 | (((9 | (10 | ((12 | ((14 | (15 | 16)) | !13)) | !11))) | !8) | !7))))) | !2)) | !0)) & (t)] 2
[(!((1 | ((3 | (4 | (5 | (6 | (((9 | (10 | ((12 | ((14 | (15 | !16)) | !13)) | !11))) | !8) | !7))))) | !2)) | !0)) & (t)] 0
[(!((1 | (2 | (3 | (((6 | ((8 | (9 | (10 | (11 | ((((15 | (17 | !16)) | !14) | !13) | !12))))) | !7)) | !5) | !4)))) | !0)) & (!(19 | 20))] 0
[(!((1 | (2 | (3 | (((6 | ((8 | (9 | (10 | (11 | ((((15 | !(16 & 17)) | !14) | !13) | !12))))) | !7)) | !5) | !4)))) | !0)) & (!(19 | 20))] 2
[(!((1 | (2 | (3 | (((6 | (((9 | (10 | (11 | ((((15 | (17 | !16)) | !14) | !13) | !12)))) | !8) | !7)) | !5) | !4)))) | !0)) & (!(19 | 20))] 0
[(!((1 | (2 | (3 | (((6 | (((9 | (10 | (11 | ((((15 | !(16 & 17)) | !14) | !13) | !12)))) | !8) | !7)) | !5) | !4)))) | !0)) & (!(19 | 20))] 0
[(!((1 | (2 | (((5 | (6 | (((((11 | (12 | ((14 | (15 | (17 | !16))) | !13))) | !10) | !9) | !8) | !7))) | !4) | !3))) | !0)) & (!(19 | 20))] 0
[(!((1 | (2 | (((5 | (6 | (((((11 | (12 | ((14 | (15 | !(16 & 17))) | !13))) | !10) | !9) | !8) | !7))) | !4) | !3))) | !0)) & (!(19 | 20))] 0
[(!((1 | (2 | (((5 | (6 | ((((((12 | ((14 | (15 | 16)) | !13)) | !11) | !10) | !9) | !8) | !7))) | !4) | !3))) | !0)) & (t)] 2
[(!((1 | (2 | (((5 | (6 | ((((((12 | ((14 | (15 | (17 | !16))) | !13)) | !11) | !10) | !9) | !8) | !7))) | !4) | !3))) | !0)) & (!(19 | 20))] 1
[(!((1 | (2 | (((5 | (6 | ((((((12 | ((14 | (15 | !(16 & 17))) | !13)) | !11) | !10) | !9) | !8) | !7))) | !4) | !3))) | !0)) & (!(19 | 20))] 2
[(!((1 | (2 | (3 | ((5 | (6 | ((8 | (9 | (10 | (11 | (12 | ((14 | (15 | (17 | !16))) | !13)))))) | !7))) | !4)))) | !0)) & (t)] 0
[(!((1 | (2 | (3 | ((5 | (6 | ((8 | (9 | (10 | (11 | (12 | ((14 | (15 | !(16 & 17))) | !13)))))) | !7))) | !4)))) | !0)) & (t)] 0
[(!((1 | (2 | (((5 | (6 | (7 | (((((12 | ((14 | (15 | 16)) | !13)) | !11) | !10) | !9) | !8)))) | !4) | !3))) | !0)) & (t)] 0
[(!((1 | (2 | (((5 | (6 | (7 | (((((12 | ((14 | (15 | (17 | !16))) | !13)) | !11) | !10) | !9) | !8)))) | !4) | !3))) | !0)) & (!(19 | 20))] 2
[(!((1 | (2 | (((5 | (6 | (7 | (((((12 | ((14 | (15 | !(16 & 17))) | !13)) | !11) | !10) | !9) | !8)))) | !4) | !3))) | !0)) & (!(19 | 20))] 1
[(!((1 | ((3 | (4 | (5 | (6 | (7 | ((9 | (10 | ((12 | ((14 | (15 | 16)) | !13)) | !11))) | !8)))))) | !2)) | !0)) & (19 & 20)] 0
[(!((1 | ((3 | (4 | (5 | (6 | (7 | ((9 | (10 | ((12 | ((14 | (15 | !16)) | !13)) | !11))) | !8)))))) | !2)) | !0)) & (19 & 20)] 2
[(!((1 | (2 | (3 | ((5 | (6 | (7 | ((9 | (10 | ((12 | ((14 | (15 | 16)) | !13)) | !11))) | !8)))) | !4)))) | !0)) & (t)] 0
[(!((1 | (2 | (3 | ((5 | (6 | (7 | ((9 | (10 | ((12 | ((14 | (15 | (17 | !16))) | !13)) | !11))) | !8)))) | !4)))) | !0)) & (t)] 0
[(!((1 | (2 | (3 | ((5 | (6 | (7 | ((9 | (10 | ((12 | ((14 | (15 | !(16 & 17))) | !13)) | !11))) | !8)))) | !4)))) | !0)) & (t)] 2
State: 1 "[1]"
[(0 & (1 & (((4 | (5 | (6 & ((9 | ((12 | ((14 | 15) | !13)) | !10)) | !7) | !6 & ((9 | (((12 | ((14 | 15) | !13)) | !11) | !10)) | !7)))) | !3) | !2) | !1 & (2 & (3 | (4 | (5 & (((9 | (10 | (((14 | !15) | !12) | !11))) | !8) | !6) | !5 & (6 & (7 & (8 & (9 | (10 | (11 & (12 | (14 | 15)) | !11 & (12 | ((14 | 15) | !13))))) | !8 & (9 | (10 | (12 | ((14 | 15) | !13))))) | !7 & ((9 | (10 | ((12 | (14 | 15)) | !11))) | !8)) | !6 & (7 & (8 & (9 | (10 | ((12 | (14 | 15)) | !11))) | !8 & (9 | (10 | ((12 | ((14 | 15) | !13)) | !11)))) | !7 & ((9 | (10 | ((12 | (14 | 15)) | !11))) | !8)))))) | !2 & (3 & ((5 | (6 & (7 & ((((11 & (12 | (14 | 15)) | !11 & (12 | ((14 | 15) | !13))) | !10) | !9) | !8) | !7 & (((((12 | (14 | 15)) | !11) | !10) | !9) | !8)) | !6 & (7 & ((((11 & (12 | (14 | 15)) | !11 & (12 | ((14 | (15 | !16)) | !13))) | !10) | !9) | !8) | !7 & (((((12 | (14 | 15)) | !11) | !10) | !9) | !8)))) | !4) | !3 & ((5 & (6 & ((8 & (9 | (10 | (11 & ((15 | !14) | !12) | !11 & (((15 | !14) | !13) | !12)))) | !8 & (9 | (10 | (((15 | !14) | !13) | !12)))) | !7) | !6 & ((8 & (9 | (10 | (11 & ((15 | !14) | !12) | !11 & ((((15 | !16) | !14) | !13) | !12)))) | !8 & (9 | (10 | (11 & (((15 | !14) | !13) | !12) | !11 & ((((15 | !16) | !14) | !13) | !12))))) | !7)) | !5 & (6 & (7 & (8 & (9 | (10 | ((12 | ((14 | 15) | !13)) | !11))) | !8 & (9 | (10 | (12 | ((14 | 15) | !13))))) | !7 & ((9 | (10 | ((12 | (14 | 15)) | !11))) | !8)) | !6 & (7 & (8 | (9 | (10 | (11 & (12 | ((14 | 15) | !13)) | !11 & (12 | ((14 | (15 | !16)) | !13)))))) | !7 & ((9 | (10 | ((12 | (14 | 15)) | !11))) | !8)))) | !4)))) | !0 & (1 | (2 & (3 | (4 | (5 & (((9 | (10 | ((((14 | !15) | !13) | !12) | !11))) | !8) | !6) | !5 & ((7 & (9 | (10 | (12 | ((14 | 15) | !13)))) | !7 & ((9 | (10 | ((12 | ((14 | 15) | !13)) | !11))) | !8)) | !6)))) | !2 & (3 & ((5 | ((7 & ((((11 & (12 | (13 & (14 | 15) | !13 & (14 | (15 | !16)))) | !11 & (12 | ((14 | 15) | !13))) | !10) | !9) | !8) | !7 & (((((12 | (13 & (14 | 15) | !13 & (14 | (15 | !16)))) | !11) | !10) | !9) | !8)) | !6)) | !4) | !3 & ((5 & (((8 & (9 | (10 | (11 & ((13 & (15 | !14) | !13 & ((15 | !16) | !14)) | !12) | !11 & (((15 | !14) | !13) | !12)))) | !8 & (9 | (10 | (((15 | !14) | !13) | !12)))) | !7) | !6) | !5 & ((7 & (8 | (9 | (10 | (12 | ((14 | 15) | !13))))) | !7 & ((9 | (10 | ((12 | (13 & (14 | 15) | !13 & (14 | (15 | !16)))) | !11))) | !8)) | !6)) | !4))))) & (t)] 0
[(!(0 | (1 | (2 | (3 | ((5 | ((7 | ((9 | (10 | ((12 | ((14 | (15 | 16)) | !13)) | !11))) | !8)) | !6)) | !4)))))) & (t)] 2
[(!(0 | (1 | (2 | (3 | ((5 | ((7 | ((9 | (10 | ((12 | ((14 | (15 | (17 | !16))) | !13)) | !11))) | !8)) | !6)) | !4)))))) & (!(19 | 20))] 1
[(!(0 | (1 | (2 | (3 | ((5 | ((7 | ((9 | (10 | ((12 | ((14 | (15 | !(16 & 17))) | !13)) | !11))) | !8)) | !6)) | !4)))))) & (!(19 | 20))] 0
[(!(0 | (1 | ((3 | (4 | (5 | ((7 | ((9 | (10 | ((12 | ((14 | (15 | 16)) | !13)) | !11))) | !8)) | !6)))) | !2)))) & (!(19 | 20))] 2
[(!(0 | (1 | ((3 | (4 | (5 | ((7 | ((9 | (10 | ((12 | ((14 | (15 | !16)) | !13)) | !11))) | !8)) | !6)))) | !2)))) & (!(19 | 20))] 2
[(!(0 | (1 | (2 | (3 | ((((((9 | (10 | (11 | ((((15 | 16) | !14) | !13) | !12)))) | !8) | !7) | !6) | !5) | !4)))))) & (t)] 2
[(!(0 | (1 | (2 | (3 | ((((((9 | (10 | (11 | ((((15 | (17 | !16)) | !14) | !13) | !12)))) | !8) | !7) | !6) | !5) | !4)))))) & (!(19 | 20))] 0
[(!(0 | (1 | (2 | (3 | ((((((9 | (10 | (11 | ((((15 | !(16 & 17)) | !14) | !13) | !12)))) | !8) | !7) | !6) | !5) | !4)))))) & (!(19 | 20))] 1
[(!(0 | (1 | ((3 | (4 | (5 | ((((9 | (10 | (11 | (12 | ((14 | (15 | 16)) | !13))))) | !8) | !7) | !6)))) | !2)))) & (!(19 | !20))] 0
[(!(0 | (1 | ((3 | (4 | (5 | ((((9 | (10 | (11 | (12 | ((14 | (15 | !16)) | !13))))) | !8) | !7) | !6)))) | !2)))) & (!(19 | 20))] 2
[(!(0 | (1 | (2 | (((5 | ((7 | (((((12 | ((14 | (15 | 16)) | !13)) | !11) | !10) | !9) | !8)) | !6)) | !4) | !3))))) & (t)] 0
[(!(0 | (1 | (2 | (((5 | ((7 | (((((12 | ((14 | (15 | (17 | !16))) | !13)) | !11) | !10) | !9) | !8)) | !6)) | !4) | !3))))) & (t)] 1
[(!(0 | (1 | (2 | (((5 | ((7 | (((((12 | ((14 | (15 | !(16 & 17))) | !13)) | !11) | !10) | !9) | !8)) | !6)) | !4) | !3))))) & (t)] 1
[(!(0 | (1 | (2 | (((5 | ((((((11 | (12 | ((14 | (15 | 16)) | !13))) | !10) | !9) | !8) | !7) | !6)) | !4) | !3))))) & (t)] 1
[(!(0 | (1 | (2 | (((5 | ((((((11 | (12 | ((14 | (15 | (17 | !16))) | !13))) | !10) | !9) | !8) | !7) | !6)) | !4) | !3))))) & (!(19 | 20))] 0
[(!(0 | (1 | (2 | (((5 | ((((((11 | (12 | ((14 | (15 | !(16 & 17))) | !13))) | !10) | !9) | !8) | !7) | !6)) | !4) | !3))))) & (!(19 | 20))] 1
[(!(0 | (1 | (2 | (((5 | (((((((12 | ((14 | (15 | 16)) | !13)) | !11) | !10) | !9) | !8) | !7) | !6)) | !4) | !3))))) & (t)] 2
[(!(0 | (1 | (2 | (((5 | (((((((12 | ((14 | (15 | (17 | !16))) | !13)) | !11) | !10) | !9) | !8) | !7) | !6)) | !4) | !3))))) & (!(19 | 20))] 1
[(!(0 | (1 | (2 | (((5 | (((((((12 | ((14 | (15 | !(16 & 17))) | !13)) | !11) | !10) | !9) | !8) | !7) | !6)) | !4) | !3))))) & (!(19 | 20))] 0
[(!(0 | (1 | (2 | (3 | (((((8 | (9 | (10 | (11 | ((((15 | 16) | !14) | !13) | !12))))) | !7) | !6) | !5) | !4)))))) & (t)] 1
[(!(0 | (1 | (2 | (3 | (((((8 | (9 | (10 | (11 | ((((15 | (17 | !16)) | !14) | !13) | !12))))) | !7) | !6) | !5) | !4)))))) & (!(19 | 20))] 1
[(!(0 | (1 | (2 | (3 | (((((8 | (9 | (10 | (11 | ((((15 | !(16 & 17)) | !14) | !13) | !12))))) | !7) | !6) | !5) | !4)))))) & (!(19 | 20))] 0
[(!((1 | ((3 | (4 | (5 | ((7 | ((9 | (10 | ((12 | (13 | (14 | (15 | 16)))) | !11))) | !8)) | !6)))) | !2)) | !0)) & (!(20 | !19))] 1
[(!((1 | ((3 | (4 | (5 | ((7 | ((9 | (10 | ((12 | (13 | (14 | (15 | !16)))) | !11))) | !8)) | !6)))) | !2)) | !0)) & (!(19 | 20))] 1
[(!(0 | (1 | ((3 | (4 | (((7 | ((9 | (10 | ((((14 | (16 | !15)) | !13) | !12) | !11))) | !8)) | !6) | !5))) | !2)))) & (!(19 | 20))] 2
[(!(0 | (1 | ((3 | (4 | (((7 | ((9 | (10 | ((((14 | !(15 & 16)) | !13) | !12) | !11))) | !8)) | !6) | !5))) | !2)))) & (!(19 | 20))] 0
[(!((1 | ((3 | (4 | (((7 | ((9 | (10 | (((13 | (14 | (16 | !15))) | !12) | !11))) | !8)) | !6) | !5))) | !2)) | !0)) & (!(19 | 20))] 1
[(!((1 | ((3 | (4 | (((7 | ((9 | (10 | (((13 | (14 | !(15 & 16))) | !12) | !11))) | !8)) | !6) | !5))) | !2)) | !0)) & (!(19 | 20))] 0
[(!((1 | ((3 | (4 | (((7 | ((9 | (10 | ((((14 | (16 | !15)) | !13) | !12) | !11))) | !8)) | !6) | !5))) | !2)) | !0)) & (!(19 | 20))] 0
[(!((1 | ((3 | (4 | (((7 | ((9 | (10 | ((((14 | !(15 & 16)) | !13) | !12) | !11))) | !8)) | !6) | !5))) | !2)) | !0)) & (!(19 | 20))] 0
[(!(((((4 | (5 | ((((9 | ((11 | (12 | ((14 | (15 | 16)) | !13))) | !10)) | !8) | !7) | !6))) | !3) | !2) | !1) | !0)) & (!(19 | 20))] 2
[(!(((((4 | (5 | ((((9 | ((11 | (12 | ((14 | (15 | !16)) | !13))) | !10)) | !8) | !7) | !6))) | !3) | !2) | !1) | !0)) & (!(19 | 20))] 2
[(!(((((4 | (5 | ((((9 | (((12 | ((14 | (15 | 16)) | !13)) | !11) | !10)) | !8) | !7) | !6))) | !3) | !2) | !1) | !0)) & (!(19 | 20))] 2
[(!(((((4 | (5 | ((((9 | (((12 | ((14 | (15 | !16)) | !13)) | !11) | !10)) | !8) | !7) | !6))) | !3) | !2) | !1) | !0)) & (!(19 | 20))] 0
[(!(0 | (1 | ((3 | (4 | (5 | ((((9 | (10 | ((12 | ((14 | (15 | 16)) | !13)) | !11))) | !8) | !7) | !6)))) | !2)))) & (!(19 | 20))] 1
[(!(0 | (1 | ((3 | (4 | (5 | ((((9 | (10 | ((12 | ((14 | (15 | !16)) | !13)) | !11))) | !8) | !7) | !6)))) | !2)))) & (!(19 | 20))] 0
[(!(0 | (1 | (2 | (((5 | ((7 | (((((12 | (13 | (14 | (15 | (17 | !16))))) | !11) | !10) | !9) | !8)) | !6)) | !4) | !3))))) & (!(19 | 20))] 0
[(!(0 | (1 | (2 | (((5 | ((7 | (((((12 | (13 | (14 | (15 | !(16 & 17))))) | !11) | !10) | !9) | !8)) | !6)) | !4) | !3))))) & (!(19 | 20))] 2
[(!(0 | (1 | (2 | (((5 | (((((((12 | (13 | (14 | (15 | (17 | !16))))) | !11) | !10) | !9) | !8) | !7) | !6)) | !4) | !3))))) & (!(19 | 20))] 2
[(!(0 | (1 | (2 | (((5 | (((((((12 | (13 | (14 | (15 | !(16 & 17))))) | !11) | !10) | !9) | !8) | !7) | !6)) | !4) | !3))))) & (!(19 | 20))] 0
[(!(0 | (1 | ((3 | (4 | (5 | (((8 | (9 | (10 | (11 | (12 | ((14 | (15 | 16)) | !13)))))) | !7) | !6)))) | !2)))) & (!(19 | !20))] 0
[(!(0 | (1 | ((3 | (4 | (5 | (((8 | (9 | (10 | (11 | (12 | ((14 | (15 | !16)) | !13)))))) | !7) | !6)))) | !2)))) & (!(19 | 20))] 1
[(!(0 | (1 | (2 | (3 | ((5 | (((8 | (9 | (10 | (11 | (12 | ((14 | (15 | 16)) | !13)))))) | !7) | !6)) | !4)))))) & (t)] 0
[(!(0 | (1 | (2 | (3 | ((5 | (((8 | (9 | (10 | (11 | (12 | ((14 | (15 | (17 | !16))) | !13)))))) | !7) | !6)) | !4)))))) & (!(19 | 20))] 1
[(!(0 | (1 | (2 | (3 | ((5 | (((8 | (9 | (10 | (11 | (12 | ((14 | (15 | !(16 & 17))) | !13)))))) | !7) | !6)) | !4)))))) & (!(19 | 20))] 1
[(!((1 | ((3 | (4 | (5 | (6 | (7 | ((9 | (10 | ((12 | (13 | (14 | (15 | 16)))) | !11))) | !8)))))) | !2)) | !0)) & (!(20 | !19))] 1
[(!((1 | ((3 | (4 | (5 | (6 | (7 | ((9 | (10 | ((12 | (13 | (14 | (15 | !16)))) | !11))) | !8)))))) | !2)) | !0)) & (!(19 | 20))] 1
[(!((1 | ((3 | (4 | (5 | ((((9 | (10 | (11 | (12 | ((14 | (15 | 16)) | !13))))) | !8) | !7) | !6)))) | !2)) | !0)) & (t)] 2
[(!((1 | ((3 | (4 | (5 | ((((9 | (10 | (11 | (12 | ((14 | (15 | !16)) | !13))))) | !8) | !7) | !6)))) | !2)) | !0)) & (t)] 2
[(!(((((4 | (5 | (6 | (((9 | (((12 | ((14 | (15 | 16)) | !13)) | !11) | !10)) | !8) | !7)))) | !3) | !2) | !1) | !0)) & (19 & 20)] 0
[(!(((((4 | (5 | (6 | (((9 | (((12 | ((14 | (15 | !16)) | !13)) | !11) | !10)) | !8) | !7)))) | !3) | !2) | !1) | !0)) & (19 & 20)] 0
[(!((1 | ((3 | (4 | (5 | ((((9 | (10 | ((12 | ((14 | (15 | 16)) | !13)) | !11))) | !8) | !7) | !6)))) | !2)) | !0)) & (!(19 | 20))] 1
[(!((1 | ((3 | (4 | (5 | ((((9 | (10 | ((12 | ((14 | (15 | !16)) | !13)) | !11))) | !8) | !7) | !6)))) | !2)) | !0)) & (!(19 | 20))] 0
[(!((1 | (2 | (3 | ((5 | ((((9 | (10 | ((12 | ((14 | (15 | 16)) | !13)) | !11))) | !8) | !7) | !6)) | !4)))) | !0)) & (t)] 0
[(!((1 | (2 | (3 | ((5 | ((((9 | (10 | ((12 | ((14 | (15 | (17 | !16))) | !13)) | !11))) | !8) | !7) | !6)) | !4)))) | !0)) & (!(19 | 20))] 2
[(!((1 | (2 | (3 | ((5 | ((((9 | (10 | ((12 | ((14 | (15 | !(16 & 17))) | !13)) | !11))) | !8) | !7) | !6)) | !4)))) | !0)) & (!(19 | 20))] 0
[(!(0 | (1 | (2 | (3 | ((5 | ((7 | ((9 | (10 | ((12 | (13 | (14 | (15 | (17 | !16))))) | !11))) | !8)) | !6)) | !4)))))) & (t)] 1
[(!(0 | (1 | (2 | (3 | ((5 | ((7 | ((9 | (10 | ((12 | (13 | (14 | (15 | !(16 & 17))))) | !11))) | !8)) | !6)) | !4)))))) & (t)] 1
[(!(0 | (1 | (2 | (3 | ((((((9 | (10 | (((13 | ((15 | (17 | !16)) | !14)) | !12) | !11))) | !8) | !7) | !6) | !5) | !4)))))) & (!(19 | 20))] 2
[(!(0 | (1 | (2 | (3 | ((((((9 | (10 | (((13 | ((15 | !(16 & 17)) | !14)) | !12) | !11))) | !8) | !7) | !6) | !5) | !4)))))) & (!(19 | 20))] 0
[(!(0 | (1 | (2 | (3 | ((((((9 | (10 | (((((15 | 16) | !14) | !13) | !12) | !11))) | !8) | !7) | !6) | !5) | !4)))))) & (t)] 1
[(!(0 | (1 | (2 | (3 | ((((((9 | (10 | (((((15 | (17 | !16)) | !14) | !13) | !12) | !11))) | !8) | !7) | !6) | !5) | !4)))))) & (!(19 | 20))] 1
[(!(0 | (1 | (2 | (3 | ((((((9 | (10 | (((((15 | !(16 & 17)) | !14) | !13) | !12) | !11))) | !8) | !7) | !6) | !5) | !4)))))) & (!(19 | 20))] 0
[(!(0 | (1 | (2 | (3 | (((((8 | (9 | (10 | (((((15 | 16) | !14) | !13) | !12) | !11)))) | !7) | !6) | !5) | !4)))))) & (t)] 1
[(!(0 | (1 | (2 | (3 | (((((8 | (9 | (10 | (((((15 | (17 | !16)) | !14) | !13) | !12) | !11)))) | !7) | !6) | !5) | !4)))))) & (!(19 | 20))] 0
[(!(0 | (1 | (2 | (3 | (((((8 | (9 | (10 | (((((15 | !(16 & 17)) | !14) | !13) | !12) | !11)))) | !7) | !6) | !5) | !4)))))) & (!(19 | 20))] 0
[(!(((((4 | (5 | (((8 | (9 | ((11 | (12 | ((14 | (15 | 16)) | !13))) | !10))) | !7) | !6))) | !3) | !2) | !1) | !0)) & (!(19 | 20))] 0
[(!(((((4 | (5 | (((8 | (9 | ((11 | (12 | ((14 | (15 | !16)) | !13))) | !10))) | !7) | !6))) | !3) | !2) | !1) | !0)) & (!(19 | 20))] 2
[(!(((((4 | (5 | (((8 | (9 | (((12 | ((14 | (15 | 16)) | !13)) | !11) | !10))) | !7) | !6))) | !3) | !2) | !1) | !0)) & (!(19 | 20))] 2
[(!(((((4 | (5 | (((8 | (9 | (((12 | ((14 | (15 | !16)) | !13)) | !11) | !10))) | !7) | !6))) | !3) | !2) | !1) | !0)) & (!(19 | 20))] 2
[(!((1 | ((3 | (4 | (5 | (6 | (((9 | (10 | ((12 | (13 | (14 | (15 | 16)))) | !11))) | !8) | !7))))) | !2)) | !0)) & (!(20 | !19))] 0
[(!((1 | ((3 | (4 | (5 | (6 | (((9 | (10 | ((12 | (13 | (14 | (15 | !16)))) | !11))) | !8) | !7))))) | !2)) | !0)) & (!(19 | 20))] 2
[(!((1 | ((3 | (4 | (((((9 | (10 | (((13 | (14 | (16 | !15))) | !12) | !11))) | !8) | !7) | !6) | !5))) | !2)) | !0)) & (!(20 | !19))] 2
[(!((1 | ((3 | (4 | (((((9 | (10 | (((13 | (14 | !(15 & 16))) | !12) | !11))) | !8) | !7) | !6) | !5))) | !2)) | !0)) & (!(19 | 20))] 2
[(!((1 | ((3 | (4 | (((((9 | (10 | ((((14 | (16 | !15)) | !13) | !12) | !11))) | !8) | !7) | !6) | !5))) | !2)) | !0)) & (!(19 | 20))] 0
[(!((1 | ((3 | (4 | (((((9 | (10 | ((((14 | !(15 & 16)) | !13) | !12) | !11))) | !8) | !7) | !6) | !5))) | !2)) | !0)) & (!(19 | 20))] 0
[(!((1 | ((3 | (4 | (5 | ((((9 | (10 | ((12 | (13 | (14 | (15 | 16)))) | !11))) | !8) | !7) | !6)))) | !2)) | !0)) & (!(20 | !19))] 2
[(!((1 | ((3 | (4 | (5 | ((((9 | (10 | ((12 | (13 | (14 | (15 | !16)))) | !11))) | !8) | !7) | !6)))) | !2)) | !0)) & (!(19 | 20))] 2
[(!(0 | (1 | ((3 | (4 | (((((9 | (10 | ((((14 | (16 | !15)) | !13) | !12) | !11))) | !8) | !7) | !6) | !5))) | !2)))) & (!(19 | 20))] 2
[(!(0 | (1 | ((3 | (4 | (((((9 | (10 | ((((14 | !(15 & 16)) | !13) | !12) | !11))) | !8) | !7) | !6) | !5))) | !2)))) & (!(19 | 20))] 2
[(!((1 | (2 | (((5 | ((7 | (((((12 | (13 | (14 | (15 | 16)))) | !11) | !10) | !9) | !8)) | !6)) | !4) | !3))) | !0)) & (t)] 2
[(!((1 | (2 | (((5 | ((7 | (((((12 | (13 | (14 | (15 | (17 | !16))))) | !11) | !10) | !9) | !8)) | !6)) | !4) | !3))) | !0)) & (!(19 | 20))] 0
[(!((1 | (2 | (((5 | ((7 | (((((12 | (13 | (14 | (15 | !(16 & 17))))) | !11) | !10) | !9) | !8)) | !6)) | !4) | !3))) | !0)) & (!(19 | 20))] 0
[(!((1 | (2 | (((5 | (((((((12 | (13 | (14 | (15 | 16)))) | !11) | !10) | !9) | !8) | !7) | !6)) | !4) | !3))) | !0)) & (t)] 1
[(!((1 | (2 | (((5 | (((((((12 | (13 | (14 | (15 | (17 | !16))))) | !11) | !10) | !9) | !8) | !7) | !6)) | !4) | !3))) | !0)) & (!(19 | 20))] 1
[(!((1 | (2 | (((5 | (((((((12 | (13 | (14 | (15 | !(16 & 17))))) | !11) | !10) | !9) | !8) | !7) | !6)) | !4) | !3))) | !0)) & (!(19 | 20))] 0
[(!((1 | (2 | (3 | (((((8 | (9 | (10 | (11 | ((((15 | 16) | !14) | !13) | !12))))) | !7) | !6) | !5) | !4)))) | !0)) & (t)] 1
[(!((1 | (2 | (3 | (((((8 | (9 | (10 | (11 | ((((15 | (17 | !16)) | !14) | !13) | !12))))) | !7) | !6) | !5) | !4)))) | !0)) & (!(19 | 20))] 0
[(!((1 | (2 | (3 | (((((8 | (9 | (10 | (11 | ((((15 | !(16 & 17)) | !14) | !13) | !12))))) | !7) | !6) | !5) | !4)))) | !0)) & (!(19 | 20))] 1
[(!((1 | (2 | (3 | ((((((9 | (10 | (11 | ((((15 | 16) | !14) | !13) | !12)))) | !8) | !7) | !6) | !5) | !4)))) | !0)) & (t)] 0
[(!((1 | (2 | (3 | ((((((9 | (10 | (11 | ((((15 | (17 | !16)) | !14) | !13) | !12)))) | !8) | !7) | !6) | !5) | !4)))) | !0)) & (!(19 | 20))] 2
[(!((1 | (2 | (3 | ((((((9 | (10 | (11 | ((((15 | !(16 & 17)) | !14) | !13) | !12)))) | !8) | !7) | !6) | !5) | !4)))) | !0)) & (!(19 | 20))] 1
[(!(0 | (1 | ((3 | (4 | (5 | (((8 | (9 | (10 | ((12 | ((14 | (15 | 16)) | !13)) | !11)))) | !7) | !6)))) | !2)))) & (!(19 | 20))] 2
[(!(0 | (1 | ((3 | (4 | (5 | (((8 | (9 | (10 | ((12 | ((14 | (15 | !16)) | !13)) | !11)))) | !7) | !6)))) | !2)))) & (!(19 | 20))] 2
[(!(0 | (1 | (2 | (3 | ((5 | (((8 | (9 | (10 | ((12 | ((14 | (15 | 16)) | !13)) | !11)))) | !7) | !6)) | !4)))))) & (t)] 0
[(!(0 | (1 | (2 | (3 | ((5 | (((8 | (9 | (10 | ((12 | ((14 | (15 | (17 | !16))) | !13)) | !11)))) | !7) | !6)) | !4)))))) & (!(19 | 20))] 0
[(!(0 | (1 | (2 | (3 | ((5 | (((8 | (9 | (10 | ((12 | ((14 | (15 | !(16 & 17))) | !13)) | !11)))) | !7) | !6)) | !4)))))) & (!(19 | 20))] 0
[(!((1 | ((3 | (4 | (5 | (((8 | (9 | (10 | (11 | (12 | ((14 | (15 | 16)) | !13)))))) | !7) | !6)))) | !2)) | !0)) & (!(19 | !20))] 0
[(!((1 | ((3 | (4 | (5 | (((8 | (9 | (10 | (11 | (12 | ((14 | (15 | !16)) | !13)))))) | !7) | !6)))) | !2)) | !0)) & (!(19 | 20))] 1
[(!(((((4 | (5 | (6 | ((8 | (9 | (((12 | ((14 | (15 | 16)) | !13)) | !11) | !10))) | !7)))) | !3) | !2) | !1) | !0)) & (19 & 20)] 0
[(!(((((4 | (5 | (6 | ((8 | (9 | (((12 | ((14 | (15 | !16)) | !13)) | !11) | !10))) | !7)))) | !3) | !2) | !1) | !0)) & (!(19 | 20))] 1
[(!((1 | (2 | (3 | ((5 | ((7 | ((9 | (10 | ((12 | (13 | (14 | (15 | 16)))) | !11))) | !8)) | !6)) | !4)))) | !0)) & (t)] 1
[(!((1 | (2 | (3 | ((5 | ((7 | ((9 | (10 | ((12 | (13 | (14 | (15 | (17 | !16))))) | !11))) | !8)) | !6)) | !4)))) | !0)) & (!(19 | 20))] 1
[(!((1 | (2 | (3 | ((5 | ((7 | ((9 | (10 | ((12 | (13 | (14 | (15 | !(16 & 17))))) | !11))) | !8)) | !6)) | !4)))) | !0)) & (!(19 | 20))] 0
[(!((1 | (2 | (3 | ((((((9 | (10 | (((13 | ((15 | 16) | !14)) | !12) | !11))) | !8) | !7) | !6) | !5) | !4)))) | !0)) & (t)] 0
[(!((1 | (2 | (3 | ((((((9 | (10 | (((13 | ((15 | (17 | !16)) | !14)) | !12) | !11))) | !8) | !7) | !6) | !5) | !4)))) | !0)) & (!(19 | 20))] 1
[(!((1 | (2 | (3 | ((((((9 | (10 | (((13 | ((15 | !(16 & 17)) | !14)) | !12) | !11))) | !8) | !7) | !6) | !5) | !4)))) | !0)) & (!(19 | 20))] 0
[(!((1 | (2 | (3 | ((((((9 | (10 | (((((15 | 16) | !14) | !13) | !12) | !11))) | !8) | !7) | !6) | !5) | !4)))) | !0)) & (t)] 2
[(!((1 | (2 | (3 | ((((((9 | (10 | (((((15 | (17 | !16)) | !14) | !13) | !12) | !11))) | !8) | !7) | !6) | !5) | !4)))) | !0)) & (!(19 | 20))] 2
[(!((1 | (2 | (3 | ((((((9 | (10 | (((((15 | !(16 & 17)) | !14) | !13) | !12) | !11))) | !8) | !7) | !6) | !5) | !4)))) | !0)) & (!(19 | 20))] 0
[(!((1 | (2 | (3 | (((((8 | (9 | (10 | (((((15 | 16) | !14) | !13) | !12) | !11)))) | !7) | !6) | !5) | !4)))) | !0)) & (t)] 2
[(!((1 | (2 | (3 | (((((8 | (9 | (10 | (((((15 | (17 | !16)) | !14) | !13) | !12) | !11)))) | !7) | !6) | !5) | !4)))) | !0)) & (t)] 1
[(!((1 | (2 | (3 | (((((8 | (9 | (10 | (((((15 | !(16 & 17)) | !14) | !13) | !12) | !11)))) | !7) | !6) | !5) | !4)))) | !0)) & (t)] 2
[(!((1 | (2 | (((5 | ((((((11 | (12 | ((14 | (15 | 16)) | !13))) | !10) | !9) | !8) | !7) | !6)) | !4) | !3))) | !0)) & (t)] 0
[(!((1 | (2 | (((5 | ((((((11 | (12 | ((14 | (15 | (17 | !16))) | !13))) | !10) | !9) | !8) | !7) | !6)) | !4) | !3))) | !0)) & (!(19 | 20))] 0
[(!((1 | (2 | (((5 | ((((((11 | (12 | ((14 | (15 | !(16 & 17))) | !13))) | !10) | !9) | !8) | !7) | !6)) | !4) | !3))) | !0)) & (!(19 | 20))] 1
[(!((1 | (2 | (((5 | (((((((12 | ((14 | (15 | 16)) | !13)) | !11) | !10) | !9) | !8) | !7) | !6)) | !4) | !3))) | !0)) & (t)] 2
[(!((1 | (2 | (((5 | (((((((12 | ((14 | (15 | (17 | !16))) | !13)) | !11) | !10) | !9) | !8) | !7) | !6)) | !4) | !3))) | !0)) & (!(19 | 20))] 2
[(!((1 | (2 | (((5 | (((((((12 | ((14 | (15 | !(16 & 17))) | !13)) | !11) | !10) | !9) | !8) | !7) | !6)) | !4) | !3))) | !0)) & (!(19 | 20))] 0
[(!((1 | (2 | (3 | ((5 | (((8 | (9 | (10 | (11 | (12 | ((14 | (15 | 16)) | !13)))))) | !7) | !6)) | !4)))) | !0)) & (t)] 1
[(!((1 | (2 | (3 | ((5 | (((8 | (9 | (10 | (11 | (12 | ((14 | (15 | (17 | !16))) | !13)))))) | !7) | !6)) | !4)))) | !0)) & (!(19 | 20))] 1
[(!((1 | (2 | (3 | ((5 | (((8 | (9 | (10 | (11 | (12 | ((14 | (15 | !(16 & 17))) | !13)))))) | !7) | !6)) | !4)))) | !0)) & (!(19 | 20))] 1
[(!((1 | (2 | (((5 | ((7 | (((((12 | ((14 | (15 | 16)) | !13)) | !11) | !10) | !9) | !8)) | !6)) | !4) | !3))) | !0)) & (t)] 0
[(!((1 | (2 | (((5 | ((7 | (((((12 | ((14 | (15 | (17 | !16))) | !13)) | !11) | !10) | !9) | !8)) | !6)) | !4) | !3))) | !0)) & (!(19 | 20))] 2
[(!((1 | (2 | (((5 | ((7 | (((((12 | ((14 | (15 | !(16 & 17))) | !13)) | !11) | !10) | !9) | !8)) | !6)) | !4) | !3))) | !0)) & (!(19 | 20))] 0
[(!((1 | ((3 | (4 | (5 | (6 | ((8 | (9 | (10 | ((12 | ((14 | (15 | 16)) | !13)) | !11)))) | !7))))) | !2)) | !0)) & (19 & 20)] 0
[(!((1 | ((3 | (4 | (5 | (6 | ((8 | (9 | (10 | ((12 | ((14 | (15 | !16)) | !13)) | !11)))) | !7))))) | !2)) | !0)) & (!(19 | 20))] 1
[(!((1 | (2 | (3 | ((5 | (6 | ((8 | (9 | (10 | ((12 | ((14 | (15 | 16)) | !13)) | !11)))) | !7))) | !4)))) | !0)) & (t)] 1
[(!((1 | (2 | (3 | ((5 | (6 | ((8 | (9 | (10 | ((12 | ((14 | (15 | (17 | !16))) | !13)) | !11)))) | !7))) | !4)))) | !0)) & (!(19 | 20))] 1
[(!((1 | (2 | (3 | ((5 | (6 | ((8 | (9 | (10 | ((12 | ((14 | (15 | !(16 & 17))) | !13)) | !11)))) | !7))) | !4)))) | !0)) & (!(19 | 20))] 1
[(!((1 | ((3 | (4 | (5 | (((8 | (9 | (10 | ((12 | ((14 | (15 | 16)) | !13)) | !11)))) | !7) | !6)))) | !2)) | !0)) & (t)] 2
[(!((1 | ((3 | (4 | (5 | (((8 | (9 | (10 | ((12 | ((14 | (15 | !16)) | !13)) | !11)))) | !7) | !6)))) | !2)) | !0)) & (t)] 0
[(!((1 | (2 | (3 | ((5 | (((8 | (9 | (10 | ((12 | ((14 | (15 | 16)) | !13)) | !11)))) | !7) | !6)) | !4)))) | !0)) & (t)] 2
[(!((1 | (2 | (3 | ((5 | (((8 | (9 | (10 | ((12 | ((14 | (15 | (17 | !16))) | !13)) | !11)))) | !7) | !6)) | !4)))) | !0)) & (!(19 | 20))] 0
[(!((1 | (2 | (3 | ((5 | (((8 | (9 | (10 | ((12 | ((14 | (15 | !(16 & 17))) | !13)) | !11)))) | !7) | !6)) | !4)))) | !0)) & (!(19 | 20))] 1
[(!((1 | ((3 | (4 | (5 | ((7 | ((9 | (10 | ((12 | ((14 | (15 | 16)) | !13)) | !11))) | !8)) | !6)))) | !2)) | !0)) & (!(19 | 20))] 1
[(!((1 | ((3 | (4 | (5 | ((7 | ((9 | (10 | ((12 | ((14 | (15 | !16)) | !13)) | !11))) | !8)) | !6)))) | !2)) | !0)) & (!(19 | 20))] 0
[(!((1 | (2 | (3 | ((5 | ((7 | ((9 | (10 | ((12 | ((14 | (15 | 16)) | !13)) | !11))) | !8)) | !6)) | !4)))) | !0)) & (t)] 1
[(!((1 | (2 | (3 | ((5 | ((7 | ((9 | (10 | ((12 | ((14 | (15 | (17 | !16))) | !13)) | !11))) | !8)) | !6)) | !4)))) | !0)) & (!(19 | 20))] 1
[(!((1 | (2 | (3 | ((5 | ((7 | ((9 | (10 | ((12 | ((14 | (15 | !(16 & 17))) | !13)) | !11))) | !8)) | !6)) | !4)))) | !0)) & (!(19 | 20))] 2
[(!((1 | (2 | (((5 | (6 | ((((((12 | (13 | (14 | (15 | 16)))) | !11) | !10) | !9) | !8) | !7))) | !4) | !3))) | !0)) & (t)] 1
[(!((1 | (2 | (((5 | (6 | ((((((12 | (13 | (14 | (15 | (17 | !16))))) | !11) | !10) | !9) | !8) | !7))) | !4) | !3))) | !0)) & (!(19 | 20))] 1
[(!((1 | (2 | (((5 | (6 | ((((((12 | (13 | (14 | (15 | !(16 & 17))))) | !11) | !10) | !9) | !8) | !7))) | !4) | !3))) | !0)) & (!(19 | 20))] 0
[(!((1 | (2 | (((5 | (6 | (7 | (((((12 | (13 | (14 | (15 | 16)))) | !11) | !10) | !9) | !8)))) | !4) | !3))) | !0)) & (t)] 1
[(!((1 | (2 | (((5 | (6 | (7 | (((((12 | (13 | (14 | (15 | (17 | !16))))) | !11) | !10) | !9) | !8)))) | !4) | !3))) | !0)) & (!(19 | 20))] 0
[(!((1 | (2 | (((5 | (6 | (7 | (((((12 | (13 | (14 | (15 | !(16 & 17))))) | !11) | !10) | !9) | !8)))) | !4) | !3))) | !0)) & (!(19 | 20))] 0
[(!((1 | (2 | (3 | (((6 | ((8 | (9 | (10 | (((((15 | 16) | !14) | !13) | !12) | !11)))) | !7)) | !5) | !4)))) | !0)) & (t)] 1
[(!((1 | (2 | (3 | (((6 | ((8 | (9 | (10 | (((((15 | (17 | !16)) | !14) | !13) | !12) | !11)))) | !7)) | !5) | !4)))) | !0)) & (t)] 0
[(!((1 | (2 | (3 | (((6 | ((8 | (9 | (10 | (((((15 | !(16 & 17)) | !14) | !13) | !12) | !11)))) | !7)) | !5) | !4)))) | !0)) & (t)] 0
[(!((1 | (2 | (3 | (((6 | (((9 | (10 | (((13 | ((15 | 16) | !14)) | !12) | !11))) | !8) | !7)) | !5) | !4)))) | !0)) & (t)] 0
[(!((1 | (2 | (3 | (((6 | (((9 | (10 | (((13 | ((15 | (17 | !16)) | !14)) | !12) | !11))) | !8) | !7)) | !5) | !4)))) | !0)) & (t)] 1
[(!((1 | (2 | (3 | (((6 | (((9 | (10 | (((13 | ((15 | !(16 & 17)) | !14)) | !12) | !11))) | !8) | !7)) | !5) | !4)))) | !0)) & (t)] 0
[(!((1 | (2 | (3 | (((6 | (((9 | (10 | (((((15 | 16) | !14) | !13) | !12) | !11))) | !8) | !7)) | !5) | !4)))) | !0)) & (t)] 1
[(!((1 | (2 | (3 | (((6 | (((9 | (10 | (((((15 | (17 | !16)) | !14) | !13) | !12) | !11))) | !8) | !7)) | !5) | !4)))) | !0)) & (t)] 0
[(!((1 | (2 | (3 | (((6 | (((9 | (10 | (((((15 | !(16 & 17)) | !14) | !13) | !12) | !11))) | !8) | !7)) | !5) | !4)))) | !0)) & (t)] 0
[(!((1 | (2 | (3 | ((5 | (6 | (7 | ((9 | (10 | ((12 | (13 | (14 | (15 | 16)))) | !11))) | !8)))) | !4)))) | !0)) & (t)] 0
[(!((1 | (2 | (3 | ((5 | (6 | (7 | ((9 | (10 | ((12 | (13 | (14 | (15 | (17 | !16))))) | !11))) | !8)))) | !4)))) | !0)) & (!(19 | 20))] 1
[(!((1 | (2 | (3 | ((5 | (6 | (7 | ((9 | (10 | ((12 | (13 | (14 | (15 | !(16 & 17))))) | !11))) | !8)))) | !4)))) | !0)) & (!(19 | 20))] 0
[(!((1 | ((3 | (4 | (5 | (6 | (((9 | (10 | ((12 | ((14 | (15 | 16)) | !13)) | !11))) | !8) | !7))))) | !2)) | !0)) & (t)] 2
[(!((1 | ((3 | (4 | (5 | (6 | (((9 | (10 | ((12 | ((14 | (15 | !16)) | !13)) | !11))) | !8) | !7))))) | !2)) | !0)) & (t)] 1
[(!((1 | (2 | (3 | (((6 | ((8 | (9 | (10 | (11 | ((((15 | (17 | !16)) | !14) | !13) | !12))))) | !7)) | !5) | !4)))) | !0)) & (t)] 1
[(!((1 | (2 | (3 | (((6 | ((8 | (9 | (10 | (11 | ((((15 | !(16 & 17)) | !14) | !13) | !12))))) | !7)) | !5) | !4)))) | !0)) & (t)] 1
[(!((1 | (2 | (3 | (((6 | (((9 | (10 | (11 | ((((15 | (17 | !16)) | !14) | !13) | !12)))) | !8) | !7)) | !5) | !4)))) | !0)) & (!(19 | 20))] 0
[(!((1 | (2 | (3 | (((6 | (((9 | (10 | (11 | ((((15 | !(16 & 17)) | !14) | !13) | !12)))) | !8) | !7)) | !5) | !4)))) | !0)) & (!(19 | 20))] 0
[(!((1 | (2 | (((5 | (6 | (((((11 | (12 | ((14 | (15 | (17 | !16))) | !13))) | !10) | !9) | !8) | !7))) | !4) | !3))) | !0)) & (t)] 0
[(!((1 | (2 | (((5 | (6 | (((((11 | (12 | ((14 | (15 | !(16 & 17))) | !13))) | !10) | !9) | !8) | !7))) | !4) | !3))) | !0)) & (t)] 2
[(!((1 | (2 | (((5 | (6 | ((((((12 | ((14 | (15 | 16)) | !13)) | !11) | !10) | !9) | !8) | !7))) | !4) | !3))) | !0)) & (t)] 1
[(!((1 | (2 | (((5 | (6 | ((((((12 | ((14 | (15 | (17 | !16))) | !13)) | !11) | !10) | !9) | !8) | !7))) | !4) | !3))) | !0)) & (t)] 1
[(!((1 | (2 | (((5 | (6 | ((((((12 | ((14 | (15 | !(16 & 17))) | !13)) | !11) | !10) | !9) | !8) | !7))) | !4) | !3))) | !0)) & (t)] 2
[(!((1 | (2 | (3 | ((5 | (6 | ((8 | (9 | (10 | (11 | (12 | ((14 | (15 | (17 | !16))) | !13)))))) | !7))) | !4)))) | !0)) & (t)] 1
[(!((1 | (2 | (3 | ((5 | (6 | ((8 | (9 | (10 | (11 | (12 | ((14 | (15 | !(16 & 17))) | !13)))))) | !7))) | !4)))) | !0)) & (t)] 0
[(!((1 | (2 | (((5 | (6 | (7 | (((((12 | ((14 | (15 | 16)) | !13)) | !11) | !10) | !9) | !8)))) | !4) | !3))) | !0)) & (t)] 2
[(!((1 | (2 | (((5 | (6 | (7 | (((((12 | ((14 | (15 | (17 | !16))) | !13)) | !11) | !10) | !9) | !8)))) | !4) | !3))) | !0)) & (t)] 1
[(!((1 | (2 | (((5 | (6 | (7 | (((((12 | ((14 | (15 | !(16 & 17))) | !13)) | !11) | !10) | !9) | !8)))) | !4) | !3))) | !0)) & (t)] 0
[(!((1 | ((3 | (4 | (5 | (6 | (7 | ((9 | (10 | ((12 | ((14 | (15 | 16)) | !13)) | !11))) | !8)))))) | !2)) | !0)) & (t)] 1
[(!((1 | ((3 | (4 | (5 | (6 | (7 | ((9 | (10 | ((12 | ((14 | (15 | !16)) | !13)) | !11))) | !8)))))) | !2)) | !0)) & (t)] 1
[(!((1 | (2 | (3 | ((5 | (6 | (7 | ((9 | (10 | ((12 | ((14 | (15 | 16)) | !13)) | !11))) | !8)))) | !4)))) | !0)) & (t)] 0
[(!((1 | (2 | (3 | ((5 | (6 | (7 | ((9 | (10 | ((12 | ((14 | (15 | (17 | !16))) | !13)) | !11))) | !8)))) | !4)))) | !0)) & (t)] 2
[(!((1 | (2 | (3 | ((5 | (6 | (7 | ((9 | (10 | ((12 | ((14 | (15 | !(16 & 17))) | !13)) | !11))) | !8)))) | !4)))) | !0)) & (t)] 0
State: 2 "[2]"
[(0 & (1 & (((4 | (5 | (6 & ((9 | ((12 | ((14 | 15) | !13)) | !10)) | !7) | !6 & ((9 | (((12 | ((14 | 15) | !13)) | !11) | !10)) | !7)))) | !3) | !2) | !1 & (2 & (3 | (4 | (5 & (((9 | (10 | (((14 | !15) | !12) | !11))) | !8) | !6) | !5 & (6 & (7 & (8 & (9 | (10 | (11 & (12 | (14 | 15)) | !11 & (12 | ((14 | 15) | !13))))) | !8 & (9 | (10 | (12 | ((14 | 15) | !13))))) | !7 & ((9 | (10 | ((12 | (14 | 15)) | !11))) | !8)) | !6 & (7 & (8 & (9 | (10 | ((12 | (14 | 15)) | !11))) | !8 & (9 | (10 | ((12 | ((14 | 15) | !13)) | !11)))) | !7 & ((9 | (10 | ((12 | (14 | 15)) | !11))) | !8)))))) | !2 & (3 & ((5 | (6 & (7 & ((((11 & (12 | (14 | 15)) | !11 & (12 | ((14 | 15) | !13))) | !10) | !9) | !8) | !7 & (((((12 | (14 | 15)) | !11) | !10) | !9) | !8)) | !6 & (7 & ((((11 & (12 | (14 | 15)) | !11 & (12 | ((14 | (15 | !16)) | !13))) | !10) | !9) | !8) | !7 & (((((12 | (14 | 15)) | !11) | !10) | !9) | !8)))) | !4) | !3 & ((5 & (6 & ((8 & (9 | (10 | (11 & ((15 | !14) | !12) | !11 & (((15 | !14) | !13) | !12)))) | !8 & (9 | (10 | (((15 | !14) | !13) | !12)))) | !7) | !6 & ((8 & (9 | (10 | (11 & ((15 | !14) | !12) | !11 & ((((15 | !16) | !14) | !13) | !12)))) | !8 & (9 | (10 | (11 & (((15 | !14) | !13) | !12) | !11 & ((((15 | !16) | !14) | !13) | !12))))) | !7)) | !5 & (6 & (7 & (8 & (9 | (10 | ((12 | ((14 | 15) | !13)) | !11))) | !8 & (9 | (10 | (12 | ((14 | 15) | !13))))) | !7 & ((9 | (10 | ((12 | (14 | 15)) | !11))) | !8)) | !6 & (7 & (8 | (9 | (10 | (11 & (12 | ((14 | 15) | !13)) | !11 & (12 | ((14 | (15 | !16)) | !13)))))) | !7 & ((9 | (10 | ((12 | (14 | 15)) | !11))) | !8)))) | !4)))) | !0 & (1 | (2 & (3 | (4 | (5 & (((9 | (10 | ((((14 | !15) | !13) | !12) | !11))) | !8) | !6) | !5 & ((7 & (9 | (10 | (12 | ((14 | 15) | !13)))) | !7 & ((9 | (10 | ((12 | ((14 | 15) | !13)) | !11))) | !8)) | !6)))) | !2 & (3 & ((5 | ((7 & ((((11 & (12 | (13 & (14 | 15) | !13 & (14 | (15 | !16)))) | !11 & (12 | ((14 | 15) | !13))) | !10) | !9) | !8) | !7 & (((((12 | (13 & (14 | 15) | !13 & (14 | (15 | !16)))) | !11) | !10) | !9) | !8)) | !6)) | !4) | !3 & ((5 & (((8 & (9 | (10 | (11 & ((13 & (15 | !14) | !13 & ((15 | !16) | !14)) | !12) | !11 & (((15 | !14) | !13) | !12)))) | !8 & (9 | (10 | (((15 | !14) | !13) | !12)))) | !7) | !6) | !5 & ((7 & (8 | (9 | (10 | (12 | ((14 | 15) | !13))))) | !7 & ((9 | (10 | ((12 | (13 & (14 | 15) | !13 & (14 | (15 | !16)))) | !11))) | !8)) | !6)) | !4))))) & (t)] 1
[(!(0 | (1 | (2 | (3 | ((5 | ((7 | ((9 | (10 | ((12 | ((14 | (15 | 16)) | !13)) | !11))) | !8)) | !6)) | !4)))))) & (t)] 1
[(!(0 | (1 | (2 | (3 | ((5 | ((7 | ((9 | (10 | ((12 | ((14 | (15 | (17 | !16))) | !13)) | !11))) | !8)) | !6)) | !4)))))) & (!(19 | 20))] 1
[(!(0 | (1 | (2 | (3 | ((5 | ((7 | ((9 | (10 | ((12 | ((14 | (15 | !(16 & 17))) | !13)) | !11))) | !8)) | !6)) | !4)))))) & (!(19 | 20))] 0
[(!(0 | (1 | ((3 | (4 | (5 | ((7 | ((9 | (10 | ((12 | ((14 | (15 | 16)) | !13)) | !11))) | !8)) | !6)))) | !2)))) & (!(19 | 20))] 2
[(!(0 | (1 | ((3 | (4 | (5 | ((7 | ((9 | (10 | ((12 | ((14 | (15 | !16)) | !13)) | !11))) | !8)) | !6)))) | !2)))) & (!(19 | 20))] 2
[(!(0 | (1 | (2 | (3 | ((((((9 | (10 | (11 | ((((15 | 16) | !14) | !13) | !12)))) | !8) | !7) | !6) | !5) | !4)))))) & (t)] 2
[(!(0 | (1 | (2 | (3 | ((((((9 | (10 | (11 | ((((15 | (17 | !16)) | !14) | !13) | !12)))) | !8) | !7) | !6) | !5) | !4)))))) & (t)] 2
[(!(0 | (1 | (2 | (3 | ((((((9 | (10 | (11 | ((((15 | !(16 & 17)) | !14) | !13) | !12)))) | !8) | !7) | !6) | !5) | !4)))))) & (t)] 0
[(!(0 | (1 | ((3 | (4 | (5 | ((((9 | (10 | (11 | (12 | ((14 | (15 | 16)) | !13))))) | !8) | !7) | !6)))) | !2)))) & (!(19 | !20))] 1
[(!(0 | (1 | ((3 | (4 | (5 | ((((9 | (10 | (11 | (12 | ((14 | (15 | !16)) | !13))))) | !8) | !7) | !6)))) | !2)))) & (!(19 | 20))] 1
[(!(0 | (1 | (2 | (((5 | ((7 | (((((12 | ((14 | (15 | 16)) | !13)) | !11) | !10) | !9) | !8)) | !6)) | !4) | !3))))) & (t)] 1
[(!(0 | (1 | (2 | (((5 | ((7 | (((((12 | ((14 | (15 | (17 | !16))) | !13)) | !11) | !10) | !9) | !8)) | !6)) | !4) | !3))))) & (t)] 2
[(!(0 | (1 | (2 | (((5 | ((7 | (((((12 | ((14 | (15 | !(16 & 17))) | !13)) | !11) | !10) | !9) | !8)) | !6)) | !4) | !3))))) & (t)] 1
[(!(0 | (1 | (2 | (((5 | ((((((11 | (12 | ((14 | (15 | 16)) | !13))) | !10) | !9) | !8) | !7) | !6)) | !4) | !3))))) & (t)] 1
[(!(0 | (1 | (2 | (((5 | ((((((11 | (12 | ((14 | (15 | (17 | !16))) | !13))) | !10) | !9) | !8) | !7) | !6)) | !4) | !3))))) & (t)] 2
[(!(0 | (1 | (2 | (((5 | ((((((11 | (12 | ((14 | (15 | !(16 & 17))) | !13))) | !10) | !9) | !8) | !7) | !6)) | !4) | !3))))) & (t)] 1
[(!(0 | (1 | (2 | (((5 | (((((((12 | ((14 | (15 | 16)) | !13)) | !11) | !10) | !9) | !8) | !7) | !6)) | !4) | !3))))) & (t)] 0
[(!(0 | (1 | (2 | (((5 | (((((((12 | ((14 | (15 | (17 | !16))) | !13)) | !11) | !10) | !9) | !8) | !7) | !6)) | !4) | !3))))) & (t)] 2
[(!(0 | (1 | (2 | (((5 | (((((((12 | ((14 | (15 | !(16 & 17))) | !13)) | !11) | !10) | !9) | !8) | !7) | !6)) | !4) | !3))))) & (t)] 2
[(!(0 | (1 | (2 | (3 | (((((8 | (9 | (10 | (11 | ((((15 | 16) | !14) | !13) | !12))))) | !7) | !6) | !5) | !4)))))) & (t)] 0
[(!(0 | (1 | (2 | (3 | (((((8 | (9 | (10 | (11 | ((((15 | (17 | !16)) | !14) | !13) | !12))))) | !7) | !6) | !5) | !4)))))) & (t)] 0
[(!(0 | (1 | (2 | (3 | (((((8 | (9 | (10 | (11 | ((((15 | !(16 & 17)) | !14) | !13) | !12))))) | !7) | !6) | !5) | !4)))))) & (t)] 2
[(!((1 | ((3 | (4 | (5 | ((7 | ((9 | (10 | ((12 | (13 | (14 | (15 | 16)))) | !11))) | !8)) | !6)))) | !2)) | !0)) & (!(20 | !19))] 0
[(!((1 | ((3 | (4 | (5 | ((7 | ((9 | (10 | ((12 | (13 | (14 | (15 | !16)))) | !11))) | !8)) | !6)))) | !2)) | !0)) & (!(19 | 20))] 2
[(!(0 | (1 | ((3 | (4 | (((7 | ((9 | (10 | ((((14 | (16 | !15)) | !13) | !12) | !11))) | !8)) | !6) | !5))) | !2)))) & (t)] 2
[(!(0 | (1 | ((3 | (4 | (((7 | ((9 | (10 | ((((14 | !(15 & 16)) | !13) | !12) | !11))) | !8)) | !6) | !5))) | !2)))) & (t)] 0
[(!((1 | ((3 | (4 | (((7 | ((9 | (10 | (((13 | (14 | (16 | !15))) | !12) | !11))) | !8)) | !6) | !5))) | !2)) | !0)) & (t)] 2
[(!((1 | ((3 | (4 | (((7 | ((9 | (10 | (((13 | (14 | !(15 & 16))) | !12) | !11))) | !8)) | !6) | !5))) | !2)) | !0)) & (t)] 0
[(!((1 | ((3 | (4 | (((7 | ((9 | (10 | ((((14 | (16 | !15)) | !13) | !12) | !11))) | !8)) | !6) | !5))) | !2)) | !0)) & (t)] 1
[(!((1 | ((3 | (4 | (((7 | ((9 | (10 | ((((14 | !(15 & 16)) | !13) | !12) | !11))) | !8)) | !6) | !5))) | !2)) | !0)) & (t)] 0
[(!(((((4 | (5 | ((((9 | ((11 | (12 | ((14 | (15 | 16)) | !13))) | !10)) | !8) | !7) | !6))) | !3) | !2) | !1) | !0)) & (t)] 1
[(!(((((4 | (5 | ((((9 | ((11 | (12 | ((14 | (15 | !16)) | !13))) | !10)) | !8) | !7) | !6))) | !3) | !2) | !1) | !0)) & (t)] 2
[(!(((((4 | (5 | ((((9 | (((12 | ((14 | (15 | 16)) | !13)) | !11) | !10)) | !8) | !7) | !6))) | !3) | !2) | !1) | !0)) & (t)] 0
[(!(((((4 | (5 | ((((9 | (((12 | ((14 | (15 | !16)) | !13)) | !11) | !10)) | !8) | !7) | !6))) | !3) | !2) | !1) | !0)) & (t)] 2
[(!(0 | (1 | ((3 | (4 | (5 | ((((9 | (10 | ((12 | ((14 | (15 | 16)) | !13)) | !11))) | !8) | !7) | !6)))) | !2)))) & (!(19 | 20))] 0
[(!(0 | (1 | ((3 | (4 | (5 | ((((9 | (10 | ((12 | ((14 | (15 | !16)) | !13)) | !11))) | !8) | !7) | !6)))) | !2)))) & (!(19 | 20))] 0
[(!(0 | (1 | (2 | (((5 | ((7 | (((((12 | (13 | (14 | (15 | (17 | !16))))) | !11) | !10) | !9) | !8)) | !6)) | !4) | !3))))) & (!(19 | 20))] 2
[(!(0 | (1 | (2 | (((5 | ((7 | (((((12 | (13 | (14 | (15 | !(16 & 17))))) | !11) | !10) | !9) | !8)) | !6)) | !4) | !3))))) & (!(19 | 20))] 1
[(!(0 | (1 | (2 | (((5 | (((((((12 | (13 | (14 | (15 | (17 | !16))))) | !11) | !10) | !9) | !8) | !7) | !6)) | !4) | !3))))) & (!(19 | 20))] 1
[(!(0 | (1 | (2 | (((5 | (((((((12 | (13 | (14 | (15 | !(16 & 17))))) | !11) | !10) | !9) | !8) | !7) | !6)) | !4) | !3))))) & (!(19 | 20))] 1
[(!(0 | (1 | ((3 | (4 | (5 | (((8 | (9 | (10 | (11 | (12 | ((14 | (15 | 16)) | !13)))))) | !7) | !6)))) | !2)))) & (t)] 0
[(!(0 | (1 | ((3 | (4 | (5 | (((8 | (9 | (10 | (11 | (12 | ((14 | (15 | !16)) | !13)))))) | !7) | !6)))) | !2)))) & (t)] 0
[(!(0 | (1 | (2 | (3 | ((5 | (((8 | (9 | (10 | (11 | (12 | ((14 | (15 | 16)) | !13)))))) | !7) | !6)) | !4)))))) & (t)] 2
[(!(0 | (1 | (2 | (3 | ((5 | (((8 | (9 | (10 | (11 | (12 | ((14 | (15 | (17 | !16))) | !13)))))) | !7) | !6)) | !4)))))) & (t)] 2
[(!(0 | (1 | (2 | (3 | ((5 | (((8 | (9 | (10 | (11 | (12 | ((14 | (15 | !(16 & 17))) | !13)))))) | !7) | !6)) | !4)))))) & (t)] 2
[(!((1 | ((3 | (4 | (5 | (6 | (7 | ((9 | (10 | ((12 | (13 | (14 | (15 | 16)))) | !11))) | !8)))))) | !2)) | !0)) & (t)] 1
[(!((1 | ((3 | (4 | (5 | (6 | (7 | ((9 | (10 | ((12 | (13 | (14 | (15 | !16)))) | !11))) | !8)))))) | !2)) | !0)) & (t)] 2
[(!((1 | ((3 | (4 | (5 | ((((9 | (10 | (11 | (12 | ((14 | (15 | 16)) | !13))))) | !8) | !7) | !6)))) | !2)) | !0)) & (!(19 | !20))] 1
[(!((1 | ((3 | (4 | (5 | ((((9 | (10 | (11 | (12 | ((14 | (15 | !16)) | !13))))) | !8) | !7) | !6)))) | !2)) | !0)) & (!(19 | 20))] 2
[(!(((((4 | (5 | (6 | (((9 | (((12 | ((14 | (15 | 16)) | !13)) | !11) | !10)) | !8) | !7)))) | !3) | !2) | !1) | !0)) & (t)] 0
[(!(((((4 | (5 | (6 | (((9 | (((12 | ((14 | (15 | !16)) | !13)) | !11) | !10)) | !8) | !7)))) | !3) | !2) | !1) | !0)) & (t)] 0
[(!((1 | ((3 | (4 | (5 | ((((9 | (10 | ((12 | ((14 | (15 | 16)) | !13)) | !11))) | !8) | !7) | !6)))) | !2)) | !0)) & (!(19 | 20))] 2
[(!((1 | ((3 | (4 | (5 | ((((9 | (10 | ((12 | ((14 | (15 | !16)) | !13)) | !11))) | !8) | !7) | !6)))) | !2)) | !0)) & (!(19 | 20))] 1
[(!((1 | (2 | (3 | ((5 | ((((9 | (10 | ((12 | ((14 | (15 | 16)) | !13)) | !11))) | !8) | !7) | !6)) | !4)))) | !0)) & (t)] 0
[(!((1 | (2 | (3 | ((5 | ((((9 | (10 | ((12 | ((14 | (15 | (17 | !16))) | !13)) | !11))) | !8) | !7) | !6)) | !4)))) | !0)) & (t)] 2
[(!((1 | (2 | (3 | ((5 | ((((9 | (10 | ((12 | ((14 | (15 | !(16 & 17))) | !13)) | !11))) | !8) | !7) | !6)) | !4)))) | !0)) & (t)] 1
[(!(0 | (1 | (2 | (3 | ((5 | ((7 | ((9 | (10 | ((12 | (13 | (14 | (15 | (17 | !16))))) | !11))) | !8)) | !6)) | !4)))))) & (!(19 | 20))] 0
[(!(0 | (1 | (2 | (3 | ((5 | ((7 | ((9 | (10 | ((12 | (13 | (14 | (15 | !(16 & 17))))) | !11))) | !8)) | !6)) | !4)))))) & (!(19 | 20))] 2
[(!(0 | (1 | (2 | (3 | ((((((9 | (10 | (((13 | ((15 | (17 | !16)) | !14)) | !12) | !11))) | !8) | !7) | !6) | !5) | !4)))))) & (!(19 | 20))] 0
[(!(0 | (1 | (2 | (3 | ((((((9 | (10 | (((13 | ((15 | !(16 & 17)) | !14)) | !12) | !11))) | !8) | !7) | !6) | !5) | !4)))))) & (!(19 | 20))] 1
[(!(0 | (1 | (2 | (3 | ((((((9 | (10 | (((((15 | 16) | !14) | !13) | !12) | !11))) | !8) | !7) | !6) | !5) | !4)))))) & (t)] 1
[(!(0 | (1 | (2 | (3 | ((((((9 | (10 | (((((15 | (17 | !16)) | !14) | !13) | !12) | !11))) | !8) | !7) | !6) | !5) | !4)))))) & (!(19 | 20))] 1
[(!(0 | (1 | (2 | (3 | ((((((9 | (10 | (((((15 | !(16 & 17)) | !14) | !13) | !12) | !11))) | !8) | !7) | !6) | !5) | !4)))))) & (!(19 | 20))] 0
[(!(0 | (1 | (2 | (3 | (((((8 | (9 | (10 | (((((15 | 16) | !14) | !13) | !12) | !11)))) | !7) | !6) | !5) | !4)))))) & (t)] 0
[(!(0 | (1 | (2 | (3 | (((((8 | (9 | (10 | (((((15 | (17 | !16)) | !14) | !13) | !12) | !11)))) | !7) | !6) | !5) | !4)))))) & (!(19 | 20))] 0
[(!(0 | (1 | (2 | (3 | (((((8 | (9 | (10 | (((((15 | !(16 & 17)) | !14) | !13) | !12) | !11)))) | !7) | !6) | !5) | !4)))))) & (!(19 | 20))] 1
[(!(((((4 | (5 | (((8 | (9 | ((11 | (12 | ((14 | (15 | 16)) | !13))) | !10))) | !7) | !6))) | !3) | !2) | !1) | !0)) & (t)] 2
[(!(((((4 | (5 | (((8 | (9 | ((11 | (12 | ((14 | (15 | !16)) | !13))) | !10))) | !7) | !6))) | !3) | !2) | !1) | !0)) & (t)] 2
[(!(((((4 | (5 | (((8 | (9 | (((12 | ((14 | (15 | 16)) | !13)) | !11) | !10))) | !7) | !6))) | !3) | !2) | !1) | !0)) & (t)] 0
[(!(((((4 | (5 | (((8 | (9 | (((12 | ((14 | (15 | !16)) | !13)) | !11) | !10))) | !7) | !6))) | !3) | !2) | !1) | !0)) & (t)] 0
[(!((1 | ((3 | (4 | (5 | (6 | (((9 | (10 | ((12 | (13 | (14 | (15 | 16)))) | !11))) | !8) | !7))))) | !2)) | !0)) & (!(20 | !19))] 2
[(!((1 | ((3 | (4 | (5 | (6 | (((9 | (10 | ((12 | (13 | (14 | (15 | !16)))) | !11))) | !8) | !7))))) | !2)) | !0)) & (!(19 | 20))] 2
[(!((1 | ((3 | (4 | (((((9 | (10 | (((13 | (14 | (16 | !15))) | !12) | !11))) | !8) | !7) | !6) | !5))) | !2)) | !0)) & (!(20 | !19))] 1
[(!((1 | ((3 | (4 | (((((9 | (10 | (((13 | (14 | !(15 & 16))) | !12) | !11))) | !8) | !7) | !6) | !5))) | !2)) | !0)) & (!(19 | 20))] 2
[(!((1 | ((3 | (4 | (((((9 | (10 | ((((14 | (16 | !15)) | !13) | !12) | !11))) | !8) | !7) | !6) | !5))) | !2)) | !0)) & (!(19 | 20))] 0
[(!((1 | ((3 | (4 | (((((9 | (10 | ((((14 | !(15 & 16)) | !13) | !12) | !11))) | !8) | !7) | !6) | !5))) | !2)) | !0)) & (!(19 | 20))] 0
[(!((1 | ((3 | (4 | (5 | ((((9 | (10 | ((12 | (13 | (14 | (15 | 16)))) | !11))) | !8) | !7) | !6)))) | !2)) | !0)) & (!(20 | !19))] 2
[(!((1 | ((3 | (4 | (5 | ((((9 | (10 | ((12 | (13 | (14 | (15 | !16)))) | !11))) | !8) | !7) | !6)))) | !2)) | !0)) & (!(19 | 20))] 0
[(!(0 | (1 | ((3 | (4 | (((((9 | (10 | ((((14 | (16 | !15)) | !13) | !12) | !11))) | !8) | !7) | !6) | !5))) | !2)))) & (!(19 | 20))] 1
[(!(0 | (1 | ((3 | (4 | (((((9 | (10 | ((((14 | !(15 & 16)) | !13) | !12) | !11))) | !8) | !7) | !6) | !5))) | !2)))) & (!(19 | 20))] 2
[(!((1 | (2 | (((5 | ((7 | (((((12 | (13 | (14 | (15 | 16)))) | !11) | !10) | !9) | !8)) | !6)) | !4) | !3))) | !0)) & (t)] 1
[(!((1 | (2 | (((5 | ((7 | (((((12 | (13 | (14 | (15 | (17 | !16))))) | !11) | !10) | !9) | !8)) | !6)) | !4) | !3))) | !0)) & (!(19 | 20))] 1
[(!((1 | (2 | (((5 | ((7 | (((((12 | (13 | (14 | (15 | !(16 & 17))))) | !11) | !10) | !9) | !8)) | !6)) | !4) | !3))) | !0)) & (!(19 | 20))] 1
[(!((1 | (2 | (((5 | (((((((12 | (13 | (14 | (15 | 16)))) | !11) | !10) | !9) | !8) | !7) | !6)) | !4) | !3))) | !0)) & (t)] 0
[(!((1 | (2 | (((5 | (((((((12 | (13 | (14 | (15 | (17 | !16))))) | !11) | !10) | !9) | !8) | !7) | !6)) | !4) | !3))) | !0)) & (!(19 | 20))] 0
[(!((1 | (2 | (((5 | (((((((12 | (13 | (14 | (15 | !(16 & 17))))) | !11) | !10) | !9) | !8) | !7) | !6)) | !4) | !3))) | !0)) & (!(19 | 20))] 0
[(!((1 | (2 | (3 | (((((8 | (9 | (10 | (11 | ((((15 | 16) | !14) | !13) | !12))))) | !7) | !6) | !5) | !4)))) | !0)) & (t)] 0
[(!((1 | (2 | (3 | (((((8 | (9 | (10 | (11 | ((((15 | (17 | !16)) | !14) | !13) | !12))))) | !7) | !6) | !5) | !4)))) | !0)) & (!(19 | 20))] 1
[(!((1 | (2 | (3 | (((((8 | (9 | (10 | (11 | ((((15 | !(16 & 17)) | !14) | !13) | !12))))) | !7) | !6) | !5) | !4)))) | !0)) & (!(19 | 20))] 0
[(!((1 | (2 | (3 | ((((((9 | (10 | (11 | ((((15 | 16) | !14) | !13) | !12)))) | !8) | !7) | !6) | !5) | !4)))) | !0)) & (t)] 2
[(!((1 | (2 | (3 | ((((((9 | (10 | (11 | ((((15 | (17 | !16)) | !14) | !13) | !12)))) | !8) | !7) | !6) | !5) | !4)))) | !0)) & (!(19 | 20))] 0
[(!((1 | (2 | (3 | ((((((9 | (10 | (11 | ((((15 | !(16 & 17)) | !14) | !13) | !12)))) | !8) | !7) | !6) | !5) | !4)))) | !0)) & (!(19 | 20))] 2
[(!(0 | (1 | ((3 | (4 | (5 | (((8 | (9 | (10 | ((12 | ((14 | (15 | 16)) | !13)) | !11)))) | !7) | !6)))) | !2)))) & (!(19 | 20))] 0
[(!(0 | (1 | ((3 | (4 | (5 | (((8 | (9 | (10 | ((12 | ((14 | (15 | !16)) | !13)) | !11)))) | !7) | !6)))) | !2)))) & (!(19 | 20))] 0
[(!(0 | (1 | (2 | (3 | ((5 | (((8 | (9 | (10 | ((12 | ((14 | (15 | 16)) | !13)) | !11)))) | !7) | !6)) | !4)))))) & (t)] 1
[(!(0 | (1 | (2 | (3 | ((5 | (((8 | (9 | (10 | ((12 | ((14 | (15 | (17 | !16))) | !13)) | !11)))) | !7) | !6)) | !4)))))) & (t)] 1
[(!(0 | (1 | (2 | (3 | ((5 | (((8 | (9 | (10 | ((12 | ((14 | (15 | !(16 & 17))) | !13)) | !11)))) | !7) | !6)) | !4)))))) & (t)] 1
[(!((1 | ((3 | (4 | (5 | (((8 | (9 | (10 | (11 | (12 | ((14 | (15 | 16)) | !13)))))) | !7) | !6)))) | !2)) | !0)) & (!(19 | 20))] 0
[(!((1 | ((3 | (4 | (5 | (((8 | (9 | (10 | (11 | (12 | ((14 | (15 | !16)) | !13)))))) | !7) | !6)))) | !2)) | !0)) & (!(19 | 20))] 0
[(!(((((4 | (5 | (6 | ((8 | (9 | (((12 | ((14 | (15 | 16)) | !13)) | !11) | !10))) | !7)))) | !3) | !2) | !1) | !0)) & (t)] 0
[(!(((((4 | (5 | (6 | ((8 | (9 | (((12 | ((14 | (15 | !16)) | !13)) | !11) | !10))) | !7)))) | !3) | !2) | !1) | !0)) & (t)] 2
[(!((1 | (2 | (3 | ((5 | ((7 | ((9 | (10 | ((12 | (13 | (14 | (15 | 16)))) | !11))) | !8)) | !6)) | !4)))) | !0)) & (t)] 0
[(!((1 | (2 | (3 | ((5 | ((7 | ((9 | (10 | ((12 | (13 | (14 | (15 | (17 | !16))))) | !11))) | !8)) | !6)) | !4)))) | !0)) & (t)] 2
[(!((1 | (2 | (3 | ((5 | ((7 | ((9 | (10 | ((12 | (13 | (14 | (15 | !(16 & 17))))) | !11))) | !8)) | !6)) | !4)))) | !0)) & (t)] 1
[(!((1 | (2 | (3 | ((((((9 | (10 | (((13 | ((15 | 16) | !14)) | !12) | !11))) | !8) | !7) | !6) | !5) | !4)))) | !0)) & (t)] 2
[(!((1 | (2 | (3 | ((((((9 | (10 | (((13 | ((15 | (17 | !16)) | !14)) | !12) | !11))) | !8) | !7) | !6) | !5) | !4)))) | !0)) & (t)] 2
[(!((1 | (2 | (3 | ((((((9 | (10 | (((13 | ((15 | !(16 & 17)) | !14)) | !12) | !11))) | !8) | !7) | !6) | !5) | !4)))) | !0)) & (t)] 1
[(!((1 | (2 | (3 | ((((((9 | (10 | (((((15 | 16) | !14) | !13) | !12) | !11))) | !8) | !7) | !6) | !5) | !4)))) | !0)) & (t)] 0
[(!((1 | (2 | (3 | ((((((9 | (10 | (((((15 | (17 | !16)) | !14) | !13) | !12) | !11))) | !8) | !7) | !6) | !5) | !4)))) | !0)) & (t)] 2
[(!((1 | (2 | (3 | ((((((9 | (10 | (((((15 | !(16 & 17)) | !14) | !13) | !12) | !11))) | !8) | !7) | !6) | !5) | !4)))) | !0)) & (t)] 1
[(!((1 | (2 | (3 | (((((8 | (9 | (10 | (((((15 | 16) | !14) | !13) | !12) | !11)))) | !7) | !6) | !5) | !4)))) | !0)) & (t)] 2
[(!((1 | (2 | (3 | (((((8 | (9 | (10 | (((((15 | (17 | !16)) | !14) | !13) | !12) | !11)))) | !7) | !6) | !5) | !4)))) | !0)) & (t)] 0
[(!((1 | (2 | (3 | (((((8 | (9 | (10 | (((((15 | !(16 & 17)) | !14) | !13) | !12) | !11)))) | !7) | !6) | !5) | !4)))) | !0)) & (t)] 0
[(!((1 | (2 | (((5 | ((((((11 | (12 | ((14 | (15 | 16)) | !13))) | !10) | !9) | !8) | !7) | !6)) | !4) | !3))) | !0)) & (t)] 0
[(!((1 | (2 | (((5 | ((((((11 | (12 | ((14 | (15 | (17 | !16))) | !13))) | !10) | !9) | !8) | !7) | !6)) | !4) | !3))) | !0)) & (!(19 | 20))] 0
[(!((1 | (2 | (((5 | ((((((11 | (12 | ((14 | (15 | !(16 & 17))) | !13))) | !10) | !9) | !8) | !7) | !6)) | !4) | !3))) | !0)) & (!(19 | 20))] 1
[(!((1 | (2 | (((5 | (((((((12 | ((14 | (15 | 16)) | !13)) | !11) | !10) | !9) | !8) | !7) | !6)) | !4) | !3))) | !0)) & (t)] 0
[(!((1 | (2 | (((5 | (((((((12 | ((14 | (15 | (17 | !16))) | !13)) | !11) | !10) | !9) | !8) | !7) | !6)) | !4) | !3))) | !0)) & (!(19 | 20))] 2
[(!((1 | (2 | (((5 | (((((((12 | ((14 | (15 | !(16 & 17))) | !13)) | !11) | !10) | !9) | !8) | !7) | !6)) | !4) | !3))) | !0)) & (!(19 | 20))] 0
[(!((1 | (2 | (3 | ((5 | (((8 | (9 | (10 | (11 | (12 | ((14 | (15 | 16)) | !13)))))) | !7) | !6)) | !4)))) | !0)) & (t)] 0
[(!((1 | (2 | (3 | ((5 | (((8 | (9 | (10 | (11 | (12 | ((14 | (15 | (17 | !16))) | !13)))))) | !7) | !6)) | !4)))) | !0)) & (t)] 2
[(!((1 | (2 | (3 | ((5 | (((8 | (9 | (10 | (11 | (12 | ((14 | (15 | !(16 & 17))) | !13)))))) | !7) | !6)) | !4)))) | !0)) & (t)] 0
[(!((1 | (2 | (((5 | ((7 | (((((12 | ((14 | (15 | 16)) | !13)) | !11) | !10) | !9) | !8)) | !6)) | !4) | !3))) | !0)) & (t)] 2
[(!((1 | (2 | (((5 | ((7 | (((((12 | ((14 | (15 | (17 | !16))) | !13)) | !11) | !10) | !9) | !8)) | !6)) | !4) | !3))) | !0)) & (!(19 | 20))] 2
[(!((1 | (2 | (((5 | ((7 | (((((12 | ((14 | (15 | !(16 & 17))) | !13)) | !11) | !10) | !9) | !8)) | !6)) | !4) | !3))) | !0)) & (!(19 | 20))] 2
[(!((1 | ((3 | (4 | (5 | (6 | ((8 | (9 | (10 | ((12 | ((14 | (15 | 16)) | !13)) | !11)))) | !7))))) | !2)) | !0)) & (t)] 0
[(!((1 | ((3 | (4 | (5 | (6 | ((8 | (9 | (10 | ((12 | ((14 | (15 | !16)) | !13)) | !11)))) | !7))))) | !2)) | !0)) & (t)] 1
[(!((1 | (2 | (3 | ((5 | (6 | ((8 | (9 | (10 | ((12 | ((14 | (15 | 16)) | !13)) | !11)))) | !7))) | !4)))) | !0)) & (t)] 0
[(!((1 | (2 | (3 | ((5 | (6 | ((8 | (9 | (10 | ((12 | ((14 | (15 | (17 | !16))) | !13)) | !11)))) | !7))) | !4)))) | !0)) & (t)] 2
[(!((1 | (2 | (3 | ((5 | (6 | ((8 | (9 | (10 | ((12 | ((14 | (15 | !(16 & 17))) | !13)) | !11)))) | !7))) | !4)))) | !0)) & (t)] 2
[(!((1 | ((3 | (4 | (5 | (((8 | (9 | (10 | ((12 | ((14 | (15 | 16)) | !13)) | !11)))) | !7) | !6)))) | !2)) | !0)) & (!(19 | 20))] 1
[(!((1 | ((3 | (4 | (5 | (((8 | (9 | (10 | ((12 | ((14 | (15 | !16)) | !13)) | !11)))) | !7) | !6)))) | !2)) | !0)) & (!(19 | 20))] 2
[(!((1 | (2 | (3 | ((5 | (((8 | (9 | (10 | ((12 | ((14 | (15 | 16)) | !13)) | !11)))) | !7) | !6)) | !4)))) | !0)) & (t)] 2
[(!((1 | (2 | (3 | ((5 | (((8 | (9 | (10 | ((12 | ((14 | (15 | (17 | !16))) | !13)) | !11)))) | !7) | !6)) | !4)))) | !0)) & (t)] 1
[(!((1 | (2 | (3 | ((5 | (((8 | (9 | (10 | ((12 | ((14 | (15 | !(16 & 17))) | !13)) | !11)))) | !7) | !6)) | !4)))) | !0)) & (t)] 0
[(!((1 | ((3 | (4 | (5 | ((7 | ((9 | (10 | ((12 | ((14 | (15 | 16)) | !13)) | !11))) | !8)) | !6)))) | !2)) | !0)) & (!(19 | 20))] 1
[(!((1 | ((3 | (4 | (5 | ((7 | ((9 | (10 | ((12 | ((14 | (15 | !16)) | !13)) | !11))) | !8)) | !6)))) | !2)) | !0)) & (!(19 | 20))] 1
[(!((1 | (2 | (3 | ((5 | ((7 | ((9 | (10 | ((12 | ((14 | (15 | 16)) | !13)) | !11))) | !8)) | !6)) | !4)))) | !0)) & (t)] 0
[(!((1 | (2 | (3 | ((5 | ((7 | ((9 | (10 | ((12 | ((14 | (15 | (17 | !16))) | !13)) | !11))) | !8)) | !6)) | !4)))) | !0)) & (!(19 | 20))] 2
[(!((1 | (2 | (3 | ((5 | ((7 | ((9 | (10 | ((12 | ((14 | (15 | !(16 & 17))) | !13)) | !11))) | !8)) | !6)) | !4)))) | !0)) & (!(19 | 20))] 2
[(!((1 | (2 | (((5 | (6 | ((((((12 | (13 | (14 | (15 | 16)))) | !11) | !10) | !9) | !8) | !7))) | !4) | !3))) | !0)) & (t)] 0
[(!((1 | (2 | (((5 | (6 | ((((((12 | (13 | (14 | (15 | (17 | !16))))) | !11) | !10) | !9) | !8) | !7))) | !4) | !3))) | !0)) & (t)] 0
[(!((1 | (2 | (((5 | (6 | ((((((12 | (13 | (14 | (15 | !(16 & 17))))) | !11) | !10) | !9) | !8) | !7))) | !4) | !3))) | !0)) & (t)] 1
[(!((1 | (2 | (((5 | (6 | (7 | (((((12 | (13 | (14 | (15 | 16)))) | !11) | !10) | !9) | !8)))) | !4) | !3))) | !0)) & (t)] 2
[(!((1 | (2 | (((5 | (6 | (7 | (((((12 | (13 | (14 | (15 | (17 | !16))))) | !11) | !10) | !9) | !8)))) | !4) | !3))) | !0)) & (t)] 0
[(!((1 | (2 | (((5 | (6 | (7 | (((((12 | (13 | (14 | (15 | !(16 & 17))))) | !11) | !10) | !9) | !8)))) | !4) | !3))) | !0)) & (t)] 2
[(!((1 | (2 | (3 | (((6 | ((8 | (9 | (10 | (((((15 | 16) | !14) | !13) | !12) | !11)))) | !7)) | !5) | !4)))) | !0)) & (t)] 0
[(!((1 | (2 | (3 | (((6 | ((8 | (9 | (10 | (((((15 | (17 | !16)) | !14) | !13) | !12) | !11)))) | !7)) | !5) | !4)))) | !0)) & (t)] 0
[(!((1 | (2 | (3 | (((6 | ((8 | (9 | (10 | (((((15 | !(16 & 17)) | !14) | !13) | !12) | !11)))) | !7)) | !5) | !4)))) | !0)) & (t)] 1
[(!((1 | (2 | (3 | (((6 | (((9 | (10 | (((13 | ((15 | 16) | !14)) | !12) | !11))) | !8) | !7)) | !5) | !4)))) | !0)) & (t)] 0
[(!((1 | (2 | (3 | (((6 | (((9 | (10 | (((13 | ((15 | (17 | !16)) | !14)) | !12) | !11))) | !8) | !7)) | !5) | !4)))) | !0)) & (t)] 1
[(!((1 | (2 | (3 | (((6 | (((9 | (10 | (((13 | ((15 | !(16 & 17)) | !14)) | !12) | !11))) | !8) | !7)) | !5) | !4)))) | !0)) & (t)] 1
[(!((1 | (2 | (3 | (((6 | (((9 | (10 | (((((15 | 16) | !14) | !13) | !12) | !11))) | !8) | !7)) | !5) | !4)))) | !0)) & (t)] 2
[(!((1 | (2 | (3 | (((6 | (((9 | (10 | (((((15 | (17 | !16)) | !14) | !13) | !12) | !11))) | !8) | !7)) | !5) | !4)))) | !0)) & (t)] 0
[(!((1 | (2 | (3 | (((6 | (((9 | (10 | (((((15 | !(16 & 17)) | !14) | !13) | !12) | !11))) | !8) | !7)) | !5) | !4)))) | !0)) & (t)] 2
[(!((1 | (2 | (3 | ((5 | (6 | (7 | ((9 | (10 | ((12 | (13 | (14 | (15 | 16)))) | !11))) | !8)))) | !4)))) | !0)) & (t)] 0
[(!((1 | (2 | (3 | ((5 | (6 | (7 | ((9 | (10 | ((12 | (13 | (14 | (15 | (17 | !16))))) | !11))) | !8)))) | !4)))) | !0)) & (t)] 2
[(!((1 | (2 | (3 | ((5 | (6 | (7 | ((9 | (10 | ((12 | (13 | (14 | (15 | !(16 & 17))))) | !11))) | !8)))) | !4)))) | !0)) & (t)] 1
[(!((1 | ((3 | (4 | (5 | (6 | (((9 | (10 | ((12 | ((14 | (15 | 16)) | !13)) | !11))) | !8) | !7))))) | !2)) | !0)) & (19 & 20)] 1
[(!((1 | ((3 | (4 | (5 | (6 | (((9 | (10 | ((12 | ((14 | (15 | !16)) | !13)) | !11))) | !8) | !7))))) | !2)) | !0)) & (19 & 20)] 2
[(!((1 | (2 | (3 | (((6 | ((8 | (9 | (10 | (11 | ((((15 | (17 | !16)) | !14) | !13) | !12))))) | !7)) | !5) | !4)))) | !0)) & (!(19 | 20))] 0
[(!((1 | (2 | (3 | (((6 | ((8 | (9 | (10 | (11 | ((((15 | !(16 & 17)) | !14) | !13) | !12))))) | !7)) | !5) | !4)))) | !0)) & (!(19 | 20))] 2
[(!((1 | (2 | (3 | (((6 | (((9 | (10 | (11 | ((((15 | (17 | !16)) | !14) | !13) | !12)))) | !8) | !7)) | !5) | !4)))) | !0)) & (!(19 | 20))] 0
[(!((1 | (2 | (3 | (((6 | (((9 | (10 | (11 | ((((15 | !(16 & 17)) | !14) | !13) | !12)))) | !8) | !7)) | !5) | !4)))) | !0)) & (!(19 | 20))] 0
[(!((1 | (2 | (((5 | (6 | (((((11 | (12 | ((14 | (15 | (17 | !16))) | !13))) | !10) | !9) | !8) | !7))) | !4) | !3))) | !0)) & (t)] 2
[(!((1 | (2 | (((5 | (6 | (((((11 | (12 | ((14 | (15 | !(16 & 17))) | !13))) | !10) | !9) | !8) | !7))) | !4) | !3))) | !0)) & (t)] 1
[(!((1 | (2 | (((5 | (6 | ((((((12 | ((14 | (15 | 16)) | !13)) | !11) | !10) | !9) | !8) | !7))) | !4) | !3))) | !0)) & (t)] 2
[(!((1 | (2 | (((5 | (6 | ((((((12 | ((14 | (15 | (17 | !16))) | !13)) | !11) | !10) | !9) | !8) | !7))) | !4) | !3))) | !0)) & (t)] 0
[(!((1 | (2 | (((5 | (6 | ((((((12 | ((14 | (15 | !(16 & 17))) | !13)) | !11) | !10) | !9) | !8) | !7))) | !4) | !3))) | !0)) & (t)] 2
[(!((1 | (2 | (3 | ((5 | (6 | ((8 | (9 | (10 | (11 | (12 | ((14 | (15 | (17 | !16))) | !13)))))) | !7))) | !4)))) | !0)) & (!(19 | 20))] 0
[(!((1 | (2 | (3 | ((5 | (6 | ((8 | (9 | (10 | (11 | (12 | ((14 | (15 | !(16 & 17))) | !13)))))) | !7))) | !4)))) | !0)) & (!(19 | 20))] 2
[(!((1 | (2 | (((5 | (6 | (7 | (((((12 | ((14 | (15 | 16)) | !13)) | !11) | !10) | !9) | !8)))) | !4) | !3))) | !0)) & (t)] 0
[(!((1 | (2 | (((5 | (6 | (7 | (((((12 | ((14 | (15 | (17 | !16))) | !13)) | !11) | !10) | !9) | !8)))) | !4) | !3))) | !0)) & (t)] 1
[(!((1 | (2 | (((5 | (6 | (7 | (((((12 | ((14 | (15 | !(16 & 17))) | !13)) | !11) | !10) | !9) | !8)))) | !4) | !3))) | !0)) & (t)] 0
[(!((1 | ((3 | (4 | (5 | (6 | (7 | ((9 | (10 | ((12 | ((14 | (15 | 16)) | !13)) | !11))) | !8)))))) | !2)) | !0)) & (t)] 2
[(!((1 | ((3 | (4 | (5 | (6 | (7 | ((9 | (10 | ((12 | ((14 | (15 | !16)) | !13)) | !11))) | !8)))))) | !2)) | !0)) & (t)] 0
[(!((1 | (2 | (3 | ((5 | (6 | (7 | ((9 | (10 | ((12 | ((14 | (15 | 16)) | !13)) | !11))) | !8)))) | !4)))) | !0)) & (t)] 0
[(!((1 | (2 | (3 | ((5 | (6 | (7 | ((9 | (10 | ((12 | ((14 | (15 | (17 | !16))) | !13)) | !11))) | !8)))) | !4)))) | !0)) & (!(19 | 20))] 2
[(!((1 | (2 | (3 | ((5 | (6 | (7 | ((9 | (10 | ((12 | ((14 | (15 | !(16 & 17))) | !13)) | !11))) | !8)))) | !4)))) | !0)) & (!(19 | 20))] 1
--END--
Synthesis took:  5568.64333152771 ms
